#Software: Microsoft Internet Information Services 10.0
#Version: 1.0
#Date: 2019-01-15 20:51:29
#Fields: date time s-ip cs-method cs-uri-stem cs-uri-query s-port cs-username c-ip cs(User-Agent) cs(Referer) sc-status sc-substatus sc-win32-status time-taken
2019-01-15 20:51:29 ::1 GET / - 56110 - ::1 Mozilla/5.0+(Windows+NT+10.0;+Win64;+x64)+AppleWebKit/537.36+(KHTML,+like+Gecko)+Chrome/71.0.3578.98+Safari/537.36 - 302 0 0 21313
2019-01-15 20:51:37 ::1 GET /Account/Login ReturnUrl=%2F 56110 - ::1 Mozilla/5.0+(Windows+NT+10.0;+Win64;+x64)+AppleWebKit/537.36+(KHTML,+like+Gecko)+Chrome/71.0.3578.98+Safari/537.36 - 200 0 0 8434
2019-01-15 20:51:37 ::1 GET /content/img/highway.png - 56110 - ::1 Mozilla/5.0+(Windows+NT+10.0;+Win64;+x64)+AppleWebKit/537.36+(KHTML,+like+Gecko)+Chrome/71.0.3578.98+Safari/537.36 http://localhost:56110/Account/Login?ReturnUrl=%2F 200 0 0 47
2019-01-15 20:51:37 ::1 GET /content/img/bst3.png - 56110 - ::1 Mozilla/5.0+(Windows+NT+10.0;+Win64;+x64)+AppleWebKit/537.36+(KHTML,+like+Gecko)+Chrome/71.0.3578.98+Safari/537.36 http://localhost:56110/Account/Login?ReturnUrl=%2F 200 0 0 62
2019-01-15 20:51:37 ::1 GET /scripts/smart-chat v=IZ5lEhh90fTUVIFmSkk1c_frn_O4ZyYewEewS7_43fw1 56110 - ::1 Mozilla/5.0+(Windows+NT+10.0;+Win64;+x64)+AppleWebKit/537.36+(KHTML,+like+Gecko)+Chrome/71.0.3578.98+Safari/537.36 http://localhost:56110/Account/Login?ReturnUrl=%2F 200 0 0 81
2019-01-15 20:51:37 ::1 GET /scripts/speech/voicecommand.min.js - 56110 - ::1 Mozilla/5.0+(Windows+NT+10.0;+Win64;+x64)+AppleWebKit/537.36+(KHTML,+like+Gecko)+Chrome/71.0.3578.98+Safari/537.36 http://localhost:56110/Account/Login?ReturnUrl=%2F 200 0 0 81
2019-01-15 20:51:37 ::1 GET /scripts/smartadmin v=IlXkuE-oHzN__rXdZzA27QcKIq_FknT2kVth0puKyJY1 56110 - ::1 Mozilla/5.0+(Windows+NT+10.0;+Win64;+x64)+AppleWebKit/537.36+(KHTML,+like+Gecko)+Chrome/71.0.3578.98+Safari/537.36 http://localhost:56110/Account/Login?ReturnUrl=%2F 200 0 0 107
2019-01-15 20:51:37 ::1 GET /scripts/weather v=0XbSP0xj9vxkAftTu88VTnLx3j6O3Vn_uYZZVfbcQ_01 56110 - ::1 Mozilla/5.0+(Windows+NT+10.0;+Win64;+x64)+AppleWebKit/537.36+(KHTML,+like+Gecko)+Chrome/71.0.3578.98+Safari/537.36 http://localhost:56110/Account/Login?ReturnUrl=%2F 200 0 0 74
2019-01-15 20:51:37 ::1 GET /scripts/datatables v=TcA0fowGc4iAMjlRlRIHQg6Gwhja8rAcQDKTxgkZrws1 56110 - ::1 Mozilla/5.0+(Windows+NT+10.0;+Win64;+x64)+AppleWebKit/537.36+(KHTML,+like+Gecko)+Chrome/71.0.3578.98+Safari/537.36 http://localhost:56110/Account/Login?ReturnUrl=%2F 200 0 0 74
2019-01-15 20:51:37 ::1 GET /scripts/jq-grid v=L1AX-xnLavbn458ZXeThzE16tCbNkQbEayEkP5xOs6A1 56110 - ::1 Mozilla/5.0+(Windows+NT+10.0;+Win64;+x64)+AppleWebKit/537.36+(KHTML,+like+Gecko)+Chrome/71.0.3578.98+Safari/537.36 http://localhost:56110/Account/Login?ReturnUrl=%2F 200 0 0 110
2019-01-15 20:51:37 ::1 GET /scripts/forms v=tagOowOv9G_o7dXkvkWzD9plfcMgv9nBUvHJYqW2gv01 56110 - ::1 Mozilla/5.0+(Windows+NT+10.0;+Win64;+x64)+AppleWebKit/537.36+(KHTML,+like+Gecko)+Chrome/71.0.3578.98+Safari/537.36 http://localhost:56110/Account/Login?ReturnUrl=%2F 200 0 0 110
2019-01-15 20:51:37 ::1 GET /content/smartadmin v=5bPUgi8512805h2cpLxpvgyFBU4U45livmv6A7o0tfQ1 56110 - ::1 Mozilla/5.0+(Windows+NT+10.0;+Win64;+x64)+AppleWebKit/537.36+(KHTML,+like+Gecko)+Chrome/71.0.3578.98+Safari/537.36 http://localhost:56110/Account/Login?ReturnUrl=%2F 200 0 0 246
2019-01-15 20:51:37 ::1 GET /scripts/vector-map v=j8-En9p1I4BbLDx30_T8UMV1Q2hB6WWJ0X4qxWDWBxw1 56110 - ::1 Mozilla/5.0+(Windows+NT+10.0;+Win64;+x64)+AppleWebKit/537.36+(KHTML,+like+Gecko)+Chrome/71.0.3578.98+Safari/537.36 http://localhost:56110/Account/Login?ReturnUrl=%2F 200 0 0 98
2019-01-15 20:51:37 ::1 GET /scripts/full-calendar v=rEqjV2sUQDaHH0-x-oBzEou5-7ftLbqaDPE9YEAmnrI1 56110 - ::1 Mozilla/5.0+(Windows+NT+10.0;+Win64;+x64)+AppleWebKit/537.36+(KHTML,+like+Gecko)+Chrome/71.0.3578.98+Safari/537.36 http://localhost:56110/Account/Login?ReturnUrl=%2F 200 0 0 123
2019-01-15 20:51:37 ::1 GET /scripts/charts v=BP_c6i3e5tpKGtDLmMDSurKQhSiw4Li9sNuhdH7r3RM1 56110 - ::1 Mozilla/5.0+(Windows+NT+10.0;+Win64;+x64)+AppleWebKit/537.36+(KHTML,+like+Gecko)+Chrome/71.0.3578.98+Safari/537.36 http://localhost:56110/Account/Login?ReturnUrl=%2F 200 0 0 334
2019-01-15 20:51:37 ::1 GET /content/img/mybg.png - 56110 - ::1 Mozilla/5.0+(Windows+NT+10.0;+Win64;+x64)+AppleWebKit/537.36+(KHTML,+like+Gecko)+Chrome/71.0.3578.98+Safari/537.36 http://localhost:56110/content/smartadmin?v=5bPUgi8512805h2cpLxpvgyFBU4U45livmv6A7o0tfQ1 200 0 0 19
2019-01-15 20:51:37 ::1 GET /content/img/gradient/login.png - 56110 - ::1 Mozilla/5.0+(Windows+NT+10.0;+Win64;+x64)+AppleWebKit/537.36+(KHTML,+like+Gecko)+Chrome/71.0.3578.98+Safari/537.36 http://localhost:56110/content/smartadmin?v=5bPUgi8512805h2cpLxpvgyFBU4U45livmv6A7o0tfQ1 200 0 0 24
2019-01-15 20:51:37 ::1 GET /content/fonts/fontawesome-webfont.woff v=4.2.0 56110 - ::1 Mozilla/5.0+(Windows+NT+10.0;+Win64;+x64)+AppleWebKit/537.36+(KHTML,+like+Gecko)+Chrome/71.0.3578.98+Safari/537.36 http://localhost:56110/content/smartadmin?v=5bPUgi8512805h2cpLxpvgyFBU4U45livmv6A7o0tfQ1 200 0 0 44
2019-01-15 20:51:38 ::1 GET /favicon.ico - 56110 - ::1 Mozilla/5.0+(Windows+NT+10.0;+Win64;+x64)+AppleWebKit/537.36+(KHTML,+like+Gecko)+Chrome/71.0.3578.98+Safari/537.36 http://localhost:56110/Account/Login?ReturnUrl=%2F 404 0 2 8
