#Software: Microsoft Internet Information Services 10.0
#Version: 1.0
#Date: 2019-03-13 13:18:39
#Fields: date time s-ip cs-method cs-uri-stem cs-uri-query s-port cs-username c-ip cs(User-Agent) cs(Referer) sc-status sc-substatus sc-win32-status time-taken
2019-03-13 13:18:39 ::1 DEBUG / - 50267 - ::1 - - 200 0 64 10867
2019-03-13 13:18:44 ::1 GET / - 50267 - ::1 Mozilla/5.0+(Windows+NT+10.0;+Win64;+x64)+AppleWebKit/537.36+(KHTML,+like+Gecko)+Chrome/72.0.3626.119+Safari/537.36 - 200 0 0 12374
2019-03-13 13:18:51 ::1 GET /EmployeeTimes - 50267 - ::1 Mozilla/5.0+(Windows+NT+10.0;+Win64;+x64)+AppleWebKit/537.36+(KHTML,+like+Gecko)+Chrome/72.0.3626.119+Safari/537.36 http://localhost:50267/ 200 0 0 1001
2019-03-13 13:19:07 ::1 GET /EmployeeTimes - 50267 - ::1 Mozilla/5.0+(Windows+NT+10.0;+Win64;+x64)+AppleWebKit/537.36+(KHTML,+like+Gecko)+Chrome/72.0.3626.119+Safari/537.36 http://localhost:50267/ 200 0 0 606
2019-03-13 13:19:07 ::1 GET /favicon.ico - 50267 - ::1 Mozilla/5.0+(Windows+NT+10.0;+Win64;+x64)+AppleWebKit/537.36+(KHTML,+like+Gecko)+Chrome/72.0.3626.119+Safari/537.36 http://localhost:50267/EmployeeTimes 200 0 0 40
2019-03-13 13:19:29 ::1 GET /EmployeeTimes/Create - 50267 - ::1 Mozilla/5.0+(Windows+NT+10.0;+Win64;+x64)+AppleWebKit/537.36+(KHTML,+like+Gecko)+Chrome/72.0.3626.119+Safari/537.36 http://localhost:50267/EmployeeTimes 200 0 0 595
2019-03-13 13:19:46 ::1 GET /EmployeeTimes - 50267 - ::1 Mozilla/5.0+(Windows+NT+10.0;+Win64;+x64)+AppleWebKit/537.36+(KHTML,+like+Gecko)+Chrome/72.0.3626.119+Safari/537.36 http://localhost:50267/ 200 0 0 616
2019-03-13 13:20:17 ::1 DEBUG / - 50267 - ::1 - - 200 0 64 10584
2019-03-13 13:20:18 ::1 GET / - 50267 - ::1 Mozilla/5.0+(Windows+NT+10.0;+Win64;+x64)+AppleWebKit/537.36+(KHTML,+like+Gecko)+Chrome/72.0.3626.119+Safari/537.36 - 200 0 0 9452
2019-03-13 13:20:26 ::1 GET /EmployeeTimes - 50267 - ::1 Mozilla/5.0+(Windows+NT+10.0;+Win64;+x64)+AppleWebKit/537.36+(KHTML,+like+Gecko)+Chrome/72.0.3626.119+Safari/537.36 http://localhost:50267/ 200 0 0 2274
2019-03-13 13:21:51 ::1 GET /EmployeeTimes - 50267 - ::1 Mozilla/5.0+(Windows+NT+10.0;+Win64;+x64)+AppleWebKit/537.36+(KHTML,+like+Gecko)+Chrome/72.0.3626.119+Safari/537.36 http://localhost:50267/ 400 0 64 72458
#Software: Microsoft Internet Information Services 10.0
#Version: 1.0
#Date: 2019-03-13 13:23:45
#Fields: date time s-ip cs-method cs-uri-stem cs-uri-query s-port cs-username c-ip cs(User-Agent) cs(Referer) sc-status sc-substatus sc-win32-status time-taken
2019-03-13 13:23:45 ::1 DEBUG / - 50267 - ::1 - - 200 0 64 11206
2019-03-13 13:23:46 ::1 GET / - 50267 - ::1 Mozilla/5.0+(Windows+NT+10.0;+Win64;+x64)+AppleWebKit/537.36+(KHTML,+like+Gecko)+Chrome/72.0.3626.119+Safari/537.36 - 200 0 0 9475
2019-03-13 13:24:48 ::1 GET /EmployeeTimes - 50267 - ::1 Mozilla/5.0+(Windows+NT+10.0;+Win64;+x64)+AppleWebKit/537.36+(KHTML,+like+Gecko)+Chrome/72.0.3626.119+Safari/537.36 http://localhost:50267/ 400 0 64 56503
2019-03-13 13:24:48 ::1 GET /EmployeeTimes - 50267 - ::1 Mozilla/5.0+(Windows+NT+10.0;+Win64;+x64)+AppleWebKit/537.36+(KHTML,+like+Gecko)+Chrome/72.0.3626.119+Safari/537.36 http://localhost:50267/ 200 0 0 12444
2019-03-13 13:25:27 ::1 GET /EmployeeTimes CustomerName=&ProjectName=&UserName=&StartDate=2019-03-01&EndDate=2019-03-13 50267 - ::1 Mozilla/5.0+(Windows+NT+10.0;+Win64;+x64)+AppleWebKit/537.36+(KHTML,+like+Gecko)+Chrome/72.0.3626.119+Safari/537.36 http://localhost:50267/EmployeeTimes 200 0 0 646
2019-03-13 13:33:22 ::1 GET /EmployeeTimes/Create - 50267 - ::1 Mozilla/5.0+(Windows+NT+10.0;+Win64;+x64)+AppleWebKit/537.36+(KHTML,+like+Gecko)+Chrome/72.0.3626.119+Safari/537.36 http://localhost:50267/EmployeeTimes?CustomerName=&ProjectName=&UserName=&StartDate=2019-03-01&EndDate=2019-03-13 200 0 0 948
2019-03-13 13:33:26 ::1 POST /Identity/Account/Logout returnUrl=%2F 50267 - ::1 Mozilla/5.0+(Windows+NT+10.0;+Win64;+x64)+AppleWebKit/537.36+(KHTML,+like+Gecko)+Chrome/72.0.3626.119+Safari/537.36 http://localhost:50267/EmployeeTimes/Create 302 0 0 118
2019-03-13 13:33:26 ::1 GET / - 50267 - ::1 Mozilla/5.0+(Windows+NT+10.0;+Win64;+x64)+AppleWebKit/537.36+(KHTML,+like+Gecko)+Chrome/72.0.3626.119+Safari/537.36 http://localhost:50267/EmployeeTimes/Create 302 0 0 42
2019-03-13 13:33:26 ::1 GET /Identity/Account/Login ReturnUrl=%2F 50267 - ::1 Mozilla/5.0+(Windows+NT+10.0;+Win64;+x64)+AppleWebKit/537.36+(KHTML,+like+Gecko)+Chrome/72.0.3626.119+Safari/537.36 http://localhost:50267/EmployeeTimes/Create 200 0 0 126
2019-03-13 13:33:37 ::1 POST /Identity/Account/Login ReturnUrl=%2F 50267 - ::1 Mozilla/5.0+(Windows+NT+10.0;+Win64;+x64)+AppleWebKit/537.36+(KHTML,+like+Gecko)+Chrome/72.0.3626.119+Safari/537.36 http://localhost:50267/Identity/Account/Login?ReturnUrl=%2F 200 0 0 1135
2019-03-13 13:33:41 ::1 GET /Identity/Account/ForgotPassword - 50267 - ::1 Mozilla/5.0+(Windows+NT+10.0;+Win64;+x64)+AppleWebKit/537.36+(KHTML,+like+Gecko)+Chrome/72.0.3626.119+Safari/537.36 http://localhost:50267/Identity/Account/Login?ReturnUrl=%2F 200 0 0 70
2019-03-13 13:33:44 ::1 POST /Identity/Account/ForgotPassword - 50267 - ::1 Mozilla/5.0+(Windows+NT+10.0;+Win64;+x64)+AppleWebKit/537.36+(KHTML,+like+Gecko)+Chrome/72.0.3626.119+Safari/537.36 http://localhost:50267/Identity/Account/ForgotPassword 302 0 0 248
2019-03-13 13:33:44 ::1 GET /Identity/Account/ForgotPasswordConfirmation - 50267 - ::1 Mozilla/5.0+(Windows+NT+10.0;+Win64;+x64)+AppleWebKit/537.36+(KHTML,+like+Gecko)+Chrome/72.0.3626.119+Safari/537.36 http://localhost:50267/Identity/Account/ForgotPassword 200 0 0 50
2019-03-13 13:34:05 ::1 GET /Identity/Account/Login - 50267 - ::1 Mozilla/5.0+(Windows+NT+10.0;+Win64;+x64)+AppleWebKit/537.36+(KHTML,+like+Gecko)+Chrome/72.0.3626.119+Safari/537.36 http://localhost:50267/Identity/Account/ForgotPasswordConfirmation 200 0 0 36
2019-03-13 13:34:25 ::1 POST /Identity/Account/Login - 50267 - ::1 Mozilla/5.0+(Windows+NT+10.0;+Win64;+x64)+AppleWebKit/537.36+(KHTML,+like+Gecko)+Chrome/72.0.3626.119+Safari/537.36 http://localhost:50267/Identity/Account/Login 200 0 0 750
2019-03-13 13:34:39 ::1 POST /Identity/Account/Login - 50267 - ::1 Mozilla/5.0+(Windows+NT+10.0;+Win64;+x64)+AppleWebKit/537.36+(KHTML,+like+Gecko)+Chrome/72.0.3626.119+Safari/537.36 http://localhost:50267/Identity/Account/Login 302 0 0 996
2019-03-13 13:34:39 ::1 GET /Identity/Account/Lockout - 50267 - ::1 Mozilla/5.0+(Windows+NT+10.0;+Win64;+x64)+AppleWebKit/537.36+(KHTML,+like+Gecko)+Chrome/72.0.3626.119+Safari/537.36 http://localhost:50267/Identity/Account/Login 200 0 0 30
2019-03-13 13:34:42 ::1 GET /Identity/Account/Login - 50267 - ::1 Mozilla/5.0+(Windows+NT+10.0;+Win64;+x64)+AppleWebKit/537.36+(KHTML,+like+Gecko)+Chrome/72.0.3626.119+Safari/537.36 http://localhost:50267/Identity/Account/Lockout 200 0 0 32
2019-03-13 13:34:50 ::1 POST /Identity/Account/Login - 50267 - ::1 Mozilla/5.0+(Windows+NT+10.0;+Win64;+x64)+AppleWebKit/537.36+(KHTML,+like+Gecko)+Chrome/72.0.3626.119+Safari/537.36 http://localhost:50267/Identity/Account/Login 302 0 0 1127
2019-03-13 13:34:50 ::1 GET / - 50267 - ::1 Mozilla/5.0+(Windows+NT+10.0;+Win64;+x64)+AppleWebKit/537.36+(KHTML,+like+Gecko)+Chrome/72.0.3626.119+Safari/537.36 http://localhost:50267/Identity/Account/Login 200 0 0 75
2019-03-13 13:34:54 ::1 GET /Admin - 50267 - ::1 Mozilla/5.0+(Windows+NT+10.0;+Win64;+x64)+AppleWebKit/537.36+(KHTML,+like+Gecko)+Chrome/72.0.3626.119+Safari/537.36 http://localhost:50267/ 200 0 0 348
2019-03-13 13:35:04 ::1 GET /Admin/Edit/36ac1b0d-5fca-47d0-8080-514354b456f0 - 50267 - ::1 Mozilla/5.0+(Windows+NT+10.0;+Win64;+x64)+AppleWebKit/537.36+(KHTML,+like+Gecko)+Chrome/72.0.3626.119+Safari/537.36 http://localhost:50267/Admin 200 0 0 334
2019-03-13 13:35:06 ::1 GET /Admin - 50267 - ::1 Mozilla/5.0+(Windows+NT+10.0;+Win64;+x64)+AppleWebKit/537.36+(KHTML,+like+Gecko)+Chrome/72.0.3626.119+Safari/537.36 http://localhost:50267/ 200 0 0 233
2019-03-13 13:35:20 ::1 GET /Roles - 50267 - ::1 Mozilla/5.0+(Windows+NT+10.0;+Win64;+x64)+AppleWebKit/537.36+(KHTML,+like+Gecko)+Chrome/72.0.3626.119+Safari/537.36 http://localhost:50267/Admin 200 0 0 1477
2019-03-13 13:35:36 ::1 GET /Identity/Account/Manage - 50267 - ::1 Mozilla/5.0+(Windows+NT+10.0;+Win64;+x64)+AppleWebKit/537.36+(KHTML,+like+Gecko)+Chrome/72.0.3626.119+Safari/537.36 http://localhost:50267/Roles 200 0 0 394
2019-03-13 13:35:47 ::1 GET / - 50267 - ::1 Mozilla/5.0+(Windows+NT+10.0;+Win64;+x64)+AppleWebKit/537.36+(KHTML,+like+Gecko)+Chrome/72.0.3626.119+Safari/537.36 http://localhost:50267/Identity/Account/Manage 200 0 0 51
#Software: Microsoft Internet Information Services 10.0
#Version: 1.0
#Date: 2019-03-13 13:52:22
#Fields: date time s-ip cs-method cs-uri-stem cs-uri-query s-port cs-username c-ip cs(User-Agent) cs(Referer) sc-status sc-substatus sc-win32-status time-taken
2019-03-13 13:52:22 ::1 POST /Identity/Account/Logout returnUrl=%2F 50267 - ::1 Mozilla/5.0+(Windows+NT+10.0;+Win64;+x64)+AppleWebKit/537.36+(KHTML,+like+Gecko)+Chrome/72.0.3626.119+Safari/537.36 http://localhost:50267/ 302 0 0 112
2019-03-13 13:52:22 ::1 GET / - 50267 - ::1 Mozilla/5.0+(Windows+NT+10.0;+Win64;+x64)+AppleWebKit/537.36+(KHTML,+like+Gecko)+Chrome/72.0.3626.119+Safari/537.36 http://localhost:50267/ 302 0 0 27
2019-03-13 13:52:22 ::1 GET /Identity/Account/Login ReturnUrl=%2F 50267 - ::1 Mozilla/5.0+(Windows+NT+10.0;+Win64;+x64)+AppleWebKit/537.36+(KHTML,+like+Gecko)+Chrome/72.0.3626.119+Safari/537.36 http://localhost:50267/ 200 0 0 32
2019-03-13 13:52:33 ::1 POST /Identity/Account/Login ReturnUrl=%2F 50267 - ::1 Mozilla/5.0+(Windows+NT+10.0;+Win64;+x64)+AppleWebKit/537.36+(KHTML,+like+Gecko)+Chrome/72.0.3626.119+Safari/537.36 http://localhost:50267/Identity/Account/Login?ReturnUrl=%2F 200 0 0 1035
#Software: Microsoft Internet Information Services 10.0
#Version: 1.0
#Date: 2019-03-13 14:20:35
#Fields: date time s-ip cs-method cs-uri-stem cs-uri-query s-port cs-username c-ip cs(User-Agent) cs(Referer) sc-status sc-substatus sc-win32-status time-taken
2019-03-13 14:20:35 ::1 DEBUG / - 50267 - ::1 - - 200 0 64 9865
2019-03-13 14:20:35 ::1 GET / - 50267 - ::1 Mozilla/5.0+(Windows+NT+10.0;+Win64;+x64)+AppleWebKit/537.36+(KHTML,+like+Gecko)+Chrome/72.0.3626.119+Safari/537.36 - 302 0 0 7581
2019-03-13 14:20:37 ::1 GET /Identity/Account/Login ReturnUrl=%2F 50267 - ::1 Mozilla/5.0+(Windows+NT+10.0;+Win64;+x64)+AppleWebKit/537.36+(KHTML,+like+Gecko)+Chrome/72.0.3626.119+Safari/537.36 - 200 0 0 998
2019-03-13 14:20:42 ::1 GET /Identity/Account/Login - 50267 - ::1 Mozilla/5.0+(Windows+NT+10.0;+Win64;+x64)+AppleWebKit/537.36+(KHTML,+like+Gecko)+Chrome/72.0.3626.119+Safari/537.36 http://localhost:50267/Identity/Account/Login?ReturnUrl=%2F 200 0 0 51
2019-03-13 14:20:52 ::1 POST /Identity/Account/Login - 50267 - ::1 Mozilla/5.0+(Windows+NT+10.0;+Win64;+x64)+AppleWebKit/537.36+(KHTML,+like+Gecko)+Chrome/72.0.3626.119+Safari/537.36 http://localhost:50267/Identity/Account/Login 200 0 0 2607
2019-03-13 14:21:00 ::1 POST /Identity/Account/Login - 50267 - ::1 Mozilla/5.0+(Windows+NT+10.0;+Win64;+x64)+AppleWebKit/537.36+(KHTML,+like+Gecko)+Chrome/72.0.3626.119+Safari/537.36 http://localhost:50267/Identity/Account/Login 302 0 0 1673
2019-03-13 14:21:00 ::1 GET / - 50267 - ::1 Mozilla/5.0+(Windows+NT+10.0;+Win64;+x64)+AppleWebKit/537.36+(KHTML,+like+Gecko)+Chrome/72.0.3626.119+Safari/537.36 http://localhost:50267/Identity/Account/Login 200 0 0 94
#Software: Microsoft Internet Information Services 10.0
#Version: 1.0
#Date: 2019-03-13 14:36:58
#Fields: date time s-ip cs-method cs-uri-stem cs-uri-query s-port cs-username c-ip cs(User-Agent) cs(Referer) sc-status sc-substatus sc-win32-status time-taken
2019-03-13 14:36:58 ::1 GET /EmployeeTimes - 50267 - ::1 Mozilla/5.0+(Windows+NT+10.0;+Win64;+x64)+AppleWebKit/537.36+(KHTML,+like+Gecko)+Chrome/72.0.3626.119+Safari/537.36 http://localhost:50267/ 200 0 0 1321
2019-03-13 14:37:03 ::1 GET /Roles - 50267 - ::1 Mozilla/5.0+(Windows+NT+10.0;+Win64;+x64)+AppleWebKit/537.36+(KHTML,+like+Gecko)+Chrome/72.0.3626.119+Safari/537.36 http://localhost:50267/EmployeeTimes 400 0 64 1577
2019-03-13 14:37:03 ::1 GET /ErrorTrackers - 50267 - ::1 Mozilla/5.0+(Windows+NT+10.0;+Win64;+x64)+AppleWebKit/537.36+(KHTML,+like+Gecko)+Chrome/72.0.3626.119+Safari/537.36 http://localhost:50267/EmployeeTimes 200 0 0 758
2019-03-13 14:37:34 ::1 GET /ErrorTrackers/Create - 50267 - ::1 Mozilla/5.0+(Windows+NT+10.0;+Win64;+x64)+AppleWebKit/537.36+(KHTML,+like+Gecko)+Chrome/72.0.3626.119+Safari/537.36 http://localhost:50267/ErrorTrackers 200 0 0 983
2019-03-13 14:37:43 ::1 GET /EmployeeTimes/GetProjects CustomersID=18 50267 - ::1 Mozilla/5.0+(Windows+NT+10.0;+Win64;+x64)+AppleWebKit/537.36+(KHTML,+like+Gecko)+Chrome/72.0.3626.119+Safari/537.36 http://localhost:50267/ErrorTrackers/Create 200 0 0 343
2019-03-13 14:37:51 ::1 GET /ErrorTrackers - 50267 - ::1 Mozilla/5.0+(Windows+NT+10.0;+Win64;+x64)+AppleWebKit/537.36+(KHTML,+like+Gecko)+Chrome/72.0.3626.119+Safari/537.36 http://localhost:50267/EmployeeTimes 200 0 0 302
2019-03-13 14:38:38 ::1 GET /ErrorTrackers - 50267 - ::1 Mozilla/5.0+(Windows+NT+10.0;+Win64;+x64)+AppleWebKit/537.36+(KHTML,+like+Gecko)+Chrome/72.0.3626.119+Safari/537.36 http://localhost:50267/EmployeeTimes 200 0 0 2934
2019-03-13 14:38:38 ::1 GET /favicon.ico - 50267 - ::1 Mozilla/5.0+(Windows+NT+10.0;+Win64;+x64)+AppleWebKit/537.36+(KHTML,+like+Gecko)+Chrome/72.0.3626.119+Safari/537.36 http://localhost:50267/ErrorTrackers 200 0 0 32
2019-03-13 14:38:41 ::1 GET /ErrorTrackers/Index showAll=NO 50267 - ::1 Mozilla/5.0+(Windows+NT+10.0;+Win64;+x64)+AppleWebKit/537.36+(KHTML,+like+Gecko)+Chrome/72.0.3626.119+Safari/537.36 http://localhost:50267/ErrorTrackers 200 0 0 263
2019-03-13 14:38:43 ::1 GET /ErrorTrackers/Index showAll=YES 50267 - ::1 Mozilla/5.0+(Windows+NT+10.0;+Win64;+x64)+AppleWebKit/537.36+(KHTML,+like+Gecko)+Chrome/72.0.3626.119+Safari/537.36 http://localhost:50267/ErrorTrackers/Index?showAll=NO 200 0 0 296
2019-03-13 14:38:44 ::1 GET /ErrorTrackers/Index showAll=NO 50267 - ::1 Mozilla/5.0+(Windows+NT+10.0;+Win64;+x64)+AppleWebKit/537.36+(KHTML,+like+Gecko)+Chrome/72.0.3626.119+Safari/537.36 http://localhost:50267/ErrorTrackers/Index?showAll=YES 200 0 0 331
2019-03-13 14:38:57 ::1 GET /FixErrors/Create/33 - 50267 - ::1 Mozilla/5.0+(Windows+NT+10.0;+Win64;+x64)+AppleWebKit/537.36+(KHTML,+like+Gecko)+Chrome/72.0.3626.119+Safari/537.36 http://localhost:50267/ErrorTrackers/Index?showAll=NO 200 0 0 942
2019-03-13 14:39:04 ::1 GET /ErrorTrackers/Index showAll=NO 50267 - ::1 Mozilla/5.0+(Windows+NT+10.0;+Win64;+x64)+AppleWebKit/537.36+(KHTML,+like+Gecko)+Chrome/72.0.3626.119+Safari/537.36 http://localhost:50267/ErrorTrackers/Index?showAll=YES 200 0 0 281
2019-03-13 14:39:08 ::1 GET /FixErrors/Create/33 - 50267 - ::1 Mozilla/5.0+(Windows+NT+10.0;+Win64;+x64)+AppleWebKit/537.36+(KHTML,+like+Gecko)+Chrome/72.0.3626.119+Safari/537.36 http://localhost:50267/ErrorTrackers/Index?showAll=NO 200 0 0 788
2019-03-13 14:39:14 ::1 POST /FixErrors/Create/33 - 50267 - ::1 Mozilla/5.0+(Windows+NT+10.0;+Win64;+x64)+AppleWebKit/537.36+(KHTML,+like+Gecko)+Chrome/72.0.3626.119+Safari/537.36 http://localhost:50267/FixErrors/Create/33 302 0 0 76
2019-03-13 14:39:14 ::1 GET /FixErrors - 50267 - ::1 Mozilla/5.0+(Windows+NT+10.0;+Win64;+x64)+AppleWebKit/537.36+(KHTML,+like+Gecko)+Chrome/72.0.3626.119+Safari/537.36 http://localhost:50267/FixErrors/Create/33 200 0 0 327
2019-03-13 14:39:18 ::1 GET /FixErrors/Create/33 - 50267 - ::1 Mozilla/5.0+(Windows+NT+10.0;+Win64;+x64)+AppleWebKit/537.36+(KHTML,+like+Gecko)+Chrome/72.0.3626.119+Safari/537.36 http://localhost:50267/ErrorTrackers/Index?showAll=NO 200 0 0 823
2019-03-13 14:39:23 ::1 GET /ErrorTrackers/Index showAll=NO 50267 - ::1 Mozilla/5.0+(Windows+NT+10.0;+Win64;+x64)+AppleWebKit/537.36+(KHTML,+like+Gecko)+Chrome/72.0.3626.119+Safari/537.36 http://localhost:50267/FixErrors/Create/33 200 0 0 286
2019-03-13 14:39:51 ::1 GET /FixErrors/Create/33 - 50267 - ::1 Mozilla/5.0+(Windows+NT+10.0;+Win64;+x64)+AppleWebKit/537.36+(KHTML,+like+Gecko)+Chrome/72.0.3626.119+Safari/537.36 http://localhost:50267/ErrorTrackers/Index?showAll=NO 200 0 0 882
2019-03-13 14:40:02 ::1 POST /FixErrors/Create/33 - 50267 - ::1 Mozilla/5.0+(Windows+NT+10.0;+Win64;+x64)+AppleWebKit/537.36+(KHTML,+like+Gecko)+Chrome/72.0.3626.119+Safari/537.36 http://localhost:50267/FixErrors/Create/33 302 0 0 476
2019-03-13 14:40:02 ::1 GET /FixErrors/Index/1 - 50267 - ::1 Mozilla/5.0+(Windows+NT+10.0;+Win64;+x64)+AppleWebKit/537.36+(KHTML,+like+Gecko)+Chrome/72.0.3626.119+Safari/537.36 http://localhost:50267/FixErrors/Create/33 200 0 0 262
2019-03-13 14:40:15 ::1 GET /ErrorTrackers - 50267 - ::1 Mozilla/5.0+(Windows+NT+10.0;+Win64;+x64)+AppleWebKit/537.36+(KHTML,+like+Gecko)+Chrome/72.0.3626.119+Safari/537.36 http://localhost:50267/FixErrors/Index/1 200 0 0 321
2019-03-13 14:43:42 ::1 GET /FixErrors/Create/33 - 50267 - ::1 Mozilla/5.0+(Windows+NT+10.0;+Win64;+x64)+AppleWebKit/537.36+(KHTML,+like+Gecko)+Chrome/72.0.3626.119+Safari/537.36 http://localhost:50267/ErrorTrackers 200 0 0 840
2019-03-13 14:44:51 ::1 GET /FixErrors/Create/33 - 50267 - ::1 Mozilla/5.0+(Windows+NT+10.0;+Win64;+x64)+AppleWebKit/537.36+(KHTML,+like+Gecko)+Chrome/72.0.3626.119+Safari/537.36 http://localhost:50267/ErrorTrackers 200 0 0 1410
2019-03-13 14:44:51 ::1 GET /favicon.ico - 50267 - ::1 Mozilla/5.0+(Windows+NT+10.0;+Win64;+x64)+AppleWebKit/537.36+(KHTML,+like+Gecko)+Chrome/72.0.3626.119+Safari/537.36 http://localhost:50267/FixErrors/Create/33 200 0 0 25
2019-03-13 14:45:07 ::1 POST /FixErrors/Create/33 - 50267 - ::1 Mozilla/5.0+(Windows+NT+10.0;+Win64;+x64)+AppleWebKit/537.36+(KHTML,+like+Gecko)+Chrome/72.0.3626.119+Safari/537.36 http://localhost:50267/FixErrors/Create/33 302 0 0 383
2019-03-13 14:45:07 ::1 GET /FixErrors/Index/0 - 50267 - ::1 Mozilla/5.0+(Windows+NT+10.0;+Win64;+x64)+AppleWebKit/537.36+(KHTML,+like+Gecko)+Chrome/72.0.3626.119+Safari/537.36 http://localhost:50267/FixErrors/Create/33 200 0 0 270
2019-03-13 14:45:12 ::1 GET /ErrorTrackers - 50267 - ::1 Mozilla/5.0+(Windows+NT+10.0;+Win64;+x64)+AppleWebKit/537.36+(KHTML,+like+Gecko)+Chrome/72.0.3626.119+Safari/537.36 http://localhost:50267/FixErrors/Index/0 200 0 0 299
2019-03-13 14:45:14 ::1 GET /FixErrors/Create/34 - 50267 - ::1 Mozilla/5.0+(Windows+NT+10.0;+Win64;+x64)+AppleWebKit/537.36+(KHTML,+like+Gecko)+Chrome/72.0.3626.119+Safari/537.36 http://localhost:50267/ErrorTrackers 200 0 0 796
2019-03-13 14:45:42 ::1 GET /FixErrors/Create/34 - 50267 - ::1 Mozilla/5.0+(Windows+NT+10.0;+Win64;+x64)+AppleWebKit/537.36+(KHTML,+like+Gecko)+Chrome/72.0.3626.119+Safari/537.36 http://localhost:50267/ErrorTrackers 200 0 0 1393
2019-03-13 14:45:42 ::1 GET /favicon.ico - 50267 - ::1 Mozilla/5.0+(Windows+NT+10.0;+Win64;+x64)+AppleWebKit/537.36+(KHTML,+like+Gecko)+Chrome/72.0.3626.119+Safari/537.36 http://localhost:50267/FixErrors/Create/34 200 0 0 40
2019-03-13 14:46:28 ::1 GET /FixErrors/Create/34 - 50267 - ::1 Mozilla/5.0+(Windows+NT+10.0;+Win64;+x64)+AppleWebKit/537.36+(KHTML,+like+Gecko)+Chrome/72.0.3626.119+Safari/537.36 http://localhost:50267/ErrorTrackers 200 0 0 3010
2019-03-13 14:46:28 ::1 GET /favicon.ico - 50267 - ::1 Mozilla/5.0+(Windows+NT+10.0;+Win64;+x64)+AppleWebKit/537.36+(KHTML,+like+Gecko)+Chrome/72.0.3626.119+Safari/537.36 http://localhost:50267/FixErrors/Create/34 200 0 0 88
2019-03-13 14:47:46 ::1 GET /FixErrors/Create/34 - 50267 - ::1 Mozilla/5.0+(Windows+NT+10.0;+Win64;+x64)+AppleWebKit/537.36+(KHTML,+like+Gecko)+Chrome/72.0.3626.119+Safari/537.36 http://localhost:50267/ErrorTrackers 200 0 0 1452
2019-03-13 14:47:46 ::1 GET /favicon.ico - 50267 - ::1 Mozilla/5.0+(Windows+NT+10.0;+Win64;+x64)+AppleWebKit/537.36+(KHTML,+like+Gecko)+Chrome/72.0.3626.119+Safari/537.36 http://localhost:50267/FixErrors/Create/34 200 0 0 64
2019-03-13 14:48:02 ::1 GET /FixErrors/Create/34 - 50267 - ::1 Mozilla/5.0+(Windows+NT+10.0;+Win64;+x64)+AppleWebKit/537.36+(KHTML,+like+Gecko)+Chrome/72.0.3626.119+Safari/537.36 http://localhost:50267/ErrorTrackers 200 0 0 1370
2019-03-13 14:48:02 ::1 GET /favicon.ico - 50267 - ::1 Mozilla/5.0+(Windows+NT+10.0;+Win64;+x64)+AppleWebKit/537.36+(KHTML,+like+Gecko)+Chrome/72.0.3626.119+Safari/537.36 http://localhost:50267/FixErrors/Create/34 200 0 0 21
2019-03-13 14:48:18 ::1 GET /FixErrors/Create/34 - 50267 - ::1 Mozilla/5.0+(Windows+NT+10.0;+Win64;+x64)+AppleWebKit/537.36+(KHTML,+like+Gecko)+Chrome/72.0.3626.119+Safari/537.36 http://localhost:50267/ErrorTrackers 500 0 0 1108
2019-03-13 14:48:18 ::1 GET /favicon.ico - 50267 - ::1 Mozilla/5.0+(Windows+NT+10.0;+Win64;+x64)+AppleWebKit/537.36+(KHTML,+like+Gecko)+Chrome/72.0.3626.119+Safari/537.36 http://localhost:50267/FixErrors/Create/34 200 0 0 19
2019-03-13 14:48:20 ::1 GET /ErrorTrackers - 50267 - ::1 Mozilla/5.0+(Windows+NT+10.0;+Win64;+x64)+AppleWebKit/537.36+(KHTML,+like+Gecko)+Chrome/72.0.3626.119+Safari/537.36 http://localhost:50267/FixErrors/Index/0 200 0 0 257
2019-03-13 14:48:30 ::1 GET /FixErrors/Create/33 - 50267 - ::1 Mozilla/5.0+(Windows+NT+10.0;+Win64;+x64)+AppleWebKit/537.36+(KHTML,+like+Gecko)+Chrome/72.0.3626.119+Safari/537.36 http://localhost:50267/ErrorTrackers 500 0 0 830
2019-03-13 14:48:44 ::1 GET /ErrorTrackers - 50267 - ::1 Mozilla/5.0+(Windows+NT+10.0;+Win64;+x64)+AppleWebKit/537.36+(KHTML,+like+Gecko)+Chrome/72.0.3626.119+Safari/537.36 http://localhost:50267/FixErrors/Index/0 200 0 0 370
2019-03-13 14:48:47 ::1 GET /FixErrors/Create/33 - 50267 - ::1 Mozilla/5.0+(Windows+NT+10.0;+Win64;+x64)+AppleWebKit/537.36+(KHTML,+like+Gecko)+Chrome/72.0.3626.119+Safari/537.36 http://localhost:50267/ErrorTrackers 200 0 0 1240
#Software: Microsoft Internet Information Services 10.0
#Version: 1.0
#Date: 2019-03-13 14:51:36
#Fields: date time s-ip cs-method cs-uri-stem cs-uri-query s-port cs-username c-ip cs(User-Agent) cs(Referer) sc-status sc-substatus sc-win32-status time-taken
2019-03-13 14:51:36 ::1 DEBUG / - 50267 - ::1 - - 200 0 64 9705
2019-03-13 14:51:40 ::1 GET / - 50267 - ::1 Mozilla/5.0+(Windows+NT+10.0;+Win64;+x64)+AppleWebKit/537.36+(KHTML,+like+Gecko)+Chrome/72.0.3626.119+Safari/537.36 - 200 0 0 10952
2019-03-13 14:52:07 ::1 GET /ErrorTrackers - 50267 - ::1 Mozilla/5.0+(Windows+NT+10.0;+Win64;+x64)+AppleWebKit/537.36+(KHTML,+like+Gecko)+Chrome/72.0.3626.119+Safari/537.36 http://localhost:50267/ 200 0 0 686
2019-03-13 14:52:12 ::1 GET /FixErrors/Create/33 - 50267 - ::1 Mozilla/5.0+(Windows+NT+10.0;+Win64;+x64)+AppleWebKit/537.36+(KHTML,+like+Gecko)+Chrome/72.0.3626.119+Safari/537.36 http://localhost:50267/ErrorTrackers 200 0 0 932
2019-03-13 14:52:34 ::1 GET /FixErrors/Create/33 - 50267 - ::1 Mozilla/5.0+(Windows+NT+10.0;+Win64;+x64)+AppleWebKit/537.36+(KHTML,+like+Gecko)+Chrome/72.0.3626.119+Safari/537.36 http://localhost:50267/ErrorTrackers 200 0 0 3271
2019-03-13 14:52:34 ::1 GET /favicon.ico - 50267 - ::1 Mozilla/5.0+(Windows+NT+10.0;+Win64;+x64)+AppleWebKit/537.36+(KHTML,+like+Gecko)+Chrome/72.0.3626.119+Safari/537.36 http://localhost:50267/FixErrors/Create/33 200 0 0 57
2019-03-13 14:55:04 ::1 GET /FixErrors/Create/33 - 50267 - ::1 Mozilla/5.0+(Windows+NT+10.0;+Win64;+x64)+AppleWebKit/537.36+(KHTML,+like+Gecko)+Chrome/72.0.3626.119+Safari/537.36 http://localhost:50267/ErrorTrackers 500 0 0 1109
2019-03-13 14:55:04 ::1 GET /favicon.ico - 50267 - ::1 Mozilla/5.0+(Windows+NT+10.0;+Win64;+x64)+AppleWebKit/537.36+(KHTML,+like+Gecko)+Chrome/72.0.3626.119+Safari/537.36 http://localhost:50267/FixErrors/Create/33 200 0 0 25
2019-03-13 14:55:17 ::1 GET /FixErrors/Create/33 - 50267 - ::1 Mozilla/5.0+(Windows+NT+10.0;+Win64;+x64)+AppleWebKit/537.36+(KHTML,+like+Gecko)+Chrome/72.0.3626.119+Safari/537.36 http://localhost:50267/ErrorTrackers 500 0 0 872
2019-03-13 14:55:17 ::1 GET /favicon.ico - 50267 - ::1 Mozilla/5.0+(Windows+NT+10.0;+Win64;+x64)+AppleWebKit/537.36+(KHTML,+like+Gecko)+Chrome/72.0.3626.119+Safari/537.36 http://localhost:50267/FixErrors/Create/33 200 0 0 50
2019-03-13 14:55:18 ::1 GET /ErrorTrackers - 50267 - ::1 Mozilla/5.0+(Windows+NT+10.0;+Win64;+x64)+AppleWebKit/537.36+(KHTML,+like+Gecko)+Chrome/72.0.3626.119+Safari/537.36 http://localhost:50267/ 200 0 0 254
2019-03-13 14:55:20 ::1 GET /FixErrors/Create/33 - 50267 - ::1 Mozilla/5.0+(Windows+NT+10.0;+Win64;+x64)+AppleWebKit/537.36+(KHTML,+like+Gecko)+Chrome/72.0.3626.119+Safari/537.36 http://localhost:50267/ErrorTrackers 500 0 0 387
2019-03-13 14:55:35 ::1 GET /FixErrors/Create/33 - 50267 - ::1 Mozilla/5.0+(Windows+NT+10.0;+Win64;+x64)+AppleWebKit/537.36+(KHTML,+like+Gecko)+Chrome/72.0.3626.119+Safari/537.36 http://localhost:50267/ErrorTrackers 200 0 0 1396
2019-03-13 14:55:35 ::1 GET /favicon.ico - 50267 - ::1 Mozilla/5.0+(Windows+NT+10.0;+Win64;+x64)+AppleWebKit/537.36+(KHTML,+like+Gecko)+Chrome/72.0.3626.119+Safari/537.36 http://localhost:50267/FixErrors/Create/33 200 0 0 32
2019-03-13 14:55:55 ::1 GET /FixErrors/Create/33 - 50267 - ::1 Mozilla/5.0+(Windows+NT+10.0;+Win64;+x64)+AppleWebKit/537.36+(KHTML,+like+Gecko)+Chrome/72.0.3626.119+Safari/537.36 http://localhost:50267/ErrorTrackers 200 0 0 1345
2019-03-13 14:55:55 ::1 GET /favicon.ico - 50267 - ::1 Mozilla/5.0+(Windows+NT+10.0;+Win64;+x64)+AppleWebKit/537.36+(KHTML,+like+Gecko)+Chrome/72.0.3626.119+Safari/537.36 http://localhost:50267/FixErrors/Create/33 200 0 0 32
2019-03-13 14:56:59 ::1 GET /ErrorTrackers - 50267 - ::1 Mozilla/5.0+(Windows+NT+10.0;+Win64;+x64)+AppleWebKit/537.36+(KHTML,+like+Gecko)+Chrome/72.0.3626.119+Safari/537.36 http://localhost:50267/ 200 0 0 287
2019-03-13 14:57:17 ::1 GET /FixErrors/Create/33 - 50267 - ::1 Mozilla/5.0+(Windows+NT+10.0;+Win64;+x64)+AppleWebKit/537.36+(KHTML,+like+Gecko)+Chrome/72.0.3626.119+Safari/537.36 http://localhost:50267/ErrorTrackers 200 0 0 797
2019-03-13 14:57:49 ::1 GET /ErrorTrackers - 50267 - ::1 Mozilla/5.0+(Windows+NT+10.0;+Win64;+x64)+AppleWebKit/537.36+(KHTML,+like+Gecko)+Chrome/72.0.3626.119+Safari/537.36 http://localhost:50267/FixErrors/Create/33 200 0 0 286
2019-03-13 14:58:48 ::1 GET /ErrorTrackers/Create - 50267 - ::1 Mozilla/5.0+(Windows+NT+10.0;+Win64;+x64)+AppleWebKit/537.36+(KHTML,+like+Gecko)+Chrome/72.0.3626.119+Safari/537.36 http://localhost:50267/ErrorTrackers 200 0 0 808
2019-03-13 15:02:59 ::1 POST /ErrorTrackers/Create - 50267 - ::1 Mozilla/5.0+(Windows+NT+10.0;+Win64;+x64)+AppleWebKit/537.36+(KHTML,+like+Gecko)+Chrome/72.0.3626.119+Safari/537.36 http://localhost:50267/ErrorTrackers/Create 502 3 12030 238592
#Software: Microsoft Internet Information Services 10.0
#Version: 1.0
#Date: 2019-03-13 15:09:37
#Fields: date time s-ip cs-method cs-uri-stem cs-uri-query s-port cs-username c-ip cs(User-Agent) cs(Referer) sc-status sc-substatus sc-win32-status time-taken
2019-03-13 15:09:37 ::1 DEBUG / - 50267 - ::1 - - 200 0 64 9698
2019-03-13 15:09:38 ::1 GET / - 50267 - ::1 Mozilla/5.0+(Windows+NT+10.0;+Win64;+x64)+AppleWebKit/537.36+(KHTML,+like+Gecko)+Chrome/72.0.3626.119+Safari/537.36 - 200 0 0 7886
2019-03-13 15:09:45 ::1 GET /ErrorTrackers - 50267 - ::1 Mozilla/5.0+(Windows+NT+10.0;+Win64;+x64)+AppleWebKit/537.36+(KHTML,+like+Gecko)+Chrome/72.0.3626.119+Safari/537.36 http://localhost:50267/ 200 0 0 2097
2019-03-13 15:09:47 ::1 GET /FixErrors/Create/33 - 50267 - ::1 Mozilla/5.0+(Windows+NT+10.0;+Win64;+x64)+AppleWebKit/537.36+(KHTML,+like+Gecko)+Chrome/72.0.3626.119+Safari/537.36 http://localhost:50267/ErrorTrackers 200 0 0 1159
#Software: Microsoft Internet Information Services 10.0
#Version: 1.0
#Date: 2019-03-13 15:16:24
#Fields: date time s-ip cs-method cs-uri-stem cs-uri-query s-port cs-username c-ip cs(User-Agent) cs(Referer) sc-status sc-substatus sc-win32-status time-taken
2019-03-13 15:16:24 ::1 DEBUG / - 50267 - ::1 - - 200 0 64 10027
2019-03-13 15:16:25 ::1 GET / - 50267 - ::1 Mozilla/5.0+(Windows+NT+10.0;+Win64;+x64)+AppleWebKit/537.36+(KHTML,+like+Gecko)+Chrome/72.0.3626.119+Safari/537.36 - 200 0 0 8155
2019-03-13 15:16:30 ::1 GET /ErrorTrackers - 50267 - ::1 Mozilla/5.0+(Windows+NT+10.0;+Win64;+x64)+AppleWebKit/537.36+(KHTML,+like+Gecko)+Chrome/72.0.3626.119+Safari/537.36 http://localhost:50267/ 200 0 0 1784
2019-03-13 15:16:43 ::1 GET /FixErrors/Create/33 - 50267 - ::1 Mozilla/5.0+(Windows+NT+10.0;+Win64;+x64)+AppleWebKit/537.36+(KHTML,+like+Gecko)+Chrome/72.0.3626.119+Safari/537.36 http://localhost:50267/ErrorTrackers 200 0 0 1057
2019-03-13 15:16:58 ::1 GET /ErrorTrackers - 50267 - ::1 Mozilla/5.0+(Windows+NT+10.0;+Win64;+x64)+AppleWebKit/537.36+(KHTML,+like+Gecko)+Chrome/72.0.3626.119+Safari/537.36 http://localhost:50267/ 200 0 0 280
2019-03-13 15:17:08 ::1 GET /ErrorTrackers/Create - 50267 - ::1 Mozilla/5.0+(Windows+NT+10.0;+Win64;+x64)+AppleWebKit/537.36+(KHTML,+like+Gecko)+Chrome/72.0.3626.119+Safari/537.36 http://localhost:50267/ErrorTrackers 200 0 0 685
2019-03-13 15:18:12 ::1 GET /EmployeeTimes/GetProjects CustomersID=16 50267 - ::1 Mozilla/5.0+(Windows+NT+10.0;+Win64;+x64)+AppleWebKit/537.36+(KHTML,+like+Gecko)+Chrome/72.0.3626.119+Safari/537.36 http://localhost:50267/ErrorTrackers/Create 400 0 64 38079
2019-03-13 15:18:12 ::1 GET /EmployeeTimes/GetProjects CustomersID=20 50267 - ::1 Mozilla/5.0+(Windows+NT+10.0;+Win64;+x64)+AppleWebKit/537.36+(KHTML,+like+Gecko)+Chrome/72.0.3626.119+Safari/537.36 http://localhost:50267/ErrorTrackers/Create 400 0 64 30255
2019-03-13 15:18:12 ::1 GET /EmployeeTimes/GetProjects CustomersID=20 50267 - ::1 Mozilla/5.0+(Windows+NT+10.0;+Win64;+x64)+AppleWebKit/537.36+(KHTML,+like+Gecko)+Chrome/72.0.3626.119+Safari/537.36 http://localhost:50267/ErrorTrackers/Create 400 0 64 41454
2019-03-13 15:18:12 ::1 GET /ErrorTrackers - 50267 - ::1 Mozilla/5.0+(Windows+NT+10.0;+Win64;+x64)+AppleWebKit/537.36+(KHTML,+like+Gecko)+Chrome/72.0.3626.119+Safari/537.36 http://localhost:50267/ 400 0 64 18325
2019-03-13 15:18:12 ::1 GET /EmployeeTimes/GetProjects CustomersID=18 50267 - ::1 Mozilla/5.0+(Windows+NT+10.0;+Win64;+x64)+AppleWebKit/537.36+(KHTML,+like+Gecko)+Chrome/72.0.3626.119+Safari/537.36 http://localhost:50267/ErrorTrackers/Create 400 0 64 27833
2019-03-13 15:18:12 ::1 GET /ErrorTrackers - 50267 - ::1 Mozilla/5.0+(Windows+NT+10.0;+Win64;+x64)+AppleWebKit/537.36+(KHTML,+like+Gecko)+Chrome/72.0.3626.119+Safari/537.36 http://localhost:50267/ 400 0 64 7913
2019-03-13 15:18:12 ::1 POST /ErrorTrackers/Create - 50267 - ::1 Mozilla/5.0+(Windows+NT+10.0;+Win64;+x64)+AppleWebKit/537.36+(KHTML,+like+Gecko)+Chrome/72.0.3626.119+Safari/537.36 http://localhost:50267/ErrorTrackers/Create 400 0 64 48481
2019-03-13 15:18:15 ::1 GET /EmployeeTimes/GetProjects CustomersID=20 50267 - ::1 Mozilla/5.0+(Windows+NT+10.0;+Win64;+x64)+AppleWebKit/537.36+(KHTML,+like+Gecko)+Chrome/72.0.3626.119+Safari/537.36 http://localhost:50267/ErrorTrackers/Create 200 0 0 259
2019-03-13 15:18:33 ::1 POST /ErrorTrackers/Create - 50267 - ::1 Mozilla/5.0+(Windows+NT+10.0;+Win64;+x64)+AppleWebKit/537.36+(KHTML,+like+Gecko)+Chrome/72.0.3626.119+Safari/537.36 http://localhost:50267/ErrorTrackers/Create 500 0 0 11290
2019-03-13 15:20:42 ::1 GET /ErrorTrackers/Create - 50267 - ::1 Mozilla/5.0+(Windows+NT+10.0;+Win64;+x64)+AppleWebKit/537.36+(KHTML,+like+Gecko)+Chrome/72.0.3626.119+Safari/537.36 http://localhost:50267/ErrorTrackers 200 0 0 640
2019-03-13 15:20:47 ::1 GET /ErrorTrackers - 50267 - ::1 Mozilla/5.0+(Windows+NT+10.0;+Win64;+x64)+AppleWebKit/537.36+(KHTML,+like+Gecko)+Chrome/72.0.3626.119+Safari/537.36 http://localhost:50267/ 200 0 0 577
2019-03-13 15:20:55 ::1 GET /ErrorTrackers/Create - 50267 - ::1 Mozilla/5.0+(Windows+NT+10.0;+Win64;+x64)+AppleWebKit/537.36+(KHTML,+like+Gecko)+Chrome/72.0.3626.119+Safari/537.36 http://localhost:50267/ErrorTrackers 200 0 0 629
2019-03-13 15:20:58 ::1 POST /ErrorTrackers/Create - 50267 - ::1 Mozilla/5.0+(Windows+NT+10.0;+Win64;+x64)+AppleWebKit/537.36+(KHTML,+like+Gecko)+Chrome/72.0.3626.119+Safari/537.36 http://localhost:50267/ErrorTrackers/Create 500 0 0 346
2019-03-13 15:21:01 ::1 GET /ErrorTrackers/Create - 50267 - ::1 Mozilla/5.0+(Windows+NT+10.0;+Win64;+x64)+AppleWebKit/537.36+(KHTML,+like+Gecko)+Chrome/72.0.3626.119+Safari/537.36 http://localhost:50267/ErrorTrackers 200 0 0 600
#Software: Microsoft Internet Information Services 10.0
#Version: 1.0
#Date: 2019-03-13 15:22:21
#Fields: date time s-ip cs-method cs-uri-stem cs-uri-query s-port cs-username c-ip cs(User-Agent) cs(Referer) sc-status sc-substatus sc-win32-status time-taken
2019-03-13 15:22:21 ::1 DEBUG / - 50267 - ::1 - - 200 0 64 10266
2019-03-13 15:22:25 ::1 GET / - 50267 - ::1 Mozilla/5.0+(Windows+NT+10.0;+Win64;+x64)+AppleWebKit/537.36+(KHTML,+like+Gecko)+Chrome/72.0.3626.119+Safari/537.36 - 200 0 0 11613
2019-03-13 15:22:28 ::1 GET /ErrorTrackers - 50267 - ::1 Mozilla/5.0+(Windows+NT+10.0;+Win64;+x64)+AppleWebKit/537.36+(KHTML,+like+Gecko)+Chrome/72.0.3626.119+Safari/537.36 http://localhost:50267/ 200 0 0 776
2019-03-13 15:22:35 ::1 GET /FixErrors/Create/33 - 50267 - ::1 Mozilla/5.0+(Windows+NT+10.0;+Win64;+x64)+AppleWebKit/537.36+(KHTML,+like+Gecko)+Chrome/72.0.3626.119+Safari/537.36 http://localhost:50267/ErrorTrackers 200 0 0 1041
2019-03-13 15:22:44 ::1 GET /ErrorTrackers - 50267 - ::1 Mozilla/5.0+(Windows+NT+10.0;+Win64;+x64)+AppleWebKit/537.36+(KHTML,+like+Gecko)+Chrome/72.0.3626.119+Safari/537.36 http://localhost:50267/ 200 0 0 250
2019-03-13 15:22:47 ::1 GET /FixErrors/Create/33 - 50267 - ::1 Mozilla/5.0+(Windows+NT+10.0;+Win64;+x64)+AppleWebKit/537.36+(KHTML,+like+Gecko)+Chrome/72.0.3626.119+Safari/537.36 http://localhost:50267/ErrorTrackers 200 0 0 736
2019-03-13 15:22:52 ::1 GET /ErrorTrackers - 50267 - ::1 Mozilla/5.0+(Windows+NT+10.0;+Win64;+x64)+AppleWebKit/537.36+(KHTML,+like+Gecko)+Chrome/72.0.3626.119+Safari/537.36 http://localhost:50267/ 200 0 0 244
2019-03-13 15:23:08 ::1 GET /ErrorTrackers/Create - 50267 - ::1 Mozilla/5.0+(Windows+NT+10.0;+Win64;+x64)+AppleWebKit/537.36+(KHTML,+like+Gecko)+Chrome/72.0.3626.119+Safari/537.36 http://localhost:50267/ErrorTrackers 200 0 0 739
2019-03-13 15:23:20 ::1 GET /EmployeeTimes/GetProjects CustomersID=17 50267 - ::1 Mozilla/5.0+(Windows+NT+10.0;+Win64;+x64)+AppleWebKit/537.36+(KHTML,+like+Gecko)+Chrome/72.0.3626.119+Safari/537.36 http://localhost:50267/ErrorTrackers/Create 200 0 0 297
2019-03-13 15:24:34 ::1 GET / - 50267 - ::1 Mozilla/5.0+(Windows+NT+10.0;+Win64;+x64)+AppleWebKit/537.36+(KHTML,+like+Gecko)+Chrome/72.0.3626.119+Safari/537.36 http://localhost:50267/ErrorTrackers/Create 400 0 64 12229
2019-03-13 15:24:34 ::1 GET /ErrorTrackers - 50267 - ::1 Mozilla/5.0+(Windows+NT+10.0;+Win64;+x64)+AppleWebKit/537.36+(KHTML,+like+Gecko)+Chrome/72.0.3626.119+Safari/537.36 http://localhost:50267/ErrorTrackers/Create 400 0 64 11536
2019-03-13 15:24:34 ::1 GET /ErrorTrackers - 50267 - ::1 Mozilla/5.0+(Windows+NT+10.0;+Win64;+x64)+AppleWebKit/537.36+(KHTML,+like+Gecko)+Chrome/72.0.3626.119+Safari/537.36 http://localhost:50267/ErrorTrackers/Create 400 0 64 5498
2019-03-13 15:24:34 ::1 GET /ErrorTrackers - 50267 - ::1 Mozilla/5.0+(Windows+NT+10.0;+Win64;+x64)+AppleWebKit/537.36+(KHTML,+like+Gecko)+Chrome/72.0.3626.119+Safari/537.36 http://localhost:50267/ErrorTrackers/Create 200 0 0 3142
2019-03-13 15:24:34 ::1 POST /ErrorTrackers/Create - 50267 - ::1 Mozilla/5.0+(Windows+NT+10.0;+Win64;+x64)+AppleWebKit/537.36+(KHTML,+like+Gecko)+Chrome/72.0.3626.119+Safari/537.36 http://localhost:50267/ErrorTrackers/Create 400 0 64 61935
2019-03-13 15:24:40 ::1 GET /ErrorTrackers/Create - 50267 - ::1 Mozilla/5.0+(Windows+NT+10.0;+Win64;+x64)+AppleWebKit/537.36+(KHTML,+like+Gecko)+Chrome/72.0.3626.119+Safari/537.36 http://localhost:50267/ErrorTrackers 200 0 0 810
2019-03-13 15:24:44 ::1 GET /EmployeeTimes/GetProjects CustomersID=20 50267 - ::1 Mozilla/5.0+(Windows+NT+10.0;+Win64;+x64)+AppleWebKit/537.36+(KHTML,+like+Gecko)+Chrome/72.0.3626.119+Safari/537.36 http://localhost:50267/ErrorTrackers/Create 200 0 0 255
2019-03-13 15:24:57 ::1 POST /ErrorTrackers/Create - 50267 - ::1 Mozilla/5.0+(Windows+NT+10.0;+Win64;+x64)+AppleWebKit/537.36+(KHTML,+like+Gecko)+Chrome/72.0.3626.119+Safari/537.36 http://localhost:50267/ErrorTrackers/Create 302 0 0 376
2019-03-13 15:24:57 ::1 GET /ErrorTrackers - 50267 - ::1 Mozilla/5.0+(Windows+NT+10.0;+Win64;+x64)+AppleWebKit/537.36+(KHTML,+like+Gecko)+Chrome/72.0.3626.119+Safari/537.36 http://localhost:50267/ErrorTrackers/Create 200 0 0 291
2019-03-13 15:25:09 ::1 GET /FixErrors/Create/42 - 50267 - ::1 Mozilla/5.0+(Windows+NT+10.0;+Win64;+x64)+AppleWebKit/537.36+(KHTML,+like+Gecko)+Chrome/72.0.3626.119+Safari/537.36 http://localhost:50267/ErrorTrackers 200 0 0 926
2019-03-13 15:26:22 ::1 GET /FixErrors/Create/42 - 50267 - ::1 Mozilla/5.0+(Windows+NT+10.0;+Win64;+x64)+AppleWebKit/537.36+(KHTML,+like+Gecko)+Chrome/72.0.3626.119+Safari/537.36 http://localhost:50267/ErrorTrackers 200 0 0 3146
2019-03-13 15:26:22 ::1 GET /favicon.ico - 50267 - ::1 Mozilla/5.0+(Windows+NT+10.0;+Win64;+x64)+AppleWebKit/537.36+(KHTML,+like+Gecko)+Chrome/72.0.3626.119+Safari/537.36 http://localhost:50267/FixErrors/Create/42 200 0 0 37
2019-03-13 15:26:36 ::1 GET /ErrorTrackers - 50267 - ::1 Mozilla/5.0+(Windows+NT+10.0;+Win64;+x64)+AppleWebKit/537.36+(KHTML,+like+Gecko)+Chrome/72.0.3626.119+Safari/537.36 http://localhost:50267/ErrorTrackers/Create 200 0 0 251
2019-03-13 15:26:42 ::1 GET /FixErrors/Create/41 - 50267 - ::1 Mozilla/5.0+(Windows+NT+10.0;+Win64;+x64)+AppleWebKit/537.36+(KHTML,+like+Gecko)+Chrome/72.0.3626.119+Safari/537.36 http://localhost:50267/ErrorTrackers 200 0 0 778
2019-03-13 15:27:31 ::1 GET /ErrorTrackers - 50267 - ::1 Mozilla/5.0+(Windows+NT+10.0;+Win64;+x64)+AppleWebKit/537.36+(KHTML,+like+Gecko)+Chrome/72.0.3626.119+Safari/537.36 http://localhost:50267/ErrorTrackers/Create 200 0 0 264
#Software: Microsoft Internet Information Services 10.0
#Version: 1.0
#Date: 2019-03-13 15:29:07
#Fields: date time s-ip cs-method cs-uri-stem cs-uri-query s-port cs-username c-ip cs(User-Agent) cs(Referer) sc-status sc-substatus sc-win32-status time-taken
2019-03-13 15:29:07 ::1 DEBUG / - 50267 - ::1 - - 200 0 64 9025
2019-03-13 15:29:08 ::1 GET / - 50267 - ::1 Mozilla/5.0+(Windows+NT+10.0;+Win64;+x64)+AppleWebKit/537.36+(KHTML,+like+Gecko)+Chrome/72.0.3626.119+Safari/537.36 - 200 0 0 8182
2019-03-13 15:29:14 ::1 GET /ErrorTrackers - 50267 - ::1 Mozilla/5.0+(Windows+NT+10.0;+Win64;+x64)+AppleWebKit/537.36+(KHTML,+like+Gecko)+Chrome/72.0.3626.119+Safari/537.36 http://localhost:50267/ 200 0 0 2050
2019-03-13 15:29:17 ::1 GET /FixErrors/Create/41 - 50267 - ::1 Mozilla/5.0+(Windows+NT+10.0;+Win64;+x64)+AppleWebKit/537.36+(KHTML,+like+Gecko)+Chrome/72.0.3626.119+Safari/537.36 http://localhost:50267/ErrorTrackers 200 0 0 1137
2019-03-13 15:29:27 ::1 GET /ErrorTrackers - 50267 - ::1 Mozilla/5.0+(Windows+NT+10.0;+Win64;+x64)+AppleWebKit/537.36+(KHTML,+like+Gecko)+Chrome/72.0.3626.119+Safari/537.36 http://localhost:50267/ 200 0 0 536
2019-03-13 15:29:33 ::1 GET /FixErrors/Create/41 - 50267 - ::1 Mozilla/5.0+(Windows+NT+10.0;+Win64;+x64)+AppleWebKit/537.36+(KHTML,+like+Gecko)+Chrome/72.0.3626.119+Safari/537.36 http://localhost:50267/ErrorTrackers 200 0 0 765
2019-03-13 15:43:02 ::1 GET /ErrorTrackers - 50267 - ::1 Mozilla/5.0+(Windows+NT+10.0;+Win64;+x64)+AppleWebKit/537.36+(KHTML,+like+Gecko)+Chrome/72.0.3626.119+Safari/537.36 http://localhost:50267/ 200 0 0 582
2019-03-13 15:43:05 ::1 GET /ErrorTrackers/Edit/41 - 50267 - ::1 Mozilla/5.0+(Windows+NT+10.0;+Win64;+x64)+AppleWebKit/537.36+(KHTML,+like+Gecko)+Chrome/72.0.3626.119+Safari/537.36 http://localhost:50267/ErrorTrackers 200 0 0 946
2019-03-13 15:43:05 ::1 GET /Scripts/jquery-ui-1.12.1.min.js - 50267 - ::1 Mozilla/5.0+(Windows+NT+10.0;+Win64;+x64)+AppleWebKit/537.36+(KHTML,+like+Gecko)+Chrome/72.0.3626.119+Safari/537.36 http://localhost:50267/ErrorTrackers/Edit/41 404 0 0 86
2019-03-13 15:43:05 ::1 GET /Content/themes/base/jquery-ui.min.css - 50267 - ::1 Mozilla/5.0+(Windows+NT+10.0;+Win64;+x64)+AppleWebKit/537.36+(KHTML,+like+Gecko)+Chrome/72.0.3626.119+Safari/537.36 http://localhost:50267/ErrorTrackers/Edit/41 404 0 0 97
2019-03-13 15:43:05 ::1 GET /Scripts/jquery-3.1.1.min.js - 50267 - ::1 Mozilla/5.0+(Windows+NT+10.0;+Win64;+x64)+AppleWebKit/537.36+(KHTML,+like+Gecko)+Chrome/72.0.3626.119+Safari/537.36 http://localhost:50267/ErrorTrackers/Edit/41 404 0 0 114
2019-03-13 15:43:05 ::1 GET /Scripts/jquery-ui-1.12.1.min.js - 50267 - ::1 Mozilla/5.0+(Windows+NT+10.0;+Win64;+x64)+AppleWebKit/537.36+(KHTML,+like+Gecko)+Chrome/72.0.3626.119+Safari/537.36 http://localhost:50267/ErrorTrackers/Edit/41 404 0 0 24
2019-03-13 15:43:05 ::1 GET /Scripts/jquery-3.1.1.min.js - 50267 - ::1 Mozilla/5.0+(Windows+NT+10.0;+Win64;+x64)+AppleWebKit/537.36+(KHTML,+like+Gecko)+Chrome/72.0.3626.119+Safari/537.36 http://localhost:50267/ErrorTrackers/Edit/41 404 0 0 22
2019-03-13 15:43:05 ::1 GET /Scripts/jquery-ui-1.12.1.min.js - 50267 - ::1 Mozilla/5.0+(Windows+NT+10.0;+Win64;+x64)+AppleWebKit/537.36+(KHTML,+like+Gecko)+Chrome/72.0.3626.119+Safari/537.36 http://localhost:50267/ErrorTrackers/Edit/41 404 0 0 19
2019-03-13 15:44:01 ::1 GET /ErrorTrackers/Edit/41 - 50267 - ::1 Mozilla/5.0+(Windows+NT+10.0;+Win64;+x64)+AppleWebKit/537.36+(KHTML,+like+Gecko)+Chrome/72.0.3626.119+Safari/537.36 http://localhost:50267/ErrorTrackers 200 0 0 4110
2019-03-13 15:44:01 ::1 GET /Content/themes/base/jquery-ui.min.css - 50267 - ::1 Mozilla/5.0+(Windows+NT+10.0;+Win64;+x64)+AppleWebKit/537.36+(KHTML,+like+Gecko)+Chrome/72.0.3626.119+Safari/537.36 http://localhost:50267/ErrorTrackers/Edit/41 404 0 0 76
2019-03-13 15:44:01 ::1 GET /Scripts/jquery-3.1.1.min.js - 50267 - ::1 Mozilla/5.0+(Windows+NT+10.0;+Win64;+x64)+AppleWebKit/537.36+(KHTML,+like+Gecko)+Chrome/72.0.3626.119+Safari/537.36 http://localhost:50267/ErrorTrackers/Edit/41 404 0 0 87
2019-03-13 15:44:01 ::1 GET /Scripts/jquery-ui-1.12.1.min.js - 50267 - ::1 Mozilla/5.0+(Windows+NT+10.0;+Win64;+x64)+AppleWebKit/537.36+(KHTML,+like+Gecko)+Chrome/72.0.3626.119+Safari/537.36 http://localhost:50267/ErrorTrackers/Edit/41 404 0 0 113
2019-03-13 15:44:01 ::1 GET /Scripts/jquery-3.1.1.min.js - 50267 - ::1 Mozilla/5.0+(Windows+NT+10.0;+Win64;+x64)+AppleWebKit/537.36+(KHTML,+like+Gecko)+Chrome/72.0.3626.119+Safari/537.36 http://localhost:50267/ErrorTrackers/Edit/41 404 0 0 68
2019-03-13 15:44:01 ::1 GET /Scripts/jquery-ui-1.12.1.min.js - 50267 - ::1 Mozilla/5.0+(Windows+NT+10.0;+Win64;+x64)+AppleWebKit/537.36+(KHTML,+like+Gecko)+Chrome/72.0.3626.119+Safari/537.36 http://localhost:50267/ErrorTrackers/Edit/41 404 0 0 20
2019-03-13 15:44:01 ::1 GET /favicon.ico - 50267 - ::1 Mozilla/5.0+(Windows+NT+10.0;+Win64;+x64)+AppleWebKit/537.36+(KHTML,+like+Gecko)+Chrome/72.0.3626.119+Safari/537.36 http://localhost:50267/ErrorTrackers/Edit/41 200 0 0 68
2019-03-13 15:47:15 ::1 GET /ErrorTrackers/Edit/41 - 50267 - ::1 Mozilla/5.0+(Windows+NT+10.0;+Win64;+x64)+AppleWebKit/537.36+(KHTML,+like+Gecko)+Chrome/72.0.3626.119+Safari/537.36 http://localhost:50267/ErrorTrackers 200 0 0 1963
2019-03-13 15:47:15 ::1 GET /Scripts/jquery-ui-1.12.1.min.js - 50267 - ::1 Mozilla/5.0+(Windows+NT+10.0;+Win64;+x64)+AppleWebKit/537.36+(KHTML,+like+Gecko)+Chrome/72.0.3626.119+Safari/537.36 http://localhost:50267/ErrorTrackers/Edit/41 404 0 0 74
2019-03-13 15:47:15 ::1 GET /Scripts/jquery-3.1.1.min.js - 50267 - ::1 Mozilla/5.0+(Windows+NT+10.0;+Win64;+x64)+AppleWebKit/537.36+(KHTML,+like+Gecko)+Chrome/72.0.3626.119+Safari/537.36 http://localhost:50267/ErrorTrackers/Edit/41 404 0 0 132
2019-03-13 15:47:15 ::1 GET /Content/themes/base/jquery-ui.min.css - 50267 - ::1 Mozilla/5.0+(Windows+NT+10.0;+Win64;+x64)+AppleWebKit/537.36+(KHTML,+like+Gecko)+Chrome/72.0.3626.119+Safari/537.36 http://localhost:50267/ErrorTrackers/Edit/41 404 0 0 132
2019-03-13 15:47:15 ::1 GET /Scripts/jquery-3.1.1.min.js - 50267 - ::1 Mozilla/5.0+(Windows+NT+10.0;+Win64;+x64)+AppleWebKit/537.36+(KHTML,+like+Gecko)+Chrome/72.0.3626.119+Safari/537.36 http://localhost:50267/ErrorTrackers/Edit/41 404 0 0 16
2019-03-13 15:47:15 ::1 GET /Scripts/jquery-ui-1.12.1.min.js - 50267 - ::1 Mozilla/5.0+(Windows+NT+10.0;+Win64;+x64)+AppleWebKit/537.36+(KHTML,+like+Gecko)+Chrome/72.0.3626.119+Safari/537.36 http://localhost:50267/ErrorTrackers/Edit/41 404 0 0 24
2019-03-13 15:47:15 ::1 GET /Scripts/jquery-3.1.1.min.js - 50267 - ::1 Mozilla/5.0+(Windows+NT+10.0;+Win64;+x64)+AppleWebKit/537.36+(KHTML,+like+Gecko)+Chrome/72.0.3626.119+Safari/537.36 http://localhost:50267/ErrorTrackers/Edit/41 404 0 0 13
2019-03-13 15:47:15 ::1 GET /Scripts/jquery-ui-1.12.1.min.js - 50267 - ::1 Mozilla/5.0+(Windows+NT+10.0;+Win64;+x64)+AppleWebKit/537.36+(KHTML,+like+Gecko)+Chrome/72.0.3626.119+Safari/537.36 http://localhost:50267/ErrorTrackers/Edit/41 404 0 0 35
2019-03-13 15:47:15 ::1 GET /favicon.ico - 50267 - ::1 Mozilla/5.0+(Windows+NT+10.0;+Win64;+x64)+AppleWebKit/537.36+(KHTML,+like+Gecko)+Chrome/72.0.3626.119+Safari/537.36 http://localhost:50267/ErrorTrackers/Edit/41 200 0 0 28
2019-03-13 15:47:24 ::1 POST /ErrorTrackers/Edit/41 - 50267 - ::1 Mozilla/5.0+(Windows+NT+10.0;+Win64;+x64)+AppleWebKit/537.36+(KHTML,+like+Gecko)+Chrome/72.0.3626.119+Safari/537.36 http://localhost:50267/ErrorTrackers/Edit/41 302 0 0 655
2019-03-13 15:47:24 ::1 GET /ErrorTrackers - 50267 - ::1 Mozilla/5.0+(Windows+NT+10.0;+Win64;+x64)+AppleWebKit/537.36+(KHTML,+like+Gecko)+Chrome/72.0.3626.119+Safari/537.36 http://localhost:50267/ErrorTrackers/Edit/41 200 0 0 335
2019-03-13 15:47:34 ::1 GET /ErrorTrackers/Details/41 - 50267 - ::1 Mozilla/5.0+(Windows+NT+10.0;+Win64;+x64)+AppleWebKit/537.36+(KHTML,+like+Gecko)+Chrome/72.0.3626.119+Safari/537.36 http://localhost:50267/ErrorTrackers 200 0 0 1054
2019-03-13 15:47:40 ::1 GET /ErrorTrackers - 50267 - ::1 Mozilla/5.0+(Windows+NT+10.0;+Win64;+x64)+AppleWebKit/537.36+(KHTML,+like+Gecko)+Chrome/72.0.3626.119+Safari/537.36 http://localhost:50267/ErrorTrackers/Edit/41 200 0 0 276
2019-03-13 15:48:46 ::1 GET /ErrorTrackers SortOrder=UserName 50267 - ::1 Mozilla/5.0+(Windows+NT+10.0;+Win64;+x64)+AppleWebKit/537.36+(KHTML,+like+Gecko)+Chrome/72.0.3626.119+Safari/537.36 http://localhost:50267/ErrorTrackers 200 0 0 322
2019-03-13 15:48:47 ::1 GET /ErrorTrackers SortOrder=UserName_desc 50267 - ::1 Mozilla/5.0+(Windows+NT+10.0;+Win64;+x64)+AppleWebKit/537.36+(KHTML,+like+Gecko)+Chrome/72.0.3626.119+Safari/537.36 http://localhost:50267/ErrorTrackers?SortOrder=UserName 200 0 0 283
2019-03-13 15:48:48 ::1 GET /ErrorTrackers SortOrder=UserName 50267 - ::1 Mozilla/5.0+(Windows+NT+10.0;+Win64;+x64)+AppleWebKit/537.36+(KHTML,+like+Gecko)+Chrome/72.0.3626.119+Safari/537.36 http://localhost:50267/ErrorTrackers?SortOrder=UserName_desc 200 0 0 294
2019-03-13 15:48:51 ::1 GET /ErrorTrackers/Index showAll=NO 50267 - ::1 Mozilla/5.0+(Windows+NT+10.0;+Win64;+x64)+AppleWebKit/537.36+(KHTML,+like+Gecko)+Chrome/72.0.3626.119+Safari/537.36 http://localhost:50267/ErrorTrackers?SortOrder=UserName 200 0 0 325
2019-03-13 15:48:52 ::1 GET /ErrorTrackers/Index showAll=NO 50267 - ::1 Mozilla/5.0+(Windows+NT+10.0;+Win64;+x64)+AppleWebKit/537.36+(KHTML,+like+Gecko)+Chrome/72.0.3626.119+Safari/537.36 http://localhost:50267/ErrorTrackers/Index?showAll=NO 200 0 0 349
2019-03-13 15:49:08 ::1 GET /ErrorTrackers StartDate=&EndDate=&ProjectName=&CustomerName=&UserName=&StatusNow=Corrected&ImportanceNow=+ 50267 - ::1 Mozilla/5.0+(Windows+NT+10.0;+Win64;+x64)+AppleWebKit/537.36+(KHTML,+like+Gecko)+Chrome/72.0.3626.119+Safari/537.36 http://localhost:50267/ErrorTrackers/Index?showAll=NO 200 0 0 290
2019-03-13 15:49:10 ::1 GET /ErrorTrackers/Index showAll=YES 50267 - ::1 Mozilla/5.0+(Windows+NT+10.0;+Win64;+x64)+AppleWebKit/537.36+(KHTML,+like+Gecko)+Chrome/72.0.3626.119+Safari/537.36 http://localhost:50267/ErrorTrackers?StartDate=&EndDate=&ProjectName=&CustomerName=&UserName=&StatusNow=Corrected&ImportanceNow=+ 200 0 0 276
2019-03-13 15:49:14 ::1 GET /ErrorTrackers StartDate=&EndDate=&ProjectName=&CustomerName=&UserName=&StatusNow=Corrected&ImportanceNow=+ 50267 - ::1 Mozilla/5.0+(Windows+NT+10.0;+Win64;+x64)+AppleWebKit/537.36+(KHTML,+like+Gecko)+Chrome/72.0.3626.119+Safari/537.36 http://localhost:50267/ErrorTrackers/Index?showAll=YES 200 0 0 304
2019-03-13 15:49:18 ::1 GET /ErrorTrackers StartDate=&EndDate=&ProjectName=&CustomerName=&UserName=&StatusNow=Corrected&ImportanceNow=+ 50267 - ::1 Mozilla/5.0+(Windows+NT+10.0;+Win64;+x64)+AppleWebKit/537.36+(KHTML,+like+Gecko)+Chrome/72.0.3626.119+Safari/537.36 http://localhost:50267/ErrorTrackers?StartDate=&EndDate=&ProjectName=&CustomerName=&UserName=&StatusNow=Corrected&ImportanceNow=+ 200 0 0 307
2019-03-13 15:49:21 ::1 GET /ErrorTrackers/Index showAll=NO 50267 - ::1 Mozilla/5.0+(Windows+NT+10.0;+Win64;+x64)+AppleWebKit/537.36+(KHTML,+like+Gecko)+Chrome/72.0.3626.119+Safari/537.36 http://localhost:50267/ErrorTrackers?StartDate=&EndDate=&ProjectName=&CustomerName=&UserName=&StatusNow=Corrected&ImportanceNow=+ 200 0 0 271
2019-03-13 15:49:27 ::1 GET /ErrorTrackers/Index showAll=YES 50267 - ::1 Mozilla/5.0+(Windows+NT+10.0;+Win64;+x64)+AppleWebKit/537.36+(KHTML,+like+Gecko)+Chrome/72.0.3626.119+Safari/537.36 http://localhost:50267/ErrorTrackers/Index?showAll=NO 200 0 0 267
2019-03-13 15:49:30 ::1 GET /ErrorTrackers/Index showAll=YES 50267 - ::1 Mozilla/5.0+(Windows+NT+10.0;+Win64;+x64)+AppleWebKit/537.36+(KHTML,+like+Gecko)+Chrome/72.0.3626.119+Safari/537.36 http://localhost:50267/ErrorTrackers/Index?showAll=YES 200 0 0 291
2019-03-13 15:49:35 ::1 GET /ErrorTrackers/Index showAll=YES 50267 - ::1 Mozilla/5.0+(Windows+NT+10.0;+Win64;+x64)+AppleWebKit/537.36+(KHTML,+like+Gecko)+Chrome/72.0.3626.119+Safari/537.36 http://localhost:50267/ErrorTrackers/Index?showAll=YES 200 0 0 350
2019-03-13 15:49:38 ::1 GET /ErrorTrackers StartDate=&EndDate=&ProjectName=&CustomerName=&UserName=&StatusNow=Open&ImportanceNow=+ 50267 - ::1 Mozilla/5.0+(Windows+NT+10.0;+Win64;+x64)+AppleWebKit/537.36+(KHTML,+like+Gecko)+Chrome/72.0.3626.119+Safari/537.36 http://localhost:50267/ErrorTrackers/Index?showAll=YES 200 0 0 260
2019-03-13 15:49:42 ::1 GET /ErrorTrackers StartDate=&EndDate=&ProjectName=&CustomerName=&UserName=&StatusNow=Pending&ImportanceNow=+ 50267 - ::1 Mozilla/5.0+(Windows+NT+10.0;+Win64;+x64)+AppleWebKit/537.36+(KHTML,+like+Gecko)+Chrome/72.0.3626.119+Safari/537.36 http://localhost:50267/ErrorTrackers?StartDate=&EndDate=&ProjectName=&CustomerName=&UserName=&StatusNow=Open&ImportanceNow=+ 200 0 0 275
2019-03-13 15:49:44 ::1 GET /ErrorTrackers/Index showAll=YES 50267 - ::1 Mozilla/5.0+(Windows+NT+10.0;+Win64;+x64)+AppleWebKit/537.36+(KHTML,+like+Gecko)+Chrome/72.0.3626.119+Safari/537.36 http://localhost:50267/ErrorTrackers?StartDate=&EndDate=&ProjectName=&CustomerName=&UserName=&StatusNow=Pending&ImportanceNow=+ 200 0 0 279
2019-03-13 15:49:51 ::1 GET /ErrorTrackers/Index showAll=NO 50267 - ::1 Mozilla/5.0+(Windows+NT+10.0;+Win64;+x64)+AppleWebKit/537.36+(KHTML,+like+Gecko)+Chrome/72.0.3626.119+Safari/537.36 http://localhost:50267/ErrorTrackers/Index?showAll=YES 200 0 0 277
2019-03-13 15:49:52 ::1 GET /ErrorTrackers/Index showAll=YES 50267 - ::1 Mozilla/5.0+(Windows+NT+10.0;+Win64;+x64)+AppleWebKit/537.36+(KHTML,+like+Gecko)+Chrome/72.0.3626.119+Safari/537.36 http://localhost:50267/ErrorTrackers/Index?showAll=NO 200 0 0 274
2019-03-13 15:50:14 ::1 GET /ErrorTrackers StartDate=&EndDate=&ProjectName=&CustomerName=&UserName=&StatusNow=Corrected&ImportanceNow=+ 50267 - ::1 Mozilla/5.0+(Windows+NT+10.0;+Win64;+x64)+AppleWebKit/537.36+(KHTML,+like+Gecko)+Chrome/72.0.3626.119+Safari/537.36 http://localhost:50267/ErrorTrackers/Index?showAll=YES 200 0 0 303
2019-03-13 15:50:17 ::1 GET /ErrorTrackers/Index showAll=YES 50267 - ::1 Mozilla/5.0+(Windows+NT+10.0;+Win64;+x64)+AppleWebKit/537.36+(KHTML,+like+Gecko)+Chrome/72.0.3626.119+Safari/537.36 http://localhost:50267/ErrorTrackers?StartDate=&EndDate=&ProjectName=&CustomerName=&UserName=&StatusNow=Corrected&ImportanceNow=+ 200 0 0 290
2019-03-13 15:50:22 ::1 GET /ErrorTrackers/Index showAll=NO 50267 - ::1 Mozilla/5.0+(Windows+NT+10.0;+Win64;+x64)+AppleWebKit/537.36+(KHTML,+like+Gecko)+Chrome/72.0.3626.119+Safari/537.36 http://localhost:50267/ErrorTrackers/Index?showAll=YES 200 0 0 331
2019-03-13 15:50:25 ::1 GET /ErrorTrackers StartDate=&EndDate=&ProjectName=&CustomerName=&UserName=&StatusNow=Corrected&ImportanceNow=+ 50267 - ::1 Mozilla/5.0+(Windows+NT+10.0;+Win64;+x64)+AppleWebKit/537.36+(KHTML,+like+Gecko)+Chrome/72.0.3626.119+Safari/537.36 http://localhost:50267/ErrorTrackers/Index?showAll=NO 200 0 0 312
2019-03-13 15:50:28 ::1 GET /ErrorTrackers StartDate=&EndDate=&ProjectName=&CustomerName=&UserName=&StatusNow=Corrected&ImportanceNow=+ 50267 - ::1 Mozilla/5.0+(Windows+NT+10.0;+Win64;+x64)+AppleWebKit/537.36+(KHTML,+like+Gecko)+Chrome/72.0.3626.119+Safari/537.36 http://localhost:50267/ErrorTrackers?StartDate=&EndDate=&ProjectName=&CustomerName=&UserName=&StatusNow=Corrected&ImportanceNow=+ 200 0 0 265
2019-03-13 15:50:33 ::1 GET /ErrorTrackers/Index showAll=YES 50267 - ::1 Mozilla/5.0+(Windows+NT+10.0;+Win64;+x64)+AppleWebKit/537.36+(KHTML,+like+Gecko)+Chrome/72.0.3626.119+Safari/537.36 http://localhost:50267/ErrorTrackers?StartDate=&EndDate=&ProjectName=&CustomerName=&UserName=&StatusNow=Corrected&ImportanceNow=+ 200 0 0 303
2019-03-13 15:50:45 ::1 GET /Roles - 50267 - ::1 Mozilla/5.0+(Windows+NT+10.0;+Win64;+x64)+AppleWebKit/537.36+(KHTML,+like+Gecko)+Chrome/72.0.3626.119+Safari/537.36 http://localhost:50267/ErrorTrackers/Index?showAll=YES 200 0 0 2026
2019-03-13 15:58:47 ::1 GET /Customers - 50267 - ::1 Mozilla/5.0+(Windows+NT+10.0;+Win64;+x64)+AppleWebKit/537.36+(KHTML,+like+Gecko)+Chrome/72.0.3626.119+Safari/537.36 http://localhost:50267/Roles 200 0 0 1889
2019-03-13 15:58:51 ::1 GET /Projects - 50267 - ::1 Mozilla/5.0+(Windows+NT+10.0;+Win64;+x64)+AppleWebKit/537.36+(KHTML,+like+Gecko)+Chrome/72.0.3626.119+Safari/537.36 http://localhost:50267/Customers 200 0 0 353
2019-03-13 15:58:55 ::1 GET /Admin - 50267 - ::1 Mozilla/5.0+(Windows+NT+10.0;+Win64;+x64)+AppleWebKit/537.36+(KHTML,+like+Gecko)+Chrome/72.0.3626.119+Safari/537.36 http://localhost:50267/Projects 200 0 0 301
2019-03-13 15:58:59 ::1 GET /Roles - 50267 - ::1 Mozilla/5.0+(Windows+NT+10.0;+Win64;+x64)+AppleWebKit/537.36+(KHTML,+like+Gecko)+Chrome/72.0.3626.119+Safari/537.36 http://localhost:50267/Admin 200 0 0 1529
2019-03-13 15:59:02 ::1 GET /ErrorTrackers - 50267 - ::1 Mozilla/5.0+(Windows+NT+10.0;+Win64;+x64)+AppleWebKit/537.36+(KHTML,+like+Gecko)+Chrome/72.0.3626.119+Safari/537.36 http://localhost:50267/Roles 200 0 0 262
2019-03-13 15:59:17 ::1 GET /ErrorTrackers StartDate=&EndDate=&ProjectName=&CustomerName=&UserName=&StatusNow=Corrected&ImportanceNow=+ 50267 - ::1 Mozilla/5.0+(Windows+NT+10.0;+Win64;+x64)+AppleWebKit/537.36+(KHTML,+like+Gecko)+Chrome/72.0.3626.119+Safari/537.36 http://localhost:50267/ErrorTrackers 200 0 0 295
2019-03-13 15:59:21 ::1 GET /ErrorTrackers StartDate=&EndDate=&ProjectName=&CustomerName=&UserName=&StatusNow=+&ImportanceNow=+ 50267 - ::1 Mozilla/5.0+(Windows+NT+10.0;+Win64;+x64)+AppleWebKit/537.36+(KHTML,+like+Gecko)+Chrome/72.0.3626.119+Safari/537.36 http://localhost:50267/ErrorTrackers?StartDate=&EndDate=&ProjectName=&CustomerName=&UserName=&StatusNow=Corrected&ImportanceNow=+ 200 0 0 268
2019-03-13 15:59:25 ::1 GET /ErrorTrackers/Index showAll=YES 50267 - ::1 Mozilla/5.0+(Windows+NT+10.0;+Win64;+x64)+AppleWebKit/537.36+(KHTML,+like+Gecko)+Chrome/72.0.3626.119+Safari/537.36 http://localhost:50267/ErrorTrackers?StartDate=&EndDate=&ProjectName=&CustomerName=&UserName=&StatusNow=+&ImportanceNow=+ 200 0 0 332
2019-03-13 15:59:28 ::1 GET /ErrorTrackers/Index showAll=NO 50267 - ::1 Mozilla/5.0+(Windows+NT+10.0;+Win64;+x64)+AppleWebKit/537.36+(KHTML,+like+Gecko)+Chrome/72.0.3626.119+Safari/537.36 http://localhost:50267/ErrorTrackers/Index?showAll=YES 200 0 0 338
2019-03-13 15:59:30 ::1 GET /ErrorTrackers/Index showAll=YES 50267 - ::1 Mozilla/5.0+(Windows+NT+10.0;+Win64;+x64)+AppleWebKit/537.36+(KHTML,+like+Gecko)+Chrome/72.0.3626.119+Safari/537.36 http://localhost:50267/ErrorTrackers/Index?showAll=NO 200 0 0 305
2019-03-13 15:59:34 ::1 GET /ErrorTrackers StartDate=&EndDate=&ProjectName=&CustomerName=&UserName=&StatusNow=+&ImportanceNow=Customer+need%2C+but+we+got+time 50267 - ::1 Mozilla/5.0+(Windows+NT+10.0;+Win64;+x64)+AppleWebKit/537.36+(KHTML,+like+Gecko)+Chrome/72.0.3626.119+Safari/537.36 http://localhost:50267/ErrorTrackers/Index?showAll=YES 200 0 0 278
2019-03-13 15:59:38 ::1 GET /ErrorTrackers StartDate=&EndDate=&ProjectName=&CustomerName=&UserName=&StatusNow=+&ImportanceNow=Customer+need%2C+but+we+got+time 50267 - ::1 Mozilla/5.0+(Windows+NT+10.0;+Win64;+x64)+AppleWebKit/537.36+(KHTML,+like+Gecko)+Chrome/72.0.3626.119+Safari/537.36 http://localhost:50267/ErrorTrackers?StartDate=&EndDate=&ProjectName=&CustomerName=&UserName=&StatusNow=+&ImportanceNow=Customer+need%2C+but+we+got+time 200 0 0 314
2019-03-13 15:59:41 ::1 GET /FixErrors/Create/41 - 50267 - ::1 Mozilla/5.0+(Windows+NT+10.0;+Win64;+x64)+AppleWebKit/537.36+(KHTML,+like+Gecko)+Chrome/72.0.3626.119+Safari/537.36 http://localhost:50267/ErrorTrackers?StartDate=&EndDate=&ProjectName=&CustomerName=&UserName=&StatusNow=+&ImportanceNow=Customer+need%2C+but+we+got+time 200 0 0 1545
2019-03-13 15:59:45 ::1 GET /ErrorTrackers StartDate=&EndDate=&ProjectName=&CustomerName=&UserName=&StatusNow=+&ImportanceNow=Customer+need%2C+but+we+got+time 50267 - ::1 Mozilla/5.0+(Windows+NT+10.0;+Win64;+x64)+AppleWebKit/537.36+(KHTML,+like+Gecko)+Chrome/72.0.3626.119+Safari/537.36 http://localhost:50267/ErrorTrackers?StartDate=&EndDate=&ProjectName=&CustomerName=&UserName=&StatusNow=+&ImportanceNow=Customer+need%2C+but+we+got+time 200 0 0 298
2019-03-13 15:59:48 ::1 GET /ErrorTrackers/Index showAll=YES 50267 - ::1 Mozilla/5.0+(Windows+NT+10.0;+Win64;+x64)+AppleWebKit/537.36+(KHTML,+like+Gecko)+Chrome/72.0.3626.119+Safari/537.36 http://localhost:50267/ErrorTrackers?StartDate=&EndDate=&ProjectName=&CustomerName=&UserName=&StatusNow=+&ImportanceNow=Customer+need%2C+but+we+got+time 200 0 0 313
2019-03-13 15:59:49 ::1 GET /ErrorTrackers/Index showAll=NO 50267 - ::1 Mozilla/5.0+(Windows+NT+10.0;+Win64;+x64)+AppleWebKit/537.36+(KHTML,+like+Gecko)+Chrome/72.0.3626.119+Safari/537.36 http://localhost:50267/ErrorTrackers/Index?showAll=YES 200 0 0 287
2019-03-13 15:59:58 ::1 GET /FixErrors/Create/33 - 50267 - ::1 Mozilla/5.0+(Windows+NT+10.0;+Win64;+x64)+AppleWebKit/537.36+(KHTML,+like+Gecko)+Chrome/72.0.3626.119+Safari/537.36 http://localhost:50267/ErrorTrackers/Index?showAll=NO 200 0 0 825
2019-03-13 16:00:08 ::1 POST /FixErrors/Create/33 - 50267 - ::1 Mozilla/5.0+(Windows+NT+10.0;+Win64;+x64)+AppleWebKit/537.36+(KHTML,+like+Gecko)+Chrome/72.0.3626.119+Safari/537.36 http://localhost:50267/FixErrors/Create/33 302 0 0 930
2019-03-13 16:00:08 ::1 GET /FixErrors/Index/33 - 50267 - ::1 Mozilla/5.0+(Windows+NT+10.0;+Win64;+x64)+AppleWebKit/537.36+(KHTML,+like+Gecko)+Chrome/72.0.3626.119+Safari/537.36 http://localhost:50267/FixErrors/Create/33 200 0 0 422
2019-03-13 16:00:15 ::1 GET /ErrorTrackers - 50267 - ::1 Mozilla/5.0+(Windows+NT+10.0;+Win64;+x64)+AppleWebKit/537.36+(KHTML,+like+Gecko)+Chrome/72.0.3626.119+Safari/537.36 http://localhost:50267/FixErrors/Index/33 200 0 0 257
2019-03-13 16:00:20 ::1 GET /ErrorTrackers/Index showAll=YES 50267 - ::1 Mozilla/5.0+(Windows+NT+10.0;+Win64;+x64)+AppleWebKit/537.36+(KHTML,+like+Gecko)+Chrome/72.0.3626.119+Safari/537.36 http://localhost:50267/ErrorTrackers 200 0 0 317
2019-03-13 16:00:37 ::1 GET /FixErrors/Index/33 - 50267 - ::1 Mozilla/5.0+(Windows+NT+10.0;+Win64;+x64)+AppleWebKit/537.36+(KHTML,+like+Gecko)+Chrome/72.0.3626.119+Safari/537.36 http://localhost:50267/ErrorTrackers/Index?showAll=YES 200 0 0 529
2019-03-13 16:00:40 ::1 GET /ErrorTrackers/Index showAll=YES 50267 - ::1 Mozilla/5.0+(Windows+NT+10.0;+Win64;+x64)+AppleWebKit/537.36+(KHTML,+like+Gecko)+Chrome/72.0.3626.119+Safari/537.36 http://localhost:50267/ErrorTrackers 200 0 0 326
2019-03-13 16:00:44 ::1 GET / - 50267 - ::1 Mozilla/5.0+(Windows+NT+10.0;+Win64;+x64)+AppleWebKit/537.36+(KHTML,+like+Gecko)+Chrome/72.0.3626.119+Safari/537.36 http://localhost:50267/ErrorTrackers/Index?showAll=YES 200 0 0 56
