#Software: Microsoft Internet Information Services 10.0
#Version: 1.0
#Date: 2019-02-25 14:01:16
#Fields: date time s-ip cs-method cs-uri-stem cs-uri-query s-port cs-username c-ip cs(User-Agent) cs(Referer) sc-status sc-substatus sc-win32-status time-taken
2019-02-25 14:01:16 ::1 DEBUG / - 50267 - ::1 - - 200 0 64 12260
2019-02-25 14:01:18 ::1 GET / - 44389 - ::1 Mozilla/5.0+(Windows+NT+10.0;+Win64;+x64)+AppleWebKit/537.36+(KHTML,+like+Gecko)+Chrome/72.0.3626.109+Safari/537.36 - 200 0 0 8008
2019-02-25 14:01:18 ::1 GET /lib/bootstrap/dist/js/bootstrap.js - 44389 - ::1 Mozilla/5.0+(Windows+NT+10.0;+Win64;+x64)+AppleWebKit/537.36+(KHTML,+like+Gecko)+Chrome/72.0.3626.109+Safari/537.36 https://localhost:44389/ 304 0 0 138
2019-02-25 14:01:18 ::1 GET /lib/bootstrap/dist/css/bootstrap.css - 44389 - ::1 Mozilla/5.0+(Windows+NT+10.0;+Win64;+x64)+AppleWebKit/537.36+(KHTML,+like+Gecko)+Chrome/72.0.3626.109+Safari/537.36 https://localhost:44389/ 304 0 0 156
2019-02-25 14:01:18 ::1 GET /js/site.js v=4q1jwFhaPaZgr8WAUSrux6hAuh0XDg9kPS3xIVq36I0 44389 - ::1 Mozilla/5.0+(Windows+NT+10.0;+Win64;+x64)+AppleWebKit/537.36+(KHTML,+like+Gecko)+Chrome/72.0.3626.109+Safari/537.36 https://localhost:44389/ 304 0 0 144
2019-02-25 14:01:18 ::1 GET /lib/jquery/dist/jquery.js - 44389 - ::1 Mozilla/5.0+(Windows+NT+10.0;+Win64;+x64)+AppleWebKit/537.36+(KHTML,+like+Gecko)+Chrome/72.0.3626.109+Safari/537.36 https://localhost:44389/ 304 0 0 157
2019-02-25 14:01:18 ::1 GET /css/site.css - 44389 - ::1 Mozilla/5.0+(Windows+NT+10.0;+Win64;+x64)+AppleWebKit/537.36+(KHTML,+like+Gecko)+Chrome/72.0.3626.109+Safari/537.36 https://localhost:44389/ 304 0 0 158
2019-02-25 14:01:18 ::1 GET /lib/bootstrap/dist/fonts/glyphicons-halflings-regular.woff2 - 44389 - ::1 Mozilla/5.0+(Windows+NT+10.0;+Win64;+x64)+AppleWebKit/537.36+(KHTML,+like+Gecko)+Chrome/72.0.3626.109+Safari/537.36 https://localhost:44389/lib/bootstrap/dist/css/bootstrap.css 304 0 0 20
2019-02-25 14:01:18 ::1 GET /lib/bootstrap/dist/fonts/glyphicons-halflings-regular.woff - 44389 - ::1 Mozilla/5.0+(Windows+NT+10.0;+Win64;+x64)+AppleWebKit/537.36+(KHTML,+like+Gecko)+Chrome/72.0.3626.109+Safari/537.36 https://localhost:44389/lib/bootstrap/dist/css/bootstrap.css 304 0 0 38
2019-02-25 14:01:18 ::1 GET /lib/bootstrap/dist/fonts/glyphicons-halflings-regular.ttf - 44389 - ::1 Mozilla/5.0+(Windows+NT+10.0;+Win64;+x64)+AppleWebKit/537.36+(KHTML,+like+Gecko)+Chrome/72.0.3626.109+Safari/537.36 https://localhost:44389/lib/bootstrap/dist/css/bootstrap.css 304 0 0 39
2019-02-25 14:01:18 ::1 GET /favicon.ico - 44389 - ::1 Mozilla/5.0+(Windows+NT+10.0;+Win64;+x64)+AppleWebKit/537.36+(KHTML,+like+Gecko)+Chrome/72.0.3626.109+Safari/537.36 https://localhost:44389/ 304 0 0 14
2019-02-25 14:01:20 ::1 GET /Identity/Account/Register - 44389 - ::1 Mozilla/5.0+(Windows+NT+10.0;+Win64;+x64)+AppleWebKit/537.36+(KHTML,+like+Gecko)+Chrome/72.0.3626.109+Safari/537.36 https://localhost:44389/ 200 0 0 167
2019-02-25 14:01:20 ::1 GET /Identity/lib/jquery-validation-unobtrusive/jquery.validate.unobtrusive.js - 44389 - ::1 Mozilla/5.0+(Windows+NT+10.0;+Win64;+x64)+AppleWebKit/537.36+(KHTML,+like+Gecko)+Chrome/72.0.3626.109+Safari/537.36 https://localhost:44389/Identity/Account/Register 404 0 0 18
2019-02-25 14:01:20 ::1 GET /Identity/lib/jquery-validation/dist/jquery.validate.js - 44389 - ::1 Mozilla/5.0+(Windows+NT+10.0;+Win64;+x64)+AppleWebKit/537.36+(KHTML,+like+Gecko)+Chrome/72.0.3626.109+Safari/537.36 https://localhost:44389/Identity/Account/Register 404 0 0 22
2019-02-25 14:01:20 ::1 GET /Identity/lib/jquery-validation-unobtrusive/jquery.validate.unobtrusive.js - 44389 - ::1 Mozilla/5.0+(Windows+NT+10.0;+Win64;+x64)+AppleWebKit/537.36+(KHTML,+like+Gecko)+Chrome/72.0.3626.109+Safari/537.36 https://localhost:44389/Identity/Account/Register 404 0 0 18
2019-02-25 14:01:26 ::1 GET /Roles - 44389 - ::1 Mozilla/5.0+(Windows+NT+10.0;+Win64;+x64)+AppleWebKit/537.36+(KHTML,+like+Gecko)+Chrome/72.0.3626.109+Safari/537.36 https://localhost:44389/Identity/Account/Register 200 0 0 2875
2019-02-25 14:01:27 ::1 GET /Admin - 44389 - ::1 Mozilla/5.0+(Windows+NT+10.0;+Win64;+x64)+AppleWebKit/537.36+(KHTML,+like+Gecko)+Chrome/72.0.3626.109+Safari/537.36 https://localhost:44389/Roles 200 0 0 283
2019-02-25 14:01:29 ::1 GET /EmployeeTimes - 44389 - ::1 Mozilla/5.0+(Windows+NT+10.0;+Win64;+x64)+AppleWebKit/537.36+(KHTML,+like+Gecko)+Chrome/72.0.3626.109+Safari/537.36 https://localhost:44389/Admin 200 0 0 789
2019-02-25 14:01:39 ::1 GET /EmployeeTimes/ExportToExcel - 44389 - ::1 Mozilla/5.0+(Windows+NT+10.0;+Win64;+x64)+AppleWebKit/537.36+(KHTML,+like+Gecko)+Chrome/72.0.3626.109+Safari/537.36 https://localhost:44389/EmployeeTimes 200 0 0 855
2019-02-25 14:11:07 ::1 GET /EmployeeTimes/Delete/25 - 44389 - ::1 Mozilla/5.0+(Windows+NT+10.0;+Win64;+x64)+AppleWebKit/537.36+(KHTML,+like+Gecko)+Chrome/72.0.3626.109+Safari/537.36 https://localhost:44389/EmployeeTimes 200 0 0 911
2019-02-25 14:11:09 ::1 POST /EmployeeTimes/Delete/25 - 44389 - ::1 Mozilla/5.0+(Windows+NT+10.0;+Win64;+x64)+AppleWebKit/537.36+(KHTML,+like+Gecko)+Chrome/72.0.3626.109+Safari/537.36 https://localhost:44389/EmployeeTimes/Delete/25 302 0 0 811
2019-02-25 14:11:09 ::1 GET /EmployeeTimes - 44389 - ::1 Mozilla/5.0+(Windows+NT+10.0;+Win64;+x64)+AppleWebKit/537.36+(KHTML,+like+Gecko)+Chrome/72.0.3626.109+Safari/537.36 https://localhost:44389/EmployeeTimes/Delete/25 200 0 0 351
2019-02-25 14:11:14 ::1 GET /EmployeeTimes/Delete/28 - 44389 - ::1 Mozilla/5.0+(Windows+NT+10.0;+Win64;+x64)+AppleWebKit/537.36+(KHTML,+like+Gecko)+Chrome/72.0.3626.109+Safari/537.36 https://localhost:44389/EmployeeTimes 200 0 0 293
2019-02-25 14:11:15 ::1 POST /EmployeeTimes/Delete/28 - 44389 - ::1 Mozilla/5.0+(Windows+NT+10.0;+Win64;+x64)+AppleWebKit/537.36+(KHTML,+like+Gecko)+Chrome/72.0.3626.109+Safari/537.36 https://localhost:44389/EmployeeTimes/Delete/28 302 0 0 528
2019-02-25 14:11:15 ::1 GET /EmployeeTimes - 44389 - ::1 Mozilla/5.0+(Windows+NT+10.0;+Win64;+x64)+AppleWebKit/537.36+(KHTML,+like+Gecko)+Chrome/72.0.3626.109+Safari/537.36 https://localhost:44389/EmployeeTimes/Delete/28 200 0 0 277
2019-02-25 14:11:17 ::1 GET /EmployeeTimes/Delete/29 - 44389 - ::1 Mozilla/5.0+(Windows+NT+10.0;+Win64;+x64)+AppleWebKit/537.36+(KHTML,+like+Gecko)+Chrome/72.0.3626.109+Safari/537.36 https://localhost:44389/EmployeeTimes 200 0 0 249
2019-02-25 14:11:19 ::1 POST /EmployeeTimes/Delete/29 - 44389 - ::1 Mozilla/5.0+(Windows+NT+10.0;+Win64;+x64)+AppleWebKit/537.36+(KHTML,+like+Gecko)+Chrome/72.0.3626.109+Safari/537.36 https://localhost:44389/EmployeeTimes/Delete/29 302 0 0 513
2019-02-25 14:11:19 ::1 GET /EmployeeTimes - 44389 - ::1 Mozilla/5.0+(Windows+NT+10.0;+Win64;+x64)+AppleWebKit/537.36+(KHTML,+like+Gecko)+Chrome/72.0.3626.109+Safari/537.36 https://localhost:44389/EmployeeTimes/Delete/29 200 0 0 316
2019-02-25 14:11:21 ::1 GET /EmployeeTimes/Delete/26 - 44389 - ::1 Mozilla/5.0+(Windows+NT+10.0;+Win64;+x64)+AppleWebKit/537.36+(KHTML,+like+Gecko)+Chrome/72.0.3626.109+Safari/537.36 https://localhost:44389/EmployeeTimes 200 0 0 248
2019-02-25 14:11:27 ::1 POST /EmployeeTimes/Delete/26 - 44389 - ::1 Mozilla/5.0+(Windows+NT+10.0;+Win64;+x64)+AppleWebKit/537.36+(KHTML,+like+Gecko)+Chrome/72.0.3626.109+Safari/537.36 https://localhost:44389/EmployeeTimes/Delete/26 302 0 0 562
2019-02-25 14:11:27 ::1 GET /EmployeeTimes - 44389 - ::1 Mozilla/5.0+(Windows+NT+10.0;+Win64;+x64)+AppleWebKit/537.36+(KHTML,+like+Gecko)+Chrome/72.0.3626.109+Safari/537.36 https://localhost:44389/EmployeeTimes/Delete/26 200 0 0 343
2019-02-25 14:11:29 ::1 GET /EmployeeTimes/Delete/27 - 44389 - ::1 Mozilla/5.0+(Windows+NT+10.0;+Win64;+x64)+AppleWebKit/537.36+(KHTML,+like+Gecko)+Chrome/72.0.3626.109+Safari/537.36 https://localhost:44389/EmployeeTimes 200 0 0 301
2019-02-25 14:11:31 ::1 POST /EmployeeTimes/Delete/27 - 44389 - ::1 Mozilla/5.0+(Windows+NT+10.0;+Win64;+x64)+AppleWebKit/537.36+(KHTML,+like+Gecko)+Chrome/72.0.3626.109+Safari/537.36 https://localhost:44389/EmployeeTimes/Delete/27 302 0 0 517
2019-02-25 14:11:31 ::1 GET /EmployeeTimes - 44389 - ::1 Mozilla/5.0+(Windows+NT+10.0;+Win64;+x64)+AppleWebKit/537.36+(KHTML,+like+Gecko)+Chrome/72.0.3626.109+Safari/537.36 https://localhost:44389/EmployeeTimes/Delete/27 200 0 0 268
2019-02-25 14:11:33 ::1 GET /EmployeeTimes/Delete/30 - 44389 - ::1 Mozilla/5.0+(Windows+NT+10.0;+Win64;+x64)+AppleWebKit/537.36+(KHTML,+like+Gecko)+Chrome/72.0.3626.109+Safari/537.36 https://localhost:44389/EmployeeTimes 200 0 0 267
2019-02-25 14:11:35 ::1 POST /EmployeeTimes/Delete/30 - 44389 - ::1 Mozilla/5.0+(Windows+NT+10.0;+Win64;+x64)+AppleWebKit/537.36+(KHTML,+like+Gecko)+Chrome/72.0.3626.109+Safari/537.36 https://localhost:44389/EmployeeTimes/Delete/30 302 0 0 496
2019-02-25 14:11:35 ::1 GET /EmployeeTimes - 44389 - ::1 Mozilla/5.0+(Windows+NT+10.0;+Win64;+x64)+AppleWebKit/537.36+(KHTML,+like+Gecko)+Chrome/72.0.3626.109+Safari/537.36 https://localhost:44389/EmployeeTimes/Delete/30 200 0 0 242
2019-02-25 14:11:38 ::1 GET /EmployeeTimes/Create - 44389 - ::1 Mozilla/5.0+(Windows+NT+10.0;+Win64;+x64)+AppleWebKit/537.36+(KHTML,+like+Gecko)+Chrome/72.0.3626.109+Safari/537.36 https://localhost:44389/EmployeeTimes 200 0 0 576
2019-02-25 14:11:38 ::1 GET /lib/jquery-validation/dist/jquery.validate.js - 44389 - ::1 Mozilla/5.0+(Windows+NT+10.0;+Win64;+x64)+AppleWebKit/537.36+(KHTML,+like+Gecko)+Chrome/72.0.3626.109+Safari/537.36 https://localhost:44389/EmployeeTimes/Create 304 0 0 57
2019-02-25 14:11:38 ::1 GET /lib/jquery-validation-unobtrusive/jquery.validate.unobtrusive.js - 44389 - ::1 Mozilla/5.0+(Windows+NT+10.0;+Win64;+x64)+AppleWebKit/537.36+(KHTML,+like+Gecko)+Chrome/72.0.3626.109+Safari/537.36 https://localhost:44389/EmployeeTimes/Create 304 0 0 53
2019-02-25 14:11:55 ::1 POST /EmployeeTimes/Create - 44389 - ::1 Mozilla/5.0+(Windows+NT+10.0;+Win64;+x64)+AppleWebKit/537.36+(KHTML,+like+Gecko)+Chrome/72.0.3626.109+Safari/537.36 https://localhost:44389/EmployeeTimes/Create 302 0 0 450
2019-02-25 14:11:55 ::1 GET /EmployeeTimes - 44389 - ::1 Mozilla/5.0+(Windows+NT+10.0;+Win64;+x64)+AppleWebKit/537.36+(KHTML,+like+Gecko)+Chrome/72.0.3626.109+Safari/537.36 https://localhost:44389/EmployeeTimes/Create 200 0 0 237
2019-02-25 14:14:17 ::1 GET /Identity/Account/Login - 44389 - ::1 Mozilla/5.0+(Windows+NT+10.0;+Win64;+x64)+AppleWebKit/537.36+(KHTML,+like+Gecko)+Chrome/72.0.3626.109+Safari/537.36 https://localhost:44389/EmployeeTimes 200 0 0 156
2019-02-25 14:14:17 ::1 GET /Identity/lib/jquery-validation/dist/jquery.validate.js - 44389 - ::1 Mozilla/5.0+(Windows+NT+10.0;+Win64;+x64)+AppleWebKit/537.36+(KHTML,+like+Gecko)+Chrome/72.0.3626.109+Safari/537.36 https://localhost:44389/Identity/Account/Login 404 0 0 36
2019-02-25 14:14:17 ::1 GET /Identity/lib/jquery-validation-unobtrusive/jquery.validate.unobtrusive.js - 44389 - ::1 Mozilla/5.0+(Windows+NT+10.0;+Win64;+x64)+AppleWebKit/537.36+(KHTML,+like+Gecko)+Chrome/72.0.3626.109+Safari/537.36 https://localhost:44389/Identity/Account/Login 404 0 0 59
2019-02-25 14:14:20 ::1 POST /Identity/Account/Login - 44389 - ::1 Mozilla/5.0+(Windows+NT+10.0;+Win64;+x64)+AppleWebKit/537.36+(KHTML,+like+Gecko)+Chrome/72.0.3626.109+Safari/537.36 https://localhost:44389/Identity/Account/Login 302 0 0 1285
2019-02-25 14:14:20 ::1 GET / - 44389 - ::1 Mozilla/5.0+(Windows+NT+10.0;+Win64;+x64)+AppleWebKit/537.36+(KHTML,+like+Gecko)+Chrome/72.0.3626.109+Safari/537.36 https://localhost:44389/Identity/Account/Login 200 0 0 70
2019-02-25 14:14:22 ::1 GET /EmployeeTimes - 44389 - ::1 Mozilla/5.0+(Windows+NT+10.0;+Win64;+x64)+AppleWebKit/537.36+(KHTML,+like+Gecko)+Chrome/72.0.3626.109+Safari/537.36 https://localhost:44389/ 200 0 0 306
2019-02-25 14:14:55 ::1 GET /EmployeeTimes - 44389 - ::1 Mozilla/5.0+(Windows+NT+10.0;+Win64;+x64)+AppleWebKit/537.36+(KHTML,+like+Gecko)+Chrome/72.0.3626.109+Safari/537.36 https://localhost:44389/ 200 0 0 3013
2019-02-25 14:14:55 ::1 GET /favicon.ico - 44389 - ::1 Mozilla/5.0+(Windows+NT+10.0;+Win64;+x64)+AppleWebKit/537.36+(KHTML,+like+Gecko)+Chrome/72.0.3626.109+Safari/537.36 https://localhost:44389/EmployeeTimes 200 0 0 30
2019-02-25 14:15:14 ::1 GET /EmployeeTimes/ExportToExcel - 44389 - ::1 Mozilla/5.0+(Windows+NT+10.0;+Win64;+x64)+AppleWebKit/537.36+(KHTML,+like+Gecko)+Chrome/72.0.3626.109+Safari/537.36 https://localhost:44389/EmployeeTimes 200 0 0 232
2019-02-25 14:15:37 ::1 GET /EmployeeTimes/ExportToExcel - 44389 - ::1 Mozilla/5.0+(Windows+NT+10.0;+Win64;+x64)+AppleWebKit/537.36+(KHTML,+like+Gecko)+Chrome/72.0.3626.109+Safari/537.36 https://localhost:44389/EmployeeTimes 200 0 0 247
2019-02-25 14:24:05 ::1 GET /EmployeeTimes/Create - 44389 - ::1 Mozilla/5.0+(Windows+NT+10.0;+Win64;+x64)+AppleWebKit/537.36+(KHTML,+like+Gecko)+Chrome/72.0.3626.109+Safari/537.36 https://localhost:44389/EmployeeTimes 200 0 0 738
2019-02-25 14:24:26 ::1 POST /EmployeeTimes/Create - 44389 - ::1 Mozilla/5.0+(Windows+NT+10.0;+Win64;+x64)+AppleWebKit/537.36+(KHTML,+like+Gecko)+Chrome/72.0.3626.109+Safari/537.36 https://localhost:44389/EmployeeTimes/Create 302 0 0 421
2019-02-25 14:24:26 ::1 GET /EmployeeTimes - 44389 - ::1 Mozilla/5.0+(Windows+NT+10.0;+Win64;+x64)+AppleWebKit/537.36+(KHTML,+like+Gecko)+Chrome/72.0.3626.109+Safari/537.36 https://localhost:44389/EmployeeTimes/Create 200 0 0 358
2019-02-25 14:24:32 ::1 GET /EmployeeTimes SortOrder=Hours 44389 - ::1 Mozilla/5.0+(Windows+NT+10.0;+Win64;+x64)+AppleWebKit/537.36+(KHTML,+like+Gecko)+Chrome/72.0.3626.109+Safari/537.36 https://localhost:44389/EmployeeTimes 200 0 0 325
2019-02-25 14:24:34 ::1 GET /EmployeeTimes SortOrder=CustomerName 44389 - ::1 Mozilla/5.0+(Windows+NT+10.0;+Win64;+x64)+AppleWebKit/537.36+(KHTML,+like+Gecko)+Chrome/72.0.3626.109+Safari/537.36 https://localhost:44389/EmployeeTimes?SortOrder=Hours 200 0 0 270
2019-02-25 14:24:37 ::1 GET /EmployeeTimes SortOrder=CustomerName_desc 44389 - ::1 Mozilla/5.0+(Windows+NT+10.0;+Win64;+x64)+AppleWebKit/537.36+(KHTML,+like+Gecko)+Chrome/72.0.3626.109+Safari/537.36 https://localhost:44389/EmployeeTimes?SortOrder=CustomerName 200 0 0 282
2019-02-25 14:24:39 ::1 GET /EmployeeTimes SortOrder=ProjectName 44389 - ::1 Mozilla/5.0+(Windows+NT+10.0;+Win64;+x64)+AppleWebKit/537.36+(KHTML,+like+Gecko)+Chrome/72.0.3626.109+Safari/537.36 https://localhost:44389/EmployeeTimes?SortOrder=CustomerName_desc 200 0 0 262
2019-02-25 14:24:53 ::1 GET /EmployeeTimes/ExportToExcel - 44389 - ::1 Mozilla/5.0+(Windows+NT+10.0;+Win64;+x64)+AppleWebKit/537.36+(KHTML,+like+Gecko)+Chrome/72.0.3626.109+Safari/537.36 https://localhost:44389/EmployeeTimes?SortOrder=ProjectName 200 0 0 256
2019-02-25 14:26:41 ::1 GET /EmployeeTimes SortOrder=ProjectName 44389 - ::1 Mozilla/5.0+(Windows+NT+10.0;+Win64;+x64)+AppleWebKit/537.36+(KHTML,+like+Gecko)+Chrome/72.0.3626.109+Safari/537.36 https://localhost:44389/EmployeeTimes?SortOrder=CustomerName_desc 200 0 0 776
2019-02-25 14:26:41 ::1 GET /favicon.ico - 44389 - ::1 Mozilla/5.0+(Windows+NT+10.0;+Win64;+x64)+AppleWebKit/537.36+(KHTML,+like+Gecko)+Chrome/72.0.3626.109+Safari/537.36 https://localhost:44389/EmployeeTimes?SortOrder=ProjectName 200 0 0 31
2019-02-25 14:26:43 ::1 GET /EmployeeTimes/ExportToExcel - 44389 - ::1 Mozilla/5.0+(Windows+NT+10.0;+Win64;+x64)+AppleWebKit/537.36+(KHTML,+like+Gecko)+Chrome/72.0.3626.109+Safari/537.36 https://localhost:44389/EmployeeTimes?SortOrder=ProjectName 200 0 0 221
#Software: Microsoft Internet Information Services 10.0
#Version: 1.0
#Date: 2019-02-25 15:17:39
#Fields: date time s-ip cs-method cs-uri-stem cs-uri-query s-port cs-username c-ip cs(User-Agent) cs(Referer) sc-status sc-substatus sc-win32-status time-taken
2019-02-25 15:17:39 ::1 DEBUG / - 50267 - ::1 - - 200 0 64 11958
2019-02-25 15:17:41 ::1 GET / - 44389 - ::1 Mozilla/5.0+(Windows+NT+10.0;+Win64;+x64)+AppleWebKit/537.36+(KHTML,+like+Gecko)+Chrome/72.0.3626.109+Safari/537.36 - 200 0 0 10730
2019-02-25 15:18:03 ::1 GET /EmployeeTimes - 44389 - ::1 Mozilla/5.0+(Windows+NT+10.0;+Win64;+x64)+AppleWebKit/537.36+(KHTML,+like+Gecko)+Chrome/72.0.3626.109+Safari/537.36 https://localhost:44389/ 200 0 0 2102
2019-02-25 15:18:05 ::1 GET /EmployeeTimes/ExportToExcel - 44389 - ::1 Mozilla/5.0+(Windows+NT+10.0;+Win64;+x64)+AppleWebKit/537.36+(KHTML,+like+Gecko)+Chrome/72.0.3626.109+Safari/537.36 https://localhost:44389/EmployeeTimes 200 0 0 887
2019-02-25 15:18:22 ::1 GET /EmployeeTimes/ExportToExcel - 44389 - ::1 Mozilla/5.0+(Windows+NT+10.0;+Win64;+x64)+AppleWebKit/537.36+(KHTML,+like+Gecko)+Chrome/72.0.3626.109+Safari/537.36 https://localhost:44389/EmployeeTimes 200 0 0 229
#Software: Microsoft Internet Information Services 10.0
#Version: 1.0
#Date: 2019-02-25 17:11:53
#Fields: date time s-ip cs-method cs-uri-stem cs-uri-query s-port cs-username c-ip cs(User-Agent) cs(Referer) sc-status sc-substatus sc-win32-status time-taken
2019-02-25 17:11:53 ::1 DEBUG / - 50267 - ::1 - - 200 0 64 10546
2019-02-25 17:11:54 ::1 GET / - 44389 - ::1 Mozilla/5.0+(Windows+NT+10.0;+Win64;+x64)+AppleWebKit/537.36+(KHTML,+like+Gecko)+Chrome/72.0.3626.109+Safari/537.36 - 200 0 0 9432
2019-02-25 17:11:58 ::1 GET /EmployeeTimes - 44389 - ::1 Mozilla/5.0+(Windows+NT+10.0;+Win64;+x64)+AppleWebKit/537.36+(KHTML,+like+Gecko)+Chrome/72.0.3626.109+Safari/537.36 https://localhost:44389/ 200 0 0 2110
2019-02-25 17:11:58 ::1 GET /bootstrap.min.css - 44389 - ::1 Mozilla/5.0+(Windows+NT+10.0;+Win64;+x64)+AppleWebKit/537.36+(KHTML,+like+Gecko)+Chrome/72.0.3626.109+Safari/537.36 https://localhost:44389/EmployeeTimes 404 0 0 27
2019-02-25 17:14:39 ::1 GET /EmployeeTimes - 44389 - ::1 Mozilla/5.0+(Windows+NT+10.0;+Win64;+x64)+AppleWebKit/537.36+(KHTML,+like+Gecko)+Chrome/72.0.3626.109+Safari/537.36 https://localhost:44389/ 200 0 0 2589
2019-02-25 17:14:39 ::1 GET /bootstrap.min.css - 44389 - ::1 Mozilla/5.0+(Windows+NT+10.0;+Win64;+x64)+AppleWebKit/537.36+(KHTML,+like+Gecko)+Chrome/72.0.3626.109+Safari/537.36 https://localhost:44389/EmployeeTimes 404 0 0 26
2019-02-25 17:14:39 ::1 GET /favicon.ico - 44389 - ::1 Mozilla/5.0+(Windows+NT+10.0;+Win64;+x64)+AppleWebKit/537.36+(KHTML,+like+Gecko)+Chrome/72.0.3626.109+Safari/537.36 https://localhost:44389/EmployeeTimes 200 0 0 41
2019-02-25 17:21:34 ::1 GET /EmployeeTimes - 44389 - ::1 Mozilla/5.0+(Windows+NT+10.0;+Win64;+x64)+AppleWebKit/537.36+(KHTML,+like+Gecko)+Chrome/72.0.3626.109+Safari/537.36 https://localhost:44389/ 200 0 0 858
2019-02-25 17:21:34 ::1 GET /favicon.ico - 44389 - ::1 Mozilla/5.0+(Windows+NT+10.0;+Win64;+x64)+AppleWebKit/537.36+(KHTML,+like+Gecko)+Chrome/72.0.3626.109+Safari/537.36 https://localhost:44389/EmployeeTimes 200 0 0 24
2019-02-25 17:21:36 ::1 GET /EmployeeTimes/ExportToExcel - 44389 - ::1 Mozilla/5.0+(Windows+NT+10.0;+Win64;+x64)+AppleWebKit/537.36+(KHTML,+like+Gecko)+Chrome/72.0.3626.109+Safari/537.36 https://localhost:44389/EmployeeTimes 200 0 0 848
#Software: Microsoft Internet Information Services 10.0
#Version: 1.0
#Date: 2019-02-25 17:22:49
#Fields: date time s-ip cs-method cs-uri-stem cs-uri-query s-port cs-username c-ip cs(User-Agent) cs(Referer) sc-status sc-substatus sc-win32-status time-taken
2019-02-25 17:22:49 ::1 DEBUG / - 50267 - ::1 - - 200 0 64 10820
2019-02-25 17:22:51 ::1 GET / - 44389 - ::1 Mozilla/5.0+(Windows+NT+10.0;+Win64;+x64)+AppleWebKit/537.36+(KHTML,+like+Gecko)+Chrome/72.0.3626.109+Safari/537.36 - 200 0 0 9285
2019-02-25 17:22:56 ::1 GET /EmployeeTimes - 44389 - ::1 Mozilla/5.0+(Windows+NT+10.0;+Win64;+x64)+AppleWebKit/537.36+(KHTML,+like+Gecko)+Chrome/72.0.3626.109+Safari/537.36 https://localhost:44389/ 200 0 0 1964
2019-02-25 17:22:59 ::1 GET /EmployeeTimes/ExportToExcel - 44389 - ::1 Mozilla/5.0+(Windows+NT+10.0;+Win64;+x64)+AppleWebKit/537.36+(KHTML,+like+Gecko)+Chrome/72.0.3626.109+Safari/537.36 https://localhost:44389/EmployeeTimes 200 0 0 870
2019-02-25 17:24:16 ::1 GET /EmployeeTimes/ExportToExcel - 44389 - ::1 Mozilla/5.0+(Windows+NT+10.0;+Win64;+x64)+AppleWebKit/537.36+(KHTML,+like+Gecko)+Chrome/72.0.3626.109+Safari/537.36 https://localhost:44389/EmployeeTimes 200 0 0 292
2019-02-25 17:25:45 ::1 DEBUG / - 50267 - ::1 - - 200 0 64 8286
2019-02-25 17:25:46 ::1 GET / - 44389 - ::1 Mozilla/5.0+(Windows+NT+10.0;+Win64;+x64)+AppleWebKit/537.36+(KHTML,+like+Gecko)+Chrome/72.0.3626.109+Safari/537.36 - 200 0 0 6932
2019-02-25 17:25:50 ::1 GET /EmployeeTimes - 44389 - ::1 Mozilla/5.0+(Windows+NT+10.0;+Win64;+x64)+AppleWebKit/537.36+(KHTML,+like+Gecko)+Chrome/72.0.3626.109+Safari/537.36 https://localhost:44389/ 200 0 0 2420
2019-02-25 17:30:13 ::1 GET /EmployeeTimes/ExportToExcel - 44389 - ::1 Mozilla/5.0+(Windows+NT+10.0;+Win64;+x64)+AppleWebKit/537.36+(KHTML,+like+Gecko)+Chrome/72.0.3626.109+Safari/537.36 https://localhost:44389/EmployeeTimes 200 0 0 259263
2019-02-25 17:30:30 ::1 GET /EmployeeTimes - 44389 - ::1 Mozilla/5.0+(Windows+NT+10.0;+Win64;+x64)+AppleWebKit/537.36+(KHTML,+like+Gecko)+Chrome/72.0.3626.109+Safari/537.36 https://localhost:44389/ 200 0 0 549
2019-02-25 17:30:30 ::1 GET /favicon.ico - 44389 - ::1 Mozilla/5.0+(Windows+NT+10.0;+Win64;+x64)+AppleWebKit/537.36+(KHTML,+like+Gecko)+Chrome/72.0.3626.109+Safari/537.36 https://localhost:44389/EmployeeTimes 200 0 0 64
2019-02-25 17:30:49 ::1 GET /EmployeeTimes/ExportToExcel - 44389 - ::1 Mozilla/5.0+(Windows+NT+10.0;+Win64;+x64)+AppleWebKit/537.36+(KHTML,+like+Gecko)+Chrome/72.0.3626.109+Safari/537.36 https://localhost:44389/EmployeeTimes 200 0 0 18437
2019-02-25 17:31:10 ::1 GET /EmployeeTimes/ExportToExcel - 44389 - ::1 Mozilla/5.0+(Windows+NT+10.0;+Win64;+x64)+AppleWebKit/537.36+(KHTML,+like+Gecko)+Chrome/72.0.3626.109+Safari/537.36 https://localhost:44389/EmployeeTimes 502 3 12030 10475
#Software: Microsoft Internet Information Services 10.0
#Version: 1.0
#Date: 2019-02-25 17:31:29
#Fields: date time s-ip cs-method cs-uri-stem cs-uri-query s-port cs-username c-ip cs(User-Agent) cs(Referer) sc-status sc-substatus sc-win32-status time-taken
2019-02-25 17:31:29 ::1 DEBUG / - 50267 - ::1 - - 200 0 64 8680
2019-02-25 17:31:31 ::1 GET / - 44389 - ::1 Mozilla/5.0+(Windows+NT+10.0;+Win64;+x64)+AppleWebKit/537.36+(KHTML,+like+Gecko)+Chrome/72.0.3626.109+Safari/537.36 - 200 0 0 7129
2019-02-25 17:31:35 ::1 GET /EmployeeTimes - 44389 - ::1 Mozilla/5.0+(Windows+NT+10.0;+Win64;+x64)+AppleWebKit/537.36+(KHTML,+like+Gecko)+Chrome/72.0.3626.109+Safari/537.36 https://localhost:44389/ 200 0 0 1792
2019-02-25 17:31:37 ::1 GET /EmployeeTimes/ExportToExcel - 44389 - ::1 Mozilla/5.0+(Windows+NT+10.0;+Win64;+x64)+AppleWebKit/537.36+(KHTML,+like+Gecko)+Chrome/72.0.3626.109+Safari/537.36 https://localhost:44389/EmployeeTimes 200 0 0 1069
2019-02-25 17:35:16 ::1 GET /EmployeeTimes/ExportToExcel - 44389 - ::1 Mozilla/5.0+(Windows+NT+10.0;+Win64;+x64)+AppleWebKit/537.36+(KHTML,+like+Gecko)+Chrome/72.0.3626.109+Safari/537.36 https://localhost:44389/EmployeeTimes 400 0 64 191207
2019-02-25 17:35:17 ::1 GET /EmployeeTimes/ExportToExcel - 44389 - ::1 Mozilla/5.0+(Windows+NT+10.0;+Win64;+x64)+AppleWebKit/537.36+(KHTML,+like+Gecko)+Chrome/72.0.3626.109+Safari/537.36 https://localhost:44389/EmployeeTimes 400 0 64 11641
2019-02-25 17:35:17 ::1 GET /EmployeeTimes/ExportToExcel - 44389 - ::1 Mozilla/5.0+(Windows+NT+10.0;+Win64;+x64)+AppleWebKit/537.36+(KHTML,+like+Gecko)+Chrome/72.0.3626.109+Safari/537.36 https://localhost:44389/EmployeeTimes 400 0 64 23361
2019-02-25 17:35:17 ::1 GET /EmployeeTimes - 44389 - ::1 Mozilla/5.0+(Windows+NT+10.0;+Win64;+x64)+AppleWebKit/537.36+(KHTML,+like+Gecko)+Chrome/72.0.3626.109+Safari/537.36 https://localhost:44389/ 200 0 0 11381
2019-02-25 17:35:17 ::1 GET /favicon.ico - 44389 - ::1 Mozilla/5.0+(Windows+NT+10.0;+Win64;+x64)+AppleWebKit/537.36+(KHTML,+like+Gecko)+Chrome/72.0.3626.109+Safari/537.36 https://localhost:44389/EmployeeTimes 200 0 0 52
2019-02-25 17:35:17 ::1 GET /EmployeeTimes/ExportToExcel - 44389 - ::1 Mozilla/5.0+(Windows+NT+10.0;+Win64;+x64)+AppleWebKit/537.36+(KHTML,+like+Gecko)+Chrome/72.0.3626.109+Safari/537.36 https://localhost:44389/EmployeeTimes 200 0 0 200
#Software: Microsoft Internet Information Services 10.0
#Version: 1.0
#Date: 2019-02-25 17:50:50
#Fields: date time s-ip cs-method cs-uri-stem cs-uri-query s-port cs-username c-ip cs(User-Agent) cs(Referer) sc-status sc-substatus sc-win32-status time-taken
2019-02-25 17:50:50 ::1 DEBUG / - 50267 - ::1 - - 200 0 64 9901
2019-02-25 17:50:52 ::1 GET / - 44389 - ::1 Mozilla/5.0+(Windows+NT+10.0;+Win64;+x64)+AppleWebKit/537.36+(KHTML,+like+Gecko)+Chrome/72.0.3626.109+Safari/537.36 - 200 0 0 8426
2019-02-25 17:50:56 ::1 GET /EmployeeTimes - 44389 - ::1 Mozilla/5.0+(Windows+NT+10.0;+Win64;+x64)+AppleWebKit/537.36+(KHTML,+like+Gecko)+Chrome/72.0.3626.109+Safari/537.36 https://localhost:44389/ 200 0 0 1807
2019-02-25 17:52:20 ::1 GET /EmployeeTimes/ExportToExcel - 44389 - ::1 Mozilla/5.0+(Windows+NT+10.0;+Win64;+x64)+AppleWebKit/537.36+(KHTML,+like+Gecko)+Chrome/72.0.3626.109+Safari/537.36 https://localhost:44389/EmployeeTimes 502 3 12030 81993
#Software: Microsoft Internet Information Services 10.0
#Version: 1.0
#Date: 2019-02-25 17:54:29
#Fields: date time s-ip cs-method cs-uri-stem cs-uri-query s-port cs-username c-ip cs(User-Agent) cs(Referer) sc-status sc-substatus sc-win32-status time-taken
2019-02-25 17:54:29 ::1 DEBUG / - 50267 - ::1 - - 200 0 64 8837
2019-02-25 17:54:30 ::1 GET / - 44389 - ::1 Mozilla/5.0+(Windows+NT+10.0;+Win64;+x64)+AppleWebKit/537.36+(KHTML,+like+Gecko)+Chrome/72.0.3626.109+Safari/537.36 - 200 0 0 7606
2019-02-25 17:54:34 ::1 GET /EmployeeTimes - 44389 - ::1 Mozilla/5.0+(Windows+NT+10.0;+Win64;+x64)+AppleWebKit/537.36+(KHTML,+like+Gecko)+Chrome/72.0.3626.109+Safari/537.36 https://localhost:44389/ 200 0 0 1950
2019-02-25 17:56:49 ::1 GET /EmployeeTimes/ExportToExcel - 44389 - ::1 Mozilla/5.0+(Windows+NT+10.0;+Win64;+x64)+AppleWebKit/537.36+(KHTML,+like+Gecko)+Chrome/72.0.3626.109+Safari/537.36 https://localhost:44389/EmployeeTimes 502 3 12030 133483
#Software: Microsoft Internet Information Services 10.0
#Version: 1.0
#Date: 2019-02-25 17:59:24
#Fields: date time s-ip cs-method cs-uri-stem cs-uri-query s-port cs-username c-ip cs(User-Agent) cs(Referer) sc-status sc-substatus sc-win32-status time-taken
2019-02-25 17:59:24 ::1 DEBUG / - 50267 - ::1 - - 200 0 64 11007
2019-02-25 17:59:26 ::1 GET / - 44389 - ::1 Mozilla/5.0+(Windows+NT+10.0;+Win64;+x64)+AppleWebKit/537.36+(KHTML,+like+Gecko)+Chrome/72.0.3626.109+Safari/537.36 - 200 0 0 10084
2019-02-25 17:59:30 ::1 GET /EmployeeTimes - 44389 - ::1 Mozilla/5.0+(Windows+NT+10.0;+Win64;+x64)+AppleWebKit/537.36+(KHTML,+like+Gecko)+Chrome/72.0.3626.109+Safari/537.36 https://localhost:44389/ 200 0 0 1838
2019-02-25 18:02:23 ::1 GET /EmployeeTimes/ExportToExcel - 44389 - ::1 Mozilla/5.0+(Windows+NT+10.0;+Win64;+x64)+AppleWebKit/537.36+(KHTML,+like+Gecko)+Chrome/72.0.3626.109+Safari/537.36 https://localhost:44389/EmployeeTimes 502 3 12030 170226
#Software: Microsoft Internet Information Services 10.0
#Version: 1.0
#Date: 2019-02-25 18:15:23
#Fields: date time s-ip cs-method cs-uri-stem cs-uri-query s-port cs-username c-ip cs(User-Agent) cs(Referer) sc-status sc-substatus sc-win32-status time-taken
2019-02-25 18:15:23 ::1 DEBUG / - 50267 - ::1 - - 200 0 64 9210
2019-02-25 18:15:25 ::1 GET / - 44389 - ::1 Mozilla/5.0+(Windows+NT+10.0;+Win64;+x64)+AppleWebKit/537.36+(KHTML,+like+Gecko)+Chrome/72.0.3626.109+Safari/537.36 - 200 0 0 7381
2019-02-25 18:15:29 ::1 GET /EmployeeTimes - 44389 - ::1 Mozilla/5.0+(Windows+NT+10.0;+Win64;+x64)+AppleWebKit/537.36+(KHTML,+like+Gecko)+Chrome/72.0.3626.109+Safari/537.36 https://localhost:44389/ 200 0 0 2094
2019-02-25 18:15:49 ::1 GET /EmployeeTimes/ExportExcel - 44389 - ::1 Mozilla/5.0+(Windows+NT+10.0;+Win64;+x64)+AppleWebKit/537.36+(KHTML,+like+Gecko)+Chrome/72.0.3626.109+Safari/537.36 https://localhost:44389/EmployeeTimes 500 0 0 9196
#Software: Microsoft Internet Information Services 10.0
#Version: 1.0
#Date: 2019-02-25 18:17:36
#Fields: date time s-ip cs-method cs-uri-stem cs-uri-query s-port cs-username c-ip cs(User-Agent) cs(Referer) sc-status sc-substatus sc-win32-status time-taken
2019-02-25 18:17:36 ::1 DEBUG / - 50267 - ::1 - - 200 0 64 9036
2019-02-25 18:17:38 ::1 GET / - 44389 - ::1 Mozilla/5.0+(Windows+NT+10.0;+Win64;+x64)+AppleWebKit/537.36+(KHTML,+like+Gecko)+Chrome/72.0.3626.109+Safari/537.36 - 200 0 0 7594
2019-02-25 18:17:48 ::1 GET /EmployeeTimes - 44389 - ::1 Mozilla/5.0+(Windows+NT+10.0;+Win64;+x64)+AppleWebKit/537.36+(KHTML,+like+Gecko)+Chrome/72.0.3626.109+Safari/537.36 https://localhost:44389/ 200 0 0 1915
2019-02-25 18:18:11 ::1 GET /EmployeeTimes/ExportExcel - 44389 - ::1 Mozilla/5.0+(Windows+NT+10.0;+Win64;+x64)+AppleWebKit/537.36+(KHTML,+like+Gecko)+Chrome/72.0.3626.109+Safari/537.36 https://localhost:44389/EmployeeTimes 200 0 0 21260
#Software: Microsoft Internet Information Services 10.0
#Version: 1.0
#Date: 2019-02-25 18:28:52
#Fields: date time s-ip cs-method cs-uri-stem cs-uri-query s-port cs-username c-ip cs(User-Agent) cs(Referer) sc-status sc-substatus sc-win32-status time-taken
2019-02-25 18:28:52 ::1 DEBUG / - 50267 - ::1 - - 200 0 64 10507
2019-02-25 18:28:53 ::1 GET / - 44389 - ::1 Mozilla/5.0+(Windows+NT+10.0;+Win64;+x64)+AppleWebKit/537.36+(KHTML,+like+Gecko)+Chrome/72.0.3626.109+Safari/537.36 - 502 3 64 8503
#Software: Microsoft Internet Information Services 10.0
#Version: 1.0
#Date: 2019-02-25 18:30:27
#Fields: date time s-ip cs-method cs-uri-stem cs-uri-query s-port cs-username c-ip cs(User-Agent) cs(Referer) sc-status sc-substatus sc-win32-status time-taken
2019-02-25 18:30:27 ::1 DEBUG / - 50267 - ::1 - - 200 0 64 11197
2019-02-25 18:30:29 ::1 GET / - 44389 - ::1 Mozilla/5.0+(Windows+NT+10.0;+Win64;+x64)+AppleWebKit/537.36+(KHTML,+like+Gecko)+Chrome/72.0.3626.109+Safari/537.36 - 200 0 0 9880
2019-02-25 18:32:20 ::1 GET /EmployeeTimes - 44389 - ::1 Mozilla/5.0+(Windows+NT+10.0;+Win64;+x64)+AppleWebKit/537.36+(KHTML,+like+Gecko)+Chrome/72.0.3626.109+Safari/537.36 https://localhost:44389/ 200 0 0 2564
2019-02-25 18:32:35 ::1 GET /EmployeeTimes/ExportExcel - 44389 - ::1 Mozilla/5.0+(Windows+NT+10.0;+Win64;+x64)+AppleWebKit/537.36+(KHTML,+like+Gecko)+Chrome/72.0.3626.109+Safari/537.36 https://localhost:44389/EmployeeTimes 500 0 0 13554
#Software: Microsoft Internet Information Services 10.0
#Version: 1.0
#Date: 2019-02-25 18:33:41
#Fields: date time s-ip cs-method cs-uri-stem cs-uri-query s-port cs-username c-ip cs(User-Agent) cs(Referer) sc-status sc-substatus sc-win32-status time-taken
2019-02-25 18:33:41 ::1 DEBUG / - 50267 - ::1 - - 200 0 64 9426
2019-02-25 18:33:42 ::1 GET / - 44389 - ::1 Mozilla/5.0+(Windows+NT+10.0;+Win64;+x64)+AppleWebKit/537.36+(KHTML,+like+Gecko)+Chrome/72.0.3626.109+Safari/537.36 - 200 0 0 7692
2019-02-25 18:33:46 ::1 GET /EmployeeTimes - 44389 - ::1 Mozilla/5.0+(Windows+NT+10.0;+Win64;+x64)+AppleWebKit/537.36+(KHTML,+like+Gecko)+Chrome/72.0.3626.109+Safari/537.36 https://localhost:44389/ 200 0 0 1823
2019-02-25 18:33:58 ::1 GET /EmployeeTimes/ExportExcel - 44389 - ::1 Mozilla/5.0+(Windows+NT+10.0;+Win64;+x64)+AppleWebKit/537.36+(KHTML,+like+Gecko)+Chrome/72.0.3626.109+Safari/537.36 https://localhost:44389/EmployeeTimes 500 0 0 10150
#Software: Microsoft Internet Information Services 10.0
#Version: 1.0
#Date: 2019-02-25 18:35:16
#Fields: date time s-ip cs-method cs-uri-stem cs-uri-query s-port cs-username c-ip cs(User-Agent) cs(Referer) sc-status sc-substatus sc-win32-status time-taken
2019-02-25 18:35:16 ::1 DEBUG / - 50267 - ::1 - - 200 0 64 10253
2019-02-25 18:35:17 ::1 GET / - 44389 - ::1 Mozilla/5.0+(Windows+NT+10.0;+Win64;+x64)+AppleWebKit/537.36+(KHTML,+like+Gecko)+Chrome/72.0.3626.109+Safari/537.36 - 200 0 0 8654
2019-02-25 18:35:21 ::1 GET /EmployeeTimes - 44389 - ::1 Mozilla/5.0+(Windows+NT+10.0;+Win64;+x64)+AppleWebKit/537.36+(KHTML,+like+Gecko)+Chrome/72.0.3626.109+Safari/537.36 https://localhost:44389/ 200 0 0 2279
2019-02-25 18:35:24 ::1 GET /EmployeeTimes/ExportExcel - 44389 - ::1 Mozilla/5.0+(Windows+NT+10.0;+Win64;+x64)+AppleWebKit/537.36+(KHTML,+like+Gecko)+Chrome/72.0.3626.109+Safari/537.36 https://localhost:44389/EmployeeTimes 500 0 0 835
#Software: Microsoft Internet Information Services 10.0
#Version: 1.0
#Date: 2019-02-25 18:36:41
#Fields: date time s-ip cs-method cs-uri-stem cs-uri-query s-port cs-username c-ip cs(User-Agent) cs(Referer) sc-status sc-substatus sc-win32-status time-taken
2019-02-25 18:36:41 ::1 DEBUG / - 50267 - ::1 - - 200 0 64 10424
2019-02-25 18:36:43 ::1 GET / - 44389 - ::1 Mozilla/5.0+(Windows+NT+10.0;+Win64;+x64)+AppleWebKit/537.36+(KHTML,+like+Gecko)+Chrome/72.0.3626.109+Safari/537.36 - 200 0 0 8402
2019-02-25 18:36:47 ::1 GET /EmployeeTimes - 44389 - ::1 Mozilla/5.0+(Windows+NT+10.0;+Win64;+x64)+AppleWebKit/537.36+(KHTML,+like+Gecko)+Chrome/72.0.3626.109+Safari/537.36 https://localhost:44389/ 200 0 0 2801
2019-02-25 18:36:49 ::1 GET /EmployeeTimes/ExportExcel - 44389 - ::1 Mozilla/5.0+(Windows+NT+10.0;+Win64;+x64)+AppleWebKit/537.36+(KHTML,+like+Gecko)+Chrome/72.0.3626.109+Safari/537.36 https://localhost:44389/EmployeeTimes 200 0 0 1177
#Software: Microsoft Internet Information Services 10.0
#Version: 1.0
#Date: 2019-02-25 18:38:58
#Fields: date time s-ip cs-method cs-uri-stem cs-uri-query s-port cs-username c-ip cs(User-Agent) cs(Referer) sc-status sc-substatus sc-win32-status time-taken
2019-02-25 18:38:58 ::1 DEBUG / - 50267 - ::1 - - 200 0 64 11437
2019-02-25 18:38:59 ::1 GET / - 44389 - ::1 Mozilla/5.0+(Windows+NT+10.0;+Win64;+x64)+AppleWebKit/537.36+(KHTML,+like+Gecko)+Chrome/72.0.3626.109+Safari/537.36 - 200 0 0 9025
2019-02-25 18:39:03 ::1 GET /EmployeeTimes - 44389 - ::1 Mozilla/5.0+(Windows+NT+10.0;+Win64;+x64)+AppleWebKit/537.36+(KHTML,+like+Gecko)+Chrome/72.0.3626.109+Safari/537.36 https://localhost:44389/ 200 0 0 2168
2019-02-25 18:39:06 ::1 GET /EmployeeTimes/ExportExcel - 44389 - ::1 Mozilla/5.0+(Windows+NT+10.0;+Win64;+x64)+AppleWebKit/537.36+(KHTML,+like+Gecko)+Chrome/72.0.3626.109+Safari/537.36 https://localhost:44389/EmployeeTimes 200 0 0 943
#Software: Microsoft Internet Information Services 10.0
#Version: 1.0
#Date: 2019-02-25 18:40:25
#Fields: date time s-ip cs-method cs-uri-stem cs-uri-query s-port cs-username c-ip cs(User-Agent) cs(Referer) sc-status sc-substatus sc-win32-status time-taken
2019-02-25 18:40:25 ::1 DEBUG / - 50267 - ::1 - - 200 0 64 11519
2019-02-25 18:40:26 ::1 GET / - 44389 - ::1 Mozilla/5.0+(Windows+NT+10.0;+Win64;+x64)+AppleWebKit/537.36+(KHTML,+like+Gecko)+Chrome/72.0.3626.109+Safari/537.36 - 200 0 0 8798
2019-02-25 18:42:25 ::1 GET /EmployeeTimes - 44389 - ::1 Mozilla/5.0+(Windows+NT+10.0;+Win64;+x64)+AppleWebKit/537.36+(KHTML,+like+Gecko)+Chrome/72.0.3626.109+Safari/537.36 https://localhost:44389/ 200 0 0 2396
2019-02-25 18:42:28 ::1 GET /EmployeeTimes/ExportExcel - 44389 - ::1 Mozilla/5.0+(Windows+NT+10.0;+Win64;+x64)+AppleWebKit/537.36+(KHTML,+like+Gecko)+Chrome/72.0.3626.109+Safari/537.36 https://localhost:44389/EmployeeTimes 200 0 0 1086
#Software: Microsoft Internet Information Services 10.0
#Version: 1.0
#Date: 2019-02-25 20:01:13
#Fields: date time s-ip cs-method cs-uri-stem cs-uri-query s-port cs-username c-ip cs(User-Agent) cs(Referer) sc-status sc-substatus sc-win32-status time-taken
2019-02-25 20:01:13 ::1 GET /EmployeeTimes/Create - 44389 - ::1 Mozilla/5.0+(Windows+NT+10.0;+Win64;+x64)+AppleWebKit/537.36+(KHTML,+like+Gecko)+Chrome/72.0.3626.109+Safari/537.36 https://localhost:44389/EmployeeTimes 200 0 0 947
2019-02-25 20:01:41 ::1 POST /EmployeeTimes/Create - 44389 - ::1 Mozilla/5.0+(Windows+NT+10.0;+Win64;+x64)+AppleWebKit/537.36+(KHTML,+like+Gecko)+Chrome/72.0.3626.109+Safari/537.36 https://localhost:44389/EmployeeTimes/Create 302 0 0 643
2019-02-25 20:01:41 ::1 GET /EmployeeTimes - 44389 - ::1 Mozilla/5.0+(Windows+NT+10.0;+Win64;+x64)+AppleWebKit/537.36+(KHTML,+like+Gecko)+Chrome/72.0.3626.109+Safari/537.36 https://localhost:44389/EmployeeTimes/Create 200 0 0 282
2019-02-25 20:02:00 ::1 GET /EmployeeTimes/Create - 44389 - ::1 Mozilla/5.0+(Windows+NT+10.0;+Win64;+x64)+AppleWebKit/537.36+(KHTML,+like+Gecko)+Chrome/72.0.3626.109+Safari/537.36 https://localhost:44389/EmployeeTimes 200 0 0 425
2019-02-25 20:02:01 ::1 GET /Identity/Account/Login - 44389 - ::1 Mozilla/5.0+(Windows+NT+10.0;+Win64;+x64)+AppleWebKit/537.36+(KHTML,+like+Gecko)+Chrome/72.0.3626.109+Safari/537.36 https://localhost:44389/EmployeeTimes/Create 200 0 0 140
2019-02-25 20:02:01 ::1 GET /Identity/lib/jquery-validation-unobtrusive/jquery.validate.unobtrusive.js - 44389 - ::1 Mozilla/5.0+(Windows+NT+10.0;+Win64;+x64)+AppleWebKit/537.36+(KHTML,+like+Gecko)+Chrome/72.0.3626.109+Safari/537.36 https://localhost:44389/Identity/Account/Login 404 0 0 54
2019-02-25 20:02:01 ::1 GET /Identity/lib/jquery-validation/dist/jquery.validate.js - 44389 - ::1 Mozilla/5.0+(Windows+NT+10.0;+Win64;+x64)+AppleWebKit/537.36+(KHTML,+like+Gecko)+Chrome/72.0.3626.109+Safari/537.36 https://localhost:44389/Identity/Account/Login 404 0 0 72
2019-02-25 20:02:01 ::1 GET /Identity/lib/jquery-validation-unobtrusive/jquery.validate.unobtrusive.js - 44389 - ::1 Mozilla/5.0+(Windows+NT+10.0;+Win64;+x64)+AppleWebKit/537.36+(KHTML,+like+Gecko)+Chrome/72.0.3626.109+Safari/537.36 https://localhost:44389/Identity/Account/Login 404 0 0 21
2019-02-25 20:02:04 ::1 POST /Identity/Account/Login - 44389 - ::1 Mozilla/5.0+(Windows+NT+10.0;+Win64;+x64)+AppleWebKit/537.36+(KHTML,+like+Gecko)+Chrome/72.0.3626.109+Safari/537.36 https://localhost:44389/Identity/Account/Login 302 0 0 1240
2019-02-25 20:02:04 ::1 GET / - 44389 - ::1 Mozilla/5.0+(Windows+NT+10.0;+Win64;+x64)+AppleWebKit/537.36+(KHTML,+like+Gecko)+Chrome/72.0.3626.109+Safari/537.36 https://localhost:44389/Identity/Account/Login 200 0 0 82
2019-02-25 20:02:06 ::1 GET /EmployeeTimes - 44389 - ::1 Mozilla/5.0+(Windows+NT+10.0;+Win64;+x64)+AppleWebKit/537.36+(KHTML,+like+Gecko)+Chrome/72.0.3626.109+Safari/537.36 https://localhost:44389/ 200 0 0 283
2019-02-25 20:02:10 ::1 GET /EmployeeTimes/Create - 44389 - ::1 Mozilla/5.0+(Windows+NT+10.0;+Win64;+x64)+AppleWebKit/537.36+(KHTML,+like+Gecko)+Chrome/72.0.3626.109+Safari/537.36 https://localhost:44389/EmployeeTimes 200 0 0 393
2019-02-25 20:02:31 ::1 POST /EmployeeTimes/Create - 44389 - ::1 Mozilla/5.0+(Windows+NT+10.0;+Win64;+x64)+AppleWebKit/537.36+(KHTML,+like+Gecko)+Chrome/72.0.3626.109+Safari/537.36 https://localhost:44389/EmployeeTimes/Create 302 0 0 354
2019-02-25 20:02:31 ::1 GET /EmployeeTimes - 44389 - ::1 Mozilla/5.0+(Windows+NT+10.0;+Win64;+x64)+AppleWebKit/537.36+(KHTML,+like+Gecko)+Chrome/72.0.3626.109+Safari/537.36 https://localhost:44389/EmployeeTimes/Create 200 0 0 266
#Software: Microsoft Internet Information Services 10.0
#Version: 1.0
#Date: 2019-02-25 20:51:57
#Fields: date time s-ip cs-method cs-uri-stem cs-uri-query s-port cs-username c-ip cs(User-Agent) cs(Referer) sc-status sc-substatus sc-win32-status time-taken
2019-02-25 20:51:57 ::1 DEBUG / - 50267 - ::1 - - 200 0 64 15344
2019-02-25 20:52:02 ::1 GET / - 44389 - ::1 Mozilla/5.0+(Windows+NT+10.0;+Win64;+x64)+AppleWebKit/537.36+(KHTML,+like+Gecko)+Chrome/72.0.3626.109+Safari/537.36 - 200 0 0 16509
2019-02-25 20:52:03 ::1 GET /EmployeeTimes - 44389 - ::1 Mozilla/5.0+(Windows+NT+10.0;+Win64;+x64)+AppleWebKit/537.36+(KHTML,+like+Gecko)+Chrome/72.0.3626.109+Safari/537.36 https://localhost:44389/ 200 0 0 125
2019-02-25 20:52:11 ::1 GET /EmployeeTimes - 44389 - ::1 Mozilla/5.0+(Windows+NT+10.0;+Win64;+x64)+AppleWebKit/537.36+(KHTML,+like+Gecko)+Chrome/72.0.3626.109+Safari/537.36 https://localhost:44389/ 200 0 0 39
2019-02-25 20:52:25 ::1 GET /EmployeeTimes - 44389 - ::1 Mozilla/5.0+(Windows+NT+10.0;+Win64;+x64)+AppleWebKit/537.36+(KHTML,+like+Gecko)+Chrome/72.0.3626.109+Safari/537.36 https://localhost:44389/ 200 0 0 52
2019-02-25 20:53:46 ::1 GET /EmployeeTimes - 44389 - ::1 Mozilla/5.0+(Windows+NT+10.0;+Win64;+x64)+AppleWebKit/537.36+(KHTML,+like+Gecko)+Chrome/72.0.3626.109+Safari/537.36 https://localhost:44389/ 200 0 0 89
#Software: Microsoft Internet Information Services 10.0
#Version: 1.0
#Date: 2019-02-25 20:56:54
#Fields: date time s-ip cs-method cs-uri-stem cs-uri-query s-port cs-username c-ip cs(User-Agent) cs(Referer) sc-status sc-substatus sc-win32-status time-taken
2019-02-25 20:56:54 ::1 DEBUG / - 50267 - ::1 - - 200 0 64 13788
2019-02-25 20:56:56 ::1 GET / - 44389 - ::1 Mozilla/5.0+(Windows+NT+10.0;+Win64;+x64)+AppleWebKit/537.36+(KHTML,+like+Gecko)+Chrome/72.0.3626.109+Safari/537.36 - 200 0 0 11090
2019-02-25 20:56:59 ::1 GET /EmployeeTimes - 44389 - ::1 Mozilla/5.0+(Windows+NT+10.0;+Win64;+x64)+AppleWebKit/537.36+(KHTML,+like+Gecko)+Chrome/72.0.3626.109+Safari/537.36 https://localhost:44389/ 200 0 0 2325
2019-02-25 20:57:05 ::1 GET /EmployeeTimes/ExportExcel - 44389 - ::1 Mozilla/5.0+(Windows+NT+10.0;+Win64;+x64)+AppleWebKit/537.36+(KHTML,+like+Gecko)+Chrome/72.0.3626.109+Safari/537.36 https://localhost:44389/EmployeeTimes 200 0 0 1497
