#Software: Microsoft Internet Information Services 10.0
#Version: 1.0
#Date: 2019-02-22 14:03:51
#Fields: date time s-ip cs-method cs-uri-stem cs-uri-query s-port cs-username c-ip cs(User-Agent) cs(Referer) sc-status sc-substatus sc-win32-status time-taken
2019-02-22 14:03:51 ::1 DEBUG / - 50267 - ::1 - - 200 0 64 10449
2019-02-22 14:03:55 ::1 GET / - 44389 - ::1 Mozilla/5.0+(Windows+NT+10.0;+Win64;+x64)+AppleWebKit/537.36+(KHTML,+like+Gecko)+Chrome/72.0.3626.109+Safari/537.36 - 200 0 0 11351
2019-02-22 14:03:55 ::1 GET /images/Redpointe+Blk+Bkgd.jpg - 44389 - ::1 Mozilla/5.0+(Windows+NT+10.0;+Win64;+x64)+AppleWebKit/537.36+(KHTML,+like+Gecko)+Chrome/72.0.3626.109+Safari/537.36 https://localhost:44389/ 304 0 0 102
2019-02-22 14:03:55 ::1 GET /css/site.css - 44389 - ::1 Mozilla/5.0+(Windows+NT+10.0;+Win64;+x64)+AppleWebKit/537.36+(KHTML,+like+Gecko)+Chrome/72.0.3626.109+Safari/537.36 https://localhost:44389/ 304 0 0 103
2019-02-22 14:03:55 ::1 GET /images/theREdPointe.png - 44389 - ::1 Mozilla/5.0+(Windows+NT+10.0;+Win64;+x64)+AppleWebKit/537.36+(KHTML,+like+Gecko)+Chrome/72.0.3626.109+Safari/537.36 https://localhost:44389/ 304 0 0 102
2019-02-22 14:03:55 ::1 GET /js/site.js v=4q1jwFhaPaZgr8WAUSrux6hAuh0XDg9kPS3xIVq36I0 44389 - ::1 Mozilla/5.0+(Windows+NT+10.0;+Win64;+x64)+AppleWebKit/537.36+(KHTML,+like+Gecko)+Chrome/72.0.3626.109+Safari/537.36 https://localhost:44389/ 304 0 0 108
2019-02-22 14:03:59 ::1 GET /EmployeeTimes - 44389 - ::1 Mozilla/5.0+(Windows+NT+10.0;+Win64;+x64)+AppleWebKit/537.36+(KHTML,+like+Gecko)+Chrome/72.0.3626.109+Safari/537.36 https://localhost:44389/ 200 0 0 765
2019-02-22 14:04:05 ::1 GET /EmployeeTimes SortOrder=Hours 44389 - ::1 Mozilla/5.0+(Windows+NT+10.0;+Win64;+x64)+AppleWebKit/537.36+(KHTML,+like+Gecko)+Chrome/72.0.3626.109+Safari/537.36 https://localhost:44389/EmployeeTimes 200 0 0 270
2019-02-22 14:04:10 ::1 GET /EmployeeTimes SortOrder=UserName 44389 - ::1 Mozilla/5.0+(Windows+NT+10.0;+Win64;+x64)+AppleWebKit/537.36+(KHTML,+like+Gecko)+Chrome/72.0.3626.109+Safari/537.36 https://localhost:44389/EmployeeTimes?SortOrder=Hours 200 0 0 259
2019-02-22 14:11:04 ::1 GET /EmployeeTimes SortOrder=UserName 44389 - ::1 Mozilla/5.0+(Windows+NT+10.0;+Win64;+x64)+AppleWebKit/537.36+(KHTML,+like+Gecko)+Chrome/72.0.3626.109+Safari/537.36 https://localhost:44389/EmployeeTimes?SortOrder=Hours 200 0 0 2991
2019-02-22 14:11:04 ::1 GET /favicon.ico - 44389 - ::1 Mozilla/5.0+(Windows+NT+10.0;+Win64;+x64)+AppleWebKit/537.36+(KHTML,+like+Gecko)+Chrome/72.0.3626.109+Safari/537.36 https://localhost:44389/EmployeeTimes?SortOrder=UserName 200 0 0 33
2019-02-22 14:11:29 ::1 GET /EmployeeTimes SortOrder=UserName 44389 - ::1 Mozilla/5.0+(Windows+NT+10.0;+Win64;+x64)+AppleWebKit/537.36+(KHTML,+like+Gecko)+Chrome/72.0.3626.109+Safari/537.36 https://localhost:44389/EmployeeTimes?SortOrder=Hours 200 0 0 625
2019-02-22 14:11:29 ::1 GET /favicon.ico - 44389 - ::1 Mozilla/5.0+(Windows+NT+10.0;+Win64;+x64)+AppleWebKit/537.36+(KHTML,+like+Gecko)+Chrome/72.0.3626.109+Safari/537.36 https://localhost:44389/EmployeeTimes?SortOrder=UserName 200 0 0 25
#Software: Microsoft Internet Information Services 10.0
#Version: 1.0
#Date: 2019-02-22 15:07:25
#Fields: date time s-ip cs-method cs-uri-stem cs-uri-query s-port cs-username c-ip cs(User-Agent) cs(Referer) sc-status sc-substatus sc-win32-status time-taken
2019-02-22 15:07:25 ::1 DEBUG / - 50267 - ::1 - - 200 0 64 10426
2019-02-22 15:07:29 ::1 GET / - 44389 - ::1 Mozilla/5.0+(Windows+NT+10.0;+Win64;+x64)+AppleWebKit/537.36+(KHTML,+like+Gecko)+Chrome/72.0.3626.109+Safari/537.36 - 200 0 0 12133
2019-02-22 15:07:29 ::1 GET /lib/bootstrap/dist/css/bootstrap.css - 44389 - ::1 Mozilla/5.0+(Windows+NT+10.0;+Win64;+x64)+AppleWebKit/537.36+(KHTML,+like+Gecko)+Chrome/72.0.3626.109+Safari/537.36 https://localhost:44389/ 304 0 0 106
2019-02-22 15:07:29 ::1 GET /lib/jquery/dist/jquery.js - 44389 - ::1 Mozilla/5.0+(Windows+NT+10.0;+Win64;+x64)+AppleWebKit/537.36+(KHTML,+like+Gecko)+Chrome/72.0.3626.109+Safari/537.36 https://localhost:44389/ 304 0 0 105
2019-02-22 15:07:29 ::1 GET /lib/bootstrap/dist/js/bootstrap.js - 44389 - ::1 Mozilla/5.0+(Windows+NT+10.0;+Win64;+x64)+AppleWebKit/537.36+(KHTML,+like+Gecko)+Chrome/72.0.3626.109+Safari/537.36 https://localhost:44389/ 304 0 0 107
2019-02-22 15:07:29 ::1 GET /lib/bootstrap/dist/fonts/glyphicons-halflings-regular.woff2 - 44389 - ::1 Mozilla/5.0+(Windows+NT+10.0;+Win64;+x64)+AppleWebKit/537.36+(KHTML,+like+Gecko)+Chrome/72.0.3626.109+Safari/537.36 https://localhost:44389/lib/bootstrap/dist/css/bootstrap.css 304 0 0 20
2019-02-22 15:07:29 ::1 GET /lib/bootstrap/dist/fonts/glyphicons-halflings-regular.woff - 44389 - ::1 Mozilla/5.0+(Windows+NT+10.0;+Win64;+x64)+AppleWebKit/537.36+(KHTML,+like+Gecko)+Chrome/72.0.3626.109+Safari/537.36 https://localhost:44389/lib/bootstrap/dist/css/bootstrap.css 304 0 0 22
2019-02-22 15:07:29 ::1 GET /lib/bootstrap/dist/fonts/glyphicons-halflings-regular.ttf - 44389 - ::1 Mozilla/5.0+(Windows+NT+10.0;+Win64;+x64)+AppleWebKit/537.36+(KHTML,+like+Gecko)+Chrome/72.0.3626.109+Safari/537.36 https://localhost:44389/lib/bootstrap/dist/css/bootstrap.css 304 0 0 23
2019-02-22 15:08:21 ::1 GET /Customers - 44389 - ::1 Mozilla/5.0+(Windows+NT+10.0;+Win64;+x64)+AppleWebKit/537.36+(KHTML,+like+Gecko)+Chrome/72.0.3626.109+Safari/537.36 https://localhost:44389/ 200 0 0 534
2019-02-22 15:08:28 ::1 GET /Projects - 44389 - ::1 Mozilla/5.0+(Windows+NT+10.0;+Win64;+x64)+AppleWebKit/537.36+(KHTML,+like+Gecko)+Chrome/72.0.3626.109+Safari/537.36 https://localhost:44389/Customers 200 0 0 535
2019-02-22 15:08:36 ::1 GET /Projects SortOrder=ProjectName 44389 - ::1 Mozilla/5.0+(Windows+NT+10.0;+Win64;+x64)+AppleWebKit/537.36+(KHTML,+like+Gecko)+Chrome/72.0.3626.109+Safari/537.36 https://localhost:44389/Projects 200 0 0 355
2019-02-22 15:08:37 ::1 GET /Projects SortOrder=CustomerName 44389 - ::1 Mozilla/5.0+(Windows+NT+10.0;+Win64;+x64)+AppleWebKit/537.36+(KHTML,+like+Gecko)+Chrome/72.0.3626.109+Safari/537.36 https://localhost:44389/Projects?SortOrder=ProjectName 200 0 0 376
2019-02-22 15:08:44 ::1 GET /Projects ProjectName=Chenal+Parkway&Customername= 44389 - ::1 Mozilla/5.0+(Windows+NT+10.0;+Win64;+x64)+AppleWebKit/537.36+(KHTML,+like+Gecko)+Chrome/72.0.3626.109+Safari/537.36 https://localhost:44389/Projects?SortOrder=CustomerName 200 0 0 310
2019-02-22 15:08:48 ::1 GET /Projects ProjectName=&Customername= 44389 - ::1 Mozilla/5.0+(Windows+NT+10.0;+Win64;+x64)+AppleWebKit/537.36+(KHTML,+like+Gecko)+Chrome/72.0.3626.109+Safari/537.36 https://localhost:44389/Projects?ProjectName=Chenal+Parkway&Customername= 200 0 0 324
2019-02-22 15:08:52 ::1 GET /Projects ProjectName=&Customername=RussVegas 44389 - ::1 Mozilla/5.0+(Windows+NT+10.0;+Win64;+x64)+AppleWebKit/537.36+(KHTML,+like+Gecko)+Chrome/72.0.3626.109+Safari/537.36 https://localhost:44389/Projects?ProjectName=&Customername= 200 0 0 355
2019-02-22 15:08:56 ::1 GET /Projects ProjectName=Chenal+Parkway&Customername=RussVegas 44389 - ::1 Mozilla/5.0+(Windows+NT+10.0;+Win64;+x64)+AppleWebKit/537.36+(KHTML,+like+Gecko)+Chrome/72.0.3626.109+Safari/537.36 https://localhost:44389/Projects?ProjectName=&Customername=RussVegas 200 0 0 300
2019-02-22 15:08:58 ::1 GET /EmployeeTimes - 44389 - ::1 Mozilla/5.0+(Windows+NT+10.0;+Win64;+x64)+AppleWebKit/537.36+(KHTML,+like+Gecko)+Chrome/72.0.3626.109+Safari/537.36 https://localhost:44389/Projects?ProjectName=Chenal+Parkway&Customername=RussVegas 200 0 0 593
2019-02-22 15:09:02 ::1 GET /EmployeeTimes/Create - 44389 - ::1 Mozilla/5.0+(Windows+NT+10.0;+Win64;+x64)+AppleWebKit/537.36+(KHTML,+like+Gecko)+Chrome/72.0.3626.109+Safari/537.36 https://localhost:44389/EmployeeTimes 200 0 0 918
2019-02-22 15:09:47 ::1 POST /EmployeeTimes/Create - 44389 - ::1 Mozilla/5.0+(Windows+NT+10.0;+Win64;+x64)+AppleWebKit/537.36+(KHTML,+like+Gecko)+Chrome/72.0.3626.109+Safari/537.36 https://localhost:44389/EmployeeTimes/Create 302 0 0 778
2019-02-22 15:09:47 ::1 GET /EmployeeTimes - 44389 - ::1 Mozilla/5.0+(Windows+NT+10.0;+Win64;+x64)+AppleWebKit/537.36+(KHTML,+like+Gecko)+Chrome/72.0.3626.109+Safari/537.36 https://localhost:44389/EmployeeTimes/Create 200 0 0 294
2019-02-22 15:10:24 ::1 GET /EmployeeTimes CustomerName=&ProjectName=&UserName=&StartDate=2019-02-21&EndDate=2019-05-05 44389 - ::1 Mozilla/5.0+(Windows+NT+10.0;+Win64;+x64)+AppleWebKit/537.36+(KHTML,+like+Gecko)+Chrome/72.0.3626.109+Safari/537.36 https://localhost:44389/EmployeeTimes 200 0 0 264
2019-02-22 15:10:43 ::1 GET /EmployeeTimes CustomerName=&ProjectName=Chenal+Parkway&UserName=jessica%40redpointegroup.com&StartDate=&EndDate= 44389 - ::1 Mozilla/5.0+(Windows+NT+10.0;+Win64;+x64)+AppleWebKit/537.36+(KHTML,+like+Gecko)+Chrome/72.0.3626.109+Safari/537.36 https://localhost:44389/EmployeeTimes?CustomerName=&ProjectName=&UserName=&StartDate=2019-02-21&EndDate=2019-05-05 200 0 0 296
2019-02-22 15:10:50 ::1 GET /EmployeeTimes CustomerName=&ProjectName=Chenal+Parkway&UserName=&StartDate=&EndDate= 44389 - ::1 Mozilla/5.0+(Windows+NT+10.0;+Win64;+x64)+AppleWebKit/537.36+(KHTML,+like+Gecko)+Chrome/72.0.3626.109+Safari/537.36 https://localhost:44389/EmployeeTimes?CustomerName=&ProjectName=Chenal+Parkway&UserName=jessica%40redpointegroup.com&StartDate=&EndDate= 200 0 0 304
2019-02-22 15:10:57 ::1 GET /EmployeeTimes CustomerName=&ProjectName=&UserName=&StartDate=&EndDate= 44389 - ::1 Mozilla/5.0+(Windows+NT+10.0;+Win64;+x64)+AppleWebKit/537.36+(KHTML,+like+Gecko)+Chrome/72.0.3626.109+Safari/537.36 https://localhost:44389/EmployeeTimes?CustomerName=&ProjectName=Chenal+Parkway&UserName=&StartDate=&EndDate= 200 0 0 560
2019-02-22 15:11:00 ::1 GET /EmployeeTimes SortOrder=Hours 44389 - ::1 Mozilla/5.0+(Windows+NT+10.0;+Win64;+x64)+AppleWebKit/537.36+(KHTML,+like+Gecko)+Chrome/72.0.3626.109+Safari/537.36 https://localhost:44389/EmployeeTimes?CustomerName=&ProjectName=&UserName=&StartDate=&EndDate= 200 0 0 645
2019-02-22 15:11:14 ::1 GET /EmployeeTimes CustomerName=&ProjectName=&UserName=jessica%40redpointegroup.com&StartDate=&EndDate= 44389 - ::1 Mozilla/5.0+(Windows+NT+10.0;+Win64;+x64)+AppleWebKit/537.36+(KHTML,+like+Gecko)+Chrome/72.0.3626.109+Safari/537.36 https://localhost:44389/EmployeeTimes?SortOrder=Hours 200 0 0 260
2019-02-22 15:11:28 ::1 GET /EmployeeTimes CustomerName=&ProjectName=&UserName=&StartDate=&EndDate= 44389 - ::1 Mozilla/5.0+(Windows+NT+10.0;+Win64;+x64)+AppleWebKit/537.36+(KHTML,+like+Gecko)+Chrome/72.0.3626.109+Safari/537.36 https://localhost:44389/EmployeeTimes?CustomerName=&ProjectName=&UserName=jessica%40redpointegroup.com&StartDate=&EndDate= 200 0 0 353
2019-02-22 15:12:04 ::1 GET /EmployeeTimes CustomerName=&ProjectName=&UserName=ben%40redpointegroup.com&StartDate=&EndDate= 44389 - ::1 Mozilla/5.0+(Windows+NT+10.0;+Win64;+x64)+AppleWebKit/537.36+(KHTML,+like+Gecko)+Chrome/72.0.3626.109+Safari/537.36 https://localhost:44389/EmployeeTimes?CustomerName=&ProjectName=&UserName=&StartDate=&EndDate= 200 0 0 342
2019-02-22 15:13:53 ::1 GET /Admin - 44389 - ::1 Mozilla/5.0+(Windows+NT+10.0;+Win64;+x64)+AppleWebKit/537.36+(KHTML,+like+Gecko)+Chrome/72.0.3626.109+Safari/537.36 https://localhost:44389/EmployeeTimes?CustomerName=&ProjectName=&UserName=ben%40redpointegroup.com&StartDate=&EndDate= 200 0 0 392
2019-02-22 15:14:02 ::1 GET /EmployeeTimes - 44389 - ::1 Mozilla/5.0+(Windows+NT+10.0;+Win64;+x64)+AppleWebKit/537.36+(KHTML,+like+Gecko)+Chrome/72.0.3626.109+Safari/537.36 https://localhost:44389/Admin 200 0 0 295
2019-02-22 15:14:07 ::1 GET /Roles - 44389 - ::1 Mozilla/5.0+(Windows+NT+10.0;+Win64;+x64)+AppleWebKit/537.36+(KHTML,+like+Gecko)+Chrome/72.0.3626.109+Safari/537.36 https://localhost:44389/EmployeeTimes 200 0 0 856
2019-02-22 15:14:16 ::1 GET /EmployeeTimes - 44389 - ::1 Mozilla/5.0+(Windows+NT+10.0;+Win64;+x64)+AppleWebKit/537.36+(KHTML,+like+Gecko)+Chrome/72.0.3626.109+Safari/537.36 https://localhost:44389/Roles 200 0 0 321
2019-02-22 15:16:47 ::1 GET /EmployeeTimes/Create - 44389 - ::1 Mozilla/5.0+(Windows+NT+10.0;+Win64;+x64)+AppleWebKit/537.36+(KHTML,+like+Gecko)+Chrome/72.0.3626.109+Safari/537.36 https://localhost:44389/EmployeeTimes 200 0 0 603
2019-02-22 15:17:40 ::1 GET /Projects - 44389 - ::1 Mozilla/5.0+(Windows+NT+10.0;+Win64;+x64)+AppleWebKit/537.36+(KHTML,+like+Gecko)+Chrome/72.0.3626.109+Safari/537.36 https://localhost:44389/EmployeeTimes/Create 200 0 0 282
2019-02-22 15:18:10 ::1 GET /Projects - 44389 - ::1 Mozilla/5.0+(Windows+NT+10.0;+Win64;+x64)+AppleWebKit/537.36+(KHTML,+like+Gecko)+Chrome/72.0.3626.109+Safari/537.36 https://localhost:44389/Projects 200 0 0 337
2019-02-22 15:18:25 ::1 GET /Admin - 44389 - ::1 Mozilla/5.0+(Windows+NT+10.0;+Win64;+x64)+AppleWebKit/537.36+(KHTML,+like+Gecko)+Chrome/72.0.3626.109+Safari/537.36 https://localhost:44389/Projects 200 0 0 320
2019-02-22 15:18:34 ::1 GET /EmployeeTimes - 44389 - ::1 Mozilla/5.0+(Windows+NT+10.0;+Win64;+x64)+AppleWebKit/537.36+(KHTML,+like+Gecko)+Chrome/72.0.3626.109+Safari/537.36 https://localhost:44389/Admin 200 0 0 318
2019-02-22 15:18:39 ::1 GET /EmployeeTimes/Create - 44389 - ::1 Mozilla/5.0+(Windows+NT+10.0;+Win64;+x64)+AppleWebKit/537.36+(KHTML,+like+Gecko)+Chrome/72.0.3626.109+Safari/537.36 https://localhost:44389/EmployeeTimes 200 0 0 598
2019-02-22 15:19:42 ::1 POST /Identity/Account/Logout returnUrl=%2F 44389 - ::1 Mozilla/5.0+(Windows+NT+10.0;+Win64;+x64)+AppleWebKit/537.36+(KHTML,+like+Gecko)+Chrome/72.0.3626.109+Safari/537.36 https://localhost:44389/EmployeeTimes/Create 302 0 0 162
2019-02-22 15:19:42 ::1 GET / - 44389 - ::1 Mozilla/5.0+(Windows+NT+10.0;+Win64;+x64)+AppleWebKit/537.36+(KHTML,+like+Gecko)+Chrome/72.0.3626.109+Safari/537.36 https://localhost:44389/EmployeeTimes/Create 200 0 0 43
#Software: Microsoft Internet Information Services 10.0
#Version: 1.0
#Date: 2019-02-22 15:51:13
#Fields: date time s-ip cs-method cs-uri-stem cs-uri-query s-port cs-username c-ip cs(User-Agent) cs(Referer) sc-status sc-substatus sc-win32-status time-taken
2019-02-22 15:51:13 ::1 GET /EmployeeTimes - 44389 - ::1 Mozilla/5.0+(Windows+NT+10.0;+Win64;+x64)+AppleWebKit/537.36+(KHTML,+like+Gecko)+Chrome/72.0.3626.109+Safari/537.36 https://localhost:44389/ 200 0 0 695
2019-02-22 15:51:17 ::1 GET /EmployeeTimes/Create - 44389 - ::1 Mozilla/5.0+(Windows+NT+10.0;+Win64;+x64)+AppleWebKit/537.36+(KHTML,+like+Gecko)+Chrome/72.0.3626.109+Safari/537.36 https://localhost:44389/EmployeeTimes 200 0 0 669
2019-02-22 15:51:17 ::1 GET /lib/jquery-validation-unobtrusive/jquery.validate.unobtrusive.js - 44389 - ::1 Mozilla/5.0+(Windows+NT+10.0;+Win64;+x64)+AppleWebKit/537.36+(KHTML,+like+Gecko)+Chrome/72.0.3626.109+Safari/537.36 https://localhost:44389/EmployeeTimes/Create 304 0 0 77
2019-02-22 15:51:17 ::1 GET /lib/jquery-validation/dist/jquery.validate.js - 44389 - ::1 Mozilla/5.0+(Windows+NT+10.0;+Win64;+x64)+AppleWebKit/537.36+(KHTML,+like+Gecko)+Chrome/72.0.3626.109+Safari/537.36 https://localhost:44389/EmployeeTimes/Create 304 0 0 82
2019-02-22 15:51:34 ::1 GET /EmployeeTimes/Create - 44389 - ::1 Mozilla/5.0+(Windows+NT+10.0;+Win64;+x64)+AppleWebKit/537.36+(KHTML,+like+Gecko)+Chrome/72.0.3626.109+Safari/537.36 https://localhost:44389/EmployeeTimes 200 0 0 684
2019-02-22 15:51:34 ::1 GET /favicon.ico - 44389 - ::1 Mozilla/5.0+(Windows+NT+10.0;+Win64;+x64)+AppleWebKit/537.36+(KHTML,+like+Gecko)+Chrome/72.0.3626.109+Safari/537.36 https://localhost:44389/EmployeeTimes/Create 200 0 0 44
2019-02-22 15:51:48 ::1 GET /EmployeeTimes/Create - 44389 - ::1 Mozilla/5.0+(Windows+NT+10.0;+Win64;+x64)+AppleWebKit/537.36+(KHTML,+like+Gecko)+Chrome/72.0.3626.109+Safari/537.36 https://localhost:44389/EmployeeTimes 200 0 0 648
2019-02-22 15:51:48 ::1 GET /favicon.ico - 44389 - ::1 Mozilla/5.0+(Windows+NT+10.0;+Win64;+x64)+AppleWebKit/537.36+(KHTML,+like+Gecko)+Chrome/72.0.3626.109+Safari/537.36 https://localhost:44389/EmployeeTimes/Create 200 0 0 19
2019-02-22 15:52:25 ::1 GET /EmployeeTimes/Create - 44389 - ::1 Mozilla/5.0+(Windows+NT+10.0;+Win64;+x64)+AppleWebKit/537.36+(KHTML,+like+Gecko)+Chrome/72.0.3626.109+Safari/537.36 https://localhost:44389/EmployeeTimes 200 0 0 3176
2019-02-22 15:52:25 ::1 GET /favicon.ico - 44389 - ::1 Mozilla/5.0+(Windows+NT+10.0;+Win64;+x64)+AppleWebKit/537.36+(KHTML,+like+Gecko)+Chrome/72.0.3626.109+Safari/537.36 https://localhost:44389/EmployeeTimes/Create 200 0 0 45
2019-02-22 15:53:01 ::1 GET /EmployeeTimes/Create - 44389 - ::1 Mozilla/5.0+(Windows+NT+10.0;+Win64;+x64)+AppleWebKit/537.36+(KHTML,+like+Gecko)+Chrome/72.0.3626.109+Safari/537.36 https://localhost:44389/EmployeeTimes 200 0 0 997
2019-02-22 15:53:01 ::1 GET /favicon.ico - 44389 - ::1 Mozilla/5.0+(Windows+NT+10.0;+Win64;+x64)+AppleWebKit/537.36+(KHTML,+like+Gecko)+Chrome/72.0.3626.109+Safari/537.36 https://localhost:44389/EmployeeTimes/Create 200 0 0 46
2019-02-22 15:53:09 ::1 GET /Customers - 44389 - ::1 Mozilla/5.0+(Windows+NT+10.0;+Win64;+x64)+AppleWebKit/537.36+(KHTML,+like+Gecko)+Chrome/72.0.3626.109+Safari/537.36 https://localhost:44389/EmployeeTimes/Create 200 0 0 220
2019-02-22 15:53:10 ::1 GET /Projects - 44389 - ::1 Mozilla/5.0+(Windows+NT+10.0;+Win64;+x64)+AppleWebKit/537.36+(KHTML,+like+Gecko)+Chrome/72.0.3626.109+Safari/537.36 https://localhost:44389/Customers 200 0 0 315
2019-02-22 15:53:10 ::1 GET /EmployeeTimes - 44389 - ::1 Mozilla/5.0+(Windows+NT+10.0;+Win64;+x64)+AppleWebKit/537.36+(KHTML,+like+Gecko)+Chrome/72.0.3626.109+Safari/537.36 https://localhost:44389/Projects 200 0 0 294
2019-02-22 15:53:15 ::1 GET /EmployeeTimes/Edit/25 - 44389 - ::1 Mozilla/5.0+(Windows+NT+10.0;+Win64;+x64)+AppleWebKit/537.36+(KHTML,+like+Gecko)+Chrome/72.0.3626.109+Safari/537.36 https://localhost:44389/EmployeeTimes 200 0 0 881
2019-02-22 15:53:15 ::1 GET /Content/themes/base/jquery-ui.min.css - 44389 - ::1 Mozilla/5.0+(Windows+NT+10.0;+Win64;+x64)+AppleWebKit/537.36+(KHTML,+like+Gecko)+Chrome/72.0.3626.109+Safari/537.36 https://localhost:44389/EmployeeTimes/Edit/25 404 0 0 31
2019-02-22 15:53:15 ::1 GET /Scripts/jquery-3.1.1.min.js - 44389 - ::1 Mozilla/5.0+(Windows+NT+10.0;+Win64;+x64)+AppleWebKit/537.36+(KHTML,+like+Gecko)+Chrome/72.0.3626.109+Safari/537.36 https://localhost:44389/EmployeeTimes/Edit/25 404 0 0 44
2019-02-22 15:53:15 ::1 GET /Scripts/jquery-ui-1.12.1.min.js - 44389 - ::1 Mozilla/5.0+(Windows+NT+10.0;+Win64;+x64)+AppleWebKit/537.36+(KHTML,+like+Gecko)+Chrome/72.0.3626.109+Safari/537.36 https://localhost:44389/EmployeeTimes/Edit/25 404 0 0 42
2019-02-22 15:53:15 ::1 GET /Scripts/jquery-3.1.1.min.js - 44389 - ::1 Mozilla/5.0+(Windows+NT+10.0;+Win64;+x64)+AppleWebKit/537.36+(KHTML,+like+Gecko)+Chrome/72.0.3626.109+Safari/537.36 https://localhost:44389/EmployeeTimes/Edit/25 404 0 0 36
2019-02-22 15:53:15 ::1 GET /Scripts/jquery-ui-1.12.1.min.js - 44389 - ::1 Mozilla/5.0+(Windows+NT+10.0;+Win64;+x64)+AppleWebKit/537.36+(KHTML,+like+Gecko)+Chrome/72.0.3626.109+Safari/537.36 https://localhost:44389/EmployeeTimes/Edit/25 404 0 0 12
2019-02-22 15:53:43 ::1 GET /EmployeeTimes/Edit/25 - 44389 - ::1 Mozilla/5.0+(Windows+NT+10.0;+Win64;+x64)+AppleWebKit/537.36+(KHTML,+like+Gecko)+Chrome/72.0.3626.109+Safari/537.36 https://localhost:44389/EmployeeTimes 200 0 0 870
2019-02-22 15:53:43 ::1 GET /Content/themes/base/jquery-ui.min.css - 44389 - ::1 Mozilla/5.0+(Windows+NT+10.0;+Win64;+x64)+AppleWebKit/537.36+(KHTML,+like+Gecko)+Chrome/72.0.3626.109+Safari/537.36 https://localhost:44389/EmployeeTimes/Edit/25 404 0 0 30
2019-02-22 15:53:43 ::1 GET /Scripts/jquery-3.1.1.min.js - 44389 - ::1 Mozilla/5.0+(Windows+NT+10.0;+Win64;+x64)+AppleWebKit/537.36+(KHTML,+like+Gecko)+Chrome/72.0.3626.109+Safari/537.36 https://localhost:44389/EmployeeTimes/Edit/25 404 0 0 49
2019-02-22 15:53:43 ::1 GET /Scripts/jquery-ui-1.12.1.min.js - 44389 - ::1 Mozilla/5.0+(Windows+NT+10.0;+Win64;+x64)+AppleWebKit/537.36+(KHTML,+like+Gecko)+Chrome/72.0.3626.109+Safari/537.36 https://localhost:44389/EmployeeTimes/Edit/25 404 0 0 61
2019-02-22 15:53:43 ::1 GET /Scripts/jquery-3.1.1.min.js - 44389 - ::1 Mozilla/5.0+(Windows+NT+10.0;+Win64;+x64)+AppleWebKit/537.36+(KHTML,+like+Gecko)+Chrome/72.0.3626.109+Safari/537.36 https://localhost:44389/EmployeeTimes/Edit/25 404 0 0 23
2019-02-22 15:53:43 ::1 GET /Scripts/jquery-ui-1.12.1.min.js - 44389 - ::1 Mozilla/5.0+(Windows+NT+10.0;+Win64;+x64)+AppleWebKit/537.36+(KHTML,+like+Gecko)+Chrome/72.0.3626.109+Safari/537.36 https://localhost:44389/EmployeeTimes/Edit/25 404 0 0 14
2019-02-22 15:53:43 ::1 GET /favicon.ico - 44389 - ::1 Mozilla/5.0+(Windows+NT+10.0;+Win64;+x64)+AppleWebKit/537.36+(KHTML,+like+Gecko)+Chrome/72.0.3626.109+Safari/537.36 https://localhost:44389/EmployeeTimes/Edit/25 200 0 0 15
2019-02-22 15:53:48 ::1 GET /EmployeeTimes/Edit/25 - 44389 - ::1 Mozilla/5.0+(Windows+NT+10.0;+Win64;+x64)+AppleWebKit/537.36+(KHTML,+like+Gecko)+Chrome/72.0.3626.109+Safari/537.36 https://localhost:44389/EmployeeTimes 200 0 0 1197
2019-02-22 15:53:48 ::1 GET /Content/themes/base/jquery-ui.min.css - 44389 - ::1 Mozilla/5.0+(Windows+NT+10.0;+Win64;+x64)+AppleWebKit/537.36+(KHTML,+like+Gecko)+Chrome/72.0.3626.109+Safari/537.36 https://localhost:44389/EmployeeTimes/Edit/25 404 0 0 19
2019-02-22 15:53:48 ::1 GET /Scripts/jquery-3.1.1.min.js - 44389 - ::1 Mozilla/5.0+(Windows+NT+10.0;+Win64;+x64)+AppleWebKit/537.36+(KHTML,+like+Gecko)+Chrome/72.0.3626.109+Safari/537.36 https://localhost:44389/EmployeeTimes/Edit/25 404 0 0 31
2019-02-22 15:53:48 ::1 GET /Scripts/jquery-ui-1.12.1.min.js - 44389 - ::1 Mozilla/5.0+(Windows+NT+10.0;+Win64;+x64)+AppleWebKit/537.36+(KHTML,+like+Gecko)+Chrome/72.0.3626.109+Safari/537.36 https://localhost:44389/EmployeeTimes/Edit/25 404 0 0 52
2019-02-22 15:53:48 ::1 GET /Scripts/jquery-3.1.1.min.js - 44389 - ::1 Mozilla/5.0+(Windows+NT+10.0;+Win64;+x64)+AppleWebKit/537.36+(KHTML,+like+Gecko)+Chrome/72.0.3626.109+Safari/537.36 https://localhost:44389/EmployeeTimes/Edit/25 404 0 0 9
2019-02-22 15:53:48 ::1 GET /Scripts/jquery-ui-1.12.1.min.js - 44389 - ::1 Mozilla/5.0+(Windows+NT+10.0;+Win64;+x64)+AppleWebKit/537.36+(KHTML,+like+Gecko)+Chrome/72.0.3626.109+Safari/537.36 https://localhost:44389/EmployeeTimes/Edit/25 404 0 0 8
2019-02-22 15:53:48 ::1 GET /favicon.ico - 44389 - ::1 Mozilla/5.0+(Windows+NT+10.0;+Win64;+x64)+AppleWebKit/537.36+(KHTML,+like+Gecko)+Chrome/72.0.3626.109+Safari/537.36 https://localhost:44389/EmployeeTimes/Edit/25 200 0 0 16
2019-02-22 15:53:59 ::1 GET /EmployeeTimes - 44389 - ::1 Mozilla/5.0+(Windows+NT+10.0;+Win64;+x64)+AppleWebKit/537.36+(KHTML,+like+Gecko)+Chrome/72.0.3626.109+Safari/537.36 https://localhost:44389/EmployeeTimes/Edit/25 200 0 0 337
2019-02-22 15:54:44 ::1 GET /Roles - 44389 - ::1 Mozilla/5.0+(Windows+NT+10.0;+Win64;+x64)+AppleWebKit/537.36+(KHTML,+like+Gecko)+Chrome/72.0.3626.109+Safari/537.36 https://localhost:44389/EmployeeTimes 200 0 0 775
2019-02-22 15:54:58 ::1 GET /Customers - 44389 - ::1 Mozilla/5.0+(Windows+NT+10.0;+Win64;+x64)+AppleWebKit/537.36+(KHTML,+like+Gecko)+Chrome/72.0.3626.109+Safari/537.36 https://localhost:44389/Roles 200 0 0 266
2019-02-22 15:55:12 ::1 GET /Customers - 44389 - ::1 Mozilla/5.0+(Windows+NT+10.0;+Win64;+x64)+AppleWebKit/537.36+(KHTML,+like+Gecko)+Chrome/72.0.3626.109+Safari/537.36 https://localhost:44389/Customers 200 0 0 276
2019-02-22 15:55:14 ::1 GET /Projects - 44389 - ::1 Mozilla/5.0+(Windows+NT+10.0;+Win64;+x64)+AppleWebKit/537.36+(KHTML,+like+Gecko)+Chrome/72.0.3626.109+Safari/537.36 https://localhost:44389/Customers 200 0 0 254
2019-02-22 15:55:17 ::1 GET /Projects SortOrder=CustomerName 44389 - ::1 Mozilla/5.0+(Windows+NT+10.0;+Win64;+x64)+AppleWebKit/537.36+(KHTML,+like+Gecko)+Chrome/72.0.3626.109+Safari/537.36 https://localhost:44389/Projects 200 0 0 261
#Software: Microsoft Internet Information Services 10.0
#Version: 1.0
#Date: 2019-02-22 16:13:03
#Fields: date time s-ip cs-method cs-uri-stem cs-uri-query s-port cs-username c-ip cs(User-Agent) cs(Referer) sc-status sc-substatus sc-win32-status time-taken
2019-02-22 16:13:03 ::1 DEBUG / - 50267 - ::1 - - 200 0 64 9107
2019-02-22 16:13:05 ::1 GET / - 44389 - ::1 Mozilla/5.0+(Windows+NT+10.0;+Win64;+x64)+AppleWebKit/537.36+(KHTML,+like+Gecko)+Chrome/72.0.3626.109+Safari/537.36 - 200 0 0 7775
2019-02-22 16:13:11 ::1 GET /EmployeeTimes - 44389 - ::1 Mozilla/5.0+(Windows+NT+10.0;+Win64;+x64)+AppleWebKit/537.36+(KHTML,+like+Gecko)+Chrome/72.0.3626.109+Safari/537.36 https://localhost:44389/ 200 0 0 1869
2019-02-22 16:13:17 ::1 GET /EmployeeTimes/Create - 44389 - ::1 Mozilla/5.0+(Windows+NT+10.0;+Win64;+x64)+AppleWebKit/537.36+(KHTML,+like+Gecko)+Chrome/72.0.3626.109+Safari/537.36 https://localhost:44389/EmployeeTimes 200 0 0 642
2019-02-22 16:13:50 ::1 POST /EmployeeTimes/Create - 44389 - ::1 Mozilla/5.0+(Windows+NT+10.0;+Win64;+x64)+AppleWebKit/537.36+(KHTML,+like+Gecko)+Chrome/72.0.3626.109+Safari/537.36 https://localhost:44389/EmployeeTimes/Create 302 0 0 740
2019-02-22 16:13:50 ::1 GET /EmployeeTimes - 44389 - ::1 Mozilla/5.0+(Windows+NT+10.0;+Win64;+x64)+AppleWebKit/537.36+(KHTML,+like+Gecko)+Chrome/72.0.3626.109+Safari/537.36 https://localhost:44389/EmployeeTimes/Create 200 0 0 306
2019-02-22 16:14:03 ::1 GET /EmployeeTimes/Edit/30 - 44389 - ::1 Mozilla/5.0+(Windows+NT+10.0;+Win64;+x64)+AppleWebKit/537.36+(KHTML,+like+Gecko)+Chrome/72.0.3626.109+Safari/537.36 https://localhost:44389/EmployeeTimes 200 0 0 786
2019-02-22 16:14:03 ::1 GET /Scripts/jquery-3.1.1.min.js - 44389 - ::1 Mozilla/5.0+(Windows+NT+10.0;+Win64;+x64)+AppleWebKit/537.36+(KHTML,+like+Gecko)+Chrome/72.0.3626.109+Safari/537.36 https://localhost:44389/EmployeeTimes/Edit/30 404 0 0 62
2019-02-22 16:14:03 ::1 GET /Content/themes/base/jquery-ui.min.css - 44389 - ::1 Mozilla/5.0+(Windows+NT+10.0;+Win64;+x64)+AppleWebKit/537.36+(KHTML,+like+Gecko)+Chrome/72.0.3626.109+Safari/537.36 https://localhost:44389/EmployeeTimes/Edit/30 404 0 0 62
2019-02-22 16:14:03 ::1 GET /Scripts/jquery-ui-1.12.1.min.js - 44389 - ::1 Mozilla/5.0+(Windows+NT+10.0;+Win64;+x64)+AppleWebKit/537.36+(KHTML,+like+Gecko)+Chrome/72.0.3626.109+Safari/537.36 https://localhost:44389/EmployeeTimes/Edit/30 404 0 0 59
2019-02-22 16:14:03 ::1 GET /Scripts/jquery-3.1.1.min.js - 44389 - ::1 Mozilla/5.0+(Windows+NT+10.0;+Win64;+x64)+AppleWebKit/537.36+(KHTML,+like+Gecko)+Chrome/72.0.3626.109+Safari/537.36 https://localhost:44389/EmployeeTimes/Edit/30 404 0 0 15
2019-02-22 16:14:03 ::1 GET /Scripts/jquery-ui-1.12.1.min.js - 44389 - ::1 Mozilla/5.0+(Windows+NT+10.0;+Win64;+x64)+AppleWebKit/537.36+(KHTML,+like+Gecko)+Chrome/72.0.3626.109+Safari/537.36 https://localhost:44389/EmployeeTimes/Edit/30 404 0 0 13
2019-02-22 16:14:03 ::1 GET /Scripts/jquery-3.1.1.min.js - 44389 - ::1 Mozilla/5.0+(Windows+NT+10.0;+Win64;+x64)+AppleWebKit/537.36+(KHTML,+like+Gecko)+Chrome/72.0.3626.109+Safari/537.36 https://localhost:44389/EmployeeTimes/Edit/30 404 0 0 13
2019-02-22 16:14:03 ::1 GET /Scripts/jquery-ui-1.12.1.min.js - 44389 - ::1 Mozilla/5.0+(Windows+NT+10.0;+Win64;+x64)+AppleWebKit/537.36+(KHTML,+like+Gecko)+Chrome/72.0.3626.109+Safari/537.36 https://localhost:44389/EmployeeTimes/Edit/30 404 0 0 9
2019-02-22 16:14:05 ::1 POST /EmployeeTimes/Edit/30 - 44389 - ::1 Mozilla/5.0+(Windows+NT+10.0;+Win64;+x64)+AppleWebKit/537.36+(KHTML,+like+Gecko)+Chrome/72.0.3626.109+Safari/537.36 https://localhost:44389/EmployeeTimes/Edit/30 302 0 0 368
2019-02-22 16:14:05 ::1 GET /EmployeeTimes - 44389 - ::1 Mozilla/5.0+(Windows+NT+10.0;+Win64;+x64)+AppleWebKit/537.36+(KHTML,+like+Gecko)+Chrome/72.0.3626.109+Safari/537.36 https://localhost:44389/EmployeeTimes/Edit/30 200 0 0 268
#Software: Microsoft Internet Information Services 10.0
#Version: 1.0
#Date: 2019-02-22 17:17:21
#Fields: date time s-ip cs-method cs-uri-stem cs-uri-query s-port cs-username c-ip cs(User-Agent) cs(Referer) sc-status sc-substatus sc-win32-status time-taken
2019-02-22 17:17:21 ::1 DEBUG / - 50267 - ::1 - - 200 0 64 17618
2019-02-22 17:17:22 ::1 GET / - 44389 - ::1 Mozilla/5.0+(Windows+NT+10.0;+Win64;+x64)+AppleWebKit/537.36+(KHTML,+like+Gecko)+Chrome/72.0.3626.109+Safari/537.36 - 200 0 0 15163
2019-02-22 17:17:28 ::1 GET /EmployeeTimes - 44389 - ::1 Mozilla/5.0+(Windows+NT+10.0;+Win64;+x64)+AppleWebKit/537.36+(KHTML,+like+Gecko)+Chrome/72.0.3626.109+Safari/537.36 https://localhost:44389/ 200 0 0 3050
#Software: Microsoft Internet Information Services 10.0
#Version: 1.0
#Date: 2019-02-22 19:16:10
#Fields: date time s-ip cs-method cs-uri-stem cs-uri-query s-port cs-username c-ip cs(User-Agent) cs(Referer) sc-status sc-substatus sc-win32-status time-taken
2019-02-22 19:16:10 ::1 DEBUG / - 50267 - ::1 - - 200 0 64 10572
2019-02-22 19:16:11 ::1 GET / - 44389 - ::1 Mozilla/5.0+(Windows+NT+10.0;+Win64;+x64)+AppleWebKit/537.36+(KHTML,+like+Gecko)+Chrome/72.0.3626.109+Safari/537.36 - 200 0 0 8431
2019-02-22 19:16:14 ::1 GET /EmployeeTimes - 44389 - ::1 Mozilla/5.0+(Windows+NT+10.0;+Win64;+x64)+AppleWebKit/537.36+(KHTML,+like+Gecko)+Chrome/72.0.3626.109+Safari/537.36 https://localhost:44389/ 200 0 0 1949
#Software: Microsoft Internet Information Services 10.0
#Version: 1.0
#Date: 2019-02-22 19:17:21
#Fields: date time s-ip cs-method cs-uri-stem cs-uri-query s-port cs-username c-ip cs(User-Agent) cs(Referer) sc-status sc-substatus sc-win32-status time-taken
2019-02-22 19:17:21 ::1 DEBUG / - 50267 - ::1 - - 200 0 64 8692
2019-02-22 19:17:22 ::1 GET / - 44389 - ::1 Mozilla/5.0+(Windows+NT+10.0;+Win64;+x64)+AppleWebKit/537.36+(KHTML,+like+Gecko)+Chrome/72.0.3626.109+Safari/537.36 - 200 0 0 7059
2019-02-22 19:17:26 ::1 GET /EmployeeTimes - 44389 - ::1 Mozilla/5.0+(Windows+NT+10.0;+Win64;+x64)+AppleWebKit/537.36+(KHTML,+like+Gecko)+Chrome/72.0.3626.109+Safari/537.36 https://localhost:44389/ 200 0 0 2111
2019-02-22 19:18:08 ::1 GET /EmployeeTimes - 44389 - ::1 Mozilla/5.0+(Windows+NT+10.0;+Win64;+x64)+AppleWebKit/537.36+(KHTML,+like+Gecko)+Chrome/72.0.3626.109+Safari/537.36 https://localhost:44389/ 200 0 0 2984
2019-02-22 19:18:08 ::1 GET /favicon.ico - 44389 - ::1 Mozilla/5.0+(Windows+NT+10.0;+Win64;+x64)+AppleWebKit/537.36+(KHTML,+like+Gecko)+Chrome/72.0.3626.109+Safari/537.36 https://localhost:44389/EmployeeTimes 200 0 0 54
2019-02-22 19:18:10 ::1 GET /EmployeeTimes - 44389 - ::1 Mozilla/5.0+(Windows+NT+10.0;+Win64;+x64)+AppleWebKit/537.36+(KHTML,+like+Gecko)+Chrome/72.0.3626.109+Safari/537.36 https://localhost:44389/ 200 0 0 335
2019-02-22 19:18:10 ::1 GET /favicon.ico - 44389 - ::1 Mozilla/5.0+(Windows+NT+10.0;+Win64;+x64)+AppleWebKit/537.36+(KHTML,+like+Gecko)+Chrome/72.0.3626.109+Safari/537.36 https://localhost:44389/EmployeeTimes 200 0 0 45
#Software: Microsoft Internet Information Services 10.0
#Version: 1.0
#Date: 2019-02-22 19:21:07
#Fields: date time s-ip cs-method cs-uri-stem cs-uri-query s-port cs-username c-ip cs(User-Agent) cs(Referer) sc-status sc-substatus sc-win32-status time-taken
2019-02-22 19:21:07 ::1 DEBUG / - 50267 - ::1 - - 200 0 64 10272
2019-02-22 19:21:08 ::1 GET / - 44389 - ::1 Mozilla/5.0+(Windows+NT+10.0;+Win64;+x64)+AppleWebKit/537.36+(KHTML,+like+Gecko)+Chrome/72.0.3626.109+Safari/537.36 - 200 0 0 8066
2019-02-22 19:21:12 ::1 GET /Projects - 44389 - ::1 Mozilla/5.0+(Windows+NT+10.0;+Win64;+x64)+AppleWebKit/537.36+(KHTML,+like+Gecko)+Chrome/72.0.3626.109+Safari/537.36 https://localhost:44389/ 400 0 64 1685
2019-02-22 19:21:12 ::1 GET /EmployeeTimes - 44389 - ::1 Mozilla/5.0+(Windows+NT+10.0;+Win64;+x64)+AppleWebKit/537.36+(KHTML,+like+Gecko)+Chrome/72.0.3626.109+Safari/537.36 https://localhost:44389/ 200 0 0 1076
2019-02-22 19:23:42 ::1 GET /EmployeeTimes - 44389 - ::1 Mozilla/5.0+(Windows+NT+10.0;+Win64;+x64)+AppleWebKit/537.36+(KHTML,+like+Gecko)+Chrome/72.0.3626.109+Safari/537.36 https://localhost:44389/ 200 0 0 2803
2019-02-22 19:23:42 ::1 GET /favicon.ico - 44389 - ::1 Mozilla/5.0+(Windows+NT+10.0;+Win64;+x64)+AppleWebKit/537.36+(KHTML,+like+Gecko)+Chrome/72.0.3626.109+Safari/537.36 https://localhost:44389/EmployeeTimes 200 0 0 46
2019-02-22 19:23:45 ::1 GET /EmployeeTimes - 44389 - ::1 Mozilla/5.0+(Windows+NT+10.0;+Win64;+x64)+AppleWebKit/537.36+(KHTML,+like+Gecko)+Chrome/72.0.3626.109+Safari/537.36 https://localhost:44389/ 200 0 0 315
2019-02-22 19:23:45 ::1 GET /favicon.ico - 44389 - ::1 Mozilla/5.0+(Windows+NT+10.0;+Win64;+x64)+AppleWebKit/537.36+(KHTML,+like+Gecko)+Chrome/72.0.3626.109+Safari/537.36 https://localhost:44389/EmployeeTimes 200 0 0 41
#Software: Microsoft Internet Information Services 10.0
#Version: 1.0
#Date: 2019-02-22 19:25:24
#Fields: date time s-ip cs-method cs-uri-stem cs-uri-query s-port cs-username c-ip cs(User-Agent) cs(Referer) sc-status sc-substatus sc-win32-status time-taken
2019-02-22 19:25:24 ::1 DEBUG / - 50267 - ::1 - - 200 0 64 9434
2019-02-22 19:25:25 ::1 GET / - 44389 - ::1 Mozilla/5.0+(Windows+NT+10.0;+Win64;+x64)+AppleWebKit/537.36+(KHTML,+like+Gecko)+Chrome/72.0.3626.109+Safari/537.36 - 200 0 0 7402
2019-02-22 19:25:29 ::1 GET /EmployeeTimes - 44389 - ::1 Mozilla/5.0+(Windows+NT+10.0;+Win64;+x64)+AppleWebKit/537.36+(KHTML,+like+Gecko)+Chrome/72.0.3626.109+Safari/537.36 https://localhost:44389/ 200 0 0 2128
#Software: Microsoft Internet Information Services 10.0
#Version: 1.0
#Date: 2019-02-22 20:48:17
#Fields: date time s-ip cs-method cs-uri-stem cs-uri-query s-port cs-username c-ip cs(User-Agent) cs(Referer) sc-status sc-substatus sc-win32-status time-taken
2019-02-22 20:48:17 ::1 DEBUG / - 50267 - ::1 - - 200 0 64 11052
2019-02-22 20:48:18 ::1 GET / - 44389 - ::1 Mozilla/5.0+(Windows+NT+10.0;+Win64;+x64)+AppleWebKit/537.36+(KHTML,+like+Gecko)+Chrome/72.0.3626.109+Safari/537.36 - 200 0 0 9376
2019-02-22 20:48:31 ::1 GET /EmployeeTimes - 44389 - ::1 Mozilla/5.0+(Windows+NT+10.0;+Win64;+x64)+AppleWebKit/537.36+(KHTML,+like+Gecko)+Chrome/72.0.3626.109+Safari/537.36 https://localhost:44389/ 200 0 0 2016
2019-02-22 20:48:57 ::1 GET /EmployeeTimes - 44389 - ::1 Mozilla/5.0+(Windows+NT+10.0;+Win64;+x64)+AppleWebKit/537.36+(KHTML,+like+Gecko)+Chrome/72.0.3626.109+Safari/537.36 https://localhost:44389/ 200 0 0 2767
2019-02-22 20:48:57 ::1 GET /favicon.ico - 44389 - ::1 Mozilla/5.0+(Windows+NT+10.0;+Win64;+x64)+AppleWebKit/537.36+(KHTML,+like+Gecko)+Chrome/72.0.3626.109+Safari/537.36 https://localhost:44389/EmployeeTimes 200 0 0 40
2019-02-22 20:50:41 ::1 GET /EmployeeTimes - 44389 - ::1 Mozilla/5.0+(Windows+NT+10.0;+Win64;+x64)+AppleWebKit/537.36+(KHTML,+like+Gecko)+Chrome/72.0.3626.109+Safari/537.36 https://localhost:44389/ 200 0 0 694
2019-02-22 20:50:41 ::1 GET /favicon.ico - 44389 - ::1 Mozilla/5.0+(Windows+NT+10.0;+Win64;+x64)+AppleWebKit/537.36+(KHTML,+like+Gecko)+Chrome/72.0.3626.109+Safari/537.36 https://localhost:44389/EmployeeTimes 200 0 0 26
2019-02-22 20:54:14 ::1 GET /EmployeeTimes - 44389 - ::1 Mozilla/5.0+(Windows+NT+10.0;+Win64;+x64)+AppleWebKit/537.36+(KHTML,+like+Gecko)+Chrome/72.0.3626.109+Safari/537.36 https://localhost:44389/ 200 0 0 724
2019-02-22 20:54:14 ::1 GET /favicon.ico - 44389 - ::1 Mozilla/5.0+(Windows+NT+10.0;+Win64;+x64)+AppleWebKit/537.36+(KHTML,+like+Gecko)+Chrome/72.0.3626.109+Safari/537.36 https://localhost:44389/EmployeeTimes 200 0 0 22
2019-02-22 20:55:06 ::1 GET /EmployeeTimes - 44389 - ::1 Mozilla/5.0+(Windows+NT+10.0;+Win64;+x64)+AppleWebKit/537.36+(KHTML,+like+Gecko)+Chrome/72.0.3626.109+Safari/537.36 https://localhost:44389/ 200 0 0 707
2019-02-22 20:55:06 ::1 GET /favicon.ico - 44389 - ::1 Mozilla/5.0+(Windows+NT+10.0;+Win64;+x64)+AppleWebKit/537.36+(KHTML,+like+Gecko)+Chrome/72.0.3626.109+Safari/537.36 https://localhost:44389/EmployeeTimes 200 0 0 18
#Software: Microsoft Internet Information Services 10.0
#Version: 1.0
#Date: 2019-02-22 21:32:40
#Fields: date time s-ip cs-method cs-uri-stem cs-uri-query s-port cs-username c-ip cs(User-Agent) cs(Referer) sc-status sc-substatus sc-win32-status time-taken
2019-02-22 21:32:40 ::1 DEBUG / - 50267 - ::1 - - 200 0 64 14167
2019-02-22 21:32:42 ::1 GET / - 44389 - ::1 Mozilla/5.0+(Windows+NT+10.0;+Win64;+x64)+AppleWebKit/537.36+(KHTML,+like+Gecko)+Chrome/72.0.3626.109+Safari/537.36 - 200 0 0 12350
2019-02-22 21:32:47 ::1 GET /EmployeeTimes - 44389 - ::1 Mozilla/5.0+(Windows+NT+10.0;+Win64;+x64)+AppleWebKit/537.36+(KHTML,+like+Gecko)+Chrome/72.0.3626.109+Safari/537.36 https://localhost:44389/ 200 0 0 1862
2019-02-22 21:32:53 ::1 GET /EmployeeTimes - 44389 - ::1 Mozilla/5.0+(Windows+NT+10.0;+Win64;+x64)+AppleWebKit/537.36+(KHTML,+like+Gecko)+Chrome/72.0.3626.109+Safari/537.36 https://localhost:44389/ 200 0 0 326
2019-02-22 21:32:53 ::1 GET /favicon.ico - 44389 - ::1 Mozilla/5.0+(Windows+NT+10.0;+Win64;+x64)+AppleWebKit/537.36+(KHTML,+like+Gecko)+Chrome/72.0.3626.109+Safari/537.36 https://localhost:44389/EmployeeTimes 200 0 0 65
2019-02-22 21:33:45 ::1 GET /lib/bootstrap/dist/css/bootstrap.css.map - 44389 - ::1 Mozilla/5.0+(Windows+NT+10.0;+Win64;+x64)+AppleWebKit/537.36+(KHTML,+like+Gecko)+Chrome/72.0.3626.109+Safari/537.36 - 200 0 0 54
2019-02-22 21:35:12 ::1 GET /EmployeeTimes - 44389 - ::1 Mozilla/5.0+(Windows+NT+10.0;+Win64;+x64)+AppleWebKit/537.36+(KHTML,+like+Gecko)+Chrome/72.0.3626.109+Safari/537.36 https://localhost:44389/ 200 0 0 2655
2019-02-22 21:35:12 ::1 GET /favicon.ico - 44389 - ::1 Mozilla/5.0+(Windows+NT+10.0;+Win64;+x64)+AppleWebKit/537.36+(KHTML,+like+Gecko)+Chrome/72.0.3626.109+Safari/537.36 https://localhost:44389/EmployeeTimes 200 0 0 24
2019-02-22 21:35:42 ::1 GET /EmployeeTimes - 44389 - ::1 Mozilla/5.0+(Windows+NT+10.0;+Win64;+x64)+AppleWebKit/537.36+(KHTML,+like+Gecko)+Chrome/72.0.3626.109+Safari/537.36 https://localhost:44389/ 200 0 0 745
2019-02-22 21:35:42 ::1 GET /favicon.ico - 44389 - ::1 Mozilla/5.0+(Windows+NT+10.0;+Win64;+x64)+AppleWebKit/537.36+(KHTML,+like+Gecko)+Chrome/72.0.3626.109+Safari/537.36 https://localhost:44389/EmployeeTimes 200 0 0 69
2019-02-22 21:35:51 ::1 GET /EmployeeTimes - 44389 - ::1 Mozilla/5.0+(Windows+NT+10.0;+Win64;+x64)+AppleWebKit/537.36+(KHTML,+like+Gecko)+Chrome/72.0.3626.109+Safari/537.36 https://localhost:44389/ 200 0 0 281
2019-02-22 21:35:51 ::1 GET /favicon.ico - 44389 - ::1 Mozilla/5.0+(Windows+NT+10.0;+Win64;+x64)+AppleWebKit/537.36+(KHTML,+like+Gecko)+Chrome/72.0.3626.109+Safari/537.36 https://localhost:44389/EmployeeTimes 200 0 0 43
2019-02-22 21:35:53 ::1 GET /EmployeeTimes - 44389 - ::1 Mozilla/5.0+(Windows+NT+10.0;+Win64;+x64)+AppleWebKit/537.36+(KHTML,+like+Gecko)+Chrome/72.0.3626.109+Safari/537.36 https://localhost:44389/ 200 0 0 272
2019-02-22 21:35:53 ::1 GET /favicon.ico - 44389 - ::1 Mozilla/5.0+(Windows+NT+10.0;+Win64;+x64)+AppleWebKit/537.36+(KHTML,+like+Gecko)+Chrome/72.0.3626.109+Safari/537.36 https://localhost:44389/EmployeeTimes 200 0 0 34
2019-02-22 21:36:57 ::1 GET /EmployeeTimes - 44389 - ::1 Mozilla/5.0+(Windows+NT+10.0;+Win64;+x64)+AppleWebKit/537.36+(KHTML,+like+Gecko)+Chrome/72.0.3626.109+Safari/537.36 https://localhost:44389/ 200 0 0 590
2019-02-22 21:36:57 ::1 GET /favicon.ico - 44389 - ::1 Mozilla/5.0+(Windows+NT+10.0;+Win64;+x64)+AppleWebKit/537.36+(KHTML,+like+Gecko)+Chrome/72.0.3626.109+Safari/537.36 https://localhost:44389/EmployeeTimes 200 0 0 38
2019-02-22 21:38:27 ::1 GET /EmployeeTimes/ExportToExcel - 44389 - ::1 Mozilla/5.0+(Windows+NT+10.0;+Win64;+x64)+AppleWebKit/537.36+(KHTML,+like+Gecko)+Chrome/72.0.3626.109+Safari/537.36 https://localhost:44389/EmployeeTimes 502 3 12030 87716
#Software: Microsoft Internet Information Services 10.0
#Version: 1.0
#Date: 2019-02-22 21:38:53
#Fields: date time s-ip cs-method cs-uri-stem cs-uri-query s-port cs-username c-ip cs(User-Agent) cs(Referer) sc-status sc-substatus sc-win32-status time-taken
2019-02-22 21:38:53 ::1 DEBUG / - 50267 - ::1 - - 200 0 64 12917
2019-02-22 21:38:54 ::1 GET / - 44389 - ::1 Mozilla/5.0+(Windows+NT+10.0;+Win64;+x64)+AppleWebKit/537.36+(KHTML,+like+Gecko)+Chrome/72.0.3626.109+Safari/537.36 - 200 0 0 10111
2019-02-22 21:38:59 ::1 GET /EmployeeTimes - 44389 - ::1 Mozilla/5.0+(Windows+NT+10.0;+Win64;+x64)+AppleWebKit/537.36+(KHTML,+like+Gecko)+Chrome/72.0.3626.109+Safari/537.36 https://localhost:44389/ 200 0 0 1749
2019-02-22 21:39:21 ::1 GET /EmployeeTimes/ExportToExcel - 44389 - ::1 Mozilla/5.0+(Windows+NT+10.0;+Win64;+x64)+AppleWebKit/537.36+(KHTML,+like+Gecko)+Chrome/72.0.3626.109+Safari/537.36 https://localhost:44389/EmployeeTimes 502 3 12030 19672
2019-02-22 21:41:13 ::1 DEBUG / - 50267 - ::1 - - 200 0 64 11768
2019-02-22 21:41:14 ::1 GET / - 44389 - ::1 Mozilla/5.0+(Windows+NT+10.0;+Win64;+x64)+AppleWebKit/537.36+(KHTML,+like+Gecko)+Chrome/72.0.3626.109+Safari/537.36 - 200 0 0 10265
2019-02-22 21:41:18 ::1 GET /EmployeeTimes - 44389 - ::1 Mozilla/5.0+(Windows+NT+10.0;+Win64;+x64)+AppleWebKit/537.36+(KHTML,+like+Gecko)+Chrome/72.0.3626.109+Safari/537.36 https://localhost:44389/ 200 0 0 2191
2019-02-22 21:43:51 ::1 GET /EmployeeTimes/ExportToExcel - 44389 - ::1 Mozilla/5.0+(Windows+NT+10.0;+Win64;+x64)+AppleWebKit/537.36+(KHTML,+like+Gecko)+Chrome/72.0.3626.109+Safari/537.36 https://localhost:44389/EmployeeTimes 502 3 12030 151639
#Software: Microsoft Internet Information Services 10.0
#Version: 1.0
#Date: 2019-02-22 21:45:45
#Fields: date time s-ip cs-method cs-uri-stem cs-uri-query s-port cs-username c-ip cs(User-Agent) cs(Referer) sc-status sc-substatus sc-win32-status time-taken
2019-02-22 21:45:45 ::1 DEBUG / - 50267 - ::1 - - 200 0 64 15477
2019-02-22 21:45:47 ::1 GET / - 44389 - ::1 Mozilla/5.0+(Windows+NT+10.0;+Win64;+x64)+AppleWebKit/537.36+(KHTML,+like+Gecko)+Chrome/72.0.3626.109+Safari/537.36 - 200 0 0 12257
2019-02-22 21:45:51 ::1 GET /EmployeeTimes - 44389 - ::1 Mozilla/5.0+(Windows+NT+10.0;+Win64;+x64)+AppleWebKit/537.36+(KHTML,+like+Gecko)+Chrome/72.0.3626.109+Safari/537.36 https://localhost:44389/ 200 0 0 2034
2019-02-22 21:46:13 ::1 GET /EmployeeTimes/ExportToExcel - 44389 - ::1 Mozilla/5.0+(Windows+NT+10.0;+Win64;+x64)+AppleWebKit/537.36+(KHTML,+like+Gecko)+Chrome/72.0.3626.109+Safari/537.36 https://localhost:44389/EmployeeTimes 502 3 12030 21205
#Software: Microsoft Internet Information Services 10.0
#Version: 1.0
#Date: 2019-02-22 22:35:20
#Fields: date time s-ip cs-method cs-uri-stem cs-uri-query s-port cs-username c-ip cs(User-Agent) cs(Referer) sc-status sc-substatus sc-win32-status time-taken
2019-02-22 22:35:20 ::1 DEBUG / - 50267 - ::1 - - 200 0 64 12652
2019-02-22 22:35:21 ::1 GET / - 44389 - ::1 Mozilla/5.0+(Windows+NT+10.0;+Win64;+x64)+AppleWebKit/537.36+(KHTML,+like+Gecko)+Chrome/72.0.3626.109+Safari/537.36 - 200 0 0 10393
2019-02-22 22:36:22 ::1 GET /EmployeeTimes - 44389 - ::1 Mozilla/5.0+(Windows+NT+10.0;+Win64;+x64)+AppleWebKit/537.36+(KHTML,+like+Gecko)+Chrome/72.0.3626.109+Safari/537.36 https://localhost:44389/ 200 0 0 2301
2019-02-22 22:37:56 ::1 GET /EmployeeTimes/ExportToExcel - 44389 - ::1 Mozilla/5.0+(Windows+NT+10.0;+Win64;+x64)+AppleWebKit/537.36+(KHTML,+like+Gecko)+Chrome/72.0.3626.109+Safari/537.36 https://localhost:44389/EmployeeTimes 502 3 12030 92469
#Software: Microsoft Internet Information Services 10.0
#Version: 1.0
#Date: 2019-02-22 22:39:26
#Fields: date time s-ip cs-method cs-uri-stem cs-uri-query s-port cs-username c-ip cs(User-Agent) cs(Referer) sc-status sc-substatus sc-win32-status time-taken
2019-02-22 22:39:26 ::1 DEBUG / - 50267 - ::1 - - 200 0 64 10339
2019-02-22 22:39:27 ::1 GET / - 44389 - ::1 Mozilla/5.0+(Windows+NT+10.0;+Win64;+x64)+AppleWebKit/537.36+(KHTML,+like+Gecko)+Chrome/72.0.3626.109+Safari/537.36 - 200 0 0 9126
2019-02-22 22:39:32 ::1 GET /EmployeeTimes - 44389 - ::1 Mozilla/5.0+(Windows+NT+10.0;+Win64;+x64)+AppleWebKit/537.36+(KHTML,+like+Gecko)+Chrome/72.0.3626.109+Safari/537.36 https://localhost:44389/ 200 0 0 2001
2019-02-22 22:45:44 ::1 GET /EmployeeTimes/ExportToExcel - 44389 - ::1 Mozilla/5.0+(Windows+NT+10.0;+Win64;+x64)+AppleWebKit/537.36+(KHTML,+like+Gecko)+Chrome/72.0.3626.109+Safari/537.36 https://localhost:44389/EmployeeTimes 502 3 12030 370317
#Software: Microsoft Internet Information Services 10.0
#Version: 1.0
#Date: 2019-02-22 22:47:45
#Fields: date time s-ip cs-method cs-uri-stem cs-uri-query s-port cs-username c-ip cs(User-Agent) cs(Referer) sc-status sc-substatus sc-win32-status time-taken
2019-02-22 22:47:45 ::1 DEBUG / - 50267 - ::1 - - 200 0 64 20245
2019-02-22 22:47:46 ::1 GET / - 44389 - ::1 Mozilla/5.0+(Windows+NT+10.0;+Win64;+x64)+AppleWebKit/537.36+(KHTML,+like+Gecko)+Chrome/72.0.3626.109+Safari/537.36 - 200 0 0 18131
2019-02-22 22:47:50 ::1 GET /EmployeeTimes - 44389 - ::1 Mozilla/5.0+(Windows+NT+10.0;+Win64;+x64)+AppleWebKit/537.36+(KHTML,+like+Gecko)+Chrome/72.0.3626.109+Safari/537.36 https://localhost:44389/ 200 0 0 2142
2019-02-22 22:50:49 ::1 GET /EmployeeTimes/ExportToExcel - 44389 - ::1 Mozilla/5.0+(Windows+NT+10.0;+Win64;+x64)+AppleWebKit/537.36+(KHTML,+like+Gecko)+Chrome/72.0.3626.109+Safari/537.36 https://localhost:44389/EmployeeTimes 502 3 12030 176405
#Software: Microsoft Internet Information Services 10.0
#Version: 1.0
#Date: 2019-02-22 22:51:55
#Fields: date time s-ip cs-method cs-uri-stem cs-uri-query s-port cs-username c-ip cs(User-Agent) cs(Referer) sc-status sc-substatus sc-win32-status time-taken
2019-02-22 22:51:55 ::1 DEBUG / - 50267 - ::1 - - 200 0 64 11230
2019-02-22 22:51:57 ::1 GET / - 44389 - ::1 Mozilla/5.0+(Windows+NT+10.0;+Win64;+x64)+AppleWebKit/537.36+(KHTML,+like+Gecko)+Chrome/72.0.3626.109+Safari/537.36 - 200 0 0 9434
2019-02-22 22:52:01 ::1 GET /EmployeeTimes - 44389 - ::1 Mozilla/5.0+(Windows+NT+10.0;+Win64;+x64)+AppleWebKit/537.36+(KHTML,+like+Gecko)+Chrome/72.0.3626.109+Safari/537.36 https://localhost:44389/ 200 0 0 1897
2019-02-22 22:53:11 ::1 GET /EmployeeTimes/ExportToExcel - 44389 - ::1 Mozilla/5.0+(Windows+NT+10.0;+Win64;+x64)+AppleWebKit/537.36+(KHTML,+like+Gecko)+Chrome/72.0.3626.109+Safari/537.36 https://localhost:44389/EmployeeTimes 502 3 12030 68165
#Software: Microsoft Internet Information Services 10.0
#Version: 1.0
#Date: 2019-02-22 22:58:23
#Fields: date time s-ip cs-method cs-uri-stem cs-uri-query s-port cs-username c-ip cs(User-Agent) cs(Referer) sc-status sc-substatus sc-win32-status time-taken
2019-02-22 22:58:23 ::1 DEBUG / - 50267 - ::1 - - 200 0 64 23888
2019-02-22 22:58:24 ::1 GET / - 44389 - ::1 Mozilla/5.0+(Windows+NT+10.0;+Win64;+x64)+AppleWebKit/537.36+(KHTML,+like+Gecko)+Chrome/72.0.3626.109+Safari/537.36 - 200 0 0 20646
2019-02-22 22:58:29 ::1 GET /EmployeeTimes - 44389 - ::1 Mozilla/5.0+(Windows+NT+10.0;+Win64;+x64)+AppleWebKit/537.36+(KHTML,+like+Gecko)+Chrome/72.0.3626.109+Safari/537.36 https://localhost:44389/ 200 0 0 3216
2019-02-22 22:58:32 ::1 GET /EmployeeTimes/ExportToExcel - 44389 - ::1 Mozilla/5.0+(Windows+NT+10.0;+Win64;+x64)+AppleWebKit/537.36+(KHTML,+like+Gecko)+Chrome/72.0.3626.109+Safari/537.36 https://localhost:44389/EmployeeTimes 200 0 0 972
2019-02-22 22:58:52 ::1 GET /EmployeeTimes/ExportToExcel - 44389 - ::1 Mozilla/5.0+(Windows+NT+10.0;+Win64;+x64)+AppleWebKit/537.36+(KHTML,+like+Gecko)+Chrome/72.0.3626.109+Safari/537.36 https://localhost:44389/EmployeeTimes 200 0 0 213
2019-02-22 23:01:39 ::1 GET /EmployeeTimes/ExportToExcel - 44389 - ::1 Mozilla/5.0+(Windows+NT+10.0;+Win64;+x64)+AppleWebKit/537.36+(KHTML,+like+Gecko)+Chrome/72.0.3626.109+Safari/537.36 https://localhost:44389/EmployeeTimes 200 0 0 220
2019-02-22 23:01:57 ::1 GET /EmployeeTimes/ExportToExcel - 44389 - ::1 Mozilla/5.0+(Windows+NT+10.0;+Win64;+x64)+AppleWebKit/537.36+(KHTML,+like+Gecko)+Chrome/72.0.3626.109+Safari/537.36 https://localhost:44389/EmployeeTimes 200 0 0 204
