#Software: Microsoft Internet Information Services 10.0
#Version: 1.0
#Date: 2019-02-11 15:29:06
#Fields: date time s-ip cs-method cs-uri-stem cs-uri-query s-port cs-username c-ip cs(User-Agent) cs(Referer) sc-status sc-substatus sc-win32-status time-taken
2019-02-11 15:29:06 ::1 DEBUG / - 50267 - ::1 - - 200 0 64 11107
2019-02-11 15:29:07 ::1 GET / - 44389 - ::1 Mozilla/5.0+(Windows+NT+10.0;+Win64;+x64)+AppleWebKit/537.36+(KHTML,+like+Gecko)+Chrome/71.0.3578.98+Safari/537.36 - 200 0 0 9791
2019-02-11 15:29:07 ::1 GET /lib/jquery/dist/jquery.js - 44389 - ::1 Mozilla/5.0+(Windows+NT+10.0;+Win64;+x64)+AppleWebKit/537.36+(KHTML,+like+Gecko)+Chrome/71.0.3578.98+Safari/537.36 https://localhost:44389/ 304 0 0 107
2019-02-11 15:29:07 ::1 GET /lib/bootstrap/dist/css/bootstrap.css - 44389 - ::1 Mozilla/5.0+(Windows+NT+10.0;+Win64;+x64)+AppleWebKit/537.36+(KHTML,+like+Gecko)+Chrome/71.0.3578.98+Safari/537.36 https://localhost:44389/ 304 0 0 129
2019-02-11 15:29:07 ::1 GET /images/theREdPointe.png - 44389 - ::1 Mozilla/5.0+(Windows+NT+10.0;+Win64;+x64)+AppleWebKit/537.36+(KHTML,+like+Gecko)+Chrome/71.0.3578.98+Safari/537.36 https://localhost:44389/ 304 0 0 129
2019-02-11 15:29:07 ::1 GET /images/Redpointe+Blk+Bkgd.jpg - 44389 - ::1 Mozilla/5.0+(Windows+NT+10.0;+Win64;+x64)+AppleWebKit/537.36+(KHTML,+like+Gecko)+Chrome/71.0.3578.98+Safari/537.36 https://localhost:44389/ 304 0 0 131
2019-02-11 15:29:07 ::1 GET /css/site.css - 44389 - ::1 Mozilla/5.0+(Windows+NT+10.0;+Win64;+x64)+AppleWebKit/537.36+(KHTML,+like+Gecko)+Chrome/71.0.3578.98+Safari/537.36 https://localhost:44389/ 304 0 0 141
2019-02-11 15:29:07 ::1 GET /lib/bootstrap/dist/js/bootstrap.js - 44389 - ::1 Mozilla/5.0+(Windows+NT+10.0;+Win64;+x64)+AppleWebKit/537.36+(KHTML,+like+Gecko)+Chrome/71.0.3578.98+Safari/537.36 https://localhost:44389/ 304 0 0 155
2019-02-11 15:29:07 ::1 GET /js/site.js v=4q1jwFhaPaZgr8WAUSrux6hAuh0XDg9kPS3xIVq36I0 44389 - ::1 Mozilla/5.0+(Windows+NT+10.0;+Win64;+x64)+AppleWebKit/537.36+(KHTML,+like+Gecko)+Chrome/71.0.3578.98+Safari/537.36 https://localhost:44389/ 304 0 0 177
2019-02-11 15:29:07 ::1 GET /lib/bootstrap/dist/fonts/glyphicons-halflings-regular.woff2 - 44389 - ::1 Mozilla/5.0+(Windows+NT+10.0;+Win64;+x64)+AppleWebKit/537.36+(KHTML,+like+Gecko)+Chrome/71.0.3578.98+Safari/537.36 https://localhost:44389/lib/bootstrap/dist/css/bootstrap.css 304 0 0 20
2019-02-11 15:29:10 ::1 GET /Admin - 44389 - ::1 Mozilla/5.0+(Windows+NT+10.0;+Win64;+x64)+AppleWebKit/537.36+(KHTML,+like+Gecko)+Chrome/71.0.3578.98+Safari/537.36 https://localhost:44389/ 200 0 0 1644
2019-02-11 15:29:13 ::1 GET /Admin/Delete/3d4ad7eb-ab5d-460c-ab67-d85461f6a054 - 44389 - ::1 Mozilla/5.0+(Windows+NT+10.0;+Win64;+x64)+AppleWebKit/537.36+(KHTML,+like+Gecko)+Chrome/71.0.3578.98+Safari/537.36 https://localhost:44389/Admin 302 0 0 981
2019-02-11 15:29:13 ::1 GET /Admin - 44389 - ::1 Mozilla/5.0+(Windows+NT+10.0;+Win64;+x64)+AppleWebKit/537.36+(KHTML,+like+Gecko)+Chrome/71.0.3578.98+Safari/537.36 https://localhost:44389/Admin 200 0 0 251
2019-02-11 15:29:15 ::1 GET /Admin/Delete/832bf7f3-b64e-495e-827b-346ebc807b46 - 44389 - ::1 Mozilla/5.0+(Windows+NT+10.0;+Win64;+x64)+AppleWebKit/537.36+(KHTML,+like+Gecko)+Chrome/71.0.3578.98+Safari/537.36 https://localhost:44389/Admin 302 0 0 496
2019-02-11 15:29:15 ::1 GET /Admin - 44389 - ::1 Mozilla/5.0+(Windows+NT+10.0;+Win64;+x64)+AppleWebKit/537.36+(KHTML,+like+Gecko)+Chrome/71.0.3578.98+Safari/537.36 https://localhost:44389/Admin 200 0 0 211
2019-02-11 15:29:16 ::1 GET /Admin/Delete/8547e9c0-bf53-43be-92b1-acd2d0eedce4 - 44389 - ::1 Mozilla/5.0+(Windows+NT+10.0;+Win64;+x64)+AppleWebKit/537.36+(KHTML,+like+Gecko)+Chrome/71.0.3578.98+Safari/537.36 https://localhost:44389/Admin 302 0 0 518
2019-02-11 15:29:16 ::1 GET /Admin - 44389 - ::1 Mozilla/5.0+(Windows+NT+10.0;+Win64;+x64)+AppleWebKit/537.36+(KHTML,+like+Gecko)+Chrome/71.0.3578.98+Safari/537.36 https://localhost:44389/Admin 200 0 0 223
2019-02-11 15:29:19 ::1 GET /Admin area=Identity&page=%2FAccount%2FLogin 44389 - ::1 Mozilla/5.0+(Windows+NT+10.0;+Win64;+x64)+AppleWebKit/537.36+(KHTML,+like+Gecko)+Chrome/71.0.3578.98+Safari/537.36 https://localhost:44389/Admin 200 0 0 267
2019-02-11 15:29:19 ::1 GET /Admin/Delete/dd0047ac-906b-4e32-9ef0-c8a110c83fc2 - 44389 - ::1 Mozilla/5.0+(Windows+NT+10.0;+Win64;+x64)+AppleWebKit/537.36+(KHTML,+like+Gecko)+Chrome/71.0.3578.98+Safari/537.36 https://localhost:44389/Admin 400 0 64 2591
2019-02-11 15:29:22 ::1 GET /Admin area=Identity&page=%2FAccount%2FLogin 44389 - ::1 Mozilla/5.0+(Windows+NT+10.0;+Win64;+x64)+AppleWebKit/537.36+(KHTML,+like+Gecko)+Chrome/71.0.3578.98+Safari/537.36 https://localhost:44389/Admin?area=Identity&page=%2FAccount%2FLogin 200 0 0 250
2019-02-11 15:29:23 ::1 GET /Admin area=Identity&page=%2FAccount%2FRegister 44389 - ::1 Mozilla/5.0+(Windows+NT+10.0;+Win64;+x64)+AppleWebKit/537.36+(KHTML,+like+Gecko)+Chrome/71.0.3578.98+Safari/537.36 https://localhost:44389/Admin?area=Identity&page=%2FAccount%2FLogin 200 0 0 267
2019-02-11 15:29:23 ::1 GET /Admin area=Identity&page=%2FAccount%2FRegister 44389 - ::1 Mozilla/5.0+(Windows+NT+10.0;+Win64;+x64)+AppleWebKit/537.36+(KHTML,+like+Gecko)+Chrome/71.0.3578.98+Safari/537.36 https://localhost:44389/Admin?area=Identity&page=%2FAccount%2FRegister 200 0 0 234
2019-02-11 15:29:25 ::1 GET /Admin area=Identity&page=%2FAccount%2FLogin 44389 - ::1 Mozilla/5.0+(Windows+NT+10.0;+Win64;+x64)+AppleWebKit/537.36+(KHTML,+like+Gecko)+Chrome/71.0.3578.98+Safari/537.36 https://localhost:44389/Admin?area=Identity&page=%2FAccount%2FRegister 200 0 0 237
2019-02-11 15:29:26 ::1 GET / - 44389 - ::1 Mozilla/5.0+(Windows+NT+10.0;+Win64;+x64)+AppleWebKit/537.36+(KHTML,+like+Gecko)+Chrome/71.0.3578.98+Safari/537.36 https://localhost:44389/Admin?area=Identity&page=%2FAccount%2FLogin 200 0 0 43
2019-02-11 15:29:29 ::1 GET / - 44389 - ::1 Mozilla/5.0+(Windows+NT+10.0;+Win64;+x64)+AppleWebKit/537.36+(KHTML,+like+Gecko)+Chrome/71.0.3578.98+Safari/537.36 https://localhost:44389/ 200 0 0 44
2019-02-11 15:29:31 ::1 GET / - 44389 - ::1 Mozilla/5.0+(Windows+NT+10.0;+Win64;+x64)+AppleWebKit/537.36+(KHTML,+like+Gecko)+Chrome/71.0.3578.98+Safari/537.36 https://localhost:44389/ 200 0 0 71
2019-02-11 15:29:31 ::1 GET /Customers - 44389 - ::1 Mozilla/5.0+(Windows+NT+10.0;+Win64;+x64)+AppleWebKit/537.36+(KHTML,+like+Gecko)+Chrome/71.0.3578.98+Safari/537.36 https://localhost:44389/ 200 0 0 320
2019-02-11 15:29:37 ::1 GET /Projects - 44389 - ::1 Mozilla/5.0+(Windows+NT+10.0;+Win64;+x64)+AppleWebKit/537.36+(KHTML,+like+Gecko)+Chrome/71.0.3578.98+Safari/537.36 https://localhost:44389/Customers 200 0 0 410
2019-02-11 15:29:41 ::1 GET /Customers - 44389 - ::1 Mozilla/5.0+(Windows+NT+10.0;+Win64;+x64)+AppleWebKit/537.36+(KHTML,+like+Gecko)+Chrome/71.0.3578.98+Safari/537.36 https://localhost:44389/Projects 200 0 0 231
2019-02-11 15:29:43 ::1 GET /Projects - 44389 - ::1 Mozilla/5.0+(Windows+NT+10.0;+Win64;+x64)+AppleWebKit/537.36+(KHTML,+like+Gecko)+Chrome/71.0.3578.98+Safari/537.36 https://localhost:44389/Customers 200 0 0 252
2019-02-11 15:29:50 ::1 GET /Customers - 44389 - ::1 Mozilla/5.0+(Windows+NT+10.0;+Win64;+x64)+AppleWebKit/537.36+(KHTML,+like+Gecko)+Chrome/71.0.3578.98+Safari/537.36 https://localhost:44389/Projects 200 0 0 282
2019-02-11 15:29:52 ::1 GET /EmployeeTimes - 44389 - ::1 Mozilla/5.0+(Windows+NT+10.0;+Win64;+x64)+AppleWebKit/537.36+(KHTML,+like+Gecko)+Chrome/71.0.3578.98+Safari/537.36 https://localhost:44389/Customers 200 0 0 751
2019-02-11 15:29:58 ::1 GET /EmployeeTimes/Create - 44389 - ::1 Mozilla/5.0+(Windows+NT+10.0;+Win64;+x64)+AppleWebKit/537.36+(KHTML,+like+Gecko)+Chrome/71.0.3578.98+Safari/537.36 https://localhost:44389/EmployeeTimes 200 0 0 890
2019-02-11 15:29:58 ::1 GET /lib/jquery-validation/dist/jquery.validate.js - 44389 - ::1 Mozilla/5.0+(Windows+NT+10.0;+Win64;+x64)+AppleWebKit/537.36+(KHTML,+like+Gecko)+Chrome/71.0.3578.98+Safari/537.36 https://localhost:44389/EmployeeTimes/Create 304 0 0 39
2019-02-11 15:29:58 ::1 GET /lib/jquery-validation-unobtrusive/jquery.validate.unobtrusive.js - 44389 - ::1 Mozilla/5.0+(Windows+NT+10.0;+Win64;+x64)+AppleWebKit/537.36+(KHTML,+like+Gecko)+Chrome/71.0.3578.98+Safari/537.36 https://localhost:44389/EmployeeTimes/Create 304 0 0 79
2019-02-11 15:30:07 ::1 GET /EmployeeTimes - 44389 - ::1 Mozilla/5.0+(Windows+NT+10.0;+Win64;+x64)+AppleWebKit/537.36+(KHTML,+like+Gecko)+Chrome/71.0.3578.98+Safari/537.36 https://localhost:44389/EmployeeTimes/Create 200 0 0 283
2019-02-11 15:30:08 ::1 GET /Admin - 44389 - ::1 Mozilla/5.0+(Windows+NT+10.0;+Win64;+x64)+AppleWebKit/537.36+(KHTML,+like+Gecko)+Chrome/71.0.3578.98+Safari/537.36 https://localhost:44389/EmployeeTimes 200 0 0 233
2019-02-11 15:30:13 ::1 GET /Admin/Create - 44389 - ::1 Mozilla/5.0+(Windows+NT+10.0;+Win64;+x64)+AppleWebKit/537.36+(KHTML,+like+Gecko)+Chrome/71.0.3578.98+Safari/537.36 https://localhost:44389/Admin 200 0 0 89
2019-02-11 15:30:16 ::1 POST /Admin/Create - 44389 - ::1 Mozilla/5.0+(Windows+NT+10.0;+Win64;+x64)+AppleWebKit/537.36+(KHTML,+like+Gecko)+Chrome/71.0.3578.98+Safari/537.36 https://localhost:44389/Admin/Create 302 0 0 372
2019-02-11 15:30:16 ::1 GET /Admin - 44389 - ::1 Mozilla/5.0+(Windows+NT+10.0;+Win64;+x64)+AppleWebKit/537.36+(KHTML,+like+Gecko)+Chrome/71.0.3578.98+Safari/537.36 https://localhost:44389/Admin/Create 200 0 0 218
2019-02-11 15:30:18 ::1 GET /Admin/Create - 44389 - ::1 Mozilla/5.0+(Windows+NT+10.0;+Win64;+x64)+AppleWebKit/537.36+(KHTML,+like+Gecko)+Chrome/71.0.3578.98+Safari/537.36 https://localhost:44389/Admin 200 0 0 69
2019-02-11 15:30:22 ::1 POST /Admin/Create - 44389 - ::1 Mozilla/5.0+(Windows+NT+10.0;+Win64;+x64)+AppleWebKit/537.36+(KHTML,+like+Gecko)+Chrome/71.0.3578.98+Safari/537.36 https://localhost:44389/Admin/Create 302 0 0 522
2019-02-11 15:30:22 ::1 GET /Admin - 44389 - ::1 Mozilla/5.0+(Windows+NT+10.0;+Win64;+x64)+AppleWebKit/537.36+(KHTML,+like+Gecko)+Chrome/71.0.3578.98+Safari/537.36 https://localhost:44389/Admin/Create 200 0 0 213
2019-02-11 15:30:23 ::1 GET /Admin/Create - 44389 - ::1 Mozilla/5.0+(Windows+NT+10.0;+Win64;+x64)+AppleWebKit/537.36+(KHTML,+like+Gecko)+Chrome/71.0.3578.98+Safari/537.36 https://localhost:44389/Admin 200 0 0 50
2019-02-11 15:30:29 ::1 POST /Admin/Create - 44389 - ::1 Mozilla/5.0+(Windows+NT+10.0;+Win64;+x64)+AppleWebKit/537.36+(KHTML,+like+Gecko)+Chrome/71.0.3578.98+Safari/537.36 https://localhost:44389/Admin/Create 302 0 0 569
2019-02-11 15:30:29 ::1 GET /Admin - 44389 - ::1 Mozilla/5.0+(Windows+NT+10.0;+Win64;+x64)+AppleWebKit/537.36+(KHTML,+like+Gecko)+Chrome/71.0.3578.98+Safari/537.36 https://localhost:44389/Admin/Create 200 0 0 257
2019-02-11 15:30:32 ::1 GET /Roles - 44389 - ::1 Mozilla/5.0+(Windows+NT+10.0;+Win64;+x64)+AppleWebKit/537.36+(KHTML,+like+Gecko)+Chrome/71.0.3578.98+Safari/537.36 https://localhost:44389/Admin 200 0 0 870
2019-02-11 15:30:35 ::1 GET /Roles/SelectRoles/8a8dd348-e34e-4203-b363-8c64ff0c31b0 - 44389 - ::1 Mozilla/5.0+(Windows+NT+10.0;+Win64;+x64)+AppleWebKit/537.36+(KHTML,+like+Gecko)+Chrome/71.0.3578.98+Safari/537.36 https://localhost:44389/Roles 200 0 0 476
2019-02-11 15:30:44 ::1 GET /Roles - 44389 - ::1 Mozilla/5.0+(Windows+NT+10.0;+Win64;+x64)+AppleWebKit/537.36+(KHTML,+like+Gecko)+Chrome/71.0.3578.98+Safari/537.36 https://localhost:44389/Roles/SelectRoles/8a8dd348-e34e-4203-b363-8c64ff0c31b0 200 0 0 762
2019-02-11 15:30:46 ::1 GET /Roles/EditRole/8a8dd348-e34e-4203-b363-8c64ff0c31b0 - 44389 - ::1 Mozilla/5.0+(Windows+NT+10.0;+Win64;+x64)+AppleWebKit/537.36+(KHTML,+like+Gecko)+Chrome/71.0.3578.98+Safari/537.36 https://localhost:44389/Roles 200 0 0 444
2019-02-11 15:30:50 ::1 GET /Roles - 44389 - ::1 Mozilla/5.0+(Windows+NT+10.0;+Win64;+x64)+AppleWebKit/537.36+(KHTML,+like+Gecko)+Chrome/71.0.3578.98+Safari/537.36 https://localhost:44389/Roles/EditRole/8a8dd348-e34e-4203-b363-8c64ff0c31b0 200 0 0 727
2019-02-11 15:30:53 ::1 GET /Roles/SelectRoles/8a8dd348-e34e-4203-b363-8c64ff0c31b0 - 44389 - ::1 Mozilla/5.0+(Windows+NT+10.0;+Win64;+x64)+AppleWebKit/537.36+(KHTML,+like+Gecko)+Chrome/71.0.3578.98+Safari/537.36 https://localhost:44389/Roles 200 0 0 437
2019-02-11 15:31:05 ::1 POST /Roles/SelectRoles/8a8dd348-e34e-4203-b363-8c64ff0c31b0 - 44389 - ::1 Mozilla/5.0+(Windows+NT+10.0;+Win64;+x64)+AppleWebKit/537.36+(KHTML,+like+Gecko)+Chrome/71.0.3578.98+Safari/537.36 https://localhost:44389/Roles/SelectRoles/8a8dd348-e34e-4203-b363-8c64ff0c31b0 302 0 0 458
2019-02-11 15:31:05 ::1 GET /Roles - 44389 - ::1 Mozilla/5.0+(Windows+NT+10.0;+Win64;+x64)+AppleWebKit/537.36+(KHTML,+like+Gecko)+Chrome/71.0.3578.98+Safari/537.36 https://localhost:44389/Roles/SelectRoles/8a8dd348-e34e-4203-b363-8c64ff0c31b0 200 0 0 689
2019-02-11 15:31:12 ::1 GET /Roles/EditRole/dd0047ac-906b-4e32-9ef0-c8a110c83fc2 - 44389 - ::1 Mozilla/5.0+(Windows+NT+10.0;+Win64;+x64)+AppleWebKit/537.36+(KHTML,+like+Gecko)+Chrome/71.0.3578.98+Safari/537.36 https://localhost:44389/Roles 200 0 0 429
2019-02-11 15:31:18 ::1 GET /Roles/DeleteRoles/8a8dd348-e34e-4203-b363-8c64ff0c31b0 - 44389 - ::1 Mozilla/5.0+(Windows+NT+10.0;+Win64;+x64)+AppleWebKit/537.36+(KHTML,+like+Gecko)+Chrome/71.0.3578.98+Safari/537.36 https://localhost:44389/Roles 200 0 0 692
2019-02-11 15:31:43 ::1 DEBUG / - 50267 - ::1 - - 200 0 64 7696
2019-02-11 15:31:43 ::1 GET / - 44389 - ::1 Mozilla/5.0+(Windows+NT+10.0;+Win64;+x64)+AppleWebKit/537.36+(KHTML,+like+Gecko)+Chrome/71.0.3578.98+Safari/537.36 - 200 0 0 6917
2019-02-11 15:31:48 ::1 GET /Roles - 44389 - ::1 Mozilla/5.0+(Windows+NT+10.0;+Win64;+x64)+AppleWebKit/537.36+(KHTML,+like+Gecko)+Chrome/71.0.3578.98+Safari/537.36 https://localhost:44389/ 200 0 0 2348
2019-02-11 15:31:50 ::1 GET /Roles/SelectRoles/8a8dd348-e34e-4203-b363-8c64ff0c31b0 - 44389 - ::1 Mozilla/5.0+(Windows+NT+10.0;+Win64;+x64)+AppleWebKit/537.36+(KHTML,+like+Gecko)+Chrome/71.0.3578.98+Safari/537.36 https://localhost:44389/Roles 200 0 0 582
2019-02-11 15:33:26 ::1 POST /Roles/SelectRoles/8a8dd348-e34e-4203-b363-8c64ff0c31b0 - 44389 - ::1 Mozilla/5.0+(Windows+NT+10.0;+Win64;+x64)+AppleWebKit/537.36+(KHTML,+like+Gecko)+Chrome/71.0.3578.98+Safari/537.36 https://localhost:44389/Roles/SelectRoles/8a8dd348-e34e-4203-b363-8c64ff0c31b0 302 0 0 529
2019-02-11 15:33:26 ::1 GET /Roles - 44389 - ::1 Mozilla/5.0+(Windows+NT+10.0;+Win64;+x64)+AppleWebKit/537.36+(KHTML,+like+Gecko)+Chrome/71.0.3578.98+Safari/537.36 https://localhost:44389/Roles/SelectRoles/8a8dd348-e34e-4203-b363-8c64ff0c31b0 200 0 0 732
2019-02-11 15:33:29 ::1 GET /EmployeeTimes - 44389 - ::1 Mozilla/5.0+(Windows+NT+10.0;+Win64;+x64)+AppleWebKit/537.36+(KHTML,+like+Gecko)+Chrome/71.0.3578.98+Safari/537.36 https://localhost:44389/Roles 200 0 0 549
2019-02-11 15:33:32 ::1 GET /Admin - 44389 - ::1 Mozilla/5.0+(Windows+NT+10.0;+Win64;+x64)+AppleWebKit/537.36+(KHTML,+like+Gecko)+Chrome/71.0.3578.98+Safari/537.36 https://localhost:44389/EmployeeTimes 200 0 0 287
2019-02-11 15:33:38 ::1 GET /Roles - 44389 - ::1 Mozilla/5.0+(Windows+NT+10.0;+Win64;+x64)+AppleWebKit/537.36+(KHTML,+like+Gecko)+Chrome/71.0.3578.98+Safari/537.36 https://localhost:44389/Admin 200 0 0 801
2019-02-11 15:33:42 ::1 GET /Admin - 44389 - ::1 Mozilla/5.0+(Windows+NT+10.0;+Win64;+x64)+AppleWebKit/537.36+(KHTML,+like+Gecko)+Chrome/71.0.3578.98+Safari/537.36 https://localhost:44389/Roles 200 0 0 261
2019-02-11 15:33:44 ::1 GET /Admin - 44389 - ::1 Mozilla/5.0+(Windows+NT+10.0;+Win64;+x64)+AppleWebKit/537.36+(KHTML,+like+Gecko)+Chrome/71.0.3578.98+Safari/537.36 https://localhost:44389/Admin 200 0 0 225
2019-02-11 15:33:45 ::1 GET /Admin - 44389 - ::1 Mozilla/5.0+(Windows+NT+10.0;+Win64;+x64)+AppleWebKit/537.36+(KHTML,+like+Gecko)+Chrome/71.0.3578.98+Safari/537.36 https://localhost:44389/Admin 200 0 0 264
2019-02-11 15:33:47 ::1 GET /Roles - 44389 - ::1 Mozilla/5.0+(Windows+NT+10.0;+Win64;+x64)+AppleWebKit/537.36+(KHTML,+like+Gecko)+Chrome/71.0.3578.98+Safari/537.36 https://localhost:44389/Admin 200 0 0 1057
2019-02-11 15:33:50 ::1 GET /Admin - 44389 - ::1 Mozilla/5.0+(Windows+NT+10.0;+Win64;+x64)+AppleWebKit/537.36+(KHTML,+like+Gecko)+Chrome/71.0.3578.98+Safari/537.36 https://localhost:44389/Roles 200 0 0 261
2019-02-11 15:33:53 ::1 GET /Roles - 44389 - ::1 Mozilla/5.0+(Windows+NT+10.0;+Win64;+x64)+AppleWebKit/537.36+(KHTML,+like+Gecko)+Chrome/71.0.3578.98+Safari/537.36 https://localhost:44389/Admin 200 0 0 730
2019-02-11 15:34:47 ::1 GET /Roles/SelectRoles/8a8dd348-e34e-4203-b363-8c64ff0c31b0 - 44389 - ::1 Mozilla/5.0+(Windows+NT+10.0;+Win64;+x64)+AppleWebKit/537.36+(KHTML,+like+Gecko)+Chrome/71.0.3578.98+Safari/537.36 https://localhost:44389/Roles 200 0 0 467
2019-02-11 15:34:59 ::1 GET /EmployeeTimes - 44389 - ::1 Mozilla/5.0+(Windows+NT+10.0;+Win64;+x64)+AppleWebKit/537.36+(KHTML,+like+Gecko)+Chrome/71.0.3578.98+Safari/537.36 https://localhost:44389/Roles/SelectRoles/8a8dd348-e34e-4203-b363-8c64ff0c31b0 200 0 0 237
2019-02-11 15:35:01 ::1 GET /Admin - 44389 - ::1 Mozilla/5.0+(Windows+NT+10.0;+Win64;+x64)+AppleWebKit/537.36+(KHTML,+like+Gecko)+Chrome/71.0.3578.98+Safari/537.36 https://localhost:44389/EmployeeTimes 200 0 0 222
2019-02-11 15:35:01 ::1 GET /Projects - 44389 - ::1 Mozilla/5.0+(Windows+NT+10.0;+Win64;+x64)+AppleWebKit/537.36+(KHTML,+like+Gecko)+Chrome/71.0.3578.98+Safari/537.36 https://localhost:44389/Admin 200 0 0 328
2019-02-11 15:35:03 ::1 GET /Customers - 44389 - ::1 Mozilla/5.0+(Windows+NT+10.0;+Win64;+x64)+AppleWebKit/537.36+(KHTML,+like+Gecko)+Chrome/71.0.3578.98+Safari/537.36 https://localhost:44389/Projects 200 0 0 259
2019-02-11 15:35:05 ::1 GET / - 44389 - ::1 Mozilla/5.0+(Windows+NT+10.0;+Win64;+x64)+AppleWebKit/537.36+(KHTML,+like+Gecko)+Chrome/71.0.3578.98+Safari/537.36 https://localhost:44389/Customers 200 0 0 70
2019-02-11 15:35:06 ::1 GET /Customers - 44389 - ::1 Mozilla/5.0+(Windows+NT+10.0;+Win64;+x64)+AppleWebKit/537.36+(KHTML,+like+Gecko)+Chrome/71.0.3578.98+Safari/537.36 https://localhost:44389/ 200 0 0 227
2019-02-11 15:35:06 ::1 GET /Customers/Create - 44389 - ::1 Mozilla/5.0+(Windows+NT+10.0;+Win64;+x64)+AppleWebKit/537.36+(KHTML,+like+Gecko)+Chrome/71.0.3578.98+Safari/537.36 https://localhost:44389/Customers 200 0 0 118
2019-02-11 15:35:09 ::1 GET /Projects - 44389 - ::1 Mozilla/5.0+(Windows+NT+10.0;+Win64;+x64)+AppleWebKit/537.36+(KHTML,+like+Gecko)+Chrome/71.0.3578.98+Safari/537.36 https://localhost:44389/Customers/Create 200 0 0 251
2019-02-11 15:35:11 ::1 GET /Projects/Edit/3 - 44389 - ::1 Mozilla/5.0+(Windows+NT+10.0;+Win64;+x64)+AppleWebKit/537.36+(KHTML,+like+Gecko)+Chrome/71.0.3578.98+Safari/537.36 https://localhost:44389/Projects 200 0 0 593
2019-02-11 15:41:42 ::1 GET /Roles - 44389 - ::1 Mozilla/5.0+(Windows+NT+10.0;+Win64;+x64)+AppleWebKit/537.36+(KHTML,+like+Gecko)+Chrome/71.0.3578.98+Safari/537.36 https://localhost:44389/Projects/Edit/3 200 0 0 1137
2019-02-11 15:41:45 ::1 GET /Roles/SelectRoles/8a8dd348-e34e-4203-b363-8c64ff0c31b0 - 44389 - ::1 Mozilla/5.0+(Windows+NT+10.0;+Win64;+x64)+AppleWebKit/537.36+(KHTML,+like+Gecko)+Chrome/71.0.3578.98+Safari/537.36 https://localhost:44389/Roles 200 0 0 444
2019-02-11 15:45:57 ::1 DEBUG / - 50267 - ::1 - - 200 0 64 7930
2019-02-11 15:45:58 ::1 GET / - 44389 - ::1 Mozilla/5.0+(Windows+NT+10.0;+Win64;+x64)+AppleWebKit/537.36+(KHTML,+like+Gecko)+Chrome/71.0.3578.98+Safari/537.36 - 200 0 0 7199
2019-02-11 15:46:02 ::1 GET /Roles - 44389 - ::1 Mozilla/5.0+(Windows+NT+10.0;+Win64;+x64)+AppleWebKit/537.36+(KHTML,+like+Gecko)+Chrome/71.0.3578.98+Safari/537.36 https://localhost:44389/ 200 0 0 2234
2019-02-11 15:48:48 ::1 GET /Roles/SelectRoles/8a8dd348-e34e-4203-b363-8c64ff0c31b0 - 44389 - ::1 Mozilla/5.0+(Windows+NT+10.0;+Win64;+x64)+AppleWebKit/537.36+(KHTML,+like+Gecko)+Chrome/71.0.3578.98+Safari/537.36 https://localhost:44389/Roles 502 3 12030 164892
#Software: Microsoft Internet Information Services 10.0
#Version: 1.0
#Date: 2019-02-11 15:52:07
#Fields: date time s-ip cs-method cs-uri-stem cs-uri-query s-port cs-username c-ip cs(User-Agent) cs(Referer) sc-status sc-substatus sc-win32-status time-taken
2019-02-11 15:52:07 ::1 DEBUG / - 50267 - ::1 - - 200 0 64 8471
2019-02-11 15:52:08 ::1 GET / - 44389 - ::1 Mozilla/5.0+(Windows+NT+10.0;+Win64;+x64)+AppleWebKit/537.36+(KHTML,+like+Gecko)+Chrome/71.0.3578.98+Safari/537.36 - 200 0 0 7647
2019-02-11 15:52:12 ::1 GET /Roles - 44389 - ::1 Mozilla/5.0+(Windows+NT+10.0;+Win64;+x64)+AppleWebKit/537.36+(KHTML,+like+Gecko)+Chrome/71.0.3578.98+Safari/537.36 https://localhost:44389/ 200 0 0 2404
2019-02-11 15:52:32 ::1 GET /Roles/SelectRoles/8a8dd348-e34e-4203-b363-8c64ff0c31b0 - 44389 - ::1 Mozilla/5.0+(Windows+NT+10.0;+Win64;+x64)+AppleWebKit/537.36+(KHTML,+like+Gecko)+Chrome/71.0.3578.98+Safari/537.36 https://localhost:44389/Roles 200 0 0 18582
2019-02-11 15:52:38 ::1 GET /Roles/SelectRoles/8a8dd348-e34e-4203-b363-8c64ff0c31b0 - 44389 - ::1 Mozilla/5.0+(Windows+NT+10.0;+Win64;+x64)+AppleWebKit/537.36+(KHTML,+like+Gecko)+Chrome/71.0.3578.98+Safari/537.36 https://localhost:44389/Roles 200 0 0 1177
2019-02-11 15:52:38 ::1 GET /favicon.ico - 44389 - ::1 Mozilla/5.0+(Windows+NT+10.0;+Win64;+x64)+AppleWebKit/537.36+(KHTML,+like+Gecko)+Chrome/71.0.3578.98+Safari/537.36 https://localhost:44389/Roles/SelectRoles/8a8dd348-e34e-4203-b363-8c64ff0c31b0 200 0 0 30
2019-02-11 15:57:03 ::1 GET /Projects - 44389 - ::1 Mozilla/5.0+(Windows+NT+10.0;+Win64;+x64)+AppleWebKit/537.36+(KHTML,+like+Gecko)+Chrome/71.0.3578.98+Safari/537.36 https://localhost:44389/Roles/SelectRoles/8a8dd348-e34e-4203-b363-8c64ff0c31b0 200 0 0 809
2019-02-11 15:57:05 ::1 GET /Projects/Create - 44389 - ::1 Mozilla/5.0+(Windows+NT+10.0;+Win64;+x64)+AppleWebKit/537.36+(KHTML,+like+Gecko)+Chrome/71.0.3578.98+Safari/537.36 https://localhost:44389/Projects 200 0 0 474
2019-02-11 15:57:10 ::1 POST /Projects/Create - 44389 - ::1 Mozilla/5.0+(Windows+NT+10.0;+Win64;+x64)+AppleWebKit/537.36+(KHTML,+like+Gecko)+Chrome/71.0.3578.98+Safari/537.36 https://localhost:44389/Projects/Create 302 0 0 571
2019-02-11 15:57:10 ::1 GET /Projects - 44389 - ::1 Mozilla/5.0+(Windows+NT+10.0;+Win64;+x64)+AppleWebKit/537.36+(KHTML,+like+Gecko)+Chrome/71.0.3578.98+Safari/537.36 https://localhost:44389/Projects/Create 200 0 0 217
2019-02-11 15:57:13 ::1 GET /Roles - 44389 - ::1 Mozilla/5.0+(Windows+NT+10.0;+Win64;+x64)+AppleWebKit/537.36+(KHTML,+like+Gecko)+Chrome/71.0.3578.98+Safari/537.36 https://localhost:44389/Projects 200 0 0 845
2019-02-11 15:57:16 ::1 GET /Admin - 44389 - ::1 Mozilla/5.0+(Windows+NT+10.0;+Win64;+x64)+AppleWebKit/537.36+(KHTML,+like+Gecko)+Chrome/71.0.3578.98+Safari/537.36 https://localhost:44389/Roles 200 0 0 291
2019-02-11 15:57:18 ::1 GET /Roles - 44389 - ::1 Mozilla/5.0+(Windows+NT+10.0;+Win64;+x64)+AppleWebKit/537.36+(KHTML,+like+Gecko)+Chrome/71.0.3578.98+Safari/537.36 https://localhost:44389/Admin 200 0 0 773
2019-02-11 15:57:20 ::1 GET /Roles/SelectRoles/8a8dd348-e34e-4203-b363-8c64ff0c31b0 - 44389 - ::1 Mozilla/5.0+(Windows+NT+10.0;+Win64;+x64)+AppleWebKit/537.36+(KHTML,+like+Gecko)+Chrome/71.0.3578.98+Safari/537.36 https://localhost:44389/Roles 200 0 0 387
2019-02-11 15:59:46 ::1 GET /Roles - 44389 - ::1 Mozilla/5.0+(Windows+NT+10.0;+Win64;+x64)+AppleWebKit/537.36+(KHTML,+like+Gecko)+Chrome/71.0.3578.98+Safari/537.36 https://localhost:44389/Roles/SelectRoles/8a8dd348-e34e-4203-b363-8c64ff0c31b0 200 0 0 2670
2019-02-11 15:59:52 ::1 GET /Roles/SelectRoles/8a8dd348-e34e-4203-b363-8c64ff0c31b0 - 44389 - ::1 Mozilla/5.0+(Windows+NT+10.0;+Win64;+x64)+AppleWebKit/537.36+(KHTML,+like+Gecko)+Chrome/71.0.3578.98+Safari/537.36 https://localhost:44389/Roles 200 0 0 1196
2019-02-11 16:00:55 ::1 DEBUG / - 50267 - ::1 - - 200 0 64 8860
2019-02-11 16:00:56 ::1 GET / - 44389 - ::1 Mozilla/5.0+(Windows+NT+10.0;+Win64;+x64)+AppleWebKit/537.36+(KHTML,+like+Gecko)+Chrome/71.0.3578.98+Safari/537.36 - 200 0 0 8209
2019-02-11 16:01:00 ::1 GET /Roles - 44389 - ::1 Mozilla/5.0+(Windows+NT+10.0;+Win64;+x64)+AppleWebKit/537.36+(KHTML,+like+Gecko)+Chrome/71.0.3578.98+Safari/537.36 https://localhost:44389/ 200 0 0 2318
2019-02-11 16:01:22 ::1 GET /Roles/SelectRoles/8a8dd348-e34e-4203-b363-8c64ff0c31b0 - 44389 - ::1 Mozilla/5.0+(Windows+NT+10.0;+Win64;+x64)+AppleWebKit/537.36+(KHTML,+like+Gecko)+Chrome/71.0.3578.98+Safari/537.36 https://localhost:44389/Roles 200 0 0 20949
#Software: Microsoft Internet Information Services 10.0
#Version: 1.0
#Date: 2019-02-11 16:04:00
#Fields: date time s-ip cs-method cs-uri-stem cs-uri-query s-port cs-username c-ip cs(User-Agent) cs(Referer) sc-status sc-substatus sc-win32-status time-taken
2019-02-11 16:04:00 ::1 DEBUG / - 50267 - ::1 - - 200 0 64 9996
2019-02-11 16:04:01 ::1 GET / - 44389 - ::1 Mozilla/5.0+(Windows+NT+10.0;+Win64;+x64)+AppleWebKit/537.36+(KHTML,+like+Gecko)+Chrome/71.0.3578.98+Safari/537.36 - 200 0 0 8523
2019-02-11 16:04:27 ::1 GET /Admin - 44389 - ::1 Mozilla/5.0+(Windows+NT+10.0;+Win64;+x64)+AppleWebKit/537.36+(KHTML,+like+Gecko)+Chrome/71.0.3578.98+Safari/537.36 https://localhost:44389/ 400 0 64 1567
2019-02-11 16:04:27 ::1 GET /Roles - 44389 - ::1 Mozilla/5.0+(Windows+NT+10.0;+Win64;+x64)+AppleWebKit/537.36+(KHTML,+like+Gecko)+Chrome/71.0.3578.98+Safari/537.36 https://localhost:44389/ 200 0 0 1068
2019-02-11 16:05:28 ::1 GET /Roles/SelectRoles/8a8dd348-e34e-4203-b363-8c64ff0c31b0 - 44389 - ::1 Mozilla/5.0+(Windows+NT+10.0;+Win64;+x64)+AppleWebKit/537.36+(KHTML,+like+Gecko)+Chrome/71.0.3578.98+Safari/537.36 https://localhost:44389/Roles 502 3 12030 57017
#Software: Microsoft Internet Information Services 10.0
#Version: 1.0
#Date: 2019-02-11 16:05:51
#Fields: date time s-ip cs-method cs-uri-stem cs-uri-query s-port cs-username c-ip cs(User-Agent) cs(Referer) sc-status sc-substatus sc-win32-status time-taken
2019-02-11 16:05:51 ::1 DEBUG / - 50267 - ::1 - - 200 0 64 7603
2019-02-11 16:05:52 ::1 GET / - 44389 - ::1 Mozilla/5.0+(Windows+NT+10.0;+Win64;+x64)+AppleWebKit/537.36+(KHTML,+like+Gecko)+Chrome/71.0.3578.98+Safari/537.36 - 200 0 0 6857
2019-02-11 16:05:57 ::1 GET /Roles - 44389 - ::1 Mozilla/5.0+(Windows+NT+10.0;+Win64;+x64)+AppleWebKit/537.36+(KHTML,+like+Gecko)+Chrome/71.0.3578.98+Safari/537.36 https://localhost:44389/ 200 0 0 2256
2019-02-11 16:06:22 ::1 GET /Roles/SelectRoles/8a8dd348-e34e-4203-b363-8c64ff0c31b0 - 44389 - ::1 Mozilla/5.0+(Windows+NT+10.0;+Win64;+x64)+AppleWebKit/537.36+(KHTML,+like+Gecko)+Chrome/71.0.3578.98+Safari/537.36 https://localhost:44389/Roles 200 0 0 22478
2019-02-11 16:06:24 ::1 GET /Customers - 44389 - ::1 Mozilla/5.0+(Windows+NT+10.0;+Win64;+x64)+AppleWebKit/537.36+(KHTML,+like+Gecko)+Chrome/71.0.3578.98+Safari/537.36 https://localhost:44389/Roles/SelectRoles/8a8dd348-e34e-4203-b363-8c64ff0c31b0 200 0 0 564
#Software: Microsoft Internet Information Services 10.0
#Version: 1.0
#Date: 2019-02-11 16:09:24
#Fields: date time s-ip cs-method cs-uri-stem cs-uri-query s-port cs-username c-ip cs(User-Agent) cs(Referer) sc-status sc-substatus sc-win32-status time-taken
2019-02-11 16:09:24 ::1 DEBUG / - 50267 - ::1 - - 200 0 64 7863
2019-02-11 16:09:25 ::1 GET / - 44389 - ::1 Mozilla/5.0+(Windows+NT+10.0;+Win64;+x64)+AppleWebKit/537.36+(KHTML,+like+Gecko)+Chrome/71.0.3578.98+Safari/537.36 - 200 0 0 6957
2019-02-11 16:09:29 ::1 GET /Roles - 44389 - ::1 Mozilla/5.0+(Windows+NT+10.0;+Win64;+x64)+AppleWebKit/537.36+(KHTML,+like+Gecko)+Chrome/71.0.3578.98+Safari/537.36 https://localhost:44389/ 200 0 0 2358
2019-02-11 16:09:38 ::1 GET /Roles/SelectRoles/8a8dd348-e34e-4203-b363-8c64ff0c31b0 - 44389 - ::1 Mozilla/5.0+(Windows+NT+10.0;+Win64;+x64)+AppleWebKit/537.36+(KHTML,+like+Gecko)+Chrome/71.0.3578.98+Safari/537.36 https://localhost:44389/Roles 200 0 0 3187
2019-02-11 16:09:51 ::1 GET /Roles - 44389 - ::1 Mozilla/5.0+(Windows+NT+10.0;+Win64;+x64)+AppleWebKit/537.36+(KHTML,+like+Gecko)+Chrome/71.0.3578.98+Safari/537.36 https://localhost:44389/Roles/SelectRoles/8a8dd348-e34e-4203-b363-8c64ff0c31b0 200 0 0 733
2019-02-11 16:09:55 ::1 GET /Roles/EditRole/8a8dd348-e34e-4203-b363-8c64ff0c31b0 - 44389 - ::1 Mozilla/5.0+(Windows+NT+10.0;+Win64;+x64)+AppleWebKit/537.36+(KHTML,+like+Gecko)+Chrome/71.0.3578.98+Safari/537.36 https://localhost:44389/Roles 200 0 0 493
2019-02-11 16:10:00 ::1 GET /Roles - 44389 - ::1 Mozilla/5.0+(Windows+NT+10.0;+Win64;+x64)+AppleWebKit/537.36+(KHTML,+like+Gecko)+Chrome/71.0.3578.98+Safari/537.36 https://localhost:44389/Roles/EditRole/8a8dd348-e34e-4203-b363-8c64ff0c31b0 200 0 0 770
#Software: Microsoft Internet Information Services 10.0
#Version: 1.0
#Date: 2019-02-11 16:16:55
#Fields: date time s-ip cs-method cs-uri-stem cs-uri-query s-port cs-username c-ip cs(User-Agent) cs(Referer) sc-status sc-substatus sc-win32-status time-taken
2019-02-11 16:16:55 ::1 DEBUG / - 50267 - ::1 - - 200 0 64 9029
2019-02-11 16:16:56 ::1 GET / - 44389 - ::1 Mozilla/5.0+(Windows+NT+10.0;+Win64;+x64)+AppleWebKit/537.36+(KHTML,+like+Gecko)+Chrome/71.0.3578.98+Safari/537.36 - 200 0 0 8263
2019-02-11 16:17:01 ::1 GET /Roles - 44389 - ::1 Mozilla/5.0+(Windows+NT+10.0;+Win64;+x64)+AppleWebKit/537.36+(KHTML,+like+Gecko)+Chrome/71.0.3578.98+Safari/537.36 https://localhost:44389/ 200 0 0 2236
2019-02-11 16:17:25 ::1 GET /Roles/SelectRoles/8a8dd348-e34e-4203-b363-8c64ff0c31b0 - 44389 - ::1 Mozilla/5.0+(Windows+NT+10.0;+Win64;+x64)+AppleWebKit/537.36+(KHTML,+like+Gecko)+Chrome/71.0.3578.98+Safari/537.36 https://localhost:44389/Roles 502 3 12030 22658
#Software: Microsoft Internet Information Services 10.0
#Version: 1.0
#Date: 2019-02-11 16:18:05
#Fields: date time s-ip cs-method cs-uri-stem cs-uri-query s-port cs-username c-ip cs(User-Agent) cs(Referer) sc-status sc-substatus sc-win32-status time-taken
2019-02-11 16:18:05 ::1 DEBUG / - 50267 - ::1 - - 200 0 64 8187
2019-02-11 16:18:07 ::1 GET / - 44389 - ::1 Mozilla/5.0+(Windows+NT+10.0;+Win64;+x64)+AppleWebKit/537.36+(KHTML,+like+Gecko)+Chrome/71.0.3578.98+Safari/537.36 - 200 0 0 7853
2019-02-11 16:18:10 ::1 GET /Roles - 44389 - ::1 Mozilla/5.0+(Windows+NT+10.0;+Win64;+x64)+AppleWebKit/537.36+(KHTML,+like+Gecko)+Chrome/71.0.3578.98+Safari/537.36 https://localhost:44389/ 200 0 0 2302
2019-02-11 16:19:00 ::1 GET /Roles/SelectRoles/8a8dd348-e34e-4203-b363-8c64ff0c31b0 - 44389 - ::1 Mozilla/5.0+(Windows+NT+10.0;+Win64;+x64)+AppleWebKit/537.36+(KHTML,+like+Gecko)+Chrome/71.0.3578.98+Safari/537.36 https://localhost:44389/Roles 200 0 0 47730
2019-02-11 16:19:05 ::1 GET /Roles - 44389 - ::1 Mozilla/5.0+(Windows+NT+10.0;+Win64;+x64)+AppleWebKit/537.36+(KHTML,+like+Gecko)+Chrome/71.0.3578.98+Safari/537.36 https://localhost:44389/Roles/SelectRoles/8a8dd348-e34e-4203-b363-8c64ff0c31b0 200 0 0 796
2019-02-11 16:19:32 ::1 GET /Roles/SelectRoles/8a8dd348-e34e-4203-b363-8c64ff0c31b0 - 44389 - ::1 Mozilla/5.0+(Windows+NT+10.0;+Win64;+x64)+AppleWebKit/537.36+(KHTML,+like+Gecko)+Chrome/71.0.3578.98+Safari/537.36 https://localhost:44389/Roles 200 0 0 26431
#Software: Microsoft Internet Information Services 10.0
#Version: 1.0
#Date: 2019-02-11 16:19:51
#Fields: date time s-ip cs-method cs-uri-stem cs-uri-query s-port cs-username c-ip cs(User-Agent) cs(Referer) sc-status sc-substatus sc-win32-status time-taken
2019-02-11 16:19:51 ::1 DEBUG / - 50267 - ::1 - - 200 0 64 7993
2019-02-11 16:19:52 ::1 GET / - 44389 - ::1 Mozilla/5.0+(Windows+NT+10.0;+Win64;+x64)+AppleWebKit/537.36+(KHTML,+like+Gecko)+Chrome/71.0.3578.98+Safari/537.36 - 200 0 0 7659
2019-02-11 16:19:57 ::1 GET /Roles - 44389 - ::1 Mozilla/5.0+(Windows+NT+10.0;+Win64;+x64)+AppleWebKit/537.36+(KHTML,+like+Gecko)+Chrome/71.0.3578.98+Safari/537.36 https://localhost:44389/ 200 0 0 2571
2019-02-11 16:20:11 ::1 GET /Roles/SelectRoles/8a8dd348-e34e-4203-b363-8c64ff0c31b0 - 44389 - ::1 Mozilla/5.0+(Windows+NT+10.0;+Win64;+x64)+AppleWebKit/537.36+(KHTML,+like+Gecko)+Chrome/71.0.3578.98+Safari/537.36 https://localhost:44389/Roles 502 3 12030 13011
#Software: Microsoft Internet Information Services 10.0
#Version: 1.0
#Date: 2019-02-11 16:26:34
#Fields: date time s-ip cs-method cs-uri-stem cs-uri-query s-port cs-username c-ip cs(User-Agent) cs(Referer) sc-status sc-substatus sc-win32-status time-taken
2019-02-11 16:26:34 ::1 DEBUG / - 50267 - ::1 - - 200 0 64 8426
2019-02-11 16:26:36 ::1 GET / - 44389 - ::1 Mozilla/5.0+(Windows+NT+10.0;+Win64;+x64)+AppleWebKit/537.36+(KHTML,+like+Gecko)+Chrome/71.0.3578.98+Safari/537.36 - 200 0 0 8045
2019-02-11 16:26:40 ::1 GET /Roles - 44389 - ::1 Mozilla/5.0+(Windows+NT+10.0;+Win64;+x64)+AppleWebKit/537.36+(KHTML,+like+Gecko)+Chrome/71.0.3578.98+Safari/537.36 https://localhost:44389/ 200 0 0 2363
2019-02-11 16:26:43 ::1 GET /Roles/EditRole/8a8dd348-e34e-4203-b363-8c64ff0c31b0 - 44389 - ::1 Mozilla/5.0+(Windows+NT+10.0;+Win64;+x64)+AppleWebKit/537.36+(KHTML,+like+Gecko)+Chrome/71.0.3578.98+Safari/537.36 https://localhost:44389/Roles 200 0 0 604
2019-02-11 16:26:52 ::1 GET /Roles/DeleteRoles/8a8dd348-e34e-4203-b363-8c64ff0c31b0 - 44389 - ::1 Mozilla/5.0+(Windows+NT+10.0;+Win64;+x64)+AppleWebKit/537.36+(KHTML,+like+Gecko)+Chrome/71.0.3578.98+Safari/537.36 https://localhost:44389/Roles 200 0 0 637
2019-02-11 16:29:58 ::1 GET /Roles/SelectRoles/8a8dd348-e34e-4203-b363-8c64ff0c31b0 - 44389 - ::1 Mozilla/5.0+(Windows+NT+10.0;+Win64;+x64)+AppleWebKit/537.36+(KHTML,+like+Gecko)+Chrome/71.0.3578.98+Safari/537.36 https://localhost:44389/Roles 502 3 12030 179920
#Software: Microsoft Internet Information Services 10.0
#Version: 1.0
#Date: 2019-02-11 16:31:22
#Fields: date time s-ip cs-method cs-uri-stem cs-uri-query s-port cs-username c-ip cs(User-Agent) cs(Referer) sc-status sc-substatus sc-win32-status time-taken
2019-02-11 16:31:22 ::1 DEBUG / - 50267 - ::1 - - 200 0 64 7580
2019-02-11 16:31:23 ::1 GET / - 44389 - ::1 Mozilla/5.0+(Windows+NT+10.0;+Win64;+x64)+AppleWebKit/537.36+(KHTML,+like+Gecko)+Chrome/71.0.3578.98+Safari/537.36 - 200 0 0 7159
2019-02-11 16:31:29 ::1 GET /Roles - 44389 - ::1 Mozilla/5.0+(Windows+NT+10.0;+Win64;+x64)+AppleWebKit/537.36+(KHTML,+like+Gecko)+Chrome/71.0.3578.98+Safari/537.36 https://localhost:44389/ 200 0 0 2347
2019-02-11 16:31:40 ::1 GET /Roles/SelectRoles/8a8dd348-e34e-4203-b363-8c64ff0c31b0 - 44389 - ::1 Mozilla/5.0+(Windows+NT+10.0;+Win64;+x64)+AppleWebKit/537.36+(KHTML,+like+Gecko)+Chrome/71.0.3578.98+Safari/537.36 https://localhost:44389/Roles 502 3 12030 9857
#Software: Microsoft Internet Information Services 10.0
#Version: 1.0
#Date: 2019-02-11 16:33:48
#Fields: date time s-ip cs-method cs-uri-stem cs-uri-query s-port cs-username c-ip cs(User-Agent) cs(Referer) sc-status sc-substatus sc-win32-status time-taken
2019-02-11 16:33:48 ::1 DEBUG / - 50267 - ::1 - - 200 0 64 7794
2019-02-11 16:33:49 ::1 GET / - 44389 - ::1 Mozilla/5.0+(Windows+NT+10.0;+Win64;+x64)+AppleWebKit/537.36+(KHTML,+like+Gecko)+Chrome/71.0.3578.98+Safari/537.36 - 200 0 0 7612
2019-02-11 16:33:56 ::1 GET /Roles - 44389 - ::1 Mozilla/5.0+(Windows+NT+10.0;+Win64;+x64)+AppleWebKit/537.36+(KHTML,+like+Gecko)+Chrome/71.0.3578.98+Safari/537.36 https://localhost:44389/ 200 0 0 2293
2019-02-11 16:36:18 ::1 GET /Roles/SelectRoles/8a8dd348-e34e-4203-b363-8c64ff0c31b0 - 44389 - ::1 Mozilla/5.0+(Windows+NT+10.0;+Win64;+x64)+AppleWebKit/537.36+(KHTML,+like+Gecko)+Chrome/71.0.3578.98+Safari/537.36 https://localhost:44389/Roles 200 0 0 140759
#Software: Microsoft Internet Information Services 10.0
#Version: 1.0
#Date: 2019-02-11 16:40:17
#Fields: date time s-ip cs-method cs-uri-stem cs-uri-query s-port cs-username c-ip cs(User-Agent) cs(Referer) sc-status sc-substatus sc-win32-status time-taken
2019-02-11 16:40:17 ::1 DEBUG / - 50267 - ::1 - - 200 0 64 8229
2019-02-11 16:40:18 ::1 GET / - 44389 - ::1 Mozilla/5.0+(Windows+NT+10.0;+Win64;+x64)+AppleWebKit/537.36+(KHTML,+like+Gecko)+Chrome/71.0.3578.98+Safari/537.36 - 200 0 0 6762
2019-02-11 16:40:22 ::1 GET /Roles - 44389 - ::1 Mozilla/5.0+(Windows+NT+10.0;+Win64;+x64)+AppleWebKit/537.36+(KHTML,+like+Gecko)+Chrome/71.0.3578.98+Safari/537.36 https://localhost:44389/ 200 0 0 2390
2019-02-11 16:41:18 ::1 GET /Roles/SelectRoles/8a8dd348-e34e-4203-b363-8c64ff0c31b0 - 44389 - ::1 Mozilla/5.0+(Windows+NT+10.0;+Win64;+x64)+AppleWebKit/537.36+(KHTML,+like+Gecko)+Chrome/71.0.3578.98+Safari/537.36 https://localhost:44389/Roles 502 3 12030 54239
#Software: Microsoft Internet Information Services 10.0
#Version: 1.0
#Date: 2019-02-11 16:44:56
#Fields: date time s-ip cs-method cs-uri-stem cs-uri-query s-port cs-username c-ip cs(User-Agent) cs(Referer) sc-status sc-substatus sc-win32-status time-taken
2019-02-11 16:44:56 ::1 DEBUG / - 50267 - ::1 - - 200 0 64 9736
2019-02-11 16:44:58 ::1 GET / - 44389 - ::1 Mozilla/5.0+(Windows+NT+10.0;+Win64;+x64)+AppleWebKit/537.36+(KHTML,+like+Gecko)+Chrome/71.0.3578.98+Safari/537.36 - 200 0 0 9779
2019-02-11 16:45:02 ::1 GET /Roles - 44389 - ::1 Mozilla/5.0+(Windows+NT+10.0;+Win64;+x64)+AppleWebKit/537.36+(KHTML,+like+Gecko)+Chrome/71.0.3578.98+Safari/537.36 https://localhost:44389/ 200 0 0 2429
2019-02-11 16:46:47 ::1 GET /Roles/SelectRoles/8a8dd348-e34e-4203-b363-8c64ff0c31b0 - 44389 - ::1 Mozilla/5.0+(Windows+NT+10.0;+Win64;+x64)+AppleWebKit/537.36+(KHTML,+like+Gecko)+Chrome/71.0.3578.98+Safari/537.36 https://localhost:44389/Roles 502 3 12030 104031
#Software: Microsoft Internet Information Services 10.0
#Version: 1.0
#Date: 2019-02-11 16:47:11
#Fields: date time s-ip cs-method cs-uri-stem cs-uri-query s-port cs-username c-ip cs(User-Agent) cs(Referer) sc-status sc-substatus sc-win32-status time-taken
2019-02-11 16:47:11 ::1 DEBUG / - 50267 - ::1 - - 200 0 64 9048
2019-02-11 16:47:12 ::1 GET / - 44389 - ::1 Mozilla/5.0+(Windows+NT+10.0;+Win64;+x64)+AppleWebKit/537.36+(KHTML,+like+Gecko)+Chrome/71.0.3578.98+Safari/537.36 - 200 0 0 8848
2019-02-11 16:47:17 ::1 GET /Roles - 44389 - ::1 Mozilla/5.0+(Windows+NT+10.0;+Win64;+x64)+AppleWebKit/537.36+(KHTML,+like+Gecko)+Chrome/71.0.3578.98+Safari/537.36 https://localhost:44389/ 200 0 0 2535
2019-02-11 16:47:28 ::1 GET /Roles/SelectRoles/8a8dd348-e34e-4203-b363-8c64ff0c31b0 - 44389 - ::1 Mozilla/5.0+(Windows+NT+10.0;+Win64;+x64)+AppleWebKit/537.36+(KHTML,+like+Gecko)+Chrome/71.0.3578.98+Safari/537.36 https://localhost:44389/Roles 200 0 0 9866
#Software: Microsoft Internet Information Services 10.0
#Version: 1.0
#Date: 2019-02-11 16:48:25
#Fields: date time s-ip cs-method cs-uri-stem cs-uri-query s-port cs-username c-ip cs(User-Agent) cs(Referer) sc-status sc-substatus sc-win32-status time-taken
2019-02-11 16:48:25 ::1 DEBUG / - 50267 - ::1 - - 200 0 64 10048
2019-02-11 16:48:26 ::1 GET / - 44389 - ::1 Mozilla/5.0+(Windows+NT+10.0;+Win64;+x64)+AppleWebKit/537.36+(KHTML,+like+Gecko)+Chrome/71.0.3578.98+Safari/537.36 - 200 0 0 9248
2019-02-11 16:48:30 ::1 GET /Roles - 44389 - ::1 Mozilla/5.0+(Windows+NT+10.0;+Win64;+x64)+AppleWebKit/537.36+(KHTML,+like+Gecko)+Chrome/71.0.3578.98+Safari/537.36 https://localhost:44389/ 200 0 0 2404
2019-02-11 16:48:36 ::1 GET /Roles/SelectRoles/8a8dd348-e34e-4203-b363-8c64ff0c31b0 - 44389 - ::1 Mozilla/5.0+(Windows+NT+10.0;+Win64;+x64)+AppleWebKit/537.36+(KHTML,+like+Gecko)+Chrome/71.0.3578.98+Safari/537.36 https://localhost:44389/Roles 502 3 12030 5062
#Software: Microsoft Internet Information Services 10.0
#Version: 1.0
#Date: 2019-02-11 16:48:59
#Fields: date time s-ip cs-method cs-uri-stem cs-uri-query s-port cs-username c-ip cs(User-Agent) cs(Referer) sc-status sc-substatus sc-win32-status time-taken
2019-02-11 16:48:59 ::1 DEBUG / - 50267 - ::1 - - 200 0 64 9039
2019-02-11 16:49:01 ::1 GET / - 44389 - ::1 Mozilla/5.0+(Windows+NT+10.0;+Win64;+x64)+AppleWebKit/537.36+(KHTML,+like+Gecko)+Chrome/71.0.3578.98+Safari/537.36 - 200 0 0 8614
2019-02-11 16:49:05 ::1 GET /Roles - 44389 - ::1 Mozilla/5.0+(Windows+NT+10.0;+Win64;+x64)+AppleWebKit/537.36+(KHTML,+like+Gecko)+Chrome/71.0.3578.98+Safari/537.36 https://localhost:44389/ 200 0 0 2339
2019-02-11 16:49:36 ::1 GET /Roles/SelectRoles/8a8dd348-e34e-4203-b363-8c64ff0c31b0 - 44389 - ::1 Mozilla/5.0+(Windows+NT+10.0;+Win64;+x64)+AppleWebKit/537.36+(KHTML,+like+Gecko)+Chrome/71.0.3578.98+Safari/537.36 https://localhost:44389/Roles 502 3 12030 29510
#Software: Microsoft Internet Information Services 10.0
#Version: 1.0
#Date: 2019-02-11 16:49:54
#Fields: date time s-ip cs-method cs-uri-stem cs-uri-query s-port cs-username c-ip cs(User-Agent) cs(Referer) sc-status sc-substatus sc-win32-status time-taken
2019-02-11 16:49:54 ::1 DEBUG / - 50267 - ::1 - - 200 0 64 8994
2019-02-11 16:49:54 ::1 GET / - 44389 - ::1 Mozilla/5.0+(Windows+NT+10.0;+Win64;+x64)+AppleWebKit/537.36+(KHTML,+like+Gecko)+Chrome/71.0.3578.98+Safari/537.36 - 200 0 0 7643
2019-02-11 16:49:59 ::1 GET /Roles - 44389 - ::1 Mozilla/5.0+(Windows+NT+10.0;+Win64;+x64)+AppleWebKit/537.36+(KHTML,+like+Gecko)+Chrome/71.0.3578.98+Safari/537.36 https://localhost:44389/ 200 0 0 2362
2019-02-11 16:50:01 ::1 GET /Roles/SelectRoles/8a8dd348-e34e-4203-b363-8c64ff0c31b0 - 44389 - ::1 Mozilla/5.0+(Windows+NT+10.0;+Win64;+x64)+AppleWebKit/537.36+(KHTML,+like+Gecko)+Chrome/71.0.3578.98+Safari/537.36 https://localhost:44389/Roles 200 0 0 666
2019-02-11 16:51:00 ::1 POST /Roles/SelectRoles/8a8dd348-e34e-4203-b363-8c64ff0c31b0 - 44389 - ::1 Mozilla/5.0+(Windows+NT+10.0;+Win64;+x64)+AppleWebKit/537.36+(KHTML,+like+Gecko)+Chrome/71.0.3578.98+Safari/537.36 https://localhost:44389/Roles/SelectRoles/8a8dd348-e34e-4203-b363-8c64ff0c31b0 302 0 0 1872
2019-02-11 16:51:00 ::1 GET /Roles - 44389 - ::1 Mozilla/5.0+(Windows+NT+10.0;+Win64;+x64)+AppleWebKit/537.36+(KHTML,+like+Gecko)+Chrome/71.0.3578.98+Safari/537.36 https://localhost:44389/Roles/SelectRoles/8a8dd348-e34e-4203-b363-8c64ff0c31b0 200 0 0 777
2019-02-11 16:51:04 ::1 GET /Roles - 44389 - ::1 Mozilla/5.0+(Windows+NT+10.0;+Win64;+x64)+AppleWebKit/537.36+(KHTML,+like+Gecko)+Chrome/71.0.3578.98+Safari/537.36 https://localhost:44389/Roles 200 0 0 720
2019-02-11 16:51:06 ::1 GET /Roles/EditRole/8a8dd348-e34e-4203-b363-8c64ff0c31b0 - 44389 - ::1 Mozilla/5.0+(Windows+NT+10.0;+Win64;+x64)+AppleWebKit/537.36+(KHTML,+like+Gecko)+Chrome/71.0.3578.98+Safari/537.36 https://localhost:44389/Roles 200 0 0 467
2019-02-11 16:51:12 ::1 POST /Roles/EditRole/8a8dd348-e34e-4203-b363-8c64ff0c31b0 - 44389 - ::1 Mozilla/5.0+(Windows+NT+10.0;+Win64;+x64)+AppleWebKit/537.36+(KHTML,+like+Gecko)+Chrome/71.0.3578.98+Safari/537.36 https://localhost:44389/Roles/EditRole/8a8dd348-e34e-4203-b363-8c64ff0c31b0 302 0 0 410
2019-02-11 16:51:12 ::1 GET /Roles - 44389 - ::1 Mozilla/5.0+(Windows+NT+10.0;+Win64;+x64)+AppleWebKit/537.36+(KHTML,+like+Gecko)+Chrome/71.0.3578.98+Safari/537.36 https://localhost:44389/Roles/EditRole/8a8dd348-e34e-4203-b363-8c64ff0c31b0 200 0 0 741
2019-02-11 16:51:22 ::1 GET /Roles/EditRole/8a8dd348-e34e-4203-b363-8c64ff0c31b0 - 44389 - ::1 Mozilla/5.0+(Windows+NT+10.0;+Win64;+x64)+AppleWebKit/537.36+(KHTML,+like+Gecko)+Chrome/71.0.3578.98+Safari/537.36 https://localhost:44389/Roles 200 0 0 431
2019-02-11 16:51:25 ::1 POST /Roles/EditRole/8a8dd348-e34e-4203-b363-8c64ff0c31b0 - 44389 - ::1 Mozilla/5.0+(Windows+NT+10.0;+Win64;+x64)+AppleWebKit/537.36+(KHTML,+like+Gecko)+Chrome/71.0.3578.98+Safari/537.36 https://localhost:44389/Roles/EditRole/8a8dd348-e34e-4203-b363-8c64ff0c31b0 302 0 0 375
2019-02-11 16:51:25 ::1 GET /Roles - 44389 - ::1 Mozilla/5.0+(Windows+NT+10.0;+Win64;+x64)+AppleWebKit/537.36+(KHTML,+like+Gecko)+Chrome/71.0.3578.98+Safari/537.36 https://localhost:44389/Roles/EditRole/8a8dd348-e34e-4203-b363-8c64ff0c31b0 200 0 0 731
2019-02-11 16:51:30 ::1 GET /Roles - 44389 - ::1 Mozilla/5.0+(Windows+NT+10.0;+Win64;+x64)+AppleWebKit/537.36+(KHTML,+like+Gecko)+Chrome/71.0.3578.98+Safari/537.36 https://localhost:44389/Roles 200 0 0 804
2019-02-11 16:52:57 ::1 GET /Roles/EditRole/8a8dd348-e34e-4203-b363-8c64ff0c31b0 - 44389 - ::1 Mozilla/5.0+(Windows+NT+10.0;+Win64;+x64)+AppleWebKit/537.36+(KHTML,+like+Gecko)+Chrome/71.0.3578.98+Safari/537.36 https://localhost:44389/Roles 200 0 0 497
2019-02-11 16:53:01 ::1 POST /Roles/EditRole/8a8dd348-e34e-4203-b363-8c64ff0c31b0 - 44389 - ::1 Mozilla/5.0+(Windows+NT+10.0;+Win64;+x64)+AppleWebKit/537.36+(KHTML,+like+Gecko)+Chrome/71.0.3578.98+Safari/537.36 https://localhost:44389/Roles/EditRole/8a8dd348-e34e-4203-b363-8c64ff0c31b0 302 0 0 382
2019-02-11 16:53:01 ::1 GET /Roles - 44389 - ::1 Mozilla/5.0+(Windows+NT+10.0;+Win64;+x64)+AppleWebKit/537.36+(KHTML,+like+Gecko)+Chrome/71.0.3578.98+Safari/537.36 https://localhost:44389/Roles/EditRole/8a8dd348-e34e-4203-b363-8c64ff0c31b0 200 0 0 755
2019-02-11 16:53:24 ::1 GET /Roles/SelectRoles/c21ef28b-3bea-4e29-92ca-f8e88b1b14f5 - 44389 - ::1 Mozilla/5.0+(Windows+NT+10.0;+Win64;+x64)+AppleWebKit/537.36+(KHTML,+like+Gecko)+Chrome/71.0.3578.98+Safari/537.36 https://localhost:44389/Roles 200 0 0 501
2019-02-11 16:53:30 ::1 GET /Roles/DeleteRoles/8a8dd348-e34e-4203-b363-8c64ff0c31b0 - 44389 - ::1 Mozilla/5.0+(Windows+NT+10.0;+Win64;+x64)+AppleWebKit/537.36+(KHTML,+like+Gecko)+Chrome/71.0.3578.98+Safari/537.36 https://localhost:44389/Roles 200 0 0 574
2019-02-11 16:53:32 ::1 GET /Roles/DeleteUserRole/ roleName=Employee 44389 - ::1 Mozilla/5.0+(Windows+NT+10.0;+Win64;+x64)+AppleWebKit/537.36+(KHTML,+like+Gecko)+Chrome/71.0.3578.98+Safari/537.36 https://localhost:44389/Roles/DeleteRoles/8a8dd348-e34e-4203-b363-8c64ff0c31b0 302 0 0 521
2019-02-11 16:53:32 ::1 GET /Roles - 44389 - ::1 Mozilla/5.0+(Windows+NT+10.0;+Win64;+x64)+AppleWebKit/537.36+(KHTML,+like+Gecko)+Chrome/71.0.3578.98+Safari/537.36 https://localhost:44389/Roles/DeleteRoles/8a8dd348-e34e-4203-b363-8c64ff0c31b0 200 0 0 759
2019-02-11 16:53:36 ::1 GET /Roles/SelectRoles/8a8dd348-e34e-4203-b363-8c64ff0c31b0 - 44389 - ::1 Mozilla/5.0+(Windows+NT+10.0;+Win64;+x64)+AppleWebKit/537.36+(KHTML,+like+Gecko)+Chrome/71.0.3578.98+Safari/537.36 https://localhost:44389/Roles 200 0 0 470
2019-02-11 16:53:40 ::1 POST /Roles/SelectRoles/8a8dd348-e34e-4203-b363-8c64ff0c31b0 - 44389 - ::1 Mozilla/5.0+(Windows+NT+10.0;+Win64;+x64)+AppleWebKit/537.36+(KHTML,+like+Gecko)+Chrome/71.0.3578.98+Safari/537.36 https://localhost:44389/Roles/SelectRoles/8a8dd348-e34e-4203-b363-8c64ff0c31b0 302 0 0 1392
2019-02-11 16:53:40 ::1 GET /Roles - 44389 - ::1 Mozilla/5.0+(Windows+NT+10.0;+Win64;+x64)+AppleWebKit/537.36+(KHTML,+like+Gecko)+Chrome/71.0.3578.98+Safari/537.36 https://localhost:44389/Roles/SelectRoles/8a8dd348-e34e-4203-b363-8c64ff0c31b0 200 0 0 697
2019-02-11 16:53:51 ::1 GET /Roles/SelectRoles/8a8dd348-e34e-4203-b363-8c64ff0c31b0 - 44389 - ::1 Mozilla/5.0+(Windows+NT+10.0;+Win64;+x64)+AppleWebKit/537.36+(KHTML,+like+Gecko)+Chrome/71.0.3578.98+Safari/537.36 https://localhost:44389/Roles 200 0 0 390
#Software: Microsoft Internet Information Services 10.0
#Version: 1.0
#Date: 2019-02-11 16:55:43
#Fields: date time s-ip cs-method cs-uri-stem cs-uri-query s-port cs-username c-ip cs(User-Agent) cs(Referer) sc-status sc-substatus sc-win32-status time-taken
2019-02-11 16:55:43 ::1 DEBUG / - 50267 - ::1 - - 200 0 64 7307
2019-02-11 16:55:43 ::1 GET / - 44389 - ::1 Mozilla/5.0+(Windows+NT+10.0;+Win64;+x64)+AppleWebKit/537.36+(KHTML,+like+Gecko)+Chrome/71.0.3578.98+Safari/537.36 - 200 0 0 6691
2019-02-11 16:55:53 ::1 GET /Roles - 44389 - ::1 Mozilla/5.0+(Windows+NT+10.0;+Win64;+x64)+AppleWebKit/537.36+(KHTML,+like+Gecko)+Chrome/71.0.3578.98+Safari/537.36 https://localhost:44389/ 200 0 0 2713
2019-02-11 16:55:58 ::1 GET /Roles/DeleteRoles/8a8dd348-e34e-4203-b363-8c64ff0c31b0 - 44389 - ::1 Mozilla/5.0+(Windows+NT+10.0;+Win64;+x64)+AppleWebKit/537.36+(KHTML,+like+Gecko)+Chrome/71.0.3578.98+Safari/537.36 https://localhost:44389/Roles 200 0 0 751
2019-02-11 16:56:00 ::1 GET /Roles/DeleteUserRole/ roleName=Admin 44389 - ::1 Mozilla/5.0+(Windows+NT+10.0;+Win64;+x64)+AppleWebKit/537.36+(KHTML,+like+Gecko)+Chrome/71.0.3578.98+Safari/537.36 https://localhost:44389/Roles/DeleteRoles/8a8dd348-e34e-4203-b363-8c64ff0c31b0 302 0 0 677
2019-02-11 16:56:00 ::1 GET /Roles - 44389 - ::1 Mozilla/5.0+(Windows+NT+10.0;+Win64;+x64)+AppleWebKit/537.36+(KHTML,+like+Gecko)+Chrome/71.0.3578.98+Safari/537.36 https://localhost:44389/Roles/DeleteRoles/8a8dd348-e34e-4203-b363-8c64ff0c31b0 200 0 0 794
2019-02-11 16:56:11 ::1 GET /Roles area=Identity&page=%2FAccount%2FRegister 44389 - ::1 Mozilla/5.0+(Windows+NT+10.0;+Win64;+x64)+AppleWebKit/537.36+(KHTML,+like+Gecko)+Chrome/71.0.3578.98+Safari/537.36 https://localhost:44389/Roles 400 0 64 766
2019-02-11 16:56:11 ::1 GET /Roles area=Identity&page=%2FAccount%2FRegister 44389 - ::1 Mozilla/5.0+(Windows+NT+10.0;+Win64;+x64)+AppleWebKit/537.36+(KHTML,+like+Gecko)+Chrome/71.0.3578.98+Safari/537.36 https://localhost:44389/Roles 200 0 0 1087
2019-02-11 16:58:08 ::1 GET /Roles area=Identity&page=%2FAccount%2FRegister 44389 - ::1 Mozilla/5.0+(Windows+NT+10.0;+Win64;+x64)+AppleWebKit/537.36+(KHTML,+like+Gecko)+Chrome/71.0.3578.98+Safari/537.36 https://localhost:44389/Roles?area=Identity&page=%2FAccount%2FRegister 200 0 0 843
2019-02-11 17:06:40 ::1 GET /lib/bootstrap/dist/css/bootstrap.css.map - 44389 - ::1 Mozilla/5.0+(Windows+NT+10.0;+Win64;+x64)+AppleWebKit/537.36+(KHTML,+like+Gecko)+Chrome/71.0.3578.98+Safari/537.36 - 200 0 0 82
2019-02-11 17:08:06 ::1 GET /Roles area=Identity&page=%2FAccount%2FRegister 44389 - ::1 Mozilla/5.0+(Windows+NT+10.0;+Win64;+x64)+AppleWebKit/537.36+(KHTML,+like+Gecko)+Chrome/71.0.3578.98+Safari/537.36 https://localhost:44389/Roles?area=Identity&page=%2FAccount%2FRegister 200 0 0 3769
2019-02-11 17:08:06 ::1 GET /favicon.ico - 44389 - ::1 Mozilla/5.0+(Windows+NT+10.0;+Win64;+x64)+AppleWebKit/537.36+(KHTML,+like+Gecko)+Chrome/71.0.3578.98+Safari/537.36 https://localhost:44389/Roles?area=Identity&page=%2FAccount%2FRegister 200 0 0 28
2019-02-11 17:09:30 ::1 GET /Roles area=Identity&page=%2FAccount%2FLogin 44389 - ::1 Mozilla/5.0+(Windows+NT+10.0;+Win64;+x64)+AppleWebKit/537.36+(KHTML,+like+Gecko)+Chrome/71.0.3578.98+Safari/537.36 https://localhost:44389/Roles?area=Identity&page=%2FAccount%2FRegister 200 0 0 853
2019-02-11 17:17:37 ::1 GET /Roles area=Identity&page=%2FAccount%2FLogin 44389 - ::1 Mozilla/5.0+(Windows+NT+10.0;+Win64;+x64)+AppleWebKit/537.36+(KHTML,+like+Gecko)+Chrome/71.0.3578.98+Safari/537.36 https://localhost:44389/Roles?area=Identity&page=%2FAccount%2FLogin 200 0 0 1152
#Software: Microsoft Internet Information Services 10.0
#Version: 1.0
#Date: 2019-02-11 17:33:14
#Fields: date time s-ip cs-method cs-uri-stem cs-uri-query s-port cs-username c-ip cs(User-Agent) cs(Referer) sc-status sc-substatus sc-win32-status time-taken
2019-02-11 17:33:14 ::1 GET /Roles area=Identity&page=%2FAccount%2FLogin 44389 - ::1 Mozilla/5.0+(Windows+NT+10.0;+Win64;+x64)+AppleWebKit/537.36+(KHTML,+like+Gecko)+Chrome/71.0.3578.98+Safari/537.36 https://localhost:44389/Roles?area=Identity&page=%2FAccount%2FLogin 200 0 0 1052
2019-02-11 17:33:16 ::1 GET /Roles - 44389 - ::1 Mozilla/5.0+(Windows+NT+10.0;+Win64;+x64)+AppleWebKit/537.36+(KHTML,+like+Gecko)+Chrome/71.0.3578.98+Safari/537.36 https://localhost:44389/Roles?area=Identity&page=%2FAccount%2FLogin 200 0 0 793
2019-02-11 17:33:18 ::1 GET /EmployeeTimes - 44389 - ::1 Mozilla/5.0+(Windows+NT+10.0;+Win64;+x64)+AppleWebKit/537.36+(KHTML,+like+Gecko)+Chrome/71.0.3578.98+Safari/537.36 https://localhost:44389/Roles 200 0 0 626
2019-02-11 17:33:20 ::1 GET /EmployeeTimes/Delete/1 - 44389 - ::1 Mozilla/5.0+(Windows+NT+10.0;+Win64;+x64)+AppleWebKit/537.36+(KHTML,+like+Gecko)+Chrome/71.0.3578.98+Safari/537.36 https://localhost:44389/EmployeeTimes 200 0 0 428
2019-02-11 17:33:22 ::1 POST /EmployeeTimes/Delete/1 - 44389 - ::1 Mozilla/5.0+(Windows+NT+10.0;+Win64;+x64)+AppleWebKit/537.36+(KHTML,+like+Gecko)+Chrome/71.0.3578.98+Safari/537.36 https://localhost:44389/EmployeeTimes/Delete/1 302 0 0 609
2019-02-11 17:33:22 ::1 GET /EmployeeTimes - 44389 - ::1 Mozilla/5.0+(Windows+NT+10.0;+Win64;+x64)+AppleWebKit/537.36+(KHTML,+like+Gecko)+Chrome/71.0.3578.98+Safari/537.36 https://localhost:44389/EmployeeTimes/Delete/1 200 0 0 257
2019-02-11 17:33:24 ::1 GET / - 44389 - ::1 Mozilla/5.0+(Windows+NT+10.0;+Win64;+x64)+AppleWebKit/537.36+(KHTML,+like+Gecko)+Chrome/71.0.3578.98+Safari/537.36 https://localhost:44389/EmployeeTimes 200 0 0 42
2019-02-11 17:33:25 ::1 GET /Customers - 44389 - ::1 Mozilla/5.0+(Windows+NT+10.0;+Win64;+x64)+AppleWebKit/537.36+(KHTML,+like+Gecko)+Chrome/71.0.3578.98+Safari/537.36 https://localhost:44389/ 200 0 0 274
2019-02-11 17:33:33 ::1 GET /Projects - 44389 - ::1 Mozilla/5.0+(Windows+NT+10.0;+Win64;+x64)+AppleWebKit/537.36+(KHTML,+like+Gecko)+Chrome/71.0.3578.98+Safari/537.36 https://localhost:44389/Customers 200 0 0 313
2019-02-11 17:33:34 ::1 GET /EmployeeTimes - 44389 - ::1 Mozilla/5.0+(Windows+NT+10.0;+Win64;+x64)+AppleWebKit/537.36+(KHTML,+like+Gecko)+Chrome/71.0.3578.98+Safari/537.36 https://localhost:44389/Projects 200 0 0 248
2019-02-11 17:33:34 ::1 GET /Admin - 44389 - ::1 Mozilla/5.0+(Windows+NT+10.0;+Win64;+x64)+AppleWebKit/537.36+(KHTML,+like+Gecko)+Chrome/71.0.3578.98+Safari/537.36 https://localhost:44389/EmployeeTimes 200 0 0 282
2019-02-11 17:33:39 ::1 GET /Roles - 44389 - ::1 Mozilla/5.0+(Windows+NT+10.0;+Win64;+x64)+AppleWebKit/537.36+(KHTML,+like+Gecko)+Chrome/71.0.3578.98+Safari/537.36 https://localhost:44389/Admin 200 0 0 771
2019-02-11 17:33:42 ::1 GET /Roles area=Identity&page=%2FAccount%2FLogin 44389 - ::1 Mozilla/5.0+(Windows+NT+10.0;+Win64;+x64)+AppleWebKit/537.36+(KHTML,+like+Gecko)+Chrome/71.0.3578.98+Safari/537.36 https://localhost:44389/Roles 200 0 0 826
#Software: Microsoft Internet Information Services 10.0
#Version: 1.0
#Date: 2019-02-11 18:09:59
#Fields: date time s-ip cs-method cs-uri-stem cs-uri-query s-port cs-username c-ip cs(User-Agent) cs(Referer) sc-status sc-substatus sc-win32-status time-taken
2019-02-11 18:09:59 ::1 DEBUG / - 50267 - ::1 - - 200 0 64 11393
2019-02-11 18:10:01 ::1 GET / - 44389 - ::1 Mozilla/5.0+(Windows+NT+10.0;+Win64;+x64)+AppleWebKit/537.36+(KHTML,+like+Gecko)+Chrome/71.0.3578.98+Safari/537.36 - 200 0 0 10930
#Software: Microsoft Internet Information Services 10.0
#Version: 1.0
#Date: 2019-02-11 18:27:07
#Fields: date time s-ip cs-method cs-uri-stem cs-uri-query s-port cs-username c-ip cs(User-Agent) cs(Referer) sc-status sc-substatus sc-win32-status time-taken
2019-02-11 18:27:07 ::1 GET / area=Identity&page=%2FAccount%2FLogin 44389 - ::1 Mozilla/5.0+(Windows+NT+10.0;+Win64;+x64)+AppleWebKit/537.36+(KHTML,+like+Gecko)+Chrome/71.0.3578.98+Safari/537.36 https://localhost:44389/ 200 0 0 129
2019-02-11 18:27:11 ::1 GET / area=Identity&page=%2FAccount%2FLogin 44389 - ::1 Mozilla/5.0+(Windows+NT+10.0;+Win64;+x64)+AppleWebKit/537.36+(KHTML,+like+Gecko)+Chrome/71.0.3578.98+Safari/537.36 https://localhost:44389/?area=Identity&page=%2FAccount%2FLogin 200 0 0 50
2019-02-11 18:27:21 ::1 GET /Roles - 44389 - ::1 Mozilla/5.0+(Windows+NT+10.0;+Win64;+x64)+AppleWebKit/537.36+(KHTML,+like+Gecko)+Chrome/71.0.3578.98+Safari/537.36 https://localhost:44389/?area=Identity&page=%2FAccount%2FLogin 200 0 0 2698
2019-02-11 18:27:24 ::1 GET /Roles area=Identity&page=%2FAccount%2FLogin 44389 - ::1 Mozilla/5.0+(Windows+NT+10.0;+Win64;+x64)+AppleWebKit/537.36+(KHTML,+like+Gecko)+Chrome/71.0.3578.98+Safari/537.36 https://localhost:44389/Roles 200 0 0 776
2019-02-11 18:27:29 ::1 GET / - 44389 - ::1 Mozilla/5.0+(Windows+NT+10.0;+Win64;+x64)+AppleWebKit/537.36+(KHTML,+like+Gecko)+Chrome/71.0.3578.98+Safari/537.36 https://localhost:44389/Roles?area=Identity&page=%2FAccount%2FLogin 200 0 0 56
2019-02-11 18:27:30 ::1 GET / - 44389 - ::1 Mozilla/5.0+(Windows+NT+10.0;+Win64;+x64)+AppleWebKit/537.36+(KHTML,+like+Gecko)+Chrome/71.0.3578.98+Safari/537.36 https://localhost:44389/ 200 0 0 47
2019-02-11 18:27:31 ::1 GET /Customers - 44389 - ::1 Mozilla/5.0+(Windows+NT+10.0;+Win64;+x64)+AppleWebKit/537.36+(KHTML,+like+Gecko)+Chrome/71.0.3578.98+Safari/537.36 https://localhost:44389/ 200 0 0 343
2019-02-11 18:27:32 ::1 GET /Projects - 44389 - ::1 Mozilla/5.0+(Windows+NT+10.0;+Win64;+x64)+AppleWebKit/537.36+(KHTML,+like+Gecko)+Chrome/71.0.3578.98+Safari/537.36 https://localhost:44389/Customers 200 0 0 431
2019-02-11 18:27:34 ::1 GET /EmployeeTimes - 44389 - ::1 Mozilla/5.0+(Windows+NT+10.0;+Win64;+x64)+AppleWebKit/537.36+(KHTML,+like+Gecko)+Chrome/71.0.3578.98+Safari/537.36 https://localhost:44389/Projects 200 0 0 370
2019-02-11 18:27:35 ::1 GET /Admin - 44389 - ::1 Mozilla/5.0+(Windows+NT+10.0;+Win64;+x64)+AppleWebKit/537.36+(KHTML,+like+Gecko)+Chrome/71.0.3578.98+Safari/537.36 https://localhost:44389/EmployeeTimes 200 0 0 320
2019-02-11 18:27:52 ::1 GET /Admin area=Identity&page=%2FAccount%2FLogin 44389 - ::1 Mozilla/5.0+(Windows+NT+10.0;+Win64;+x64)+AppleWebKit/537.36+(KHTML,+like+Gecko)+Chrome/71.0.3578.98+Safari/537.36 https://localhost:44389/Admin 200 0 0 3264
2019-02-11 18:27:55 ::1 GET / - 44389 - ::1 Mozilla/5.0+(Windows+NT+10.0;+Win64;+x64)+AppleWebKit/537.36+(KHTML,+like+Gecko)+Chrome/71.0.3578.98+Safari/537.36 https://localhost:44389/Admin?area=Identity&page=%2FAccount%2FLogin 200 0 0 52
#Software: Microsoft Internet Information Services 10.0
#Version: 1.0
#Date: 2019-02-11 18:28:21
#Fields: date time s-ip cs-method cs-uri-stem cs-uri-query s-port cs-username c-ip cs(User-Agent) cs(Referer) sc-status sc-substatus sc-win32-status time-taken
2019-02-11 18:28:21 ::1 DEBUG / - 50267 - ::1 - - 200 0 64 9751
2019-02-11 18:28:22 ::1 GET / - 44389 - ::1 Mozilla/5.0+(Windows+NT+10.0;+Win64;+x64)+AppleWebKit/537.36+(KHTML,+like+Gecko)+Chrome/71.0.3578.98+Safari/537.36 - 200 0 0 8703
2019-02-11 18:28:24 ::1 GET / area=Identity&page=%2FLogin 44389 - ::1 Mozilla/5.0+(Windows+NT+10.0;+Win64;+x64)+AppleWebKit/537.36+(KHTML,+like+Gecko)+Chrome/71.0.3578.98+Safari/537.36 https://localhost:44389/ 200 0 0 104
2019-02-11 18:28:26 ::1 GET / area=Identity&page=%2FLogin 44389 - ::1 Mozilla/5.0+(Windows+NT+10.0;+Win64;+x64)+AppleWebKit/537.36+(KHTML,+like+Gecko)+Chrome/71.0.3578.98+Safari/537.36 https://localhost:44389/?area=Identity&page=%2FLogin 200 0 0 59
2019-02-11 18:28:26 ::1 GET / area=Identity&page=%2FLogin 44389 - ::1 Mozilla/5.0+(Windows+NT+10.0;+Win64;+x64)+AppleWebKit/537.36+(KHTML,+like+Gecko)+Chrome/71.0.3578.98+Safari/537.36 https://localhost:44389/?area=Identity&page=%2FLogin 200 0 0 51
2019-02-11 18:28:27 ::1 GET / area=Identity&page=%2FLogin 44389 - ::1 Mozilla/5.0+(Windows+NT+10.0;+Win64;+x64)+AppleWebKit/537.36+(KHTML,+like+Gecko)+Chrome/71.0.3578.98+Safari/537.36 https://localhost:44389/?area=Identity&page=%2FLogin 200 0 0 51
2019-02-11 18:28:27 ::1 GET / area=Identity&page=%2FLogin 44389 - ::1 Mozilla/5.0+(Windows+NT+10.0;+Win64;+x64)+AppleWebKit/537.36+(KHTML,+like+Gecko)+Chrome/71.0.3578.98+Safari/537.36 https://localhost:44389/?area=Identity&page=%2FLogin 200 0 0 39
#Software: Microsoft Internet Information Services 10.0
#Version: 1.0
#Date: 2019-02-11 18:29:38
#Fields: date time s-ip cs-method cs-uri-stem cs-uri-query s-port cs-username c-ip cs(User-Agent) cs(Referer) sc-status sc-substatus sc-win32-status time-taken
2019-02-11 18:29:38 ::1 DEBUG / - 50267 - ::1 - - 200 0 64 12174
2019-02-11 18:29:39 ::1 GET / - 44389 - ::1 Mozilla/5.0+(Windows+NT+10.0;+Win64;+x64)+AppleWebKit/537.36+(KHTML,+like+Gecko)+Chrome/71.0.3578.98+Safari/537.36 - 500 0 0 10913
#Software: Microsoft Internet Information Services 10.0
#Version: 1.0
#Date: 2019-02-11 18:30:23
#Fields: date time s-ip cs-method cs-uri-stem cs-uri-query s-port cs-username c-ip cs(User-Agent) cs(Referer) sc-status sc-substatus sc-win32-status time-taken
2019-02-11 18:30:23 ::1 DEBUG / - 50267 - ::1 - - 200 0 64 7651
2019-02-11 18:30:23 ::1 GET / - 44389 - ::1 Mozilla/5.0+(Windows+NT+10.0;+Win64;+x64)+AppleWebKit/537.36+(KHTML,+like+Gecko)+Chrome/71.0.3578.98+Safari/537.36 - 200 0 0 6382
2019-02-11 18:30:27 ::1 GET / area=Identity&page=%2FLogin 44389 - ::1 Mozilla/5.0+(Windows+NT+10.0;+Win64;+x64)+AppleWebKit/537.36+(KHTML,+like+Gecko)+Chrome/71.0.3578.98+Safari/537.36 https://localhost:44389/ 200 0 0 107
2019-02-11 18:30:28 ::1 GET / area=Identity&page=%2FLogin 44389 - ::1 Mozilla/5.0+(Windows+NT+10.0;+Win64;+x64)+AppleWebKit/537.36+(KHTML,+like+Gecko)+Chrome/71.0.3578.98+Safari/537.36 https://localhost:44389/?area=Identity&page=%2FLogin 200 0 0 48
2019-02-11 18:30:28 ::1 GET / area=Identity&page=%2FLogin 44389 - ::1 Mozilla/5.0+(Windows+NT+10.0;+Win64;+x64)+AppleWebKit/537.36+(KHTML,+like+Gecko)+Chrome/71.0.3578.98+Safari/537.36 https://localhost:44389/?area=Identity&page=%2FLogin 200 0 0 53
2019-02-11 18:30:32 ::1 GET /Roles - 44389 - ::1 Mozilla/5.0+(Windows+NT+10.0;+Win64;+x64)+AppleWebKit/537.36+(KHTML,+like+Gecko)+Chrome/71.0.3578.98+Safari/537.36 https://localhost:44389/?area=Identity&page=%2FLogin 200 0 0 2328
#Software: Microsoft Internet Information Services 10.0
#Version: 1.0
#Date: 2019-02-11 18:58:17
#Fields: date time s-ip cs-method cs-uri-stem cs-uri-query s-port cs-username c-ip cs(User-Agent) cs(Referer) sc-status sc-substatus sc-win32-status time-taken
2019-02-11 18:58:17 ::1 DEBUG / - 50267 - ::1 - - 200 0 64 8165
2019-02-11 18:58:18 ::1 GET / - 44389 - ::1 Mozilla/5.0+(Windows+NT+10.0;+Win64;+x64)+AppleWebKit/537.36+(KHTML,+like+Gecko)+Chrome/71.0.3578.98+Safari/537.36 - 200 0 0 7529
2019-02-11 18:58:20 ::1 GET / area=Identity&page=%2FLogin 44389 - ::1 Mozilla/5.0+(Windows+NT+10.0;+Win64;+x64)+AppleWebKit/537.36+(KHTML,+like+Gecko)+Chrome/71.0.3578.98+Safari/537.36 https://localhost:44389/ 200 0 0 104
2019-02-11 18:58:22 ::1 GET / area=Identity&page=%2FLogin 44389 - ::1 Mozilla/5.0+(Windows+NT+10.0;+Win64;+x64)+AppleWebKit/537.36+(KHTML,+like+Gecko)+Chrome/71.0.3578.98+Safari/537.36 https://localhost:44389/?area=Identity&page=%2FLogin 200 0 0 66
2019-02-11 18:58:22 ::1 GET / area=Identity&page=%2FLogin 44389 - ::1 Mozilla/5.0+(Windows+NT+10.0;+Win64;+x64)+AppleWebKit/537.36+(KHTML,+like+Gecko)+Chrome/71.0.3578.98+Safari/537.36 https://localhost:44389/?area=Identity&page=%2FLogin 200 0 0 79
2019-02-11 18:58:23 ::1 GET / area=Identity&page=%2FLogin 44389 - ::1 Mozilla/5.0+(Windows+NT+10.0;+Win64;+x64)+AppleWebKit/537.36+(KHTML,+like+Gecko)+Chrome/71.0.3578.98+Safari/537.36 https://localhost:44389/?area=Identity&page=%2FLogin 200 0 0 74
2019-02-11 18:58:25 ::1 GET / area=Identity&page=%2FAccount%2FRegister 44389 - ::1 Mozilla/5.0+(Windows+NT+10.0;+Win64;+x64)+AppleWebKit/537.36+(KHTML,+like+Gecko)+Chrome/71.0.3578.98+Safari/537.36 https://localhost:44389/?area=Identity&page=%2FLogin 200 0 0 52
2019-02-11 18:58:29 ::1 GET / area=Identity&page=%2FAccount%2FRegister 44389 - ::1 Mozilla/5.0+(Windows+NT+10.0;+Win64;+x64)+AppleWebKit/537.36+(KHTML,+like+Gecko)+Chrome/71.0.3578.98+Safari/537.36 https://localhost:44389/?area=Identity&page=%2FAccount%2FRegister 200 0 0 48
2019-02-11 18:59:04 ::1 GET / area=Identity&page=%2FLogin 44389 - ::1 Mozilla/5.0+(Windows+NT+10.0;+Win64;+x64)+AppleWebKit/537.36+(KHTML,+like+Gecko)+Chrome/71.0.3578.98+Safari/537.36 https://localhost:44389/?area=Identity&page=%2FAccount%2FRegister 200 0 0 77
2019-02-11 18:59:06 ::1 GET / area=Identity&page=%2FAccount%2FRegister 44389 - ::1 Mozilla/5.0+(Windows+NT+10.0;+Win64;+x64)+AppleWebKit/537.36+(KHTML,+like+Gecko)+Chrome/71.0.3578.98+Safari/537.36 https://localhost:44389/?area=Identity&page=%2FLogin 200 0 0 64
2019-02-11 19:02:28 ::1 GET / area=Identity&page=%2FLogin 44389 - ::1 Mozilla/5.0+(Windows+NT+10.0;+Win64;+x64)+AppleWebKit/537.36+(KHTML,+like+Gecko)+Chrome/71.0.3578.98+Safari/537.36 https://localhost:44389/?area=Identity&page=%2FAccount%2FRegister 200 0 0 68
2019-02-11 19:02:28 ::1 GET / area=Identity&page=%2FLogin 44389 - ::1 Mozilla/5.0+(Windows+NT+10.0;+Win64;+x64)+AppleWebKit/537.36+(KHTML,+like+Gecko)+Chrome/71.0.3578.98+Safari/537.36 https://localhost:44389/?area=Identity&page=%2FLogin 200 0 0 44
2019-02-11 19:02:56 ::1 GET /Identity/Account/Login - 44389 - ::1 Mozilla/5.0+(Windows+NT+10.0;+Win64;+x64)+AppleWebKit/537.36+(KHTML,+like+Gecko)+Chrome/71.0.3578.98+Safari/537.36 - 404 0 0 22
2019-02-11 19:03:23 ::1 GET / - 44389 - ::1 Mozilla/5.0+(Windows+NT+10.0;+Win64;+x64)+AppleWebKit/537.36+(KHTML,+like+Gecko)+Chrome/71.0.3578.98+Safari/537.36 https://localhost:44389/?area=Identity&page=%2FLogin 200 0 0 77
2019-02-11 19:03:26 ::1 GET /Customers - 44389 - ::1 Mozilla/5.0+(Windows+NT+10.0;+Win64;+x64)+AppleWebKit/537.36+(KHTML,+like+Gecko)+Chrome/71.0.3578.98+Safari/537.36 https://localhost:44389/ 400 0 64 1985
2019-02-11 19:03:26 ::1 GET /Projects - 44389 - ::1 Mozilla/5.0+(Windows+NT+10.0;+Win64;+x64)+AppleWebKit/537.36+(KHTML,+like+Gecko)+Chrome/71.0.3578.98+Safari/537.36 https://localhost:44389/ 200 0 0 1373
2019-02-11 19:03:28 ::1 GET /EmployeeTimes - 44389 - ::1 Mozilla/5.0+(Windows+NT+10.0;+Win64;+x64)+AppleWebKit/537.36+(KHTML,+like+Gecko)+Chrome/71.0.3578.98+Safari/537.36 https://localhost:44389/Projects 200 0 0 438
2019-02-11 19:03:28 ::1 GET /Admin - 44389 - ::1 Mozilla/5.0+(Windows+NT+10.0;+Win64;+x64)+AppleWebKit/537.36+(KHTML,+like+Gecko)+Chrome/71.0.3578.98+Safari/537.36 https://localhost:44389/EmployeeTimes 200 0 0 317
2019-02-11 19:03:31 ::1 GET /Roles - 44389 - ::1 Mozilla/5.0+(Windows+NT+10.0;+Win64;+x64)+AppleWebKit/537.36+(KHTML,+like+Gecko)+Chrome/71.0.3578.98+Safari/537.36 https://localhost:44389/Admin 200 0 0 1016
2019-02-11 19:06:06 ::1 GET /Roles area=Identity&page=%2FLogin 44389 - ::1 Mozilla/5.0+(Windows+NT+10.0;+Win64;+x64)+AppleWebKit/537.36+(KHTML,+like+Gecko)+Chrome/71.0.3578.98+Safari/537.36 https://localhost:44389/Roles 200 0 0 811
2019-02-11 19:06:19 ::1 GET /Roles area=Identity&page=%2FAccount%2FRegister 44389 - ::1 Mozilla/5.0+(Windows+NT+10.0;+Win64;+x64)+AppleWebKit/537.36+(KHTML,+like+Gecko)+Chrome/71.0.3578.98+Safari/537.36 https://localhost:44389/Roles?area=Identity&page=%2FLogin 200 0 0 804
#Software: Microsoft Internet Information Services 10.0
#Version: 1.0
#Date: 2019-02-11 19:25:00
#Fields: date time s-ip cs-method cs-uri-stem cs-uri-query s-port cs-username c-ip cs(User-Agent) cs(Referer) sc-status sc-substatus sc-win32-status time-taken
2019-02-11 19:25:00 ::1 GET /Roles - 44389 - ::1 Mozilla/5.0+(Windows+NT+10.0;+Win64;+x64)+AppleWebKit/537.36+(KHTML,+like+Gecko)+Chrome/71.0.3578.98+Safari/537.36 https://localhost:44389/Roles?area=Identity&page=%2FAccount%2FRegister 200 0 0 1321
2019-02-11 19:25:02 ::1 GET /Roles area=Identity&page=%2FAccount%2FRegister 44389 - ::1 Mozilla/5.0+(Windows+NT+10.0;+Win64;+x64)+AppleWebKit/537.36+(KHTML,+like+Gecko)+Chrome/71.0.3578.98+Safari/537.36 https://localhost:44389/Roles 200 0 0 817
2019-02-11 19:25:04 ::1 GET /Roles area=Identity&page=%2FLogin 44389 - ::1 Mozilla/5.0+(Windows+NT+10.0;+Win64;+x64)+AppleWebKit/537.36+(KHTML,+like+Gecko)+Chrome/71.0.3578.98+Safari/537.36 https://localhost:44389/Roles?area=Identity&page=%2FAccount%2FRegister 200 0 0 715
#Software: Microsoft Internet Information Services 10.0
#Version: 1.0
#Date: 2019-02-11 20:19:18
#Fields: date time s-ip cs-method cs-uri-stem cs-uri-query s-port cs-username c-ip cs(User-Agent) cs(Referer) sc-status sc-substatus sc-win32-status time-taken
2019-02-11 20:19:18 ::1 DEBUG / - 50267 - ::1 - - 200 0 64 11009
2019-02-11 20:19:19 ::1 GET / - 44389 - ::1 Mozilla/5.0+(Windows+NT+10.0;+Win64;+x64)+AppleWebKit/537.36+(KHTML,+like+Gecko)+Chrome/71.0.3578.98+Safari/537.36 - 200 0 0 9195
2019-02-11 20:19:22 ::1 GET /Identity/Account/Register - 44389 - ::1 Mozilla/5.0+(Windows+NT+10.0;+Win64;+x64)+AppleWebKit/537.36+(KHTML,+like+Gecko)+Chrome/71.0.3578.98+Safari/537.36 https://localhost:44389/ 200 0 0 219
2019-02-11 20:19:22 ::1 GET /Identity/lib/jquery-validation/dist/jquery.validate.js - 44389 - ::1 Mozilla/5.0+(Windows+NT+10.0;+Win64;+x64)+AppleWebKit/537.36+(KHTML,+like+Gecko)+Chrome/71.0.3578.98+Safari/537.36 https://localhost:44389/Identity/Account/Register 404 0 0 40
2019-02-11 20:19:22 ::1 GET /Identity/lib/jquery-validation-unobtrusive/jquery.validate.unobtrusive.js - 44389 - ::1 Mozilla/5.0+(Windows+NT+10.0;+Win64;+x64)+AppleWebKit/537.36+(KHTML,+like+Gecko)+Chrome/71.0.3578.98+Safari/537.36 https://localhost:44389/Identity/Account/Register 404 0 0 36
2019-02-11 20:19:24 ::1 GET /Identity/Account/Login - 44389 - ::1 Mozilla/5.0+(Windows+NT+10.0;+Win64;+x64)+AppleWebKit/537.36+(KHTML,+like+Gecko)+Chrome/71.0.3578.98+Safari/537.36 https://localhost:44389/Identity/Account/Register 200 0 0 125
2019-02-11 20:19:24 ::1 GET /Identity/lib/jquery-validation-unobtrusive/jquery.validate.unobtrusive.js - 44389 - ::1 Mozilla/5.0+(Windows+NT+10.0;+Win64;+x64)+AppleWebKit/537.36+(KHTML,+like+Gecko)+Chrome/71.0.3578.98+Safari/537.36 https://localhost:44389/Identity/Account/Login 404 0 0 28
2019-02-11 20:19:24 ::1 GET /Identity/lib/jquery-validation/dist/jquery.validate.js - 44389 - ::1 Mozilla/5.0+(Windows+NT+10.0;+Win64;+x64)+AppleWebKit/537.36+(KHTML,+like+Gecko)+Chrome/71.0.3578.98+Safari/537.36 https://localhost:44389/Identity/Account/Login 404 0 0 32
2019-02-11 20:19:24 ::1 GET /Identity/lib/jquery-validation-unobtrusive/jquery.validate.unobtrusive.js - 44389 - ::1 Mozilla/5.0+(Windows+NT+10.0;+Win64;+x64)+AppleWebKit/537.36+(KHTML,+like+Gecko)+Chrome/71.0.3578.98+Safari/537.36 https://localhost:44389/Identity/Account/Login 404 0 0 22
2019-02-11 20:19:26 ::1 GET /Identity/Account/Register - 44389 - ::1 Mozilla/5.0+(Windows+NT+10.0;+Win64;+x64)+AppleWebKit/537.36+(KHTML,+like+Gecko)+Chrome/71.0.3578.98+Safari/537.36 https://localhost:44389/Identity/Account/Login 200 0 0 45
2019-02-11 20:19:26 ::1 GET /Identity/lib/jquery-validation/dist/jquery.validate.js - 44389 - ::1 Mozilla/5.0+(Windows+NT+10.0;+Win64;+x64)+AppleWebKit/537.36+(KHTML,+like+Gecko)+Chrome/71.0.3578.98+Safari/537.36 https://localhost:44389/Identity/Account/Register 404 0 0 42
2019-02-11 20:19:26 ::1 GET /Identity/lib/jquery-validation-unobtrusive/jquery.validate.unobtrusive.js - 44389 - ::1 Mozilla/5.0+(Windows+NT+10.0;+Win64;+x64)+AppleWebKit/537.36+(KHTML,+like+Gecko)+Chrome/71.0.3578.98+Safari/537.36 https://localhost:44389/Identity/Account/Register 404 0 0 42
2019-02-11 20:19:55 ::1 GET /Identity/Account/Login - 44389 - ::1 Mozilla/5.0+(Windows+NT+10.0;+Win64;+x64)+AppleWebKit/537.36+(KHTML,+like+Gecko)+Chrome/71.0.3578.98+Safari/537.36 https://localhost:44389/Identity/Account/Register 200 0 0 83
2019-02-11 20:19:55 ::1 GET /Identity/lib/jquery-validation/dist/jquery.validate.js - 44389 - ::1 Mozilla/5.0+(Windows+NT+10.0;+Win64;+x64)+AppleWebKit/537.36+(KHTML,+like+Gecko)+Chrome/71.0.3578.98+Safari/537.36 https://localhost:44389/Identity/Account/Login 404 0 0 30
2019-02-11 20:19:55 ::1 GET /Identity/lib/jquery-validation-unobtrusive/jquery.validate.unobtrusive.js - 44389 - ::1 Mozilla/5.0+(Windows+NT+10.0;+Win64;+x64)+AppleWebKit/537.36+(KHTML,+like+Gecko)+Chrome/71.0.3578.98+Safari/537.36 https://localhost:44389/Identity/Account/Login 404 0 0 32
2019-02-11 20:19:57 ::1 POST /Identity/Account/Login - 44389 - ::1 Mozilla/5.0+(Windows+NT+10.0;+Win64;+x64)+AppleWebKit/537.36+(KHTML,+like+Gecko)+Chrome/71.0.3578.98+Safari/537.36 https://localhost:44389/Identity/Account/Login 200 0 0 112
2019-02-11 20:19:57 ::1 GET /Identity/lib/jquery-validation-unobtrusive/jquery.validate.unobtrusive.js - 44389 - ::1 Mozilla/5.0+(Windows+NT+10.0;+Win64;+x64)+AppleWebKit/537.36+(KHTML,+like+Gecko)+Chrome/71.0.3578.98+Safari/537.36 https://localhost:44389/Identity/Account/Login 404 0 0 31
2019-02-11 20:19:57 ::1 GET /Identity/lib/jquery-validation/dist/jquery.validate.js - 44389 - ::1 Mozilla/5.0+(Windows+NT+10.0;+Win64;+x64)+AppleWebKit/537.36+(KHTML,+like+Gecko)+Chrome/71.0.3578.98+Safari/537.36 https://localhost:44389/Identity/Account/Login 404 0 0 43
2019-02-11 20:19:57 ::1 GET /Identity/lib/jquery-validation-unobtrusive/jquery.validate.unobtrusive.js - 44389 - ::1 Mozilla/5.0+(Windows+NT+10.0;+Win64;+x64)+AppleWebKit/537.36+(KHTML,+like+Gecko)+Chrome/71.0.3578.98+Safari/537.36 https://localhost:44389/Identity/Account/Login 404 0 0 24
2019-02-11 20:20:01 ::1 GET /Identity/Account/Register - 44389 - ::1 Mozilla/5.0+(Windows+NT+10.0;+Win64;+x64)+AppleWebKit/537.36+(KHTML,+like+Gecko)+Chrome/71.0.3578.98+Safari/537.36 https://localhost:44389/Identity/Account/Login 200 0 0 35
2019-02-11 20:20:01 ::1 GET /Identity/lib/jquery-validation-unobtrusive/jquery.validate.unobtrusive.js - 44389 - ::1 Mozilla/5.0+(Windows+NT+10.0;+Win64;+x64)+AppleWebKit/537.36+(KHTML,+like+Gecko)+Chrome/71.0.3578.98+Safari/537.36 https://localhost:44389/Identity/Account/Register 404 0 0 38
2019-02-11 20:20:01 ::1 GET /Identity/lib/jquery-validation/dist/jquery.validate.js - 44389 - ::1 Mozilla/5.0+(Windows+NT+10.0;+Win64;+x64)+AppleWebKit/537.36+(KHTML,+like+Gecko)+Chrome/71.0.3578.98+Safari/537.36 https://localhost:44389/Identity/Account/Register 404 0 0 50
2019-02-11 20:20:01 ::1 GET /Identity/lib/jquery-validation-unobtrusive/jquery.validate.unobtrusive.js - 44389 - ::1 Mozilla/5.0+(Windows+NT+10.0;+Win64;+x64)+AppleWebKit/537.36+(KHTML,+like+Gecko)+Chrome/71.0.3578.98+Safari/537.36 https://localhost:44389/Identity/Account/Register 404 0 0 16
