#Software: Microsoft Internet Information Services 10.0
#Version: 1.0
#Date: 2019-02-26 14:56:39
#Fields: date time s-ip cs-method cs-uri-stem cs-uri-query s-port cs-username c-ip cs(User-Agent) cs(Referer) sc-status sc-substatus sc-win32-status time-taken
2019-02-26 14:56:39 ::1 DEBUG / - 50267 - ::1 - - 500 0 64 32469
#Software: Microsoft Internet Information Services 10.0
#Version: 1.0
#Date: 2019-02-26 14:57:25
#Fields: date time s-ip cs-method cs-uri-stem cs-uri-query s-port cs-username c-ip cs(User-Agent) cs(Referer) sc-status sc-substatus sc-win32-status time-taken
2019-02-26 14:57:25 ::1 DEBUG / - 50267 - ::1 - - 502 3 64 11582
2019-02-26 14:57:25 ::1 GET / - 44389 - ::1 Mozilla/5.0+(Windows+NT+10.0;+Win64;+x64)+AppleWebKit/537.36+(KHTML,+like+Gecko)+Chrome/72.0.3626.109+Safari/537.36 - 500 0 0 7860
2019-02-26 14:58:20 ::1 DEBUG / - 50267 - ::1 - - 502 3 64 8444
2019-02-26 14:58:20 ::1 GET / - 44389 - ::1 Mozilla/5.0+(Windows+NT+10.0;+Win64;+x64)+AppleWebKit/537.36+(KHTML,+like+Gecko)+Chrome/72.0.3626.109+Safari/537.36 - 500 0 0 5633
#Software: Microsoft Internet Information Services 10.0
#Version: 1.0
#Date: 2019-02-26 15:01:30
#Fields: date time s-ip cs-method cs-uri-stem cs-uri-query s-port cs-username c-ip cs(User-Agent) cs(Referer) sc-status sc-substatus sc-win32-status time-taken
2019-02-26 15:01:30 ::1 DEBUG / - 50267 - ::1 - - 502 5 64 43411
2019-02-26 15:01:31 ::1 GET / - 44389 - ::1 Mozilla/5.0+(Windows+NT+10.0;+Win64;+x64)+AppleWebKit/537.36+(KHTML,+like+Gecko)+Chrome/72.0.3626.109+Safari/537.36 - 502 3 64 41425
#Software: Microsoft Internet Information Services 10.0
#Version: 1.0
#Date: 2019-02-26 15:01:50
#Fields: date time s-ip cs-method cs-uri-stem cs-uri-query s-port cs-username c-ip cs(User-Agent) cs(Referer) sc-status sc-substatus sc-win32-status time-taken
2019-02-26 15:01:50 ::1 DEBUG / - 50267 - ::1 - - 200 0 64 10857
2019-02-26 15:01:54 ::1 GET / - 44389 - ::1 Mozilla/5.0+(Windows+NT+10.0;+Win64;+x64)+AppleWebKit/537.36+(KHTML,+like+Gecko)+Chrome/72.0.3626.109+Safari/537.36 - 200 0 0 11380
2019-02-26 15:01:57 ::1 GET /EmployeeTimes - 44389 - ::1 Mozilla/5.0+(Windows+NT+10.0;+Win64;+x64)+AppleWebKit/537.36+(KHTML,+like+Gecko)+Chrome/72.0.3626.109+Safari/537.36 https://localhost:44389/ 200 0 0 758
2019-02-26 15:02:03 ::1 POST /EmployeeTimes/ExportToPDF - 44389 - ::1 Mozilla/5.0+(Windows+NT+10.0;+Win64;+x64)+AppleWebKit/537.36+(KHTML,+like+Gecko)+Chrome/72.0.3626.109+Safari/537.36 https://localhost:44389/EmployeeTimes 200 0 0 3625
#Software: Microsoft Internet Information Services 10.0
#Version: 1.0
#Date: 2019-02-26 15:06:42
#Fields: date time s-ip cs-method cs-uri-stem cs-uri-query s-port cs-username c-ip cs(User-Agent) cs(Referer) sc-status sc-substatus sc-win32-status time-taken
2019-02-26 15:06:42 ::1 DEBUG / - 50267 - ::1 - - 200 0 64 9991
2019-02-26 15:06:43 ::1 GET / - 44389 - ::1 Mozilla/5.0+(Windows+NT+10.0;+Win64;+x64)+AppleWebKit/537.36+(KHTML,+like+Gecko)+Chrome/72.0.3626.109+Safari/537.36 - 200 0 0 7353
2019-02-26 15:06:48 ::1 GET /EmployeeTimes - 44389 - ::1 Mozilla/5.0+(Windows+NT+10.0;+Win64;+x64)+AppleWebKit/537.36+(KHTML,+like+Gecko)+Chrome/72.0.3626.109+Safari/537.36 https://localhost:44389/ 200 0 0 1822
#Software: Microsoft Internet Information Services 10.0
#Version: 1.0
#Date: 2019-02-26 15:08:12
#Fields: date time s-ip cs-method cs-uri-stem cs-uri-query s-port cs-username c-ip cs(User-Agent) cs(Referer) sc-status sc-substatus sc-win32-status time-taken
2019-02-26 15:08:12 ::1 DEBUG / - 50267 - ::1 - - 200 0 64 11385
2019-02-26 15:08:14 ::1 GET / - 44389 - ::1 Mozilla/5.0+(Windows+NT+10.0;+Win64;+x64)+AppleWebKit/537.36+(KHTML,+like+Gecko)+Chrome/72.0.3626.109+Safari/537.36 - 200 0 0 8306
2019-02-26 15:09:26 ::1 GET /EmployeeTimes - 44389 - ::1 Mozilla/5.0+(Windows+NT+10.0;+Win64;+x64)+AppleWebKit/537.36+(KHTML,+like+Gecko)+Chrome/72.0.3626.109+Safari/537.36 https://localhost:44389/ 200 0 0 2068
2019-02-26 15:09:32 ::1 POST /EmployeeTimes/ExportToPDF - 44389 - ::1 Mozilla/5.0+(Windows+NT+10.0;+Win64;+x64)+AppleWebKit/537.36+(KHTML,+like+Gecko)+Chrome/72.0.3626.109+Safari/537.36 https://localhost:44389/EmployeeTimes 200 0 0 3720
#Software: Microsoft Internet Information Services 10.0
#Version: 1.0
#Date: 2019-02-26 15:10:16
#Fields: date time s-ip cs-method cs-uri-stem cs-uri-query s-port cs-username c-ip cs(User-Agent) cs(Referer) sc-status sc-substatus sc-win32-status time-taken
2019-02-26 15:10:16 ::1 DEBUG / - 50267 - ::1 - - 200 0 64 9665
2019-02-26 15:10:17 ::1 GET / - 44389 - ::1 Mozilla/5.0+(Windows+NT+10.0;+Win64;+x64)+AppleWebKit/537.36+(KHTML,+like+Gecko)+Chrome/72.0.3626.109+Safari/537.36 - 200 0 0 7765
2019-02-26 15:10:21 ::1 GET /EmployeeTimes - 44389 - ::1 Mozilla/5.0+(Windows+NT+10.0;+Win64;+x64)+AppleWebKit/537.36+(KHTML,+like+Gecko)+Chrome/72.0.3626.109+Safari/537.36 https://localhost:44389/ 200 0 0 2953
2019-02-26 15:10:25 ::1 GET /EmployeeTimes - 44389 - ::1 Mozilla/5.0+(Windows+NT+6.2;+WOW64)+AppleWebKit/538.1+(KHTML,+like+Gecko)+Syncfusion+Safari/538.1 - 200 0 0 322
2019-02-26 15:10:25 ::1 GET /css/site.css - 44389 - ::1 Mozilla/5.0+(Windows+NT+6.2;+WOW64)+AppleWebKit/538.1+(KHTML,+like+Gecko)+Syncfusion+Safari/538.1 https://localhost:44389/EmployeeTimes 200 0 0 73
2019-02-26 15:10:25 ::1 GET /js/site.js v=4q1jwFhaPaZgr8WAUSrux6hAuh0XDg9kPS3xIVq36I0 44389 - ::1 Mozilla/5.0+(Windows+NT+6.2;+WOW64)+AppleWebKit/538.1+(KHTML,+like+Gecko)+Syncfusion+Safari/538.1 https://localhost:44389/EmployeeTimes 200 0 0 115
2019-02-26 15:10:25 ::1 GET /lib/bootstrap/dist/js/bootstrap.js - 44389 - ::1 Mozilla/5.0+(Windows+NT+6.2;+WOW64)+AppleWebKit/538.1+(KHTML,+like+Gecko)+Syncfusion+Safari/538.1 https://localhost:44389/EmployeeTimes 200 0 0 125
2019-02-26 15:10:25 ::1 GET /lib/bootstrap/dist/css/bootstrap.css - 44389 - ::1 Mozilla/5.0+(Windows+NT+6.2;+WOW64)+AppleWebKit/538.1+(KHTML,+like+Gecko)+Syncfusion+Safari/538.1 https://localhost:44389/EmployeeTimes 200 0 0 166
2019-02-26 15:10:25 ::1 GET /lib/jquery/dist/jquery.js - 44389 - ::1 Mozilla/5.0+(Windows+NT+6.2;+WOW64)+AppleWebKit/538.1+(KHTML,+like+Gecko)+Syncfusion+Safari/538.1 https://localhost:44389/EmployeeTimes 200 0 0 171
2019-02-26 15:10:25 ::1 GET /lib/bootstrap/dist/fonts/glyphicons-halflings-regular.woff - 44389 - ::1 Mozilla/5.0+(Windows+NT+6.2;+WOW64)+AppleWebKit/538.1+(KHTML,+like+Gecko)+Syncfusion+Safari/538.1 https://localhost:44389/EmployeeTimes 200 0 0 9
2019-02-26 15:10:25 ::1 GET /lib/bootstrap/dist/fonts/glyphicons-halflings-regular.ttf - 44389 - ::1 Mozilla/5.0+(Windows+NT+6.2;+WOW64)+AppleWebKit/538.1+(KHTML,+like+Gecko)+Syncfusion+Safari/538.1 https://localhost:44389/EmployeeTimes 200 0 0 11
2019-02-26 15:10:26 ::1 POST /EmployeeTimes/ExportToPDF - 44389 - ::1 Mozilla/5.0+(Windows+NT+10.0;+Win64;+x64)+AppleWebKit/537.36+(KHTML,+like+Gecko)+Chrome/72.0.3626.109+Safari/537.36 https://localhost:44389/EmployeeTimes 200 0 0 2736
2019-02-26 15:10:53 ::1 GET /EmployeeTimes/Delete/32 - 44389 - ::1 Mozilla/5.0+(Windows+NT+10.0;+Win64;+x64)+AppleWebKit/537.36+(KHTML,+like+Gecko)+Chrome/72.0.3626.109+Safari/537.36 https://localhost:44389/EmployeeTimes 200 0 0 520
2019-02-26 15:10:55 ::1 POST /EmployeeTimes/Delete/32 - 44389 - ::1 Mozilla/5.0+(Windows+NT+10.0;+Win64;+x64)+AppleWebKit/537.36+(KHTML,+like+Gecko)+Chrome/72.0.3626.109+Safari/537.36 https://localhost:44389/EmployeeTimes/Delete/32 302 0 0 774
2019-02-26 15:10:55 ::1 GET /EmployeeTimes - 44389 - ::1 Mozilla/5.0+(Windows+NT+10.0;+Win64;+x64)+AppleWebKit/537.36+(KHTML,+like+Gecko)+Chrome/72.0.3626.109+Safari/537.36 https://localhost:44389/EmployeeTimes/Delete/32 200 0 0 605
2019-02-26 15:10:59 ::1 GET /EmployeeTimes/Delete/31 - 44389 - ::1 Mozilla/5.0+(Windows+NT+10.0;+Win64;+x64)+AppleWebKit/537.36+(KHTML,+like+Gecko)+Chrome/72.0.3626.109+Safari/537.36 https://localhost:44389/EmployeeTimes 200 0 0 287
2019-02-26 15:11:01 ::1 POST /EmployeeTimes/Delete/31 - 44389 - ::1 Mozilla/5.0+(Windows+NT+10.0;+Win64;+x64)+AppleWebKit/537.36+(KHTML,+like+Gecko)+Chrome/72.0.3626.109+Safari/537.36 https://localhost:44389/EmployeeTimes/Delete/31 302 0 0 500
2019-02-26 15:11:01 ::1 GET /EmployeeTimes - 44389 - ::1 Mozilla/5.0+(Windows+NT+10.0;+Win64;+x64)+AppleWebKit/537.36+(KHTML,+like+Gecko)+Chrome/72.0.3626.109+Safari/537.36 https://localhost:44389/EmployeeTimes/Delete/31 200 0 0 241
2019-02-26 15:11:05 ::1 GET /EmployeeTimes - 44389 - ::1 Mozilla/5.0+(Windows+NT+6.2;+WOW64)+AppleWebKit/538.1+(KHTML,+like+Gecko)+Syncfusion+Safari/538.1 - 200 0 0 308
2019-02-26 15:11:05 ::1 GET /js/site.js v=4q1jwFhaPaZgr8WAUSrux6hAuh0XDg9kPS3xIVq36I0 44389 - ::1 Mozilla/5.0+(Windows+NT+6.2;+WOW64)+AppleWebKit/538.1+(KHTML,+like+Gecko)+Syncfusion+Safari/538.1 https://localhost:44389/EmployeeTimes 200 0 0 37
2019-02-26 15:11:05 ::1 GET /lib/bootstrap/dist/js/bootstrap.js - 44389 - ::1 Mozilla/5.0+(Windows+NT+6.2;+WOW64)+AppleWebKit/538.1+(KHTML,+like+Gecko)+Syncfusion+Safari/538.1 https://localhost:44389/EmployeeTimes 200 0 0 63
2019-02-26 15:11:05 ::1 GET /lib/bootstrap/dist/css/bootstrap.css - 44389 - ::1 Mozilla/5.0+(Windows+NT+6.2;+WOW64)+AppleWebKit/538.1+(KHTML,+like+Gecko)+Syncfusion+Safari/538.1 https://localhost:44389/EmployeeTimes 200 0 0 116
2019-02-26 15:11:05 ::1 GET /css/site.css - 44389 - ::1 Mozilla/5.0+(Windows+NT+6.2;+WOW64)+AppleWebKit/538.1+(KHTML,+like+Gecko)+Syncfusion+Safari/538.1 https://localhost:44389/EmployeeTimes 200 0 0 116
2019-02-26 15:11:05 ::1 GET /lib/jquery/dist/jquery.js - 44389 - ::1 Mozilla/5.0+(Windows+NT+6.2;+WOW64)+AppleWebKit/538.1+(KHTML,+like+Gecko)+Syncfusion+Safari/538.1 https://localhost:44389/EmployeeTimes 200 0 0 173
2019-02-26 15:11:05 ::1 GET /lib/bootstrap/dist/fonts/glyphicons-halflings-regular.woff - 44389 - ::1 Mozilla/5.0+(Windows+NT+6.2;+WOW64)+AppleWebKit/538.1+(KHTML,+like+Gecko)+Syncfusion+Safari/538.1 https://localhost:44389/EmployeeTimes 200 0 0 12
2019-02-26 15:11:05 ::1 GET /lib/bootstrap/dist/fonts/glyphicons-halflings-regular.ttf - 44389 - ::1 Mozilla/5.0+(Windows+NT+6.2;+WOW64)+AppleWebKit/538.1+(KHTML,+like+Gecko)+Syncfusion+Safari/538.1 https://localhost:44389/EmployeeTimes 200 0 0 12
2019-02-26 15:11:05 ::1 GET /lib/bootstrap/dist/fonts/glyphicons-halflings-regular.svg - 44389 - ::1 Mozilla/5.0+(Windows+NT+6.2;+WOW64)+AppleWebKit/538.1+(KHTML,+like+Gecko)+Syncfusion+Safari/538.1 https://localhost:44389/EmployeeTimes 400 0 64 4
2019-02-26 15:11:05 ::1 POST /EmployeeTimes/ExportToPDF - 44389 - ::1 Mozilla/5.0+(Windows+NT+10.0;+Win64;+x64)+AppleWebKit/537.36+(KHTML,+like+Gecko)+Chrome/72.0.3626.109+Safari/537.36 https://localhost:44389/EmployeeTimes 200 0 0 2149
2019-02-26 15:16:46 ::1 GET /EmployeeTimes - 44389 - ::1 Mozilla/5.0+(Windows+NT+10.0;+Win64;+x64)+AppleWebKit/537.36+(KHTML,+like+Gecko)+Chrome/72.0.3626.109+Safari/537.36 https://localhost:44389/EmployeeTimes/Delete/31 200 0 0 3160
2019-02-26 15:16:46 ::1 GET /favicon.ico - 44389 - ::1 Mozilla/5.0+(Windows+NT+10.0;+Win64;+x64)+AppleWebKit/537.36+(KHTML,+like+Gecko)+Chrome/72.0.3626.109+Safari/537.36 https://localhost:44389/EmployeeTimes 200 0 0 13
2019-02-26 15:17:03 ::1 GET /EmployeeTimes - 44389 - ::1 Mozilla/5.0+(Windows+NT+10.0;+Win64;+x64)+AppleWebKit/537.36+(KHTML,+like+Gecko)+Chrome/72.0.3626.109+Safari/537.36 https://localhost:44389/EmployeeTimes/Delete/31 200 0 0 643
2019-02-26 15:17:03 ::1 GET /favicon.ico - 44389 - ::1 Mozilla/5.0+(Windows+NT+10.0;+Win64;+x64)+AppleWebKit/537.36+(KHTML,+like+Gecko)+Chrome/72.0.3626.109+Safari/537.36 https://localhost:44389/EmployeeTimes 200 0 0 10
2019-02-26 15:17:05 ::1 GET /EmployeeTimes - 44389 - ::1 Mozilla/5.0+(Windows+NT+6.2;+WOW64)+AppleWebKit/538.1+(KHTML,+like+Gecko)+Syncfusion+Safari/538.1 - 200 0 0 241
2019-02-26 15:17:05 ::1 GET /css/site.css - 44389 - ::1 Mozilla/5.0+(Windows+NT+6.2;+WOW64)+AppleWebKit/538.1+(KHTML,+like+Gecko)+Syncfusion+Safari/538.1 https://localhost:44389/EmployeeTimes 200 0 0 65
2019-02-26 15:17:05 ::1 GET /js/site.js v=4q1jwFhaPaZgr8WAUSrux6hAuh0XDg9kPS3xIVq36I0 44389 - ::1 Mozilla/5.0+(Windows+NT+6.2;+WOW64)+AppleWebKit/538.1+(KHTML,+like+Gecko)+Syncfusion+Safari/538.1 https://localhost:44389/EmployeeTimes 200 0 0 70
2019-02-26 15:17:05 ::1 GET /lib/bootstrap/dist/css/bootstrap.css - 44389 - ::1 Mozilla/5.0+(Windows+NT+6.2;+WOW64)+AppleWebKit/538.1+(KHTML,+like+Gecko)+Syncfusion+Safari/538.1 https://localhost:44389/EmployeeTimes 200 0 0 87
2019-02-26 15:17:05 ::1 GET /lib/bootstrap/dist/js/bootstrap.js - 44389 - ::1 Mozilla/5.0+(Windows+NT+6.2;+WOW64)+AppleWebKit/538.1+(KHTML,+like+Gecko)+Syncfusion+Safari/538.1 https://localhost:44389/EmployeeTimes 200 0 0 140
2019-02-26 15:17:05 ::1 GET /lib/jquery/dist/jquery.js - 44389 - ::1 Mozilla/5.0+(Windows+NT+6.2;+WOW64)+AppleWebKit/538.1+(KHTML,+like+Gecko)+Syncfusion+Safari/538.1 https://localhost:44389/EmployeeTimes 200 0 0 147
2019-02-26 15:17:05 ::1 GET /lib/bootstrap/dist/fonts/glyphicons-halflings-regular.woff - 44389 - ::1 Mozilla/5.0+(Windows+NT+6.2;+WOW64)+AppleWebKit/538.1+(KHTML,+like+Gecko)+Syncfusion+Safari/538.1 https://localhost:44389/EmployeeTimes 200 0 0 8
2019-02-26 15:17:05 ::1 GET /lib/bootstrap/dist/fonts/glyphicons-halflings-regular.ttf - 44389 - ::1 Mozilla/5.0+(Windows+NT+6.2;+WOW64)+AppleWebKit/538.1+(KHTML,+like+Gecko)+Syncfusion+Safari/538.1 https://localhost:44389/EmployeeTimes 400 0 64 2
2019-02-26 15:17:05 ::1 GET /EmployeeTimes/ExportToPDF - 44389 - ::1 Mozilla/5.0+(Windows+NT+10.0;+Win64;+x64)+AppleWebKit/537.36+(KHTML,+like+Gecko)+Chrome/72.0.3626.109+Safari/537.36 https://localhost:44389/EmployeeTimes 200 0 0 2235
2019-02-26 15:27:21 ::1 GET /EmployeeTimes - 44389 - ::1 Mozilla/5.0+(Windows+NT+10.0;+Win64;+x64)+AppleWebKit/537.36+(KHTML,+like+Gecko)+Chrome/72.0.3626.109+Safari/537.36 https://localhost:44389/EmployeeTimes/Delete/31 200 0 0 1081
2019-02-26 15:27:21 ::1 GET /favicon.ico - 44389 - ::1 Mozilla/5.0+(Windows+NT+10.0;+Win64;+x64)+AppleWebKit/537.36+(KHTML,+like+Gecko)+Chrome/72.0.3626.109+Safari/537.36 https://localhost:44389/EmployeeTimes 200 0 0 12
2019-02-26 15:27:38 ::1 GET /EmployeeTimes - 44389 - ::1 Mozilla/5.0+(Windows+NT+10.0;+Win64;+x64)+AppleWebKit/537.36+(KHTML,+like+Gecko)+Chrome/72.0.3626.109+Safari/537.36 https://localhost:44389/EmployeeTimes/Delete/31 200 0 0 646
2019-02-26 15:27:38 ::1 GET /favicon.ico - 44389 - ::1 Mozilla/5.0+(Windows+NT+10.0;+Win64;+x64)+AppleWebKit/537.36+(KHTML,+like+Gecko)+Chrome/72.0.3626.109+Safari/537.36 https://localhost:44389/EmployeeTimes 200 0 0 14
2019-02-26 15:28:11 ::1 GET /EmployeeTimes - 44389 - ::1 Mozilla/5.0+(Windows+NT+10.0;+Win64;+x64)+AppleWebKit/537.36+(KHTML,+like+Gecko)+Chrome/72.0.3626.109+Safari/537.36 https://localhost:44389/EmployeeTimes/Delete/31 200 0 0 628
2019-02-26 15:28:11 ::1 GET /favicon.ico - 44389 - ::1 Mozilla/5.0+(Windows+NT+10.0;+Win64;+x64)+AppleWebKit/537.36+(KHTML,+like+Gecko)+Chrome/72.0.3626.109+Safari/537.36 https://localhost:44389/EmployeeTimes 200 0 0 14
2019-02-26 15:29:18 ::1 GET /EmployeeTimes/ExportToExcel - 44389 - ::1 Mozilla/5.0+(Windows+NT+10.0;+Win64;+x64)+AppleWebKit/537.36+(KHTML,+like+Gecko)+Chrome/72.0.3626.109+Safari/537.36 https://localhost:44389/EmployeeTimes 400 0 64 64308
2019-02-26 15:29:18 ::1 GET /EmployeeTimes/ExportExcel - 44389 - ::1 Mozilla/5.0+(Windows+NT+10.0;+Win64;+x64)+AppleWebKit/537.36+(KHTML,+like+Gecko)+Chrome/72.0.3626.109+Safari/537.36 https://localhost:44389/EmployeeTimes 400 0 64 44251
2019-02-26 15:29:18 ::1 GET /EmployeeTimes - 44389 - ::1 Mozilla/5.0+(Windows+NT+10.0;+Win64;+x64)+AppleWebKit/537.36+(KHTML,+like+Gecko)+Chrome/72.0.3626.109+Safari/537.36 https://localhost:44389/EmployeeTimes/Delete/31 502 3 12030 15523
2019-02-26 15:29:19 ::1 GET /favicon.ico - 44389 - ::1 Mozilla/5.0+(Windows+NT+10.0;+Win64;+x64)+AppleWebKit/537.36+(KHTML,+like+Gecko)+Chrome/72.0.3626.109+Safari/537.36 https://localhost:44389/EmployeeTimes 400 0 64 1007
#Software: Microsoft Internet Information Services 10.0
#Version: 1.0
#Date: 2019-02-26 15:29:40
#Fields: date time s-ip cs-method cs-uri-stem cs-uri-query s-port cs-username c-ip cs(User-Agent) cs(Referer) sc-status sc-substatus sc-win32-status time-taken
2019-02-26 15:29:40 ::1 DEBUG / - 50267 - ::1 - - 200 0 64 9428
2019-02-26 15:29:41 ::1 GET / - 44389 - ::1 Mozilla/5.0+(Windows+NT+10.0;+Win64;+x64)+AppleWebKit/537.36+(KHTML,+like+Gecko)+Chrome/72.0.3626.109+Safari/537.36 - 200 0 0 7037
2019-02-26 15:29:41 ::1 GET /favicon.ico - 44389 - ::1 Mozilla/5.0+(Windows+NT+10.0;+Win64;+x64)+AppleWebKit/537.36+(KHTML,+like+Gecko)+Chrome/72.0.3626.109+Safari/537.36 https://localhost:44389/ 200 0 0 90
2019-02-26 15:29:44 ::1 GET /EmployeeTimes - 44389 - ::1 Mozilla/5.0+(Windows+NT+10.0;+Win64;+x64)+AppleWebKit/537.36+(KHTML,+like+Gecko)+Chrome/72.0.3626.109+Safari/537.36 https://localhost:44389/ 200 0 0 1977
2019-02-26 15:29:48 ::1 GET /EmployeeTimes/ExportExcel - 44389 - ::1 Mozilla/5.0+(Windows+NT+10.0;+Win64;+x64)+AppleWebKit/537.36+(KHTML,+like+Gecko)+Chrome/72.0.3626.109+Safari/537.36 https://localhost:44389/EmployeeTimes 200 0 0 1606
#Software: Microsoft Internet Information Services 10.0
#Version: 1.0
#Date: 2019-02-26 16:23:53
#Fields: date time s-ip cs-method cs-uri-stem cs-uri-query s-port cs-username c-ip cs(User-Agent) cs(Referer) sc-status sc-substatus sc-win32-status time-taken
2019-02-26 16:23:53 ::1 DEBUG / - 50267 - ::1 - - 200 0 64 10223
2019-02-26 16:23:57 ::1 GET / - 44389 - ::1 Mozilla/5.0+(Windows+NT+10.0;+Win64;+x64)+AppleWebKit/537.36+(KHTML,+like+Gecko)+Chrome/72.0.3626.109+Safari/537.36 - 200 0 0 10887
#Software: Microsoft Internet Information Services 10.0
#Version: 1.0
#Date: 2019-02-26 16:41:06
#Fields: date time s-ip cs-method cs-uri-stem cs-uri-query s-port cs-username c-ip cs(User-Agent) cs(Referer) sc-status sc-substatus sc-win32-status time-taken
2019-02-26 16:41:06 ::1 GET /Roles - 44389 - ::1 Mozilla/5.0+(Windows+NT+10.0;+Win64;+x64)+AppleWebKit/537.36+(KHTML,+like+Gecko)+Chrome/72.0.3626.109+Safari/537.36 https://localhost:44389/ 200 0 0 1246
2019-02-26 16:42:39 ::1 GET /EmployeeTimes - 44389 - ::1 Mozilla/5.0+(Windows+NT+10.0;+Win64;+x64)+AppleWebKit/537.36+(KHTML,+like+Gecko)+Chrome/72.0.3626.109+Safari/537.36 https://localhost:44389/Roles 200 0 0 595
2019-02-26 16:44:55 ::1 GET /EmployeeTimes - 44389 - ::1 Mozilla/5.0+(Windows+NT+10.0;+Win64;+x64)+AppleWebKit/537.36+(KHTML,+like+Gecko)+Chrome/72.0.3626.109+Safari/537.36 https://localhost:44389/Roles 200 0 0 326
2019-02-26 16:44:55 ::1 GET /favicon.ico - 44389 - ::1 Mozilla/5.0+(Windows+NT+10.0;+Win64;+x64)+AppleWebKit/537.36+(KHTML,+like+Gecko)+Chrome/72.0.3626.109+Safari/537.36 https://localhost:44389/EmployeeTimes 200 0 0 48
2019-02-26 16:44:58 ::1 GET /EmployeeTimes - 44389 - ::1 Mozilla/5.0+(Windows+NT+10.0;+Win64;+x64)+AppleWebKit/537.36+(KHTML,+like+Gecko)+Chrome/72.0.3626.109+Safari/537.36 https://localhost:44389/Roles 200 0 0 246
2019-02-26 16:44:58 ::1 GET /favicon.ico - 44389 - ::1 Mozilla/5.0+(Windows+NT+10.0;+Win64;+x64)+AppleWebKit/537.36+(KHTML,+like+Gecko)+Chrome/72.0.3626.109+Safari/537.36 https://localhost:44389/EmployeeTimes 200 0 0 18
2019-02-26 16:45:08 ::1 GET /EmployeeTimes - 44389 - ::1 Mozilla/5.0+(Windows+NT+10.0;+Win64;+x64)+AppleWebKit/537.36+(KHTML,+like+Gecko)+Chrome/72.0.3626.109+Safari/537.36 https://localhost:44389/Roles 200 0 0 3032
2019-02-26 16:45:08 ::1 GET /favicon.ico - 44389 - ::1 Mozilla/5.0+(Windows+NT+10.0;+Win64;+x64)+AppleWebKit/537.36+(KHTML,+like+Gecko)+Chrome/72.0.3626.109+Safari/537.36 https://localhost:44389/EmployeeTimes 200 0 0 26
2019-02-26 16:45:36 ::1 GET /EmployeeTimes - 44389 - ::1 Mozilla/5.0+(Windows+NT+10.0;+Win64;+x64)+AppleWebKit/537.36+(KHTML,+like+Gecko)+Chrome/72.0.3626.109+Safari/537.36 https://localhost:44389/Roles 200 0 0 693
2019-02-26 16:45:36 ::1 GET /favicon.ico - 44389 - ::1 Mozilla/5.0+(Windows+NT+10.0;+Win64;+x64)+AppleWebKit/537.36+(KHTML,+like+Gecko)+Chrome/72.0.3626.109+Safari/537.36 https://localhost:44389/EmployeeTimes 200 0 0 44
2019-02-26 16:48:27 ::1 GET /EmployeeTimes/Create - 44389 - ::1 Mozilla/5.0+(Windows+NT+10.0;+Win64;+x64)+AppleWebKit/537.36+(KHTML,+like+Gecko)+Chrome/72.0.3626.109+Safari/537.36 https://localhost:44389/EmployeeTimes 200 0 0 1565
2019-02-26 16:49:35 ::1 GET /EmployeeTimes/Create - 44389 - ::1 Mozilla/5.0+(Windows+NT+10.0;+Win64;+x64)+AppleWebKit/537.36+(KHTML,+like+Gecko)+Chrome/72.0.3626.109+Safari/537.36 https://localhost:44389/EmployeeTimes 200 0 0 1270
2019-02-26 16:49:35 ::1 GET /favicon.ico - 44389 - ::1 Mozilla/5.0+(Windows+NT+10.0;+Win64;+x64)+AppleWebKit/537.36+(KHTML,+like+Gecko)+Chrome/72.0.3626.109+Safari/537.36 https://localhost:44389/EmployeeTimes/Create 200 0 0 25
2019-02-26 16:49:50 ::1 GET /EmployeeTimes - 44389 - ::1 Mozilla/5.0+(Windows+NT+10.0;+Win64;+x64)+AppleWebKit/537.36+(KHTML,+like+Gecko)+Chrome/72.0.3626.109+Safari/537.36 https://localhost:44389/EmployeeTimes/Create 200 0 0 287
2019-02-26 16:50:10 ::1 GET /EmployeeTimes/ExportExcel - 44389 - ::1 Mozilla/5.0+(Windows+NT+10.0;+Win64;+x64)+AppleWebKit/537.36+(KHTML,+like+Gecko)+Chrome/72.0.3626.109+Safari/537.36 https://localhost:44389/EmployeeTimes 200 0 0 950
2019-02-26 16:50:57 ::1 GET /EmployeeTimes - 44389 - ::1 Mozilla/5.0+(Windows+NT+6.2;+WOW64)+AppleWebKit/538.1+(KHTML,+like+Gecko)+Syncfusion+Safari/538.1 - 200 0 0 275
2019-02-26 16:50:57 ::1 GET /lib/bootstrap/dist/css/bootstrap.css - 44389 - ::1 Mozilla/5.0+(Windows+NT+6.2;+WOW64)+AppleWebKit/538.1+(KHTML,+like+Gecko)+Syncfusion+Safari/538.1 https://localhost:44389/EmployeeTimes 200 0 0 16
2019-02-26 16:50:57 ::1 GET /css/site.css - 44389 - ::1 Mozilla/5.0+(Windows+NT+6.2;+WOW64)+AppleWebKit/538.1+(KHTML,+like+Gecko)+Syncfusion+Safari/538.1 https://localhost:44389/EmployeeTimes 200 0 0 36
2019-02-26 16:50:57 ::1 GET /lib/bootstrap/dist/js/bootstrap.js - 44389 - ::1 Mozilla/5.0+(Windows+NT+6.2;+WOW64)+AppleWebKit/538.1+(KHTML,+like+Gecko)+Syncfusion+Safari/538.1 https://localhost:44389/EmployeeTimes 200 0 0 78
2019-02-26 16:50:57 ::1 GET /js/site.js v=4q1jwFhaPaZgr8WAUSrux6hAuh0XDg9kPS3xIVq36I0 44389 - ::1 Mozilla/5.0+(Windows+NT+6.2;+WOW64)+AppleWebKit/538.1+(KHTML,+like+Gecko)+Syncfusion+Safari/538.1 https://localhost:44389/EmployeeTimes 200 0 0 81
2019-02-26 16:50:57 ::1 GET /lib/jquery/dist/jquery.js - 44389 - ::1 Mozilla/5.0+(Windows+NT+6.2;+WOW64)+AppleWebKit/538.1+(KHTML,+like+Gecko)+Syncfusion+Safari/538.1 https://localhost:44389/EmployeeTimes 200 0 0 112
2019-02-26 16:50:57 ::1 GET /lib/bootstrap/dist/fonts/glyphicons-halflings-regular.woff - 44389 - ::1 Mozilla/5.0+(Windows+NT+6.2;+WOW64)+AppleWebKit/538.1+(KHTML,+like+Gecko)+Syncfusion+Safari/538.1 https://localhost:44389/EmployeeTimes 200 0 0 10
2019-02-26 16:50:57 ::1 GET /lib/bootstrap/dist/fonts/glyphicons-halflings-regular.ttf - 44389 - ::1 Mozilla/5.0+(Windows+NT+6.2;+WOW64)+AppleWebKit/538.1+(KHTML,+like+Gecko)+Syncfusion+Safari/538.1 https://localhost:44389/EmployeeTimes 400 0 64 4
2019-02-26 16:50:58 ::1 GET /EmployeeTimes/ExportToPDF - 44389 - ::1 Mozilla/5.0+(Windows+NT+10.0;+Win64;+x64)+AppleWebKit/537.36+(KHTML,+like+Gecko)+Chrome/72.0.3626.109+Safari/537.36 https://localhost:44389/EmployeeTimes 200 0 0 2405
#Software: Microsoft Internet Information Services 10.0
#Version: 1.0
#Date: 2019-02-26 16:54:42
#Fields: date time s-ip cs-method cs-uri-stem cs-uri-query s-port cs-username c-ip cs(User-Agent) cs(Referer) sc-status sc-substatus sc-win32-status time-taken
2019-02-26 16:54:42 ::1 DEBUG / - 50267 - ::1 - - 200 0 64 12552
2019-02-26 16:54:46 ::1 GET / - 44389 - ::1 Mozilla/5.0+(Windows+NT+10.0;+Win64;+x64)+AppleWebKit/537.36+(KHTML,+like+Gecko)+Chrome/72.0.3626.109+Safari/537.36 - 200 0 0 12310
2019-02-26 16:54:48 ::1 GET /EmployeeTimes - 44389 - ::1 Mozilla/5.0+(Windows+NT+10.0;+Win64;+x64)+AppleWebKit/537.36+(KHTML,+like+Gecko)+Chrome/72.0.3626.109+Safari/537.36 https://localhost:44389/ 200 0 0 765
2019-02-26 16:54:55 ::1 GET /EmployeeTimes/Create - 44389 - ::1 Mozilla/5.0+(Windows+NT+10.0;+Win64;+x64)+AppleWebKit/537.36+(KHTML,+like+Gecko)+Chrome/72.0.3626.109+Safari/537.36 https://localhost:44389/EmployeeTimes 200 0 0 820
2019-02-26 16:55:21 ::1 POST /EmployeeTimes/Create - 44389 - ::1 Mozilla/5.0+(Windows+NT+10.0;+Win64;+x64)+AppleWebKit/537.36+(KHTML,+like+Gecko)+Chrome/72.0.3626.109+Safari/537.36 https://localhost:44389/EmployeeTimes/Create 302 0 0 563
2019-02-26 16:55:21 ::1 GET /EmployeeTimes - 44389 - ::1 Mozilla/5.0+(Windows+NT+10.0;+Win64;+x64)+AppleWebKit/537.36+(KHTML,+like+Gecko)+Chrome/72.0.3626.109+Safari/537.36 https://localhost:44389/EmployeeTimes/Create 200 0 0 301
2019-02-26 16:57:25 ::1 GET /EmployeeTimes - 44389 - ::1 Mozilla/5.0+(Windows+NT+10.0;+Win64;+x64)+AppleWebKit/537.36+(KHTML,+like+Gecko)+Chrome/72.0.3626.109+Safari/537.36 https://localhost:44389/EmployeeTimes/Create 200 0 0 2819
2019-02-26 16:57:25 ::1 GET /favicon.ico - 44389 - ::1 Mozilla/5.0+(Windows+NT+10.0;+Win64;+x64)+AppleWebKit/537.36+(KHTML,+like+Gecko)+Chrome/72.0.3626.109+Safari/537.36 https://localhost:44389/EmployeeTimes 200 0 0 47
2019-02-26 16:57:28 ::1 GET /EmployeeTimes/Edit/36 - 44389 - ::1 Mozilla/5.0+(Windows+NT+10.0;+Win64;+x64)+AppleWebKit/537.36+(KHTML,+like+Gecko)+Chrome/72.0.3626.109+Safari/537.36 https://localhost:44389/EmployeeTimes 200 0 0 768
2019-02-26 16:57:28 ::1 GET /Content/themes/base/jquery-ui.min.css - 44389 - ::1 Mozilla/5.0+(Windows+NT+10.0;+Win64;+x64)+AppleWebKit/537.36+(KHTML,+like+Gecko)+Chrome/72.0.3626.109+Safari/537.36 https://localhost:44389/EmployeeTimes/Edit/36 404 0 0 102
2019-02-26 16:57:28 ::1 GET /Scripts/jquery-ui-1.12.1.min.js - 44389 - ::1 Mozilla/5.0+(Windows+NT+10.0;+Win64;+x64)+AppleWebKit/537.36+(KHTML,+like+Gecko)+Chrome/72.0.3626.109+Safari/537.36 https://localhost:44389/EmployeeTimes/Edit/36 404 0 0 121
2019-02-26 16:57:28 ::1 GET /Scripts/jquery-3.1.1.min.js - 44389 - ::1 Mozilla/5.0+(Windows+NT+10.0;+Win64;+x64)+AppleWebKit/537.36+(KHTML,+like+Gecko)+Chrome/72.0.3626.109+Safari/537.36 https://localhost:44389/EmployeeTimes/Edit/36 404 0 0 139
2019-02-26 16:57:28 ::1 GET /Scripts/jquery-ui-1.12.1.min.js - 44389 - ::1 Mozilla/5.0+(Windows+NT+10.0;+Win64;+x64)+AppleWebKit/537.36+(KHTML,+like+Gecko)+Chrome/72.0.3626.109+Safari/537.36 https://localhost:44389/EmployeeTimes/Edit/36 404 0 0 37
2019-02-26 16:57:28 ::1 GET /Scripts/jquery-3.1.1.min.js - 44389 - ::1 Mozilla/5.0+(Windows+NT+10.0;+Win64;+x64)+AppleWebKit/537.36+(KHTML,+like+Gecko)+Chrome/72.0.3626.109+Safari/537.36 https://localhost:44389/EmployeeTimes/Edit/36 404 0 0 46
2019-02-26 16:57:28 ::1 GET /Scripts/jquery-ui-1.12.1.min.js - 44389 - ::1 Mozilla/5.0+(Windows+NT+10.0;+Win64;+x64)+AppleWebKit/537.36+(KHTML,+like+Gecko)+Chrome/72.0.3626.109+Safari/537.36 https://localhost:44389/EmployeeTimes/Edit/36 404 0 0 34
2019-02-26 16:57:32 ::1 POST /EmployeeTimes/Edit/36 - 44389 - ::1 Mozilla/5.0+(Windows+NT+10.0;+Win64;+x64)+AppleWebKit/537.36+(KHTML,+like+Gecko)+Chrome/72.0.3626.109+Safari/537.36 https://localhost:44389/EmployeeTimes/Edit/36 302 0 0 365
2019-02-26 16:57:32 ::1 GET /EmployeeTimes - 44389 - ::1 Mozilla/5.0+(Windows+NT+10.0;+Win64;+x64)+AppleWebKit/537.36+(KHTML,+like+Gecko)+Chrome/72.0.3626.109+Safari/537.36 https://localhost:44389/EmployeeTimes/Edit/36 200 0 0 248
2019-02-26 16:57:42 ::1 GET /EmployeeTimes/Edit/36 - 44389 - ::1 Mozilla/5.0+(Windows+NT+10.0;+Win64;+x64)+AppleWebKit/537.36+(KHTML,+like+Gecko)+Chrome/72.0.3626.109+Safari/537.36 https://localhost:44389/EmployeeTimes 200 0 0 602
2019-02-26 16:57:42 ::1 GET /Scripts/jquery-ui-1.12.1.min.js - 44389 - ::1 Mozilla/5.0+(Windows+NT+10.0;+Win64;+x64)+AppleWebKit/537.36+(KHTML,+like+Gecko)+Chrome/72.0.3626.109+Safari/537.36 https://localhost:44389/EmployeeTimes/Edit/36 404 0 0 19
2019-02-26 16:57:42 ::1 GET /Content/themes/base/jquery-ui.min.css - 44389 - ::1 Mozilla/5.0+(Windows+NT+10.0;+Win64;+x64)+AppleWebKit/537.36+(KHTML,+like+Gecko)+Chrome/72.0.3626.109+Safari/537.36 https://localhost:44389/EmployeeTimes/Edit/36 404 0 0 33
2019-02-26 16:57:42 ::1 GET /Scripts/jquery-3.1.1.min.js - 44389 - ::1 Mozilla/5.0+(Windows+NT+10.0;+Win64;+x64)+AppleWebKit/537.36+(KHTML,+like+Gecko)+Chrome/72.0.3626.109+Safari/537.36 https://localhost:44389/EmployeeTimes/Edit/36 404 0 0 44
2019-02-26 16:57:42 ::1 GET /Scripts/jquery-ui-1.12.1.min.js - 44389 - ::1 Mozilla/5.0+(Windows+NT+10.0;+Win64;+x64)+AppleWebKit/537.36+(KHTML,+like+Gecko)+Chrome/72.0.3626.109+Safari/537.36 https://localhost:44389/EmployeeTimes/Edit/36 404 0 0 28
2019-02-26 16:57:42 ::1 GET /Scripts/jquery-3.1.1.min.js - 44389 - ::1 Mozilla/5.0+(Windows+NT+10.0;+Win64;+x64)+AppleWebKit/537.36+(KHTML,+like+Gecko)+Chrome/72.0.3626.109+Safari/537.36 https://localhost:44389/EmployeeTimes/Edit/36 404 0 0 26
2019-02-26 16:57:42 ::1 GET /Scripts/jquery-ui-1.12.1.min.js - 44389 - ::1 Mozilla/5.0+(Windows+NT+10.0;+Win64;+x64)+AppleWebKit/537.36+(KHTML,+like+Gecko)+Chrome/72.0.3626.109+Safari/537.36 https://localhost:44389/EmployeeTimes/Edit/36 404 0 0 9
2019-02-26 16:57:46 ::1 POST /EmployeeTimes/Edit/36 - 44389 - ::1 Mozilla/5.0+(Windows+NT+10.0;+Win64;+x64)+AppleWebKit/537.36+(KHTML,+like+Gecko)+Chrome/72.0.3626.109+Safari/537.36 https://localhost:44389/EmployeeTimes/Edit/36 302 0 0 327
2019-02-26 16:57:46 ::1 GET /EmployeeTimes - 44389 - ::1 Mozilla/5.0+(Windows+NT+10.0;+Win64;+x64)+AppleWebKit/537.36+(KHTML,+like+Gecko)+Chrome/72.0.3626.109+Safari/537.36 https://localhost:44389/EmployeeTimes/Edit/36 200 0 0 227
2019-02-26 16:57:52 ::1 GET /EmployeeTimes/Delete/36 - 44389 - ::1 Mozilla/5.0+(Windows+NT+10.0;+Win64;+x64)+AppleWebKit/537.36+(KHTML,+like+Gecko)+Chrome/72.0.3626.109+Safari/537.36 https://localhost:44389/EmployeeTimes 200 0 0 428
2019-02-26 16:57:54 ::1 POST /EmployeeTimes/Delete/36 - 44389 - ::1 Mozilla/5.0+(Windows+NT+10.0;+Win64;+x64)+AppleWebKit/537.36+(KHTML,+like+Gecko)+Chrome/72.0.3626.109+Safari/537.36 https://localhost:44389/EmployeeTimes/Delete/36 302 0 0 578
2019-02-26 16:57:54 ::1 GET /EmployeeTimes - 44389 - ::1 Mozilla/5.0+(Windows+NT+10.0;+Win64;+x64)+AppleWebKit/537.36+(KHTML,+like+Gecko)+Chrome/72.0.3626.109+Safari/537.36 https://localhost:44389/EmployeeTimes/Delete/36 200 0 0 241
2019-02-26 16:58:00 ::1 GET /EmployeeTimes/Edit/35 - 44389 - ::1 Mozilla/5.0+(Windows+NT+10.0;+Win64;+x64)+AppleWebKit/537.36+(KHTML,+like+Gecko)+Chrome/72.0.3626.109+Safari/537.36 https://localhost:44389/EmployeeTimes 200 0 0 591
2019-02-26 16:58:00 ::1 GET /Scripts/jquery-3.1.1.min.js - 44389 - ::1 Mozilla/5.0+(Windows+NT+10.0;+Win64;+x64)+AppleWebKit/537.36+(KHTML,+like+Gecko)+Chrome/72.0.3626.109+Safari/537.36 https://localhost:44389/EmployeeTimes/Edit/35 404 0 0 24
2019-02-26 16:58:00 ::1 GET /Scripts/jquery-ui-1.12.1.min.js - 44389 - ::1 Mozilla/5.0+(Windows+NT+10.0;+Win64;+x64)+AppleWebKit/537.36+(KHTML,+like+Gecko)+Chrome/72.0.3626.109+Safari/537.36 https://localhost:44389/EmployeeTimes/Edit/35 404 0 0 21
2019-02-26 16:58:00 ::1 GET /Content/themes/base/jquery-ui.min.css - 44389 - ::1 Mozilla/5.0+(Windows+NT+10.0;+Win64;+x64)+AppleWebKit/537.36+(KHTML,+like+Gecko)+Chrome/72.0.3626.109+Safari/537.36 https://localhost:44389/EmployeeTimes/Edit/35 404 0 0 40
2019-02-26 16:58:00 ::1 GET /Scripts/jquery-3.1.1.min.js - 44389 - ::1 Mozilla/5.0+(Windows+NT+10.0;+Win64;+x64)+AppleWebKit/537.36+(KHTML,+like+Gecko)+Chrome/72.0.3626.109+Safari/537.36 https://localhost:44389/EmployeeTimes/Edit/35 404 0 0 23
2019-02-26 16:58:00 ::1 GET /Scripts/jquery-ui-1.12.1.min.js - 44389 - ::1 Mozilla/5.0+(Windows+NT+10.0;+Win64;+x64)+AppleWebKit/537.36+(KHTML,+like+Gecko)+Chrome/72.0.3626.109+Safari/537.36 https://localhost:44389/EmployeeTimes/Edit/35 404 0 0 19
2019-02-26 16:58:00 ::1 GET /Scripts/jquery-3.1.1.min.js - 44389 - ::1 Mozilla/5.0+(Windows+NT+10.0;+Win64;+x64)+AppleWebKit/537.36+(KHTML,+like+Gecko)+Chrome/72.0.3626.109+Safari/537.36 https://localhost:44389/EmployeeTimes/Edit/35 404 0 0 14
2019-02-26 16:58:00 ::1 GET /Scripts/jquery-ui-1.12.1.min.js - 44389 - ::1 Mozilla/5.0+(Windows+NT+10.0;+Win64;+x64)+AppleWebKit/537.36+(KHTML,+like+Gecko)+Chrome/72.0.3626.109+Safari/537.36 https://localhost:44389/EmployeeTimes/Edit/35 404 0 0 7
2019-02-26 16:58:02 ::1 POST /EmployeeTimes/Edit/35 - 44389 - ::1 Mozilla/5.0+(Windows+NT+10.0;+Win64;+x64)+AppleWebKit/537.36+(KHTML,+like+Gecko)+Chrome/72.0.3626.109+Safari/537.36 https://localhost:44389/EmployeeTimes/Edit/35 302 0 0 330
2019-02-26 16:58:02 ::1 GET /EmployeeTimes - 44389 - ::1 Mozilla/5.0+(Windows+NT+10.0;+Win64;+x64)+AppleWebKit/537.36+(KHTML,+like+Gecko)+Chrome/72.0.3626.109+Safari/537.36 https://localhost:44389/EmployeeTimes/Edit/35 200 0 0 232
2019-02-26 16:58:04 ::1 GET /EmployeeTimes/Delete/35 - 44389 - ::1 Mozilla/5.0+(Windows+NT+10.0;+Win64;+x64)+AppleWebKit/537.36+(KHTML,+like+Gecko)+Chrome/72.0.3626.109+Safari/537.36 https://localhost:44389/EmployeeTimes 200 0 0 268
2019-02-26 16:58:07 ::1 GET /EmployeeTimes - 44389 - ::1 Mozilla/5.0+(Windows+NT+10.0;+Win64;+x64)+AppleWebKit/537.36+(KHTML,+like+Gecko)+Chrome/72.0.3626.109+Safari/537.36 https://localhost:44389/EmployeeTimes/Delete/35 200 0 0 299
2019-02-26 16:59:07 ::1 GET /EmployeeTimes/Edit/33 - 44389 - ::1 Mozilla/5.0+(Windows+NT+10.0;+Win64;+x64)+AppleWebKit/537.36+(KHTML,+like+Gecko)+Chrome/72.0.3626.109+Safari/537.36 https://localhost:44389/EmployeeTimes 200 0 0 664
2019-02-26 16:59:07 ::1 GET /Content/themes/base/jquery-ui.min.css - 44389 - ::1 Mozilla/5.0+(Windows+NT+10.0;+Win64;+x64)+AppleWebKit/537.36+(KHTML,+like+Gecko)+Chrome/72.0.3626.109+Safari/537.36 https://localhost:44389/EmployeeTimes/Edit/33 404 0 0 61
2019-02-26 16:59:07 ::1 GET /Scripts/jquery-3.1.1.min.js - 44389 - ::1 Mozilla/5.0+(Windows+NT+10.0;+Win64;+x64)+AppleWebKit/537.36+(KHTML,+like+Gecko)+Chrome/72.0.3626.109+Safari/537.36 https://localhost:44389/EmployeeTimes/Edit/33 404 0 0 59
2019-02-26 16:59:07 ::1 GET /Scripts/jquery-ui-1.12.1.min.js - 44389 - ::1 Mozilla/5.0+(Windows+NT+10.0;+Win64;+x64)+AppleWebKit/537.36+(KHTML,+like+Gecko)+Chrome/72.0.3626.109+Safari/537.36 https://localhost:44389/EmployeeTimes/Edit/33 404 0 0 76
2019-02-26 16:59:07 ::1 GET /Scripts/jquery-3.1.1.min.js - 44389 - ::1 Mozilla/5.0+(Windows+NT+10.0;+Win64;+x64)+AppleWebKit/537.36+(KHTML,+like+Gecko)+Chrome/72.0.3626.109+Safari/537.36 https://localhost:44389/EmployeeTimes/Edit/33 404 0 0 41
2019-02-26 16:59:07 ::1 GET /Scripts/jquery-ui-1.12.1.min.js - 44389 - ::1 Mozilla/5.0+(Windows+NT+10.0;+Win64;+x64)+AppleWebKit/537.36+(KHTML,+like+Gecko)+Chrome/72.0.3626.109+Safari/537.36 https://localhost:44389/EmployeeTimes/Edit/33 404 0 0 12
2019-02-26 16:59:25 ::1 GET /EmployeeTimes/Edit/33 - 44389 - ::1 Mozilla/5.0+(Windows+NT+10.0;+Win64;+x64)+AppleWebKit/537.36+(KHTML,+like+Gecko)+Chrome/72.0.3626.109+Safari/537.36 https://localhost:44389/EmployeeTimes 200 0 0 1407
2019-02-26 16:59:25 ::1 GET /Scripts/jquery-ui-1.12.1.min.js - 44389 - ::1 Mozilla/5.0+(Windows+NT+10.0;+Win64;+x64)+AppleWebKit/537.36+(KHTML,+like+Gecko)+Chrome/72.0.3626.109+Safari/537.36 https://localhost:44389/EmployeeTimes/Edit/33 404 0 0 52
2019-02-26 16:59:25 ::1 GET /Scripts/jquery-3.1.1.min.js - 44389 - ::1 Mozilla/5.0+(Windows+NT+10.0;+Win64;+x64)+AppleWebKit/537.36+(KHTML,+like+Gecko)+Chrome/72.0.3626.109+Safari/537.36 https://localhost:44389/EmployeeTimes/Edit/33 404 0 0 53
2019-02-26 16:59:25 ::1 GET /Content/themes/base/jquery-ui.min.css - 44389 - ::1 Mozilla/5.0+(Windows+NT+10.0;+Win64;+x64)+AppleWebKit/537.36+(KHTML,+like+Gecko)+Chrome/72.0.3626.109+Safari/537.36 https://localhost:44389/EmployeeTimes/Edit/33 404 0 0 70
2019-02-26 16:59:25 ::1 GET /Scripts/jquery-3.1.1.min.js - 44389 - ::1 Mozilla/5.0+(Windows+NT+10.0;+Win64;+x64)+AppleWebKit/537.36+(KHTML,+like+Gecko)+Chrome/72.0.3626.109+Safari/537.36 https://localhost:44389/EmployeeTimes/Edit/33 404 0 0 32
2019-02-26 16:59:25 ::1 GET /Scripts/jquery-ui-1.12.1.min.js - 44389 - ::1 Mozilla/5.0+(Windows+NT+10.0;+Win64;+x64)+AppleWebKit/537.36+(KHTML,+like+Gecko)+Chrome/72.0.3626.109+Safari/537.36 https://localhost:44389/EmployeeTimes/Edit/33 404 0 0 17
2019-02-26 16:59:25 ::1 GET /Scripts/jquery-3.1.1.min.js - 44389 - ::1 Mozilla/5.0+(Windows+NT+10.0;+Win64;+x64)+AppleWebKit/537.36+(KHTML,+like+Gecko)+Chrome/72.0.3626.109+Safari/537.36 https://localhost:44389/EmployeeTimes/Edit/33 404 0 0 27
2019-02-26 16:59:25 ::1 GET /Scripts/jquery-ui-1.12.1.min.js - 44389 - ::1 Mozilla/5.0+(Windows+NT+10.0;+Win64;+x64)+AppleWebKit/537.36+(KHTML,+like+Gecko)+Chrome/72.0.3626.109+Safari/537.36 https://localhost:44389/EmployeeTimes/Edit/33 404 0 0 12
2019-02-26 16:59:25 ::1 GET /favicon.ico - 44389 - ::1 Mozilla/5.0+(Windows+NT+10.0;+Win64;+x64)+AppleWebKit/537.36+(KHTML,+like+Gecko)+Chrome/72.0.3626.109+Safari/537.36 https://localhost:44389/EmployeeTimes/Edit/33 200 0 0 21
2019-02-26 16:59:31 ::1 POST /EmployeeTimes/Edit/33 - 44389 - ::1 Mozilla/5.0+(Windows+NT+10.0;+Win64;+x64)+AppleWebKit/537.36+(KHTML,+like+Gecko)+Chrome/72.0.3626.109+Safari/537.36 https://localhost:44389/EmployeeTimes/Edit/33 302 0 0 341
2019-02-26 16:59:31 ::1 GET /EmployeeTimes - 44389 - ::1 Mozilla/5.0+(Windows+NT+10.0;+Win64;+x64)+AppleWebKit/537.36+(KHTML,+like+Gecko)+Chrome/72.0.3626.109+Safari/537.36 https://localhost:44389/EmployeeTimes/Edit/33 200 0 0 241
2019-02-26 17:00:41 ::1 GET /EmployeeTimes/Details/33 - 44389 - ::1 Mozilla/5.0+(Windows+NT+10.0;+Win64;+x64)+AppleWebKit/537.36+(KHTML,+like+Gecko)+Chrome/72.0.3626.109+Safari/537.36 https://localhost:44389/EmployeeTimes 200 0 0 375
2019-02-26 17:00:44 ::1 GET /EmployeeTimes - 44389 - ::1 Mozilla/5.0+(Windows+NT+10.0;+Win64;+x64)+AppleWebKit/537.36+(KHTML,+like+Gecko)+Chrome/72.0.3626.109+Safari/537.36 https://localhost:44389/EmployeeTimes/Edit/33 200 0 0 501
#Software: Microsoft Internet Information Services 10.0
#Version: 1.0
#Date: 2019-02-26 17:02:47
#Fields: date time s-ip cs-method cs-uri-stem cs-uri-query s-port cs-username c-ip cs(User-Agent) cs(Referer) sc-status sc-substatus sc-win32-status time-taken
2019-02-26 17:02:47 ::1 DEBUG / - 50267 - ::1 - - 200 0 64 10343
2019-02-26 17:02:48 ::1 GET / - 44389 - ::1 Mozilla/5.0+(Windows+NT+10.0;+Win64;+x64)+AppleWebKit/537.36+(KHTML,+like+Gecko)+Chrome/72.0.3626.109+Safari/537.36 - 200 0 0 7131
2019-02-26 17:07:14 ::1 GET /EmployeeTimes - 44389 - ::1 Mozilla/5.0+(Windows+NT+10.0;+Win64;+x64)+AppleWebKit/537.36+(KHTML,+like+Gecko)+Chrome/72.0.3626.109+Safari/537.36 https://localhost:44389/ 200 0 0 1900
2019-02-26 17:07:18 ::1 GET /EmployeeTimes/Edit/35 - 44389 - ::1 Mozilla/5.0+(Windows+NT+10.0;+Win64;+x64)+AppleWebKit/537.36+(KHTML,+like+Gecko)+Chrome/72.0.3626.109+Safari/537.36 https://localhost:44389/EmployeeTimes 200 0 0 1350
2019-02-26 17:07:18 ::1 GET /Content/themes/base/jquery-ui.min.css - 44389 - ::1 Mozilla/5.0+(Windows+NT+10.0;+Win64;+x64)+AppleWebKit/537.36+(KHTML,+like+Gecko)+Chrome/72.0.3626.109+Safari/537.36 https://localhost:44389/EmployeeTimes/Edit/35 404 0 0 58
2019-02-26 17:07:18 ::1 GET /Scripts/jquery-3.1.1.min.js - 44389 - ::1 Mozilla/5.0+(Windows+NT+10.0;+Win64;+x64)+AppleWebKit/537.36+(KHTML,+like+Gecko)+Chrome/72.0.3626.109+Safari/537.36 https://localhost:44389/EmployeeTimes/Edit/35 404 0 0 58
2019-02-26 17:07:18 ::1 GET /Scripts/jquery-ui-1.12.1.min.js - 44389 - ::1 Mozilla/5.0+(Windows+NT+10.0;+Win64;+x64)+AppleWebKit/537.36+(KHTML,+like+Gecko)+Chrome/72.0.3626.109+Safari/537.36 https://localhost:44389/EmployeeTimes/Edit/35 404 0 0 66
2019-02-26 17:07:18 ::1 GET /Scripts/jquery-3.1.1.min.js - 44389 - ::1 Mozilla/5.0+(Windows+NT+10.0;+Win64;+x64)+AppleWebKit/537.36+(KHTML,+like+Gecko)+Chrome/72.0.3626.109+Safari/537.36 https://localhost:44389/EmployeeTimes/Edit/35 404 0 0 11
2019-02-26 17:07:18 ::1 GET /Scripts/jquery-ui-1.12.1.min.js - 44389 - ::1 Mozilla/5.0+(Windows+NT+10.0;+Win64;+x64)+AppleWebKit/537.36+(KHTML,+like+Gecko)+Chrome/72.0.3626.109+Safari/537.36 https://localhost:44389/EmployeeTimes/Edit/35 404 0 0 26
2019-02-26 17:07:20 ::1 POST /EmployeeTimes/Edit/35 - 44389 - ::1 Mozilla/5.0+(Windows+NT+10.0;+Win64;+x64)+AppleWebKit/537.36+(KHTML,+like+Gecko)+Chrome/72.0.3626.109+Safari/537.36 https://localhost:44389/EmployeeTimes/Edit/35 302 0 0 537
2019-02-26 17:07:20 ::1 GET /EmployeeTimes - 44389 - ::1 Mozilla/5.0+(Windows+NT+10.0;+Win64;+x64)+AppleWebKit/537.36+(KHTML,+like+Gecko)+Chrome/72.0.3626.109+Safari/537.36 https://localhost:44389/EmployeeTimes/Edit/35 200 0 0 289
2019-02-26 17:07:26 ::1 GET /EmployeeTimes/Edit/33 - 44389 - ::1 Mozilla/5.0+(Windows+NT+10.0;+Win64;+x64)+AppleWebKit/537.36+(KHTML,+like+Gecko)+Chrome/72.0.3626.109+Safari/537.36 https://localhost:44389/EmployeeTimes 200 0 0 761
2019-02-26 17:07:26 ::1 GET /Content/themes/base/jquery-ui.min.css - 44389 - ::1 Mozilla/5.0+(Windows+NT+10.0;+Win64;+x64)+AppleWebKit/537.36+(KHTML,+like+Gecko)+Chrome/72.0.3626.109+Safari/537.36 https://localhost:44389/EmployeeTimes/Edit/33 404 0 0 28
2019-02-26 17:07:26 ::1 GET /Scripts/jquery-3.1.1.min.js - 44389 - ::1 Mozilla/5.0+(Windows+NT+10.0;+Win64;+x64)+AppleWebKit/537.36+(KHTML,+like+Gecko)+Chrome/72.0.3626.109+Safari/537.36 https://localhost:44389/EmployeeTimes/Edit/33 404 0 0 27
2019-02-26 17:07:26 ::1 GET /Scripts/jquery-ui-1.12.1.min.js - 44389 - ::1 Mozilla/5.0+(Windows+NT+10.0;+Win64;+x64)+AppleWebKit/537.36+(KHTML,+like+Gecko)+Chrome/72.0.3626.109+Safari/537.36 https://localhost:44389/EmployeeTimes/Edit/33 404 0 0 29
2019-02-26 17:07:26 ::1 GET /Scripts/jquery-3.1.1.min.js - 44389 - ::1 Mozilla/5.0+(Windows+NT+10.0;+Win64;+x64)+AppleWebKit/537.36+(KHTML,+like+Gecko)+Chrome/72.0.3626.109+Safari/537.36 https://localhost:44389/EmployeeTimes/Edit/33 404 0 0 14
2019-02-26 17:07:26 ::1 GET /Scripts/jquery-ui-1.12.1.min.js - 44389 - ::1 Mozilla/5.0+(Windows+NT+10.0;+Win64;+x64)+AppleWebKit/537.36+(KHTML,+like+Gecko)+Chrome/72.0.3626.109+Safari/537.36 https://localhost:44389/EmployeeTimes/Edit/33 404 0 0 12
2019-02-26 17:07:28 ::1 POST /EmployeeTimes/Edit/33 - 44389 - ::1 Mozilla/5.0+(Windows+NT+10.0;+Win64;+x64)+AppleWebKit/537.36+(KHTML,+like+Gecko)+Chrome/72.0.3626.109+Safari/537.36 https://localhost:44389/EmployeeTimes/Edit/33 302 0 0 324
2019-02-26 17:07:28 ::1 GET /EmployeeTimes - 44389 - ::1 Mozilla/5.0+(Windows+NT+10.0;+Win64;+x64)+AppleWebKit/537.36+(KHTML,+like+Gecko)+Chrome/72.0.3626.109+Safari/537.36 https://localhost:44389/EmployeeTimes/Edit/33 200 0 0 219
2019-02-26 17:08:43 ::1 GET /EmployeeTimes - 44389 - ::1 Mozilla/5.0+(Windows+NT+10.0;+Win64;+x64)+AppleWebKit/537.36+(KHTML,+like+Gecko)+Chrome/72.0.3626.109+Safari/537.36 https://localhost:44389/EmployeeTimes/Edit/33 200 0 0 2710
2019-02-26 17:08:43 ::1 GET /favicon.ico - 44389 - ::1 Mozilla/5.0+(Windows+NT+10.0;+Win64;+x64)+AppleWebKit/537.36+(KHTML,+like+Gecko)+Chrome/72.0.3626.109+Safari/537.36 https://localhost:44389/EmployeeTimes 200 0 0 43
2019-02-26 17:08:47 ::1 GET /EmployeeTimes/Edit/34 - 44389 - ::1 Mozilla/5.0+(Windows+NT+10.0;+Win64;+x64)+AppleWebKit/537.36+(KHTML,+like+Gecko)+Chrome/72.0.3626.109+Safari/537.36 https://localhost:44389/EmployeeTimes 200 0 0 751
2019-02-26 17:08:47 ::1 GET /Content/themes/base/jquery-ui.min.css - 44389 - ::1 Mozilla/5.0+(Windows+NT+10.0;+Win64;+x64)+AppleWebKit/537.36+(KHTML,+like+Gecko)+Chrome/72.0.3626.109+Safari/537.36 https://localhost:44389/EmployeeTimes/Edit/34 404 0 0 81
2019-02-26 17:08:47 ::1 GET /Scripts/jquery-ui-1.12.1.min.js - 44389 - ::1 Mozilla/5.0+(Windows+NT+10.0;+Win64;+x64)+AppleWebKit/537.36+(KHTML,+like+Gecko)+Chrome/72.0.3626.109+Safari/537.36 https://localhost:44389/EmployeeTimes/Edit/34 404 0 0 86
2019-02-26 17:08:47 ::1 GET /Scripts/jquery-3.1.1.min.js - 44389 - ::1 Mozilla/5.0+(Windows+NT+10.0;+Win64;+x64)+AppleWebKit/537.36+(KHTML,+like+Gecko)+Chrome/72.0.3626.109+Safari/537.36 https://localhost:44389/EmployeeTimes/Edit/34 404 0 0 149
2019-02-26 17:08:47 ::1 GET /Scripts/jquery-ui-1.12.1.min.js - 44389 - ::1 Mozilla/5.0+(Windows+NT+10.0;+Win64;+x64)+AppleWebKit/537.36+(KHTML,+like+Gecko)+Chrome/72.0.3626.109+Safari/537.36 https://localhost:44389/EmployeeTimes/Edit/34 404 0 0 27
2019-02-26 17:08:47 ::1 GET /Scripts/jquery-3.1.1.min.js - 44389 - ::1 Mozilla/5.0+(Windows+NT+10.0;+Win64;+x64)+AppleWebKit/537.36+(KHTML,+like+Gecko)+Chrome/72.0.3626.109+Safari/537.36 https://localhost:44389/EmployeeTimes/Edit/34 404 0 0 60
2019-02-26 17:08:47 ::1 GET /Scripts/jquery-ui-1.12.1.min.js - 44389 - ::1 Mozilla/5.0+(Windows+NT+10.0;+Win64;+x64)+AppleWebKit/537.36+(KHTML,+like+Gecko)+Chrome/72.0.3626.109+Safari/537.36 https://localhost:44389/EmployeeTimes/Edit/34 404 0 0 9
2019-02-26 17:08:49 ::1 POST /EmployeeTimes/Edit/34 - 44389 - ::1 Mozilla/5.0+(Windows+NT+10.0;+Win64;+x64)+AppleWebKit/537.36+(KHTML,+like+Gecko)+Chrome/72.0.3626.109+Safari/537.36 https://localhost:44389/EmployeeTimes/Edit/34 302 0 0 331
2019-02-26 17:08:49 ::1 GET /EmployeeTimes - 44389 - ::1 Mozilla/5.0+(Windows+NT+10.0;+Win64;+x64)+AppleWebKit/537.36+(KHTML,+like+Gecko)+Chrome/72.0.3626.109+Safari/537.36 https://localhost:44389/EmployeeTimes/Edit/34 200 0 0 243
2019-02-26 17:09:13 ::1 GET /EmployeeTimes - 44389 - ::1 Mozilla/5.0+(Windows+NT+10.0;+Win64;+x64)+AppleWebKit/537.36+(KHTML,+like+Gecko)+Chrome/72.0.3626.109+Safari/537.36 https://localhost:44389/EmployeeTimes/Edit/34 200 0 0 785
2019-02-26 17:09:13 ::1 GET /favicon.ico - 44389 - ::1 Mozilla/5.0+(Windows+NT+10.0;+Win64;+x64)+AppleWebKit/537.36+(KHTML,+like+Gecko)+Chrome/72.0.3626.109+Safari/537.36 https://localhost:44389/EmployeeTimes 200 0 0 21
2019-02-26 17:09:15 ::1 GET /EmployeeTimes/Edit/33 - 44389 - ::1 Mozilla/5.0+(Windows+NT+10.0;+Win64;+x64)+AppleWebKit/537.36+(KHTML,+like+Gecko)+Chrome/72.0.3626.109+Safari/537.36 https://localhost:44389/EmployeeTimes 200 0 0 720
2019-02-26 17:09:15 ::1 GET /Content/themes/base/jquery-ui.min.css - 44389 - ::1 Mozilla/5.0+(Windows+NT+10.0;+Win64;+x64)+AppleWebKit/537.36+(KHTML,+like+Gecko)+Chrome/72.0.3626.109+Safari/537.36 https://localhost:44389/EmployeeTimes/Edit/33 404 0 0 48
2019-02-26 17:09:15 ::1 GET /Scripts/jquery-ui-1.12.1.min.js - 44389 - ::1 Mozilla/5.0+(Windows+NT+10.0;+Win64;+x64)+AppleWebKit/537.36+(KHTML,+like+Gecko)+Chrome/72.0.3626.109+Safari/537.36 https://localhost:44389/EmployeeTimes/Edit/33 404 0 0 41
2019-02-26 17:09:15 ::1 GET /Scripts/jquery-3.1.1.min.js - 44389 - ::1 Mozilla/5.0+(Windows+NT+10.0;+Win64;+x64)+AppleWebKit/537.36+(KHTML,+like+Gecko)+Chrome/72.0.3626.109+Safari/537.36 https://localhost:44389/EmployeeTimes/Edit/33 404 0 0 71
2019-02-26 17:09:15 ::1 GET /Scripts/jquery-ui-1.12.1.min.js - 44389 - ::1 Mozilla/5.0+(Windows+NT+10.0;+Win64;+x64)+AppleWebKit/537.36+(KHTML,+like+Gecko)+Chrome/72.0.3626.109+Safari/537.36 https://localhost:44389/EmployeeTimes/Edit/33 404 0 0 36
2019-02-26 17:09:15 ::1 GET /Scripts/jquery-3.1.1.min.js - 44389 - ::1 Mozilla/5.0+(Windows+NT+10.0;+Win64;+x64)+AppleWebKit/537.36+(KHTML,+like+Gecko)+Chrome/72.0.3626.109+Safari/537.36 https://localhost:44389/EmployeeTimes/Edit/33 404 0 0 10
2019-02-26 17:09:15 ::1 GET /Scripts/jquery-ui-1.12.1.min.js - 44389 - ::1 Mozilla/5.0+(Windows+NT+10.0;+Win64;+x64)+AppleWebKit/537.36+(KHTML,+like+Gecko)+Chrome/72.0.3626.109+Safari/537.36 https://localhost:44389/EmployeeTimes/Edit/33 404 0 0 17
2019-02-26 17:09:17 ::1 POST /EmployeeTimes/Edit/33 - 44389 - ::1 Mozilla/5.0+(Windows+NT+10.0;+Win64;+x64)+AppleWebKit/537.36+(KHTML,+like+Gecko)+Chrome/72.0.3626.109+Safari/537.36 https://localhost:44389/EmployeeTimes/Edit/33 302 0 0 348
2019-02-26 17:09:17 ::1 GET /EmployeeTimes - 44389 - ::1 Mozilla/5.0+(Windows+NT+10.0;+Win64;+x64)+AppleWebKit/537.36+(KHTML,+like+Gecko)+Chrome/72.0.3626.109+Safari/537.36 https://localhost:44389/EmployeeTimes/Edit/33 200 0 0 276
2019-02-26 17:09:20 ::1 GET /EmployeeTimes/Edit/34 - 44389 - ::1 Mozilla/5.0+(Windows+NT+10.0;+Win64;+x64)+AppleWebKit/537.36+(KHTML,+like+Gecko)+Chrome/72.0.3626.109+Safari/537.36 https://localhost:44389/EmployeeTimes 200 0 0 801
2019-02-26 17:09:20 ::1 GET /Scripts/jquery-ui-1.12.1.min.js - 44389 - ::1 Mozilla/5.0+(Windows+NT+10.0;+Win64;+x64)+AppleWebKit/537.36+(KHTML,+like+Gecko)+Chrome/72.0.3626.109+Safari/537.36 https://localhost:44389/EmployeeTimes/Edit/34 404 0 0 75
2019-02-26 17:09:20 ::1 GET /Scripts/jquery-3.1.1.min.js - 44389 - ::1 Mozilla/5.0+(Windows+NT+10.0;+Win64;+x64)+AppleWebKit/537.36+(KHTML,+like+Gecko)+Chrome/72.0.3626.109+Safari/537.36 https://localhost:44389/EmployeeTimes/Edit/34 404 0 0 75
2019-02-26 17:09:20 ::1 GET /Content/themes/base/jquery-ui.min.css - 44389 - ::1 Mozilla/5.0+(Windows+NT+10.0;+Win64;+x64)+AppleWebKit/537.36+(KHTML,+like+Gecko)+Chrome/72.0.3626.109+Safari/537.36 https://localhost:44389/EmployeeTimes/Edit/34 404 0 0 87
2019-02-26 17:09:20 ::1 GET /Scripts/jquery-3.1.1.min.js - 44389 - ::1 Mozilla/5.0+(Windows+NT+10.0;+Win64;+x64)+AppleWebKit/537.36+(KHTML,+like+Gecko)+Chrome/72.0.3626.109+Safari/537.36 https://localhost:44389/EmployeeTimes/Edit/34 404 0 0 16
2019-02-26 17:09:20 ::1 GET /Scripts/jquery-ui-1.12.1.min.js - 44389 - ::1 Mozilla/5.0+(Windows+NT+10.0;+Win64;+x64)+AppleWebKit/537.36+(KHTML,+like+Gecko)+Chrome/72.0.3626.109+Safari/537.36 https://localhost:44389/EmployeeTimes/Edit/34 404 0 0 13
2019-02-26 17:09:20 ::1 GET /Scripts/jquery-3.1.1.min.js - 44389 - ::1 Mozilla/5.0+(Windows+NT+10.0;+Win64;+x64)+AppleWebKit/537.36+(KHTML,+like+Gecko)+Chrome/72.0.3626.109+Safari/537.36 https://localhost:44389/EmployeeTimes/Edit/34 404 0 0 15
2019-02-26 17:09:20 ::1 GET /Scripts/jquery-ui-1.12.1.min.js - 44389 - ::1 Mozilla/5.0+(Windows+NT+10.0;+Win64;+x64)+AppleWebKit/537.36+(KHTML,+like+Gecko)+Chrome/72.0.3626.109+Safari/537.36 https://localhost:44389/EmployeeTimes/Edit/34 404 0 0 21
2019-02-26 17:09:24 ::1 POST /EmployeeTimes/Edit/34 - 44389 - ::1 Mozilla/5.0+(Windows+NT+10.0;+Win64;+x64)+AppleWebKit/537.36+(KHTML,+like+Gecko)+Chrome/72.0.3626.109+Safari/537.36 https://localhost:44389/EmployeeTimes/Edit/34 302 0 0 585
2019-02-26 17:09:24 ::1 GET /EmployeeTimes - 44389 - ::1 Mozilla/5.0+(Windows+NT+10.0;+Win64;+x64)+AppleWebKit/537.36+(KHTML,+like+Gecko)+Chrome/72.0.3626.109+Safari/537.36 https://localhost:44389/EmployeeTimes/Edit/34 200 0 0 264
2019-02-26 17:10:10 ::1 GET /EmployeeTimes/Create - 44389 - ::1 Mozilla/5.0+(Windows+NT+10.0;+Win64;+x64)+AppleWebKit/537.36+(KHTML,+like+Gecko)+Chrome/72.0.3626.109+Safari/537.36 https://localhost:44389/EmployeeTimes 200 0 0 850
2019-02-26 17:10:14 ::1 POST /EmployeeTimes/Create - 44389 - ::1 Mozilla/5.0+(Windows+NT+10.0;+Win64;+x64)+AppleWebKit/537.36+(KHTML,+like+Gecko)+Chrome/72.0.3626.109+Safari/537.36 https://localhost:44389/EmployeeTimes/Create 302 0 0 453
2019-02-26 17:10:14 ::1 GET /EmployeeTimes - 44389 - ::1 Mozilla/5.0+(Windows+NT+10.0;+Win64;+x64)+AppleWebKit/537.36+(KHTML,+like+Gecko)+Chrome/72.0.3626.109+Safari/537.36 https://localhost:44389/EmployeeTimes/Create 200 0 0 284
2019-02-26 17:10:21 ::1 GET /EmployeeTimes/Delete/37 - 44389 - ::1 Mozilla/5.0+(Windows+NT+10.0;+Win64;+x64)+AppleWebKit/537.36+(KHTML,+like+Gecko)+Chrome/72.0.3626.109+Safari/537.36 https://localhost:44389/EmployeeTimes 200 0 0 511
2019-02-26 17:10:24 ::1 POST /EmployeeTimes/Delete/37 - 44389 - ::1 Mozilla/5.0+(Windows+NT+10.0;+Win64;+x64)+AppleWebKit/537.36+(KHTML,+like+Gecko)+Chrome/72.0.3626.109+Safari/537.36 https://localhost:44389/EmployeeTimes/Delete/37 302 0 0 1250
2019-02-26 17:10:24 ::1 GET /EmployeeTimes - 44389 - ::1 Mozilla/5.0+(Windows+NT+10.0;+Win64;+x64)+AppleWebKit/537.36+(KHTML,+like+Gecko)+Chrome/72.0.3626.109+Safari/537.36 https://localhost:44389/EmployeeTimes/Delete/37 200 0 0 772
2019-02-26 17:12:30 ::1 GET /Projects - 44389 - ::1 Mozilla/5.0+(Windows+NT+10.0;+Win64;+x64)+AppleWebKit/537.36+(KHTML,+like+Gecko)+Chrome/72.0.3626.109+Safari/537.36 https://localhost:44389/EmployeeTimes 200 0 0 444
2019-02-26 17:12:30 ::1 GET /Admin - 44389 - ::1 Mozilla/5.0+(Windows+NT+10.0;+Win64;+x64)+AppleWebKit/537.36+(KHTML,+like+Gecko)+Chrome/72.0.3626.109+Safari/537.36 https://localhost:44389/Projects 200 0 0 330
2019-02-26 17:12:33 ::1 GET /EmployeeTimes - 44389 - ::1 Mozilla/5.0+(Windows+NT+10.0;+Win64;+x64)+AppleWebKit/537.36+(KHTML,+like+Gecko)+Chrome/72.0.3626.109+Safari/537.36 https://localhost:44389/Admin 200 0 0 289
2019-02-26 17:12:51 ::1 GET /EmployeeTimes SortOrder=UserName 44389 - ::1 Mozilla/5.0+(Windows+NT+10.0;+Win64;+x64)+AppleWebKit/537.36+(KHTML,+like+Gecko)+Chrome/72.0.3626.109+Safari/537.36 https://localhost:44389/EmployeeTimes 502 3 12030 14932
#Software: Microsoft Internet Information Services 10.0
#Version: 1.0
#Date: 2019-02-26 17:13:21
#Fields: date time s-ip cs-method cs-uri-stem cs-uri-query s-port cs-username c-ip cs(User-Agent) cs(Referer) sc-status sc-substatus sc-win32-status time-taken
2019-02-26 17:13:21 ::1 DEBUG / - 50267 - ::1 - - 200 0 64 11647
2019-02-26 17:13:22 ::1 GET / - 44389 - ::1 Mozilla/5.0+(Windows+NT+10.0;+Win64;+x64)+AppleWebKit/537.36+(KHTML,+like+Gecko)+Chrome/72.0.3626.109+Safari/537.36 - 200 0 0 8306
2019-02-26 17:19:44 ::1 GET /EmployeeTimes - 44389 - ::1 Mozilla/5.0+(Windows+NT+10.0;+Win64;+x64)+AppleWebKit/537.36+(KHTML,+like+Gecko)+Chrome/72.0.3626.109+Safari/537.36 https://localhost:44389/ 200 0 0 1996
2019-02-26 17:20:48 ::1 GET /EmployeeTimes SortOrder=UserName 44389 - ::1 Mozilla/5.0+(Windows+NT+10.0;+Win64;+x64)+AppleWebKit/537.36+(KHTML,+like+Gecko)+Chrome/72.0.3626.109+Safari/537.36 https://localhost:44389/EmployeeTimes 400 0 64 59740
2019-02-26 17:20:48 ::1 GET /EmployeeTimes/Details/33 - 44389 - ::1 Mozilla/5.0+(Windows+NT+10.0;+Win64;+x64)+AppleWebKit/537.36+(KHTML,+like+Gecko)+Chrome/72.0.3626.109+Safari/537.36 https://localhost:44389/EmployeeTimes 502 3 12030 19557
2019-02-26 17:21:05 ::1 DEBUG / - 50267 - ::1 - - 200 0 64 10768
2019-02-26 17:21:06 ::1 GET / - 44389 - ::1 Mozilla/5.0+(Windows+NT+10.0;+Win64;+x64)+AppleWebKit/537.36+(KHTML,+like+Gecko)+Chrome/72.0.3626.109+Safari/537.36 - 200 0 0 8217
2019-02-26 17:21:10 ::1 GET /EmployeeTimes - 44389 - ::1 Mozilla/5.0+(Windows+NT+10.0;+Win64;+x64)+AppleWebKit/537.36+(KHTML,+like+Gecko)+Chrome/72.0.3626.109+Safari/537.36 https://localhost:44389/ 200 0 0 1923
2019-02-26 17:21:13 ::1 GET /EmployeeTimes/Details/33 - 44389 - ::1 Mozilla/5.0+(Windows+NT+10.0;+Win64;+x64)+AppleWebKit/537.36+(KHTML,+like+Gecko)+Chrome/72.0.3626.109+Safari/537.36 https://localhost:44389/EmployeeTimes 200 0 0 562
2019-02-26 17:23:09 ::1 DEBUG / - 50267 - ::1 - - 200 0 64 10855
2019-02-26 17:23:11 ::1 GET / - 44389 - ::1 Mozilla/5.0+(Windows+NT+10.0;+Win64;+x64)+AppleWebKit/537.36+(KHTML,+like+Gecko)+Chrome/72.0.3626.109+Safari/537.36 - 200 0 0 8602
#Software: Microsoft Internet Information Services 10.0
#Version: 1.0
#Date: 2019-02-26 18:18:53
#Fields: date time s-ip cs-method cs-uri-stem cs-uri-query s-port cs-username c-ip cs(User-Agent) cs(Referer) sc-status sc-substatus sc-win32-status time-taken
2019-02-26 18:18:53 ::1 GET /EmployeeTimes - 44389 - ::1 Mozilla/5.0+(Windows+NT+10.0;+Win64;+x64)+AppleWebKit/537.36+(KHTML,+like+Gecko)+Chrome/72.0.3626.109+Safari/537.36 https://localhost:44389/ 200 0 0 3280
2019-02-26 18:19:36 ::1 GET /EmployeeTimes/Create - 44389 - ::1 Mozilla/5.0+(Windows+NT+10.0;+Win64;+x64)+AppleWebKit/537.36+(KHTML,+like+Gecko)+Chrome/72.0.3626.109+Safari/537.36 https://localhost:44389/EmployeeTimes 200 0 0 838
2019-02-26 18:19:39 ::1 POST /EmployeeTimes/Create - 44389 - ::1 Mozilla/5.0+(Windows+NT+10.0;+Win64;+x64)+AppleWebKit/537.36+(KHTML,+like+Gecko)+Chrome/72.0.3626.109+Safari/537.36 https://localhost:44389/EmployeeTimes/Create 302 0 0 629
2019-02-26 18:19:41 ::1 GET /EmployeeTimes - 44389 - ::1 Mozilla/5.0+(Windows+NT+10.0;+Win64;+x64)+AppleWebKit/537.36+(KHTML,+like+Gecko)+Chrome/72.0.3626.109+Safari/537.36 https://localhost:44389/EmployeeTimes/Create 200 0 0 2834
2019-02-26 18:19:59 ::1 GET /EmployeeTimes - 44389 - ::1 Mozilla/5.0+(Windows+NT+10.0;+Win64;+x64)+AppleWebKit/537.36+(KHTML,+like+Gecko)+Chrome/72.0.3626.109+Safari/537.36 https://localhost:44389/EmployeeTimes/Create 200 0 0 679
2019-02-26 18:19:59 ::1 GET /favicon.ico - 44389 - ::1 Mozilla/5.0+(Windows+NT+10.0;+Win64;+x64)+AppleWebKit/537.36+(KHTML,+like+Gecko)+Chrome/72.0.3626.109+Safari/537.36 https://localhost:44389/EmployeeTimes 200 0 0 54
2019-02-26 18:20:01 ::1 GET /EmployeeTimes/Create - 44389 - ::1 Mozilla/5.0+(Windows+NT+10.0;+Win64;+x64)+AppleWebKit/537.36+(KHTML,+like+Gecko)+Chrome/72.0.3626.109+Safari/537.36 https://localhost:44389/EmployeeTimes 200 0 0 577
2019-02-26 18:20:03 ::1 POST /EmployeeTimes/Create - 44389 - ::1 Mozilla/5.0+(Windows+NT+10.0;+Win64;+x64)+AppleWebKit/537.36+(KHTML,+like+Gecko)+Chrome/72.0.3626.109+Safari/537.36 https://localhost:44389/EmployeeTimes/Create 302 0 0 476
2019-02-26 18:20:03 ::1 GET /EmployeeTimes - 44389 - ::1 Mozilla/5.0+(Windows+NT+10.0;+Win64;+x64)+AppleWebKit/537.36+(KHTML,+like+Gecko)+Chrome/72.0.3626.109+Safari/537.36 https://localhost:44389/EmployeeTimes/Create 200 0 0 334
2019-02-26 18:20:20 ::1 GET /EmployeeTimes - 44389 - ::1 Mozilla/5.0+(Windows+NT+10.0;+Win64;+x64)+AppleWebKit/537.36+(KHTML,+like+Gecko)+Chrome/72.0.3626.109+Safari/537.36 https://localhost:44389/EmployeeTimes/Create 200 0 0 754
2019-02-26 18:20:20 ::1 GET /favicon.ico - 44389 - ::1 Mozilla/5.0+(Windows+NT+10.0;+Win64;+x64)+AppleWebKit/537.36+(KHTML,+like+Gecko)+Chrome/72.0.3626.109+Safari/537.36 https://localhost:44389/EmployeeTimes 200 0 0 20
2019-02-26 18:20:23 ::1 GET /EmployeeTimes/Create - 44389 - ::1 Mozilla/5.0+(Windows+NT+10.0;+Win64;+x64)+AppleWebKit/537.36+(KHTML,+like+Gecko)+Chrome/72.0.3626.109+Safari/537.36 https://localhost:44389/EmployeeTimes 200 0 0 775
2019-02-26 18:20:26 ::1 POST /EmployeeTimes/Create - 44389 - ::1 Mozilla/5.0+(Windows+NT+10.0;+Win64;+x64)+AppleWebKit/537.36+(KHTML,+like+Gecko)+Chrome/72.0.3626.109+Safari/537.36 https://localhost:44389/EmployeeTimes/Create 302 0 0 377
2019-02-26 18:20:26 ::1 GET /EmployeeTimes - 44389 - ::1 Mozilla/5.0+(Windows+NT+10.0;+Win64;+x64)+AppleWebKit/537.36+(KHTML,+like+Gecko)+Chrome/72.0.3626.109+Safari/537.36 https://localhost:44389/EmployeeTimes/Create 200 0 0 240
2019-02-26 18:20:30 ::1 GET /EmployeeTimes/Delete/40 - 44389 - ::1 Mozilla/5.0+(Windows+NT+10.0;+Win64;+x64)+AppleWebKit/537.36+(KHTML,+like+Gecko)+Chrome/72.0.3626.109+Safari/537.36 https://localhost:44389/EmployeeTimes 200 0 0 343
2019-02-26 18:20:32 ::1 POST /EmployeeTimes/Delete/40 - 44389 - ::1 Mozilla/5.0+(Windows+NT+10.0;+Win64;+x64)+AppleWebKit/537.36+(KHTML,+like+Gecko)+Chrome/72.0.3626.109+Safari/537.36 https://localhost:44389/EmployeeTimes/Delete/40 302 0 0 549
2019-02-26 18:20:32 ::1 GET /EmployeeTimes - 44389 - ::1 Mozilla/5.0+(Windows+NT+10.0;+Win64;+x64)+AppleWebKit/537.36+(KHTML,+like+Gecko)+Chrome/72.0.3626.109+Safari/537.36 https://localhost:44389/EmployeeTimes/Delete/40 200 0 0 260
2019-02-26 18:20:34 ::1 GET /EmployeeTimes/Delete/39 - 44389 - ::1 Mozilla/5.0+(Windows+NT+10.0;+Win64;+x64)+AppleWebKit/537.36+(KHTML,+like+Gecko)+Chrome/72.0.3626.109+Safari/537.36 https://localhost:44389/EmployeeTimes 200 0 0 319
2019-02-26 18:20:36 ::1 POST /EmployeeTimes/Delete/39 - 44389 - ::1 Mozilla/5.0+(Windows+NT+10.0;+Win64;+x64)+AppleWebKit/537.36+(KHTML,+like+Gecko)+Chrome/72.0.3626.109+Safari/537.36 https://localhost:44389/EmployeeTimes/Delete/39 302 0 0 484
2019-02-26 18:20:36 ::1 GET /EmployeeTimes - 44389 - ::1 Mozilla/5.0+(Windows+NT+10.0;+Win64;+x64)+AppleWebKit/537.36+(KHTML,+like+Gecko)+Chrome/72.0.3626.109+Safari/537.36 https://localhost:44389/EmployeeTimes/Delete/39 200 0 0 257
2019-02-26 18:20:39 ::1 GET /EmployeeTimes/Delete/38 - 44389 - ::1 Mozilla/5.0+(Windows+NT+10.0;+Win64;+x64)+AppleWebKit/537.36+(KHTML,+like+Gecko)+Chrome/72.0.3626.109+Safari/537.36 https://localhost:44389/EmployeeTimes 200 0 0 302
2019-02-26 18:20:40 ::1 POST /EmployeeTimes/Delete/38 - 44389 - ::1 Mozilla/5.0+(Windows+NT+10.0;+Win64;+x64)+AppleWebKit/537.36+(KHTML,+like+Gecko)+Chrome/72.0.3626.109+Safari/537.36 https://localhost:44389/EmployeeTimes/Delete/38 302 0 0 486
2019-02-26 18:20:40 ::1 GET /EmployeeTimes - 44389 - ::1 Mozilla/5.0+(Windows+NT+10.0;+Win64;+x64)+AppleWebKit/537.36+(KHTML,+like+Gecko)+Chrome/72.0.3626.109+Safari/537.36 https://localhost:44389/EmployeeTimes/Delete/38 200 0 0 331
#Software: Microsoft Internet Information Services 10.0
#Version: 1.0
#Date: 2019-02-26 18:22:00
#Fields: date time s-ip cs-method cs-uri-stem cs-uri-query s-port cs-username c-ip cs(User-Agent) cs(Referer) sc-status sc-substatus sc-win32-status time-taken
2019-02-26 18:22:00 ::1 DEBUG / - 50267 - ::1 - - 200 0 64 10322
2019-02-26 18:22:01 ::1 GET / - 44389 - ::1 Mozilla/5.0+(Windows+NT+10.0;+Win64;+x64)+AppleWebKit/537.36+(KHTML,+like+Gecko)+Chrome/72.0.3626.109+Safari/537.36 - 200 0 0 8404
2019-02-26 18:22:05 ::1 GET /EmployeeTimes - 44389 - ::1 Mozilla/5.0+(Windows+NT+10.0;+Win64;+x64)+AppleWebKit/537.36+(KHTML,+like+Gecko)+Chrome/72.0.3626.109+Safari/537.36 https://localhost:44389/ 200 0 0 2025
2019-02-26 18:24:39 ::1 GET /EmployeeTimes - 44389 - ::1 Mozilla/5.0+(Windows+NT+10.0;+Win64;+x64)+AppleWebKit/537.36+(KHTML,+like+Gecko)+Chrome/72.0.3626.109+Safari/537.36 https://localhost:44389/ 200 0 0 2950
2019-02-26 18:24:39 ::1 GET /favicon.ico - 44389 - ::1 Mozilla/5.0+(Windows+NT+10.0;+Win64;+x64)+AppleWebKit/537.36+(KHTML,+like+Gecko)+Chrome/72.0.3626.109+Safari/537.36 https://localhost:44389/EmployeeTimes 200 0 0 41
2019-02-26 18:24:42 ::1 GET /EmployeeTimes/Create - 44389 - ::1 Mozilla/5.0+(Windows+NT+10.0;+Win64;+x64)+AppleWebKit/537.36+(KHTML,+like+Gecko)+Chrome/72.0.3626.109+Safari/537.36 https://localhost:44389/EmployeeTimes 200 0 0 743
2019-02-26 18:24:44 ::1 POST /EmployeeTimes/Create - 44389 - ::1 Mozilla/5.0+(Windows+NT+10.0;+Win64;+x64)+AppleWebKit/537.36+(KHTML,+like+Gecko)+Chrome/72.0.3626.109+Safari/537.36 https://localhost:44389/EmployeeTimes/Create 302 0 0 570
2019-02-26 18:24:44 ::1 GET /EmployeeTimes - 44389 - ::1 Mozilla/5.0+(Windows+NT+10.0;+Win64;+x64)+AppleWebKit/537.36+(KHTML,+like+Gecko)+Chrome/72.0.3626.109+Safari/537.36 https://localhost:44389/EmployeeTimes/Create 200 0 0 257
2019-02-26 18:24:59 ::1 GET /EmployeeTimes/Edit/33 - 44389 - ::1 Mozilla/5.0+(Windows+NT+10.0;+Win64;+x64)+AppleWebKit/537.36+(KHTML,+like+Gecko)+Chrome/72.0.3626.109+Safari/537.36 https://localhost:44389/EmployeeTimes 200 0 0 927
2019-02-26 18:24:59 ::1 GET /Content/themes/base/jquery-ui.min.css - 44389 - ::1 Mozilla/5.0+(Windows+NT+10.0;+Win64;+x64)+AppleWebKit/537.36+(KHTML,+like+Gecko)+Chrome/72.0.3626.109+Safari/537.36 https://localhost:44389/EmployeeTimes/Edit/33 404 0 0 41
2019-02-26 18:24:59 ::1 GET /Scripts/jquery-3.1.1.min.js - 44389 - ::1 Mozilla/5.0+(Windows+NT+10.0;+Win64;+x64)+AppleWebKit/537.36+(KHTML,+like+Gecko)+Chrome/72.0.3626.109+Safari/537.36 https://localhost:44389/EmployeeTimes/Edit/33 404 0 0 61
2019-02-26 18:24:59 ::1 GET /Scripts/jquery-ui-1.12.1.min.js - 44389 - ::1 Mozilla/5.0+(Windows+NT+10.0;+Win64;+x64)+AppleWebKit/537.36+(KHTML,+like+Gecko)+Chrome/72.0.3626.109+Safari/537.36 https://localhost:44389/EmployeeTimes/Edit/33 404 0 0 87
2019-02-26 18:24:59 ::1 GET /Scripts/jquery-3.1.1.min.js - 44389 - ::1 Mozilla/5.0+(Windows+NT+10.0;+Win64;+x64)+AppleWebKit/537.36+(KHTML,+like+Gecko)+Chrome/72.0.3626.109+Safari/537.36 https://localhost:44389/EmployeeTimes/Edit/33 404 0 0 22
2019-02-26 18:24:59 ::1 GET /Scripts/jquery-ui-1.12.1.min.js - 44389 - ::1 Mozilla/5.0+(Windows+NT+10.0;+Win64;+x64)+AppleWebKit/537.36+(KHTML,+like+Gecko)+Chrome/72.0.3626.109+Safari/537.36 https://localhost:44389/EmployeeTimes/Edit/33 404 0 0 9
2019-02-26 18:25:02 ::1 POST /EmployeeTimes/Edit/33 - 44389 - ::1 Mozilla/5.0+(Windows+NT+10.0;+Win64;+x64)+AppleWebKit/537.36+(KHTML,+like+Gecko)+Chrome/72.0.3626.109+Safari/537.36 https://localhost:44389/EmployeeTimes/Edit/33 302 0 0 437
2019-02-26 18:25:02 ::1 GET /EmployeeTimes - 44389 - ::1 Mozilla/5.0+(Windows+NT+10.0;+Win64;+x64)+AppleWebKit/537.36+(KHTML,+like+Gecko)+Chrome/72.0.3626.109+Safari/537.36 https://localhost:44389/EmployeeTimes/Edit/33 200 0 0 321
2019-02-26 18:26:01 ::1 GET /EmployeeTimes/Create - 44389 - ::1 Mozilla/5.0+(Windows+NT+10.0;+Win64;+x64)+AppleWebKit/537.36+(KHTML,+like+Gecko)+Chrome/72.0.3626.109+Safari/537.36 https://localhost:44389/EmployeeTimes 200 0 0 1014
2019-02-26 18:26:46 ::1 GET /EmployeeTimes/Create - 44389 - ::1 Mozilla/5.0+(Windows+NT+10.0;+Win64;+x64)+AppleWebKit/537.36+(KHTML,+like+Gecko)+Chrome/72.0.3626.109+Safari/537.36 https://localhost:44389/EmployeeTimes 200 0 0 1158
2019-02-26 18:26:46 ::1 GET /favicon.ico - 44389 - ::1 Mozilla/5.0+(Windows+NT+10.0;+Win64;+x64)+AppleWebKit/537.36+(KHTML,+like+Gecko)+Chrome/72.0.3626.109+Safari/537.36 https://localhost:44389/EmployeeTimes/Create 200 0 0 20
2019-02-26 18:26:51 ::1 POST /EmployeeTimes/Create - 44389 - ::1 Mozilla/5.0+(Windows+NT+10.0;+Win64;+x64)+AppleWebKit/537.36+(KHTML,+like+Gecko)+Chrome/72.0.3626.109+Safari/537.36 https://localhost:44389/EmployeeTimes/Create 302 0 0 365
2019-02-26 18:26:51 ::1 GET /EmployeeTimes - 44389 - ::1 Mozilla/5.0+(Windows+NT+10.0;+Win64;+x64)+AppleWebKit/537.36+(KHTML,+like+Gecko)+Chrome/72.0.3626.109+Safari/537.36 https://localhost:44389/EmployeeTimes/Create 200 0 0 233
2019-02-26 18:27:01 ::1 GET /EmployeeTimes/Delete/41 - 44389 - ::1 Mozilla/5.0+(Windows+NT+10.0;+Win64;+x64)+AppleWebKit/537.36+(KHTML,+like+Gecko)+Chrome/72.0.3626.109+Safari/537.36 https://localhost:44389/EmployeeTimes 200 0 0 388
2019-02-26 18:27:03 ::1 POST /EmployeeTimes/Delete/41 - 44389 - ::1 Mozilla/5.0+(Windows+NT+10.0;+Win64;+x64)+AppleWebKit/537.36+(KHTML,+like+Gecko)+Chrome/72.0.3626.109+Safari/537.36 https://localhost:44389/EmployeeTimes/Delete/41 302 0 0 501
2019-02-26 18:27:03 ::1 GET /EmployeeTimes - 44389 - ::1 Mozilla/5.0+(Windows+NT+10.0;+Win64;+x64)+AppleWebKit/537.36+(KHTML,+like+Gecko)+Chrome/72.0.3626.109+Safari/537.36 https://localhost:44389/EmployeeTimes/Delete/41 200 0 0 283
2019-02-26 18:32:00 ::1 GET /EmployeeTimes/Create - 44389 - ::1 Mozilla/5.0+(Windows+NT+10.0;+Win64;+x64)+AppleWebKit/537.36+(KHTML,+like+Gecko)+Chrome/72.0.3626.109+Safari/537.36 https://localhost:44389/EmployeeTimes 200 0 0 1042
2019-02-26 18:32:07 ::1 GET /EmployeeTimes - 44389 - ::1 Mozilla/5.0+(Windows+NT+10.0;+Win64;+x64)+AppleWebKit/537.36+(KHTML,+like+Gecko)+Chrome/72.0.3626.109+Safari/537.36 https://localhost:44389/EmployeeTimes/Delete/41 200 0 0 290
2019-02-26 18:37:12 ::1 GET /EmployeeTimes/Edit/33 - 44389 - ::1 Mozilla/5.0+(Windows+NT+10.0;+Win64;+x64)+AppleWebKit/537.36+(KHTML,+like+Gecko)+Chrome/72.0.3626.109+Safari/537.36 https://localhost:44389/EmployeeTimes 200 0 0 1736
2019-02-26 18:37:12 ::1 GET /Scripts/jquery-ui-1.12.1.min.js - 44389 - ::1 Mozilla/5.0+(Windows+NT+10.0;+Win64;+x64)+AppleWebKit/537.36+(KHTML,+like+Gecko)+Chrome/72.0.3626.109+Safari/537.36 https://localhost:44389/EmployeeTimes/Edit/33 404 0 0 87
2019-02-26 18:37:12 ::1 GET /Scripts/jquery-3.1.1.min.js - 44389 - ::1 Mozilla/5.0+(Windows+NT+10.0;+Win64;+x64)+AppleWebKit/537.36+(KHTML,+like+Gecko)+Chrome/72.0.3626.109+Safari/537.36 https://localhost:44389/EmployeeTimes/Edit/33 404 0 0 87
2019-02-26 18:37:12 ::1 GET /Content/themes/base/jquery-ui.min.css - 44389 - ::1 Mozilla/5.0+(Windows+NT+10.0;+Win64;+x64)+AppleWebKit/537.36+(KHTML,+like+Gecko)+Chrome/72.0.3626.109+Safari/537.36 https://localhost:44389/EmployeeTimes/Edit/33 404 0 0 95
2019-02-26 18:37:12 ::1 GET /Scripts/jquery-3.1.1.min.js - 44389 - ::1 Mozilla/5.0+(Windows+NT+10.0;+Win64;+x64)+AppleWebKit/537.36+(KHTML,+like+Gecko)+Chrome/72.0.3626.109+Safari/537.36 https://localhost:44389/EmployeeTimes/Edit/33 404 0 0 41
2019-02-26 18:37:12 ::1 GET /Scripts/jquery-ui-1.12.1.min.js - 44389 - ::1 Mozilla/5.0+(Windows+NT+10.0;+Win64;+x64)+AppleWebKit/537.36+(KHTML,+like+Gecko)+Chrome/72.0.3626.109+Safari/537.36 https://localhost:44389/EmployeeTimes/Edit/33 404 0 0 40
2019-02-26 18:37:12 ::1 GET /Scripts/jquery-3.1.1.min.js - 44389 - ::1 Mozilla/5.0+(Windows+NT+10.0;+Win64;+x64)+AppleWebKit/537.36+(KHTML,+like+Gecko)+Chrome/72.0.3626.109+Safari/537.36 https://localhost:44389/EmployeeTimes/Edit/33 404 0 0 13
2019-02-26 18:37:12 ::1 GET /Scripts/jquery-ui-1.12.1.min.js - 44389 - ::1 Mozilla/5.0+(Windows+NT+10.0;+Win64;+x64)+AppleWebKit/537.36+(KHTML,+like+Gecko)+Chrome/72.0.3626.109+Safari/537.36 https://localhost:44389/EmployeeTimes/Edit/33 404 0 0 7
2019-02-26 18:37:14 ::1 POST /EmployeeTimes/Edit/33 - 44389 - ::1 Mozilla/5.0+(Windows+NT+10.0;+Win64;+x64)+AppleWebKit/537.36+(KHTML,+like+Gecko)+Chrome/72.0.3626.109+Safari/537.36 https://localhost:44389/EmployeeTimes/Edit/33 302 0 0 345
2019-02-26 18:37:14 ::1 GET /EmployeeTimes - 44389 - ::1 Mozilla/5.0+(Windows+NT+10.0;+Win64;+x64)+AppleWebKit/537.36+(KHTML,+like+Gecko)+Chrome/72.0.3626.109+Safari/537.36 https://localhost:44389/EmployeeTimes/Edit/33 200 0 0 262
2019-02-26 18:37:42 ::1 GET /EmployeeTimes/Edit/33 - 44389 - ::1 Mozilla/5.0+(Windows+NT+10.0;+Win64;+x64)+AppleWebKit/537.36+(KHTML,+like+Gecko)+Chrome/72.0.3626.109+Safari/537.36 https://localhost:44389/EmployeeTimes 200 0 0 1834
2019-02-26 18:37:42 ::1 GET /Content/themes/base/jquery-ui.min.css - 44389 - ::1 Mozilla/5.0+(Windows+NT+10.0;+Win64;+x64)+AppleWebKit/537.36+(KHTML,+like+Gecko)+Chrome/72.0.3626.109+Safari/537.36 https://localhost:44389/EmployeeTimes/Edit/33 404 0 0 37
2019-02-26 18:37:42 ::1 GET /Scripts/jquery-3.1.1.min.js - 44389 - ::1 Mozilla/5.0+(Windows+NT+10.0;+Win64;+x64)+AppleWebKit/537.36+(KHTML,+like+Gecko)+Chrome/72.0.3626.109+Safari/537.36 https://localhost:44389/EmployeeTimes/Edit/33 404 0 0 59
2019-02-26 18:37:42 ::1 GET /Scripts/jquery-ui-1.12.1.min.js - 44389 - ::1 Mozilla/5.0+(Windows+NT+10.0;+Win64;+x64)+AppleWebKit/537.36+(KHTML,+like+Gecko)+Chrome/72.0.3626.109+Safari/537.36 https://localhost:44389/EmployeeTimes/Edit/33 404 0 0 66
2019-02-26 18:37:42 ::1 GET /Scripts/jquery-3.1.1.min.js - 44389 - ::1 Mozilla/5.0+(Windows+NT+10.0;+Win64;+x64)+AppleWebKit/537.36+(KHTML,+like+Gecko)+Chrome/72.0.3626.109+Safari/537.36 https://localhost:44389/EmployeeTimes/Edit/33 404 0 0 27
2019-02-26 18:37:42 ::1 GET /Scripts/jquery-ui-1.12.1.min.js - 44389 - ::1 Mozilla/5.0+(Windows+NT+10.0;+Win64;+x64)+AppleWebKit/537.36+(KHTML,+like+Gecko)+Chrome/72.0.3626.109+Safari/537.36 https://localhost:44389/EmployeeTimes/Edit/33 404 0 0 16
2019-02-26 18:37:45 ::1 POST /EmployeeTimes/Edit/33 - 44389 - ::1 Mozilla/5.0+(Windows+NT+10.0;+Win64;+x64)+AppleWebKit/537.36+(KHTML,+like+Gecko)+Chrome/72.0.3626.109+Safari/537.36 https://localhost:44389/EmployeeTimes/Edit/33 302 0 0 329
2019-02-26 18:37:45 ::1 GET /EmployeeTimes - 44389 - ::1 Mozilla/5.0+(Windows+NT+10.0;+Win64;+x64)+AppleWebKit/537.36+(KHTML,+like+Gecko)+Chrome/72.0.3626.109+Safari/537.36 https://localhost:44389/EmployeeTimes/Edit/33 200 0 0 254
2019-02-26 18:37:48 ::1 GET /EmployeeTimes/Edit/34 - 44389 - ::1 Mozilla/5.0+(Windows+NT+10.0;+Win64;+x64)+AppleWebKit/537.36+(KHTML,+like+Gecko)+Chrome/72.0.3626.109+Safari/537.36 https://localhost:44389/EmployeeTimes 200 0 0 982
2019-02-26 18:37:48 ::1 GET /Content/themes/base/jquery-ui.min.css - 44389 - ::1 Mozilla/5.0+(Windows+NT+10.0;+Win64;+x64)+AppleWebKit/537.36+(KHTML,+like+Gecko)+Chrome/72.0.3626.109+Safari/537.36 https://localhost:44389/EmployeeTimes/Edit/34 404 0 0 114
2019-02-26 18:37:48 ::1 GET /Scripts/jquery-ui-1.12.1.min.js - 44389 - ::1 Mozilla/5.0+(Windows+NT+10.0;+Win64;+x64)+AppleWebKit/537.36+(KHTML,+like+Gecko)+Chrome/72.0.3626.109+Safari/537.36 https://localhost:44389/EmployeeTimes/Edit/34 404 0 0 114
2019-02-26 18:37:48 ::1 GET /Scripts/jquery-3.1.1.min.js - 44389 - ::1 Mozilla/5.0+(Windows+NT+10.0;+Win64;+x64)+AppleWebKit/537.36+(KHTML,+like+Gecko)+Chrome/72.0.3626.109+Safari/537.36 https://localhost:44389/EmployeeTimes/Edit/34 404 0 0 114
2019-02-26 18:37:48 ::1 GET /Scripts/jquery-ui-1.12.1.min.js - 44389 - ::1 Mozilla/5.0+(Windows+NT+10.0;+Win64;+x64)+AppleWebKit/537.36+(KHTML,+like+Gecko)+Chrome/72.0.3626.109+Safari/537.36 https://localhost:44389/EmployeeTimes/Edit/34 404 0 0 33
2019-02-26 18:37:48 ::1 GET /Scripts/jquery-3.1.1.min.js - 44389 - ::1 Mozilla/5.0+(Windows+NT+10.0;+Win64;+x64)+AppleWebKit/537.36+(KHTML,+like+Gecko)+Chrome/72.0.3626.109+Safari/537.36 https://localhost:44389/EmployeeTimes/Edit/34 404 0 0 35
2019-02-26 18:37:48 ::1 GET /Scripts/jquery-ui-1.12.1.min.js - 44389 - ::1 Mozilla/5.0+(Windows+NT+10.0;+Win64;+x64)+AppleWebKit/537.36+(KHTML,+like+Gecko)+Chrome/72.0.3626.109+Safari/537.36 https://localhost:44389/EmployeeTimes/Edit/34 404 0 0 14
2019-02-26 18:37:50 ::1 POST /EmployeeTimes/Edit/34 - 44389 - ::1 Mozilla/5.0+(Windows+NT+10.0;+Win64;+x64)+AppleWebKit/537.36+(KHTML,+like+Gecko)+Chrome/72.0.3626.109+Safari/537.36 https://localhost:44389/EmployeeTimes/Edit/34 302 0 0 345
2019-02-26 18:37:50 ::1 GET /EmployeeTimes - 44389 - ::1 Mozilla/5.0+(Windows+NT+10.0;+Win64;+x64)+AppleWebKit/537.36+(KHTML,+like+Gecko)+Chrome/72.0.3626.109+Safari/537.36 https://localhost:44389/EmployeeTimes/Edit/34 200 0 0 271
2019-02-26 18:37:53 ::1 GET /EmployeeTimes/Edit/35 - 44389 - ::1 Mozilla/5.0+(Windows+NT+10.0;+Win64;+x64)+AppleWebKit/537.36+(KHTML,+like+Gecko)+Chrome/72.0.3626.109+Safari/537.36 https://localhost:44389/EmployeeTimes 200 0 0 756
2019-02-26 18:37:53 ::1 GET /Content/themes/base/jquery-ui.min.css - 44389 - ::1 Mozilla/5.0+(Windows+NT+10.0;+Win64;+x64)+AppleWebKit/537.36+(KHTML,+like+Gecko)+Chrome/72.0.3626.109+Safari/537.36 https://localhost:44389/EmployeeTimes/Edit/35 404 0 0 44
2019-02-26 18:37:53 ::1 GET /Scripts/jquery-3.1.1.min.js - 44389 - ::1 Mozilla/5.0+(Windows+NT+10.0;+Win64;+x64)+AppleWebKit/537.36+(KHTML,+like+Gecko)+Chrome/72.0.3626.109+Safari/537.36 https://localhost:44389/EmployeeTimes/Edit/35 404 0 0 44
2019-02-26 18:37:53 ::1 GET /Scripts/jquery-ui-1.12.1.min.js - 44389 - ::1 Mozilla/5.0+(Windows+NT+10.0;+Win64;+x64)+AppleWebKit/537.36+(KHTML,+like+Gecko)+Chrome/72.0.3626.109+Safari/537.36 https://localhost:44389/EmployeeTimes/Edit/35 404 0 0 56
2019-02-26 18:37:53 ::1 GET /Scripts/jquery-3.1.1.min.js - 44389 - ::1 Mozilla/5.0+(Windows+NT+10.0;+Win64;+x64)+AppleWebKit/537.36+(KHTML,+like+Gecko)+Chrome/72.0.3626.109+Safari/537.36 https://localhost:44389/EmployeeTimes/Edit/35 404 0 0 36
2019-02-26 18:37:53 ::1 GET /Scripts/jquery-ui-1.12.1.min.js - 44389 - ::1 Mozilla/5.0+(Windows+NT+10.0;+Win64;+x64)+AppleWebKit/537.36+(KHTML,+like+Gecko)+Chrome/72.0.3626.109+Safari/537.36 https://localhost:44389/EmployeeTimes/Edit/35 404 0 0 12
2019-02-26 18:37:56 ::1 POST /EmployeeTimes/Edit/35 - 44389 - ::1 Mozilla/5.0+(Windows+NT+10.0;+Win64;+x64)+AppleWebKit/537.36+(KHTML,+like+Gecko)+Chrome/72.0.3626.109+Safari/537.36 https://localhost:44389/EmployeeTimes/Edit/35 302 0 0 325
2019-02-26 18:37:56 ::1 GET /EmployeeTimes - 44389 - ::1 Mozilla/5.0+(Windows+NT+10.0;+Win64;+x64)+AppleWebKit/537.36+(KHTML,+like+Gecko)+Chrome/72.0.3626.109+Safari/537.36 https://localhost:44389/EmployeeTimes/Edit/35 200 0 0 252
2019-02-26 18:39:40 ::1 GET /EmployeeTimes/Edit/34 - 44389 - ::1 Mozilla/5.0+(Windows+NT+10.0;+Win64;+x64)+AppleWebKit/537.36+(KHTML,+like+Gecko)+Chrome/72.0.3626.109+Safari/537.36 https://localhost:44389/EmployeeTimes 200 0 0 1079
2019-02-26 18:39:40 ::1 GET /Scripts/jquery-3.1.1.min.js - 44389 - ::1 Mozilla/5.0+(Windows+NT+10.0;+Win64;+x64)+AppleWebKit/537.36+(KHTML,+like+Gecko)+Chrome/72.0.3626.109+Safari/537.36 https://localhost:44389/EmployeeTimes/Edit/34 404 0 0 75
2019-02-26 18:39:40 ::1 GET /Scripts/jquery-ui-1.12.1.min.js - 44389 - ::1 Mozilla/5.0+(Windows+NT+10.0;+Win64;+x64)+AppleWebKit/537.36+(KHTML,+like+Gecko)+Chrome/72.0.3626.109+Safari/537.36 https://localhost:44389/EmployeeTimes/Edit/34 404 0 0 75
2019-02-26 18:39:40 ::1 GET /Content/themes/base/jquery-ui.min.css - 44389 - ::1 Mozilla/5.0+(Windows+NT+10.0;+Win64;+x64)+AppleWebKit/537.36+(KHTML,+like+Gecko)+Chrome/72.0.3626.109+Safari/537.36 https://localhost:44389/EmployeeTimes/Edit/34 404 0 0 79
2019-02-26 18:39:40 ::1 GET /Scripts/jquery-3.1.1.min.js - 44389 - ::1 Mozilla/5.0+(Windows+NT+10.0;+Win64;+x64)+AppleWebKit/537.36+(KHTML,+like+Gecko)+Chrome/72.0.3626.109+Safari/537.36 https://localhost:44389/EmployeeTimes/Edit/34 404 0 0 32
2019-02-26 18:39:40 ::1 GET /Scripts/jquery-ui-1.12.1.min.js - 44389 - ::1 Mozilla/5.0+(Windows+NT+10.0;+Win64;+x64)+AppleWebKit/537.36+(KHTML,+like+Gecko)+Chrome/72.0.3626.109+Safari/537.36 https://localhost:44389/EmployeeTimes/Edit/34 404 0 0 12
2019-02-26 18:39:40 ::1 GET /Scripts/jquery-3.1.1.min.js - 44389 - ::1 Mozilla/5.0+(Windows+NT+10.0;+Win64;+x64)+AppleWebKit/537.36+(KHTML,+like+Gecko)+Chrome/72.0.3626.109+Safari/537.36 https://localhost:44389/EmployeeTimes/Edit/34 404 0 0 12
2019-02-26 18:39:40 ::1 GET /Scripts/jquery-ui-1.12.1.min.js - 44389 - ::1 Mozilla/5.0+(Windows+NT+10.0;+Win64;+x64)+AppleWebKit/537.36+(KHTML,+like+Gecko)+Chrome/72.0.3626.109+Safari/537.36 https://localhost:44389/EmployeeTimes/Edit/34 404 0 0 17
2019-02-26 18:39:44 ::1 POST /EmployeeTimes/Edit/34 - 44389 - ::1 Mozilla/5.0+(Windows+NT+10.0;+Win64;+x64)+AppleWebKit/537.36+(KHTML,+like+Gecko)+Chrome/72.0.3626.109+Safari/537.36 https://localhost:44389/EmployeeTimes/Edit/34 302 0 0 353
2019-02-26 18:39:44 ::1 GET /EmployeeTimes - 44389 - ::1 Mozilla/5.0+(Windows+NT+10.0;+Win64;+x64)+AppleWebKit/537.36+(KHTML,+like+Gecko)+Chrome/72.0.3626.109+Safari/537.36 https://localhost:44389/EmployeeTimes/Edit/34 200 0 0 293
2019-02-26 18:40:29 ::1 GET /EmployeeTimes/Delete/42 - 44389 - ::1 Mozilla/5.0+(Windows+NT+10.0;+Win64;+x64)+AppleWebKit/537.36+(KHTML,+like+Gecko)+Chrome/72.0.3626.109+Safari/537.36 https://localhost:44389/EmployeeTimes 200 0 0 350
2019-02-26 18:40:31 ::1 POST /EmployeeTimes/Delete/42 - 44389 - ::1 Mozilla/5.0+(Windows+NT+10.0;+Win64;+x64)+AppleWebKit/537.36+(KHTML,+like+Gecko)+Chrome/72.0.3626.109+Safari/537.36 https://localhost:44389/EmployeeTimes/Delete/42 302 0 0 652
2019-02-26 18:40:31 ::1 GET /EmployeeTimes - 44389 - ::1 Mozilla/5.0+(Windows+NT+10.0;+Win64;+x64)+AppleWebKit/537.36+(KHTML,+like+Gecko)+Chrome/72.0.3626.109+Safari/537.36 https://localhost:44389/EmployeeTimes/Delete/42 200 0 0 246
2019-02-26 18:40:36 ::1 GET /EmployeeTimes/Edit/33 - 44389 - ::1 Mozilla/5.0+(Windows+NT+10.0;+Win64;+x64)+AppleWebKit/537.36+(KHTML,+like+Gecko)+Chrome/72.0.3626.109+Safari/537.36 https://localhost:44389/EmployeeTimes 200 0 0 855
2019-02-26 18:40:36 ::1 GET /Content/themes/base/jquery-ui.min.css - 44389 - ::1 Mozilla/5.0+(Windows+NT+10.0;+Win64;+x64)+AppleWebKit/537.36+(KHTML,+like+Gecko)+Chrome/72.0.3626.109+Safari/537.36 https://localhost:44389/EmployeeTimes/Edit/33 404 0 0 71
2019-02-26 18:40:36 ::1 GET /Scripts/jquery-3.1.1.min.js - 44389 - ::1 Mozilla/5.0+(Windows+NT+10.0;+Win64;+x64)+AppleWebKit/537.36+(KHTML,+like+Gecko)+Chrome/72.0.3626.109+Safari/537.36 https://localhost:44389/EmployeeTimes/Edit/33 404 0 0 70
2019-02-26 18:40:36 ::1 GET /Scripts/jquery-ui-1.12.1.min.js - 44389 - ::1 Mozilla/5.0+(Windows+NT+10.0;+Win64;+x64)+AppleWebKit/537.36+(KHTML,+like+Gecko)+Chrome/72.0.3626.109+Safari/537.36 https://localhost:44389/EmployeeTimes/Edit/33 404 0 0 100
2019-02-26 18:40:36 ::1 GET /Scripts/jquery-3.1.1.min.js - 44389 - ::1 Mozilla/5.0+(Windows+NT+10.0;+Win64;+x64)+AppleWebKit/537.36+(KHTML,+like+Gecko)+Chrome/72.0.3626.109+Safari/537.36 https://localhost:44389/EmployeeTimes/Edit/33 404 0 0 38
2019-02-26 18:40:36 ::1 GET /Scripts/jquery-ui-1.12.1.min.js - 44389 - ::1 Mozilla/5.0+(Windows+NT+10.0;+Win64;+x64)+AppleWebKit/537.36+(KHTML,+like+Gecko)+Chrome/72.0.3626.109+Safari/537.36 https://localhost:44389/EmployeeTimes/Edit/33 404 0 0 18
2019-02-26 18:40:41 ::1 POST /EmployeeTimes/Edit/33 - 44389 - ::1 Mozilla/5.0+(Windows+NT+10.0;+Win64;+x64)+AppleWebKit/537.36+(KHTML,+like+Gecko)+Chrome/72.0.3626.109+Safari/537.36 https://localhost:44389/EmployeeTimes/Edit/33 302 0 0 379
2019-02-26 18:40:41 ::1 GET /EmployeeTimes - 44389 - ::1 Mozilla/5.0+(Windows+NT+10.0;+Win64;+x64)+AppleWebKit/537.36+(KHTML,+like+Gecko)+Chrome/72.0.3626.109+Safari/537.36 https://localhost:44389/EmployeeTimes/Edit/33 200 0 0 250
2019-02-26 18:40:52 ::1 GET /EmployeeTimes/ExportExcel - 44389 - ::1 Mozilla/5.0+(Windows+NT+10.0;+Win64;+x64)+AppleWebKit/537.36+(KHTML,+like+Gecko)+Chrome/72.0.3626.109+Safari/537.36 https://localhost:44389/EmployeeTimes 200 0 0 942
#Software: Microsoft Internet Information Services 10.0
#Version: 1.0
#Date: 2019-02-26 18:45:08
#Fields: date time s-ip cs-method cs-uri-stem cs-uri-query s-port cs-username c-ip cs(User-Agent) cs(Referer) sc-status sc-substatus sc-win32-status time-taken
2019-02-26 18:45:08 ::1 DEBUG / - 50267 - ::1 - - 200 0 64 10512
2019-02-26 18:45:09 ::1 GET / - 44389 - ::1 Mozilla/5.0+(Windows+NT+10.0;+Win64;+x64)+AppleWebKit/537.36+(KHTML,+like+Gecko)+Chrome/72.0.3626.109+Safari/537.36 - 200 0 0 7096
2019-02-26 18:45:18 ::1 GET /EmployeeTimes - 44389 - ::1 Mozilla/5.0+(Windows+NT+10.0;+Win64;+x64)+AppleWebKit/537.36+(KHTML,+like+Gecko)+Chrome/72.0.3626.109+Safari/537.36 https://localhost:44389/ 200 0 0 2022
2019-02-26 18:45:21 ::1 GET /EmployeeTimes SortOrder=UserName 44389 - ::1 Mozilla/5.0+(Windows+NT+10.0;+Win64;+x64)+AppleWebKit/537.36+(KHTML,+like+Gecko)+Chrome/72.0.3626.109+Safari/537.36 https://localhost:44389/EmployeeTimes 200 0 0 483
2019-02-26 18:45:23 ::1 GET /EmployeeTimes SortOrder=UserName_desc 44389 - ::1 Mozilla/5.0+(Windows+NT+10.0;+Win64;+x64)+AppleWebKit/537.36+(KHTML,+like+Gecko)+Chrome/72.0.3626.109+Safari/537.36 https://localhost:44389/EmployeeTimes?SortOrder=UserName 200 0 0 257
2019-02-26 18:45:24 ::1 GET /EmployeeTimes SortOrder=UserName 44389 - ::1 Mozilla/5.0+(Windows+NT+10.0;+Win64;+x64)+AppleWebKit/537.36+(KHTML,+like+Gecko)+Chrome/72.0.3626.109+Safari/537.36 https://localhost:44389/EmployeeTimes?SortOrder=UserName_desc 200 0 0 292
2019-02-26 18:45:28 ::1 GET /EmployeeTimes/Create - 44389 - ::1 Mozilla/5.0+(Windows+NT+10.0;+Win64;+x64)+AppleWebKit/537.36+(KHTML,+like+Gecko)+Chrome/72.0.3626.109+Safari/537.36 https://localhost:44389/EmployeeTimes?SortOrder=UserName 200 0 0 831
2019-02-26 18:45:32 ::1 POST /EmployeeTimes/Create - 44389 - ::1 Mozilla/5.0+(Windows+NT+10.0;+Win64;+x64)+AppleWebKit/537.36+(KHTML,+like+Gecko)+Chrome/72.0.3626.109+Safari/537.36 https://localhost:44389/EmployeeTimes/Create 302 0 0 659
2019-02-26 18:45:32 ::1 GET /EmployeeTimes - 44389 - ::1 Mozilla/5.0+(Windows+NT+10.0;+Win64;+x64)+AppleWebKit/537.36+(KHTML,+like+Gecko)+Chrome/72.0.3626.109+Safari/537.36 https://localhost:44389/EmployeeTimes/Create 200 0 0 278
2019-02-26 18:47:10 ::1 GET /EmployeeTimes SortOrder=UserName 44389 - ::1 Mozilla/5.0+(Windows+NT+10.0;+Win64;+x64)+AppleWebKit/537.36+(KHTML,+like+Gecko)+Chrome/72.0.3626.109+Safari/537.36 https://localhost:44389/EmployeeTimes 400 0 64 55921
2019-02-26 18:47:10 ::1 GET /EmployeeTimes/Create - 44389 - ::1 Mozilla/5.0+(Windows+NT+10.0;+Win64;+x64)+AppleWebKit/537.36+(KHTML,+like+Gecko)+Chrome/72.0.3626.109+Safari/537.36 https://localhost:44389/EmployeeTimes 200 0 0 5711
2019-02-26 18:47:23 ::1 POST /EmployeeTimes/Create - 44389 - ::1 Mozilla/5.0+(Windows+NT+10.0;+Win64;+x64)+AppleWebKit/537.36+(KHTML,+like+Gecko)+Chrome/72.0.3626.109+Safari/537.36 https://localhost:44389/EmployeeTimes/Create 302 0 0 332
2019-02-26 18:47:23 ::1 GET /EmployeeTimes - 44389 - ::1 Mozilla/5.0+(Windows+NT+10.0;+Win64;+x64)+AppleWebKit/537.36+(KHTML,+like+Gecko)+Chrome/72.0.3626.109+Safari/537.36 https://localhost:44389/EmployeeTimes/Create 200 0 0 224
2019-02-26 18:49:47 ::1 GET /EmployeeTimes SortOrder=UserName 44389 - ::1 Mozilla/5.0+(Windows+NT+10.0;+Win64;+x64)+AppleWebKit/537.36+(KHTML,+like+Gecko)+Chrome/72.0.3626.109+Safari/537.36 https://localhost:44389/EmployeeTimes 502 3 12030 118743
#Software: Microsoft Internet Information Services 10.0
#Version: 1.0
#Date: 2019-02-26 18:50:08
#Fields: date time s-ip cs-method cs-uri-stem cs-uri-query s-port cs-username c-ip cs(User-Agent) cs(Referer) sc-status sc-substatus sc-win32-status time-taken
2019-02-26 18:50:08 ::1 DEBUG / - 50267 - ::1 - - 200 0 64 11463
2019-02-26 18:50:12 ::1 GET / - 44389 - ::1 Mozilla/5.0+(Windows+NT+10.0;+Win64;+x64)+AppleWebKit/537.36+(KHTML,+like+Gecko)+Chrome/72.0.3626.109+Safari/537.36 - 200 0 0 11099
2019-02-26 18:50:14 ::1 GET /EmployeeTimes - 44389 - ::1 Mozilla/5.0+(Windows+NT+10.0;+Win64;+x64)+AppleWebKit/537.36+(KHTML,+like+Gecko)+Chrome/72.0.3626.109+Safari/537.36 https://localhost:44389/ 200 0 0 807
2019-02-26 18:50:19 ::1 GET /EmployeeTimes/Create - 44389 - ::1 Mozilla/5.0+(Windows+NT+10.0;+Win64;+x64)+AppleWebKit/537.36+(KHTML,+like+Gecko)+Chrome/72.0.3626.109+Safari/537.36 https://localhost:44389/EmployeeTimes 200 0 0 758
2019-02-26 18:50:30 ::1 POST /EmployeeTimes/Create - 44389 - ::1 Mozilla/5.0+(Windows+NT+10.0;+Win64;+x64)+AppleWebKit/537.36+(KHTML,+like+Gecko)+Chrome/72.0.3626.109+Safari/537.36 https://localhost:44389/EmployeeTimes/Create 302 0 0 598
2019-02-26 18:50:30 ::1 GET /EmployeeTimes - 44389 - ::1 Mozilla/5.0+(Windows+NT+10.0;+Win64;+x64)+AppleWebKit/537.36+(KHTML,+like+Gecko)+Chrome/72.0.3626.109+Safari/537.36 https://localhost:44389/EmployeeTimes/Create 200 0 0 274
2019-02-26 18:50:53 ::1 GET /EmployeeTimes/ExportExcel - 44389 - ::1 Mozilla/5.0+(Windows+NT+10.0;+Win64;+x64)+AppleWebKit/537.36+(KHTML,+like+Gecko)+Chrome/72.0.3626.109+Safari/537.36 https://localhost:44389/EmployeeTimes 500 0 0 832
2019-02-26 18:51:00 ::1 GET /EmployeeTimes - 44389 - ::1 Mozilla/5.0+(Windows+NT+10.0;+Win64;+x64)+AppleWebKit/537.36+(KHTML,+like+Gecko)+Chrome/72.0.3626.109+Safari/537.36 https://localhost:44389/EmployeeTimes/Create 200 0 0 309
2019-02-26 18:51:05 ::1 GET /EmployeeTimes/ExportExcel - 44389 - ::1 Mozilla/5.0+(Windows+NT+10.0;+Win64;+x64)+AppleWebKit/537.36+(KHTML,+like+Gecko)+Chrome/72.0.3626.109+Safari/537.36 https://localhost:44389/EmployeeTimes 500 0 0 359
2019-02-26 18:51:19 ::1 GET /EmployeeTimes - 44389 - ::1 Mozilla/5.0+(Windows+NT+10.0;+Win64;+x64)+AppleWebKit/537.36+(KHTML,+like+Gecko)+Chrome/72.0.3626.109+Safari/537.36 https://localhost:44389/EmployeeTimes/Create 200 0 0 363
2019-02-26 18:51:58 ::1 GET /EmployeeTimes/ExportExcel - 44389 - ::1 Mozilla/5.0+(Windows+NT+10.0;+Win64;+x64)+AppleWebKit/537.36+(KHTML,+like+Gecko)+Chrome/72.0.3626.109+Safari/537.36 https://localhost:44389/EmployeeTimes 500 0 0 377
2019-02-26 18:53:36 ::1 DEBUG / - 50267 - ::1 - - 200 0 64 11053
2019-02-26 18:53:37 ::1 GET / - 44389 - ::1 Mozilla/5.0+(Windows+NT+10.0;+Win64;+x64)+AppleWebKit/537.36+(KHTML,+like+Gecko)+Chrome/72.0.3626.109+Safari/537.36 - 200 0 0 8255
2019-02-26 18:53:48 ::1 GET /Admin - 44389 - ::1 Mozilla/5.0+(Windows+NT+10.0;+Win64;+x64)+AppleWebKit/537.36+(KHTML,+like+Gecko)+Chrome/72.0.3626.109+Safari/537.36 https://localhost:44389/ 200 0 0 1564
2019-02-26 18:53:50 ::1 GET /Roles - 44389 - ::1 Mozilla/5.0+(Windows+NT+10.0;+Win64;+x64)+AppleWebKit/537.36+(KHTML,+like+Gecko)+Chrome/72.0.3626.109+Safari/537.36 https://localhost:44389/Admin 200 0 0 1019
2019-02-26 18:53:54 ::1 GET /EmployeeTimes - 44389 - ::1 Mozilla/5.0+(Windows+NT+10.0;+Win64;+x64)+AppleWebKit/537.36+(KHTML,+like+Gecko)+Chrome/72.0.3626.109+Safari/537.36 https://localhost:44389/Roles 200 0 0 749
2019-02-26 18:53:56 ::1 GET /EmployeeTimes/Delete/43 - 44389 - ::1 Mozilla/5.0+(Windows+NT+10.0;+Win64;+x64)+AppleWebKit/537.36+(KHTML,+like+Gecko)+Chrome/72.0.3626.109+Safari/537.36 https://localhost:44389/EmployeeTimes 200 0 0 374
2019-02-26 18:53:58 ::1 POST /EmployeeTimes/Delete/43 - 44389 - ::1 Mozilla/5.0+(Windows+NT+10.0;+Win64;+x64)+AppleWebKit/537.36+(KHTML,+like+Gecko)+Chrome/72.0.3626.109+Safari/537.36 https://localhost:44389/EmployeeTimes/Delete/43 302 0 0 730
2019-02-26 18:53:58 ::1 GET /EmployeeTimes - 44389 - ::1 Mozilla/5.0+(Windows+NT+10.0;+Win64;+x64)+AppleWebKit/537.36+(KHTML,+like+Gecko)+Chrome/72.0.3626.109+Safari/537.36 https://localhost:44389/EmployeeTimes/Delete/43 200 0 0 232
2019-02-26 18:54:02 ::1 GET /EmployeeTimes/Delete/44 - 44389 - ::1 Mozilla/5.0+(Windows+NT+10.0;+Win64;+x64)+AppleWebKit/537.36+(KHTML,+like+Gecko)+Chrome/72.0.3626.109+Safari/537.36 https://localhost:44389/EmployeeTimes 200 0 0 263
2019-02-26 18:54:04 ::1 POST /EmployeeTimes/Delete/44 - 44389 - ::1 Mozilla/5.0+(Windows+NT+10.0;+Win64;+x64)+AppleWebKit/537.36+(KHTML,+like+Gecko)+Chrome/72.0.3626.109+Safari/537.36 https://localhost:44389/EmployeeTimes/Delete/44 302 0 0 491
2019-02-26 18:54:04 ::1 GET /EmployeeTimes - 44389 - ::1 Mozilla/5.0+(Windows+NT+10.0;+Win64;+x64)+AppleWebKit/537.36+(KHTML,+like+Gecko)+Chrome/72.0.3626.109+Safari/537.36 https://localhost:44389/EmployeeTimes/Delete/44 200 0 0 257
2019-02-26 18:54:05 ::1 GET /EmployeeTimes/Delete/45 - 44389 - ::1 Mozilla/5.0+(Windows+NT+10.0;+Win64;+x64)+AppleWebKit/537.36+(KHTML,+like+Gecko)+Chrome/72.0.3626.109+Safari/537.36 https://localhost:44389/EmployeeTimes 200 0 0 282
2019-02-26 18:54:07 ::1 POST /EmployeeTimes/Delete/45 - 44389 - ::1 Mozilla/5.0+(Windows+NT+10.0;+Win64;+x64)+AppleWebKit/537.36+(KHTML,+like+Gecko)+Chrome/72.0.3626.109+Safari/537.36 https://localhost:44389/EmployeeTimes/Delete/45 302 0 0 617
2019-02-26 18:54:07 ::1 GET /EmployeeTimes - 44389 - ::1 Mozilla/5.0+(Windows+NT+10.0;+Win64;+x64)+AppleWebKit/537.36+(KHTML,+like+Gecko)+Chrome/72.0.3626.109+Safari/537.36 https://localhost:44389/EmployeeTimes/Delete/45 200 0 0 360
#Software: Microsoft Internet Information Services 10.0
#Version: 1.0
#Date: 2019-02-26 19:18:44
#Fields: date time s-ip cs-method cs-uri-stem cs-uri-query s-port cs-username c-ip cs(User-Agent) cs(Referer) sc-status sc-substatus sc-win32-status time-taken
2019-02-26 19:18:44 ::1 GET / - 44389 - ::1 Mozilla/5.0+(Windows+NT+10.0;+Win64;+x64)+AppleWebKit/537.36+(KHTML,+like+Gecko)+Chrome/72.0.3626.109+Safari/537.36 https://localhost:44389/EmployeeTimes 200 0 0 93
2019-02-26 19:18:45 ::1 GET /Customers - 44389 - ::1 Mozilla/5.0+(Windows+NT+10.0;+Win64;+x64)+AppleWebKit/537.36+(KHTML,+like+Gecko)+Chrome/72.0.3626.109+Safari/537.36 https://localhost:44389/ 200 0 0 647
2019-02-26 19:18:48 ::1 GET /Customers/Edit/5 - 44389 - ::1 Mozilla/5.0+(Windows+NT+10.0;+Win64;+x64)+AppleWebKit/537.36+(KHTML,+like+Gecko)+Chrome/72.0.3626.109+Safari/537.36 https://localhost:44389/Customers 200 0 0 283
2019-02-26 19:18:50 ::1 GET /Customers - 44389 - ::1 Mozilla/5.0+(Windows+NT+10.0;+Win64;+x64)+AppleWebKit/537.36+(KHTML,+like+Gecko)+Chrome/72.0.3626.109+Safari/537.36 https://localhost:44389/ 200 0 0 245
2019-02-26 19:18:54 ::1 GET /Projects - 44389 - ::1 Mozilla/5.0+(Windows+NT+10.0;+Win64;+x64)+AppleWebKit/537.36+(KHTML,+like+Gecko)+Chrome/72.0.3626.109+Safari/537.36 https://localhost:44389/Customers 200 0 0 340
2019-02-26 19:18:59 ::1 GET /Projects/Details/12 - 44389 - ::1 Mozilla/5.0+(Windows+NT+10.0;+Win64;+x64)+AppleWebKit/537.36+(KHTML,+like+Gecko)+Chrome/72.0.3626.109+Safari/537.36 https://localhost:44389/Projects 200 0 0 301
2019-02-26 19:19:02 ::1 GET /Projects - 44389 - ::1 Mozilla/5.0+(Windows+NT+10.0;+Win64;+x64)+AppleWebKit/537.36+(KHTML,+like+Gecko)+Chrome/72.0.3626.109+Safari/537.36 https://localhost:44389/Customers 200 0 0 316
2019-02-26 19:19:03 ::1 GET /Projects/Details/16 - 44389 - ::1 Mozilla/5.0+(Windows+NT+10.0;+Win64;+x64)+AppleWebKit/537.36+(KHTML,+like+Gecko)+Chrome/72.0.3626.109+Safari/537.36 https://localhost:44389/Projects 200 0 0 232
2019-02-26 19:19:06 ::1 GET /Projects - 44389 - ::1 Mozilla/5.0+(Windows+NT+10.0;+Win64;+x64)+AppleWebKit/537.36+(KHTML,+like+Gecko)+Chrome/72.0.3626.109+Safari/537.36 https://localhost:44389/Customers 200 0 0 251
2019-02-26 19:19:10 ::1 GET /EmployeeTimes - 44389 - ::1 Mozilla/5.0+(Windows+NT+10.0;+Win64;+x64)+AppleWebKit/537.36+(KHTML,+like+Gecko)+Chrome/72.0.3626.109+Safari/537.36 https://localhost:44389/Projects 200 0 0 256
2019-02-26 19:19:14 ::1 GET /EmployeeTimes/Details/33 - 44389 - ::1 Mozilla/5.0+(Windows+NT+10.0;+Win64;+x64)+AppleWebKit/537.36+(KHTML,+like+Gecko)+Chrome/72.0.3626.109+Safari/537.36 https://localhost:44389/EmployeeTimes 200 0 0 308
2019-02-26 19:19:19 ::1 GET /EmployeeTimes - 44389 - ::1 Mozilla/5.0+(Windows+NT+10.0;+Win64;+x64)+AppleWebKit/537.36+(KHTML,+like+Gecko)+Chrome/72.0.3626.109+Safari/537.36 https://localhost:44389/Projects 200 0 0 477
2019-02-26 19:19:24 ::1 GET /EmployeeTimes/Details/34 - 44389 - ::1 Mozilla/5.0+(Windows+NT+10.0;+Win64;+x64)+AppleWebKit/537.36+(KHTML,+like+Gecko)+Chrome/72.0.3626.109+Safari/537.36 https://localhost:44389/EmployeeTimes 200 0 0 543
2019-02-26 19:19:28 ::1 GET /EmployeeTimes - 44389 - ::1 Mozilla/5.0+(Windows+NT+10.0;+Win64;+x64)+AppleWebKit/537.36+(KHTML,+like+Gecko)+Chrome/72.0.3626.109+Safari/537.36 https://localhost:44389/Projects 200 0 0 475
2019-02-26 19:19:47 ::1 GET /Admin - 44389 - ::1 Mozilla/5.0+(Windows+NT+10.0;+Win64;+x64)+AppleWebKit/537.36+(KHTML,+like+Gecko)+Chrome/72.0.3626.109+Safari/537.36 https://localhost:44389/EmployeeTimes 200 0 0 343
2019-02-26 19:19:50 ::1 GET /Roles - 44389 - ::1 Mozilla/5.0+(Windows+NT+10.0;+Win64;+x64)+AppleWebKit/537.36+(KHTML,+like+Gecko)+Chrome/72.0.3626.109+Safari/537.36 https://localhost:44389/Admin 200 0 0 1727
2019-02-26 19:19:58 ::1 GET /Admin - 44389 - ::1 Mozilla/5.0+(Windows+NT+10.0;+Win64;+x64)+AppleWebKit/537.36+(KHTML,+like+Gecko)+Chrome/72.0.3626.109+Safari/537.36 https://localhost:44389/Roles 200 0 0 520
2019-02-26 19:20:02 ::1 GET /Roles - 44389 - ::1 Mozilla/5.0+(Windows+NT+10.0;+Win64;+x64)+AppleWebKit/537.36+(KHTML,+like+Gecko)+Chrome/72.0.3626.109+Safari/537.36 https://localhost:44389/Admin 200 0 0 1984
2019-02-26 19:20:03 ::1 GET /EmployeeTimes - 44389 - ::1 Mozilla/5.0+(Windows+NT+10.0;+Win64;+x64)+AppleWebKit/537.36+(KHTML,+like+Gecko)+Chrome/72.0.3626.109+Safari/537.36 https://localhost:44389/Roles 200 0 0 587
2019-02-26 19:20:40 ::1 GET /Identity/Account/Manage - 44389 - ::1 Mozilla/5.0+(Windows+NT+10.0;+Win64;+x64)+AppleWebKit/537.36+(KHTML,+like+Gecko)+Chrome/72.0.3626.109+Safari/537.36 https://localhost:44389/EmployeeTimes 500 0 0 2519
2019-02-26 19:21:00 ::1 GET /EmployeeTimes - 44389 - ::1 Mozilla/5.0+(Windows+NT+10.0;+Win64;+x64)+AppleWebKit/537.36+(KHTML,+like+Gecko)+Chrome/72.0.3626.109+Safari/537.36 https://localhost:44389/Roles 200 0 0 533
2019-02-26 19:21:00 ::1 POST /Identity/Account/Logout returnUrl=%2F 44389 - ::1 Mozilla/5.0+(Windows+NT+10.0;+Win64;+x64)+AppleWebKit/537.36+(KHTML,+like+Gecko)+Chrome/72.0.3626.109+Safari/537.36 https://localhost:44389/EmployeeTimes 302 0 0 92
2019-02-26 19:21:01 ::1 GET / - 44389 - ::1 Mozilla/5.0+(Windows+NT+10.0;+Win64;+x64)+AppleWebKit/537.36+(KHTML,+like+Gecko)+Chrome/72.0.3626.109+Safari/537.36 https://localhost:44389/EmployeeTimes 200 0 0 58
2019-02-26 19:21:03 ::1 GET /Identity/Account/Login - 44389 - ::1 Mozilla/5.0+(Windows+NT+10.0;+Win64;+x64)+AppleWebKit/537.36+(KHTML,+like+Gecko)+Chrome/72.0.3626.109+Safari/537.36 https://localhost:44389/ 200 0 0 147
2019-02-26 19:21:03 ::1 GET /Identity/lib/jquery-validation-unobtrusive/jquery.validate.unobtrusive.js - 44389 - ::1 Mozilla/5.0+(Windows+NT+10.0;+Win64;+x64)+AppleWebKit/537.36+(KHTML,+like+Gecko)+Chrome/72.0.3626.109+Safari/537.36 https://localhost:44389/Identity/Account/Login 404 0 0 79
2019-02-26 19:21:03 ::1 GET /Identity/lib/jquery-validation/dist/jquery.validate.js - 44389 - ::1 Mozilla/5.0+(Windows+NT+10.0;+Win64;+x64)+AppleWebKit/537.36+(KHTML,+like+Gecko)+Chrome/72.0.3626.109+Safari/537.36 https://localhost:44389/Identity/Account/Login 404 0 0 71
2019-02-26 19:21:03 ::1 GET /Identity/lib/jquery-validation-unobtrusive/jquery.validate.unobtrusive.js - 44389 - ::1 Mozilla/5.0+(Windows+NT+10.0;+Win64;+x64)+AppleWebKit/537.36+(KHTML,+like+Gecko)+Chrome/72.0.3626.109+Safari/537.36 https://localhost:44389/Identity/Account/Login 404 0 0 19
2019-02-26 19:21:07 ::1 POST /Identity/Account/Login - 44389 - ::1 Mozilla/5.0+(Windows+NT+10.0;+Win64;+x64)+AppleWebKit/537.36+(KHTML,+like+Gecko)+Chrome/72.0.3626.109+Safari/537.36 https://localhost:44389/Identity/Account/Login 302 0 0 2140
2019-02-26 19:21:07 ::1 GET / - 44389 - ::1 Mozilla/5.0+(Windows+NT+10.0;+Win64;+x64)+AppleWebKit/537.36+(KHTML,+like+Gecko)+Chrome/72.0.3626.109+Safari/537.36 https://localhost:44389/Identity/Account/Login 200 0 0 37
2019-02-26 19:21:17 ::1 GET /EmployeeTimes - 44389 - ::1 Mozilla/5.0+(Windows+NT+10.0;+Win64;+x64)+AppleWebKit/537.36+(KHTML,+like+Gecko)+Chrome/72.0.3626.109+Safari/537.36 https://localhost:44389/ 200 0 0 578
2019-02-26 19:21:22 ::1 GET /Admin - 44389 - ::1 Mozilla/5.0+(Windows+NT+10.0;+Win64;+x64)+AppleWebKit/537.36+(KHTML,+like+Gecko)+Chrome/72.0.3626.109+Safari/537.36 https://localhost:44389/EmployeeTimes 200 0 0 428
2019-02-26 19:21:31 ::1 GET /Roles - 44389 - ::1 Mozilla/5.0+(Windows+NT+10.0;+Win64;+x64)+AppleWebKit/537.36+(KHTML,+like+Gecko)+Chrome/72.0.3626.109+Safari/537.36 https://localhost:44389/Admin 200 0 0 1315
2019-02-26 19:21:34 ::1 GET /Admin - 44389 - ::1 Mozilla/5.0+(Windows+NT+10.0;+Win64;+x64)+AppleWebKit/537.36+(KHTML,+like+Gecko)+Chrome/72.0.3626.109+Safari/537.36 https://localhost:44389/Roles 200 0 0 288
2019-02-26 19:21:36 ::1 GET /EmployeeTimes - 44389 - ::1 Mozilla/5.0+(Windows+NT+10.0;+Win64;+x64)+AppleWebKit/537.36+(KHTML,+like+Gecko)+Chrome/72.0.3626.109+Safari/537.36 https://localhost:44389/Admin 200 0 0 236
2019-02-26 19:34:58 ::1 GET /Admin - 44389 - ::1 Mozilla/5.0+(Windows+NT+10.0;+Win64;+x64)+AppleWebKit/537.36+(KHTML,+like+Gecko)+Chrome/72.0.3626.109+Safari/537.36 https://localhost:44389/EmployeeTimes 200 0 0 560
2019-02-26 19:35:00 ::1 GET /Roles - 44389 - ::1 Mozilla/5.0+(Windows+NT+10.0;+Win64;+x64)+AppleWebKit/537.36+(KHTML,+like+Gecko)+Chrome/72.0.3626.109+Safari/537.36 https://localhost:44389/Admin 200 0 0 739
2019-02-26 19:35:03 ::1 GET /Roles/SelectRoles/1c55efbc-384f-4cb5-8833-6e4689b2fe94 - 44389 - ::1 Mozilla/5.0+(Windows+NT+10.0;+Win64;+x64)+AppleWebKit/537.36+(KHTML,+like+Gecko)+Chrome/72.0.3626.109+Safari/537.36 https://localhost:44389/Roles 200 0 0 664
2019-02-26 19:35:08 ::1 POST /Roles/SelectRoles/1c55efbc-384f-4cb5-8833-6e4689b2fe94 - 44389 - ::1 Mozilla/5.0+(Windows+NT+10.0;+Win64;+x64)+AppleWebKit/537.36+(KHTML,+like+Gecko)+Chrome/72.0.3626.109+Safari/537.36 https://localhost:44389/Roles/SelectRoles/1c55efbc-384f-4cb5-8833-6e4689b2fe94 302 0 0 786
2019-02-26 19:35:08 ::1 GET /Roles - 44389 - ::1 Mozilla/5.0+(Windows+NT+10.0;+Win64;+x64)+AppleWebKit/537.36+(KHTML,+like+Gecko)+Chrome/72.0.3626.109+Safari/537.36 https://localhost:44389/Roles/SelectRoles/1c55efbc-384f-4cb5-8833-6e4689b2fe94 200 0 0 738
2019-02-26 19:35:12 ::1 GET /EmployeeTimes - 44389 - ::1 Mozilla/5.0+(Windows+NT+10.0;+Win64;+x64)+AppleWebKit/537.36+(KHTML,+like+Gecko)+Chrome/72.0.3626.109+Safari/537.36 https://localhost:44389/Roles 200 0 0 297
2019-02-26 19:35:14 ::1 GET /Projects - 44389 - ::1 Mozilla/5.0+(Windows+NT+10.0;+Win64;+x64)+AppleWebKit/537.36+(KHTML,+like+Gecko)+Chrome/72.0.3626.109+Safari/537.36 https://localhost:44389/EmployeeTimes 200 0 0 277
2019-02-26 19:35:18 ::1 GET /Admin - 44389 - ::1 Mozilla/5.0+(Windows+NT+10.0;+Win64;+x64)+AppleWebKit/537.36+(KHTML,+like+Gecko)+Chrome/72.0.3626.109+Safari/537.36 https://localhost:44389/Projects 200 0 0 245
2019-02-26 19:35:20 ::1 GET /Roles - 44389 - ::1 Mozilla/5.0+(Windows+NT+10.0;+Win64;+x64)+AppleWebKit/537.36+(KHTML,+like+Gecko)+Chrome/72.0.3626.109+Safari/537.36 https://localhost:44389/Admin 200 0 0 761
2019-02-26 19:35:21 ::1 GET / - 44389 - ::1 Mozilla/5.0+(Windows+NT+10.0;+Win64;+x64)+AppleWebKit/537.36+(KHTML,+like+Gecko)+Chrome/72.0.3626.109+Safari/537.36 https://localhost:44389/Roles 200 0 0 71
2019-02-26 19:35:21 ::1 GET /Customers - 44389 - ::1 Mozilla/5.0+(Windows+NT+10.0;+Win64;+x64)+AppleWebKit/537.36+(KHTML,+like+Gecko)+Chrome/72.0.3626.109+Safari/537.36 https://localhost:44389/ 200 0 0 242
