#Software: Microsoft Internet Information Services 10.0
#Version: 1.0
#Date: 2019-03-01 16:13:04
#Fields: date time s-ip cs-method cs-uri-stem cs-uri-query s-port cs-username c-ip cs(User-Agent) cs(Referer) sc-status sc-substatus sc-win32-status time-taken
2019-03-01 16:13:04 ::1 DEBUG / - 50267 - ::1 - - 200 0 64 10951
2019-03-01 16:13:09 ::1 GET / - 44389 - ::1 Mozilla/5.0+(Windows+NT+10.0;+Win64;+x64)+AppleWebKit/537.36+(KHTML,+like+Gecko)+Chrome/72.0.3626.119+Safari/537.36 - 200 0 0 12771
2019-03-01 16:13:22 ::1 GET /Identity/Account/Manage - 44389 - ::1 Mozilla/5.0+(Windows+NT+10.0;+Win64;+x64)+AppleWebKit/537.36+(KHTML,+like+Gecko)+Chrome/72.0.3626.119+Safari/537.36 https://localhost:44389/ 200 0 0 573
2019-03-01 16:13:22 ::1 GET /Identity/css/site.css - 44389 - ::1 Mozilla/5.0+(Windows+NT+10.0;+Win64;+x64)+AppleWebKit/537.36+(KHTML,+like+Gecko)+Chrome/72.0.3626.119+Safari/537.36 https://localhost:44389/Identity/Account/Manage 200 0 0 79
2019-03-01 16:13:22 ::1 GET /Identity/js/site.js - 44389 - ::1 Mozilla/5.0+(Windows+NT+10.0;+Win64;+x64)+AppleWebKit/537.36+(KHTML,+like+Gecko)+Chrome/72.0.3626.119+Safari/537.36 https://localhost:44389/Identity/Account/Manage 200 0 0 80
2019-03-01 16:13:22 ::1 GET /Identity/lib/bootstrap/dist/js/bootstrap.js - 44389 - ::1 Mozilla/5.0+(Windows+NT+10.0;+Win64;+x64)+AppleWebKit/537.36+(KHTML,+like+Gecko)+Chrome/72.0.3626.119+Safari/537.36 https://localhost:44389/Identity/Account/Manage 200 0 0 99
2019-03-01 16:13:22 ::1 GET /Identity/lib/bootstrap/dist/css/bootstrap.css - 44389 - ::1 Mozilla/5.0+(Windows+NT+10.0;+Win64;+x64)+AppleWebKit/537.36+(KHTML,+like+Gecko)+Chrome/72.0.3626.119+Safari/537.36 https://localhost:44389/Identity/Account/Manage 200 0 0 118
2019-03-01 16:13:22 ::1 GET /Identity/lib/jquery/dist/jquery.js - 44389 - ::1 Mozilla/5.0+(Windows+NT+10.0;+Win64;+x64)+AppleWebKit/537.36+(KHTML,+like+Gecko)+Chrome/72.0.3626.119+Safari/537.36 https://localhost:44389/Identity/Account/Manage 200 0 0 142
2019-03-01 16:13:37 ::1 GET / - 44389 - ::1 Mozilla/5.0+(Windows+NT+10.0;+Win64;+x64)+AppleWebKit/537.36+(KHTML,+like+Gecko)+Chrome/72.0.3626.119+Safari/537.36 https://localhost:44389/Identity/Account/Manage 200 0 0 64
2019-03-01 16:13:39 ::1 POST /Identity/Account/Logout returnUrl=%2F 44389 - ::1 Mozilla/5.0+(Windows+NT+10.0;+Win64;+x64)+AppleWebKit/537.36+(KHTML,+like+Gecko)+Chrome/72.0.3626.119+Safari/537.36 https://localhost:44389/ 302 0 0 96
2019-03-01 16:13:39 ::1 GET / - 44389 - ::1 Mozilla/5.0+(Windows+NT+10.0;+Win64;+x64)+AppleWebKit/537.36+(KHTML,+like+Gecko)+Chrome/72.0.3626.119+Safari/537.36 https://localhost:44389/ 302 0 0 40
2019-03-01 16:13:39 ::1 GET /Identity/Account/Login ReturnUrl=%2F 44389 - ::1 Mozilla/5.0+(Windows+NT+10.0;+Win64;+x64)+AppleWebKit/537.36+(KHTML,+like+Gecko)+Chrome/72.0.3626.119+Safari/537.36 https://localhost:44389/ 200 0 0 79
2019-03-01 16:13:46 ::1 POST /Identity/Account/Login ReturnUrl=%2F 44389 - ::1 Mozilla/5.0+(Windows+NT+10.0;+Win64;+x64)+AppleWebKit/537.36+(KHTML,+like+Gecko)+Chrome/72.0.3626.119+Safari/537.36 https://localhost:44389/Identity/Account/Login?ReturnUrl=%2F 302 0 0 1026
2019-03-01 16:13:46 ::1 GET / - 44389 - ::1 Mozilla/5.0+(Windows+NT+10.0;+Win64;+x64)+AppleWebKit/537.36+(KHTML,+like+Gecko)+Chrome/72.0.3626.119+Safari/537.36 https://localhost:44389/Identity/Account/Login?ReturnUrl=%2F 200 0 0 67
2019-03-01 16:13:48 ::1 GET /Identity/Account/Manage - 44389 - ::1 Mozilla/5.0+(Windows+NT+10.0;+Win64;+x64)+AppleWebKit/537.36+(KHTML,+like+Gecko)+Chrome/72.0.3626.119+Safari/537.36 https://localhost:44389/ 200 0 0 223
2019-03-01 16:13:54 ::1 GET /Identity/Account/Manage/ChangePassword - 44389 - ::1 Mozilla/5.0+(Windows+NT+10.0;+Win64;+x64)+AppleWebKit/537.36+(KHTML,+like+Gecko)+Chrome/72.0.3626.119+Safari/537.36 https://localhost:44389/Identity/Account/Manage 200 0 0 281
2019-03-01 16:14:04 ::1 GET / - 44389 - ::1 Mozilla/5.0+(Windows+NT+10.0;+Win64;+x64)+AppleWebKit/537.36+(KHTML,+like+Gecko)+Chrome/72.0.3626.119+Safari/537.36 https://localhost:44389/Identity/Account/Manage/ChangePassword 200 0 0 66
2019-03-01 16:14:07 ::1 GET /Roles - 44389 - ::1 Mozilla/5.0+(Windows+NT+10.0;+Win64;+x64)+AppleWebKit/537.36+(KHTML,+like+Gecko)+Chrome/72.0.3626.119+Safari/537.36 https://localhost:44389/ 200 0 0 1391
2019-03-01 16:14:11 ::1 GET /Roles/SelectRoles/b1af603f-56e0-4b49-a4b7-20c5b0240464 - 44389 - ::1 Mozilla/5.0+(Windows+NT+10.0;+Win64;+x64)+AppleWebKit/537.36+(KHTML,+like+Gecko)+Chrome/72.0.3626.119+Safari/537.36 https://localhost:44389/Roles 200 0 0 638
2019-03-01 16:14:20 ::1 POST /Roles/SelectRoles/b1af603f-56e0-4b49-a4b7-20c5b0240464 - 44389 - ::1 Mozilla/5.0+(Windows+NT+10.0;+Win64;+x64)+AppleWebKit/537.36+(KHTML,+like+Gecko)+Chrome/72.0.3626.119+Safari/537.36 https://localhost:44389/Roles/SelectRoles/b1af603f-56e0-4b49-a4b7-20c5b0240464 302 0 0 3080
2019-03-01 16:14:21 ::1 GET /Roles - 44389 - ::1 Mozilla/5.0+(Windows+NT+10.0;+Win64;+x64)+AppleWebKit/537.36+(KHTML,+like+Gecko)+Chrome/72.0.3626.119+Safari/537.36 https://localhost:44389/Roles/SelectRoles/b1af603f-56e0-4b49-a4b7-20c5b0240464 200 0 0 1250
2019-03-01 16:14:29 ::1 GET /Roles/SelectRoles/7385c0c0-58f9-40ab-a5a9-d15f94af5dde - 44389 - ::1 Mozilla/5.0+(Windows+NT+10.0;+Win64;+x64)+AppleWebKit/537.36+(KHTML,+like+Gecko)+Chrome/72.0.3626.119+Safari/537.36 https://localhost:44389/Roles 200 0 0 621
2019-03-01 16:14:34 ::1 POST /Roles/SelectRoles/7385c0c0-58f9-40ab-a5a9-d15f94af5dde - 44389 - ::1 Mozilla/5.0+(Windows+NT+10.0;+Win64;+x64)+AppleWebKit/537.36+(KHTML,+like+Gecko)+Chrome/72.0.3626.119+Safari/537.36 https://localhost:44389/Roles/SelectRoles/7385c0c0-58f9-40ab-a5a9-d15f94af5dde 302 0 0 2653
2019-03-01 16:14:35 ::1 GET /Roles - 44389 - ::1 Mozilla/5.0+(Windows+NT+10.0;+Win64;+x64)+AppleWebKit/537.36+(KHTML,+like+Gecko)+Chrome/72.0.3626.119+Safari/537.36 https://localhost:44389/Roles/SelectRoles/7385c0c0-58f9-40ab-a5a9-d15f94af5dde 200 0 0 1284
2019-03-01 16:14:43 ::1 GET /Identity/Account/Manage - 44389 - ::1 Mozilla/5.0+(Windows+NT+10.0;+Win64;+x64)+AppleWebKit/537.36+(KHTML,+like+Gecko)+Chrome/72.0.3626.119+Safari/537.36 https://localhost:44389/Roles 200 0 0 238
2019-03-01 16:14:45 ::1 GET /Identity/Account/Manage/ChangePassword - 44389 - ::1 Mozilla/5.0+(Windows+NT+10.0;+Win64;+x64)+AppleWebKit/537.36+(KHTML,+like+Gecko)+Chrome/72.0.3626.119+Safari/537.36 https://localhost:44389/Identity/Account/Manage 200 0 0 249
2019-03-01 16:15:06 ::1 GET /Identity/Account/Manage/TwoFactorAuthentication - 44389 - ::1 Mozilla/5.0+(Windows+NT+10.0;+Win64;+x64)+AppleWebKit/537.36+(KHTML,+like+Gecko)+Chrome/72.0.3626.119+Safari/537.36 https://localhost:44389/Identity/Account/Manage/ChangePassword 200 0 0 962
2019-03-01 16:15:07 ::1 GET /Identity/Account/Manage/ChangePassword - 44389 - ::1 Mozilla/5.0+(Windows+NT+10.0;+Win64;+x64)+AppleWebKit/537.36+(KHTML,+like+Gecko)+Chrome/72.0.3626.119+Safari/537.36 https://localhost:44389/Identity/Account/Manage/TwoFactorAuthentication 200 0 0 230
2019-03-01 16:15:19 ::1 POST /Identity/Account/Manage/ChangePassword - 44389 - ::1 Mozilla/5.0+(Windows+NT+10.0;+Win64;+x64)+AppleWebKit/537.36+(KHTML,+like+Gecko)+Chrome/72.0.3626.119+Safari/537.36 https://localhost:44389/Identity/Account/Manage/ChangePassword 302 0 0 1556
2019-03-01 16:15:19 ::1 GET /Identity/Account/Manage/ChangePassword - 44389 - ::1 Mozilla/5.0+(Windows+NT+10.0;+Win64;+x64)+AppleWebKit/537.36+(KHTML,+like+Gecko)+Chrome/72.0.3626.119+Safari/537.36 https://localhost:44389/Identity/Account/Manage/ChangePassword 200 0 0 209
2019-03-01 16:16:58 ::1 DEBUG / - 50267 - ::1 - - 200 0 64 9554
2019-03-01 16:17:01 ::1 GET / - 44389 - ::1 Mozilla/5.0+(Windows+NT+10.0;+Win64;+x64)+AppleWebKit/537.36+(KHTML,+like+Gecko)+Chrome/72.0.3626.119+Safari/537.36 - 200 0 0 10264
2019-03-01 16:17:06 ::1 GET /Identity/Account/Manage - 44389 - ::1 Mozilla/5.0+(Windows+NT+10.0;+Win64;+x64)+AppleWebKit/537.36+(KHTML,+like+Gecko)+Chrome/72.0.3626.119+Safari/537.36 https://localhost:44389/ 200 0 0 1918
2019-03-01 16:17:08 ::1 POST /Identity/Account/Logout returnUrl=%2F 44389 - ::1 Mozilla/5.0+(Windows+NT+10.0;+Win64;+x64)+AppleWebKit/537.36+(KHTML,+like+Gecko)+Chrome/72.0.3626.119+Safari/537.36 https://localhost:44389/Identity/Account/Manage 302 0 0 109
2019-03-01 16:17:08 ::1 GET / - 44389 - ::1 Mozilla/5.0+(Windows+NT+10.0;+Win64;+x64)+AppleWebKit/537.36+(KHTML,+like+Gecko)+Chrome/72.0.3626.119+Safari/537.36 https://localhost:44389/Identity/Account/Manage 302 0 0 37
2019-03-01 16:17:08 ::1 GET /Identity/Account/Login ReturnUrl=%2F 44389 - ::1 Mozilla/5.0+(Windows+NT+10.0;+Win64;+x64)+AppleWebKit/537.36+(KHTML,+like+Gecko)+Chrome/72.0.3626.119+Safari/537.36 https://localhost:44389/Identity/Account/Manage 200 0 0 113
2019-03-01 16:17:15 ::1 POST /Identity/Account/Login ReturnUrl=%2F 44389 - ::1 Mozilla/5.0+(Windows+NT+10.0;+Win64;+x64)+AppleWebKit/537.36+(KHTML,+like+Gecko)+Chrome/72.0.3626.119+Safari/537.36 https://localhost:44389/Identity/Account/Login?ReturnUrl=%2F 200 0 0 1083
2019-03-01 16:17:22 ::1 POST /Identity/Account/Login ReturnUrl=%2F 44389 - ::1 Mozilla/5.0+(Windows+NT+10.0;+Win64;+x64)+AppleWebKit/537.36+(KHTML,+like+Gecko)+Chrome/72.0.3626.119+Safari/537.36 https://localhost:44389/Identity/Account/Login?ReturnUrl=%2F 302 0 0 711
2019-03-01 16:17:22 ::1 GET /Identity/Account/Lockout - 44389 - ::1 Mozilla/5.0+(Windows+NT+10.0;+Win64;+x64)+AppleWebKit/537.36+(KHTML,+like+Gecko)+Chrome/72.0.3626.119+Safari/537.36 https://localhost:44389/Identity/Account/Login?ReturnUrl=%2F 200 0 0 31
2019-03-01 16:17:30 ::1 GET /Identity/Account/Login - 44389 - ::1 Mozilla/5.0+(Windows+NT+10.0;+Win64;+x64)+AppleWebKit/537.36+(KHTML,+like+Gecko)+Chrome/72.0.3626.119+Safari/537.36 https://localhost:44389/Identity/Account/Lockout 200 0 0 37
2019-03-01 16:17:32 ::1 GET / - 44389 - ::1 Mozilla/5.0+(Windows+NT+10.0;+Win64;+x64)+AppleWebKit/537.36+(KHTML,+like+Gecko)+Chrome/72.0.3626.119+Safari/537.36 https://localhost:44389/Identity/Account/Login 302 0 0 30
2019-03-01 16:17:32 ::1 GET /Identity/Account/Login ReturnUrl=%2F 44389 - ::1 Mozilla/5.0+(Windows+NT+10.0;+Win64;+x64)+AppleWebKit/537.36+(KHTML,+like+Gecko)+Chrome/72.0.3626.119+Safari/537.36 https://localhost:44389/Identity/Account/Login 200 0 0 34
2019-03-01 16:17:35 ::1 GET /Identity/Account/Login - 44389 - ::1 Mozilla/5.0+(Windows+NT+10.0;+Win64;+x64)+AppleWebKit/537.36+(KHTML,+like+Gecko)+Chrome/72.0.3626.119+Safari/537.36 https://localhost:44389/Identity/Account/Login?ReturnUrl=%2F 200 0 0 52
2019-03-01 16:17:38 ::1 POST /Identity/Account/Login - 44389 - ::1 Mozilla/5.0+(Windows+NT+10.0;+Win64;+x64)+AppleWebKit/537.36+(KHTML,+like+Gecko)+Chrome/72.0.3626.119+Safari/537.36 https://localhost:44389/Identity/Account/Login 302 0 0 1142
2019-03-01 16:17:38 ::1 GET / - 44389 - ::1 Mozilla/5.0+(Windows+NT+10.0;+Win64;+x64)+AppleWebKit/537.36+(KHTML,+like+Gecko)+Chrome/72.0.3626.119+Safari/537.36 https://localhost:44389/Identity/Account/Login 200 0 0 60
2019-03-01 16:17:39 ::1 GET /Admin - 44389 - ::1 Mozilla/5.0+(Windows+NT+10.0;+Win64;+x64)+AppleWebKit/537.36+(KHTML,+like+Gecko)+Chrome/72.0.3626.119+Safari/537.36 https://localhost:44389/ 200 0 0 299
2019-03-01 16:17:43 ::1 GET /Roles - 44389 - ::1 Mozilla/5.0+(Windows+NT+10.0;+Win64;+x64)+AppleWebKit/537.36+(KHTML,+like+Gecko)+Chrome/72.0.3626.119+Safari/537.36 https://localhost:44389/Admin 200 0 0 1343
2019-03-01 16:17:45 ::1 GET /Roles/SelectRoles/b1af603f-56e0-4b49-a4b7-20c5b0240464 - 44389 - ::1 Mozilla/5.0+(Windows+NT+10.0;+Win64;+x64)+AppleWebKit/537.36+(KHTML,+like+Gecko)+Chrome/72.0.3626.119+Safari/537.36 https://localhost:44389/Roles 200 0 0 648
2019-03-01 16:17:51 ::1 POST /Roles/SelectRoles/b1af603f-56e0-4b49-a4b7-20c5b0240464 - 44389 - ::1 Mozilla/5.0+(Windows+NT+10.0;+Win64;+x64)+AppleWebKit/537.36+(KHTML,+like+Gecko)+Chrome/72.0.3626.119+Safari/537.36 https://localhost:44389/Roles/SelectRoles/b1af603f-56e0-4b49-a4b7-20c5b0240464 302 0 0 2888
2019-03-01 16:17:52 ::1 GET /Roles - 44389 - ::1 Mozilla/5.0+(Windows+NT+10.0;+Win64;+x64)+AppleWebKit/537.36+(KHTML,+like+Gecko)+Chrome/72.0.3626.119+Safari/537.36 https://localhost:44389/Roles/SelectRoles/b1af603f-56e0-4b49-a4b7-20c5b0240464 200 0 0 1248
2019-03-01 16:17:57 ::1 GET /EmployeeTimes - 44389 - ::1 Mozilla/5.0+(Windows+NT+10.0;+Win64;+x64)+AppleWebKit/537.36+(KHTML,+like+Gecko)+Chrome/72.0.3626.119+Safari/537.36 https://localhost:44389/Roles 200 0 0 699
2019-03-01 16:18:01 ::1 GET /EmployeeTimes/Delete/51 - 44389 - ::1 Mozilla/5.0+(Windows+NT+10.0;+Win64;+x64)+AppleWebKit/537.36+(KHTML,+like+Gecko)+Chrome/72.0.3626.119+Safari/537.36 https://localhost:44389/EmployeeTimes 200 0 0 389
2019-03-01 16:18:02 ::1 POST /EmployeeTimes/Delete/51 - 44389 - ::1 Mozilla/5.0+(Windows+NT+10.0;+Win64;+x64)+AppleWebKit/537.36+(KHTML,+like+Gecko)+Chrome/72.0.3626.119+Safari/537.36 https://localhost:44389/EmployeeTimes/Delete/51 302 0 0 593
2019-03-01 16:18:02 ::1 GET /EmployeeTimes - 44389 - ::1 Mozilla/5.0+(Windows+NT+10.0;+Win64;+x64)+AppleWebKit/537.36+(KHTML,+like+Gecko)+Chrome/72.0.3626.119+Safari/537.36 https://localhost:44389/EmployeeTimes/Delete/51 200 0 0 254
2019-03-01 16:18:06 ::1 GET /Admin - 44389 - ::1 Mozilla/5.0+(Windows+NT+10.0;+Win64;+x64)+AppleWebKit/537.36+(KHTML,+like+Gecko)+Chrome/72.0.3626.119+Safari/537.36 https://localhost:44389/EmployeeTimes 200 0 0 220
2019-03-01 16:18:11 ::1 GET /Admin/Delete/b1af603f-56e0-4b49-a4b7-20c5b0240464 - 44389 - ::1 Mozilla/5.0+(Windows+NT+10.0;+Win64;+x64)+AppleWebKit/537.36+(KHTML,+like+Gecko)+Chrome/72.0.3626.119+Safari/537.36 https://localhost:44389/Admin 500 0 0 2386
2019-03-01 16:18:13 ::1 GET /Admin - 44389 - ::1 Mozilla/5.0+(Windows+NT+10.0;+Win64;+x64)+AppleWebKit/537.36+(KHTML,+like+Gecko)+Chrome/72.0.3626.119+Safari/537.36 https://localhost:44389/EmployeeTimes 200 0 0 231
2019-03-01 16:18:16 ::1 GET /Roles - 44389 - ::1 Mozilla/5.0+(Windows+NT+10.0;+Win64;+x64)+AppleWebKit/537.36+(KHTML,+like+Gecko)+Chrome/72.0.3626.119+Safari/537.36 https://localhost:44389/Admin 200 0 0 1289
2019-03-01 16:18:16 ::1 GET /Admin - 44389 - ::1 Mozilla/5.0+(Windows+NT+10.0;+Win64;+x64)+AppleWebKit/537.36+(KHTML,+like+Gecko)+Chrome/72.0.3626.119+Safari/537.36 https://localhost:44389/Roles 200 0 0 236
2019-03-01 16:18:18 ::1 GET /EmployeeTimes - 44389 - ::1 Mozilla/5.0+(Windows+NT+10.0;+Win64;+x64)+AppleWebKit/537.36+(KHTML,+like+Gecko)+Chrome/72.0.3626.119+Safari/537.36 https://localhost:44389/Admin 200 0 0 266
2019-03-01 16:18:20 ::1 GET /EmployeeTimes/Delete/57 - 44389 - ::1 Mozilla/5.0+(Windows+NT+10.0;+Win64;+x64)+AppleWebKit/537.36+(KHTML,+like+Gecko)+Chrome/72.0.3626.119+Safari/537.36 https://localhost:44389/EmployeeTimes 200 0 0 235
2019-03-01 16:18:22 ::1 POST /EmployeeTimes/Delete/57 - 44389 - ::1 Mozilla/5.0+(Windows+NT+10.0;+Win64;+x64)+AppleWebKit/537.36+(KHTML,+like+Gecko)+Chrome/72.0.3626.119+Safari/537.36 https://localhost:44389/EmployeeTimes/Delete/57 302 0 0 505
2019-03-01 16:18:22 ::1 GET /EmployeeTimes - 44389 - ::1 Mozilla/5.0+(Windows+NT+10.0;+Win64;+x64)+AppleWebKit/537.36+(KHTML,+like+Gecko)+Chrome/72.0.3626.119+Safari/537.36 https://localhost:44389/EmployeeTimes/Delete/57 200 0 0 277
2019-03-01 16:18:26 ::1 GET /Admin - 44389 - ::1 Mozilla/5.0+(Windows+NT+10.0;+Win64;+x64)+AppleWebKit/537.36+(KHTML,+like+Gecko)+Chrome/72.0.3626.119+Safari/537.36 https://localhost:44389/EmployeeTimes 200 0 0 230
2019-03-01 16:18:28 ::1 GET /Admin/Delete/b1af603f-56e0-4b49-a4b7-20c5b0240464 - 44389 - ::1 Mozilla/5.0+(Windows+NT+10.0;+Win64;+x64)+AppleWebKit/537.36+(KHTML,+like+Gecko)+Chrome/72.0.3626.119+Safari/537.36 https://localhost:44389/Admin 302 0 0 522
2019-03-01 16:18:28 ::1 GET /Admin - 44389 - ::1 Mozilla/5.0+(Windows+NT+10.0;+Win64;+x64)+AppleWebKit/537.36+(KHTML,+like+Gecko)+Chrome/72.0.3626.119+Safari/537.36 https://localhost:44389/Admin 200 0 0 234
2019-03-01 16:18:33 ::1 GET /Admin/Create - 44389 - ::1 Mozilla/5.0+(Windows+NT+10.0;+Win64;+x64)+AppleWebKit/537.36+(KHTML,+like+Gecko)+Chrome/72.0.3626.119+Safari/537.36 https://localhost:44389/Admin 200 0 0 109
2019-03-01 16:18:47 ::1 POST /Admin/Create - 44389 - ::1 Mozilla/5.0+(Windows+NT+10.0;+Win64;+x64)+AppleWebKit/537.36+(KHTML,+like+Gecko)+Chrome/72.0.3626.119+Safari/537.36 https://localhost:44389/Admin/Create 302 0 0 68
2019-03-01 16:18:47 ::1 GET /Admin - 44389 - ::1 Mozilla/5.0+(Windows+NT+10.0;+Win64;+x64)+AppleWebKit/537.36+(KHTML,+like+Gecko)+Chrome/72.0.3626.119+Safari/537.36 https://localhost:44389/Admin/Create 200 0 0 266
2019-03-01 16:18:52 ::1 GET /EmployeeTimes - 44389 - ::1 Mozilla/5.0+(Windows+NT+10.0;+Win64;+x64)+AppleWebKit/537.36+(KHTML,+like+Gecko)+Chrome/72.0.3626.119+Safari/537.36 https://localhost:44389/Admin 200 0 0 260
2019-03-01 16:18:54 ::1 GET /Roles - 44389 - ::1 Mozilla/5.0+(Windows+NT+10.0;+Win64;+x64)+AppleWebKit/537.36+(KHTML,+like+Gecko)+Chrome/72.0.3626.119+Safari/537.36 https://localhost:44389/EmployeeTimes 200 0 0 1098
2019-03-01 16:19:01 ::1 GET /Admin - 44389 - ::1 Mozilla/5.0+(Windows+NT+10.0;+Win64;+x64)+AppleWebKit/537.36+(KHTML,+like+Gecko)+Chrome/72.0.3626.119+Safari/537.36 https://localhost:44389/Roles 200 0 0 249
2019-03-01 16:19:04 ::1 GET /Admin/Create - 44389 - ::1 Mozilla/5.0+(Windows+NT+10.0;+Win64;+x64)+AppleWebKit/537.36+(KHTML,+like+Gecko)+Chrome/72.0.3626.119+Safari/537.36 https://localhost:44389/Admin 200 0 0 77
2019-03-01 16:19:13 ::1 POST /Admin/Create - 44389 - ::1 Mozilla/5.0+(Windows+NT+10.0;+Win64;+x64)+AppleWebKit/537.36+(KHTML,+like+Gecko)+Chrome/72.0.3626.119+Safari/537.36 https://localhost:44389/Admin/Create 302 0 0 41
2019-03-01 16:19:13 ::1 GET /Admin - 44389 - ::1 Mozilla/5.0+(Windows+NT+10.0;+Win64;+x64)+AppleWebKit/537.36+(KHTML,+like+Gecko)+Chrome/72.0.3626.119+Safari/537.36 https://localhost:44389/Admin/Create 200 0 0 271
2019-03-01 16:19:21 ::1 POST /Identity/Account/Logout returnUrl=%2F 44389 - ::1 Mozilla/5.0+(Windows+NT+10.0;+Win64;+x64)+AppleWebKit/537.36+(KHTML,+like+Gecko)+Chrome/72.0.3626.119+Safari/537.36 https://localhost:44389/Admin 302 0 0 49
2019-03-01 16:19:21 ::1 GET / - 44389 - ::1 Mozilla/5.0+(Windows+NT+10.0;+Win64;+x64)+AppleWebKit/537.36+(KHTML,+like+Gecko)+Chrome/72.0.3626.119+Safari/537.36 https://localhost:44389/Admin 302 0 0 39
2019-03-01 16:19:21 ::1 GET /Identity/Account/Login ReturnUrl=%2F 44389 - ::1 Mozilla/5.0+(Windows+NT+10.0;+Win64;+x64)+AppleWebKit/537.36+(KHTML,+like+Gecko)+Chrome/72.0.3626.119+Safari/537.36 https://localhost:44389/Admin 200 0 0 33
2019-03-01 16:19:24 ::1 GET /Identity/Account/Register - 44389 - ::1 Mozilla/5.0+(Windows+NT+10.0;+Win64;+x64)+AppleWebKit/537.36+(KHTML,+like+Gecko)+Chrome/72.0.3626.119+Safari/537.36 https://localhost:44389/Identity/Account/Login?ReturnUrl=%2F 200 0 0 76
2019-03-01 16:19:36 ::1 POST /Identity/Account/Register - 44389 - ::1 Mozilla/5.0+(Windows+NT+10.0;+Win64;+x64)+AppleWebKit/537.36+(KHTML,+like+Gecko)+Chrome/72.0.3626.119+Safari/537.36 https://localhost:44389/Identity/Account/Register 200 0 0 35
2019-03-01 16:19:48 ::1 POST /Identity/Account/Register - 44389 - ::1 Mozilla/5.0+(Windows+NT+10.0;+Win64;+x64)+AppleWebKit/537.36+(KHTML,+like+Gecko)+Chrome/72.0.3626.119+Safari/537.36 https://localhost:44389/Identity/Account/Register 302 0 0 880
2019-03-01 16:19:48 ::1 GET / - 44389 - ::1 Mozilla/5.0+(Windows+NT+10.0;+Win64;+x64)+AppleWebKit/537.36+(KHTML,+like+Gecko)+Chrome/72.0.3626.119+Safari/537.36 https://localhost:44389/Identity/Account/Register 200 0 0 47
2019-03-01 16:19:54 ::1 POST /Identity/Account/Logout returnUrl=%2F 44389 - ::1 Mozilla/5.0+(Windows+NT+10.0;+Win64;+x64)+AppleWebKit/537.36+(KHTML,+like+Gecko)+Chrome/72.0.3626.119+Safari/537.36 https://localhost:44389/ 302 0 0 48
2019-03-01 16:19:54 ::1 GET / - 44389 - ::1 Mozilla/5.0+(Windows+NT+10.0;+Win64;+x64)+AppleWebKit/537.36+(KHTML,+like+Gecko)+Chrome/72.0.3626.119+Safari/537.36 https://localhost:44389/ 302 0 0 44
2019-03-01 16:19:54 ::1 GET /Identity/Account/Login ReturnUrl=%2F 44389 - ::1 Mozilla/5.0+(Windows+NT+10.0;+Win64;+x64)+AppleWebKit/537.36+(KHTML,+like+Gecko)+Chrome/72.0.3626.119+Safari/537.36 https://localhost:44389/ 200 0 0 28
2019-03-01 16:20:02 ::1 POST /Identity/Account/Login ReturnUrl=%2F 44389 - ::1 Mozilla/5.0+(Windows+NT+10.0;+Win64;+x64)+AppleWebKit/537.36+(KHTML,+like+Gecko)+Chrome/72.0.3626.119+Safari/537.36 https://localhost:44389/Identity/Account/Login?ReturnUrl=%2F 302 0 0 970
2019-03-01 16:20:02 ::1 GET / - 44389 - ::1 Mozilla/5.0+(Windows+NT+10.0;+Win64;+x64)+AppleWebKit/537.36+(KHTML,+like+Gecko)+Chrome/72.0.3626.119+Safari/537.36 https://localhost:44389/Identity/Account/Login?ReturnUrl=%2F 200 0 0 88
2019-03-01 16:20:05 ::1 GET /Roles - 44389 - ::1 Mozilla/5.0+(Windows+NT+10.0;+Win64;+x64)+AppleWebKit/537.36+(KHTML,+like+Gecko)+Chrome/72.0.3626.119+Safari/537.36 https://localhost:44389/ 200 0 0 1263
2019-03-01 16:20:07 ::1 GET /Roles/SelectRoles/f77fa9bc-a544-418a-96aa-16db4d338938 - 44389 - ::1 Mozilla/5.0+(Windows+NT+10.0;+Win64;+x64)+AppleWebKit/537.36+(KHTML,+like+Gecko)+Chrome/72.0.3626.119+Safari/537.36 https://localhost:44389/Roles 200 0 0 633
2019-03-01 16:20:11 ::1 POST /Roles/SelectRoles/f77fa9bc-a544-418a-96aa-16db4d338938 - 44389 - ::1 Mozilla/5.0+(Windows+NT+10.0;+Win64;+x64)+AppleWebKit/537.36+(KHTML,+like+Gecko)+Chrome/72.0.3626.119+Safari/537.36 https://localhost:44389/Roles/SelectRoles/f77fa9bc-a544-418a-96aa-16db4d338938 302 0 0 1551
2019-03-01 16:20:12 ::1 GET /Roles - 44389 - ::1 Mozilla/5.0+(Windows+NT+10.0;+Win64;+x64)+AppleWebKit/537.36+(KHTML,+like+Gecko)+Chrome/72.0.3626.119+Safari/537.36 https://localhost:44389/Roles/SelectRoles/f77fa9bc-a544-418a-96aa-16db4d338938 200 0 0 1276
2019-03-01 16:20:15 ::1 GET / - 44389 - ::1 Mozilla/5.0+(Windows+NT+10.0;+Win64;+x64)+AppleWebKit/537.36+(KHTML,+like+Gecko)+Chrome/72.0.3626.119+Safari/537.36 https://localhost:44389/Roles 200 0 0 75
#Software: Microsoft Internet Information Services 10.0
#Version: 1.0
#Date: 2019-03-01 18:23:31
#Fields: date time s-ip cs-method cs-uri-stem cs-uri-query s-port cs-username c-ip cs(User-Agent) cs(Referer) sc-status sc-substatus sc-win32-status time-taken
2019-03-01 18:23:31 ::1 DEBUG / - 50267 - ::1 - - 200 0 64 11633
2019-03-01 18:23:36 ::1 GET / - 44389 - ::1 Mozilla/5.0+(Windows+NT+10.0;+Win64;+x64)+AppleWebKit/537.36+(KHTML,+like+Gecko)+Chrome/72.0.3626.119+Safari/537.36 - 200 0 0 13322
2019-03-01 18:25:18 ::1 GET /ErrorTracking - 44389 - ::1 Mozilla/5.0+(Windows+NT+10.0;+Win64;+x64)+AppleWebKit/537.36+(KHTML,+like+Gecko)+Chrome/72.0.3626.119+Safari/537.36 https://localhost:44389/ 500 0 0 356
2019-03-01 18:25:31 ::1 GET /ErrorTracking - 44389 - ::1 Mozilla/5.0+(Windows+NT+10.0;+Win64;+x64)+AppleWebKit/537.36+(KHTML,+like+Gecko)+Chrome/72.0.3626.119+Safari/537.36 https://localhost:44389/ 500 0 0 116
2019-03-01 18:32:42 ::1 GET /EmployeeTimes - 44389 - ::1 Mozilla/5.0+(Windows+NT+10.0;+Win64;+x64)+AppleWebKit/537.36+(KHTML,+like+Gecko)+Chrome/72.0.3626.119+Safari/537.36 https://localhost:44389/ 200 0 0 994
2019-03-01 18:32:44 ::1 GET /ErrorTracking - 44389 - ::1 Mozilla/5.0+(Windows+NT+10.0;+Win64;+x64)+AppleWebKit/537.36+(KHTML,+like+Gecko)+Chrome/72.0.3626.119+Safari/537.36 https://localhost:44389/EmployeeTimes 500 0 0 129
2019-03-01 18:32:47 ::1 GET /EmployeeTimes - 44389 - ::1 Mozilla/5.0+(Windows+NT+10.0;+Win64;+x64)+AppleWebKit/537.36+(KHTML,+like+Gecko)+Chrome/72.0.3626.119+Safari/537.36 https://localhost:44389/ 200 0 0 343
#Software: Microsoft Internet Information Services 10.0
#Version: 1.0
#Date: 2019-03-01 18:35:50
#Fields: date time s-ip cs-method cs-uri-stem cs-uri-query s-port cs-username c-ip cs(User-Agent) cs(Referer) sc-status sc-substatus sc-win32-status time-taken
2019-03-01 18:35:50 ::1 DEBUG / - 50267 - ::1 - - 200 0 64 10001
2019-03-01 18:35:52 ::1 GET / - 44389 - ::1 Mozilla/5.0+(Windows+NT+10.0;+Win64;+x64)+AppleWebKit/537.36+(KHTML,+like+Gecko)+Chrome/72.0.3626.119+Safari/537.36 - 200 0 0 8713
#Software: Microsoft Internet Information Services 10.0
#Version: 1.0
#Date: 2019-03-01 18:42:13
#Fields: date time s-ip cs-method cs-uri-stem cs-uri-query s-port cs-username c-ip cs(User-Agent) cs(Referer) sc-status sc-substatus sc-win32-status time-taken
2019-03-01 18:42:13 ::1 DEBUG / - 50267 - ::1 - - 200 0 64 13514
2019-03-01 18:42:15 ::1 GET / - 44389 - ::1 Mozilla/5.0+(Windows+NT+10.0;+Win64;+x64)+AppleWebKit/537.36+(KHTML,+like+Gecko)+Chrome/72.0.3626.119+Safari/537.36 - 200 0 0 11151
2019-03-01 18:42:25 ::1 GET /ErrorTracking - 44389 - ::1 Mozilla/5.0+(Windows+NT+10.0;+Win64;+x64)+AppleWebKit/537.36+(KHTML,+like+Gecko)+Chrome/72.0.3626.119+Safari/537.36 https://localhost:44389/ 500 0 0 1217
2019-03-01 18:44:00 ::1 GET /ErrorTracking - 44389 - ::1 Mozilla/5.0+(Windows+NT+10.0;+Win64;+x64)+AppleWebKit/537.36+(KHTML,+like+Gecko)+Chrome/72.0.3626.119+Safari/537.36 https://localhost:44389/ 500 0 0 180
2019-03-01 18:44:00 ::1 GET /favicon.ico - 44389 - ::1 Mozilla/5.0+(Windows+NT+10.0;+Win64;+x64)+AppleWebKit/537.36+(KHTML,+like+Gecko)+Chrome/72.0.3626.119+Safari/537.36 https://localhost:44389/ErrorTracking 200 0 0 82
2019-03-01 18:44:59 ::1 GET / - 44389 - ::1 Mozilla/5.0+(Windows+NT+10.0;+Win64;+x64)+AppleWebKit/537.36+(KHTML,+like+Gecko)+Chrome/72.0.3626.119+Safari/537.36 - 200 0 0 127
2019-03-01 18:45:00 ::1 GET / - 44389 - ::1 Mozilla/5.0+(Windows+NT+10.0;+Win64;+x64)+AppleWebKit/537.36+(KHTML,+like+Gecko)+Chrome/72.0.3626.119+Safari/537.36 - 200 0 0 79
2019-03-01 18:45:00 ::1 GET /favicon.ico - 44389 - ::1 Mozilla/5.0+(Windows+NT+10.0;+Win64;+x64)+AppleWebKit/537.36+(KHTML,+like+Gecko)+Chrome/72.0.3626.119+Safari/537.36 https://localhost:44389/ 200 0 0 38
2019-03-01 18:45:01 ::1 GET /ErrorTracking - 44389 - ::1 Mozilla/5.0+(Windows+NT+10.0;+Win64;+x64)+AppleWebKit/537.36+(KHTML,+like+Gecko)+Chrome/72.0.3626.119+Safari/537.36 https://localhost:44389/ 500 0 0 145
2019-03-01 18:45:03 ::1 GET / - 44389 - ::1 Mozilla/5.0+(Windows+NT+10.0;+Win64;+x64)+AppleWebKit/537.36+(KHTML,+like+Gecko)+Chrome/72.0.3626.119+Safari/537.36 - 200 0 0 90
2019-03-01 18:45:07 ::1 GET /Roles - 44389 - ::1 Mozilla/5.0+(Windows+NT+10.0;+Win64;+x64)+AppleWebKit/537.36+(KHTML,+like+Gecko)+Chrome/72.0.3626.119+Safari/537.36 https://localhost:44389/ 200 0 0 3194
2019-03-01 18:45:08 ::1 GET / - 44389 - ::1 Mozilla/5.0+(Windows+NT+10.0;+Win64;+x64)+AppleWebKit/537.36+(KHTML,+like+Gecko)+Chrome/72.0.3626.119+Safari/537.36 - 200 0 0 73
2019-03-01 18:45:09 ::1 GET /ErrorTracking - 44389 - ::1 Mozilla/5.0+(Windows+NT+10.0;+Win64;+x64)+AppleWebKit/537.36+(KHTML,+like+Gecko)+Chrome/72.0.3626.119+Safari/537.36 https://localhost:44389/ 500 0 0 126
#Software: Microsoft Internet Information Services 10.0
#Version: 1.0
#Date: 2019-03-01 18:46:36
#Fields: date time s-ip cs-method cs-uri-stem cs-uri-query s-port cs-username c-ip cs(User-Agent) cs(Referer) sc-status sc-substatus sc-win32-status time-taken
2019-03-01 18:46:36 ::1 DEBUG / - 50267 - ::1 - - 200 0 64 8389
2019-03-01 18:46:38 ::1 GET / - 44389 - ::1 Mozilla/5.0+(Windows+NT+10.0;+Win64;+x64)+AppleWebKit/537.36+(KHTML,+like+Gecko)+Chrome/72.0.3626.119+Safari/537.36 - 200 0 0 7837
2019-03-01 18:46:41 ::1 GET /ErrorTracking - 44389 - ::1 Mozilla/5.0+(Windows+NT+10.0;+Win64;+x64)+AppleWebKit/537.36+(KHTML,+like+Gecko)+Chrome/72.0.3626.119+Safari/537.36 https://localhost:44389/ 500 0 0 384
#Software: Microsoft Internet Information Services 10.0
#Version: 1.0
#Date: 2019-03-01 18:47:23
#Fields: date time s-ip cs-method cs-uri-stem cs-uri-query s-port cs-username c-ip cs(User-Agent) cs(Referer) sc-status sc-substatus sc-win32-status time-taken
2019-03-01 18:47:23 ::1 DEBUG / - 50267 - ::1 - - 200 0 64 9272
2019-03-01 18:47:24 ::1 GET / - 44389 - ::1 Mozilla/5.0+(Windows+NT+10.0;+Win64;+x64)+AppleWebKit/537.36+(KHTML,+like+Gecko)+Chrome/72.0.3626.119+Safari/537.36 - 200 0 0 8463
2019-03-01 18:47:25 ::1 GET /ErrorTracking - 44389 - ::1 Mozilla/5.0+(Windows+NT+10.0;+Win64;+x64)+AppleWebKit/537.36+(KHTML,+like+Gecko)+Chrome/72.0.3626.119+Safari/537.36 https://localhost:44389/ 500 0 0 360
2019-03-01 18:47:27 ::1 GET / - 44389 - ::1 Mozilla/5.0+(Windows+NT+10.0;+Win64;+x64)+AppleWebKit/537.36+(KHTML,+like+Gecko)+Chrome/72.0.3626.119+Safari/537.36 - 200 0 0 75
2019-03-01 18:47:31 ::1 GET /ErrorTracking - 44389 - ::1 Mozilla/5.0+(Windows+NT+10.0;+Win64;+x64)+AppleWebKit/537.36+(KHTML,+like+Gecko)+Chrome/72.0.3626.119+Safari/537.36 https://localhost:44389/ 500 0 0 124
2019-03-01 18:48:23 ::1 GET /ErrorTracking - 44389 - ::1 Mozilla/5.0+(Windows+NT+10.0;+Win64;+x64)+AppleWebKit/537.36+(KHTML,+like+Gecko)+Chrome/72.0.3626.119+Safari/537.36 https://localhost:44389/ 500 0 0 2401
2019-03-01 18:48:23 ::1 GET /favicon.ico - 44389 - ::1 Mozilla/5.0+(Windows+NT+10.0;+Win64;+x64)+AppleWebKit/537.36+(KHTML,+like+Gecko)+Chrome/72.0.3626.119+Safari/537.36 https://localhost:44389/ErrorTracking 200 0 0 39
2019-03-01 18:48:51 ::1 GET /ErrorTracking - 44389 - ::1 Mozilla/5.0+(Windows+NT+10.0;+Win64;+x64)+AppleWebKit/537.36+(KHTML,+like+Gecko)+Chrome/72.0.3626.119+Safari/537.36 https://localhost:44389/ 200 0 0 740
2019-03-01 18:48:51 ::1 GET /favicon.ico - 44389 - ::1 Mozilla/5.0+(Windows+NT+10.0;+Win64;+x64)+AppleWebKit/537.36+(KHTML,+like+Gecko)+Chrome/72.0.3626.119+Safari/537.36 https://localhost:44389/ErrorTracking 200 0 0 14
2019-03-01 18:49:45 ::1 GET /ErrorTracking - 44389 - ::1 Mozilla/5.0+(Windows+NT+10.0;+Win64;+x64)+AppleWebKit/537.36+(KHTML,+like+Gecko)+Chrome/72.0.3626.119+Safari/537.36 https://localhost:44389/ 200 0 0 441
2019-03-01 18:49:45 ::1 GET /favicon.ico - 44389 - ::1 Mozilla/5.0+(Windows+NT+10.0;+Win64;+x64)+AppleWebKit/537.36+(KHTML,+like+Gecko)+Chrome/72.0.3626.119+Safari/537.36 https://localhost:44389/ErrorTracking 200 0 0 21
2019-03-01 18:50:06 ::1 GET /ErrorTracking - 44389 - ::1 Mozilla/5.0+(Windows+NT+10.0;+Win64;+x64)+AppleWebKit/537.36+(KHTML,+like+Gecko)+Chrome/72.0.3626.119+Safari/537.36 https://localhost:44389/ 200 0 0 584
2019-03-01 18:50:06 ::1 GET /favicon.ico - 44389 - ::1 Mozilla/5.0+(Windows+NT+10.0;+Win64;+x64)+AppleWebKit/537.36+(KHTML,+like+Gecko)+Chrome/72.0.3626.119+Safari/537.36 https://localhost:44389/ErrorTracking 200 0 0 17
2019-03-01 18:50:24 ::1 GET /ErrorTracking - 44389 - ::1 Mozilla/5.0+(Windows+NT+10.0;+Win64;+x64)+AppleWebKit/537.36+(KHTML,+like+Gecko)+Chrome/72.0.3626.119+Safari/537.36 https://localhost:44389/ 200 0 0 489
2019-03-01 18:50:24 ::1 GET /favicon.ico - 44389 - ::1 Mozilla/5.0+(Windows+NT+10.0;+Win64;+x64)+AppleWebKit/537.36+(KHTML,+like+Gecko)+Chrome/72.0.3626.119+Safari/537.36 https://localhost:44389/ErrorTracking 200 0 0 13
2019-03-01 18:50:36 ::1 GET /ErrorTracking - 44389 - ::1 Mozilla/5.0+(Windows+NT+10.0;+Win64;+x64)+AppleWebKit/537.36+(KHTML,+like+Gecko)+Chrome/72.0.3626.119+Safari/537.36 https://localhost:44389/ 200 0 0 426
2019-03-01 18:50:36 ::1 GET /favicon.ico - 44389 - ::1 Mozilla/5.0+(Windows+NT+10.0;+Win64;+x64)+AppleWebKit/537.36+(KHTML,+like+Gecko)+Chrome/72.0.3626.119+Safari/537.36 https://localhost:44389/ErrorTracking 200 0 0 10
#Software: Microsoft Internet Information Services 10.0
#Version: 1.0
#Date: 2019-03-01 19:34:19
#Fields: date time s-ip cs-method cs-uri-stem cs-uri-query s-port cs-username c-ip cs(User-Agent) cs(Referer) sc-status sc-substatus sc-win32-status time-taken
2019-03-01 19:34:19 ::1 GET /Projects - 44389 - ::1 Mozilla/5.0+(Windows+NT+10.0;+Win64;+x64)+AppleWebKit/537.36+(KHTML,+like+Gecko)+Chrome/72.0.3626.119+Safari/537.36 https://localhost:44389/ErrorTracking 200 0 0 3317
2019-03-01 19:34:19 ::1 GET /ErrorTracking - 44389 - ::1 Mozilla/5.0+(Windows+NT+10.0;+Win64;+x64)+AppleWebKit/537.36+(KHTML,+like+Gecko)+Chrome/72.0.3626.119+Safari/537.36 https://localhost:44389/Projects 200 0 0 44
2019-03-01 19:34:23 ::1 GET /EmployeeTimes - 44389 - ::1 Mozilla/5.0+(Windows+NT+10.0;+Win64;+x64)+AppleWebKit/537.36+(KHTML,+like+Gecko)+Chrome/72.0.3626.119+Safari/537.36 https://localhost:44389/ErrorTracking 200 0 0 445
2019-03-01 19:34:26 ::1 GET /ErrorTracking - 44389 - ::1 Mozilla/5.0+(Windows+NT+10.0;+Win64;+x64)+AppleWebKit/537.36+(KHTML,+like+Gecko)+Chrome/72.0.3626.119+Safari/537.36 https://localhost:44389/EmployeeTimes 200 0 0 53
2019-03-01 19:35:21 ::1 GET /ErrorTracking - 44389 - ::1 Mozilla/5.0+(Windows+NT+10.0;+Win64;+x64)+AppleWebKit/537.36+(KHTML,+like+Gecko)+Chrome/72.0.3626.119+Safari/537.36 https://localhost:44389/EmployeeTimes 200 0 0 407
2019-03-01 19:35:21 ::1 GET /favicon.ico - 44389 - ::1 Mozilla/5.0+(Windows+NT+10.0;+Win64;+x64)+AppleWebKit/537.36+(KHTML,+like+Gecko)+Chrome/72.0.3626.119+Safari/537.36 https://localhost:44389/ErrorTracking 200 0 0 17
#Software: Microsoft Internet Information Services 10.0
#Version: 1.0
#Date: 2019-03-01 22:31:01
#Fields: date time s-ip cs-method cs-uri-stem cs-uri-query s-port cs-username c-ip cs(User-Agent) cs(Referer) sc-status sc-substatus sc-win32-status time-taken
2019-03-01 22:31:01 ::1 DEBUG / - 50267 - ::1 - - 200 0 64 12120
2019-03-01 22:31:06 ::1 GET / - 44389 - ::1 Mozilla/5.0+(Windows+NT+10.0;+Win64;+x64)+AppleWebKit/537.36+(KHTML,+like+Gecko)+Chrome/72.0.3626.119+Safari/537.36 - 200 0 0 13180
2019-03-01 22:31:08 ::1 GET /EmployeeTimes - 44389 - ::1 Mozilla/5.0+(Windows+NT+10.0;+Win64;+x64)+AppleWebKit/537.36+(KHTML,+like+Gecko)+Chrome/72.0.3626.119+Safari/537.36 https://localhost:44389/ 200 0 0 700
2019-03-01 22:31:14 ::1 GET /Projects - 44389 - ::1 Mozilla/5.0+(Windows+NT+10.0;+Win64;+x64)+AppleWebKit/537.36+(KHTML,+like+Gecko)+Chrome/72.0.3626.119+Safari/537.36 https://localhost:44389/EmployeeTimes 200 0 0 385
2019-03-01 22:31:22 ::1 GET /EmployeeTimes - 44389 - ::1 Mozilla/5.0+(Windows+NT+10.0;+Win64;+x64)+AppleWebKit/537.36+(KHTML,+like+Gecko)+Chrome/72.0.3626.119+Safari/537.36 https://localhost:44389/Projects 200 0 0 655
2019-03-01 22:31:22 ::1 GET /Roles - 44389 - ::1 Mozilla/5.0+(Windows+NT+10.0;+Win64;+x64)+AppleWebKit/537.36+(KHTML,+like+Gecko)+Chrome/72.0.3626.119+Safari/537.36 https://localhost:44389/Projects 400 0 64 2610
2019-03-01 22:31:24 ::1 GET /EmployeeTimes/ExportExcel - 44389 - ::1 Mozilla/5.0+(Windows+NT+10.0;+Win64;+x64)+AppleWebKit/537.36+(KHTML,+like+Gecko)+Chrome/72.0.3626.119+Safari/537.36 https://localhost:44389/EmployeeTimes 200 0 0 1349
2019-03-01 22:31:35 ::1 GET /EmployeeTimes - 44389 - ::1 Mozilla/5.0+(Windows+NT+6.2;+WOW64)+AppleWebKit/538.1+(KHTML,+like+Gecko)+Syncfusion+Safari/538.1 - 302 0 0 40
2019-03-01 22:31:35 ::1 GET /Identity/Account/Login ReturnUrl=%2FEmployeeTimes 44389 - ::1 Mozilla/5.0+(Windows+NT+6.2;+WOW64)+AppleWebKit/538.1+(KHTML,+like+Gecko)+Syncfusion+Safari/538.1 - 200 0 0 202
2019-03-01 22:31:35 ::1 GET /lib/bootstrap/dist/css/bootstrap.css - 44389 - ::1 Mozilla/5.0+(Windows+NT+6.2;+WOW64)+AppleWebKit/538.1+(KHTML,+like+Gecko)+Syncfusion+Safari/538.1 https://localhost:44389/Identity/Account/Login?ReturnUrl=%2FEmployeeTimes 200 0 0 30
2019-03-01 22:31:35 ::1 GET /js/site.js v=4q1jwFhaPaZgr8WAUSrux6hAuh0XDg9kPS3xIVq36I0 44389 - ::1 Mozilla/5.0+(Windows+NT+6.2;+WOW64)+AppleWebKit/538.1+(KHTML,+like+Gecko)+Syncfusion+Safari/538.1 https://localhost:44389/Identity/Account/Login?ReturnUrl=%2FEmployeeTimes 200 0 0 72
2019-03-01 22:31:35 ::1 GET /css/site.css - 44389 - ::1 Mozilla/5.0+(Windows+NT+6.2;+WOW64)+AppleWebKit/538.1+(KHTML,+like+Gecko)+Syncfusion+Safari/538.1 https://localhost:44389/Identity/Account/Login?ReturnUrl=%2FEmployeeTimes 200 0 0 78
2019-03-01 22:31:35 ::1 GET /Identity/lib/jquery-validation-unobtrusive/jquery.validate.unobtrusive.js - 44389 - ::1 Mozilla/5.0+(Windows+NT+6.2;+WOW64)+AppleWebKit/538.1+(KHTML,+like+Gecko)+Syncfusion+Safari/538.1 https://localhost:44389/Identity/Account/Login?ReturnUrl=%2FEmployeeTimes 200 0 0 86
2019-03-01 22:31:35 ::1 GET /Identity/lib/jquery-validation/dist/jquery.validate.js - 44389 - ::1 Mozilla/5.0+(Windows+NT+6.2;+WOW64)+AppleWebKit/538.1+(KHTML,+like+Gecko)+Syncfusion+Safari/538.1 https://localhost:44389/Identity/Account/Login?ReturnUrl=%2FEmployeeTimes 200 0 0 98
2019-03-01 22:31:35 ::1 GET /lib/bootstrap/dist/js/bootstrap.js - 44389 - ::1 Mozilla/5.0+(Windows+NT+6.2;+WOW64)+AppleWebKit/538.1+(KHTML,+like+Gecko)+Syncfusion+Safari/538.1 https://localhost:44389/Identity/Account/Login?ReturnUrl=%2FEmployeeTimes 200 0 0 109
2019-03-01 22:31:35 ::1 GET /lib/jquery/dist/jquery.js - 44389 - ::1 Mozilla/5.0+(Windows+NT+6.2;+WOW64)+AppleWebKit/538.1+(KHTML,+like+Gecko)+Syncfusion+Safari/538.1 https://localhost:44389/Identity/Account/Login?ReturnUrl=%2FEmployeeTimes 200 0 0 173
2019-03-01 22:31:35 ::1 GET /lib/bootstrap/dist/fonts/glyphicons-halflings-regular.woff - 44389 - ::1 Mozilla/5.0+(Windows+NT+6.2;+WOW64)+AppleWebKit/538.1+(KHTML,+like+Gecko)+Syncfusion+Safari/538.1 https://localhost:44389/Identity/Account/Login?ReturnUrl=%2FEmployeeTimes 200 0 0 21
2019-03-01 22:31:35 ::1 GET /lib/bootstrap/dist/fonts/glyphicons-halflings-regular.ttf - 44389 - ::1 Mozilla/5.0+(Windows+NT+6.2;+WOW64)+AppleWebKit/538.1+(KHTML,+like+Gecko)+Syncfusion+Safari/538.1 https://localhost:44389/Identity/Account/Login?ReturnUrl=%2FEmployeeTimes 200 0 0 13
2019-03-01 22:31:35 ::1 GET /lib/bootstrap/dist/fonts/glyphicons-halflings-regular.svg - 44389 - ::1 Mozilla/5.0+(Windows+NT+6.2;+WOW64)+AppleWebKit/538.1+(KHTML,+like+Gecko)+Syncfusion+Safari/538.1 https://localhost:44389/Identity/Account/Login?ReturnUrl=%2FEmployeeTimes 400 0 64 2
2019-03-01 22:31:37 ::1 GET /EmployeeTimes/ExportToPDF - 44389 - ::1 Mozilla/5.0+(Windows+NT+10.0;+Win64;+x64)+AppleWebKit/537.36+(KHTML,+like+Gecko)+Chrome/72.0.3626.119+Safari/537.36 https://localhost:44389/EmployeeTimes 200 0 0 3758
2019-03-01 22:31:58 ::1 GET /EmployeeTimes - 44389 - ::1 Mozilla/5.0+(Windows+NT+6.2;+WOW64)+AppleWebKit/538.1+(KHTML,+like+Gecko)+Syncfusion+Safari/538.1 - 302 0 0 34
2019-03-01 22:31:58 ::1 GET /Identity/Account/Login ReturnUrl=%2FEmployeeTimes 44389 - ::1 Mozilla/5.0+(Windows+NT+6.2;+WOW64)+AppleWebKit/538.1+(KHTML,+like+Gecko)+Syncfusion+Safari/538.1 - 200 0 0 28
2019-03-01 22:31:58 ::1 GET /lib/bootstrap/dist/css/bootstrap.css - 44389 - ::1 Mozilla/5.0+(Windows+NT+6.2;+WOW64)+AppleWebKit/538.1+(KHTML,+like+Gecko)+Syncfusion+Safari/538.1 https://localhost:44389/Identity/Account/Login?ReturnUrl=%2FEmployeeTimes 200 0 0 38
2019-03-01 22:31:58 ::1 GET /css/site.css - 44389 - ::1 Mozilla/5.0+(Windows+NT+6.2;+WOW64)+AppleWebKit/538.1+(KHTML,+like+Gecko)+Syncfusion+Safari/538.1 https://localhost:44389/Identity/Account/Login?ReturnUrl=%2FEmployeeTimes 200 0 0 60
2019-03-01 22:31:58 ::1 GET /Identity/lib/jquery-validation-unobtrusive/jquery.validate.unobtrusive.js - 44389 - ::1 Mozilla/5.0+(Windows+NT+6.2;+WOW64)+AppleWebKit/538.1+(KHTML,+like+Gecko)+Syncfusion+Safari/538.1 https://localhost:44389/Identity/Account/Login?ReturnUrl=%2FEmployeeTimes 200 0 0 64
2019-03-01 22:31:58 ::1 GET /lib/bootstrap/dist/js/bootstrap.js - 44389 - ::1 Mozilla/5.0+(Windows+NT+6.2;+WOW64)+AppleWebKit/538.1+(KHTML,+like+Gecko)+Syncfusion+Safari/538.1 https://localhost:44389/Identity/Account/Login?ReturnUrl=%2FEmployeeTimes 200 0 0 98
2019-03-01 22:31:58 ::1 GET /Identity/lib/jquery-validation/dist/jquery.validate.js - 44389 - ::1 Mozilla/5.0+(Windows+NT+6.2;+WOW64)+AppleWebKit/538.1+(KHTML,+like+Gecko)+Syncfusion+Safari/538.1 https://localhost:44389/Identity/Account/Login?ReturnUrl=%2FEmployeeTimes 200 0 0 100
2019-03-01 22:31:58 ::1 GET /js/site.js v=4q1jwFhaPaZgr8WAUSrux6hAuh0XDg9kPS3xIVq36I0 44389 - ::1 Mozilla/5.0+(Windows+NT+6.2;+WOW64)+AppleWebKit/538.1+(KHTML,+like+Gecko)+Syncfusion+Safari/538.1 https://localhost:44389/Identity/Account/Login?ReturnUrl=%2FEmployeeTimes 200 0 0 115
2019-03-01 22:31:58 ::1 GET /lib/jquery/dist/jquery.js - 44389 - ::1 Mozilla/5.0+(Windows+NT+6.2;+WOW64)+AppleWebKit/538.1+(KHTML,+like+Gecko)+Syncfusion+Safari/538.1 https://localhost:44389/Identity/Account/Login?ReturnUrl=%2FEmployeeTimes 200 0 0 144
2019-03-01 22:31:58 ::1 GET /lib/bootstrap/dist/fonts/glyphicons-halflings-regular.woff - 44389 - ::1 Mozilla/5.0+(Windows+NT+6.2;+WOW64)+AppleWebKit/538.1+(KHTML,+like+Gecko)+Syncfusion+Safari/538.1 https://localhost:44389/Identity/Account/Login?ReturnUrl=%2FEmployeeTimes 200 0 0 35
2019-03-01 22:31:58 ::1 GET /lib/bootstrap/dist/fonts/glyphicons-halflings-regular.ttf - 44389 - ::1 Mozilla/5.0+(Windows+NT+6.2;+WOW64)+AppleWebKit/538.1+(KHTML,+like+Gecko)+Syncfusion+Safari/538.1 https://localhost:44389/Identity/Account/Login?ReturnUrl=%2FEmployeeTimes 200 0 0 27
2019-03-01 22:31:58 ::1 GET /lib/bootstrap/dist/fonts/glyphicons-halflings-regular.svg - 44389 - ::1 Mozilla/5.0+(Windows+NT+6.2;+WOW64)+AppleWebKit/538.1+(KHTML,+like+Gecko)+Syncfusion+Safari/538.1 https://localhost:44389/Identity/Account/Login?ReturnUrl=%2FEmployeeTimes 400 0 64 3
2019-03-01 22:31:58 ::1 GET /EmployeeTimes/ExportToPDF - 44389 - ::1 Mozilla/5.0+(Windows+NT+10.0;+Win64;+x64)+AppleWebKit/537.36+(KHTML,+like+Gecko)+Chrome/72.0.3626.119+Safari/537.36 https://localhost:44389/EmployeeTimes 200 0 0 1777
