#Software: Microsoft Internet Information Services 10.0
#Version: 1.0
#Date: 2019-03-04 17:01:04
#Fields: date time s-ip cs-method cs-uri-stem cs-uri-query s-port cs-username c-ip cs(User-Agent) cs(Referer) sc-status sc-substatus sc-win32-status time-taken
2019-03-04 17:01:04 ::1 DEBUG / - 50267 - ::1 - - 200 0 64 9211
2019-03-04 17:01:08 ::1 GET / - 44389 - ::1 Mozilla/5.0+(Windows+NT+10.0;+Win64;+x64)+AppleWebKit/537.36+(KHTML,+like+Gecko)+Chrome/72.0.3626.119+Safari/537.36 - 200 0 0 11191
2019-03-04 17:01:08 ::1 GET /lib/bootstrap/dist/css/bootstrap.css - 44389 - ::1 Mozilla/5.0+(Windows+NT+10.0;+Win64;+x64)+AppleWebKit/537.36+(KHTML,+like+Gecko)+Chrome/72.0.3626.119+Safari/537.36 https://localhost:44389/ 304 0 0 115
2019-03-04 17:01:08 ::1 GET /js/site.js v=4q1jwFhaPaZgr8WAUSrux6hAuh0XDg9kPS3xIVq36I0 44389 - ::1 Mozilla/5.0+(Windows+NT+10.0;+Win64;+x64)+AppleWebKit/537.36+(KHTML,+like+Gecko)+Chrome/72.0.3626.119+Safari/537.36 https://localhost:44389/ 304 0 0 120
2019-03-04 17:01:08 ::1 GET /lib/bootstrap/dist/js/bootstrap.js - 44389 - ::1 Mozilla/5.0+(Windows+NT+10.0;+Win64;+x64)+AppleWebKit/537.36+(KHTML,+like+Gecko)+Chrome/72.0.3626.119+Safari/537.36 https://localhost:44389/ 304 0 0 135
2019-03-04 17:01:08 ::1 GET /css/site.css - 44389 - ::1 Mozilla/5.0+(Windows+NT+10.0;+Win64;+x64)+AppleWebKit/537.36+(KHTML,+like+Gecko)+Chrome/72.0.3626.119+Safari/537.36 https://localhost:44389/ 304 0 0 141
2019-03-04 17:01:08 ::1 GET /lib/jquery/dist/jquery.js - 44389 - ::1 Mozilla/5.0+(Windows+NT+10.0;+Win64;+x64)+AppleWebKit/537.36+(KHTML,+like+Gecko)+Chrome/72.0.3626.119+Safari/537.36 https://localhost:44389/ 304 0 0 139
2019-03-04 17:01:08 ::1 GET /images/theREdPointe.png - 44389 - ::1 Mozilla/5.0+(Windows+NT+10.0;+Win64;+x64)+AppleWebKit/537.36+(KHTML,+like+Gecko)+Chrome/72.0.3626.119+Safari/537.36 https://localhost:44389/ 304 0 0 139
2019-03-04 17:01:08 ::1 GET /images/Redpointe+Blk+Bkgd.jpg - 44389 - ::1 Mozilla/5.0+(Windows+NT+10.0;+Win64;+x64)+AppleWebKit/537.36+(KHTML,+like+Gecko)+Chrome/72.0.3626.119+Safari/537.36 https://localhost:44389/ 304 0 0 178
2019-03-04 17:01:08 ::1 GET /lib/bootstrap/dist/fonts/glyphicons-halflings-regular.woff2 - 44389 - ::1 Mozilla/5.0+(Windows+NT+10.0;+Win64;+x64)+AppleWebKit/537.36+(KHTML,+like+Gecko)+Chrome/72.0.3626.119+Safari/537.36 https://localhost:44389/lib/bootstrap/dist/css/bootstrap.css 304 0 0 64
2019-03-04 17:01:08 ::1 GET /lib/bootstrap/dist/fonts/glyphicons-halflings-regular.woff - 44389 - ::1 Mozilla/5.0+(Windows+NT+10.0;+Win64;+x64)+AppleWebKit/537.36+(KHTML,+like+Gecko)+Chrome/72.0.3626.119+Safari/537.36 https://localhost:44389/lib/bootstrap/dist/css/bootstrap.css 304 0 0 121
2019-03-04 17:01:08 ::1 GET /lib/bootstrap/dist/fonts/glyphicons-halflings-regular.ttf - 44389 - ::1 Mozilla/5.0+(Windows+NT+10.0;+Win64;+x64)+AppleWebKit/537.36+(KHTML,+like+Gecko)+Chrome/72.0.3626.119+Safari/537.36 https://localhost:44389/lib/bootstrap/dist/css/bootstrap.css 304 0 0 19
2019-03-04 17:01:08 ::1 GET /favicon.ico - 44389 - ::1 Mozilla/5.0+(Windows+NT+10.0;+Win64;+x64)+AppleWebKit/537.36+(KHTML,+like+Gecko)+Chrome/72.0.3626.119+Safari/537.36 https://localhost:44389/ 304 0 0 28
2019-03-04 17:01:11 ::1 GET /ErrorTracking - 44389 - ::1 Mozilla/5.0+(Windows+NT+10.0;+Win64;+x64)+AppleWebKit/537.36+(KHTML,+like+Gecko)+Chrome/72.0.3626.119+Safari/537.36 https://localhost:44389/ 404 0 0 18
2019-03-04 17:01:15 ::1 GET /ErrorTracking - 44389 - ::1 Mozilla/5.0+(Windows+NT+10.0;+Win64;+x64)+AppleWebKit/537.36+(KHTML,+like+Gecko)+Chrome/72.0.3626.119+Safari/537.36 https://localhost:44389/ 404 0 0 14
#Software: Microsoft Internet Information Services 10.0
#Version: 1.0
#Date: 2019-03-04 17:01:54
#Fields: date time s-ip cs-method cs-uri-stem cs-uri-query s-port cs-username c-ip cs(User-Agent) cs(Referer) sc-status sc-substatus sc-win32-status time-taken
2019-03-04 17:01:54 ::1 DEBUG / - 50267 - ::1 - - 200 0 64 8054
2019-03-04 17:01:55 ::1 GET / - 44389 - ::1 Mozilla/5.0+(Windows+NT+10.0;+Win64;+x64)+AppleWebKit/537.36+(KHTML,+like+Gecko)+Chrome/72.0.3626.119+Safari/537.36 - 200 0 0 7536
2019-03-04 17:01:57 ::1 GET /ErrorTracker - 44389 - ::1 Mozilla/5.0+(Windows+NT+10.0;+Win64;+x64)+AppleWebKit/537.36+(KHTML,+like+Gecko)+Chrome/72.0.3626.119+Safari/537.36 https://localhost:44389/ 500 0 0 462
2019-03-04 17:02:51 ::1 GET / - 44389 - ::1 Mozilla/5.0+(Windows+NT+10.0;+Win64;+x64)+AppleWebKit/537.36+(KHTML,+like+Gecko)+Chrome/72.0.3626.119+Safari/537.36 - 200 0 0 104
2019-03-04 17:02:54 ::1 GET /EmployeeTimes - 44389 - ::1 Mozilla/5.0+(Windows+NT+10.0;+Win64;+x64)+AppleWebKit/537.36+(KHTML,+like+Gecko)+Chrome/72.0.3626.119+Safari/537.36 https://localhost:44389/ 200 0 0 2077
2019-03-04 17:02:59 ::1 GET /ErrorTracker - 44389 - ::1 Mozilla/5.0+(Windows+NT+10.0;+Win64;+x64)+AppleWebKit/537.36+(KHTML,+like+Gecko)+Chrome/72.0.3626.119+Safari/537.36 https://localhost:44389/EmployeeTimes 200 0 0 2371
2019-03-04 17:03:41 ::1 GET /ErrorTracker - 44389 - ::1 Mozilla/5.0+(Windows+NT+10.0;+Win64;+x64)+AppleWebKit/537.36+(KHTML,+like+Gecko)+Chrome/72.0.3626.119+Safari/537.36 https://localhost:44389/EmployeeTimes 200 0 0 456
2019-03-04 17:03:41 ::1 GET /favicon.ico - 44389 - ::1 Mozilla/5.0+(Windows+NT+10.0;+Win64;+x64)+AppleWebKit/537.36+(KHTML,+like+Gecko)+Chrome/72.0.3626.119+Safari/537.36 https://localhost:44389/ErrorTracker 200 0 0 53
#Software: Microsoft Internet Information Services 10.0
#Version: 1.0
#Date: 2019-03-04 17:14:38
#Fields: date time s-ip cs-method cs-uri-stem cs-uri-query s-port cs-username c-ip cs(User-Agent) cs(Referer) sc-status sc-substatus sc-win32-status time-taken
2019-03-04 17:14:38 ::1 DEBUG / - 50267 - ::1 - - 200 0 64 8483
2019-03-04 17:14:39 ::1 GET / - 44389 - ::1 Mozilla/5.0+(Windows+NT+10.0;+Win64;+x64)+AppleWebKit/537.36+(KHTML,+like+Gecko)+Chrome/72.0.3626.119+Safari/537.36 - 200 0 0 6818
2019-03-04 17:14:41 ::1 GET /ErrorTracker - 44389 - ::1 Mozilla/5.0+(Windows+NT+10.0;+Win64;+x64)+AppleWebKit/537.36+(KHTML,+like+Gecko)+Chrome/72.0.3626.119+Safari/537.36 https://localhost:44389/ 200 0 0 153
2019-03-04 17:14:44 ::1 GET /ErrorTracker/Create - 44389 - ::1 Mozilla/5.0+(Windows+NT+10.0;+Win64;+x64)+AppleWebKit/537.36+(KHTML,+like+Gecko)+Chrome/72.0.3626.119+Safari/537.36 https://localhost:44389/ErrorTracker 200 0 0 334
2019-03-04 17:14:50 ::1 GET /ErrorTracker - 44389 - ::1 Mozilla/5.0+(Windows+NT+10.0;+Win64;+x64)+AppleWebKit/537.36+(KHTML,+like+Gecko)+Chrome/72.0.3626.119+Safari/537.36 https://localhost:44389/ 200 0 0 54
#Software: Microsoft Internet Information Services 10.0
#Version: 1.0
#Date: 2019-03-04 17:43:20
#Fields: date time s-ip cs-method cs-uri-stem cs-uri-query s-port cs-username c-ip cs(User-Agent) cs(Referer) sc-status sc-substatus sc-win32-status time-taken
2019-03-04 17:43:20 ::1 DEBUG / - 50267 - ::1 - - 200 0 64 9954
2019-03-04 17:43:24 ::1 GET / - 44389 - ::1 Mozilla/5.0+(Windows+NT+10.0;+Win64;+x64)+AppleWebKit/537.36+(KHTML,+like+Gecko)+Chrome/72.0.3626.119+Safari/537.36 - 200 0 0 9796
2019-03-04 17:43:26 ::1 GET /ErrorTracker - 44389 - ::1 Mozilla/5.0+(Windows+NT+10.0;+Win64;+x64)+AppleWebKit/537.36+(KHTML,+like+Gecko)+Chrome/72.0.3626.119+Safari/537.36 https://localhost:44389/ 200 0 0 125
2019-03-04 17:43:30 ::1 GET /ErrorTracker/Create - 44389 - ::1 Mozilla/5.0+(Windows+NT+10.0;+Win64;+x64)+AppleWebKit/537.36+(KHTML,+like+Gecko)+Chrome/72.0.3626.119+Safari/537.36 https://localhost:44389/ErrorTracker 200 0 0 243
2019-03-04 17:43:32 ::1 GET /ErrorTracker - 44389 - ::1 Mozilla/5.0+(Windows+NT+10.0;+Win64;+x64)+AppleWebKit/537.36+(KHTML,+like+Gecko)+Chrome/72.0.3626.119+Safari/537.36 https://localhost:44389/ 200 0 0 43
2019-03-04 17:43:36 ::1 GET /Customers - 44389 - ::1 Mozilla/5.0+(Windows+NT+10.0;+Win64;+x64)+AppleWebKit/537.36+(KHTML,+like+Gecko)+Chrome/72.0.3626.119+Safari/537.36 https://localhost:44389/ErrorTracker 200 0 0 403
2019-03-04 17:43:37 ::1 GET /ErrorTracker - 44389 - ::1 Mozilla/5.0+(Windows+NT+10.0;+Win64;+x64)+AppleWebKit/537.36+(KHTML,+like+Gecko)+Chrome/72.0.3626.119+Safari/537.36 https://localhost:44389/Customers 200 0 0 45
2019-03-04 17:43:38 ::1 GET /ErrorTracker/Create - 44389 - ::1 Mozilla/5.0+(Windows+NT+10.0;+Win64;+x64)+AppleWebKit/537.36+(KHTML,+like+Gecko)+Chrome/72.0.3626.119+Safari/537.36 https://localhost:44389/ErrorTracker 200 0 0 85
2019-03-04 17:43:50 ::1 GET /ErrorTracker - 44389 - ::1 Mozilla/5.0+(Windows+NT+10.0;+Win64;+x64)+AppleWebKit/537.36+(KHTML,+like+Gecko)+Chrome/72.0.3626.119+Safari/537.36 https://localhost:44389/ErrorTracker/Create 200 0 0 68
#Software: Microsoft Internet Information Services 10.0
#Version: 1.0
#Date: 2019-03-04 17:49:36
#Fields: date time s-ip cs-method cs-uri-stem cs-uri-query s-port cs-username c-ip cs(User-Agent) cs(Referer) sc-status sc-substatus sc-win32-status time-taken
2019-03-04 17:49:36 ::1 DEBUG / - 50267 - ::1 - - 200 0 64 8808
2019-03-04 17:49:38 ::1 GET / - 44389 - ::1 Mozilla/5.0+(Windows+NT+10.0;+Win64;+x64)+AppleWebKit/537.36+(KHTML,+like+Gecko)+Chrome/72.0.3626.119+Safari/537.36 - 200 0 0 7607
2019-03-04 17:50:15 ::1 GET /ErrorTracker - 44389 - ::1 Mozilla/5.0+(Windows+NT+10.0;+Win64;+x64)+AppleWebKit/537.36+(KHTML,+like+Gecko)+Chrome/72.0.3626.119+Safari/537.36 https://localhost:44389/ 502 3 12030 35062
#Software: Microsoft Internet Information Services 10.0
#Version: 1.0
#Date: 2019-03-04 17:50:37
#Fields: date time s-ip cs-method cs-uri-stem cs-uri-query s-port cs-username c-ip cs(User-Agent) cs(Referer) sc-status sc-substatus sc-win32-status time-taken
2019-03-04 17:50:37 ::1 DEBUG / - 50267 - ::1 - - 200 0 64 8868
2019-03-04 17:50:39 ::1 GET / - 44389 - ::1 Mozilla/5.0+(Windows+NT+10.0;+Win64;+x64)+AppleWebKit/537.36+(KHTML,+like+Gecko)+Chrome/72.0.3626.119+Safari/537.36 - 200 0 0 7920
2019-03-04 17:50:59 ::1 GET /ErrorTracker - 44389 - ::1 Mozilla/5.0+(Windows+NT+10.0;+Win64;+x64)+AppleWebKit/537.36+(KHTML,+like+Gecko)+Chrome/72.0.3626.119+Safari/537.36 https://localhost:44389/ 502 3 12030 18239
#Software: Microsoft Internet Information Services 10.0
#Version: 1.0
#Date: 2019-03-04 17:55:12
#Fields: date time s-ip cs-method cs-uri-stem cs-uri-query s-port cs-username c-ip cs(User-Agent) cs(Referer) sc-status sc-substatus sc-win32-status time-taken
2019-03-04 17:55:12 ::1 DEBUG / - 50267 - ::1 - - 200 0 64 9935
2019-03-04 17:55:14 ::1 GET / - 44389 - ::1 Mozilla/5.0+(Windows+NT+10.0;+Win64;+x64)+AppleWebKit/537.36+(KHTML,+like+Gecko)+Chrome/72.0.3626.119+Safari/537.36 - 200 0 0 9215
2019-03-04 17:55:41 ::1 GET /ErrorTracker - 44389 - ::1 Mozilla/5.0+(Windows+NT+10.0;+Win64;+x64)+AppleWebKit/537.36+(KHTML,+like+Gecko)+Chrome/72.0.3626.119+Safari/537.36 https://localhost:44389/ 400 0 64 16397
2019-03-04 17:55:41 ::1 GET /ErrorTracker - 44389 - ::1 Mozilla/5.0+(Windows+NT+10.0;+Win64;+x64)+AppleWebKit/537.36+(KHTML,+like+Gecko)+Chrome/72.0.3626.119+Safari/537.36 https://localhost:44389/ 400 0 64 26060
2019-03-04 17:55:41 ::1 GET /ErrorTracker - 44389 - ::1 Mozilla/5.0+(Windows+NT+10.0;+Win64;+x64)+AppleWebKit/537.36+(KHTML,+like+Gecko)+Chrome/72.0.3626.119+Safari/537.36 https://localhost:44389/ 502 3 12030 11697
#Software: Microsoft Internet Information Services 10.0
#Version: 1.0
#Date: 2019-03-04 18:01:21
#Fields: date time s-ip cs-method cs-uri-stem cs-uri-query s-port cs-username c-ip cs(User-Agent) cs(Referer) sc-status sc-substatus sc-win32-status time-taken
2019-03-04 18:01:21 ::1 DEBUG / - 50267 - ::1 - - 200 0 64 8421
2019-03-04 18:01:23 ::1 GET / - 44389 - ::1 Mozilla/5.0+(Windows+NT+10.0;+Win64;+x64)+AppleWebKit/537.36+(KHTML,+like+Gecko)+Chrome/72.0.3626.119+Safari/537.36 - 200 0 0 7530
2019-03-04 18:01:26 ::1 GET /ErrorTracker - 44389 - ::1 Mozilla/5.0+(Windows+NT+10.0;+Win64;+x64)+AppleWebKit/537.36+(KHTML,+like+Gecko)+Chrome/72.0.3626.119+Safari/537.36 https://localhost:44389/ 200 0 0 1457
2019-03-04 18:02:03 ::1 DEBUG / - 50267 - ::1 - - 200 0 64 8963
2019-03-04 18:02:04 ::1 GET / - 44389 - ::1 Mozilla/5.0+(Windows+NT+10.0;+Win64;+x64)+AppleWebKit/537.36+(KHTML,+like+Gecko)+Chrome/72.0.3626.119+Safari/537.36 - 200 0 0 8596
2019-03-04 18:02:55 ::1 GET /ErrorTracker - 44389 - ::1 Mozilla/5.0+(Windows+NT+10.0;+Win64;+x64)+AppleWebKit/537.36+(KHTML,+like+Gecko)+Chrome/72.0.3626.119+Safari/537.36 https://localhost:44389/ 502 3 12030 45636
#Software: Microsoft Internet Information Services 10.0
#Version: 1.0
#Date: 2019-03-04 18:08:37
#Fields: date time s-ip cs-method cs-uri-stem cs-uri-query s-port cs-username c-ip cs(User-Agent) cs(Referer) sc-status sc-substatus sc-win32-status time-taken
2019-03-04 18:08:37 ::1 DEBUG / - 50267 - ::1 - - 200 0 64 8959
2019-03-04 18:08:39 ::1 GET / - 44389 - ::1 Mozilla/5.0+(Windows+NT+10.0;+Win64;+x64)+AppleWebKit/537.36+(KHTML,+like+Gecko)+Chrome/72.0.3626.119+Safari/537.36 - 200 0 0 8135
2019-03-04 18:19:15 ::1 GET /ErrorTracker - 44389 - ::1 Mozilla/5.0+(Windows+NT+10.0;+Win64;+x64)+AppleWebKit/537.36+(KHTML,+like+Gecko)+Chrome/72.0.3626.119+Safari/537.36 https://localhost:44389/ 500 0 0 371724
2019-03-04 18:19:20 ::1 GET / - 44389 - ::1 Mozilla/5.0+(Windows+NT+10.0;+Win64;+x64)+AppleWebKit/537.36+(KHTML,+like+Gecko)+Chrome/72.0.3626.119+Safari/537.36 - 200 0 0 1570
2019-03-04 18:19:44 ::1 GET /ErrorTracker - 44389 - ::1 Mozilla/5.0+(Windows+NT+10.0;+Win64;+x64)+AppleWebKit/537.36+(KHTML,+like+Gecko)+Chrome/72.0.3626.119+Safari/537.36 https://localhost:44389/ 500 0 0 2390
2019-03-04 18:20:18 ::1 GET /ErrorTracker - 44389 - ::1 Mozilla/5.0+(Windows+NT+10.0;+Win64;+x64)+AppleWebKit/537.36+(KHTML,+like+Gecko)+Chrome/72.0.3626.119+Safari/537.36 https://localhost:44389/ 200 0 0 1349
2019-03-04 18:20:18 ::1 GET /favicon.ico - 44389 - ::1 Mozilla/5.0+(Windows+NT+10.0;+Win64;+x64)+AppleWebKit/537.36+(KHTML,+like+Gecko)+Chrome/72.0.3626.119+Safari/537.36 https://localhost:44389/ErrorTracker 200 0 0 108
2019-03-04 18:21:23 ::1 GET /ErrorTracker/Create - 44389 - ::1 Mozilla/5.0+(Windows+NT+10.0;+Win64;+x64)+AppleWebKit/537.36+(KHTML,+like+Gecko)+Chrome/72.0.3626.119+Safari/537.36 https://localhost:44389/ErrorTracker 200 0 0 350
2019-03-04 18:21:32 ::1 POST /ErrorTracker/Create - 44389 - ::1 Mozilla/5.0+(Windows+NT+10.0;+Win64;+x64)+AppleWebKit/537.36+(KHTML,+like+Gecko)+Chrome/72.0.3626.119+Safari/537.36 https://localhost:44389/ErrorTracker/Create 200 0 0 61
2019-03-04 18:21:34 ::1 GET /ErrorTracker/Create - 44389 - ::1 Mozilla/5.0+(Windows+NT+10.0;+Win64;+x64)+AppleWebKit/537.36+(KHTML,+like+Gecko)+Chrome/72.0.3626.119+Safari/537.36 https://localhost:44389/ErrorTracker 200 0 0 44
2019-03-04 18:21:39 ::1 GET /ErrorTracker - 44389 - ::1 Mozilla/5.0+(Windows+NT+10.0;+Win64;+x64)+AppleWebKit/537.36+(KHTML,+like+Gecko)+Chrome/72.0.3626.119+Safari/537.36 https://localhost:44389/ 200 0 0 237
#Software: Microsoft Internet Information Services 10.0
#Version: 1.0
#Date: 2019-03-04 18:56:25
#Fields: date time s-ip cs-method cs-uri-stem cs-uri-query s-port cs-username c-ip cs(User-Agent) cs(Referer) sc-status sc-substatus sc-win32-status time-taken
2019-03-04 18:56:25 ::1 DEBUG / - 50267 - ::1 - - 200 0 64 9243
2019-03-04 18:56:29 ::1 GET / - 44389 - ::1 Mozilla/5.0+(Windows+NT+10.0;+Win64;+x64)+AppleWebKit/537.36+(KHTML,+like+Gecko)+Chrome/72.0.3626.119+Safari/537.36 - 200 0 0 10310
2019-03-04 18:56:40 ::1 GET /ErrorTracker - 44389 - ::1 Mozilla/5.0+(Windows+NT+10.0;+Win64;+x64)+AppleWebKit/537.36+(KHTML,+like+Gecko)+Chrome/72.0.3626.119+Safari/537.36 https://localhost:44389/ 200 0 0 442
2019-03-04 18:56:42 ::1 GET /ErrorTracker/Create - 44389 - ::1 Mozilla/5.0+(Windows+NT+10.0;+Win64;+x64)+AppleWebKit/537.36+(KHTML,+like+Gecko)+Chrome/72.0.3626.119+Safari/537.36 https://localhost:44389/ErrorTracker 302 0 0 673
2019-03-04 18:56:42 ::1 GET /ErrorTracker - 44389 - ::1 Mozilla/5.0+(Windows+NT+10.0;+Win64;+x64)+AppleWebKit/537.36+(KHTML,+like+Gecko)+Chrome/72.0.3626.119+Safari/537.36 https://localhost:44389/ErrorTracker 200 0 0 226
2019-03-04 18:56:45 ::1 GET /ErrorTracker/Create - 44389 - ::1 Mozilla/5.0+(Windows+NT+10.0;+Win64;+x64)+AppleWebKit/537.36+(KHTML,+like+Gecko)+Chrome/72.0.3626.119+Safari/537.36 https://localhost:44389/ErrorTracker 302 0 0 356
2019-03-04 18:56:45 ::1 GET /ErrorTracker - 44389 - ::1 Mozilla/5.0+(Windows+NT+10.0;+Win64;+x64)+AppleWebKit/537.36+(KHTML,+like+Gecko)+Chrome/72.0.3626.119+Safari/537.36 https://localhost:44389/ErrorTracker 200 0 0 333
2019-03-04 18:56:55 ::1 GET /ErrorTracker/Create - 44389 - ::1 Mozilla/5.0+(Windows+NT+10.0;+Win64;+x64)+AppleWebKit/537.36+(KHTML,+like+Gecko)+Chrome/72.0.3626.119+Safari/537.36 https://localhost:44389/ErrorTracker 302 0 0 375
2019-03-04 18:56:55 ::1 GET /ErrorTracker - 44389 - ::1 Mozilla/5.0+(Windows+NT+10.0;+Win64;+x64)+AppleWebKit/537.36+(KHTML,+like+Gecko)+Chrome/72.0.3626.119+Safari/537.36 https://localhost:44389/ErrorTracker 200 0 0 231
2019-03-04 18:57:09 ::1 GET /ErrorTracker/Create - 44389 - ::1 Mozilla/5.0+(Windows+NT+10.0;+Win64;+x64)+AppleWebKit/537.36+(KHTML,+like+Gecko)+Chrome/72.0.3626.119+Safari/537.36 https://localhost:44389/ErrorTracker 302 0 0 583
2019-03-04 18:57:09 ::1 GET /ErrorTracker - 44389 - ::1 Mozilla/5.0+(Windows+NT+10.0;+Win64;+x64)+AppleWebKit/537.36+(KHTML,+like+Gecko)+Chrome/72.0.3626.119+Safari/537.36 https://localhost:44389/ErrorTracker 200 0 0 280
#Software: Microsoft Internet Information Services 10.0
#Version: 1.0
#Date: 2019-03-04 19:00:12
#Fields: date time s-ip cs-method cs-uri-stem cs-uri-query s-port cs-username c-ip cs(User-Agent) cs(Referer) sc-status sc-substatus sc-win32-status time-taken
2019-03-04 19:00:12 ::1 DEBUG / - 50267 - ::1 - - 200 0 64 8657
2019-03-04 19:00:13 ::1 GET / - 44389 - ::1 Mozilla/5.0+(Windows+NT+10.0;+Win64;+x64)+AppleWebKit/537.36+(KHTML,+like+Gecko)+Chrome/72.0.3626.119+Safari/537.36 - 200 0 0 7543
2019-03-04 19:00:17 ::1 GET /ErrorTracker - 44389 - ::1 Mozilla/5.0+(Windows+NT+10.0;+Win64;+x64)+AppleWebKit/537.36+(KHTML,+like+Gecko)+Chrome/72.0.3626.119+Safari/537.36 https://localhost:44389/ 200 0 0 1491
2019-03-04 19:00:18 ::1 GET /ErrorTracker/Create - 44389 - ::1 Mozilla/5.0+(Windows+NT+10.0;+Win64;+x64)+AppleWebKit/537.36+(KHTML,+like+Gecko)+Chrome/72.0.3626.119+Safari/537.36 https://localhost:44389/ErrorTracker 500 0 0 878
#Software: Microsoft Internet Information Services 10.0
#Version: 1.0
#Date: 2019-03-04 19:01:32
#Fields: date time s-ip cs-method cs-uri-stem cs-uri-query s-port cs-username c-ip cs(User-Agent) cs(Referer) sc-status sc-substatus sc-win32-status time-taken
2019-03-04 19:01:32 ::1 DEBUG / - 50267 - ::1 - - 200 0 64 10416
2019-03-04 19:01:33 ::1 GET / - 44389 - ::1 Mozilla/5.0+(Windows+NT+10.0;+Win64;+x64)+AppleWebKit/537.36+(KHTML,+like+Gecko)+Chrome/72.0.3626.119+Safari/537.36 - 200 0 0 7795
2019-03-04 19:01:37 ::1 GET /ErrorTracker - 44389 - ::1 Mozilla/5.0+(Windows+NT+10.0;+Win64;+x64)+AppleWebKit/537.36+(KHTML,+like+Gecko)+Chrome/72.0.3626.119+Safari/537.36 https://localhost:44389/ 200 0 0 1516
2019-03-04 19:01:40 ::1 GET /ErrorTracker/Create - 44389 - ::1 Mozilla/5.0+(Windows+NT+10.0;+Win64;+x64)+AppleWebKit/537.36+(KHTML,+like+Gecko)+Chrome/72.0.3626.119+Safari/537.36 https://localhost:44389/ErrorTracker 500 0 0 849
2019-03-04 19:04:15 ::1 GET /ErrorTracker - 44389 - ::1 Mozilla/5.0+(Windows+NT+10.0;+Win64;+x64)+AppleWebKit/537.36+(KHTML,+like+Gecko)+Chrome/72.0.3626.119+Safari/537.36 https://localhost:44389/ 200 0 0 333
2019-03-04 19:04:21 ::1 GET /ErrorTracker/Create - 44389 - ::1 Mozilla/5.0+(Windows+NT+10.0;+Win64;+x64)+AppleWebKit/537.36+(KHTML,+like+Gecko)+Chrome/72.0.3626.119+Safari/537.36 https://localhost:44389/ErrorTracker 200 0 0 2945
2019-03-04 19:16:47 ::1 GET /ErrorTracker/Create - 44389 - ::1 Mozilla/5.0+(Windows+NT+10.0;+Win64;+x64)+AppleWebKit/537.36+(KHTML,+like+Gecko)+Chrome/72.0.3626.119+Safari/537.36 https://localhost:44389/ErrorTracker 500 0 0 775
2019-03-04 19:16:47 ::1 GET /favicon.ico - 44389 - ::1 Mozilla/5.0+(Windows+NT+10.0;+Win64;+x64)+AppleWebKit/537.36+(KHTML,+like+Gecko)+Chrome/72.0.3626.119+Safari/537.36 https://localhost:44389/ErrorTracker/Create 200 0 0 49
#Software: Microsoft Internet Information Services 10.0
#Version: 1.0
#Date: 2019-03-04 19:18:31
#Fields: date time s-ip cs-method cs-uri-stem cs-uri-query s-port cs-username c-ip cs(User-Agent) cs(Referer) sc-status sc-substatus sc-win32-status time-taken
2019-03-04 19:18:31 ::1 DEBUG / - 50267 - ::1 - - 200 0 64 8717
2019-03-04 19:18:32 ::1 GET / - 44389 - ::1 Mozilla/5.0+(Windows+NT+10.0;+Win64;+x64)+AppleWebKit/537.36+(KHTML,+like+Gecko)+Chrome/72.0.3626.119+Safari/537.36 - 200 0 0 7519
2019-03-04 19:18:35 ::1 GET /ErrorTracker - 44389 - ::1 Mozilla/5.0+(Windows+NT+10.0;+Win64;+x64)+AppleWebKit/537.36+(KHTML,+like+Gecko)+Chrome/72.0.3626.119+Safari/537.36 https://localhost:44389/ 200 0 0 1712
2019-03-04 19:18:37 ::1 GET /ErrorTracker/Create - 44389 - ::1 Mozilla/5.0+(Windows+NT+10.0;+Win64;+x64)+AppleWebKit/537.36+(KHTML,+like+Gecko)+Chrome/72.0.3626.119+Safari/537.36 https://localhost:44389/ErrorTracker 500 0 0 850
2019-03-04 19:18:54 ::1 GET /ErrorTracker/Create - 44389 - ::1 Mozilla/5.0+(Windows+NT+10.0;+Win64;+x64)+AppleWebKit/537.36+(KHTML,+like+Gecko)+Chrome/72.0.3626.119+Safari/537.36 https://localhost:44389/ErrorTracker 200 0 0 2941
2019-03-04 19:18:54 ::1 GET /favicon.ico - 44389 - ::1 Mozilla/5.0+(Windows+NT+10.0;+Win64;+x64)+AppleWebKit/537.36+(KHTML,+like+Gecko)+Chrome/72.0.3626.119+Safari/537.36 https://localhost:44389/ErrorTracker/Create 200 0 0 42
#Software: Microsoft Internet Information Services 10.0
#Version: 1.0
#Date: 2019-03-04 19:21:30
#Fields: date time s-ip cs-method cs-uri-stem cs-uri-query s-port cs-username c-ip cs(User-Agent) cs(Referer) sc-status sc-substatus sc-win32-status time-taken
2019-03-04 19:21:30 ::1 DEBUG / - 50267 - ::1 - - 200 0 64 8417
2019-03-04 19:21:31 ::1 GET / - 44389 - ::1 Mozilla/5.0+(Windows+NT+10.0;+Win64;+x64)+AppleWebKit/537.36+(KHTML,+like+Gecko)+Chrome/72.0.3626.119+Safari/537.36 - 200 0 0 7382
2019-03-04 19:21:36 ::1 GET /ErrorTracker - 44389 - ::1 Mozilla/5.0+(Windows+NT+10.0;+Win64;+x64)+AppleWebKit/537.36+(KHTML,+like+Gecko)+Chrome/72.0.3626.119+Safari/537.36 https://localhost:44389/ 200 0 0 1842
2019-03-04 19:21:38 ::1 GET /ErrorTracker/Create - 44389 - ::1 Mozilla/5.0+(Windows+NT+10.0;+Win64;+x64)+AppleWebKit/537.36+(KHTML,+like+Gecko)+Chrome/72.0.3626.119+Safari/537.36 https://localhost:44389/ErrorTracker 200 0 0 257
#Software: Microsoft Internet Information Services 10.0
#Version: 1.0
#Date: 2019-03-04 19:23:14
#Fields: date time s-ip cs-method cs-uri-stem cs-uri-query s-port cs-username c-ip cs(User-Agent) cs(Referer) sc-status sc-substatus sc-win32-status time-taken
2019-03-04 19:23:14 ::1 DEBUG / - 50267 - ::1 - - 200 0 64 8946
2019-03-04 19:23:15 ::1 GET / - 44389 - ::1 Mozilla/5.0+(Windows+NT+10.0;+Win64;+x64)+AppleWebKit/537.36+(KHTML,+like+Gecko)+Chrome/72.0.3626.119+Safari/537.36 - 200 0 0 8188
2019-03-04 19:23:18 ::1 GET /ErrorTracker - 44389 - ::1 Mozilla/5.0+(Windows+NT+10.0;+Win64;+x64)+AppleWebKit/537.36+(KHTML,+like+Gecko)+Chrome/72.0.3626.119+Safari/537.36 https://localhost:44389/ 200 0 0 1502
2019-03-04 19:23:19 ::1 GET /ErrorTracker/Create - 44389 - ::1 Mozilla/5.0+(Windows+NT+10.0;+Win64;+x64)+AppleWebKit/537.36+(KHTML,+like+Gecko)+Chrome/72.0.3626.119+Safari/537.36 https://localhost:44389/ErrorTracker 200 0 0 322
#Software: Microsoft Internet Information Services 10.0
#Version: 1.0
#Date: 2019-03-04 19:25:15
#Fields: date time s-ip cs-method cs-uri-stem cs-uri-query s-port cs-username c-ip cs(User-Agent) cs(Referer) sc-status sc-substatus sc-win32-status time-taken
2019-03-04 19:25:15 ::1 DEBUG / - 50267 - ::1 - - 200 0 64 9231
2019-03-04 19:25:17 ::1 GET / - 44389 - ::1 Mozilla/5.0+(Windows+NT+10.0;+Win64;+x64)+AppleWebKit/537.36+(KHTML,+like+Gecko)+Chrome/72.0.3626.119+Safari/537.36 - 200 0 0 8041
2019-03-04 19:25:20 ::1 GET /ErrorTracker - 44389 - ::1 Mozilla/5.0+(Windows+NT+10.0;+Win64;+x64)+AppleWebKit/537.36+(KHTML,+like+Gecko)+Chrome/72.0.3626.119+Safari/537.36 https://localhost:44389/ 200 0 0 1722
2019-03-04 19:25:21 ::1 GET /ErrorTracker/Create - 44389 - ::1 Mozilla/5.0+(Windows+NT+10.0;+Win64;+x64)+AppleWebKit/537.36+(KHTML,+like+Gecko)+Chrome/72.0.3626.119+Safari/537.36 https://localhost:44389/ErrorTracker 200 0 0 293
2019-03-04 19:28:48 ::1 GET /ErrorTracker - 44389 - ::1 Mozilla/5.0+(Windows+NT+10.0;+Win64;+x64)+AppleWebKit/537.36+(KHTML,+like+Gecko)+Chrome/72.0.3626.119+Safari/537.36 https://localhost:44389/ErrorTracker/Create 200 0 0 1832
2019-03-04 19:28:51 ::1 GET /Projects - 44389 - ::1 Mozilla/5.0+(Windows+NT+10.0;+Win64;+x64)+AppleWebKit/537.36+(KHTML,+like+Gecko)+Chrome/72.0.3626.119+Safari/537.36 https://localhost:44389/ErrorTracker 200 0 0 521
2019-03-04 19:28:54 ::1 GET /ErrorTracker - 44389 - ::1 Mozilla/5.0+(Windows+NT+10.0;+Win64;+x64)+AppleWebKit/537.36+(KHTML,+like+Gecko)+Chrome/72.0.3626.119+Safari/537.36 https://localhost:44389/Projects 200 0 0 242
#Software: Microsoft Internet Information Services 10.0
#Version: 1.0
#Date: 2019-03-04 19:29:57
#Fields: date time s-ip cs-method cs-uri-stem cs-uri-query s-port cs-username c-ip cs(User-Agent) cs(Referer) sc-status sc-substatus sc-win32-status time-taken
2019-03-04 19:29:57 ::1 DEBUG / - 50267 - ::1 - - 200 0 64 8958
2019-03-04 19:29:59 ::1 GET / - 44389 - ::1 Mozilla/5.0+(Windows+NT+10.0;+Win64;+x64)+AppleWebKit/537.36+(KHTML,+like+Gecko)+Chrome/72.0.3626.119+Safari/537.36 - 200 0 0 7980
2019-03-04 19:30:03 ::1 GET /ErrorTracker - 44389 - ::1 Mozilla/5.0+(Windows+NT+10.0;+Win64;+x64)+AppleWebKit/537.36+(KHTML,+like+Gecko)+Chrome/72.0.3626.119+Safari/537.36 https://localhost:44389/ 200 0 0 1723
2019-03-04 19:30:04 ::1 GET /ErrorTracker/Create - 44389 - ::1 Mozilla/5.0+(Windows+NT+10.0;+Win64;+x64)+AppleWebKit/537.36+(KHTML,+like+Gecko)+Chrome/72.0.3626.119+Safari/537.36 https://localhost:44389/ErrorTracker 200 0 0 258
2019-03-04 19:30:27 ::1 GET /ErrorTracker/Create - 44389 - ::1 Mozilla/5.0+(Windows+NT+10.0;+Win64;+x64)+AppleWebKit/537.36+(KHTML,+like+Gecko)+Chrome/72.0.3626.119+Safari/537.36 https://localhost:44389/ErrorTracker 200 0 0 2619
2019-03-04 19:30:27 ::1 GET /favicon.ico - 44389 - ::1 Mozilla/5.0+(Windows+NT+10.0;+Win64;+x64)+AppleWebKit/537.36+(KHTML,+like+Gecko)+Chrome/72.0.3626.119+Safari/537.36 https://localhost:44389/ErrorTracker/Create 200 0 0 35
#Software: Microsoft Internet Information Services 10.0
#Version: 1.0
#Date: 2019-03-04 19:32:05
#Fields: date time s-ip cs-method cs-uri-stem cs-uri-query s-port cs-username c-ip cs(User-Agent) cs(Referer) sc-status sc-substatus sc-win32-status time-taken
2019-03-04 19:32:05 ::1 DEBUG / - 50267 - ::1 - - 200 0 64 8728
2019-03-04 19:32:07 ::1 GET / - 44389 - ::1 Mozilla/5.0+(Windows+NT+10.0;+Win64;+x64)+AppleWebKit/537.36+(KHTML,+like+Gecko)+Chrome/72.0.3626.119+Safari/537.36 - 200 0 0 7800
2019-03-04 19:32:14 ::1 GET /ErrorTracker - 44389 - ::1 Mozilla/5.0+(Windows+NT+10.0;+Win64;+x64)+AppleWebKit/537.36+(KHTML,+like+Gecko)+Chrome/72.0.3626.119+Safari/537.36 https://localhost:44389/ 200 0 0 1517
2019-03-04 19:32:15 ::1 GET /ErrorTracker/Create - 44389 - ::1 Mozilla/5.0+(Windows+NT+10.0;+Win64;+x64)+AppleWebKit/537.36+(KHTML,+like+Gecko)+Chrome/72.0.3626.119+Safari/537.36 https://localhost:44389/ErrorTracker 200 0 0 270
2019-03-04 19:33:02 ::1 DEBUG / - 50267 - ::1 - - 200 0 64 8930
2019-03-04 19:33:03 ::1 GET / - 44389 - ::1 Mozilla/5.0+(Windows+NT+10.0;+Win64;+x64)+AppleWebKit/537.36+(KHTML,+like+Gecko)+Chrome/72.0.3626.119+Safari/537.36 - 200 0 0 7734
2019-03-04 19:33:06 ::1 GET /ErrorTracker - 44389 - ::1 Mozilla/5.0+(Windows+NT+10.0;+Win64;+x64)+AppleWebKit/537.36+(KHTML,+like+Gecko)+Chrome/72.0.3626.119+Safari/537.36 https://localhost:44389/ 200 0 0 1565
2019-03-04 19:33:08 ::1 GET /ErrorTracker/Create - 44389 - ::1 Mozilla/5.0+(Windows+NT+10.0;+Win64;+x64)+AppleWebKit/537.36+(KHTML,+like+Gecko)+Chrome/72.0.3626.119+Safari/537.36 https://localhost:44389/ErrorTracker 200 0 0 253
#Software: Microsoft Internet Information Services 10.0
#Version: 1.0
#Date: 2019-03-04 19:33:36
#Fields: date time s-ip cs-method cs-uri-stem cs-uri-query s-port cs-username c-ip cs(User-Agent) cs(Referer) sc-status sc-substatus sc-win32-status time-taken
2019-03-04 19:33:36 ::1 DEBUG / - 50267 - ::1 - - 200 0 64 8752
2019-03-04 19:33:37 ::1 GET / - 44389 - ::1 Mozilla/5.0+(Windows+NT+10.0;+Win64;+x64)+AppleWebKit/537.36+(KHTML,+like+Gecko)+Chrome/72.0.3626.119+Safari/537.36 - 200 0 0 7706
2019-03-04 19:33:56 ::1 GET /ErrorTracker - 44389 - ::1 Mozilla/5.0+(Windows+NT+10.0;+Win64;+x64)+AppleWebKit/537.36+(KHTML,+like+Gecko)+Chrome/72.0.3626.119+Safari/537.36 https://localhost:44389/ 200 0 0 1560
2019-03-04 19:33:58 ::1 GET /ErrorTracker/Create - 44389 - ::1 Mozilla/5.0+(Windows+NT+10.0;+Win64;+x64)+AppleWebKit/537.36+(KHTML,+like+Gecko)+Chrome/72.0.3626.119+Safari/537.36 https://localhost:44389/ErrorTracker 200 0 0 282
#Software: Microsoft Internet Information Services 10.0
#Version: 1.0
#Date: 2019-03-04 19:37:56
#Fields: date time s-ip cs-method cs-uri-stem cs-uri-query s-port cs-username c-ip cs(User-Agent) cs(Referer) sc-status sc-substatus sc-win32-status time-taken
2019-03-04 19:37:56 ::1 DEBUG / - 50267 - ::1 - - 200 0 64 9002
2019-03-04 19:37:57 ::1 GET / - 44389 - ::1 Mozilla/5.0+(Windows+NT+10.0;+Win64;+x64)+AppleWebKit/537.36+(KHTML,+like+Gecko)+Chrome/72.0.3626.119+Safari/537.36 - 200 0 0 8239
2019-03-04 19:38:00 ::1 GET /ErrorTracker - 44389 - ::1 Mozilla/5.0+(Windows+NT+10.0;+Win64;+x64)+AppleWebKit/537.36+(KHTML,+like+Gecko)+Chrome/72.0.3626.119+Safari/537.36 https://localhost:44389/ 200 0 0 1461
2019-03-04 19:38:02 ::1 GET /ErrorTracker/Create - 44389 - ::1 Mozilla/5.0+(Windows+NT+10.0;+Win64;+x64)+AppleWebKit/537.36+(KHTML,+like+Gecko)+Chrome/72.0.3626.119+Safari/537.36 https://localhost:44389/ErrorTracker 500 0 0 971
#Software: Microsoft Internet Information Services 10.0
#Version: 1.0
#Date: 2019-03-04 19:39:14
#Fields: date time s-ip cs-method cs-uri-stem cs-uri-query s-port cs-username c-ip cs(User-Agent) cs(Referer) sc-status sc-substatus sc-win32-status time-taken
2019-03-04 19:39:14 ::1 DEBUG / - 50267 - ::1 - - 200 0 64 8772
2019-03-04 19:39:16 ::1 GET / - 44389 - ::1 Mozilla/5.0+(Windows+NT+10.0;+Win64;+x64)+AppleWebKit/537.36+(KHTML,+like+Gecko)+Chrome/72.0.3626.119+Safari/537.36 - 200 0 0 7599
2019-03-04 19:39:18 ::1 GET /ErrorTracker - 44389 - ::1 Mozilla/5.0+(Windows+NT+10.0;+Win64;+x64)+AppleWebKit/537.36+(KHTML,+like+Gecko)+Chrome/72.0.3626.119+Safari/537.36 https://localhost:44389/ 200 0 0 1610
2019-03-04 19:39:20 ::1 GET /ErrorTracker/Create - 44389 - ::1 Mozilla/5.0+(Windows+NT+10.0;+Win64;+x64)+AppleWebKit/537.36+(KHTML,+like+Gecko)+Chrome/72.0.3626.119+Safari/537.36 https://localhost:44389/ErrorTracker 500 0 0 923
2019-03-04 19:39:36 ::1 GET /ErrorTracker/Create - 44389 - ::1 Mozilla/5.0+(Windows+NT+10.0;+Win64;+x64)+AppleWebKit/537.36+(KHTML,+like+Gecko)+Chrome/72.0.3626.119+Safari/537.36 https://localhost:44389/ErrorTracker 500 0 0 3256
2019-03-04 19:39:36 ::1 GET /favicon.ico - 44389 - ::1 Mozilla/5.0+(Windows+NT+10.0;+Win64;+x64)+AppleWebKit/537.36+(KHTML,+like+Gecko)+Chrome/72.0.3626.119+Safari/537.36 https://localhost:44389/ErrorTracker/Create 200 0 0 54
2019-03-04 19:39:50 ::1 GET /ErrorTracker - 44389 - ::1 Mozilla/5.0+(Windows+NT+10.0;+Win64;+x64)+AppleWebKit/537.36+(KHTML,+like+Gecko)+Chrome/72.0.3626.119+Safari/537.36 https://localhost:44389/ 200 0 0 406
2019-03-04 19:39:53 ::1 GET /ErrorTracker/Create - 44389 - ::1 Mozilla/5.0+(Windows+NT+10.0;+Win64;+x64)+AppleWebKit/537.36+(KHTML,+like+Gecko)+Chrome/72.0.3626.119+Safari/537.36 https://localhost:44389/ErrorTracker 500 0 0 830
#Software: Microsoft Internet Information Services 10.0
#Version: 1.0
#Date: 2019-03-04 19:42:18
#Fields: date time s-ip cs-method cs-uri-stem cs-uri-query s-port cs-username c-ip cs(User-Agent) cs(Referer) sc-status sc-substatus sc-win32-status time-taken
2019-03-04 19:42:18 ::1 DEBUG / - 50267 - ::1 - - 200 0 64 9219
2019-03-04 19:42:20 ::1 GET / - 44389 - ::1 Mozilla/5.0+(Windows+NT+10.0;+Win64;+x64)+AppleWebKit/537.36+(KHTML,+like+Gecko)+Chrome/72.0.3626.119+Safari/537.36 - 200 0 0 8096
2019-03-04 19:42:27 ::1 GET /ErrorTracker - 44389 - ::1 Mozilla/5.0+(Windows+NT+10.0;+Win64;+x64)+AppleWebKit/537.36+(KHTML,+like+Gecko)+Chrome/72.0.3626.119+Safari/537.36 https://localhost:44389/ 200 0 0 1452
2019-03-04 19:42:29 ::1 GET /ErrorTracker/Create - 44389 - ::1 Mozilla/5.0+(Windows+NT+10.0;+Win64;+x64)+AppleWebKit/537.36+(KHTML,+like+Gecko)+Chrome/72.0.3626.119+Safari/537.36 https://localhost:44389/ErrorTracker 500 0 0 856
#Software: Microsoft Internet Information Services 10.0
#Version: 1.0
#Date: 2019-03-04 19:46:36
#Fields: date time s-ip cs-method cs-uri-stem cs-uri-query s-port cs-username c-ip cs(User-Agent) cs(Referer) sc-status sc-substatus sc-win32-status time-taken
2019-03-04 19:46:36 ::1 DEBUG / - 50267 - ::1 - - 200 0 64 9256
2019-03-04 19:46:38 ::1 GET / - 44389 - ::1 Mozilla/5.0+(Windows+NT+10.0;+Win64;+x64)+AppleWebKit/537.36+(KHTML,+like+Gecko)+Chrome/72.0.3626.119+Safari/537.36 - 200 0 0 8237
2019-03-04 19:46:41 ::1 GET /ErrorTracker - 44389 - ::1 Mozilla/5.0+(Windows+NT+10.0;+Win64;+x64)+AppleWebKit/537.36+(KHTML,+like+Gecko)+Chrome/72.0.3626.119+Safari/537.36 https://localhost:44389/ 200 0 0 1477
2019-03-04 19:46:43 ::1 GET /ErrorTracker - 44389 - ::1 Mozilla/5.0+(Windows+NT+10.0;+Win64;+x64)+AppleWebKit/537.36+(KHTML,+like+Gecko)+Chrome/72.0.3626.119+Safari/537.36 https://localhost:44389/ErrorTracker 200 0 0 293
2019-03-04 19:46:45 ::1 GET /ErrorTracker/Create - 44389 - ::1 Mozilla/5.0+(Windows+NT+10.0;+Win64;+x64)+AppleWebKit/537.36+(KHTML,+like+Gecko)+Chrome/72.0.3626.119+Safari/537.36 https://localhost:44389/ErrorTracker 500 0 0 907
#Software: Microsoft Internet Information Services 10.0
#Version: 1.0
#Date: 2019-03-04 19:47:46
#Fields: date time s-ip cs-method cs-uri-stem cs-uri-query s-port cs-username c-ip cs(User-Agent) cs(Referer) sc-status sc-substatus sc-win32-status time-taken
2019-03-04 19:47:46 ::1 DEBUG / - 50267 - ::1 - - 200 0 64 9692
2019-03-04 19:47:48 ::1 GET / - 44389 - ::1 Mozilla/5.0+(Windows+NT+10.0;+Win64;+x64)+AppleWebKit/537.36+(KHTML,+like+Gecko)+Chrome/72.0.3626.119+Safari/537.36 - 200 0 0 9146
2019-03-04 19:47:51 ::1 GET /ErrorTracker - 44389 - ::1 Mozilla/5.0+(Windows+NT+10.0;+Win64;+x64)+AppleWebKit/537.36+(KHTML,+like+Gecko)+Chrome/72.0.3626.119+Safari/537.36 https://localhost:44389/ 200 0 0 1461
2019-03-04 19:47:52 ::1 GET /ErrorTracker/Create - 44389 - ::1 Mozilla/5.0+(Windows+NT+10.0;+Win64;+x64)+AppleWebKit/537.36+(KHTML,+like+Gecko)+Chrome/72.0.3626.119+Safari/537.36 https://localhost:44389/ErrorTracker 500 0 0 900
#Software: Microsoft Internet Information Services 10.0
#Version: 1.0
#Date: 2019-03-04 19:48:52
#Fields: date time s-ip cs-method cs-uri-stem cs-uri-query s-port cs-username c-ip cs(User-Agent) cs(Referer) sc-status sc-substatus sc-win32-status time-taken
2019-03-04 19:48:52 ::1 DEBUG / - 50267 - ::1 - - 200 0 64 8363
2019-03-04 19:48:53 ::1 GET / - 44389 - ::1 Mozilla/5.0+(Windows+NT+10.0;+Win64;+x64)+AppleWebKit/537.36+(KHTML,+like+Gecko)+Chrome/72.0.3626.119+Safari/537.36 - 200 0 0 7178
2019-03-04 19:49:13 ::1 GET /ErrorTracker - 44389 - ::1 Mozilla/5.0+(Windows+NT+10.0;+Win64;+x64)+AppleWebKit/537.36+(KHTML,+like+Gecko)+Chrome/72.0.3626.119+Safari/537.36 https://localhost:44389/ 200 0 0 2029
2019-03-04 19:49:15 ::1 GET /ErrorTracker/Create - 44389 - ::1 Mozilla/5.0+(Windows+NT+10.0;+Win64;+x64)+AppleWebKit/537.36+(KHTML,+like+Gecko)+Chrome/72.0.3626.119+Safari/537.36 https://localhost:44389/ErrorTracker 200 0 0 293
2019-03-04 19:49:32 ::1 POST /ErrorTracker/Create - 44389 - ::1 Mozilla/5.0+(Windows+NT+10.0;+Win64;+x64)+AppleWebKit/537.36+(KHTML,+like+Gecko)+Chrome/72.0.3626.119+Safari/537.36 https://localhost:44389/ErrorTracker/Create 302 0 0 801
2019-03-04 19:49:32 ::1 GET /ErrorTracker - 44389 - ::1 Mozilla/5.0+(Windows+NT+10.0;+Win64;+x64)+AppleWebKit/537.36+(KHTML,+like+Gecko)+Chrome/72.0.3626.119+Safari/537.36 https://localhost:44389/ErrorTracker/Create 200 0 0 245
2019-03-04 19:49:35 ::1 GET /ErrorTracker/Create - 44389 - ::1 Mozilla/5.0+(Windows+NT+10.0;+Win64;+x64)+AppleWebKit/537.36+(KHTML,+like+Gecko)+Chrome/72.0.3626.119+Safari/537.36 https://localhost:44389/ErrorTracker 200 0 0 42
#Software: Microsoft Internet Information Services 10.0
#Version: 1.0
#Date: 2019-03-04 19:51:10
#Fields: date time s-ip cs-method cs-uri-stem cs-uri-query s-port cs-username c-ip cs(User-Agent) cs(Referer) sc-status sc-substatus sc-win32-status time-taken
2019-03-04 19:51:10 ::1 DEBUG / - 50267 - ::1 - - 200 0 64 8344
2019-03-04 19:51:12 ::1 GET / - 44389 - ::1 Mozilla/5.0+(Windows+NT+10.0;+Win64;+x64)+AppleWebKit/537.36+(KHTML,+like+Gecko)+Chrome/72.0.3626.119+Safari/537.36 - 200 0 0 7363
2019-03-04 19:53:45 ::1 GET /ErrorTracker - 44389 - ::1 Mozilla/5.0+(Windows+NT+10.0;+Win64;+x64)+AppleWebKit/537.36+(KHTML,+like+Gecko)+Chrome/72.0.3626.119+Safari/537.36 https://localhost:44389/ 200 0 0 1537
2019-03-04 19:53:47 ::1 GET /ErrorTracker/Create - 44389 - ::1 Mozilla/5.0+(Windows+NT+10.0;+Win64;+x64)+AppleWebKit/537.36+(KHTML,+like+Gecko)+Chrome/72.0.3626.119+Safari/537.36 https://localhost:44389/ErrorTracker 200 0 0 232
#Software: Microsoft Internet Information Services 10.0
#Version: 1.0
#Date: 2019-03-04 19:59:11
#Fields: date time s-ip cs-method cs-uri-stem cs-uri-query s-port cs-username c-ip cs(User-Agent) cs(Referer) sc-status sc-substatus sc-win32-status time-taken
2019-03-04 19:59:11 ::1 DEBUG / - 50267 - ::1 - - 200 0 64 8749
2019-03-04 19:59:15 ::1 GET / - 44389 - ::1 Mozilla/5.0+(Windows+NT+10.0;+Win64;+x64)+AppleWebKit/537.36+(KHTML,+like+Gecko)+Chrome/72.0.3626.119+Safari/537.36 - 200 0 0 10912
2019-03-04 19:59:17 ::1 GET /Projects - 44389 - ::1 Mozilla/5.0+(Windows+NT+10.0;+Win64;+x64)+AppleWebKit/537.36+(KHTML,+like+Gecko)+Chrome/72.0.3626.119+Safari/537.36 https://localhost:44389/ 200 0 0 569
2019-03-04 19:59:17 ::1 GET /ErrorTracker - 44389 - ::1 Mozilla/5.0+(Windows+NT+10.0;+Win64;+x64)+AppleWebKit/537.36+(KHTML,+like+Gecko)+Chrome/72.0.3626.119+Safari/537.36 https://localhost:44389/Projects 200 0 0 358
2019-03-04 19:59:20 ::1 GET /ErrorTracker/Create - 44389 - ::1 Mozilla/5.0+(Windows+NT+10.0;+Win64;+x64)+AppleWebKit/537.36+(KHTML,+like+Gecko)+Chrome/72.0.3626.119+Safari/537.36 https://localhost:44389/ErrorTracker 500 0 0 821
#Software: Microsoft Internet Information Services 10.0
#Version: 1.0
#Date: 2019-03-04 20:00:34
#Fields: date time s-ip cs-method cs-uri-stem cs-uri-query s-port cs-username c-ip cs(User-Agent) cs(Referer) sc-status sc-substatus sc-win32-status time-taken
2019-03-04 20:00:34 ::1 DEBUG / - 50267 - ::1 - - 200 0 64 8605
2019-03-04 20:00:35 ::1 GET / - 44389 - ::1 Mozilla/5.0+(Windows+NT+10.0;+Win64;+x64)+AppleWebKit/537.36+(KHTML,+like+Gecko)+Chrome/72.0.3626.119+Safari/537.36 - 200 0 0 7851
2019-03-04 20:01:30 ::1 GET /ErrorTracker - 44389 - ::1 Mozilla/5.0+(Windows+NT+10.0;+Win64;+x64)+AppleWebKit/537.36+(KHTML,+like+Gecko)+Chrome/72.0.3626.119+Safari/537.36 https://localhost:44389/ 502 3 12030 26616
#Software: Microsoft Internet Information Services 10.0
#Version: 1.0
#Date: 2019-03-04 20:03:32
#Fields: date time s-ip cs-method cs-uri-stem cs-uri-query s-port cs-username c-ip cs(User-Agent) cs(Referer) sc-status sc-substatus sc-win32-status time-taken
2019-03-04 20:03:32 ::1 DEBUG / - 50267 - ::1 - - 200 0 64 9197
2019-03-04 20:03:33 ::1 GET / - 44389 - ::1 Mozilla/5.0+(Windows+NT+10.0;+Win64;+x64)+AppleWebKit/537.36+(KHTML,+like+Gecko)+Chrome/72.0.3626.119+Safari/537.36 - 200 0 0 8462
2019-03-04 20:04:22 ::1 GET /ErrorTracker - 44389 - ::1 Mozilla/5.0+(Windows+NT+10.0;+Win64;+x64)+AppleWebKit/537.36+(KHTML,+like+Gecko)+Chrome/72.0.3626.119+Safari/537.36 https://localhost:44389/ 200 0 0 1443
2019-03-04 20:04:24 ::1 GET /ErrorTracker/Create - 44389 - ::1 Mozilla/5.0+(Windows+NT+10.0;+Win64;+x64)+AppleWebKit/537.36+(KHTML,+like+Gecko)+Chrome/72.0.3626.119+Safari/537.36 https://localhost:44389/ErrorTracker 500 0 0 847
2019-03-04 20:04:28 ::1 GET /ErrorTracker - 44389 - ::1 Mozilla/5.0+(Windows+NT+10.0;+Win64;+x64)+AppleWebKit/537.36+(KHTML,+like+Gecko)+Chrome/72.0.3626.119+Safari/537.36 https://localhost:44389/ 200 0 0 303
#Software: Microsoft Internet Information Services 10.0
#Version: 1.0
#Date: 2019-03-04 20:06:16
#Fields: date time s-ip cs-method cs-uri-stem cs-uri-query s-port cs-username c-ip cs(User-Agent) cs(Referer) sc-status sc-substatus sc-win32-status time-taken
2019-03-04 20:06:16 ::1 DEBUG / - 50267 - ::1 - - 200 0 64 8957
2019-03-04 20:06:17 ::1 GET / - 44389 - ::1 Mozilla/5.0+(Windows+NT+10.0;+Win64;+x64)+AppleWebKit/537.36+(KHTML,+like+Gecko)+Chrome/72.0.3626.119+Safari/537.36 - 200 0 0 7624
2019-03-04 20:06:20 ::1 GET /ErrorTracker - 44389 - ::1 Mozilla/5.0+(Windows+NT+10.0;+Win64;+x64)+AppleWebKit/537.36+(KHTML,+like+Gecko)+Chrome/72.0.3626.119+Safari/537.36 https://localhost:44389/ 200 0 0 1469
2019-03-04 20:06:22 ::1 GET /ErrorTracker/Create - 44389 - ::1 Mozilla/5.0+(Windows+NT+10.0;+Win64;+x64)+AppleWebKit/537.36+(KHTML,+like+Gecko)+Chrome/72.0.3626.119+Safari/537.36 https://localhost:44389/ErrorTracker 500 0 0 850
2019-03-04 20:07:28 ::1 DEBUG / - 50267 - ::1 - - 200 0 64 9173
2019-03-04 20:07:30 ::1 GET / - 44389 - ::1 Mozilla/5.0+(Windows+NT+10.0;+Win64;+x64)+AppleWebKit/537.36+(KHTML,+like+Gecko)+Chrome/72.0.3626.119+Safari/537.36 - 200 0 0 8026
2019-03-04 20:07:32 ::1 GET /ErrorTracker - 44389 - ::1 Mozilla/5.0+(Windows+NT+10.0;+Win64;+x64)+AppleWebKit/537.36+(KHTML,+like+Gecko)+Chrome/72.0.3626.119+Safari/537.36 https://localhost:44389/ 200 0 0 1420
2019-03-04 20:07:34 ::1 GET /ErrorTracker/Create - 44389 - ::1 Mozilla/5.0+(Windows+NT+10.0;+Win64;+x64)+AppleWebKit/537.36+(KHTML,+like+Gecko)+Chrome/72.0.3626.119+Safari/537.36 https://localhost:44389/ErrorTracker 500 0 0 861
#Software: Microsoft Internet Information Services 10.0
#Version: 1.0
#Date: 2019-03-04 20:09:15
#Fields: date time s-ip cs-method cs-uri-stem cs-uri-query s-port cs-username c-ip cs(User-Agent) cs(Referer) sc-status sc-substatus sc-win32-status time-taken
2019-03-04 20:09:15 ::1 DEBUG / - 50267 - ::1 - - 200 0 64 9278
2019-03-04 20:09:17 ::1 GET / - 44389 - ::1 Mozilla/5.0+(Windows+NT+10.0;+Win64;+x64)+AppleWebKit/537.36+(KHTML,+like+Gecko)+Chrome/72.0.3626.119+Safari/537.36 - 200 0 0 8281
2019-03-04 20:09:20 ::1 GET /ErrorTracker - 44389 - ::1 Mozilla/5.0+(Windows+NT+10.0;+Win64;+x64)+AppleWebKit/537.36+(KHTML,+like+Gecko)+Chrome/72.0.3626.119+Safari/537.36 https://localhost:44389/ 200 0 0 1622
2019-03-04 20:09:22 ::1 GET /ErrorTracker/Create - 44389 - ::1 Mozilla/5.0+(Windows+NT+10.0;+Win64;+x64)+AppleWebKit/537.36+(KHTML,+like+Gecko)+Chrome/72.0.3626.119+Safari/537.36 https://localhost:44389/ErrorTracker 500 0 0 916
#Software: Microsoft Internet Information Services 10.0
#Version: 1.0
#Date: 2019-03-04 20:12:35
#Fields: date time s-ip cs-method cs-uri-stem cs-uri-query s-port cs-username c-ip cs(User-Agent) cs(Referer) sc-status sc-substatus sc-win32-status time-taken
2019-03-04 20:12:35 ::1 DEBUG / - 50267 - ::1 - - 200 0 64 9725
2019-03-04 20:12:36 ::1 GET / - 44389 - ::1 Mozilla/5.0+(Windows+NT+10.0;+Win64;+x64)+AppleWebKit/537.36+(KHTML,+like+Gecko)+Chrome/72.0.3626.119+Safari/537.36 - 200 0 0 8358
2019-03-04 20:12:40 ::1 GET /ErrorTracker - 44389 - ::1 Mozilla/5.0+(Windows+NT+10.0;+Win64;+x64)+AppleWebKit/537.36+(KHTML,+like+Gecko)+Chrome/72.0.3626.119+Safari/537.36 https://localhost:44389/ 200 0 0 1072
2019-03-04 20:12:40 ::1 GET /EmployeeTimes - 44389 - ::1 Mozilla/5.0+(Windows+NT+10.0;+Win64;+x64)+AppleWebKit/537.36+(KHTML,+like+Gecko)+Chrome/72.0.3626.119+Safari/537.36 https://localhost:44389/ 400 0 64 2065
2019-03-04 20:12:58 ::1 GET /ErrorTracker/Create - 44389 - ::1 Mozilla/5.0+(Windows+NT+10.0;+Win64;+x64)+AppleWebKit/537.36+(KHTML,+like+Gecko)+Chrome/72.0.3626.119+Safari/537.36 https://localhost:44389/ErrorTracker 502 3 12030 17395
2019-03-04 20:14:45 ::1 DEBUG / - 50267 - ::1 - - 502 5 64 12056
2019-03-04 20:14:47 ::1 GET / - 44389 - ::1 Mozilla/5.0+(Windows+NT+10.0;+Win64;+x64)+AppleWebKit/537.36+(KHTML,+like+Gecko)+Chrome/72.0.3626.119+Safari/537.36 - 502 3 64 11250
2019-03-04 20:15:33 ::1 GET / - 44389 - ::1 Mozilla/5.0+(Windows+NT+10.0;+Win64;+x64)+AppleWebKit/537.36+(KHTML,+like+Gecko)+Chrome/72.0.3626.119+Safari/537.36 - 200 0 0 2573
#Software: Microsoft Internet Information Services 10.0
#Version: 1.0
#Date: 2019-03-04 20:21:49
#Fields: date time s-ip cs-method cs-uri-stem cs-uri-query s-port cs-username c-ip cs(User-Agent) cs(Referer) sc-status sc-substatus sc-win32-status time-taken
2019-03-04 20:21:49 ::1 DEBUG / - 50267 - ::1 - - 200 0 64 10293
2019-03-04 20:21:50 ::1 GET / - 44389 - ::1 Mozilla/5.0+(Windows+NT+10.0;+Win64;+x64)+AppleWebKit/537.36+(KHTML,+like+Gecko)+Chrome/72.0.3626.119+Safari/537.36 - 200 0 0 8426
2019-03-04 20:21:58 ::1 GET /ErrorTracker - 44389 - ::1 Mozilla/5.0+(Windows+NT+10.0;+Win64;+x64)+AppleWebKit/537.36+(KHTML,+like+Gecko)+Chrome/72.0.3626.119+Safari/537.36 https://localhost:44389/ 200 0 0 1545
2019-03-04 20:22:28 ::1 GET /ErrorTracker/Create - 44389 - ::1 Mozilla/5.0+(Windows+NT+10.0;+Win64;+x64)+AppleWebKit/537.36+(KHTML,+like+Gecko)+Chrome/72.0.3626.119+Safari/537.36 https://localhost:44389/ErrorTracker 502 3 12030 28909
#Software: Microsoft Internet Information Services 10.0
#Version: 1.0
#Date: 2019-03-04 20:23:23
#Fields: date time s-ip cs-method cs-uri-stem cs-uri-query s-port cs-username c-ip cs(User-Agent) cs(Referer) sc-status sc-substatus sc-win32-status time-taken
2019-03-04 20:23:23 ::1 DEBUG / - 50267 - ::1 - - 200 0 64 10463
2019-03-04 20:23:24 ::1 GET / - 44389 - ::1 Mozilla/5.0+(Windows+NT+10.0;+Win64;+x64)+AppleWebKit/537.36+(KHTML,+like+Gecko)+Chrome/72.0.3626.119+Safari/537.36 - 200 0 0 8457
2019-03-04 20:23:27 ::1 GET /ErrorTracker - 44389 - ::1 Mozilla/5.0+(Windows+NT+10.0;+Win64;+x64)+AppleWebKit/537.36+(KHTML,+like+Gecko)+Chrome/72.0.3626.119+Safari/537.36 https://localhost:44389/ 200 0 0 1476
2019-03-04 20:23:42 ::1 GET /ErrorTracker/Create - 44389 - ::1 Mozilla/5.0+(Windows+NT+10.0;+Win64;+x64)+AppleWebKit/537.36+(KHTML,+like+Gecko)+Chrome/72.0.3626.119+Safari/537.36 https://localhost:44389/ErrorTracker 502 3 12030 13597
#Software: Microsoft Internet Information Services 10.0
#Version: 1.0
#Date: 2019-03-04 20:43:20
#Fields: date time s-ip cs-method cs-uri-stem cs-uri-query s-port cs-username c-ip cs(User-Agent) cs(Referer) sc-status sc-substatus sc-win32-status time-taken
2019-03-04 20:43:20 ::1 DEBUG / - 50267 - ::1 - - 502 5 64 12505
2019-03-04 20:43:25 ::1 GET / - 44389 - ::1 Mozilla/5.0+(Windows+NT+10.0;+Win64;+x64)+AppleWebKit/537.36+(KHTML,+like+Gecko)+Chrome/72.0.3626.119+Safari/537.36 - 502 3 64 13508
#Software: Microsoft Internet Information Services 10.0
#Version: 1.0
#Date: 2019-03-04 20:45:19
#Fields: date time s-ip cs-method cs-uri-stem cs-uri-query s-port cs-username c-ip cs(User-Agent) cs(Referer) sc-status sc-substatus sc-win32-status time-taken
2019-03-04 20:45:19 ::1 DEBUG / - 50267 - ::1 - - 200 0 64 8926
2019-03-04 20:45:23 ::1 GET / - 44389 - ::1 Mozilla/5.0+(Windows+NT+10.0;+Win64;+x64)+AppleWebKit/537.36+(KHTML,+like+Gecko)+Chrome/72.0.3626.119+Safari/537.36 - 200 0 0 11143
#Software: Microsoft Internet Information Services 10.0
#Version: 1.0
#Date: 2019-03-04 20:46:40
#Fields: date time s-ip cs-method cs-uri-stem cs-uri-query s-port cs-username c-ip cs(User-Agent) cs(Referer) sc-status sc-substatus sc-win32-status time-taken
2019-03-04 20:46:40 ::1 DEBUG / - 50267 - ::1 - - 200 0 64 9104
2019-03-04 20:46:42 ::1 GET / - 44389 - ::1 Mozilla/5.0+(Windows+NT+10.0;+Win64;+x64)+AppleWebKit/537.36+(KHTML,+like+Gecko)+Chrome/72.0.3626.119+Safari/537.36 - 200 0 0 7308
2019-03-04 20:47:33 ::1 GET /ErrorTrackers - 44389 - ::1 Mozilla/5.0+(Windows+NT+10.0;+Win64;+x64)+AppleWebKit/537.36+(KHTML,+like+Gecko)+Chrome/72.0.3626.119+Safari/537.36 https://localhost:44389/ 500 0 0 3700
2019-03-04 20:47:39 ::1 POST /ApplyDatabaseMigrations - 44389 - ::1 Mozilla/5.0+(Windows+NT+10.0;+Win64;+x64)+AppleWebKit/537.36+(KHTML,+like+Gecko)+Chrome/72.0.3626.119+Safari/537.36 https://localhost:44389/ErrorTrackers 500 0 0 2170
#Software: Microsoft Internet Information Services 10.0
#Version: 1.0
#Date: 2019-03-04 20:49:39
#Fields: date time s-ip cs-method cs-uri-stem cs-uri-query s-port cs-username c-ip cs(User-Agent) cs(Referer) sc-status sc-substatus sc-win32-status time-taken
2019-03-04 20:49:39 ::1 DEBUG / - 50267 - ::1 - - 200 0 64 8091
2019-03-04 20:49:40 ::1 GET / - 44389 - ::1 Mozilla/5.0+(Windows+NT+10.0;+Win64;+x64)+AppleWebKit/537.36+(KHTML,+like+Gecko)+Chrome/72.0.3626.119+Safari/537.36 - 200 0 0 6915
2019-03-04 20:49:45 ::1 GET /ErrorTrackers - 44389 - ::1 Mozilla/5.0+(Windows+NT+10.0;+Win64;+x64)+AppleWebKit/537.36+(KHTML,+like+Gecko)+Chrome/72.0.3626.119+Safari/537.36 https://localhost:44389/ 500 0 0 3368
2019-03-04 20:51:11 ::1 DEBUG / - 50267 - ::1 - - 200 0 64 6607
2019-03-04 20:51:12 ::1 GET / - 44389 - ::1 Mozilla/5.0+(Windows+NT+10.0;+Win64;+x64)+AppleWebKit/537.36+(KHTML,+like+Gecko)+Chrome/72.0.3626.119+Safari/537.36 - 200 0 0 6135
2019-03-04 20:51:39 ::1 GET /ErrorTrackers - 44389 - ::1 Mozilla/5.0+(Windows+NT+10.0;+Win64;+x64)+AppleWebKit/537.36+(KHTML,+like+Gecko)+Chrome/72.0.3626.119+Safari/537.36 https://localhost:44389/ 500 0 0 3249
#Software: Microsoft Internet Information Services 10.0
#Version: 1.0
#Date: 2019-03-04 20:53:33
#Fields: date time s-ip cs-method cs-uri-stem cs-uri-query s-port cs-username c-ip cs(User-Agent) cs(Referer) sc-status sc-substatus sc-win32-status time-taken
2019-03-04 20:53:33 ::1 DEBUG / - 50267 - ::1 - - 200 0 64 8457
2019-03-04 20:53:34 ::1 GET / - 44389 - ::1 Mozilla/5.0+(Windows+NT+10.0;+Win64;+x64)+AppleWebKit/537.36+(KHTML,+like+Gecko)+Chrome/72.0.3626.119+Safari/537.36 - 200 0 0 7824
2019-03-04 20:53:43 ::1 GET /ErrorTrackers - 44389 - ::1 Mozilla/5.0+(Windows+NT+10.0;+Win64;+x64)+AppleWebKit/537.36+(KHTML,+like+Gecko)+Chrome/72.0.3626.119+Safari/537.36 https://localhost:44389/ 500 0 0 3417
#Software: Microsoft Internet Information Services 10.0
#Version: 1.0
#Date: 2019-03-04 21:00:35
#Fields: date time s-ip cs-method cs-uri-stem cs-uri-query s-port cs-username c-ip cs(User-Agent) cs(Referer) sc-status sc-substatus sc-win32-status time-taken
2019-03-04 21:00:35 ::1 DEBUG / - 50267 - ::1 - - 200 0 64 11306
2019-03-04 21:00:36 ::1 GET / - 44389 - ::1 Mozilla/5.0+(Windows+NT+10.0;+Win64;+x64)+AppleWebKit/537.36+(KHTML,+like+Gecko)+Chrome/72.0.3626.119+Safari/537.36 - 200 0 0 8519
2019-03-04 21:00:41 ::1 GET /ErrorTrackers - 44389 - ::1 Mozilla/5.0+(Windows+NT+10.0;+Win64;+x64)+AppleWebKit/537.36+(KHTML,+like+Gecko)+Chrome/72.0.3626.119+Safari/537.36 https://localhost:44389/ 500 0 0 3572
2019-03-04 21:00:45 ::1 POST /ApplyDatabaseMigrations - 44389 - ::1 Mozilla/5.0+(Windows+NT+10.0;+Win64;+x64)+AppleWebKit/537.36+(KHTML,+like+Gecko)+Chrome/72.0.3626.119+Safari/537.36 https://localhost:44389/ErrorTrackers 500 0 0 2060
2019-03-04 21:01:47 ::1 DEBUG / - 50267 - ::1 - - 200 0 64 7321
2019-03-04 21:01:48 ::1 GET / - 44389 - ::1 Mozilla/5.0+(Windows+NT+10.0;+Win64;+x64)+AppleWebKit/537.36+(KHTML,+like+Gecko)+Chrome/72.0.3626.119+Safari/537.36 - 200 0 0 6711
2019-03-04 21:03:02 ::1 DEBUG / - 50267 - ::1 - - 200 0 64 6235
2019-03-04 21:03:02 ::1 GET / - 44389 - ::1 Mozilla/5.0+(Windows+NT+10.0;+Win64;+x64)+AppleWebKit/537.36+(KHTML,+like+Gecko)+Chrome/72.0.3626.119+Safari/537.36 - 200 0 0 5634
2019-03-04 21:03:07 ::1 GET /ErrorTrackers - 44389 - ::1 Mozilla/5.0+(Windows+NT+10.0;+Win64;+x64)+AppleWebKit/537.36+(KHTML,+like+Gecko)+Chrome/72.0.3626.119+Safari/537.36 https://localhost:44389/ 500 0 0 3175
2019-03-04 21:03:12 ::1 POST /ApplyDatabaseMigrations - 44389 - ::1 Mozilla/5.0+(Windows+NT+10.0;+Win64;+x64)+AppleWebKit/537.36+(KHTML,+like+Gecko)+Chrome/72.0.3626.119+Safari/537.36 https://localhost:44389/ErrorTrackers 500 0 0 2109
#Software: Microsoft Internet Information Services 10.0
#Version: 1.0
#Date: 2019-03-04 21:04:34
#Fields: date time s-ip cs-method cs-uri-stem cs-uri-query s-port cs-username c-ip cs(User-Agent) cs(Referer) sc-status sc-substatus sc-win32-status time-taken
2019-03-04 21:04:34 ::1 DEBUG / - 50267 - ::1 - - 200 0 64 6355
2019-03-04 21:04:35 ::1 GET / - 44389 - ::1 Mozilla/5.0+(Windows+NT+10.0;+Win64;+x64)+AppleWebKit/537.36+(KHTML,+like+Gecko)+Chrome/72.0.3626.119+Safari/537.36 - 200 0 0 5749
2019-03-04 21:04:40 ::1 GET /ErrorTrackers - 44389 - ::1 Mozilla/5.0+(Windows+NT+10.0;+Win64;+x64)+AppleWebKit/537.36+(KHTML,+like+Gecko)+Chrome/72.0.3626.119+Safari/537.36 https://localhost:44389/ 500 0 0 3697
#Software: Microsoft Internet Information Services 10.0
#Version: 1.0
#Date: 2019-03-04 21:12:13
#Fields: date time s-ip cs-method cs-uri-stem cs-uri-query s-port cs-username c-ip cs(User-Agent) cs(Referer) sc-status sc-substatus sc-win32-status time-taken
2019-03-04 21:12:13 ::1 DEBUG / - 50267 - ::1 - - 200 0 64 9046
2019-03-04 21:12:14 ::1 GET / - 44389 - ::1 Mozilla/5.0+(Windows+NT+10.0;+Win64;+x64)+AppleWebKit/537.36+(KHTML,+like+Gecko)+Chrome/72.0.3626.119+Safari/537.36 - 200 0 0 7951
2019-03-04 21:12:19 ::1 GET /ErrorTrackers - 44389 - ::1 Mozilla/5.0+(Windows+NT+10.0;+Win64;+x64)+AppleWebKit/537.36+(KHTML,+like+Gecko)+Chrome/72.0.3626.119+Safari/537.36 https://localhost:44389/ 500 0 0 3303
#Software: Microsoft Internet Information Services 10.0
#Version: 1.0
#Date: 2019-03-04 21:14:09
#Fields: date time s-ip cs-method cs-uri-stem cs-uri-query s-port cs-username c-ip cs(User-Agent) cs(Referer) sc-status sc-substatus sc-win32-status time-taken
2019-03-04 21:14:09 ::1 DEBUG / - 50267 - ::1 - - 502 5 64 9133
2019-03-04 21:14:10 ::1 GET / - 44389 - ::1 Mozilla/5.0+(Windows+NT+10.0;+Win64;+x64)+AppleWebKit/537.36+(KHTML,+like+Gecko)+Chrome/72.0.3626.119+Safari/537.36 - 502 3 64 8636
#Software: Microsoft Internet Information Services 10.0
#Version: 1.0
#Date: 2019-03-04 21:15:03
#Fields: date time s-ip cs-method cs-uri-stem cs-uri-query s-port cs-username c-ip cs(User-Agent) cs(Referer) sc-status sc-substatus sc-win32-status time-taken
2019-03-04 21:15:03 ::1 DEBUG / - 50267 - ::1 - - 200 0 64 8419
2019-03-04 21:15:05 ::1 GET / - 44389 - ::1 Mozilla/5.0+(Windows+NT+10.0;+Win64;+x64)+AppleWebKit/537.36+(KHTML,+like+Gecko)+Chrome/72.0.3626.119+Safari/537.36 - 200 0 0 6898
2019-03-04 21:15:10 ::1 GET /ErrorTrackers - 44389 - ::1 Mozilla/5.0+(Windows+NT+10.0;+Win64;+x64)+AppleWebKit/537.36+(KHTML,+like+Gecko)+Chrome/72.0.3626.119+Safari/537.36 https://localhost:44389/ 500 0 0 3470
#Software: Microsoft Internet Information Services 10.0
#Version: 1.0
#Date: 2019-03-04 21:17:28
#Fields: date time s-ip cs-method cs-uri-stem cs-uri-query s-port cs-username c-ip cs(User-Agent) cs(Referer) sc-status sc-substatus sc-win32-status time-taken
2019-03-04 21:17:28 ::1 DEBUG / - 50267 - ::1 - - 200 0 64 7980
2019-03-04 21:17:32 ::1 GET / - 44389 - ::1 Mozilla/5.0+(Windows+NT+10.0;+Win64;+x64)+AppleWebKit/537.36+(KHTML,+like+Gecko)+Chrome/72.0.3626.119+Safari/537.36 - 200 0 0 9788
2019-03-04 21:17:39 ::1 GET /ErrorTrackers - 44389 - ::1 Mozilla/5.0+(Windows+NT+10.0;+Win64;+x64)+AppleWebKit/537.36+(KHTML,+like+Gecko)+Chrome/72.0.3626.119+Safari/537.36 https://localhost:44389/ 500 0 0 2269
#Software: Microsoft Internet Information Services 10.0
#Version: 1.0
#Date: 2019-03-04 21:21:15
#Fields: date time s-ip cs-method cs-uri-stem cs-uri-query s-port cs-username c-ip cs(User-Agent) cs(Referer) sc-status sc-substatus sc-win32-status time-taken
2019-03-04 21:21:15 ::1 DEBUG / - 50267 - ::1 - - 200 0 64 8495
2019-03-04 21:21:16 ::1 GET / - 44389 - ::1 Mozilla/5.0+(Windows+NT+10.0;+Win64;+x64)+AppleWebKit/537.36+(KHTML,+like+Gecko)+Chrome/72.0.3626.119+Safari/537.36 - 200 0 0 7974
2019-03-04 21:21:21 ::1 GET /ErrorTrackers - 44389 - ::1 Mozilla/5.0+(Windows+NT+10.0;+Win64;+x64)+AppleWebKit/537.36+(KHTML,+like+Gecko)+Chrome/72.0.3626.119+Safari/537.36 https://localhost:44389/ 500 0 0 3679
#Software: Microsoft Internet Information Services 10.0
#Version: 1.0
#Date: 2019-03-04 21:26:01
#Fields: date time s-ip cs-method cs-uri-stem cs-uri-query s-port cs-username c-ip cs(User-Agent) cs(Referer) sc-status sc-substatus sc-win32-status time-taken
2019-03-04 21:26:01 ::1 DEBUG / - 50267 - ::1 - - 200 0 64 9319
2019-03-04 21:26:01 ::1 GET / - 44389 - ::1 Mozilla/5.0+(Windows+NT+10.0;+Win64;+x64)+AppleWebKit/537.36+(KHTML,+like+Gecko)+Chrome/72.0.3626.119+Safari/537.36 - 502 3 64 7303
#Software: Microsoft Internet Information Services 10.0
#Version: 1.0
#Date: 2019-03-04 21:27:21
#Fields: date time s-ip cs-method cs-uri-stem cs-uri-query s-port cs-username c-ip cs(User-Agent) cs(Referer) sc-status sc-substatus sc-win32-status time-taken
2019-03-04 21:27:21 ::1 DEBUG / - 50267 - ::1 - - 200 0 64 8658
2019-03-04 21:27:22 ::1 GET / - 44389 - ::1 Mozilla/5.0+(Windows+NT+10.0;+Win64;+x64)+AppleWebKit/537.36+(KHTML,+like+Gecko)+Chrome/72.0.3626.119+Safari/537.36 - 502 3 64 8254
#Software: Microsoft Internet Information Services 10.0
#Version: 1.0
#Date: 2019-03-04 21:28:24
#Fields: date time s-ip cs-method cs-uri-stem cs-uri-query s-port cs-username c-ip cs(User-Agent) cs(Referer) sc-status sc-substatus sc-win32-status time-taken
2019-03-04 21:28:24 ::1 DEBUG / - 50267 - ::1 - - 200 0 64 8371
2019-03-04 21:28:26 ::1 GET / - 44389 - ::1 Mozilla/5.0+(Windows+NT+10.0;+Win64;+x64)+AppleWebKit/537.36+(KHTML,+like+Gecko)+Chrome/72.0.3626.119+Safari/537.36 - 200 0 0 6432
2019-03-04 21:28:31 ::1 GET /ErrorTrackers - 44389 - ::1 Mozilla/5.0+(Windows+NT+10.0;+Win64;+x64)+AppleWebKit/537.36+(KHTML,+like+Gecko)+Chrome/72.0.3626.119+Safari/537.36 https://localhost:44389/ 200 0 0 1639
2019-03-04 21:28:35 ::1 GET /ErrorTrackers/Create - 44389 - ::1 Mozilla/5.0+(Windows+NT+10.0;+Win64;+x64)+AppleWebKit/537.36+(KHTML,+like+Gecko)+Chrome/72.0.3626.119+Safari/537.36 https://localhost:44389/ErrorTrackers 200 0 0 584
2019-03-04 21:39:38 ::1 GET /ErrorTrackers/Create - 44389 - ::1 Mozilla/5.0+(Windows+NT+10.0;+Win64;+x64)+AppleWebKit/537.36+(KHTML,+like+Gecko)+Chrome/72.0.3626.119+Safari/537.36 https://localhost:44389/ErrorTrackers 200 0 0 2571
2019-03-04 21:39:38 ::1 GET /favicon.ico - 44389 - ::1 Mozilla/5.0+(Windows+NT+10.0;+Win64;+x64)+AppleWebKit/537.36+(KHTML,+like+Gecko)+Chrome/72.0.3626.119+Safari/537.36 https://localhost:44389/ErrorTrackers/Create 200 0 0 41
2019-03-04 21:39:50 ::1 GET /ErrorTrackers/Create - 44389 - ::1 Mozilla/5.0+(Windows+NT+10.0;+Win64;+x64)+AppleWebKit/537.36+(KHTML,+like+Gecko)+Chrome/72.0.3626.119+Safari/537.36 https://localhost:44389/ErrorTrackers 200 0 0 614
2019-03-04 21:39:50 ::1 GET /favicon.ico - 44389 - ::1 Mozilla/5.0+(Windows+NT+10.0;+Win64;+x64)+AppleWebKit/537.36+(KHTML,+like+Gecko)+Chrome/72.0.3626.119+Safari/537.36 https://localhost:44389/ErrorTrackers/Create 200 0 0 18
2019-03-04 21:40:07 ::1 GET /ErrorTrackers/Create - 44389 - ::1 Mozilla/5.0+(Windows+NT+10.0;+Win64;+x64)+AppleWebKit/537.36+(KHTML,+like+Gecko)+Chrome/72.0.3626.119+Safari/537.36 https://localhost:44389/ErrorTrackers 200 0 0 794
2019-03-04 21:40:07 ::1 GET /favicon.ico - 44389 - ::1 Mozilla/5.0+(Windows+NT+10.0;+Win64;+x64)+AppleWebKit/537.36+(KHTML,+like+Gecko)+Chrome/72.0.3626.119+Safari/537.36 https://localhost:44389/ErrorTrackers/Create 200 0 0 25
#Software: Microsoft Internet Information Services 10.0
#Version: 1.0
#Date: 2019-03-04 21:41:28
#Fields: date time s-ip cs-method cs-uri-stem cs-uri-query s-port cs-username c-ip cs(User-Agent) cs(Referer) sc-status sc-substatus sc-win32-status time-taken
2019-03-04 21:41:28 ::1 DEBUG / - 50267 - ::1 - - 502 5 64 12017
2019-03-04 21:41:29 ::1 GET / - 44389 - ::1 Mozilla/5.0+(Windows+NT+10.0;+Win64;+x64)+AppleWebKit/537.36+(KHTML,+like+Gecko)+Chrome/72.0.3626.119+Safari/537.36 - 502 3 64 10973
#Software: Microsoft Internet Information Services 10.0
#Version: 1.0
#Date: 2019-03-04 21:41:56
#Fields: date time s-ip cs-method cs-uri-stem cs-uri-query s-port cs-username c-ip cs(User-Agent) cs(Referer) sc-status sc-substatus sc-win32-status time-taken
2019-03-04 21:41:56 ::1 DEBUG / - 50267 - ::1 - - 200 0 64 8395
2019-03-04 21:41:58 ::1 GET / - 44389 - ::1 Mozilla/5.0+(Windows+NT+10.0;+Win64;+x64)+AppleWebKit/537.36+(KHTML,+like+Gecko)+Chrome/72.0.3626.119+Safari/537.36 - 200 0 0 7585
2019-03-04 21:42:04 ::1 GET /ErrorTrackers - 44389 - ::1 Mozilla/5.0+(Windows+NT+10.0;+Win64;+x64)+AppleWebKit/537.36+(KHTML,+like+Gecko)+Chrome/72.0.3626.119+Safari/537.36 https://localhost:44389/ 200 0 0 1590
2019-03-04 21:42:08 ::1 GET /ErrorTrackers/Create - 44389 - ::1 Mozilla/5.0+(Windows+NT+10.0;+Win64;+x64)+AppleWebKit/537.36+(KHTML,+like+Gecko)+Chrome/72.0.3626.119+Safari/537.36 https://localhost:44389/ErrorTrackers 200 0 0 567
2019-03-04 21:42:25 ::1 GET /Projects - 44389 - ::1 Mozilla/5.0+(Windows+NT+10.0;+Win64;+x64)+AppleWebKit/537.36+(KHTML,+like+Gecko)+Chrome/72.0.3626.119+Safari/537.36 https://localhost:44389/ErrorTrackers/Create 200 0 0 394
#Software: Microsoft Internet Information Services 10.0
#Version: 1.0
#Date: 2019-03-04 21:43:06
#Fields: date time s-ip cs-method cs-uri-stem cs-uri-query s-port cs-username c-ip cs(User-Agent) cs(Referer) sc-status sc-substatus sc-win32-status time-taken
2019-03-04 21:43:06 ::1 DEBUG / - 50267 - ::1 - - 200 0 64 8373
2019-03-04 21:43:08 ::1 GET / - 44389 - ::1 Mozilla/5.0+(Windows+NT+10.0;+Win64;+x64)+AppleWebKit/537.36+(KHTML,+like+Gecko)+Chrome/72.0.3626.119+Safari/537.36 - 200 0 0 7809
2019-03-04 21:43:11 ::1 GET /ErrorTrackers - 44389 - ::1 Mozilla/5.0+(Windows+NT+10.0;+Win64;+x64)+AppleWebKit/537.36+(KHTML,+like+Gecko)+Chrome/72.0.3626.119+Safari/537.36 https://localhost:44389/ 200 0 0 1931
2019-03-04 21:43:13 ::1 GET /ErrorTrackers/Create - 44389 - ::1 Mozilla/5.0+(Windows+NT+10.0;+Win64;+x64)+AppleWebKit/537.36+(KHTML,+like+Gecko)+Chrome/72.0.3626.119+Safari/537.36 https://localhost:44389/ErrorTrackers 500 0 0 955
#Software: Microsoft Internet Information Services 10.0
#Version: 1.0
#Date: 2019-03-04 21:43:51
#Fields: date time s-ip cs-method cs-uri-stem cs-uri-query s-port cs-username c-ip cs(User-Agent) cs(Referer) sc-status sc-substatus sc-win32-status time-taken
2019-03-04 21:43:51 ::1 DEBUG / - 50267 - ::1 - - 200 0 64 7944
2019-03-04 21:43:52 ::1 GET / - 44389 - ::1 Mozilla/5.0+(Windows+NT+10.0;+Win64;+x64)+AppleWebKit/537.36+(KHTML,+like+Gecko)+Chrome/72.0.3626.119+Safari/537.36 - 200 0 0 7330
2019-03-04 21:43:56 ::1 GET /ErrorTrackers - 44389 - ::1 Mozilla/5.0+(Windows+NT+10.0;+Win64;+x64)+AppleWebKit/537.36+(KHTML,+like+Gecko)+Chrome/72.0.3626.119+Safari/537.36 https://localhost:44389/ 200 0 0 1738
2019-03-04 21:43:58 ::1 GET /ErrorTrackers/Create - 44389 - ::1 Mozilla/5.0+(Windows+NT+10.0;+Win64;+x64)+AppleWebKit/537.36+(KHTML,+like+Gecko)+Chrome/72.0.3626.119+Safari/537.36 https://localhost:44389/ErrorTrackers 200 0 0 625
2019-03-04 21:44:49 ::1 POST /ErrorTrackers/Create - 44389 - ::1 Mozilla/5.0+(Windows+NT+10.0;+Win64;+x64)+AppleWebKit/537.36+(KHTML,+like+Gecko)+Chrome/72.0.3626.119+Safari/537.36 https://localhost:44389/ErrorTrackers/Create 500 0 0 2541
2019-03-04 21:44:57 ::1 GET /ErrorTrackers/Create - 44389 - ::1 Mozilla/5.0+(Windows+NT+10.0;+Win64;+x64)+AppleWebKit/537.36+(KHTML,+like+Gecko)+Chrome/72.0.3626.119+Safari/537.36 https://localhost:44389/ErrorTrackers 200 0 0 247
#Software: Microsoft Internet Information Services 10.0
#Version: 1.0
#Date: 2019-03-04 21:46:41
#Fields: date time s-ip cs-method cs-uri-stem cs-uri-query s-port cs-username c-ip cs(User-Agent) cs(Referer) sc-status sc-substatus sc-win32-status time-taken
2019-03-04 21:46:41 ::1 DEBUG / - 50267 - ::1 - - 200 0 64 9242
2019-03-04 21:46:42 ::1 GET / - 44389 - ::1 Mozilla/5.0+(Windows+NT+10.0;+Win64;+x64)+AppleWebKit/537.36+(KHTML,+like+Gecko)+Chrome/72.0.3626.119+Safari/537.36 - 200 0 0 7642
2019-03-04 21:46:45 ::1 GET /ErrorTrackers - 44389 - ::1 Mozilla/5.0+(Windows+NT+10.0;+Win64;+x64)+AppleWebKit/537.36+(KHTML,+like+Gecko)+Chrome/72.0.3626.119+Safari/537.36 https://localhost:44389/ 200 0 0 1699
2019-03-04 21:46:47 ::1 GET /ErrorTrackers/Create - 44389 - ::1 Mozilla/5.0+(Windows+NT+10.0;+Win64;+x64)+AppleWebKit/537.36+(KHTML,+like+Gecko)+Chrome/72.0.3626.119+Safari/537.36 https://localhost:44389/ErrorTrackers 200 0 0 558
2019-03-04 21:47:07 ::1 POST /ErrorTrackers/Create - 44389 - ::1 Mozilla/5.0+(Windows+NT+10.0;+Win64;+x64)+AppleWebKit/537.36+(KHTML,+like+Gecko)+Chrome/72.0.3626.119+Safari/537.36 https://localhost:44389/ErrorTrackers/Create 500 0 0 2697
2019-03-04 21:48:14 ::1 DEBUG / - 50267 - ::1 - - 200 0 64 8674
2019-03-04 21:48:18 ::1 GET / - 44389 - ::1 Mozilla/5.0+(Windows+NT+10.0;+Win64;+x64)+AppleWebKit/537.36+(KHTML,+like+Gecko)+Chrome/72.0.3626.119+Safari/537.36 - 200 0 0 9982
2019-03-04 21:48:29 ::1 GET /ErrorTrackers - 44389 - ::1 Mozilla/5.0+(Windows+NT+10.0;+Win64;+x64)+AppleWebKit/537.36+(KHTML,+like+Gecko)+Chrome/72.0.3626.119+Safari/537.36 https://localhost:44389/ 200 0 0 442
2019-03-04 21:48:31 ::1 GET /ErrorTrackers/Create - 44389 - ::1 Mozilla/5.0+(Windows+NT+10.0;+Win64;+x64)+AppleWebKit/537.36+(KHTML,+like+Gecko)+Chrome/72.0.3626.119+Safari/537.36 https://localhost:44389/ErrorTrackers 200 0 0 536
2019-03-04 21:48:44 ::1 POST /ErrorTrackers/Create - 44389 - ::1 Mozilla/5.0+(Windows+NT+10.0;+Win64;+x64)+AppleWebKit/537.36+(KHTML,+like+Gecko)+Chrome/72.0.3626.119+Safari/537.36 https://localhost:44389/ErrorTrackers/Create 500 0 0 2614
2019-03-04 22:01:15 ::1 GET /ErrorTrackers/Create - 44389 - ::1 Mozilla/5.0+(Windows+NT+10.0;+Win64;+x64)+AppleWebKit/537.36+(KHTML,+like+Gecko)+Chrome/72.0.3626.119+Safari/537.36 https://localhost:44389/ErrorTrackers 200 0 0 621
2019-03-04 22:01:35 ::1 POST /ErrorTrackers/Create - 44389 - ::1 Mozilla/5.0+(Windows+NT+10.0;+Win64;+x64)+AppleWebKit/537.36+(KHTML,+like+Gecko)+Chrome/72.0.3626.119+Safari/537.36 https://localhost:44389/ErrorTrackers/Create 500 0 0 2288
2019-03-04 22:02:10 ::1 GET /ErrorTrackers/Create - 44389 - ::1 Mozilla/5.0+(Windows+NT+10.0;+Win64;+x64)+AppleWebKit/537.36+(KHTML,+like+Gecko)+Chrome/72.0.3626.119+Safari/537.36 https://localhost:44389/ErrorTrackers 200 0 0 286
#Software: Microsoft Internet Information Services 10.0
#Version: 1.0
#Date: 2019-03-04 22:03:25
#Fields: date time s-ip cs-method cs-uri-stem cs-uri-query s-port cs-username c-ip cs(User-Agent) cs(Referer) sc-status sc-substatus sc-win32-status time-taken
2019-03-04 22:03:25 ::1 DEBUG / - 50267 - ::1 - - 200 0 64 9002
2019-03-04 22:03:26 ::1 GET / - 44389 - ::1 Mozilla/5.0+(Windows+NT+10.0;+Win64;+x64)+AppleWebKit/537.36+(KHTML,+like+Gecko)+Chrome/72.0.3626.119+Safari/537.36 - 200 0 0 8358
2019-03-04 22:03:29 ::1 GET /ErrorTrackers - 44389 - ::1 Mozilla/5.0+(Windows+NT+10.0;+Win64;+x64)+AppleWebKit/537.36+(KHTML,+like+Gecko)+Chrome/72.0.3626.119+Safari/537.36 https://localhost:44389/ 200 0 0 1627
2019-03-04 22:03:31 ::1 GET /ErrorTrackers/Create - 44389 - ::1 Mozilla/5.0+(Windows+NT+10.0;+Win64;+x64)+AppleWebKit/537.36+(KHTML,+like+Gecko)+Chrome/72.0.3626.119+Safari/537.36 https://localhost:44389/ErrorTrackers 200 0 0 637
2019-03-04 22:03:36 ::1 POST /ErrorTrackers/Create - 44389 - ::1 Mozilla/5.0+(Windows+NT+10.0;+Win64;+x64)+AppleWebKit/537.36+(KHTML,+like+Gecko)+Chrome/72.0.3626.119+Safari/537.36 https://localhost:44389/ErrorTrackers/Create 500 0 0 2681
2019-03-04 22:03:39 ::1 GET /ErrorTrackers/Create - 44389 - ::1 Mozilla/5.0+(Windows+NT+10.0;+Win64;+x64)+AppleWebKit/537.36+(KHTML,+like+Gecko)+Chrome/72.0.3626.119+Safari/537.36 https://localhost:44389/ErrorTrackers 200 0 0 533
#Software: Microsoft Internet Information Services 10.0
#Version: 1.0
#Date: 2019-03-04 22:04:15
#Fields: date time s-ip cs-method cs-uri-stem cs-uri-query s-port cs-username c-ip cs(User-Agent) cs(Referer) sc-status sc-substatus sc-win32-status time-taken
2019-03-04 22:04:15 ::1 DEBUG / - 50267 - ::1 - - 200 0 64 10344
2019-03-04 22:04:17 ::1 GET / - 44389 - ::1 Mozilla/5.0+(Windows+NT+10.0;+Win64;+x64)+AppleWebKit/537.36+(KHTML,+like+Gecko)+Chrome/72.0.3626.119+Safari/537.36 - 200 0 0 9792
2019-03-04 22:04:20 ::1 GET /ErrorTrackers - 44389 - ::1 Mozilla/5.0+(Windows+NT+10.0;+Win64;+x64)+AppleWebKit/537.36+(KHTML,+like+Gecko)+Chrome/72.0.3626.119+Safari/537.36 https://localhost:44389/ 200 0 0 1545
2019-03-04 22:04:22 ::1 GET /ErrorTrackers - 44389 - ::1 Mozilla/5.0+(Windows+NT+10.0;+Win64;+x64)+AppleWebKit/537.36+(KHTML,+like+Gecko)+Chrome/72.0.3626.119+Safari/537.36 https://localhost:44389/ErrorTrackers 200 0 0 386
2019-03-04 22:04:26 ::1 GET /ErrorTrackers/Create - 44389 - ::1 Mozilla/5.0+(Windows+NT+10.0;+Win64;+x64)+AppleWebKit/537.36+(KHTML,+like+Gecko)+Chrome/72.0.3626.119+Safari/537.36 https://localhost:44389/ErrorTrackers 200 0 0 522
2019-03-04 22:05:41 ::1 POST /ErrorTrackers/Create - 44389 - ::1 Mozilla/5.0+(Windows+NT+10.0;+Win64;+x64)+AppleWebKit/537.36+(KHTML,+like+Gecko)+Chrome/72.0.3626.119+Safari/537.36 https://localhost:44389/ErrorTrackers/Create 502 3 12030 70328
2019-03-04 22:08:03 ::1 DEBUG / - 50267 - ::1 - - 502 5 64 9399
2019-03-04 22:08:05 ::1 GET / - 44389 - ::1 Mozilla/5.0+(Windows+NT+10.0;+Win64;+x64)+AppleWebKit/537.36+(KHTML,+like+Gecko)+Chrome/72.0.3626.119+Safari/537.36 - 502 3 64 8618
#Software: Microsoft Internet Information Services 10.0
#Version: 1.0
#Date: 2019-03-04 22:08:44
#Fields: date time s-ip cs-method cs-uri-stem cs-uri-query s-port cs-username c-ip cs(User-Agent) cs(Referer) sc-status sc-substatus sc-win32-status time-taken
2019-03-04 22:08:44 ::1 DEBUG / - 50267 - ::1 - - 200 0 64 8773
2019-03-04 22:08:45 ::1 GET / - 44389 - ::1 Mozilla/5.0+(Windows+NT+10.0;+Win64;+x64)+AppleWebKit/537.36+(KHTML,+like+Gecko)+Chrome/72.0.3626.119+Safari/537.36 - 200 0 0 7907
2019-03-04 22:08:48 ::1 GET /ErrorTrackers - 44389 - ::1 Mozilla/5.0+(Windows+NT+10.0;+Win64;+x64)+AppleWebKit/537.36+(KHTML,+like+Gecko)+Chrome/72.0.3626.119+Safari/537.36 https://localhost:44389/ 200 0 0 1698
2019-03-04 22:08:50 ::1 GET /ErrorTrackers/Create - 44389 - ::1 Mozilla/5.0+(Windows+NT+10.0;+Win64;+x64)+AppleWebKit/537.36+(KHTML,+like+Gecko)+Chrome/72.0.3626.119+Safari/537.36 https://localhost:44389/ErrorTrackers 200 0 0 571
2019-03-04 22:08:55 ::1 POST /ErrorTrackers/Create - 44389 - ::1 Mozilla/5.0+(Windows+NT+10.0;+Win64;+x64)+AppleWebKit/537.36+(KHTML,+like+Gecko)+Chrome/72.0.3626.119+Safari/537.36 https://localhost:44389/ErrorTrackers/Create 500 0 0 2473
#Software: Microsoft Internet Information Services 10.0
#Version: 1.0
#Date: 2019-03-04 22:13:03
#Fields: date time s-ip cs-method cs-uri-stem cs-uri-query s-port cs-username c-ip cs(User-Agent) cs(Referer) sc-status sc-substatus sc-win32-status time-taken
2019-03-04 22:13:03 ::1 DEBUG / - 50267 - ::1 - - 200 0 64 10803
2019-03-04 22:13:04 ::1 GET / - 44389 - ::1 Mozilla/5.0+(Windows+NT+10.0;+Win64;+x64)+AppleWebKit/537.36+(KHTML,+like+Gecko)+Chrome/72.0.3626.119+Safari/537.36 - 200 0 0 10047
2019-03-04 22:13:27 ::1 GET /ErrorTrackers - 44389 - ::1 Mozilla/5.0+(Windows+NT+10.0;+Win64;+x64)+AppleWebKit/537.36+(KHTML,+like+Gecko)+Chrome/72.0.3626.119+Safari/537.36 https://localhost:44389/ 200 0 0 3910
2019-03-04 22:13:41 ::1 GET /ErrorTrackers/Create - 44389 - ::1 Mozilla/5.0+(Windows+NT+10.0;+Win64;+x64)+AppleWebKit/537.36+(KHTML,+like+Gecko)+Chrome/72.0.3626.119+Safari/537.36 https://localhost:44389/ErrorTrackers 200 0 0 594
2019-03-04 22:13:45 ::1 POST /ErrorTrackers/Create - 44389 - ::1 Mozilla/5.0+(Windows+NT+10.0;+Win64;+x64)+AppleWebKit/537.36+(KHTML,+like+Gecko)+Chrome/72.0.3626.119+Safari/537.36 https://localhost:44389/ErrorTrackers/Create 500 0 0 2605
2019-03-04 22:15:41 ::1 GET /ErrorTrackers/Create - 44389 - ::1 Mozilla/5.0+(Windows+NT+10.0;+Win64;+x64)+AppleWebKit/537.36+(KHTML,+like+Gecko)+Chrome/72.0.3626.119+Safari/537.36 https://localhost:44389/ErrorTrackers 200 0 0 278
2019-03-04 22:15:44 ::1 GET /ErrorTrackers/Create - 44389 - ::1 Mozilla/5.0+(Windows+NT+10.0;+Win64;+x64)+AppleWebKit/537.36+(KHTML,+like+Gecko)+Chrome/72.0.3626.119+Safari/537.36 https://localhost:44389/ErrorTrackers 200 0 0 238
2019-03-04 22:15:44 ::1 GET /favicon.ico - 44389 - ::1 Mozilla/5.0+(Windows+NT+10.0;+Win64;+x64)+AppleWebKit/537.36+(KHTML,+like+Gecko)+Chrome/72.0.3626.119+Safari/537.36 https://localhost:44389/ErrorTrackers/Create 200 0 0 35
2019-03-04 22:16:01 ::1 GET /ErrorTrackers/Create - 44389 - ::1 Mozilla/5.0+(Windows+NT+10.0;+Win64;+x64)+AppleWebKit/537.36+(KHTML,+like+Gecko)+Chrome/72.0.3626.119+Safari/537.36 https://localhost:44389/ErrorTrackers 200 0 0 271
2019-03-04 22:16:01 ::1 GET /favicon.ico - 44389 - ::1 Mozilla/5.0+(Windows+NT+10.0;+Win64;+x64)+AppleWebKit/537.36+(KHTML,+like+Gecko)+Chrome/72.0.3626.119+Safari/537.36 https://localhost:44389/ErrorTrackers/Create 200 0 0 24
2019-03-04 22:16:04 ::1 GET /ErrorTrackers/Create - 44389 - ::1 Mozilla/5.0+(Windows+NT+10.0;+Win64;+x64)+AppleWebKit/537.36+(KHTML,+like+Gecko)+Chrome/72.0.3626.119+Safari/537.36 https://localhost:44389/ErrorTrackers 200 0 0 325
2019-03-04 22:16:04 ::1 GET /favicon.ico - 44389 - ::1 Mozilla/5.0+(Windows+NT+10.0;+Win64;+x64)+AppleWebKit/537.36+(KHTML,+like+Gecko)+Chrome/72.0.3626.119+Safari/537.36 https://localhost:44389/ErrorTrackers/Create 200 0 0 21
2019-03-04 22:16:31 ::1 GET /ErrorTrackers/Create - 44389 - ::1 Mozilla/5.0+(Windows+NT+10.0;+Win64;+x64)+AppleWebKit/537.36+(KHTML,+like+Gecko)+Chrome/72.0.3626.119+Safari/537.36 https://localhost:44389/ErrorTrackers 200 0 0 608
2019-03-04 22:16:31 ::1 GET /favicon.ico - 44389 - ::1 Mozilla/5.0+(Windows+NT+10.0;+Win64;+x64)+AppleWebKit/537.36+(KHTML,+like+Gecko)+Chrome/72.0.3626.119+Safari/537.36 https://localhost:44389/ErrorTrackers/Create 200 0 0 32
2019-03-04 22:18:29 ::1 GET /ErrorTrackers/Create - 44389 - ::1 Mozilla/5.0+(Windows+NT+10.0;+Win64;+x64)+AppleWebKit/537.36+(KHTML,+like+Gecko)+Chrome/72.0.3626.119+Safari/537.36 https://localhost:44389/ErrorTrackers 200 0 0 1851
2019-03-04 22:18:29 ::1 GET /favicon.ico - 44389 - ::1 Mozilla/5.0+(Windows+NT+10.0;+Win64;+x64)+AppleWebKit/537.36+(KHTML,+like+Gecko)+Chrome/72.0.3626.119+Safari/537.36 https://localhost:44389/ErrorTrackers/Create 200 0 0 17
2019-03-04 22:19:25 ::1 GET /EmployeeTimes - 44389 - ::1 Mozilla/5.0+(Windows+NT+10.0;+Win64;+x64)+AppleWebKit/537.36+(KHTML,+like+Gecko)+Chrome/72.0.3626.119+Safari/537.36 https://localhost:44389/ErrorTrackers/Create 200 0 0 648
2019-03-04 22:34:15 ::1 GET /ErrorTrackers - 44389 - ::1 Mozilla/5.0+(Windows+NT+10.0;+Win64;+x64)+AppleWebKit/537.36+(KHTML,+like+Gecko)+Chrome/72.0.3626.119+Safari/537.36 https://localhost:44389/EmployeeTimes 200 0 0 1151
2019-03-04 22:34:18 ::1 GET /ErrorTrackers/Create - 44389 - ::1 Mozilla/5.0+(Windows+NT+10.0;+Win64;+x64)+AppleWebKit/537.36+(KHTML,+like+Gecko)+Chrome/72.0.3626.119+Safari/537.36 https://localhost:44389/ErrorTrackers 200 0 0 83
2019-03-04 22:34:48 ::1 GET /ErrorTrackers/Create - 44389 - ::1 Mozilla/5.0+(Windows+NT+10.0;+Win64;+x64)+AppleWebKit/537.36+(KHTML,+like+Gecko)+Chrome/72.0.3626.119+Safari/537.36 https://localhost:44389/ErrorTrackers 200 0 0 639
2019-03-04 22:34:48 ::1 GET /favicon.ico - 44389 - ::1 Mozilla/5.0+(Windows+NT+10.0;+Win64;+x64)+AppleWebKit/537.36+(KHTML,+like+Gecko)+Chrome/72.0.3626.119+Safari/537.36 https://localhost:44389/ErrorTrackers/Create 200 0 0 22
2019-03-04 22:35:02 ::1 GET /ErrorTrackers/Create - 44389 - ::1 Mozilla/5.0+(Windows+NT+10.0;+Win64;+x64)+AppleWebKit/537.36+(KHTML,+like+Gecko)+Chrome/72.0.3626.119+Safari/537.36 https://localhost:44389/ErrorTrackers 200 0 0 639
2019-03-04 22:35:02 ::1 GET /favicon.ico - 44389 - ::1 Mozilla/5.0+(Windows+NT+10.0;+Win64;+x64)+AppleWebKit/537.36+(KHTML,+like+Gecko)+Chrome/72.0.3626.119+Safari/537.36 https://localhost:44389/ErrorTrackers/Create 200 0 0 43
2019-03-04 22:35:41 ::1 POST /ErrorTrackers/Create - 44389 - ::1 Mozilla/5.0+(Windows+NT+10.0;+Win64;+x64)+AppleWebKit/537.36+(KHTML,+like+Gecko)+Chrome/72.0.3626.119+Safari/537.36 https://localhost:44389/ErrorTrackers/Create 500 0 0 2051
2019-03-04 22:35:44 ::1 GET /ErrorTrackers/Create - 44389 - ::1 Mozilla/5.0+(Windows+NT+10.0;+Win64;+x64)+AppleWebKit/537.36+(KHTML,+like+Gecko)+Chrome/72.0.3626.119+Safari/537.36 https://localhost:44389/ErrorTrackers 200 0 0 81
2019-03-04 22:36:00 ::1 GET /ErrorTrackers/Create - 44389 - ::1 Mozilla/5.0+(Windows+NT+10.0;+Win64;+x64)+AppleWebKit/537.36+(KHTML,+like+Gecko)+Chrome/72.0.3626.119+Safari/537.36 https://localhost:44389/ErrorTrackers 200 0 0 946
2019-03-04 22:36:00 ::1 GET /favicon.ico - 44389 - ::1 Mozilla/5.0+(Windows+NT+10.0;+Win64;+x64)+AppleWebKit/537.36+(KHTML,+like+Gecko)+Chrome/72.0.3626.119+Safari/537.36 https://localhost:44389/ErrorTrackers/Create 200 0 0 47
2019-03-04 22:37:35 ::1 POST /ErrorTrackers/Create - 44389 - ::1 Mozilla/5.0+(Windows+NT+10.0;+Win64;+x64)+AppleWebKit/537.36+(KHTML,+like+Gecko)+Chrome/72.0.3626.119+Safari/537.36 https://localhost:44389/ErrorTrackers/Create 500 0 0 2018
2019-03-04 22:38:49 ::1 GET /ErrorTrackers/Create - 44389 - ::1 Mozilla/5.0+(Windows+NT+10.0;+Win64;+x64)+AppleWebKit/537.36+(KHTML,+like+Gecko)+Chrome/72.0.3626.119+Safari/537.36 https://localhost:44389/ErrorTrackers 200 0 0 954
2019-03-04 22:38:50 ::1 GET /ErrorTrackers/Create - 44389 - ::1 Mozilla/5.0+(Windows+NT+10.0;+Win64;+x64)+AppleWebKit/537.36+(KHTML,+like+Gecko)+Chrome/72.0.3626.119+Safari/537.36 https://localhost:44389/ErrorTrackers 200 0 0 249
2019-03-04 22:38:50 ::1 GET /favicon.ico - 44389 - ::1 Mozilla/5.0+(Windows+NT+10.0;+Win64;+x64)+AppleWebKit/537.36+(KHTML,+like+Gecko)+Chrome/72.0.3626.119+Safari/537.36 https://localhost:44389/ErrorTrackers/Create 200 0 0 20
2019-03-04 22:38:52 ::1 POST /ErrorTrackers/Create - 44389 - ::1 Mozilla/5.0+(Windows+NT+10.0;+Win64;+x64)+AppleWebKit/537.36+(KHTML,+like+Gecko)+Chrome/72.0.3626.119+Safari/537.36 https://localhost:44389/ErrorTrackers/Create 302 0 0 377
2019-03-04 22:38:52 ::1 GET /ErrorTrackers - 44389 - ::1 Mozilla/5.0+(Windows+NT+10.0;+Win64;+x64)+AppleWebKit/537.36+(KHTML,+like+Gecko)+Chrome/72.0.3626.119+Safari/537.36 https://localhost:44389/ErrorTrackers/Create 200 0 0 263
2019-03-04 22:39:08 ::1 GET /ErrorTrackers/Edit/6 - 44389 - ::1 Mozilla/5.0+(Windows+NT+10.0;+Win64;+x64)+AppleWebKit/537.36+(KHTML,+like+Gecko)+Chrome/72.0.3626.119+Safari/537.36 https://localhost:44389/ErrorTrackers 200 0 0 611
2019-03-04 22:39:12 ::1 GET /ErrorTrackers/Edit/6 - 44389 - ::1 Mozilla/5.0+(Windows+NT+10.0;+Win64;+x64)+AppleWebKit/537.36+(KHTML,+like+Gecko)+Chrome/72.0.3626.119+Safari/537.36 https://localhost:44389/ErrorTrackers 200 0 0 469
2019-03-04 22:39:12 ::1 GET /favicon.ico - 44389 - ::1 Mozilla/5.0+(Windows+NT+10.0;+Win64;+x64)+AppleWebKit/537.36+(KHTML,+like+Gecko)+Chrome/72.0.3626.119+Safari/537.36 https://localhost:44389/ErrorTrackers/Edit/6 200 0 0 29
2019-03-04 22:39:17 ::1 POST /ErrorTrackers/Edit/6 - 44389 - ::1 Mozilla/5.0+(Windows+NT+10.0;+Win64;+x64)+AppleWebKit/537.36+(KHTML,+like+Gecko)+Chrome/72.0.3626.119+Safari/537.36 https://localhost:44389/ErrorTrackers/Edit/6 302 0 0 402
2019-03-04 22:39:17 ::1 GET /ErrorTrackers - 44389 - ::1 Mozilla/5.0+(Windows+NT+10.0;+Win64;+x64)+AppleWebKit/537.36+(KHTML,+like+Gecko)+Chrome/72.0.3626.119+Safari/537.36 https://localhost:44389/ErrorTrackers/Edit/6 200 0 0 275
2019-03-04 22:39:22 ::1 GET /ErrorTrackers/Details/6 - 44389 - ::1 Mozilla/5.0+(Windows+NT+10.0;+Win64;+x64)+AppleWebKit/537.36+(KHTML,+like+Gecko)+Chrome/72.0.3626.119+Safari/537.36 https://localhost:44389/ErrorTrackers 200 0 0 586
2019-03-04 22:39:25 ::1 GET /ErrorTrackers - 44389 - ::1 Mozilla/5.0+(Windows+NT+10.0;+Win64;+x64)+AppleWebKit/537.36+(KHTML,+like+Gecko)+Chrome/72.0.3626.119+Safari/537.36 https://localhost:44389/ErrorTrackers/Edit/6 200 0 0 512
#Software: Microsoft Internet Information Services 10.0
#Version: 1.0
#Date: 2019-03-04 22:42:26
#Fields: date time s-ip cs-method cs-uri-stem cs-uri-query s-port cs-username c-ip cs(User-Agent) cs(Referer) sc-status sc-substatus sc-win32-status time-taken
2019-03-04 22:42:26 ::1 DEBUG / - 50267 - ::1 - - 200 0 64 10641
2019-03-04 22:42:28 ::1 GET / - 44389 - ::1 Mozilla/5.0+(Windows+NT+10.0;+Win64;+x64)+AppleWebKit/537.36+(KHTML,+like+Gecko)+Chrome/72.0.3626.119+Safari/537.36 - 200 0 0 8979
2019-03-04 22:42:31 ::1 GET /ErrorTrackers - 44389 - ::1 Mozilla/5.0+(Windows+NT+10.0;+Win64;+x64)+AppleWebKit/537.36+(KHTML,+like+Gecko)+Chrome/72.0.3626.119+Safari/537.36 https://localhost:44389/ 200 0 0 1843
2019-03-04 22:42:42 ::1 GET /ErrorTrackers/Create - 44389 - ::1 Mozilla/5.0+(Windows+NT+10.0;+Win64;+x64)+AppleWebKit/537.36+(KHTML,+like+Gecko)+Chrome/72.0.3626.119+Safari/537.36 https://localhost:44389/ErrorTrackers 200 0 0 535
2019-03-04 22:42:51 ::1 GET /ErrorTrackers - 44389 - ::1 Mozilla/5.0+(Windows+NT+10.0;+Win64;+x64)+AppleWebKit/537.36+(KHTML,+like+Gecko)+Chrome/72.0.3626.119+Safari/537.36 https://localhost:44389/ 200 0 0 282
2019-03-04 22:42:57 ::1 GET /ErrorTrackers/Edit/6 - 44389 - ::1 Mozilla/5.0+(Windows+NT+10.0;+Win64;+x64)+AppleWebKit/537.36+(KHTML,+like+Gecko)+Chrome/72.0.3626.119+Safari/537.36 https://localhost:44389/ErrorTrackers 200 0 0 706
#Software: Microsoft Internet Information Services 10.0
#Version: 1.0
#Date: 2019-03-04 22:59:51
#Fields: date time s-ip cs-method cs-uri-stem cs-uri-query s-port cs-username c-ip cs(User-Agent) cs(Referer) sc-status sc-substatus sc-win32-status time-taken
2019-03-04 22:59:51 ::1 POST /ErrorTrackers/Edit/6 - 44389 - ::1 Mozilla/5.0+(Windows+NT+10.0;+Win64;+x64)+AppleWebKit/537.36+(KHTML,+like+Gecko)+Chrome/72.0.3626.119+Safari/537.36 https://localhost:44389/ErrorTrackers/Edit/6 302 0 0 2369
2019-03-04 22:59:51 ::1 GET /ErrorTrackers - 44389 - ::1 Mozilla/5.0+(Windows+NT+10.0;+Win64;+x64)+AppleWebKit/537.36+(KHTML,+like+Gecko)+Chrome/72.0.3626.119+Safari/537.36 https://localhost:44389/ErrorTrackers/Edit/6 200 0 0 327
2019-03-04 22:59:56 ::1 GET /ErrorTrackers/Edit/6 - 44389 - ::1 Mozilla/5.0+(Windows+NT+10.0;+Win64;+x64)+AppleWebKit/537.36+(KHTML,+like+Gecko)+Chrome/72.0.3626.119+Safari/537.36 https://localhost:44389/ErrorTrackers 200 0 0 477
2019-03-04 23:00:00 ::1 POST /ErrorTrackers/Edit/6 - 44389 - ::1 Mozilla/5.0+(Windows+NT+10.0;+Win64;+x64)+AppleWebKit/537.36+(KHTML,+like+Gecko)+Chrome/72.0.3626.119+Safari/537.36 https://localhost:44389/ErrorTrackers/Edit/6 302 0 0 380
2019-03-04 23:00:00 ::1 GET /ErrorTrackers - 44389 - ::1 Mozilla/5.0+(Windows+NT+10.0;+Win64;+x64)+AppleWebKit/537.36+(KHTML,+like+Gecko)+Chrome/72.0.3626.119+Safari/537.36 https://localhost:44389/ErrorTrackers/Edit/6 200 0 0 342
2019-03-04 23:00:56 ::1 GET /ErrorTrackers/Edit/6 - 44389 - ::1 Mozilla/5.0+(Windows+NT+10.0;+Win64;+x64)+AppleWebKit/537.36+(KHTML,+like+Gecko)+Chrome/72.0.3626.119+Safari/537.36 https://localhost:44389/ErrorTrackers 200 0 0 496
2019-03-04 23:01:00 ::1 POST /ErrorTrackers/Edit/6 - 44389 - ::1 Mozilla/5.0+(Windows+NT+10.0;+Win64;+x64)+AppleWebKit/537.36+(KHTML,+like+Gecko)+Chrome/72.0.3626.119+Safari/537.36 https://localhost:44389/ErrorTrackers/Edit/6 302 0 0 373
2019-03-04 23:01:00 ::1 GET /ErrorTrackers - 44389 - ::1 Mozilla/5.0+(Windows+NT+10.0;+Win64;+x64)+AppleWebKit/537.36+(KHTML,+like+Gecko)+Chrome/72.0.3626.119+Safari/537.36 https://localhost:44389/ErrorTrackers/Edit/6 200 0 0 263
2019-03-04 23:01:06 ::1 GET /ErrorTrackers/Edit/6 - 44389 - ::1 Mozilla/5.0+(Windows+NT+10.0;+Win64;+x64)+AppleWebKit/537.36+(KHTML,+like+Gecko)+Chrome/72.0.3626.119+Safari/537.36 https://localhost:44389/ErrorTrackers 200 0 0 697
2019-03-04 23:01:09 ::1 POST /ErrorTrackers/Edit/6 - 44389 - ::1 Mozilla/5.0+(Windows+NT+10.0;+Win64;+x64)+AppleWebKit/537.36+(KHTML,+like+Gecko)+Chrome/72.0.3626.119+Safari/537.36 https://localhost:44389/ErrorTrackers/Edit/6 302 0 0 367
2019-03-04 23:01:09 ::1 GET /ErrorTrackers - 44389 - ::1 Mozilla/5.0+(Windows+NT+10.0;+Win64;+x64)+AppleWebKit/537.36+(KHTML,+like+Gecko)+Chrome/72.0.3626.119+Safari/537.36 https://localhost:44389/ErrorTrackers/Edit/6 200 0 0 278
2019-03-04 23:59:59 ::1 GET /EmployeeTimes - 44389 - ::1 Mozilla/5.0+(Windows+NT+10.0;+Win64;+x64)+AppleWebKit/537.36+(KHTML,+like+Gecko)+Chrome/72.0.3626.119+Safari/537.36 https://localhost:44389/ErrorTrackers 200 0 0 1720
2019-03-04 23:59:59 ::1 GET /EmployeeTimes - 44389 - ::1 Mozilla/5.0+(Windows+NT+10.0;+Win64;+x64)+AppleWebKit/537.36+(KHTML,+like+Gecko)+Chrome/72.0.3626.119+Safari/537.36 https://localhost:44389/EmployeeTimes 200 0 0 357
2019-03-04 23:59:59 ::1 GET /ErrorTrackers - 44389 - ::1 Mozilla/5.0+(Windows+NT+10.0;+Win64;+x64)+AppleWebKit/537.36+(KHTML,+like+Gecko)+Chrome/72.0.3626.119+Safari/537.36 https://localhost:44389/EmployeeTimes 200 0 0 247
2019-03-04 23:59:59 ::1 GET /ErrorTrackers - 44389 - ::1 Mozilla/5.0+(Windows+NT+10.0;+Win64;+x64)+AppleWebKit/537.36+(KHTML,+like+Gecko)+Chrome/72.0.3626.119+Safari/537.36 https://localhost:44389/ErrorTrackers 200 0 0 286
2019-03-04 23:59:59 ::1 GET /EmployeeTimes - 44389 - ::1 Mozilla/5.0+(Windows+NT+10.0;+Win64;+x64)+AppleWebKit/537.36+(KHTML,+like+Gecko)+Chrome/72.0.3626.119+Safari/537.36 https://localhost:44389/ErrorTrackers 200 0 0 371
2019-03-04 23:59:59 ::1 GET /EmployeeTimes - 44389 - ::1 Mozilla/5.0+(Windows+NT+10.0;+Win64;+x64)+AppleWebKit/537.36+(KHTML,+like+Gecko)+Chrome/72.0.3626.119+Safari/537.36 https://localhost:44389/EmployeeTimes 200 0 0 711
2019-03-04 23:59:59 ::1 GET /EmployeeTimes/Edit/73 - 44389 - ::1 Mozilla/5.0+(Windows+NT+10.0;+Win64;+x64)+AppleWebKit/537.36+(KHTML,+like+Gecko)+Chrome/72.0.3626.119+Safari/537.36 https://localhost:44389/EmployeeTimes 200 0 0 877
2019-03-04 23:59:59 ::1 GET /Scripts/jquery-3.1.1.min.js - 44389 - ::1 Mozilla/5.0+(Windows+NT+10.0;+Win64;+x64)+AppleWebKit/537.36+(KHTML,+like+Gecko)+Chrome/72.0.3626.119+Safari/537.36 https://localhost:44389/EmployeeTimes/Edit/73 404 0 0 48
2019-03-04 23:59:59 ::1 GET /Scripts/jquery-ui-1.12.1.min.js - 44389 - ::1 Mozilla/5.0+(Windows+NT+10.0;+Win64;+x64)+AppleWebKit/537.36+(KHTML,+like+Gecko)+Chrome/72.0.3626.119+Safari/537.36 https://localhost:44389/EmployeeTimes/Edit/73 404 0 0 51
2019-03-04 23:59:59 ::1 GET /Content/themes/base/jquery-ui.min.css - 44389 - ::1 Mozilla/5.0+(Windows+NT+10.0;+Win64;+x64)+AppleWebKit/537.36+(KHTML,+like+Gecko)+Chrome/72.0.3626.119+Safari/537.36 https://localhost:44389/EmployeeTimes/Edit/73 404 0 0 65
2019-03-04 23:59:59 ::1 GET /Scripts/jquery-3.1.1.min.js - 44389 - ::1 Mozilla/5.0+(Windows+NT+10.0;+Win64;+x64)+AppleWebKit/537.36+(KHTML,+like+Gecko)+Chrome/72.0.3626.119+Safari/537.36 https://localhost:44389/EmployeeTimes/Edit/73 404 0 0 37
2019-03-04 23:59:59 ::1 GET /Scripts/jquery-ui-1.12.1.min.js - 44389 - ::1 Mozilla/5.0+(Windows+NT+10.0;+Win64;+x64)+AppleWebKit/537.36+(KHTML,+like+Gecko)+Chrome/72.0.3626.119+Safari/537.36 https://localhost:44389/EmployeeTimes/Edit/73 404 0 0 17
2019-03-04 23:59:59 ::1 GET /Scripts/jquery-3.1.1.min.js - 44389 - ::1 Mozilla/5.0+(Windows+NT+10.0;+Win64;+x64)+AppleWebKit/537.36+(KHTML,+like+Gecko)+Chrome/72.0.3626.119+Safari/537.36 https://localhost:44389/EmployeeTimes/Edit/73 404 0 0 16
2019-03-04 23:59:59 ::1 GET /Scripts/jquery-ui-1.12.1.min.js - 44389 - ::1 Mozilla/5.0+(Windows+NT+10.0;+Win64;+x64)+AppleWebKit/537.36+(KHTML,+like+Gecko)+Chrome/72.0.3626.119+Safari/537.36 https://localhost:44389/EmployeeTimes/Edit/73 404 0 0 12
2019-03-04 23:59:59 ::1 GET /EmployeeTimes - 44389 - ::1 Mozilla/5.0+(Windows+NT+10.0;+Win64;+x64)+AppleWebKit/537.36+(KHTML,+like+Gecko)+Chrome/72.0.3626.119+Safari/537.36 https://localhost:44389/EmployeeTimes 200 0 0 270
2019-03-04 23:59:59 ::1 GET /EmployeeTimes/Edit/73 - 44389 - ::1 Mozilla/5.0+(Windows+NT+10.0;+Win64;+x64)+AppleWebKit/537.36+(KHTML,+like+Gecko)+Chrome/72.0.3626.119+Safari/537.36 https://localhost:44389/EmployeeTimes 200 0 0 848
2019-03-04 23:59:59 ::1 GET /Scripts/jquery-3.1.1.min.js - 44389 - ::1 Mozilla/5.0+(Windows+NT+10.0;+Win64;+x64)+AppleWebKit/537.36+(KHTML,+like+Gecko)+Chrome/72.0.3626.119+Safari/537.36 https://localhost:44389/EmployeeTimes/Edit/73 404 0 0 60
2019-03-04 23:59:59 ::1 GET /Scripts/jquery-ui-1.12.1.min.js - 44389 - ::1 Mozilla/5.0+(Windows+NT+10.0;+Win64;+x64)+AppleWebKit/537.36+(KHTML,+like+Gecko)+Chrome/72.0.3626.119+Safari/537.36 https://localhost:44389/EmployeeTimes/Edit/73 404 0 0 69
2019-03-04 23:59:59 ::1 GET /Content/themes/base/jquery-ui.min.css - 44389 - ::1 Mozilla/5.0+(Windows+NT+10.0;+Win64;+x64)+AppleWebKit/537.36+(KHTML,+like+Gecko)+Chrome/72.0.3626.119+Safari/537.36 https://localhost:44389/EmployeeTimes/Edit/73 404 0 0 74
2019-03-04 23:59:59 ::1 GET /Scripts/jquery-3.1.1.min.js - 44389 - ::1 Mozilla/5.0+(Windows+NT+10.0;+Win64;+x64)+AppleWebKit/537.36+(KHTML,+like+Gecko)+Chrome/72.0.3626.119+Safari/537.36 https://localhost:44389/EmployeeTimes/Edit/73 404 0 0 23
2019-03-04 23:59:59 ::1 GET /Scripts/jquery-ui-1.12.1.min.js - 44389 - ::1 Mozilla/5.0+(Windows+NT+10.0;+Win64;+x64)+AppleWebKit/537.36+(KHTML,+like+Gecko)+Chrome/72.0.3626.119+Safari/537.36 https://localhost:44389/EmployeeTimes/Edit/73 404 0 0 33
2019-03-04 23:59:59 ::1 GET /Scripts/jquery-3.1.1.min.js - 44389 - ::1 Mozilla/5.0+(Windows+NT+10.0;+Win64;+x64)+AppleWebKit/537.36+(KHTML,+like+Gecko)+Chrome/72.0.3626.119+Safari/537.36 https://localhost:44389/EmployeeTimes/Edit/73 404 0 0 11
2019-03-04 23:59:59 ::1 GET /Scripts/jquery-ui-1.12.1.min.js - 44389 - ::1 Mozilla/5.0+(Windows+NT+10.0;+Win64;+x64)+AppleWebKit/537.36+(KHTML,+like+Gecko)+Chrome/72.0.3626.119+Safari/537.36 https://localhost:44389/EmployeeTimes/Edit/73 404 0 0 7
2019-03-04 23:59:59 ::1 POST /EmployeeTimes/Edit/73 - 44389 - ::1 Mozilla/5.0+(Windows+NT+10.0;+Win64;+x64)+AppleWebKit/537.36+(KHTML,+like+Gecko)+Chrome/72.0.3626.119+Safari/537.36 https://localhost:44389/EmployeeTimes/Edit/73 500 0 0 2163
2019-03-04 23:59:59 ::1 GET /EmployeeTimes/Edit/73 - 44389 - ::1 Mozilla/5.0+(Windows+NT+10.0;+Win64;+x64)+AppleWebKit/537.36+(KHTML,+like+Gecko)+Chrome/72.0.3626.119+Safari/537.36 https://localhost:44389/EmployeeTimes 200 0 0 732
2019-03-04 23:59:59 ::1 GET /EmployeeTimes - 44389 - ::1 Mozilla/5.0+(Windows+NT+10.0;+Win64;+x64)+AppleWebKit/537.36+(KHTML,+like+Gecko)+Chrome/72.0.3626.119+Safari/537.36 https://localhost:44389/EmployeeTimes 200 0 0 582
2019-03-04 23:59:59 ::1 GET /EmployeeTimes/Create - 44389 - ::1 Mozilla/5.0+(Windows+NT+10.0;+Win64;+x64)+AppleWebKit/537.36+(KHTML,+like+Gecko)+Chrome/72.0.3626.119+Safari/537.36 https://localhost:44389/EmployeeTimes 200 0 0 1424
2019-03-04 23:59:59 ::1 GET /lib/jquery-validation/dist/jquery.validate.js - 44389 - ::1 Mozilla/5.0+(Windows+NT+10.0;+Win64;+x64)+AppleWebKit/537.36+(KHTML,+like+Gecko)+Chrome/72.0.3626.119+Safari/537.36 https://localhost:44389/EmployeeTimes/Create 304 0 0 61
2019-03-04 23:59:59 ::1 GET /lib/jquery-validation-unobtrusive/jquery.validate.unobtrusive.js - 44389 - ::1 Mozilla/5.0+(Windows+NT+10.0;+Win64;+x64)+AppleWebKit/537.36+(KHTML,+like+Gecko)+Chrome/72.0.3626.119+Safari/537.36 https://localhost:44389/EmployeeTimes/Create 304 0 0 64
2019-03-04 23:59:59 ::1 GET /EmployeeTimes/GetProjects CustomersID=17 44389 - ::1 Mozilla/5.0+(Windows+NT+10.0;+Win64;+x64)+AppleWebKit/537.36+(KHTML,+like+Gecko)+Chrome/72.0.3626.119+Safari/537.36 https://localhost:44389/EmployeeTimes/Create 200 0 0 423
2019-03-04 23:59:59 ::1 GET /EmployeeTimes - 44389 - ::1 Mozilla/5.0+(Windows+NT+10.0;+Win64;+x64)+AppleWebKit/537.36+(KHTML,+like+Gecko)+Chrome/72.0.3626.119+Safari/537.36 https://localhost:44389/EmployeeTimes 200 0 0 574
