#Software: Microsoft Internet Information Services 10.0
#Version: 1.0
#Date: 2019-02-21 14:05:12
#Fields: date time s-ip cs-method cs-uri-stem cs-uri-query s-port cs-username c-ip cs(User-Agent) cs(Referer) sc-status sc-substatus sc-win32-status time-taken
2019-02-21 14:05:12 ::1 DEBUG / - 50267 - ::1 - - 200 0 64 11267
2019-02-21 14:05:17 ::1 GET / - 44389 - ::1 Mozilla/5.0+(Windows+NT+10.0;+Win64;+x64)+AppleWebKit/537.36+(KHTML,+like+Gecko)+Chrome/72.0.3626.109+Safari/537.36 - 400 0 64 13456
#Software: Microsoft Internet Information Services 10.0
#Version: 1.0
#Date: 2019-02-21 15:06:45
#Fields: date time s-ip cs-method cs-uri-stem cs-uri-query s-port cs-username c-ip cs(User-Agent) cs(Referer) sc-status sc-substatus sc-win32-status time-taken
2019-02-21 15:06:45 ::1 DEBUG / - 50267 - ::1 - - 200 0 64 9498
2019-02-21 15:06:49 ::1 GET / - 44389 - ::1 Mozilla/5.0+(Windows+NT+10.0;+Win64;+x64)+AppleWebKit/537.36+(KHTML,+like+Gecko)+Chrome/72.0.3626.109+Safari/537.36 - 200 0 0 9913
2019-02-21 15:06:49 ::1 GET /lib/bootstrap/dist/css/bootstrap.css - 44389 - ::1 Mozilla/5.0+(Windows+NT+10.0;+Win64;+x64)+AppleWebKit/537.36+(KHTML,+like+Gecko)+Chrome/72.0.3626.109+Safari/537.36 https://localhost:44389/ 304 0 0 73
2019-02-21 15:06:49 ::1 GET /lib/bootstrap/dist/js/bootstrap.js - 44389 - ::1 Mozilla/5.0+(Windows+NT+10.0;+Win64;+x64)+AppleWebKit/537.36+(KHTML,+like+Gecko)+Chrome/72.0.3626.109+Safari/537.36 https://localhost:44389/ 304 0 0 55
2019-02-21 15:06:49 ::1 GET /lib/jquery/dist/jquery.js - 44389 - ::1 Mozilla/5.0+(Windows+NT+10.0;+Win64;+x64)+AppleWebKit/537.36+(KHTML,+like+Gecko)+Chrome/72.0.3626.109+Safari/537.36 https://localhost:44389/ 304 0 0 70
2019-02-21 15:06:49 ::1 GET /lib/bootstrap/dist/fonts/glyphicons-halflings-regular.woff2 - 44389 - ::1 Mozilla/5.0+(Windows+NT+10.0;+Win64;+x64)+AppleWebKit/537.36+(KHTML,+like+Gecko)+Chrome/72.0.3626.109+Safari/537.36 https://localhost:44389/lib/bootstrap/dist/css/bootstrap.css 304 0 0 26
2019-02-21 15:06:49 ::1 GET /lib/bootstrap/dist/fonts/glyphicons-halflings-regular.woff - 44389 - ::1 Mozilla/5.0+(Windows+NT+10.0;+Win64;+x64)+AppleWebKit/537.36+(KHTML,+like+Gecko)+Chrome/72.0.3626.109+Safari/537.36 https://localhost:44389/lib/bootstrap/dist/css/bootstrap.css 304 0 0 25
2019-02-21 15:06:49 ::1 GET /lib/bootstrap/dist/fonts/glyphicons-halflings-regular.ttf - 44389 - ::1 Mozilla/5.0+(Windows+NT+10.0;+Win64;+x64)+AppleWebKit/537.36+(KHTML,+like+Gecko)+Chrome/72.0.3626.109+Safari/537.36 https://localhost:44389/lib/bootstrap/dist/css/bootstrap.css 304 0 0 38
2019-02-21 15:06:53 ::1 GET /EmployeeTimes - 44389 - ::1 Mozilla/5.0+(Windows+NT+10.0;+Win64;+x64)+AppleWebKit/537.36+(KHTML,+like+Gecko)+Chrome/72.0.3626.109+Safari/537.36 https://localhost:44389/ 500 0 0 960
2019-02-21 15:10:10 ::1 GET /EmployeeTimes - 44389 - ::1 Mozilla/5.0+(Windows+NT+10.0;+Win64;+x64)+AppleWebKit/537.36+(KHTML,+like+Gecko)+Chrome/72.0.3626.109+Safari/537.36 https://localhost:44389/ 500 0 0 428
#Software: Microsoft Internet Information Services 10.0
#Version: 1.0
#Date: 2019-02-21 15:14:42
#Fields: date time s-ip cs-method cs-uri-stem cs-uri-query s-port cs-username c-ip cs(User-Agent) cs(Referer) sc-status sc-substatus sc-win32-status time-taken
2019-02-21 15:14:42 ::1 DEBUG / - 50267 - ::1 - - 200 0 64 9215
2019-02-21 15:14:43 ::1 GET / - 44389 - ::1 Mozilla/5.0+(Windows+NT+10.0;+Win64;+x64)+AppleWebKit/537.36+(KHTML,+like+Gecko)+Chrome/72.0.3626.109+Safari/537.36 - 200 0 0 7749
2019-02-21 15:15:06 ::1 GET /EmployeeTimes - 44389 - ::1 Mozilla/5.0+(Windows+NT+10.0;+Win64;+x64)+AppleWebKit/537.36+(KHTML,+like+Gecko)+Chrome/72.0.3626.109+Safari/537.36 https://localhost:44389/ 500 0 0 2059
#Software: Microsoft Internet Information Services 10.0
#Version: 1.0
#Date: 2019-02-21 15:17:11
#Fields: date time s-ip cs-method cs-uri-stem cs-uri-query s-port cs-username c-ip cs(User-Agent) cs(Referer) sc-status sc-substatus sc-win32-status time-taken
2019-02-21 15:17:11 ::1 DEBUG / - 50267 - ::1 - - 200 0 64 9196
2019-02-21 15:17:12 ::1 GET / - 44389 - ::1 Mozilla/5.0+(Windows+NT+10.0;+Win64;+x64)+AppleWebKit/537.36+(KHTML,+like+Gecko)+Chrome/72.0.3626.109+Safari/537.36 - 200 0 0 7886
2019-02-21 15:17:15 ::1 GET /EmployeeTimes - 44389 - ::1 Mozilla/5.0+(Windows+NT+10.0;+Win64;+x64)+AppleWebKit/537.36+(KHTML,+like+Gecko)+Chrome/72.0.3626.109+Safari/537.36 https://localhost:44389/ 200 0 0 1991
#Software: Microsoft Internet Information Services 10.0
#Version: 1.0
#Date: 2019-02-21 15:18:16
#Fields: date time s-ip cs-method cs-uri-stem cs-uri-query s-port cs-username c-ip cs(User-Agent) cs(Referer) sc-status sc-substatus sc-win32-status time-taken
2019-02-21 15:18:16 ::1 DEBUG / - 50267 - ::1 - - 200 0 64 8668
2019-02-21 15:18:17 ::1 GET / - 44389 - ::1 Mozilla/5.0+(Windows+NT+10.0;+Win64;+x64)+AppleWebKit/537.36+(KHTML,+like+Gecko)+Chrome/72.0.3626.109+Safari/537.36 - 200 0 0 7332
2019-02-21 15:18:21 ::1 GET /EmployeeTimes - 44389 - ::1 Mozilla/5.0+(Windows+NT+10.0;+Win64;+x64)+AppleWebKit/537.36+(KHTML,+like+Gecko)+Chrome/72.0.3626.109+Safari/537.36 https://localhost:44389/ 200 0 0 1932
#Software: Microsoft Internet Information Services 10.0
#Version: 1.0
#Date: 2019-02-21 15:21:03
#Fields: date time s-ip cs-method cs-uri-stem cs-uri-query s-port cs-username c-ip cs(User-Agent) cs(Referer) sc-status sc-substatus sc-win32-status time-taken
2019-02-21 15:21:03 ::1 DEBUG / - 50267 - ::1 - - 200 0 64 9611
2019-02-21 15:21:04 ::1 GET / - 44389 - ::1 Mozilla/5.0+(Windows+NT+10.0;+Win64;+x64)+AppleWebKit/537.36+(KHTML,+like+Gecko)+Chrome/72.0.3626.109+Safari/537.36 - 200 0 0 7855
2019-02-21 15:21:08 ::1 GET /EmployeeTimes - 44389 - ::1 Mozilla/5.0+(Windows+NT+10.0;+Win64;+x64)+AppleWebKit/537.36+(KHTML,+like+Gecko)+Chrome/72.0.3626.109+Safari/537.36 https://localhost:44389/ 500 0 0 2316
#Software: Microsoft Internet Information Services 10.0
#Version: 1.0
#Date: 2019-02-21 15:32:08
#Fields: date time s-ip cs-method cs-uri-stem cs-uri-query s-port cs-username c-ip cs(User-Agent) cs(Referer) sc-status sc-substatus sc-win32-status time-taken
2019-02-21 15:32:08 ::1 DEBUG / - 50267 - ::1 - - 200 0 64 8740
2019-02-21 15:32:09 ::1 GET / - 44389 - ::1 Mozilla/5.0+(Windows+NT+10.0;+Win64;+x64)+AppleWebKit/537.36+(KHTML,+like+Gecko)+Chrome/72.0.3626.109+Safari/537.36 - 200 0 0 7378
2019-02-21 15:32:44 ::1 GET /EmployeeTimes - 44389 - ::1 Mozilla/5.0+(Windows+NT+10.0;+Win64;+x64)+AppleWebKit/537.36+(KHTML,+like+Gecko)+Chrome/72.0.3626.109+Safari/537.36 https://localhost:44389/ 502 3 12030 32886
#Software: Microsoft Internet Information Services 10.0
#Version: 1.0
#Date: 2019-02-21 15:33:09
#Fields: date time s-ip cs-method cs-uri-stem cs-uri-query s-port cs-username c-ip cs(User-Agent) cs(Referer) sc-status sc-substatus sc-win32-status time-taken
2019-02-21 15:33:09 ::1 DEBUG / - 50267 - ::1 - - 200 0 64 8185
2019-02-21 15:33:11 ::1 GET / - 44389 - ::1 Mozilla/5.0+(Windows+NT+10.0;+Win64;+x64)+AppleWebKit/537.36+(KHTML,+like+Gecko)+Chrome/72.0.3626.109+Safari/537.36 - 200 0 0 7058
2019-02-21 15:34:20 ::1 GET /EmployeeTimes - 44389 - ::1 Mozilla/5.0+(Windows+NT+10.0;+Win64;+x64)+AppleWebKit/537.36+(KHTML,+like+Gecko)+Chrome/72.0.3626.109+Safari/537.36 https://localhost:44389/ 502 3 12030 67887
#Software: Microsoft Internet Information Services 10.0
#Version: 1.0
#Date: 2019-02-21 15:35:29
#Fields: date time s-ip cs-method cs-uri-stem cs-uri-query s-port cs-username c-ip cs(User-Agent) cs(Referer) sc-status sc-substatus sc-win32-status time-taken
2019-02-21 15:35:29 ::1 DEBUG / - 50267 - ::1 - - 200 0 64 8720
2019-02-21 15:35:30 ::1 GET / - 44389 - ::1 Mozilla/5.0+(Windows+NT+10.0;+Win64;+x64)+AppleWebKit/537.36+(KHTML,+like+Gecko)+Chrome/72.0.3626.109+Safari/537.36 - 200 0 0 6661
2019-02-21 15:35:34 ::1 GET /EmployeeTimes - 44389 - ::1 Mozilla/5.0+(Windows+NT+10.0;+Win64;+x64)+AppleWebKit/537.36+(KHTML,+like+Gecko)+Chrome/72.0.3626.109+Safari/537.36 https://localhost:44389/ 500 0 0 2285
2019-02-21 15:38:06 ::1 DEBUG / - 50267 - ::1 - - 200 0 64 7901
2019-02-21 15:38:10 ::1 GET / - 44389 - ::1 Mozilla/5.0+(Windows+NT+10.0;+Win64;+x64)+AppleWebKit/537.36+(KHTML,+like+Gecko)+Chrome/72.0.3626.109+Safari/537.36 - 200 0 0 9376
2019-02-21 15:38:15 ::1 GET /EmployeeTimes - 44389 - ::1 Mozilla/5.0+(Windows+NT+10.0;+Win64;+x64)+AppleWebKit/537.36+(KHTML,+like+Gecko)+Chrome/72.0.3626.109+Safari/537.36 https://localhost:44389/ 500 0 0 883
#Software: Microsoft Internet Information Services 10.0
#Version: 1.0
#Date: 2019-02-21 15:44:40
#Fields: date time s-ip cs-method cs-uri-stem cs-uri-query s-port cs-username c-ip cs(User-Agent) cs(Referer) sc-status sc-substatus sc-win32-status time-taken
2019-02-21 15:44:40 ::1 DEBUG / - 50267 - ::1 - - 200 0 64 8976
2019-02-21 15:44:41 ::1 GET / - 44389 - ::1 Mozilla/5.0+(Windows+NT+10.0;+Win64;+x64)+AppleWebKit/537.36+(KHTML,+like+Gecko)+Chrome/72.0.3626.109+Safari/537.36 - 200 0 0 7742
2019-02-21 15:44:44 ::1 GET /EmployeeTimes - 44389 - ::1 Mozilla/5.0+(Windows+NT+10.0;+Win64;+x64)+AppleWebKit/537.36+(KHTML,+like+Gecko)+Chrome/72.0.3626.109+Safari/537.36 https://localhost:44389/ 500 0 0 2075
2019-02-21 15:51:57 ::1 GET /EmployeeTimes - 44389 - ::1 Mozilla/5.0+(Windows+NT+10.0;+Win64;+x64)+AppleWebKit/537.36+(KHTML,+like+Gecko)+Chrome/72.0.3626.109+Safari/537.36 https://localhost:44389/ 500 0 0 2904
2019-02-21 15:51:57 ::1 GET /favicon.ico - 44389 - ::1 Mozilla/5.0+(Windows+NT+10.0;+Win64;+x64)+AppleWebKit/537.36+(KHTML,+like+Gecko)+Chrome/72.0.3626.109+Safari/537.36 https://localhost:44389/EmployeeTimes 200 0 0 44
2019-02-21 15:52:15 ::1 GET /EmployeeTimes - 44389 - ::1 Mozilla/5.0+(Windows+NT+10.0;+Win64;+x64)+AppleWebKit/537.36+(KHTML,+like+Gecko)+Chrome/72.0.3626.109+Safari/537.36 https://localhost:44389/ 500 0 0 428
2019-02-21 15:52:15 ::1 GET /favicon.ico - 44389 - ::1 Mozilla/5.0+(Windows+NT+10.0;+Win64;+x64)+AppleWebKit/537.36+(KHTML,+like+Gecko)+Chrome/72.0.3626.109+Safari/537.36 https://localhost:44389/EmployeeTimes 200 0 0 32
2019-02-21 15:55:38 ::1 GET /EmployeeTimes - 44389 - ::1 Mozilla/5.0+(Windows+NT+10.0;+Win64;+x64)+AppleWebKit/537.36+(KHTML,+like+Gecko)+Chrome/72.0.3626.109+Safari/537.36 https://localhost:44389/ 502 3 12030 21128
2019-02-21 15:55:40 ::1 GET /favicon.ico - 44389 - ::1 Mozilla/5.0+(Windows+NT+10.0;+Win64;+x64)+AppleWebKit/537.36+(KHTML,+like+Gecko)+Chrome/72.0.3626.109+Safari/537.36 https://localhost:44389/EmployeeTimes 502 3 64 1447
#Software: Microsoft Internet Information Services 10.0
#Version: 1.0
#Date: 2019-02-21 15:56:14
#Fields: date time s-ip cs-method cs-uri-stem cs-uri-query s-port cs-username c-ip cs(User-Agent) cs(Referer) sc-status sc-substatus sc-win32-status time-taken
2019-02-21 15:56:14 ::1 DEBUG / - 50267 - ::1 - - 200 0 64 10646
2019-02-21 15:56:15 ::1 GET / - 44389 - ::1 Mozilla/5.0+(Windows+NT+10.0;+Win64;+x64)+AppleWebKit/537.36+(KHTML,+like+Gecko)+Chrome/72.0.3626.109+Safari/537.36 - 200 0 0 8759
2019-02-21 15:56:15 ::1 GET /favicon.ico - 44389 - ::1 Mozilla/5.0+(Windows+NT+10.0;+Win64;+x64)+AppleWebKit/537.36+(KHTML,+like+Gecko)+Chrome/72.0.3626.109+Safari/537.36 https://localhost:44389/ 200 0 0 43
2019-02-21 15:56:23 ::1 GET /EmployeeTimes - 44389 - ::1 Mozilla/5.0+(Windows+NT+10.0;+Win64;+x64)+AppleWebKit/537.36+(KHTML,+like+Gecko)+Chrome/72.0.3626.109+Safari/537.36 https://localhost:44389/ 500 0 0 6900
2019-02-21 15:56:50 ::1 GET /EmployeeTimes - 44389 - ::1 Mozilla/5.0+(Windows+NT+10.0;+Win64;+x64)+AppleWebKit/537.36+(KHTML,+like+Gecko)+Chrome/72.0.3626.109+Safari/537.36 https://localhost:44389/ 200 0 0 2594
2019-02-21 15:56:50 ::1 GET /favicon.ico - 44389 - ::1 Mozilla/5.0+(Windows+NT+10.0;+Win64;+x64)+AppleWebKit/537.36+(KHTML,+like+Gecko)+Chrome/72.0.3626.109+Safari/537.36 https://localhost:44389/EmployeeTimes 200 0 0 18
2019-02-21 15:57:55 ::1 GET /EmployeeTimes/Delete/18 - 44389 - ::1 Mozilla/5.0+(Windows+NT+10.0;+Win64;+x64)+AppleWebKit/537.36+(KHTML,+like+Gecko)+Chrome/72.0.3626.109+Safari/537.36 https://localhost:44389/EmployeeTimes 200 0 0 521
2019-02-21 15:57:57 ::1 POST /EmployeeTimes/Delete/18 - 44389 - ::1 Mozilla/5.0+(Windows+NT+10.0;+Win64;+x64)+AppleWebKit/537.36+(KHTML,+like+Gecko)+Chrome/72.0.3626.109+Safari/537.36 https://localhost:44389/EmployeeTimes/Delete/18 302 0 0 757
2019-02-21 15:57:57 ::1 GET /EmployeeTimes - 44389 - ::1 Mozilla/5.0+(Windows+NT+10.0;+Win64;+x64)+AppleWebKit/537.36+(KHTML,+like+Gecko)+Chrome/72.0.3626.109+Safari/537.36 https://localhost:44389/EmployeeTimes/Delete/18 200 0 0 264
2019-02-21 15:58:00 ::1 GET /EmployeeTimes/Create - 44389 - ::1 Mozilla/5.0+(Windows+NT+10.0;+Win64;+x64)+AppleWebKit/537.36+(KHTML,+like+Gecko)+Chrome/72.0.3626.109+Safari/537.36 https://localhost:44389/EmployeeTimes 200 0 0 787
2019-02-21 15:58:00 ::1 GET /lib/jquery-validation/dist/jquery.validate.js - 44389 - ::1 Mozilla/5.0+(Windows+NT+10.0;+Win64;+x64)+AppleWebKit/537.36+(KHTML,+like+Gecko)+Chrome/72.0.3626.109+Safari/537.36 https://localhost:44389/EmployeeTimes/Create 304 0 0 68
2019-02-21 15:58:00 ::1 GET /lib/jquery-validation-unobtrusive/jquery.validate.unobtrusive.js - 44389 - ::1 Mozilla/5.0+(Windows+NT+10.0;+Win64;+x64)+AppleWebKit/537.36+(KHTML,+like+Gecko)+Chrome/72.0.3626.109+Safari/537.36 https://localhost:44389/EmployeeTimes/Create 304 0 0 72
2019-02-21 15:58:17 ::1 POST /EmployeeTimes/Create - 44389 - ::1 Mozilla/5.0+(Windows+NT+10.0;+Win64;+x64)+AppleWebKit/537.36+(KHTML,+like+Gecko)+Chrome/72.0.3626.109+Safari/537.36 https://localhost:44389/EmployeeTimes/Create 302 0 0 448
2019-02-21 15:58:17 ::1 GET /EmployeeTimes - 44389 - ::1 Mozilla/5.0+(Windows+NT+10.0;+Win64;+x64)+AppleWebKit/537.36+(KHTML,+like+Gecko)+Chrome/72.0.3626.109+Safari/537.36 https://localhost:44389/EmployeeTimes/Create 200 0 0 334
2019-02-21 16:11:38 ::1 GET /EmployeeTimes/Details/20 - 44389 - ::1 Mozilla/5.0+(Windows+NT+10.0;+Win64;+x64)+AppleWebKit/537.36+(KHTML,+like+Gecko)+Chrome/72.0.3626.109+Safari/537.36 https://localhost:44389/EmployeeTimes 200 0 0 1763
2019-02-21 16:11:41 ::1 GET /EmployeeTimes - 44389 - ::1 Mozilla/5.0+(Windows+NT+10.0;+Win64;+x64)+AppleWebKit/537.36+(KHTML,+like+Gecko)+Chrome/72.0.3626.109+Safari/537.36 https://localhost:44389/EmployeeTimes/Create 200 0 0 310
2019-02-21 16:11:47 ::1 GET /EmployeeTimes/Delete/16 - 44389 - ::1 Mozilla/5.0+(Windows+NT+10.0;+Win64;+x64)+AppleWebKit/537.36+(KHTML,+like+Gecko)+Chrome/72.0.3626.109+Safari/537.36 https://localhost:44389/EmployeeTimes 200 0 0 222
2019-02-21 16:11:48 ::1 POST /EmployeeTimes/Delete/16 - 44389 - ::1 Mozilla/5.0+(Windows+NT+10.0;+Win64;+x64)+AppleWebKit/537.36+(KHTML,+like+Gecko)+Chrome/72.0.3626.109+Safari/537.36 https://localhost:44389/EmployeeTimes/Delete/16 302 0 0 484
2019-02-21 16:11:48 ::1 GET /EmployeeTimes - 44389 - ::1 Mozilla/5.0+(Windows+NT+10.0;+Win64;+x64)+AppleWebKit/537.36+(KHTML,+like+Gecko)+Chrome/72.0.3626.109+Safari/537.36 https://localhost:44389/EmployeeTimes/Delete/16 200 0 0 252
2019-02-21 16:11:50 ::1 GET /EmployeeTimes/Delete/21 - 44389 - ::1 Mozilla/5.0+(Windows+NT+10.0;+Win64;+x64)+AppleWebKit/537.36+(KHTML,+like+Gecko)+Chrome/72.0.3626.109+Safari/537.36 https://localhost:44389/EmployeeTimes 200 0 0 248
2019-02-21 16:11:52 ::1 POST /EmployeeTimes/Delete/21 - 44389 - ::1 Mozilla/5.0+(Windows+NT+10.0;+Win64;+x64)+AppleWebKit/537.36+(KHTML,+like+Gecko)+Chrome/72.0.3626.109+Safari/537.36 https://localhost:44389/EmployeeTimes/Delete/21 302 0 0 508
2019-02-21 16:11:52 ::1 GET /EmployeeTimes - 44389 - ::1 Mozilla/5.0+(Windows+NT+10.0;+Win64;+x64)+AppleWebKit/537.36+(KHTML,+like+Gecko)+Chrome/72.0.3626.109+Safari/537.36 https://localhost:44389/EmployeeTimes/Delete/21 200 0 0 271
2019-02-21 16:11:55 ::1 GET /EmployeeTimes/Delete/23 - 44389 - ::1 Mozilla/5.0+(Windows+NT+10.0;+Win64;+x64)+AppleWebKit/537.36+(KHTML,+like+Gecko)+Chrome/72.0.3626.109+Safari/537.36 https://localhost:44389/EmployeeTimes 200 0 0 230
2019-02-21 16:11:56 ::1 POST /EmployeeTimes/Delete/23 - 44389 - ::1 Mozilla/5.0+(Windows+NT+10.0;+Win64;+x64)+AppleWebKit/537.36+(KHTML,+like+Gecko)+Chrome/72.0.3626.109+Safari/537.36 https://localhost:44389/EmployeeTimes/Delete/23 302 0 0 542
2019-02-21 16:11:56 ::1 GET /EmployeeTimes - 44389 - ::1 Mozilla/5.0+(Windows+NT+10.0;+Win64;+x64)+AppleWebKit/537.36+(KHTML,+like+Gecko)+Chrome/72.0.3626.109+Safari/537.36 https://localhost:44389/EmployeeTimes/Delete/23 200 0 0 226
2019-02-21 16:11:58 ::1 GET /EmployeeTimes/Delete/19 - 44389 - ::1 Mozilla/5.0+(Windows+NT+10.0;+Win64;+x64)+AppleWebKit/537.36+(KHTML,+like+Gecko)+Chrome/72.0.3626.109+Safari/537.36 https://localhost:44389/EmployeeTimes 200 0 0 276
2019-02-21 16:11:59 ::1 POST /EmployeeTimes/Delete/19 - 44389 - ::1 Mozilla/5.0+(Windows+NT+10.0;+Win64;+x64)+AppleWebKit/537.36+(KHTML,+like+Gecko)+Chrome/72.0.3626.109+Safari/537.36 https://localhost:44389/EmployeeTimes/Delete/19 302 0 0 491
2019-02-21 16:11:59 ::1 GET /EmployeeTimes - 44389 - ::1 Mozilla/5.0+(Windows+NT+10.0;+Win64;+x64)+AppleWebKit/537.36+(KHTML,+like+Gecko)+Chrome/72.0.3626.109+Safari/537.36 https://localhost:44389/EmployeeTimes/Delete/19 200 0 0 243
2019-02-21 16:12:02 ::1 GET /EmployeeTimes/Delete/24 - 44389 - ::1 Mozilla/5.0+(Windows+NT+10.0;+Win64;+x64)+AppleWebKit/537.36+(KHTML,+like+Gecko)+Chrome/72.0.3626.109+Safari/537.36 https://localhost:44389/EmployeeTimes 200 0 0 222
2019-02-21 16:12:03 ::1 POST /EmployeeTimes/Delete/24 - 44389 - ::1 Mozilla/5.0+(Windows+NT+10.0;+Win64;+x64)+AppleWebKit/537.36+(KHTML,+like+Gecko)+Chrome/72.0.3626.109+Safari/537.36 https://localhost:44389/EmployeeTimes/Delete/24 302 0 0 484
2019-02-21 16:12:03 ::1 GET /EmployeeTimes - 44389 - ::1 Mozilla/5.0+(Windows+NT+10.0;+Win64;+x64)+AppleWebKit/537.36+(KHTML,+like+Gecko)+Chrome/72.0.3626.109+Safari/537.36 https://localhost:44389/EmployeeTimes/Delete/24 200 0 0 237
2019-02-21 16:12:05 ::1 GET /EmployeeTimes/Delete/20 - 44389 - ::1 Mozilla/5.0+(Windows+NT+10.0;+Win64;+x64)+AppleWebKit/537.36+(KHTML,+like+Gecko)+Chrome/72.0.3626.109+Safari/537.36 https://localhost:44389/EmployeeTimes 200 0 0 273
2019-02-21 16:12:07 ::1 POST /EmployeeTimes/Delete/20 - 44389 - ::1 Mozilla/5.0+(Windows+NT+10.0;+Win64;+x64)+AppleWebKit/537.36+(KHTML,+like+Gecko)+Chrome/72.0.3626.109+Safari/537.36 https://localhost:44389/EmployeeTimes/Delete/20 302 0 0 511
2019-02-21 16:12:07 ::1 GET /EmployeeTimes - 44389 - ::1 Mozilla/5.0+(Windows+NT+10.0;+Win64;+x64)+AppleWebKit/537.36+(KHTML,+like+Gecko)+Chrome/72.0.3626.109+Safari/537.36 https://localhost:44389/EmployeeTimes/Delete/20 200 0 0 218
2019-02-21 16:12:08 ::1 GET /EmployeeTimes/Delete/22 - 44389 - ::1 Mozilla/5.0+(Windows+NT+10.0;+Win64;+x64)+AppleWebKit/537.36+(KHTML,+like+Gecko)+Chrome/72.0.3626.109+Safari/537.36 https://localhost:44389/EmployeeTimes 200 0 0 245
2019-02-21 16:12:10 ::1 POST /EmployeeTimes/Delete/22 - 44389 - ::1 Mozilla/5.0+(Windows+NT+10.0;+Win64;+x64)+AppleWebKit/537.36+(KHTML,+like+Gecko)+Chrome/72.0.3626.109+Safari/537.36 https://localhost:44389/EmployeeTimes/Delete/22 302 0 0 505
2019-02-21 16:12:10 ::1 GET /EmployeeTimes - 44389 - ::1 Mozilla/5.0+(Windows+NT+10.0;+Win64;+x64)+AppleWebKit/537.36+(KHTML,+like+Gecko)+Chrome/72.0.3626.109+Safari/537.36 https://localhost:44389/EmployeeTimes/Delete/22 200 0 0 266
2019-02-21 16:12:12 ::1 GET /EmployeeTimes/Delete/25 - 44389 - ::1 Mozilla/5.0+(Windows+NT+10.0;+Win64;+x64)+AppleWebKit/537.36+(KHTML,+like+Gecko)+Chrome/72.0.3626.109+Safari/537.36 https://localhost:44389/EmployeeTimes 200 0 0 293
2019-02-21 16:12:49 ::1 GET /EmployeeTimes/Delete/25 - 44389 - ::1 Mozilla/5.0+(Windows+NT+10.0;+Win64;+x64)+AppleWebKit/537.36+(KHTML,+like+Gecko)+Chrome/72.0.3626.109+Safari/537.36 https://localhost:44389/EmployeeTimes 200 0 0 573
2019-02-21 16:12:49 ::1 GET /favicon.ico - 44389 - ::1 Mozilla/5.0+(Windows+NT+10.0;+Win64;+x64)+AppleWebKit/537.36+(KHTML,+like+Gecko)+Chrome/72.0.3626.109+Safari/537.36 https://localhost:44389/EmployeeTimes/Delete/25 200 0 0 30
2019-02-21 16:13:35 ::1 GET /EmployeeTimes/Delete/25 - 44389 - ::1 Mozilla/5.0+(Windows+NT+10.0;+Win64;+x64)+AppleWebKit/537.36+(KHTML,+like+Gecko)+Chrome/72.0.3626.109+Safari/537.36 https://localhost:44389/EmployeeTimes 200 0 0 614
2019-02-21 16:13:35 ::1 GET /favicon.ico - 44389 - ::1 Mozilla/5.0+(Windows+NT+10.0;+Win64;+x64)+AppleWebKit/537.36+(KHTML,+like+Gecko)+Chrome/72.0.3626.109+Safari/537.36 https://localhost:44389/EmployeeTimes/Delete/25 200 0 0 23
2019-02-21 16:25:38 ::1 GET /Roles - 44389 - ::1 Mozilla/5.0+(Windows+NT+10.0;+Win64;+x64)+AppleWebKit/537.36+(KHTML,+like+Gecko)+Chrome/72.0.3626.109+Safari/537.36 https://localhost:44389/EmployeeTimes/Delete/25 400 0 64 1210
2019-02-21 16:25:38 ::1 GET /EmployeeTimes - 44389 - ::1 Mozilla/5.0+(Windows+NT+10.0;+Win64;+x64)+AppleWebKit/537.36+(KHTML,+like+Gecko)+Chrome/72.0.3626.109+Safari/537.36 https://localhost:44389/EmployeeTimes/Delete/25 200 0 0 473
#Software: Microsoft Internet Information Services 10.0
#Version: 1.0
#Date: 2019-02-21 16:45:46
#Fields: date time s-ip cs-method cs-uri-stem cs-uri-query s-port cs-username c-ip cs(User-Agent) cs(Referer) sc-status sc-substatus sc-win32-status time-taken
2019-02-21 16:45:46 ::1 GET /EmployeeTimes/Create - 44389 - ::1 Mozilla/5.0+(Windows+NT+10.0;+Win64;+x64)+AppleWebKit/537.36+(KHTML,+like+Gecko)+Chrome/72.0.3626.109+Safari/537.36 https://localhost:44389/EmployeeTimes 200 0 0 1794
2019-02-21 16:46:41 ::1 POST /EmployeeTimes/Create - 44389 - ::1 Mozilla/5.0+(Windows+NT+10.0;+Win64;+x64)+AppleWebKit/537.36+(KHTML,+like+Gecko)+Chrome/72.0.3626.109+Safari/537.36 https://localhost:44389/EmployeeTimes/Create 302 0 0 355
2019-02-21 16:46:41 ::1 GET /EmployeeTimes - 44389 - ::1 Mozilla/5.0+(Windows+NT+10.0;+Win64;+x64)+AppleWebKit/537.36+(KHTML,+like+Gecko)+Chrome/72.0.3626.109+Safari/537.36 https://localhost:44389/EmployeeTimes/Create 200 0 0 266
2019-02-21 16:46:48 ::1 GET /EmployeeTimes/Create - 44389 - ::1 Mozilla/5.0+(Windows+NT+10.0;+Win64;+x64)+AppleWebKit/537.36+(KHTML,+like+Gecko)+Chrome/72.0.3626.109+Safari/537.36 https://localhost:44389/EmployeeTimes 200 0 0 586
2019-02-21 16:47:36 ::1 POST /EmployeeTimes/Create - 44389 - ::1 Mozilla/5.0+(Windows+NT+10.0;+Win64;+x64)+AppleWebKit/537.36+(KHTML,+like+Gecko)+Chrome/72.0.3626.109+Safari/537.36 https://localhost:44389/EmployeeTimes/Create 302 0 0 578
2019-02-21 16:47:36 ::1 GET /EmployeeTimes - 44389 - ::1 Mozilla/5.0+(Windows+NT+10.0;+Win64;+x64)+AppleWebKit/537.36+(KHTML,+like+Gecko)+Chrome/72.0.3626.109+Safari/537.36 https://localhost:44389/EmployeeTimes/Create 200 0 0 262
2019-02-21 16:54:00 ::1 GET /EmployeeTimes/Create - 44389 - ::1 Mozilla/5.0+(Windows+NT+10.0;+Win64;+x64)+AppleWebKit/537.36+(KHTML,+like+Gecko)+Chrome/72.0.3626.109+Safari/537.36 https://localhost:44389/EmployeeTimes 200 0 0 944
2019-02-21 16:54:47 ::1 POST /EmployeeTimes/Create - 44389 - ::1 Mozilla/5.0+(Windows+NT+10.0;+Win64;+x64)+AppleWebKit/537.36+(KHTML,+like+Gecko)+Chrome/72.0.3626.109+Safari/537.36 https://localhost:44389/EmployeeTimes/Create 302 0 0 368
2019-02-21 16:54:47 ::1 GET /EmployeeTimes - 44389 - ::1 Mozilla/5.0+(Windows+NT+10.0;+Win64;+x64)+AppleWebKit/537.36+(KHTML,+like+Gecko)+Chrome/72.0.3626.109+Safari/537.36 https://localhost:44389/EmployeeTimes/Create 200 0 0 244
2019-02-21 16:54:52 ::1 GET /EmployeeTimes SortOrder=Hours 44389 - ::1 Mozilla/5.0+(Windows+NT+10.0;+Win64;+x64)+AppleWebKit/537.36+(KHTML,+like+Gecko)+Chrome/72.0.3626.109+Safari/537.36 https://localhost:44389/EmployeeTimes 200 0 0 263
2019-02-21 16:54:53 ::1 GET /EmployeeTimes SortOrder=Hours_desc 44389 - ::1 Mozilla/5.0+(Windows+NT+10.0;+Win64;+x64)+AppleWebKit/537.36+(KHTML,+like+Gecko)+Chrome/72.0.3626.109+Safari/537.36 https://localhost:44389/EmployeeTimes?SortOrder=Hours 200 0 0 251
2019-02-21 16:54:55 ::1 GET /EmployeeTimes SortOrder=CustomerName 44389 - ::1 Mozilla/5.0+(Windows+NT+10.0;+Win64;+x64)+AppleWebKit/537.36+(KHTML,+like+Gecko)+Chrome/72.0.3626.109+Safari/537.36 https://localhost:44389/EmployeeTimes?SortOrder=Hours_desc 200 0 0 259
2019-02-21 16:54:57 ::1 GET /EmployeeTimes SortOrder=ProjectName 44389 - ::1 Mozilla/5.0+(Windows+NT+10.0;+Win64;+x64)+AppleWebKit/537.36+(KHTML,+like+Gecko)+Chrome/72.0.3626.109+Safari/537.36 https://localhost:44389/EmployeeTimes?SortOrder=CustomerName 200 0 0 272
2019-02-21 16:54:58 ::1 GET /EmployeeTimes SortOrder=UserName 44389 - ::1 Mozilla/5.0+(Windows+NT+10.0;+Win64;+x64)+AppleWebKit/537.36+(KHTML,+like+Gecko)+Chrome/72.0.3626.109+Safari/537.36 https://localhost:44389/EmployeeTimes?SortOrder=ProjectName 200 0 0 282
2019-02-21 16:55:00 ::1 GET /EmployeeTimes SortOrder=UserName_desc 44389 - ::1 Mozilla/5.0+(Windows+NT+10.0;+Win64;+x64)+AppleWebKit/537.36+(KHTML,+like+Gecko)+Chrome/72.0.3626.109+Safari/537.36 https://localhost:44389/EmployeeTimes?SortOrder=UserName 200 0 0 288
2019-02-21 16:55:14 ::1 GET /EmployeeTimes/Create - 44389 - ::1 Mozilla/5.0+(Windows+NT+10.0;+Win64;+x64)+AppleWebKit/537.36+(KHTML,+like+Gecko)+Chrome/72.0.3626.109+Safari/537.36 https://localhost:44389/EmployeeTimes?SortOrder=UserName_desc 200 0 0 560
2019-02-21 16:55:45 ::1 POST /EmployeeTimes/Create - 44389 - ::1 Mozilla/5.0+(Windows+NT+10.0;+Win64;+x64)+AppleWebKit/537.36+(KHTML,+like+Gecko)+Chrome/72.0.3626.109+Safari/537.36 https://localhost:44389/EmployeeTimes/Create 302 0 0 348
2019-02-21 16:55:45 ::1 GET /EmployeeTimes - 44389 - ::1 Mozilla/5.0+(Windows+NT+10.0;+Win64;+x64)+AppleWebKit/537.36+(KHTML,+like+Gecko)+Chrome/72.0.3626.109+Safari/537.36 https://localhost:44389/EmployeeTimes/Create 200 0 0 320
2019-02-21 16:55:56 ::1 GET /EmployeeTimes/Edit/28 - 44389 - ::1 Mozilla/5.0+(Windows+NT+10.0;+Win64;+x64)+AppleWebKit/537.36+(KHTML,+like+Gecko)+Chrome/72.0.3626.109+Safari/537.36 https://localhost:44389/EmployeeTimes 200 0 0 905
2019-02-21 16:55:56 ::1 GET /Content/themes/base/jquery-ui.min.css - 44389 - ::1 Mozilla/5.0+(Windows+NT+10.0;+Win64;+x64)+AppleWebKit/537.36+(KHTML,+like+Gecko)+Chrome/72.0.3626.109+Safari/537.36 https://localhost:44389/EmployeeTimes/Edit/28 404 0 0 33
2019-02-21 16:55:56 ::1 GET /Scripts/jquery-ui-1.12.1.min.js - 44389 - ::1 Mozilla/5.0+(Windows+NT+10.0;+Win64;+x64)+AppleWebKit/537.36+(KHTML,+like+Gecko)+Chrome/72.0.3626.109+Safari/537.36 https://localhost:44389/EmployeeTimes/Edit/28 404 0 0 46
2019-02-21 16:55:56 ::1 GET /Scripts/jquery-3.1.1.min.js - 44389 - ::1 Mozilla/5.0+(Windows+NT+10.0;+Win64;+x64)+AppleWebKit/537.36+(KHTML,+like+Gecko)+Chrome/72.0.3626.109+Safari/537.36 https://localhost:44389/EmployeeTimes/Edit/28 404 0 0 48
2019-02-21 16:55:56 ::1 GET /Scripts/jquery-ui-1.12.1.min.js - 44389 - ::1 Mozilla/5.0+(Windows+NT+10.0;+Win64;+x64)+AppleWebKit/537.36+(KHTML,+like+Gecko)+Chrome/72.0.3626.109+Safari/537.36 https://localhost:44389/EmployeeTimes/Edit/28 404 0 0 13
2019-02-21 16:55:56 ::1 GET /Scripts/jquery-3.1.1.min.js - 44389 - ::1 Mozilla/5.0+(Windows+NT+10.0;+Win64;+x64)+AppleWebKit/537.36+(KHTML,+like+Gecko)+Chrome/72.0.3626.109+Safari/537.36 https://localhost:44389/EmployeeTimes/Edit/28 404 0 0 16
2019-02-21 16:55:56 ::1 GET /Scripts/jquery-ui-1.12.1.min.js - 44389 - ::1 Mozilla/5.0+(Windows+NT+10.0;+Win64;+x64)+AppleWebKit/537.36+(KHTML,+like+Gecko)+Chrome/72.0.3626.109+Safari/537.36 https://localhost:44389/EmployeeTimes/Edit/28 404 0 0 14
2019-02-21 16:56:00 ::1 GET /EmployeeTimes - 44389 - ::1 Mozilla/5.0+(Windows+NT+10.0;+Win64;+x64)+AppleWebKit/537.36+(KHTML,+like+Gecko)+Chrome/72.0.3626.109+Safari/537.36 https://localhost:44389/EmployeeTimes/Edit/28 200 0 0 268
2019-02-21 16:56:02 ::1 GET /EmployeeTimes/Details/28 - 44389 - ::1 Mozilla/5.0+(Windows+NT+10.0;+Win64;+x64)+AppleWebKit/537.36+(KHTML,+like+Gecko)+Chrome/72.0.3626.109+Safari/537.36 https://localhost:44389/EmployeeTimes 200 0 0 313
2019-02-21 16:56:06 ::1 GET /Projects - 44389 - ::1 Mozilla/5.0+(Windows+NT+10.0;+Win64;+x64)+AppleWebKit/537.36+(KHTML,+like+Gecko)+Chrome/72.0.3626.109+Safari/537.36 https://localhost:44389/EmployeeTimes/Details/28 200 0 0 368
2019-02-21 16:56:09 ::1 GET /EmployeeTimes - 44389 - ::1 Mozilla/5.0+(Windows+NT+10.0;+Win64;+x64)+AppleWebKit/537.36+(KHTML,+like+Gecko)+Chrome/72.0.3626.109+Safari/537.36 https://localhost:44389/Projects 200 0 0 299
2019-02-21 16:56:12 ::1 GET /EmployeeTimes/Details/26 - 44389 - ::1 Mozilla/5.0+(Windows+NT+10.0;+Win64;+x64)+AppleWebKit/537.36+(KHTML,+like+Gecko)+Chrome/72.0.3626.109+Safari/537.36 https://localhost:44389/EmployeeTimes 200 0 0 251
2019-02-21 16:56:19 ::1 GET /EmployeeTimes - 44389 - ::1 Mozilla/5.0+(Windows+NT+10.0;+Win64;+x64)+AppleWebKit/537.36+(KHTML,+like+Gecko)+Chrome/72.0.3626.109+Safari/537.36 https://localhost:44389/EmployeeTimes/Details/26 200 0 0 283
#Software: Microsoft Internet Information Services 10.0
#Version: 1.0
#Date: 2019-02-21 17:11:49
#Fields: date time s-ip cs-method cs-uri-stem cs-uri-query s-port cs-username c-ip cs(User-Agent) cs(Referer) sc-status sc-substatus sc-win32-status time-taken
2019-02-21 17:11:49 ::1 GET /EmployeeTimes - 44389 - ::1 Mozilla/5.0+(Windows+NT+10.0;+Win64;+x64)+AppleWebKit/537.36+(KHTML,+like+Gecko)+Chrome/72.0.3626.109+Safari/537.36 https://localhost:44389/EmployeeTimes/Details/26 200 0 0 1256
2019-02-21 17:11:49 ::1 GET /favicon.ico - 44389 - ::1 Mozilla/5.0+(Windows+NT+10.0;+Win64;+x64)+AppleWebKit/537.36+(KHTML,+like+Gecko)+Chrome/72.0.3626.109+Safari/537.36 https://localhost:44389/EmployeeTimes 200 0 0 44
2019-02-21 17:12:22 ::1 GET /EmployeeTimes - 44389 - ::1 Mozilla/5.0+(Windows+NT+10.0;+Win64;+x64)+AppleWebKit/537.36+(KHTML,+like+Gecko)+Chrome/72.0.3626.109+Safari/537.36 https://localhost:44389/EmployeeTimes/Details/26 500 0 0 672
2019-02-21 17:12:22 ::1 GET /favicon.ico - 44389 - ::1 Mozilla/5.0+(Windows+NT+10.0;+Win64;+x64)+AppleWebKit/537.36+(KHTML,+like+Gecko)+Chrome/72.0.3626.109+Safari/537.36 https://localhost:44389/EmployeeTimes 200 0 0 17
2019-02-21 17:12:24 ::1 GET /EmployeeTimes/Details/26 - 44389 - ::1 Mozilla/5.0+(Windows+NT+10.0;+Win64;+x64)+AppleWebKit/537.36+(KHTML,+like+Gecko)+Chrome/72.0.3626.109+Safari/537.36 https://localhost:44389/EmployeeTimes 200 0 0 234
2019-02-21 17:13:09 ::1 GET /EmployeeTimes - 44389 - ::1 Mozilla/5.0+(Windows+NT+10.0;+Win64;+x64)+AppleWebKit/537.36+(KHTML,+like+Gecko)+Chrome/72.0.3626.109+Safari/537.36 https://localhost:44389/EmployeeTimes/Details/26 200 0 0 719
2019-02-21 17:13:14 ::1 GET /EmployeeTimes - 44389 - ::1 Mozilla/5.0+(Windows+NT+10.0;+Win64;+x64)+AppleWebKit/537.36+(KHTML,+like+Gecko)+Chrome/72.0.3626.109+Safari/537.36 https://localhost:44389/EmployeeTimes/Details/26 200 0 0 309
2019-02-21 17:13:14 ::1 GET /favicon.ico - 44389 - ::1 Mozilla/5.0+(Windows+NT+10.0;+Win64;+x64)+AppleWebKit/537.36+(KHTML,+like+Gecko)+Chrome/72.0.3626.109+Safari/537.36 https://localhost:44389/EmployeeTimes 200 0 0 17
2019-02-21 17:13:28 ::1 GET /EmployeeTimes CustomerName=&ProjectName=&UserName=colby%40redpointegroup.com&StartDate=&EndDate= 44389 - ::1 Mozilla/5.0+(Windows+NT+10.0;+Win64;+x64)+AppleWebKit/537.36+(KHTML,+like+Gecko)+Chrome/72.0.3626.109+Safari/537.36 https://localhost:44389/EmployeeTimes 200 0 0 306
2019-02-21 17:13:42 ::1 GET /EmployeeTimes CustomerName=&ProjectName=&UserName=colby%40redpointegroup.com&StartDate=&EndDate= 44389 - ::1 Mozilla/5.0+(Windows+NT+10.0;+Win64;+x64)+AppleWebKit/537.36+(KHTML,+like+Gecko)+Chrome/72.0.3626.109+Safari/537.36 https://localhost:44389/EmployeeTimes 200 0 0 234
2019-02-21 17:13:42 ::1 GET /favicon.ico - 44389 - ::1 Mozilla/5.0+(Windows+NT+10.0;+Win64;+x64)+AppleWebKit/537.36+(KHTML,+like+Gecko)+Chrome/72.0.3626.109+Safari/537.36 https://localhost:44389/EmployeeTimes?CustomerName=&ProjectName=&UserName=colby%40redpointegroup.com&StartDate=&EndDate= 200 0 0 30
2019-02-21 17:13:43 ::1 GET /EmployeeTimes CustomerName=&ProjectName=&UserName=colby%40redpointegroup.com&StartDate=&EndDate= 44389 - ::1 Mozilla/5.0+(Windows+NT+10.0;+Win64;+x64)+AppleWebKit/537.36+(KHTML,+like+Gecko)+Chrome/72.0.3626.109+Safari/537.36 https://localhost:44389/EmployeeTimes?CustomerName=&ProjectName=&UserName=colby%40redpointegroup.com&StartDate=&EndDate= 200 0 0 258
2019-02-21 17:13:51 ::1 GET /EmployeeTimes CustomerName=&ProjectName=&UserName=&StartDate=&EndDate= 44389 - ::1 Mozilla/5.0+(Windows+NT+10.0;+Win64;+x64)+AppleWebKit/537.36+(KHTML,+like+Gecko)+Chrome/72.0.3626.109+Safari/537.36 https://localhost:44389/EmployeeTimes?CustomerName=&ProjectName=&UserName=colby%40redpointegroup.com&StartDate=&EndDate= 200 0 0 346
2019-02-21 17:14:03 ::1 GET /EmployeeTimes CustomerName=&ProjectName=&UserName=ben%40redpointegroup.com&StartDate=&EndDate= 44389 - ::1 Mozilla/5.0+(Windows+NT+10.0;+Win64;+x64)+AppleWebKit/537.36+(KHTML,+like+Gecko)+Chrome/72.0.3626.109+Safari/537.36 https://localhost:44389/EmployeeTimes?CustomerName=&ProjectName=&UserName=&StartDate=&EndDate= 200 0 0 313
2019-02-21 17:16:34 ::1 GET /EmployeeTimes CustomerName=&ProjectName=&UserName=ben%40redpointegroup.com&StartDate=2019-01-01&EndDate=2019-05-05 44389 - ::1 Mozilla/5.0+(Windows+NT+10.0;+Win64;+x64)+AppleWebKit/537.36+(KHTML,+like+Gecko)+Chrome/72.0.3626.109+Safari/537.36 https://localhost:44389/EmployeeTimes?CustomerName=&ProjectName=&UserName=ben%40redpointegroup.com&StartDate=&EndDate= 200 0 0 1164
2019-02-21 17:16:44 ::1 GET /EmployeeTimes SortOrder=CustomerName 44389 - ::1 Mozilla/5.0+(Windows+NT+10.0;+Win64;+x64)+AppleWebKit/537.36+(KHTML,+like+Gecko)+Chrome/72.0.3626.109+Safari/537.36 https://localhost:44389/EmployeeTimes?CustomerName=&ProjectName=&UserName=ben%40redpointegroup.com&StartDate=2019-01-01&EndDate=2019-05-05 200 0 0 311
2019-02-21 17:22:43 ::1 GET /Admin - 44389 - ::1 Mozilla/5.0+(Windows+NT+10.0;+Win64;+x64)+AppleWebKit/537.36+(KHTML,+like+Gecko)+Chrome/72.0.3626.109+Safari/537.36 https://localhost:44389/EmployeeTimes?SortOrder=CustomerName 200 0 0 678
2019-02-21 17:24:33 ::1 GET / - 44389 - ::1 Mozilla/5.0+(Windows+NT+10.0;+Win64;+x64)+AppleWebKit/537.36+(KHTML,+like+Gecko)+Chrome/72.0.3626.109+Safari/537.36 https://localhost:44389/Admin 200 0 0 66
2019-02-21 17:24:33 ::1 GET / - 44389 - ::1 Mozilla/5.0+(Windows+NT+10.0;+Win64;+x64)+AppleWebKit/537.36+(KHTML,+like+Gecko)+Chrome/72.0.3626.109+Safari/537.36 https://localhost:44389/ 200 0 0 50
2019-02-21 17:24:36 ::1 GET /EmployeeTimes - 44389 - ::1 Mozilla/5.0+(Windows+NT+10.0;+Win64;+x64)+AppleWebKit/537.36+(KHTML,+like+Gecko)+Chrome/72.0.3626.109+Safari/537.36 https://localhost:44389/ 200 0 0 601
2019-02-21 17:26:01 ::1 GET /Roles - 44389 - ::1 Mozilla/5.0+(Windows+NT+10.0;+Win64;+x64)+AppleWebKit/537.36+(KHTML,+like+Gecko)+Chrome/72.0.3626.109+Safari/537.36 https://localhost:44389/EmployeeTimes 200 0 0 1065
2019-02-21 17:26:05 ::1 GET /Admin - 44389 - ::1 Mozilla/5.0+(Windows+NT+10.0;+Win64;+x64)+AppleWebKit/537.36+(KHTML,+like+Gecko)+Chrome/72.0.3626.109+Safari/537.36 https://localhost:44389/Roles 200 0 0 292
2019-02-21 17:26:08 ::1 GET /EmployeeTimes - 44389 - ::1 Mozilla/5.0+(Windows+NT+10.0;+Win64;+x64)+AppleWebKit/537.36+(KHTML,+like+Gecko)+Chrome/72.0.3626.109+Safari/537.36 https://localhost:44389/Admin 200 0 0 301
2019-02-21 17:26:09 ::1 GET / - 44389 - ::1 Mozilla/5.0+(Windows+NT+10.0;+Win64;+x64)+AppleWebKit/537.36+(KHTML,+like+Gecko)+Chrome/72.0.3626.109+Safari/537.36 https://localhost:44389/EmployeeTimes 200 0 0 47
2019-02-21 17:27:07 ::1 GET /EmployeeTimes - 44389 - ::1 Mozilla/5.0+(Windows+NT+10.0;+Win64;+x64)+AppleWebKit/537.36+(KHTML,+like+Gecko)+Chrome/72.0.3626.109+Safari/537.36 https://localhost:44389/ 200 0 0 400
2019-02-21 17:27:09 ::1 GET /Customers - 44389 - ::1 Mozilla/5.0+(Windows+NT+10.0;+Win64;+x64)+AppleWebKit/537.36+(KHTML,+like+Gecko)+Chrome/72.0.3626.109+Safari/537.36 https://localhost:44389/EmployeeTimes 200 0 0 277
2019-02-21 17:27:09 ::1 GET / - 44389 - ::1 Mozilla/5.0+(Windows+NT+10.0;+Win64;+x64)+AppleWebKit/537.36+(KHTML,+like+Gecko)+Chrome/72.0.3626.109+Safari/537.36 https://localhost:44389/Customers 200 0 0 36
2019-02-21 17:27:11 ::1 GET /Customers - 44389 - ::1 Mozilla/5.0+(Windows+NT+10.0;+Win64;+x64)+AppleWebKit/537.36+(KHTML,+like+Gecko)+Chrome/72.0.3626.109+Safari/537.36 https://localhost:44389/ 200 0 0 232
2019-02-21 17:27:13 ::1 GET /Projects - 44389 - ::1 Mozilla/5.0+(Windows+NT+10.0;+Win64;+x64)+AppleWebKit/537.36+(KHTML,+like+Gecko)+Chrome/72.0.3626.109+Safari/537.36 https://localhost:44389/Customers 200 0 0 226
2019-02-21 17:28:20 ::1 GET /EmployeeTimes - 44389 - ::1 Mozilla/5.0+(Windows+NT+10.0;+Win64;+x64)+AppleWebKit/537.36+(KHTML,+like+Gecko)+Chrome/72.0.3626.109+Safari/537.36 https://localhost:44389/Projects 200 0 0 337
#Software: Microsoft Internet Information Services 10.0
#Version: 1.0
#Date: 2019-02-21 17:50:41
#Fields: date time s-ip cs-method cs-uri-stem cs-uri-query s-port cs-username c-ip cs(User-Agent) cs(Referer) sc-status sc-substatus sc-win32-status time-taken
2019-02-21 17:50:41 ::1 GET /Identity/Account/Manage - 44389 - ::1 Mozilla/5.0+(Windows+NT+10.0;+Win64;+x64)+AppleWebKit/537.36+(KHTML,+like+Gecko)+Chrome/72.0.3626.109+Safari/537.36 https://localhost:44389/EmployeeTimes 500 0 0 1379
2019-02-21 17:50:56 ::1 GET /EmployeeTimes - 44389 - ::1 Mozilla/5.0+(Windows+NT+10.0;+Win64;+x64)+AppleWebKit/537.36+(KHTML,+like+Gecko)+Chrome/72.0.3626.109+Safari/537.36 https://localhost:44389/Projects 200 0 0 295
2019-02-21 17:50:57 ::1 POST /Identity/Account/Logout returnUrl=%2F 44389 - ::1 Mozilla/5.0+(Windows+NT+10.0;+Win64;+x64)+AppleWebKit/537.36+(KHTML,+like+Gecko)+Chrome/72.0.3626.109+Safari/537.36 https://localhost:44389/EmployeeTimes 302 0 0 90
2019-02-21 17:50:57 ::1 GET / - 44389 - ::1 Mozilla/5.0+(Windows+NT+10.0;+Win64;+x64)+AppleWebKit/537.36+(KHTML,+like+Gecko)+Chrome/72.0.3626.109+Safari/537.36 https://localhost:44389/EmployeeTimes 200 0 0 40
2019-02-21 17:51:00 ::1 GET /Identity/Account/Register - 44389 - ::1 Mozilla/5.0+(Windows+NT+10.0;+Win64;+x64)+AppleWebKit/537.36+(KHTML,+like+Gecko)+Chrome/72.0.3626.109+Safari/537.36 https://localhost:44389/ 200 0 0 97
2019-02-21 17:51:00 ::1 GET /Identity/lib/jquery-validation-unobtrusive/jquery.validate.unobtrusive.js - 44389 - ::1 Mozilla/5.0+(Windows+NT+10.0;+Win64;+x64)+AppleWebKit/537.36+(KHTML,+like+Gecko)+Chrome/72.0.3626.109+Safari/537.36 https://localhost:44389/Identity/Account/Register 404 0 0 29
2019-02-21 17:51:00 ::1 GET /Identity/lib/jquery-validation/dist/jquery.validate.js - 44389 - ::1 Mozilla/5.0+(Windows+NT+10.0;+Win64;+x64)+AppleWebKit/537.36+(KHTML,+like+Gecko)+Chrome/72.0.3626.109+Safari/537.36 https://localhost:44389/Identity/Account/Register 404 0 0 31
2019-02-21 17:51:00 ::1 GET /Identity/lib/jquery-validation-unobtrusive/jquery.validate.unobtrusive.js - 44389 - ::1 Mozilla/5.0+(Windows+NT+10.0;+Win64;+x64)+AppleWebKit/537.36+(KHTML,+like+Gecko)+Chrome/72.0.3626.109+Safari/537.36 https://localhost:44389/Identity/Account/Register 404 0 0 11
2019-02-21 17:51:02 ::1 GET /Identity/Account/Login - 44389 - ::1 Mozilla/5.0+(Windows+NT+10.0;+Win64;+x64)+AppleWebKit/537.36+(KHTML,+like+Gecko)+Chrome/72.0.3626.109+Safari/537.36 https://localhost:44389/Identity/Account/Register 200 0 0 97
2019-02-21 17:51:02 ::1 GET /Identity/lib/jquery-validation/dist/jquery.validate.js - 44389 - ::1 Mozilla/5.0+(Windows+NT+10.0;+Win64;+x64)+AppleWebKit/537.36+(KHTML,+like+Gecko)+Chrome/72.0.3626.109+Safari/537.36 https://localhost:44389/Identity/Account/Login 404 0 0 29
2019-02-21 17:51:02 ::1 GET /Identity/lib/jquery-validation-unobtrusive/jquery.validate.unobtrusive.js - 44389 - ::1 Mozilla/5.0+(Windows+NT+10.0;+Win64;+x64)+AppleWebKit/537.36+(KHTML,+like+Gecko)+Chrome/72.0.3626.109+Safari/537.36 https://localhost:44389/Identity/Account/Login 404 0 0 31
2019-02-21 17:51:05 ::1 POST /Identity/Account/Login - 44389 - ::1 Mozilla/5.0+(Windows+NT+10.0;+Win64;+x64)+AppleWebKit/537.36+(KHTML,+like+Gecko)+Chrome/72.0.3626.109+Safari/537.36 https://localhost:44389/Identity/Account/Login 302 0 0 1080
2019-02-21 17:51:05 ::1 GET / - 44389 - ::1 Mozilla/5.0+(Windows+NT+10.0;+Win64;+x64)+AppleWebKit/537.36+(KHTML,+like+Gecko)+Chrome/72.0.3626.109+Safari/537.36 https://localhost:44389/Identity/Account/Login 200 0 0 48
2019-02-21 17:51:06 ::1 GET / - 44389 - ::1 Mozilla/5.0+(Windows+NT+10.0;+Win64;+x64)+AppleWebKit/537.36+(KHTML,+like+Gecko)+Chrome/72.0.3626.109+Safari/537.36 https://localhost:44389/ 200 0 0 55
2019-02-21 17:51:13 ::1 GET / - 44389 - ::1 Mozilla/5.0+(Windows+NT+10.0;+Win64;+x64)+AppleWebKit/537.36+(KHTML,+like+Gecko)+Chrome/72.0.3626.109+Safari/537.36 https://localhost:44389/ 200 0 0 53
2019-02-21 17:51:14 ::1 GET / - 44389 - ::1 Mozilla/5.0+(Windows+NT+10.0;+Win64;+x64)+AppleWebKit/537.36+(KHTML,+like+Gecko)+Chrome/72.0.3626.109+Safari/537.36 https://localhost:44389/ 200 0 0 47
2019-02-21 17:51:16 ::1 GET /Customers - 44389 - ::1 Mozilla/5.0+(Windows+NT+10.0;+Win64;+x64)+AppleWebKit/537.36+(KHTML,+like+Gecko)+Chrome/72.0.3626.109+Safari/537.36 https://localhost:44389/ 200 0 0 297
2019-02-21 17:51:17 ::1 GET / - 44389 - ::1 Mozilla/5.0+(Windows+NT+10.0;+Win64;+x64)+AppleWebKit/537.36+(KHTML,+like+Gecko)+Chrome/72.0.3626.109+Safari/537.36 https://localhost:44389/Customers 200 0 0 40
2019-02-21 17:51:19 ::1 GET / - 44389 - ::1 Mozilla/5.0+(Windows+NT+10.0;+Win64;+x64)+AppleWebKit/537.36+(KHTML,+like+Gecko)+Chrome/72.0.3626.109+Safari/537.36 https://localhost:44389/ 200 0 0 67
2019-02-21 17:51:20 ::1 GET /Customers - 44389 - ::1 Mozilla/5.0+(Windows+NT+10.0;+Win64;+x64)+AppleWebKit/537.36+(KHTML,+like+Gecko)+Chrome/72.0.3626.109+Safari/537.36 https://localhost:44389/ 200 0 0 257
2019-02-21 17:51:20 ::1 GET / - 44389 - ::1 Mozilla/5.0+(Windows+NT+10.0;+Win64;+x64)+AppleWebKit/537.36+(KHTML,+like+Gecko)+Chrome/72.0.3626.109+Safari/537.36 https://localhost:44389/Customers 200 0 0 72
2019-02-21 17:51:53 ::1 GET / - 44389 - ::1 Mozilla/5.0+(Windows+NT+10.0;+Win64;+x64)+AppleWebKit/537.36+(KHTML,+like+Gecko)+Chrome/72.0.3626.109+Safari/537.36 https://localhost:44389/Customers 200 0 0 784
2019-02-21 17:51:53 ::1 GET /favicon.ico - 44389 - ::1 Mozilla/5.0+(Windows+NT+10.0;+Win64;+x64)+AppleWebKit/537.36+(KHTML,+like+Gecko)+Chrome/72.0.3626.109+Safari/537.36 https://localhost:44389/ 200 0 0 51
2019-02-21 17:51:57 ::1 GET / - 44389 - ::1 Mozilla/5.0+(Windows+NT+10.0;+Win64;+x64)+AppleWebKit/537.36+(KHTML,+like+Gecko)+Chrome/72.0.3626.109+Safari/537.36 https://localhost:44389/ 200 0 0 50
2019-02-21 17:51:59 ::1 GET /Customers - 44389 - ::1 Mozilla/5.0+(Windows+NT+10.0;+Win64;+x64)+AppleWebKit/537.36+(KHTML,+like+Gecko)+Chrome/72.0.3626.109+Safari/537.36 https://localhost:44389/ 200 0 0 303
2019-02-21 17:52:00 ::1 GET /Projects - 44389 - ::1 Mozilla/5.0+(Windows+NT+10.0;+Win64;+x64)+AppleWebKit/537.36+(KHTML,+like+Gecko)+Chrome/72.0.3626.109+Safari/537.36 https://localhost:44389/Customers 200 0 0 271
2019-02-21 17:52:00 ::1 GET /EmployeeTimes - 44389 - ::1 Mozilla/5.0+(Windows+NT+10.0;+Win64;+x64)+AppleWebKit/537.36+(KHTML,+like+Gecko)+Chrome/72.0.3626.109+Safari/537.36 https://localhost:44389/Projects 200 0 0 270
2019-02-21 17:52:01 ::1 GET /Admin - 44389 - ::1 Mozilla/5.0+(Windows+NT+10.0;+Win64;+x64)+AppleWebKit/537.36+(KHTML,+like+Gecko)+Chrome/72.0.3626.109+Safari/537.36 https://localhost:44389/EmployeeTimes 200 0 0 261
2019-02-21 17:52:13 ::1 GET /Roles - 44389 - ::1 Mozilla/5.0+(Windows+NT+10.0;+Win64;+x64)+AppleWebKit/537.36+(KHTML,+like+Gecko)+Chrome/72.0.3626.109+Safari/537.36 https://localhost:44389/Admin 200 0 0 824
2019-02-21 17:57:55 ::1 GET /Customers - 44389 - ::1 Mozilla/5.0+(Windows+NT+10.0;+Win64;+x64)+AppleWebKit/537.36+(KHTML,+like+Gecko)+Chrome/72.0.3626.109+Safari/537.36 https://localhost:44389/Roles 200 0 0 597
2019-02-21 17:58:08 ::1 GET /Customers - 44389 - ::1 Mozilla/5.0+(Windows+NT+10.0;+Win64;+x64)+AppleWebKit/537.36+(KHTML,+like+Gecko)+Chrome/72.0.3626.109+Safari/537.36 https://localhost:44389/Roles 200 0 0 268
2019-02-21 17:58:08 ::1 GET /favicon.ico - 44389 - ::1 Mozilla/5.0+(Windows+NT+10.0;+Win64;+x64)+AppleWebKit/537.36+(KHTML,+like+Gecko)+Chrome/72.0.3626.109+Safari/537.36 https://localhost:44389/Customers 200 0 0 29
2019-02-21 17:58:11 ::1 GET /Customers/Edit/5 - 44389 - ::1 Mozilla/5.0+(Windows+NT+10.0;+Win64;+x64)+AppleWebKit/537.36+(KHTML,+like+Gecko)+Chrome/72.0.3626.109+Safari/537.36 https://localhost:44389/Customers 200 0 0 294
2019-02-21 17:58:13 ::1 GET /Customers - 44389 - ::1 Mozilla/5.0+(Windows+NT+10.0;+Win64;+x64)+AppleWebKit/537.36+(KHTML,+like+Gecko)+Chrome/72.0.3626.109+Safari/537.36 https://localhost:44389/Customers/Edit/5 200 0 0 265
2019-02-21 17:58:15 ::1 GET /Projects - 44389 - ::1 Mozilla/5.0+(Windows+NT+10.0;+Win64;+x64)+AppleWebKit/537.36+(KHTML,+like+Gecko)+Chrome/72.0.3626.109+Safari/537.36 https://localhost:44389/Customers 200 0 0 240
2019-02-21 18:00:58 ::1 GET /EmployeeTimes - 44389 - ::1 Mozilla/5.0+(Windows+NT+10.0;+Win64;+x64)+AppleWebKit/537.36+(KHTML,+like+Gecko)+Chrome/72.0.3626.109+Safari/537.36 https://localhost:44389/Projects 200 0 0 349
2019-02-21 18:01:01 ::1 GET /Admin - 44389 - ::1 Mozilla/5.0+(Windows+NT+10.0;+Win64;+x64)+AppleWebKit/537.36+(KHTML,+like+Gecko)+Chrome/72.0.3626.109+Safari/537.36 https://localhost:44389/EmployeeTimes 200 0 0 268
2019-02-21 18:01:06 ::1 GET /Roles - 44389 - ::1 Mozilla/5.0+(Windows+NT+10.0;+Win64;+x64)+AppleWebKit/537.36+(KHTML,+like+Gecko)+Chrome/72.0.3626.109+Safari/537.36 https://localhost:44389/Admin 200 0 0 775
#Software: Microsoft Internet Information Services 10.0
#Version: 1.0
#Date: 2019-02-21 19:27:26
#Fields: date time s-ip cs-method cs-uri-stem cs-uri-query s-port cs-username c-ip cs(User-Agent) cs(Referer) sc-status sc-substatus sc-win32-status time-taken
2019-02-21 19:27:26 ::1 GET /EmployeeTimes - 44389 - ::1 Mozilla/5.0+(Windows+NT+10.0;+Win64;+x64)+AppleWebKit/537.36+(KHTML,+like+Gecko)+Chrome/72.0.3626.109+Safari/537.36 https://localhost:44389/Roles 200 0 0 1490
2019-02-21 19:29:06 ::1 GET /EmployeeTimes SortOrder=CustomerName 44389 - ::1 Mozilla/5.0+(Windows+NT+10.0;+Win64;+x64)+AppleWebKit/537.36+(KHTML,+like+Gecko)+Chrome/72.0.3626.109+Safari/537.36 https://localhost:44389/EmployeeTimes 200 0 0 331
2019-02-21 19:29:08 ::1 GET /EmployeeTimes SortOrder=Hours 44389 - ::1 Mozilla/5.0+(Windows+NT+10.0;+Win64;+x64)+AppleWebKit/537.36+(KHTML,+like+Gecko)+Chrome/72.0.3626.109+Safari/537.36 https://localhost:44389/EmployeeTimes?SortOrder=CustomerName 200 0 0 340
2019-02-21 19:29:45 ::1 GET /EmployeeTimes SortOrder=UserName 44389 - ::1 Mozilla/5.0+(Windows+NT+10.0;+Win64;+x64)+AppleWebKit/537.36+(KHTML,+like+Gecko)+Chrome/72.0.3626.109+Safari/537.36 https://localhost:44389/EmployeeTimes?SortOrder=Hours 200 0 0 280
#Software: Microsoft Internet Information Services 10.0
#Version: 1.0
#Date: 2019-02-21 20:09:35
#Fields: date time s-ip cs-method cs-uri-stem cs-uri-query s-port cs-username c-ip cs(User-Agent) cs(Referer) sc-status sc-substatus sc-win32-status time-taken
2019-02-21 20:09:35 ::1 DEBUG / - 50267 - ::1 - - 200 0 64 10760
2019-02-21 20:09:39 ::1 GET / - 44389 - ::1 Mozilla/5.0+(Windows+NT+10.0;+Win64;+x64)+AppleWebKit/537.36+(KHTML,+like+Gecko)+Chrome/72.0.3626.109+Safari/537.36 - 200 0 0 11683
#Software: Microsoft Internet Information Services 10.0
#Version: 1.0
#Date: 2019-02-21 21:35:29
#Fields: date time s-ip cs-method cs-uri-stem cs-uri-query s-port cs-username c-ip cs(User-Agent) cs(Referer) sc-status sc-substatus sc-win32-status time-taken
2019-02-21 21:35:29 ::1 GET /EmployeeTimes - 44389 - ::1 Mozilla/5.0+(Windows+NT+10.0;+Win64;+x64)+AppleWebKit/537.36+(KHTML,+like+Gecko)+Chrome/72.0.3626.109+Safari/537.36 https://localhost:44389/ 200 0 0 1946
