#Software: Microsoft Internet Information Services 10.0
#Version: 1.0
#Date: 2019-02-15 19:46:44
#Fields: date time s-ip cs-method cs-uri-stem cs-uri-query s-port cs-username c-ip cs(User-Agent) cs(Referer) sc-status sc-substatus sc-win32-status time-taken
2019-02-15 19:46:44 ::1 DEBUG / - 50267 - ::1 - - 200 0 64 8697
2019-02-15 19:46:48 ::1 GET / - 44389 - ::1 Mozilla/5.0+(Windows+NT+10.0;+Win64;+x64)+AppleWebKit/537.36+(KHTML,+like+Gecko)+Chrome/71.0.3578.98+Safari/537.36 - 200 0 0 10276
2019-02-15 19:46:48 ::1 GET /css/site.css - 44389 - ::1 Mozilla/5.0+(Windows+NT+10.0;+Win64;+x64)+AppleWebKit/537.36+(KHTML,+like+Gecko)+Chrome/71.0.3578.98+Safari/537.36 https://localhost:44389/ 304 0 0 89
2019-02-15 19:46:48 ::1 GET /lib/jquery/dist/jquery.js - 44389 - ::1 Mozilla/5.0+(Windows+NT+10.0;+Win64;+x64)+AppleWebKit/537.36+(KHTML,+like+Gecko)+Chrome/71.0.3578.98+Safari/537.36 https://localhost:44389/ 304 0 0 88
2019-02-15 19:46:48 ::1 GET /lib/bootstrap/dist/js/bootstrap.js - 44389 - ::1 Mozilla/5.0+(Windows+NT+10.0;+Win64;+x64)+AppleWebKit/537.36+(KHTML,+like+Gecko)+Chrome/71.0.3578.98+Safari/537.36 https://localhost:44389/ 304 0 0 97
2019-02-15 19:46:48 ::1 GET /lib/bootstrap/dist/css/bootstrap.css - 44389 - ::1 Mozilla/5.0+(Windows+NT+10.0;+Win64;+x64)+AppleWebKit/537.36+(KHTML,+like+Gecko)+Chrome/71.0.3578.98+Safari/537.36 https://localhost:44389/ 304 0 0 108
2019-02-15 19:46:48 ::1 GET /js/site.js v=4q1jwFhaPaZgr8WAUSrux6hAuh0XDg9kPS3xIVq36I0 44389 - ::1 Mozilla/5.0+(Windows+NT+10.0;+Win64;+x64)+AppleWebKit/537.36+(KHTML,+like+Gecko)+Chrome/71.0.3578.98+Safari/537.36 https://localhost:44389/ 304 0 0 101
2019-02-15 19:46:48 ::1 GET /lib/bootstrap/dist/fonts/glyphicons-halflings-regular.woff2 - 44389 - ::1 Mozilla/5.0+(Windows+NT+10.0;+Win64;+x64)+AppleWebKit/537.36+(KHTML,+like+Gecko)+Chrome/71.0.3578.98+Safari/537.36 https://localhost:44389/lib/bootstrap/dist/css/bootstrap.css 304 0 0 43
2019-02-15 19:46:48 ::1 GET /lib/bootstrap/dist/fonts/glyphicons-halflings-regular.woff - 44389 - ::1 Mozilla/5.0+(Windows+NT+10.0;+Win64;+x64)+AppleWebKit/537.36+(KHTML,+like+Gecko)+Chrome/71.0.3578.98+Safari/537.36 https://localhost:44389/lib/bootstrap/dist/css/bootstrap.css 304 0 0 35
2019-02-15 19:46:48 ::1 GET /lib/bootstrap/dist/fonts/glyphicons-halflings-regular.ttf - 44389 - ::1 Mozilla/5.0+(Windows+NT+10.0;+Win64;+x64)+AppleWebKit/537.36+(KHTML,+like+Gecko)+Chrome/71.0.3578.98+Safari/537.36 https://localhost:44389/lib/bootstrap/dist/css/bootstrap.css 304 0 0 41
2019-02-15 19:46:48 ::1 GET /favicon.ico - 44389 - ::1 Mozilla/5.0+(Windows+NT+10.0;+Win64;+x64)+AppleWebKit/537.36+(KHTML,+like+Gecko)+Chrome/71.0.3578.98+Safari/537.36 https://localhost:44389/ 304 0 0 20
2019-02-15 19:46:53 ::1 GET /EmployeeTimes - 44389 - ::1 Mozilla/5.0+(Windows+NT+10.0;+Win64;+x64)+AppleWebKit/537.36+(KHTML,+like+Gecko)+Chrome/71.0.3578.98+Safari/537.36 https://localhost:44389/ 500 0 0 2067
2019-02-15 19:47:21 ::1 DEBUG / - 50267 - ::1 - - 200 0 64 7936
2019-02-15 19:47:21 ::1 GET / - 44389 - ::1 Mozilla/5.0+(Windows+NT+10.0;+Win64;+x64)+AppleWebKit/537.36+(KHTML,+like+Gecko)+Chrome/71.0.3578.98+Safari/537.36 - 200 0 0 7156
2019-02-15 19:47:27 ::1 GET /EmployeeTimes - 44389 - ::1 Mozilla/5.0+(Windows+NT+10.0;+Win64;+x64)+AppleWebKit/537.36+(KHTML,+like+Gecko)+Chrome/71.0.3578.98+Safari/537.36 https://localhost:44389/ 500 0 0 3228
2019-02-15 19:48:58 ::1 DEBUG / - 50267 - ::1 - - 200 0 64 7981
2019-02-15 19:48:58 ::1 GET / - 44389 - ::1 Mozilla/5.0+(Windows+NT+10.0;+Win64;+x64)+AppleWebKit/537.36+(KHTML,+like+Gecko)+Chrome/71.0.3578.98+Safari/537.36 - 200 0 0 6321
2019-02-15 19:49:02 ::1 GET /EmployeeTimes - 44389 - ::1 Mozilla/5.0+(Windows+NT+10.0;+Win64;+x64)+AppleWebKit/537.36+(KHTML,+like+Gecko)+Chrome/71.0.3578.98+Safari/537.36 https://localhost:44389/ 200 0 0 1680
2019-02-15 19:49:05 ::1 GET /EmployeeTimes/Create - 44389 - ::1 Mozilla/5.0+(Windows+NT+10.0;+Win64;+x64)+AppleWebKit/537.36+(KHTML,+like+Gecko)+Chrome/71.0.3578.98+Safari/537.36 https://localhost:44389/EmployeeTimes 200 0 0 1004
2019-02-15 19:49:05 ::1 GET /lib/jquery-validation/dist/jquery.validate.js - 44389 - ::1 Mozilla/5.0+(Windows+NT+10.0;+Win64;+x64)+AppleWebKit/537.36+(KHTML,+like+Gecko)+Chrome/71.0.3578.98+Safari/537.36 https://localhost:44389/EmployeeTimes/Create 304 0 0 43
2019-02-15 19:49:05 ::1 GET /lib/jquery-validation-unobtrusive/jquery.validate.unobtrusive.js - 44389 - ::1 Mozilla/5.0+(Windows+NT+10.0;+Win64;+x64)+AppleWebKit/537.36+(KHTML,+like+Gecko)+Chrome/71.0.3578.98+Safari/537.36 https://localhost:44389/EmployeeTimes/Create 304 0 0 45
2019-02-15 19:50:25 ::1 GET / - 44389 - ::1 Mozilla/5.0+(Windows+NT+10.0;+Win64;+x64)+AppleWebKit/537.36+(KHTML,+like+Gecko)+Chrome/71.0.3578.98+Safari/537.36 https://localhost:44389/EmployeeTimes/Create 200 0 0 75
2019-02-15 19:50:26 ::1 GET /Customers - 44389 - ::1 Mozilla/5.0+(Windows+NT+10.0;+Win64;+x64)+AppleWebKit/537.36+(KHTML,+like+Gecko)+Chrome/71.0.3578.98+Safari/537.36 https://localhost:44389/ 200 0 0 288
2019-02-15 19:50:35 ::1 GET /Projects - 44389 - ::1 Mozilla/5.0+(Windows+NT+10.0;+Win64;+x64)+AppleWebKit/537.36+(KHTML,+like+Gecko)+Chrome/71.0.3578.98+Safari/537.36 https://localhost:44389/Customers 200 0 0 303
2019-02-15 19:50:37 ::1 GET /EmployeeTimes - 44389 - ::1 Mozilla/5.0+(Windows+NT+10.0;+Win64;+x64)+AppleWebKit/537.36+(KHTML,+like+Gecko)+Chrome/71.0.3578.98+Safari/537.36 https://localhost:44389/Projects 200 0 0 249
#Software: Microsoft Internet Information Services 10.0
#Version: 1.0
#Date: 2019-02-15 20:34:23
#Fields: date time s-ip cs-method cs-uri-stem cs-uri-query s-port cs-username c-ip cs(User-Agent) cs(Referer) sc-status sc-substatus sc-win32-status time-taken
2019-02-15 20:34:23 ::1 GET /EmployeeTimes/Create - 44389 - ::1 Mozilla/5.0+(Windows+NT+10.0;+Win64;+x64)+AppleWebKit/537.36+(KHTML,+like+Gecko)+Chrome/71.0.3578.98+Safari/537.36 https://localhost:44389/EmployeeTimes 200 0 0 2272
#Software: Microsoft Internet Information Services 10.0
#Version: 1.0
#Date: 2019-02-15 22:08:17
#Fields: date time s-ip cs-method cs-uri-stem cs-uri-query s-port cs-username c-ip cs(User-Agent) cs(Referer) sc-status sc-substatus sc-win32-status time-taken
2019-02-15 22:08:17 ::1 GET / - 44389 - ::1 Mozilla/5.0+(Windows+NT+10.0;+Win64;+x64)+AppleWebKit/537.36+(KHTML,+like+Gecko)+Chrome/71.0.3578.98+Safari/537.36 https://localhost:44389/EmployeeTimes/Create 200 0 0 1407
2019-02-15 22:08:17 ::1 GET / - 44389 - ::1 Mozilla/5.0+(Windows+NT+10.0;+Win64;+x64)+AppleWebKit/537.36+(KHTML,+like+Gecko)+Chrome/71.0.3578.98+Safari/537.36 https://localhost:44389/ 200 0 0 65
2019-02-15 22:08:19 ::1 GET /Customers - 44389 - ::1 Mozilla/5.0+(Windows+NT+10.0;+Win64;+x64)+AppleWebKit/537.36+(KHTML,+like+Gecko)+Chrome/71.0.3578.98+Safari/537.36 https://localhost:44389/ 200 0 0 244
2019-02-15 22:08:21 ::1 GET /Customers/Create - 44389 - ::1 Mozilla/5.0+(Windows+NT+10.0;+Win64;+x64)+AppleWebKit/537.36+(KHTML,+like+Gecko)+Chrome/71.0.3578.98+Safari/537.36 https://localhost:44389/Customers 200 0 0 99
2019-02-15 22:08:35 ::1 POST /Customers/Create - 44389 - ::1 Mozilla/5.0+(Windows+NT+10.0;+Win64;+x64)+AppleWebKit/537.36+(KHTML,+like+Gecko)+Chrome/71.0.3578.98+Safari/537.36 https://localhost:44389/Customers/Create 302 0 0 567
2019-02-15 22:08:35 ::1 GET /Customers - 44389 - ::1 Mozilla/5.0+(Windows+NT+10.0;+Win64;+x64)+AppleWebKit/537.36+(KHTML,+like+Gecko)+Chrome/71.0.3578.98+Safari/537.36 https://localhost:44389/Customers/Create 200 0 0 267
2019-02-15 22:08:36 ::1 GET /Customers/Create - 44389 - ::1 Mozilla/5.0+(Windows+NT+10.0;+Win64;+x64)+AppleWebKit/537.36+(KHTML,+like+Gecko)+Chrome/71.0.3578.98+Safari/537.36 https://localhost:44389/Customers 200 0 0 44
2019-02-15 22:08:43 ::1 POST /Customers/Create - 44389 - ::1 Mozilla/5.0+(Windows+NT+10.0;+Win64;+x64)+AppleWebKit/537.36+(KHTML,+like+Gecko)+Chrome/71.0.3578.98+Safari/537.36 https://localhost:44389/Customers/Create 302 0 0 350
2019-02-15 22:08:43 ::1 GET /Customers - 44389 - ::1 Mozilla/5.0+(Windows+NT+10.0;+Win64;+x64)+AppleWebKit/537.36+(KHTML,+like+Gecko)+Chrome/71.0.3578.98+Safari/537.36 https://localhost:44389/Customers/Create 200 0 0 242
2019-02-15 22:08:47 ::1 GET /Customers/Create - 44389 - ::1 Mozilla/5.0+(Windows+NT+10.0;+Win64;+x64)+AppleWebKit/537.36+(KHTML,+like+Gecko)+Chrome/71.0.3578.98+Safari/537.36 https://localhost:44389/Customers 200 0 0 42
2019-02-15 22:08:53 ::1 POST /Customers/Create - 44389 - ::1 Mozilla/5.0+(Windows+NT+10.0;+Win64;+x64)+AppleWebKit/537.36+(KHTML,+like+Gecko)+Chrome/71.0.3578.98+Safari/537.36 https://localhost:44389/Customers/Create 302 0 0 347
2019-02-15 22:08:53 ::1 GET /Customers - 44389 - ::1 Mozilla/5.0+(Windows+NT+10.0;+Win64;+x64)+AppleWebKit/537.36+(KHTML,+like+Gecko)+Chrome/71.0.3578.98+Safari/537.36 https://localhost:44389/Customers/Create 200 0 0 323
2019-02-15 22:08:54 ::1 GET /Customers/Create - 44389 - ::1 Mozilla/5.0+(Windows+NT+10.0;+Win64;+x64)+AppleWebKit/537.36+(KHTML,+like+Gecko)+Chrome/71.0.3578.98+Safari/537.36 https://localhost:44389/Customers 200 0 0 48
2019-02-15 22:09:07 ::1 POST /Customers/Create - 44389 - ::1 Mozilla/5.0+(Windows+NT+10.0;+Win64;+x64)+AppleWebKit/537.36+(KHTML,+like+Gecko)+Chrome/71.0.3578.98+Safari/537.36 https://localhost:44389/Customers/Create 302 0 0 377
2019-02-15 22:09:07 ::1 GET /Customers - 44389 - ::1 Mozilla/5.0+(Windows+NT+10.0;+Win64;+x64)+AppleWebKit/537.36+(KHTML,+like+Gecko)+Chrome/71.0.3578.98+Safari/537.36 https://localhost:44389/Customers/Create 200 0 0 262
2019-02-15 22:09:10 ::1 GET /Customers/Create - 44389 - ::1 Mozilla/5.0+(Windows+NT+10.0;+Win64;+x64)+AppleWebKit/537.36+(KHTML,+like+Gecko)+Chrome/71.0.3578.98+Safari/537.36 https://localhost:44389/Customers 200 0 0 37
2019-02-15 22:09:34 ::1 POST /Customers/Create - 44389 - ::1 Mozilla/5.0+(Windows+NT+10.0;+Win64;+x64)+AppleWebKit/537.36+(KHTML,+like+Gecko)+Chrome/71.0.3578.98+Safari/537.36 https://localhost:44389/Customers/Create 302 0 0 323
2019-02-15 22:09:34 ::1 GET /Customers - 44389 - ::1 Mozilla/5.0+(Windows+NT+10.0;+Win64;+x64)+AppleWebKit/537.36+(KHTML,+like+Gecko)+Chrome/71.0.3578.98+Safari/537.36 https://localhost:44389/Customers/Create 200 0 0 221
2019-02-15 22:09:40 ::1 GET /Customers - 44389 - ::1 Mozilla/5.0+(Windows+NT+10.0;+Win64;+x64)+AppleWebKit/537.36+(KHTML,+like+Gecko)+Chrome/71.0.3578.98+Safari/537.36 https://localhost:44389/Customers 200 0 0 235
2019-02-15 22:09:40 ::1 GET /Projects - 44389 - ::1 Mozilla/5.0+(Windows+NT+10.0;+Win64;+x64)+AppleWebKit/537.36+(KHTML,+like+Gecko)+Chrome/71.0.3578.98+Safari/537.36 https://localhost:44389/Customers 200 0 0 232
2019-02-15 22:09:44 ::1 GET /Projects/Create - 44389 - ::1 Mozilla/5.0+(Windows+NT+10.0;+Win64;+x64)+AppleWebKit/537.36+(KHTML,+like+Gecko)+Chrome/71.0.3578.98+Safari/537.36 https://localhost:44389/Projects 200 0 0 274
2019-02-15 22:09:57 ::1 POST /Projects/Create - 44389 - ::1 Mozilla/5.0+(Windows+NT+10.0;+Win64;+x64)+AppleWebKit/537.36+(KHTML,+like+Gecko)+Chrome/71.0.3578.98+Safari/537.36 https://localhost:44389/Projects/Create 302 0 0 351
2019-02-15 22:09:57 ::1 GET /Projects - 44389 - ::1 Mozilla/5.0+(Windows+NT+10.0;+Win64;+x64)+AppleWebKit/537.36+(KHTML,+like+Gecko)+Chrome/71.0.3578.98+Safari/537.36 https://localhost:44389/Projects/Create 200 0 0 312
2019-02-15 22:10:00 ::1 GET /Projects/Create - 44389 - ::1 Mozilla/5.0+(Windows+NT+10.0;+Win64;+x64)+AppleWebKit/537.36+(KHTML,+like+Gecko)+Chrome/71.0.3578.98+Safari/537.36 https://localhost:44389/Projects 200 0 0 256
2019-02-15 22:10:13 ::1 POST /Projects/Create - 44389 - ::1 Mozilla/5.0+(Windows+NT+10.0;+Win64;+x64)+AppleWebKit/537.36+(KHTML,+like+Gecko)+Chrome/71.0.3578.98+Safari/537.36 https://localhost:44389/Projects/Create 302 0 0 351
2019-02-15 22:10:13 ::1 GET /Projects - 44389 - ::1 Mozilla/5.0+(Windows+NT+10.0;+Win64;+x64)+AppleWebKit/537.36+(KHTML,+like+Gecko)+Chrome/71.0.3578.98+Safari/537.36 https://localhost:44389/Projects/Create 200 0 0 214
2019-02-15 22:10:17 ::1 GET /Projects/Edit/10 - 44389 - ::1 Mozilla/5.0+(Windows+NT+10.0;+Win64;+x64)+AppleWebKit/537.36+(KHTML,+like+Gecko)+Chrome/71.0.3578.98+Safari/537.36 https://localhost:44389/Projects 200 0 0 459
2019-02-15 22:10:23 ::1 POST /Projects/Edit/10 - 44389 - ::1 Mozilla/5.0+(Windows+NT+10.0;+Win64;+x64)+AppleWebKit/537.36+(KHTML,+like+Gecko)+Chrome/71.0.3578.98+Safari/537.36 https://localhost:44389/Projects/Edit/10 302 0 0 388
2019-02-15 22:10:23 ::1 GET /Projects - 44389 - ::1 Mozilla/5.0+(Windows+NT+10.0;+Win64;+x64)+AppleWebKit/537.36+(KHTML,+like+Gecko)+Chrome/71.0.3578.98+Safari/537.36 https://localhost:44389/Projects/Edit/10 200 0 0 236
2019-02-15 22:10:26 ::1 GET /Projects/Edit/10 - 44389 - ::1 Mozilla/5.0+(Windows+NT+10.0;+Win64;+x64)+AppleWebKit/537.36+(KHTML,+like+Gecko)+Chrome/71.0.3578.98+Safari/537.36 https://localhost:44389/Projects 200 0 0 406
2019-02-15 22:10:29 ::1 POST /Projects/Edit/10 - 44389 - ::1 Mozilla/5.0+(Windows+NT+10.0;+Win64;+x64)+AppleWebKit/537.36+(KHTML,+like+Gecko)+Chrome/71.0.3578.98+Safari/537.36 https://localhost:44389/Projects/Edit/10 302 0 0 322
2019-02-15 22:10:29 ::1 GET /Projects - 44389 - ::1 Mozilla/5.0+(Windows+NT+10.0;+Win64;+x64)+AppleWebKit/537.36+(KHTML,+like+Gecko)+Chrome/71.0.3578.98+Safari/537.36 https://localhost:44389/Projects/Edit/10 200 0 0 238
2019-02-15 22:10:32 ::1 GET /Projects/Edit/10 - 44389 - ::1 Mozilla/5.0+(Windows+NT+10.0;+Win64;+x64)+AppleWebKit/537.36+(KHTML,+like+Gecko)+Chrome/71.0.3578.98+Safari/537.36 https://localhost:44389/Projects 200 0 0 428
2019-02-15 22:10:35 ::1 POST /Projects/Edit/10 - 44389 - ::1 Mozilla/5.0+(Windows+NT+10.0;+Win64;+x64)+AppleWebKit/537.36+(KHTML,+like+Gecko)+Chrome/71.0.3578.98+Safari/537.36 https://localhost:44389/Projects/Edit/10 302 0 0 315
2019-02-15 22:10:35 ::1 GET /Projects - 44389 - ::1 Mozilla/5.0+(Windows+NT+10.0;+Win64;+x64)+AppleWebKit/537.36+(KHTML,+like+Gecko)+Chrome/71.0.3578.98+Safari/537.36 https://localhost:44389/Projects/Edit/10 200 0 0 246
2019-02-15 22:10:38 ::1 GET /Projects/Create - 44389 - ::1 Mozilla/5.0+(Windows+NT+10.0;+Win64;+x64)+AppleWebKit/537.36+(KHTML,+like+Gecko)+Chrome/71.0.3578.98+Safari/537.36 https://localhost:44389/Projects 200 0 0 251
2019-02-15 22:10:50 ::1 POST /Projects/Create - 44389 - ::1 Mozilla/5.0+(Windows+NT+10.0;+Win64;+x64)+AppleWebKit/537.36+(KHTML,+like+Gecko)+Chrome/71.0.3578.98+Safari/537.36 https://localhost:44389/Projects/Create 302 0 0 324
2019-02-15 22:10:50 ::1 GET /Projects - 44389 - ::1 Mozilla/5.0+(Windows+NT+10.0;+Win64;+x64)+AppleWebKit/537.36+(KHTML,+like+Gecko)+Chrome/71.0.3578.98+Safari/537.36 https://localhost:44389/Projects/Create 200 0 0 216
2019-02-15 22:10:53 ::1 GET /Projects/Create - 44389 - ::1 Mozilla/5.0+(Windows+NT+10.0;+Win64;+x64)+AppleWebKit/537.36+(KHTML,+like+Gecko)+Chrome/71.0.3578.98+Safari/537.36 https://localhost:44389/Projects 200 0 0 231
2019-02-15 22:11:20 ::1 POST /Projects/Create - 44389 - ::1 Mozilla/5.0+(Windows+NT+10.0;+Win64;+x64)+AppleWebKit/537.36+(KHTML,+like+Gecko)+Chrome/71.0.3578.98+Safari/537.36 https://localhost:44389/Projects/Create 302 0 0 328
2019-02-15 22:11:20 ::1 GET /Projects - 44389 - ::1 Mozilla/5.0+(Windows+NT+10.0;+Win64;+x64)+AppleWebKit/537.36+(KHTML,+like+Gecko)+Chrome/71.0.3578.98+Safari/537.36 https://localhost:44389/Projects/Create 200 0 0 266
2019-02-15 22:11:22 ::1 GET /Projects/Create - 44389 - ::1 Mozilla/5.0+(Windows+NT+10.0;+Win64;+x64)+AppleWebKit/537.36+(KHTML,+like+Gecko)+Chrome/71.0.3578.98+Safari/537.36 https://localhost:44389/Projects 200 0 0 239
2019-02-15 22:11:31 ::1 POST /Projects/Create - 44389 - ::1 Mozilla/5.0+(Windows+NT+10.0;+Win64;+x64)+AppleWebKit/537.36+(KHTML,+like+Gecko)+Chrome/71.0.3578.98+Safari/537.36 https://localhost:44389/Projects/Create 302 0 0 356
2019-02-15 22:11:31 ::1 GET /Projects - 44389 - ::1 Mozilla/5.0+(Windows+NT+10.0;+Win64;+x64)+AppleWebKit/537.36+(KHTML,+like+Gecko)+Chrome/71.0.3578.98+Safari/537.36 https://localhost:44389/Projects/Create 200 0 0 213
2019-02-15 22:11:34 ::1 GET /Projects/Edit/13 - 44389 - ::1 Mozilla/5.0+(Windows+NT+10.0;+Win64;+x64)+AppleWebKit/537.36+(KHTML,+like+Gecko)+Chrome/71.0.3578.98+Safari/537.36 https://localhost:44389/Projects 200 0 0 399
2019-02-15 22:11:39 ::1 POST /Projects/Edit/13 - 44389 - ::1 Mozilla/5.0+(Windows+NT+10.0;+Win64;+x64)+AppleWebKit/537.36+(KHTML,+like+Gecko)+Chrome/71.0.3578.98+Safari/537.36 https://localhost:44389/Projects/Edit/13 302 0 0 345
2019-02-15 22:11:39 ::1 GET /Projects - 44389 - ::1 Mozilla/5.0+(Windows+NT+10.0;+Win64;+x64)+AppleWebKit/537.36+(KHTML,+like+Gecko)+Chrome/71.0.3578.98+Safari/537.36 https://localhost:44389/Projects/Edit/13 200 0 0 277
2019-02-15 22:11:42 ::1 GET /Projects/Edit/13 - 44389 - ::1 Mozilla/5.0+(Windows+NT+10.0;+Win64;+x64)+AppleWebKit/537.36+(KHTML,+like+Gecko)+Chrome/71.0.3578.98+Safari/537.36 https://localhost:44389/Projects 200 0 0 366
2019-02-15 22:11:44 ::1 POST /Projects/Edit/13 - 44389 - ::1 Mozilla/5.0+(Windows+NT+10.0;+Win64;+x64)+AppleWebKit/537.36+(KHTML,+like+Gecko)+Chrome/71.0.3578.98+Safari/537.36 https://localhost:44389/Projects/Edit/13 302 0 0 301
2019-02-15 22:11:44 ::1 GET /Projects - 44389 - ::1 Mozilla/5.0+(Windows+NT+10.0;+Win64;+x64)+AppleWebKit/537.36+(KHTML,+like+Gecko)+Chrome/71.0.3578.98+Safari/537.36 https://localhost:44389/Projects/Edit/13 200 0 0 253
2019-02-15 22:11:46 ::1 GET /Projects/Edit/13 - 44389 - ::1 Mozilla/5.0+(Windows+NT+10.0;+Win64;+x64)+AppleWebKit/537.36+(KHTML,+like+Gecko)+Chrome/71.0.3578.98+Safari/537.36 https://localhost:44389/Projects 200 0 0 394
2019-02-15 22:11:50 ::1 POST /Projects/Edit/13 - 44389 - ::1 Mozilla/5.0+(Windows+NT+10.0;+Win64;+x64)+AppleWebKit/537.36+(KHTML,+like+Gecko)+Chrome/71.0.3578.98+Safari/537.36 https://localhost:44389/Projects/Edit/13 302 0 0 318
2019-02-15 22:11:50 ::1 GET /Projects - 44389 - ::1 Mozilla/5.0+(Windows+NT+10.0;+Win64;+x64)+AppleWebKit/537.36+(KHTML,+like+Gecko)+Chrome/71.0.3578.98+Safari/537.36 https://localhost:44389/Projects/Edit/13 200 0 0 254
2019-02-15 22:11:52 ::1 GET /Projects/Edit/13 - 44389 - ::1 Mozilla/5.0+(Windows+NT+10.0;+Win64;+x64)+AppleWebKit/537.36+(KHTML,+like+Gecko)+Chrome/71.0.3578.98+Safari/537.36 https://localhost:44389/Projects 200 0 0 448
2019-02-15 22:11:54 ::1 POST /Projects/Edit/13 - 44389 - ::1 Mozilla/5.0+(Windows+NT+10.0;+Win64;+x64)+AppleWebKit/537.36+(KHTML,+like+Gecko)+Chrome/71.0.3578.98+Safari/537.36 https://localhost:44389/Projects/Edit/13 302 0 0 345
2019-02-15 22:11:54 ::1 GET /Projects - 44389 - ::1 Mozilla/5.0+(Windows+NT+10.0;+Win64;+x64)+AppleWebKit/537.36+(KHTML,+like+Gecko)+Chrome/71.0.3578.98+Safari/537.36 https://localhost:44389/Projects/Edit/13 200 0 0 269
2019-02-15 22:11:58 ::1 GET /Projects/Create - 44389 - ::1 Mozilla/5.0+(Windows+NT+10.0;+Win64;+x64)+AppleWebKit/537.36+(KHTML,+like+Gecko)+Chrome/71.0.3578.98+Safari/537.36 https://localhost:44389/Projects 200 0 0 245
2019-02-15 22:12:13 ::1 POST /Projects/Create - 44389 - ::1 Mozilla/5.0+(Windows+NT+10.0;+Win64;+x64)+AppleWebKit/537.36+(KHTML,+like+Gecko)+Chrome/71.0.3578.98+Safari/537.36 https://localhost:44389/Projects/Create 302 0 0 335
2019-02-15 22:12:13 ::1 GET /Projects - 44389 - ::1 Mozilla/5.0+(Windows+NT+10.0;+Win64;+x64)+AppleWebKit/537.36+(KHTML,+like+Gecko)+Chrome/71.0.3578.98+Safari/537.36 https://localhost:44389/Projects/Create 200 0 0 235
2019-02-15 22:12:16 ::1 GET /EmployeeTimes - 44389 - ::1 Mozilla/5.0+(Windows+NT+10.0;+Win64;+x64)+AppleWebKit/537.36+(KHTML,+like+Gecko)+Chrome/71.0.3578.98+Safari/537.36 https://localhost:44389/Projects 200 0 0 314
2019-02-15 22:12:29 ::1 GET /Admin - 44389 - ::1 Mozilla/5.0+(Windows+NT+10.0;+Win64;+x64)+AppleWebKit/537.36+(KHTML,+like+Gecko)+Chrome/71.0.3578.98+Safari/537.36 https://localhost:44389/EmployeeTimes 200 0 0 333
2019-02-15 22:12:34 ::1 GET /Roles - 44389 - ::1 Mozilla/5.0+(Windows+NT+10.0;+Win64;+x64)+AppleWebKit/537.36+(KHTML,+like+Gecko)+Chrome/71.0.3578.98+Safari/537.36 https://localhost:44389/Admin 200 0 0 751
