#Software: Microsoft Internet Information Services 10.0
#Version: 1.0
#Date: 2019-01-09 15:23:10
#Fields: date time s-ip cs-method cs-uri-stem cs-uri-query s-port cs-username c-ip cs(User-Agent) cs(Referer) sc-status sc-substatus sc-win32-status time-taken
2019-01-09 15:23:10 ::1 DEBUG / - 52380 - ::1 - - 200 0 64 15203
2019-01-09 15:23:11 ::1 GET / - 44365 - ::1 Mozilla/5.0+(Windows+NT+10.0;+Win64;+x64)+AppleWebKit/537.36+(KHTML,+like+Gecko)+Chrome/71.0.3578.98+Safari/537.36 - 200 0 0 9931
2019-01-09 15:23:11 ::1 GET /images/banner2.svg - 44365 - ::1 Mozilla/5.0+(Windows+NT+10.0;+Win64;+x64)+AppleWebKit/537.36+(KHTML,+like+Gecko)+Chrome/71.0.3578.98+Safari/537.36 https://localhost:44365/ 200 0 0 148
2019-01-09 15:23:11 ::1 GET /images/banner1.svg - 44365 - ::1 Mozilla/5.0+(Windows+NT+10.0;+Win64;+x64)+AppleWebKit/537.36+(KHTML,+like+Gecko)+Chrome/71.0.3578.98+Safari/537.36 https://localhost:44365/ 200 0 0 157
2019-01-09 15:23:11 ::1 GET /css/site.css - 44365 - ::1 Mozilla/5.0+(Windows+NT+10.0;+Win64;+x64)+AppleWebKit/537.36+(KHTML,+like+Gecko)+Chrome/71.0.3578.98+Safari/537.36 https://localhost:44365/ 200 0 0 197
2019-01-09 15:23:11 ::1 GET /images/banner3.svg - 44365 - ::1 Mozilla/5.0+(Windows+NT+10.0;+Win64;+x64)+AppleWebKit/537.36+(KHTML,+like+Gecko)+Chrome/71.0.3578.98+Safari/537.36 https://localhost:44365/ 200 0 0 200
2019-01-09 15:23:11 ::1 GET /js/site.js v=4q1jwFhaPaZgr8WAUSrux6hAuh0XDg9kPS3xIVq36I0 44365 - ::1 Mozilla/5.0+(Windows+NT+10.0;+Win64;+x64)+AppleWebKit/537.36+(KHTML,+like+Gecko)+Chrome/71.0.3578.98+Safari/537.36 https://localhost:44365/ 200 0 0 217
2019-01-09 15:23:11 ::1 GET /lib/bootstrap/dist/js/bootstrap.js - 44365 - ::1 Mozilla/5.0+(Windows+NT+10.0;+Win64;+x64)+AppleWebKit/537.36+(KHTML,+like+Gecko)+Chrome/71.0.3578.98+Safari/537.36 https://localhost:44365/ 200 0 0 248
2019-01-09 15:23:11 ::1 GET /lib/bootstrap/dist/css/bootstrap.css - 44365 - ::1 Mozilla/5.0+(Windows+NT+10.0;+Win64;+x64)+AppleWebKit/537.36+(KHTML,+like+Gecko)+Chrome/71.0.3578.98+Safari/537.36 https://localhost:44365/ 200 0 0 313
2019-01-09 15:23:11 ::1 GET /lib/jquery/dist/jquery.js - 44365 - ::1 Mozilla/5.0+(Windows+NT+10.0;+Win64;+x64)+AppleWebKit/537.36+(KHTML,+like+Gecko)+Chrome/71.0.3578.98+Safari/537.36 https://localhost:44365/ 200 0 0 403
2019-01-09 15:23:11 ::1 GET /lib/bootstrap/dist/fonts/glyphicons-halflings-regular.woff2 - 44365 - ::1 Mozilla/5.0+(Windows+NT+10.0;+Win64;+x64)+AppleWebKit/537.36+(KHTML,+like+Gecko)+Chrome/71.0.3578.98+Safari/537.36 https://localhost:44365/lib/bootstrap/dist/css/bootstrap.css 200 0 0 247
2019-01-09 15:23:11 ::1 GET /favicon.ico - 44365 - ::1 Mozilla/5.0+(Windows+NT+10.0;+Win64;+x64)+AppleWebKit/537.36+(KHTML,+like+Gecko)+Chrome/71.0.3578.98+Safari/537.36 https://localhost:44365/ 200 0 0 40
#Software: Microsoft Internet Information Services 10.0
#Version: 1.0
#Date: 2019-01-09 15:48:02
#Fields: date time s-ip cs-method cs-uri-stem cs-uri-query s-port cs-username c-ip cs(User-Agent) cs(Referer) sc-status sc-substatus sc-win32-status time-taken
2019-01-09 15:48:02 ::1 DEBUG / - 52380 - ::1 - - 200 0 64 7677
2019-01-09 15:48:03 ::1 GET / - 44365 - ::1 Mozilla/5.0+(Windows+NT+10.0;+Win64;+x64)+AppleWebKit/537.36+(KHTML,+like+Gecko)+Chrome/71.0.3578.98+Safari/537.36 - 200 0 0 5890
2019-01-09 15:48:03 ::1 GET /css/site.css - 44365 - ::1 Mozilla/5.0+(Windows+NT+10.0;+Win64;+x64)+AppleWebKit/537.36+(KHTML,+like+Gecko)+Chrome/71.0.3578.98+Safari/537.36 https://localhost:44365/ 304 0 0 146
2019-01-09 15:48:03 ::1 GET /lib/jquery/dist/jquery.js - 44365 - ::1 Mozilla/5.0+(Windows+NT+10.0;+Win64;+x64)+AppleWebKit/537.36+(KHTML,+like+Gecko)+Chrome/71.0.3578.98+Safari/537.36 https://localhost:44365/ 304 0 0 155
2019-01-09 15:48:03 ::1 GET /js/site.js v=4q1jwFhaPaZgr8WAUSrux6hAuh0XDg9kPS3xIVq36I0 44365 - ::1 Mozilla/5.0+(Windows+NT+10.0;+Win64;+x64)+AppleWebKit/537.36+(KHTML,+like+Gecko)+Chrome/71.0.3578.98+Safari/537.36 https://localhost:44365/ 304 0 0 153
2019-01-09 15:48:03 ::1 GET /images/banner1.svg - 44365 - ::1 Mozilla/5.0+(Windows+NT+10.0;+Win64;+x64)+AppleWebKit/537.36+(KHTML,+like+Gecko)+Chrome/71.0.3578.98+Safari/537.36 https://localhost:44365/ 304 0 0 159
2019-01-09 15:48:03 ::1 GET /lib/bootstrap/dist/css/bootstrap.css - 44365 - ::1 Mozilla/5.0+(Windows+NT+10.0;+Win64;+x64)+AppleWebKit/537.36+(KHTML,+like+Gecko)+Chrome/71.0.3578.98+Safari/537.36 https://localhost:44365/ 304 0 0 167
2019-01-09 15:48:03 ::1 GET /images/banner3.svg - 44365 - ::1 Mozilla/5.0+(Windows+NT+10.0;+Win64;+x64)+AppleWebKit/537.36+(KHTML,+like+Gecko)+Chrome/71.0.3578.98+Safari/537.36 https://localhost:44365/ 304 0 0 153
2019-01-09 15:48:03 ::1 GET /images/banner2.svg - 44365 - ::1 Mozilla/5.0+(Windows+NT+10.0;+Win64;+x64)+AppleWebKit/537.36+(KHTML,+like+Gecko)+Chrome/71.0.3578.98+Safari/537.36 https://localhost:44365/ 304 0 0 153
2019-01-09 15:48:03 ::1 GET /lib/bootstrap/dist/js/bootstrap.js - 44365 - ::1 Mozilla/5.0+(Windows+NT+10.0;+Win64;+x64)+AppleWebKit/537.36+(KHTML,+like+Gecko)+Chrome/71.0.3578.98+Safari/537.36 https://localhost:44365/ 304 0 0 176
2019-01-09 15:48:03 ::1 GET /lib/bootstrap/dist/fonts/glyphicons-halflings-regular.woff2 - 44365 - ::1 Mozilla/5.0+(Windows+NT+10.0;+Win64;+x64)+AppleWebKit/537.36+(KHTML,+like+Gecko)+Chrome/71.0.3578.98+Safari/537.36 https://localhost:44365/lib/bootstrap/dist/css/bootstrap.css 304 0 0 16
2019-01-09 15:48:21 ::1 GET /Identity/Account/Register - 44365 - ::1 Mozilla/5.0+(Windows+NT+10.0;+Win64;+x64)+AppleWebKit/537.36+(KHTML,+like+Gecko)+Chrome/71.0.3578.98+Safari/537.36 https://localhost:44365/ 200 0 0 243
2019-01-09 15:48:21 ::1 GET /Identity/lib/jquery-validation-unobtrusive/jquery.validate.unobtrusive.js - 44365 - ::1 Mozilla/5.0+(Windows+NT+10.0;+Win64;+x64)+AppleWebKit/537.36+(KHTML,+like+Gecko)+Chrome/71.0.3578.98+Safari/537.36 https://localhost:44365/Identity/Account/Register 200 0 0 36
2019-01-09 15:48:21 ::1 GET /Identity/lib/jquery-validation/dist/jquery.validate.js - 44365 - ::1 Mozilla/5.0+(Windows+NT+10.0;+Win64;+x64)+AppleWebKit/537.36+(KHTML,+like+Gecko)+Chrome/71.0.3578.98+Safari/537.36 https://localhost:44365/Identity/Account/Register 200 0 0 49
2019-01-09 15:49:14 ::1 POST /Identity/Account/Register - 44365 - ::1 Mozilla/5.0+(Windows+NT+10.0;+Win64;+x64)+AppleWebKit/537.36+(KHTML,+like+Gecko)+Chrome/71.0.3578.98+Safari/537.36 https://localhost:44365/Identity/Account/Register 200 0 0 157
2019-01-09 15:49:28 ::1 POST /Identity/Account/Register - 44365 - ::1 Mozilla/5.0+(Windows+NT+10.0;+Win64;+x64)+AppleWebKit/537.36+(KHTML,+like+Gecko)+Chrome/71.0.3578.98+Safari/537.36 https://localhost:44365/Identity/Account/Register 200 0 0 42
2019-01-09 15:50:12 ::1 POST /Identity/Account/Register - 44365 - ::1 Mozilla/5.0+(Windows+NT+10.0;+Win64;+x64)+AppleWebKit/537.36+(KHTML,+like+Gecko)+Chrome/71.0.3578.98+Safari/537.36 https://localhost:44365/Identity/Account/Register 200 0 0 77
2019-01-09 15:50:33 ::1 POST /Identity/Account/Register - 44365 - ::1 Mozilla/5.0+(Windows+NT+10.0;+Win64;+x64)+AppleWebKit/537.36+(KHTML,+like+Gecko)+Chrome/71.0.3578.98+Safari/537.36 https://localhost:44365/Identity/Account/Register 302 0 0 2818
2019-01-09 15:50:33 ::1 GET / - 44365 - ::1 Mozilla/5.0+(Windows+NT+10.0;+Win64;+x64)+AppleWebKit/537.36+(KHTML,+like+Gecko)+Chrome/71.0.3578.98+Safari/537.36 https://localhost:44365/Identity/Account/Register 200 0 0 97
2019-01-09 15:50:53 ::1 GET / - 44365 - ::1 Mozilla/5.0+(Windows+NT+10.0;+Win64;+x64)+AppleWebKit/537.36+(KHTML,+like+Gecko)+Chrome/71.0.3578.98+Safari/537.36 https://localhost:44365/ 200 0 0 74
2019-01-09 15:50:53 ::1 GET /lib/bootstrap/dist/css/bootstrap.css - 44365 - ::1 Mozilla/5.0+(Windows+NT+10.0;+Win64;+x64)+AppleWebKit/537.36+(KHTML,+like+Gecko)+Chrome/71.0.3578.98+Safari/537.36 https://localhost:44365/ 304 0 0 82
2019-01-09 15:50:53 ::1 GET /css/site.css - 44365 - ::1 Mozilla/5.0+(Windows+NT+10.0;+Win64;+x64)+AppleWebKit/537.36+(KHTML,+like+Gecko)+Chrome/71.0.3578.98+Safari/537.36 https://localhost:44365/ 304 0 0 99
2019-01-09 15:50:53 ::1 GET /images/banner2.svg - 44365 - ::1 Mozilla/5.0+(Windows+NT+10.0;+Win64;+x64)+AppleWebKit/537.36+(KHTML,+like+Gecko)+Chrome/71.0.3578.98+Safari/537.36 https://localhost:44365/ 304 0 0 212
2019-01-09 15:50:53 ::1 GET /lib/bootstrap/dist/fonts/glyphicons-halflings-regular.woff2 - 44365 - ::1 Mozilla/5.0+(Windows+NT+10.0;+Win64;+x64)+AppleWebKit/537.36+(KHTML,+like+Gecko)+Chrome/71.0.3578.98+Safari/537.36 https://localhost:44365/lib/bootstrap/dist/css/bootstrap.css 304 0 0 100
2019-01-09 15:50:53 ::1 GET /images/banner1.svg - 44365 - ::1 Mozilla/5.0+(Windows+NT+10.0;+Win64;+x64)+AppleWebKit/537.36+(KHTML,+like+Gecko)+Chrome/71.0.3578.98+Safari/537.36 https://localhost:44365/ 304 0 0 216
2019-01-09 15:50:53 ::1 GET /lib/jquery/dist/jquery.js - 44365 - ::1 Mozilla/5.0+(Windows+NT+10.0;+Win64;+x64)+AppleWebKit/537.36+(KHTML,+like+Gecko)+Chrome/71.0.3578.98+Safari/537.36 https://localhost:44365/ 304 0 0 255
2019-01-09 15:50:53 ::1 GET /lib/bootstrap/dist/js/bootstrap.js - 44365 - ::1 Mozilla/5.0+(Windows+NT+10.0;+Win64;+x64)+AppleWebKit/537.36+(KHTML,+like+Gecko)+Chrome/71.0.3578.98+Safari/537.36 https://localhost:44365/ 304 0 0 267
2019-01-09 15:50:53 ::1 GET /images/banner3.svg - 44365 - ::1 Mozilla/5.0+(Windows+NT+10.0;+Win64;+x64)+AppleWebKit/537.36+(KHTML,+like+Gecko)+Chrome/71.0.3578.98+Safari/537.36 https://localhost:44365/ 304 0 0 309
2019-01-09 15:50:53 ::1 GET /js/site.js v=4q1jwFhaPaZgr8WAUSrux6hAuh0XDg9kPS3xIVq36I0 44365 - ::1 Mozilla/5.0+(Windows+NT+10.0;+Win64;+x64)+AppleWebKit/537.36+(KHTML,+like+Gecko)+Chrome/71.0.3578.98+Safari/537.36 https://localhost:44365/ 304 0 0 330
2019-01-09 15:50:58 ::1 GET /Home/About - 44365 - ::1 Mozilla/5.0+(Windows+NT+10.0;+Win64;+x64)+AppleWebKit/537.36+(KHTML,+like+Gecko)+Chrome/71.0.3578.98+Safari/537.36 https://localhost:44365/ 200 0 0 64
2019-01-09 15:51:02 ::1 GET /Home/Contact - 44365 - ::1 Mozilla/5.0+(Windows+NT+10.0;+Win64;+x64)+AppleWebKit/537.36+(KHTML,+like+Gecko)+Chrome/71.0.3578.98+Safari/537.36 https://localhost:44365/Home/About 200 0 0 68
2019-01-09 15:51:07 ::1 GET / - 44365 - ::1 Mozilla/5.0+(Windows+NT+10.0;+Win64;+x64)+AppleWebKit/537.36+(KHTML,+like+Gecko)+Chrome/71.0.3578.98+Safari/537.36 https://localhost:44365/Home/Contact 200 0 0 66
#Software: Microsoft Internet Information Services 10.0
#Version: 1.0
#Date: 2019-01-09 18:34:00
#Fields: date time s-ip cs-method cs-uri-stem cs-uri-query s-port cs-username c-ip cs(User-Agent) cs(Referer) sc-status sc-substatus sc-win32-status time-taken
2019-01-09 18:34:00 ::1 DEBUG / - 52380 - ::1 - - 200 0 64 9257
2019-01-09 18:34:02 ::1 GET / - 44365 - ::1 Mozilla/5.0+(Windows+NT+10.0;+Win64;+x64)+AppleWebKit/537.36+(KHTML,+like+Gecko)+Chrome/71.0.3578.98+Safari/537.36 - 200 0 0 9385
2019-01-09 18:34:02 ::1 GET /css/site.css - 44365 - ::1 Mozilla/5.0+(Windows+NT+10.0;+Win64;+x64)+AppleWebKit/537.36+(KHTML,+like+Gecko)+Chrome/71.0.3578.98+Safari/537.36 https://localhost:44365/ 304 0 0 188
2019-01-09 18:34:02 ::1 GET /js/site.js v=4q1jwFhaPaZgr8WAUSrux6hAuh0XDg9kPS3xIVq36I0 44365 - ::1 Mozilla/5.0+(Windows+NT+10.0;+Win64;+x64)+AppleWebKit/537.36+(KHTML,+like+Gecko)+Chrome/71.0.3578.98+Safari/537.36 https://localhost:44365/ 304 0 0 203
2019-01-09 18:34:02 ::1 GET /lib/bootstrap/dist/css/bootstrap.css - 44365 - ::1 Mozilla/5.0+(Windows+NT+10.0;+Win64;+x64)+AppleWebKit/537.36+(KHTML,+like+Gecko)+Chrome/71.0.3578.98+Safari/537.36 https://localhost:44365/ 304 0 0 213
2019-01-09 18:34:02 ::1 GET /images/banner3.svg - 44365 - ::1 Mozilla/5.0+(Windows+NT+10.0;+Win64;+x64)+AppleWebKit/537.36+(KHTML,+like+Gecko)+Chrome/71.0.3578.98+Safari/537.36 https://localhost:44365/ 304 0 0 233
2019-01-09 18:34:02 ::1 GET /images/banner1.svg - 44365 - ::1 Mozilla/5.0+(Windows+NT+10.0;+Win64;+x64)+AppleWebKit/537.36+(KHTML,+like+Gecko)+Chrome/71.0.3578.98+Safari/537.36 https://localhost:44365/ 304 0 0 233
2019-01-09 18:34:02 ::1 GET /lib/jquery/dist/jquery.js - 44365 - ::1 Mozilla/5.0+(Windows+NT+10.0;+Win64;+x64)+AppleWebKit/537.36+(KHTML,+like+Gecko)+Chrome/71.0.3578.98+Safari/537.36 https://localhost:44365/ 304 0 0 242
2019-01-09 18:34:02 ::1 GET /lib/bootstrap/dist/js/bootstrap.js - 44365 - ::1 Mozilla/5.0+(Windows+NT+10.0;+Win64;+x64)+AppleWebKit/537.36+(KHTML,+like+Gecko)+Chrome/71.0.3578.98+Safari/537.36 https://localhost:44365/ 304 0 0 252
2019-01-09 18:34:02 ::1 GET /images/banner2.svg - 44365 - ::1 Mozilla/5.0+(Windows+NT+10.0;+Win64;+x64)+AppleWebKit/537.36+(KHTML,+like+Gecko)+Chrome/71.0.3578.98+Safari/537.36 https://localhost:44365/ 304 0 0 284
2019-01-09 18:34:02 ::1 GET /lib/bootstrap/dist/fonts/glyphicons-halflings-regular.woff2 - 44365 - ::1 Mozilla/5.0+(Windows+NT+10.0;+Win64;+x64)+AppleWebKit/537.36+(KHTML,+like+Gecko)+Chrome/71.0.3578.98+Safari/537.36 https://localhost:44365/lib/bootstrap/dist/css/bootstrap.css 304 0 0 42
2019-01-09 18:40:00 ::1 GET / - 44365 - ::1 Mozilla/5.0+(Windows+NT+10.0;+Win64;+x64)+AppleWebKit/537.36+(KHTML,+like+Gecko)+Chrome/71.0.3578.98+Safari/537.36 - 200 0 0 2470
2019-01-09 18:40:00 ::1 GET /favicon.ico - 44365 - ::1 Mozilla/5.0+(Windows+NT+10.0;+Win64;+x64)+AppleWebKit/537.36+(KHTML,+like+Gecko)+Chrome/71.0.3578.98+Safari/537.36 https://localhost:44365/ 200 0 0 28
2019-01-09 18:40:06 ::1 GET /Customers - 44365 - ::1 Mozilla/5.0+(Windows+NT+10.0;+Win64;+x64)+AppleWebKit/537.36+(KHTML,+like+Gecko)+Chrome/71.0.3578.98+Safari/537.36 https://localhost:44365/ 200 0 0 1965
2019-01-09 18:40:18 ::1 GET /Customers/Create - 44365 - ::1 Mozilla/5.0+(Windows+NT+10.0;+Win64;+x64)+AppleWebKit/537.36+(KHTML,+like+Gecko)+Chrome/71.0.3578.98+Safari/537.36 https://localhost:44365/Customers 200 0 0 240
2019-01-09 18:40:18 ::1 GET /lib/jquery-validation-unobtrusive/jquery.validate.unobtrusive.js - 44365 - ::1 Mozilla/5.0+(Windows+NT+10.0;+Win64;+x64)+AppleWebKit/537.36+(KHTML,+like+Gecko)+Chrome/71.0.3578.98+Safari/537.36 https://localhost:44365/Customers/Create 200 0 0 131
2019-01-09 18:40:18 ::1 GET /lib/jquery-validation/dist/jquery.validate.js - 44365 - ::1 Mozilla/5.0+(Windows+NT+10.0;+Win64;+x64)+AppleWebKit/537.36+(KHTML,+like+Gecko)+Chrome/71.0.3578.98+Safari/537.36 https://localhost:44365/Customers/Create 200 0 0 133
2019-01-09 18:40:29 ::1 POST /Customers/Create - 44365 - ::1 Mozilla/5.0+(Windows+NT+10.0;+Win64;+x64)+AppleWebKit/537.36+(KHTML,+like+Gecko)+Chrome/71.0.3578.98+Safari/537.36 https://localhost:44365/Customers/Create 302 0 0 832
2019-01-09 18:40:29 ::1 GET /Customers - 44365 - ::1 Mozilla/5.0+(Windows+NT+10.0;+Win64;+x64)+AppleWebKit/537.36+(KHTML,+like+Gecko)+Chrome/71.0.3578.98+Safari/537.36 https://localhost:44365/Customers/Create 200 0 0 243
2019-01-09 18:40:35 ::1 GET /Customers/Edit/1 - 44365 - ::1 Mozilla/5.0+(Windows+NT+10.0;+Win64;+x64)+AppleWebKit/537.36+(KHTML,+like+Gecko)+Chrome/71.0.3578.98+Safari/537.36 https://localhost:44365/Customers 200 0 0 479
2019-01-09 18:40:58 ::1 POST /Customers/Edit/1 - 44365 - ::1 Mozilla/5.0+(Windows+NT+10.0;+Win64;+x64)+AppleWebKit/537.36+(KHTML,+like+Gecko)+Chrome/71.0.3578.98+Safari/537.36 https://localhost:44365/Customers/Edit/1 302 0 0 463
2019-01-09 18:40:58 ::1 GET /Customers - 44365 - ::1 Mozilla/5.0+(Windows+NT+10.0;+Win64;+x64)+AppleWebKit/537.36+(KHTML,+like+Gecko)+Chrome/71.0.3578.98+Safari/537.36 https://localhost:44365/Customers/Edit/1 200 0 0 213
2019-01-09 18:41:01 ::1 GET /Customers/Details/1 - 44365 - ::1 Mozilla/5.0+(Windows+NT+10.0;+Win64;+x64)+AppleWebKit/537.36+(KHTML,+like+Gecko)+Chrome/71.0.3578.98+Safari/537.36 https://localhost:44365/Customers 200 0 0 293
2019-01-09 18:42:59 ::1 GET /Customers - 44365 - ::1 Mozilla/5.0+(Windows+NT+10.0;+Win64;+x64)+AppleWebKit/537.36+(KHTML,+like+Gecko)+Chrome/71.0.3578.98+Safari/537.36 https://localhost:44365/Customers/Details/1 200 0 0 269
2019-01-09 18:45:18 ::1 GET /Customers - 44365 - ::1 Mozilla/5.0+(Windows+NT+10.0;+Win64;+x64)+AppleWebKit/537.36+(KHTML,+like+Gecko)+Chrome/71.0.3578.98+Safari/537.36 https://localhost:44365/Customers/Details/1 200 0 0 12420
2019-01-09 18:45:18 ::1 GET /favicon.ico - 44365 - ::1 Mozilla/5.0+(Windows+NT+10.0;+Win64;+x64)+AppleWebKit/537.36+(KHTML,+like+Gecko)+Chrome/71.0.3578.98+Safari/537.36 https://localhost:44365/Customers 200 0 0 34
2019-01-09 18:48:28 ::1 GET /Customers - 44365 - ::1 Mozilla/5.0+(Windows+NT+10.0;+Win64;+x64)+AppleWebKit/537.36+(KHTML,+like+Gecko)+Chrome/71.0.3578.98+Safari/537.36 https://localhost:44365/Customers 502 3 12030 148652
#Software: Microsoft Internet Information Services 10.0
#Version: 1.0
#Date: 2019-01-09 18:53:05
#Fields: date time s-ip cs-method cs-uri-stem cs-uri-query s-port cs-username c-ip cs(User-Agent) cs(Referer) sc-status sc-substatus sc-win32-status time-taken
2019-01-09 18:53:05 ::1 DEBUG / - 52380 - ::1 - - 200 0 64 20023
2019-01-09 18:53:07 ::1 GET / - 44365 - ::1 Mozilla/5.0+(Windows+NT+10.0;+Win64;+x64)+AppleWebKit/537.36+(KHTML,+like+Gecko)+Chrome/71.0.3578.98+Safari/537.36 - 200 0 0 20629
2019-01-09 18:53:29 ::1 GET /lib/jquery/dist/jquery.js - 44365 - ::1 Mozilla/5.0+(Windows+NT+10.0;+Win64;+x64)+AppleWebKit/537.36+(KHTML,+like+Gecko)+Chrome/71.0.3578.98+Safari/537.36 https://localhost:44365/Projects 304 0 0 265
2019-01-09 18:53:29 ::1 GET /css/site.css - 44365 - ::1 Mozilla/5.0+(Windows+NT+10.0;+Win64;+x64)+AppleWebKit/537.36+(KHTML,+like+Gecko)+Chrome/71.0.3578.98+Safari/537.36 https://localhost:44365/Projects 304 0 0 266
2019-01-09 18:53:29 ::1 GET /lib/bootstrap/dist/js/bootstrap.js - 44365 - ::1 Mozilla/5.0+(Windows+NT+10.0;+Win64;+x64)+AppleWebKit/537.36+(KHTML,+like+Gecko)+Chrome/71.0.3578.98+Safari/537.36 https://localhost:44365/Projects 304 0 0 264
2019-01-09 18:53:29 ::1 GET /lib/bootstrap/dist/css/bootstrap.css - 44365 - ::1 Mozilla/5.0+(Windows+NT+10.0;+Win64;+x64)+AppleWebKit/537.36+(KHTML,+like+Gecko)+Chrome/71.0.3578.98+Safari/537.36 https://localhost:44365/Projects 304 0 0 274
2019-01-09 18:53:29 ::1 GET /js/site.js v=4q1jwFhaPaZgr8WAUSrux6hAuh0XDg9kPS3xIVq36I0 44365 - ::1 Mozilla/5.0+(Windows+NT+10.0;+Win64;+x64)+AppleWebKit/537.36+(KHTML,+like+Gecko)+Chrome/71.0.3578.98+Safari/537.36 https://localhost:44365/Projects 304 0 0 521
2019-01-09 18:53:29 ::1 GET /Projects - 44365 - ::1 Mozilla/5.0+(Windows+NT+10.0;+Win64;+x64)+AppleWebKit/537.36+(KHTML,+like+Gecko)+Chrome/71.0.3578.98+Safari/537.36 https://localhost:44365/ 200 0 0 2521
2019-01-09 18:53:37 ::1 GET /Projects/Create - 44365 - ::1 Mozilla/5.0+(Windows+NT+10.0;+Win64;+x64)+AppleWebKit/537.36+(KHTML,+like+Gecko)+Chrome/71.0.3578.98+Safari/537.36 https://localhost:44365/Projects 200 0 0 638
2019-01-09 18:53:54 ::1 POST /Projects/Create - 44365 - ::1 Mozilla/5.0+(Windows+NT+10.0;+Win64;+x64)+AppleWebKit/537.36+(KHTML,+like+Gecko)+Chrome/71.0.3578.98+Safari/537.36 https://localhost:44365/Projects/Create 302 0 0 785
2019-01-09 18:53:54 ::1 GET /Projects - 44365 - ::1 Mozilla/5.0+(Windows+NT+10.0;+Win64;+x64)+AppleWebKit/537.36+(KHTML,+like+Gecko)+Chrome/71.0.3578.98+Safari/537.36 https://localhost:44365/Projects/Create 200 0 0 342
2019-01-09 18:54:04 ::1 GET /Projects/Create - 44365 - ::1 Mozilla/5.0+(Windows+NT+10.0;+Win64;+x64)+AppleWebKit/537.36+(KHTML,+like+Gecko)+Chrome/71.0.3578.98+Safari/537.36 https://localhost:44365/Projects 200 0 0 212
2019-01-09 18:56:04 ::1 GET /lib/bootstrap/dist/fonts/glyphicons-halflings-regular.woff2 - 44365 - ::1 Mozilla/5.0+(Windows+NT+10.0;+Win64;+x64)+AppleWebKit/537.36+(KHTML,+like+Gecko)+Chrome/71.0.3578.98+Safari/537.36 https://localhost:44365/lib/bootstrap/dist/css/bootstrap.css 304 0 0 97
2019-01-09 18:56:23 ::1 GET / - 44365 - ::1 Mozilla/5.0+(Windows+NT+10.0;+Win64;+x64)+AppleWebKit/537.36+(KHTML,+like+Gecko)+Chrome/71.0.3578.98+Safari/537.36 https://localhost:44365/ 200 0 0 80
2019-01-09 18:56:23 ::1 GET /images/banner1.svg - 44365 - ::1 Mozilla/5.0+(Windows+NT+10.0;+Win64;+x64)+AppleWebKit/537.36+(KHTML,+like+Gecko)+Chrome/71.0.3578.98+Safari/537.36 https://localhost:44365/ 304 0 0 98
2019-01-09 18:56:23 ::1 GET /images/banner2.svg - 44365 - ::1 Mozilla/5.0+(Windows+NT+10.0;+Win64;+x64)+AppleWebKit/537.36+(KHTML,+like+Gecko)+Chrome/71.0.3578.98+Safari/537.36 https://localhost:44365/ 304 0 0 197
2019-01-09 18:56:23 ::1 GET /images/banner3.svg - 44365 - ::1 Mozilla/5.0+(Windows+NT+10.0;+Win64;+x64)+AppleWebKit/537.36+(KHTML,+like+Gecko)+Chrome/71.0.3578.98+Safari/537.36 https://localhost:44365/ 304 0 0 234
2019-01-09 18:56:25 ::1 GET /Home/About - 44365 - ::1 Mozilla/5.0+(Windows+NT+10.0;+Win64;+x64)+AppleWebKit/537.36+(KHTML,+like+Gecko)+Chrome/71.0.3578.98+Safari/537.36 https://localhost:44365/ 200 0 0 95
2019-01-09 18:56:25 ::1 GET /Home/Contact - 44365 - ::1 Mozilla/5.0+(Windows+NT+10.0;+Win64;+x64)+AppleWebKit/537.36+(KHTML,+like+Gecko)+Chrome/71.0.3578.98+Safari/537.36 https://localhost:44365/Home/About 200 0 0 84
2019-01-09 18:56:28 ::1 GET /Projects - 44365 - ::1 Mozilla/5.0+(Windows+NT+10.0;+Win64;+x64)+AppleWebKit/537.36+(KHTML,+like+Gecko)+Chrome/71.0.3578.98+Safari/537.36 https://localhost:44365/Home/Contact 200 0 0 257
2019-01-09 18:56:28 ::1 GET /Projects - 44365 - ::1 Mozilla/5.0+(Windows+NT+10.0;+Win64;+x64)+AppleWebKit/537.36+(KHTML,+like+Gecko)+Chrome/71.0.3578.98+Safari/537.36 https://localhost:44365/Home/Contact 200 0 0 344
2019-01-09 19:03:56 ::1 DEBUG / - 52380 - ::1 - - 200 0 64 7495
2019-01-09 19:03:56 ::1 GET / - 44365 - ::1 Mozilla/5.0+(Windows+NT+10.0;+Win64;+x64)+AppleWebKit/537.36+(KHTML,+like+Gecko)+Chrome/71.0.3578.98+Safari/537.36 - 200 0 0 5005
2019-01-09 19:04:48 ::1 DEBUG / - 52380 - ::1 - - 200 0 64 7075
2019-01-09 19:04:49 ::1 GET / - 44365 - ::1 Mozilla/5.0+(Windows+NT+10.0;+Win64;+x64)+AppleWebKit/537.36+(KHTML,+like+Gecko)+Chrome/71.0.3578.98+Safari/537.36 - 200 0 0 5496
2019-01-09 19:06:23 ::1 GET / - 44365 - ::1 Mozilla/5.0+(Windows+NT+10.0;+Win64;+x64)+AppleWebKit/537.36+(KHTML,+like+Gecko)+Chrome/71.0.3578.98+Safari/537.36 - 400 0 64 65265
2019-01-09 19:06:54 ::1 DEBUG / - 52380 - ::1 - - 200 0 64 7741
2019-01-09 19:06:54 ::1 GET / - 44365 - ::1 Mozilla/5.0+(Windows+NT+10.0;+Win64;+x64)+AppleWebKit/537.36+(KHTML,+like+Gecko)+Chrome/71.0.3578.98+Safari/537.36 - 200 0 0 5528
2019-01-09 19:06:55 ::1 GET /favicon.ico - 44365 - ::1 Mozilla/5.0+(Windows+NT+10.0;+Win64;+x64)+AppleWebKit/537.36+(KHTML,+like+Gecko)+Chrome/71.0.3578.98+Safari/537.36 https://localhost:44365/ 304 0 0 38
2019-01-09 19:12:00 ::1 GET /Customers - 44365 - ::1 Mozilla/5.0+(Windows+NT+10.0;+Win64;+x64)+AppleWebKit/537.36+(KHTML,+like+Gecko)+Chrome/71.0.3578.98+Safari/537.36 https://localhost:44365/ 400 0 64 4469
2019-01-09 19:12:13 ::1 DEBUG / - 52380 - ::1 - - 200 0 64 7539
2019-01-09 19:12:13 ::1 GET / - 44365 - ::1 Mozilla/5.0+(Windows+NT+10.0;+Win64;+x64)+AppleWebKit/537.36+(KHTML,+like+Gecko)+Chrome/71.0.3578.98+Safari/537.36 - 200 0 0 5550
2019-01-09 19:12:40 ::1 GET /Customers - 44365 - ::1 Mozilla/5.0+(Windows+NT+10.0;+Win64;+x64)+AppleWebKit/537.36+(KHTML,+like+Gecko)+Chrome/71.0.3578.98+Safari/537.36 https://localhost:44365/ 200 0 0 24668
2019-01-09 19:12:58 ::1 GET /Customers - 44365 - ::1 Mozilla/5.0+(Windows+NT+10.0;+Win64;+x64)+AppleWebKit/537.36+(KHTML,+like+Gecko)+Chrome/71.0.3578.98+Safari/537.36 https://localhost:44365/Customers 200 0 0 245
2019-01-09 19:20:17 ::1 DEBUG / - 52380 - ::1 - - 200 0 64 7422
2019-01-09 19:20:18 ::1 GET / - 44365 - ::1 Mozilla/5.0+(Windows+NT+10.0;+Win64;+x64)+AppleWebKit/537.36+(KHTML,+like+Gecko)+Chrome/71.0.3578.98+Safari/537.36 - 200 0 0 5911
2019-01-09 19:20:18 ::1 GET /css/site.css - 44365 - ::1 Mozilla/5.0+(Windows+NT+10.0;+Win64;+x64)+AppleWebKit/537.36+(KHTML,+like+Gecko)+Chrome/71.0.3578.98+Safari/537.36 https://localhost:44365/ 304 0 0 196
2019-01-09 19:20:18 ::1 GET /js/site.js v=4q1jwFhaPaZgr8WAUSrux6hAuh0XDg9kPS3xIVq36I0 44365 - ::1 Mozilla/5.0+(Windows+NT+10.0;+Win64;+x64)+AppleWebKit/537.36+(KHTML,+like+Gecko)+Chrome/71.0.3578.98+Safari/537.36 https://localhost:44365/ 304 0 0 194
2019-01-09 19:20:18 ::1 GET /lib/jquery/dist/jquery.js - 44365 - ::1 Mozilla/5.0+(Windows+NT+10.0;+Win64;+x64)+AppleWebKit/537.36+(KHTML,+like+Gecko)+Chrome/71.0.3578.98+Safari/537.36 https://localhost:44365/ 304 0 0 195
2019-01-09 19:20:18 ::1 GET /lib/bootstrap/dist/css/bootstrap.css - 44365 - ::1 Mozilla/5.0+(Windows+NT+10.0;+Win64;+x64)+AppleWebKit/537.36+(KHTML,+like+Gecko)+Chrome/71.0.3578.98+Safari/537.36 https://localhost:44365/ 304 0 0 222
2019-01-09 19:20:18 ::1 GET /images/banner2.svg - 44365 - ::1 Mozilla/5.0+(Windows+NT+10.0;+Win64;+x64)+AppleWebKit/537.36+(KHTML,+like+Gecko)+Chrome/71.0.3578.98+Safari/537.36 https://localhost:44365/ 304 0 0 239
2019-01-09 19:20:18 ::1 GET /lib/bootstrap/dist/js/bootstrap.js - 44365 - ::1 Mozilla/5.0+(Windows+NT+10.0;+Win64;+x64)+AppleWebKit/537.36+(KHTML,+like+Gecko)+Chrome/71.0.3578.98+Safari/537.36 https://localhost:44365/ 304 0 0 249
2019-01-09 19:20:18 ::1 GET /images/banner3.svg - 44365 - ::1 Mozilla/5.0+(Windows+NT+10.0;+Win64;+x64)+AppleWebKit/537.36+(KHTML,+like+Gecko)+Chrome/71.0.3578.98+Safari/537.36 https://localhost:44365/ 304 0 0 249
2019-01-09 19:20:18 ::1 GET /images/banner1.svg - 44365 - ::1 Mozilla/5.0+(Windows+NT+10.0;+Win64;+x64)+AppleWebKit/537.36+(KHTML,+like+Gecko)+Chrome/71.0.3578.98+Safari/537.36 https://localhost:44365/ 304 0 0 306
2019-01-09 19:20:18 ::1 GET /lib/bootstrap/dist/fonts/glyphicons-halflings-regular.woff2 - 44365 - ::1 Mozilla/5.0+(Windows+NT+10.0;+Win64;+x64)+AppleWebKit/537.36+(KHTML,+like+Gecko)+Chrome/71.0.3578.98+Safari/537.36 https://localhost:44365/lib/bootstrap/dist/css/bootstrap.css 304 0 0 130
#Software: Microsoft Internet Information Services 10.0
#Version: 1.0
#Date: 2019-01-09 19:25:33
#Fields: date time s-ip cs-method cs-uri-stem cs-uri-query s-port cs-username c-ip cs(User-Agent) cs(Referer) sc-status sc-substatus sc-win32-status time-taken
2019-01-09 19:25:33 ::1 DEBUG / - 52380 - ::1 - - 200 0 64 7978
2019-01-09 19:25:34 ::1 GET / - 44365 - ::1 Mozilla/5.0+(Windows+NT+10.0;+Win64;+x64)+AppleWebKit/537.36+(KHTML,+like+Gecko)+Chrome/71.0.3578.98+Safari/537.36 - 200 0 0 5531
2019-01-09 19:25:38 ::1 GET /Customers - 44365 - ::1 Mozilla/5.0+(Windows+NT+10.0;+Win64;+x64)+AppleWebKit/537.36+(KHTML,+like+Gecko)+Chrome/71.0.3578.98+Safari/537.36 https://localhost:44365/ 200 0 0 1902
2019-01-09 19:25:39 ::1 GET /Projects - 44365 - ::1 Mozilla/5.0+(Windows+NT+10.0;+Win64;+x64)+AppleWebKit/537.36+(KHTML,+like+Gecko)+Chrome/71.0.3578.98+Safari/537.36 https://localhost:44365/Customers 200 0 0 546
2019-01-09 19:25:44 ::1 GET /Projects/Create - 44365 - ::1 Mozilla/5.0+(Windows+NT+10.0;+Win64;+x64)+AppleWebKit/537.36+(KHTML,+like+Gecko)+Chrome/71.0.3578.98+Safari/537.36 https://localhost:44365/Projects 200 0 0 539
2019-01-09 19:25:44 ::1 GET /lib/jquery-validation/dist/jquery.validate.js - 44365 - ::1 Mozilla/5.0+(Windows+NT+10.0;+Win64;+x64)+AppleWebKit/537.36+(KHTML,+like+Gecko)+Chrome/71.0.3578.98+Safari/537.36 https://localhost:44365/Projects/Create 304 0 0 65
2019-01-09 19:25:44 ::1 GET /lib/jquery-validation-unobtrusive/jquery.validate.unobtrusive.js - 44365 - ::1 Mozilla/5.0+(Windows+NT+10.0;+Win64;+x64)+AppleWebKit/537.36+(KHTML,+like+Gecko)+Chrome/71.0.3578.98+Safari/537.36 https://localhost:44365/Projects/Create 304 0 0 86
#Software: Microsoft Internet Information Services 10.0
#Version: 1.0
#Date: 2019-01-09 19:30:36
#Fields: date time s-ip cs-method cs-uri-stem cs-uri-query s-port cs-username c-ip cs(User-Agent) cs(Referer) sc-status sc-substatus sc-win32-status time-taken
2019-01-09 19:30:36 ::1 DEBUG / - 52380 - ::1 - - 200 0 64 8272
2019-01-09 19:30:37 ::1 GET / - 44365 - ::1 Mozilla/5.0+(Windows+NT+10.0;+Win64;+x64)+AppleWebKit/537.36+(KHTML,+like+Gecko)+Chrome/71.0.3578.98+Safari/537.36 - 200 0 0 6347
2019-01-09 19:30:41 ::1 GET /Projects - 44365 - ::1 Mozilla/5.0+(Windows+NT+10.0;+Win64;+x64)+AppleWebKit/537.36+(KHTML,+like+Gecko)+Chrome/71.0.3578.98+Safari/537.36 https://localhost:44365/ 200 0 0 1844
2019-01-09 19:30:43 ::1 GET /Projects/Create - 44365 - ::1 Mozilla/5.0+(Windows+NT+10.0;+Win64;+x64)+AppleWebKit/537.36+(KHTML,+like+Gecko)+Chrome/71.0.3578.98+Safari/537.36 https://localhost:44365/Projects 200 0 0 517
2019-01-09 19:31:05 ::1 POST /Projects/Create - 44365 - ::1 Mozilla/5.0+(Windows+NT+10.0;+Win64;+x64)+AppleWebKit/537.36+(KHTML,+like+Gecko)+Chrome/71.0.3578.98+Safari/537.36 https://localhost:44365/Projects/Create 302 0 0 557
2019-01-09 19:31:05 ::1 GET /Projects - 44365 - ::1 Mozilla/5.0+(Windows+NT+10.0;+Win64;+x64)+AppleWebKit/537.36+(KHTML,+like+Gecko)+Chrome/71.0.3578.98+Safari/537.36 https://localhost:44365/Projects/Create 200 0 0 208
2019-01-09 19:32:59 ::1 GET /Projects - 44365 - ::1 Mozilla/5.0+(Windows+NT+10.0;+Win64;+x64)+AppleWebKit/537.36+(KHTML,+like+Gecko)+Chrome/71.0.3578.98+Safari/537.36 https://localhost:44365/Projects/Create 200 0 0 2733
2019-01-09 19:32:59 ::1 GET /favicon.ico - 44365 - ::1 Mozilla/5.0+(Windows+NT+10.0;+Win64;+x64)+AppleWebKit/537.36+(KHTML,+like+Gecko)+Chrome/71.0.3578.98+Safari/537.36 https://localhost:44365/Projects 200 0 0 30
2019-01-09 19:36:07 ::1 GET /Projects/Create - 44365 - ::1 Mozilla/5.0+(Windows+NT+10.0;+Win64;+x64)+AppleWebKit/537.36+(KHTML,+like+Gecko)+Chrome/71.0.3578.98+Safari/537.36 https://localhost:44365/Projects 200 0 0 229
2019-01-09 19:36:18 ::1 GET /Projects - 44365 - ::1 Mozilla/5.0+(Windows+NT+10.0;+Win64;+x64)+AppleWebKit/537.36+(KHTML,+like+Gecko)+Chrome/71.0.3578.98+Safari/537.36 https://localhost:44365/ 200 0 0 205
#Software: Microsoft Internet Information Services 10.0
#Version: 1.0
#Date: 2019-01-09 19:37:29
#Fields: date time s-ip cs-method cs-uri-stem cs-uri-query s-port cs-username c-ip cs(User-Agent) cs(Referer) sc-status sc-substatus sc-win32-status time-taken
2019-01-09 19:37:29 ::1 DEBUG / - 52380 - ::1 - - 200 0 64 8598
2019-01-09 19:37:30 ::1 GET / - 44365 - ::1 Mozilla/5.0+(Windows+NT+10.0;+Win64;+x64)+AppleWebKit/537.36+(KHTML,+like+Gecko)+Chrome/71.0.3578.98+Safari/537.36 - 200 0 0 5905
2019-01-09 19:37:33 ::1 GET /Projects - 44365 - ::1 Mozilla/5.0+(Windows+NT+10.0;+Win64;+x64)+AppleWebKit/537.36+(KHTML,+like+Gecko)+Chrome/71.0.3578.98+Safari/537.36 https://localhost:44365/ 200 0 0 1807
2019-01-09 19:37:40 ::1 GET /Projects/Create - 44365 - ::1 Mozilla/5.0+(Windows+NT+10.0;+Win64;+x64)+AppleWebKit/537.36+(KHTML,+like+Gecko)+Chrome/71.0.3578.98+Safari/537.36 https://localhost:44365/Projects 200 0 0 572
#Software: Microsoft Internet Information Services 10.0
#Version: 1.0
#Date: 2019-01-09 19:38:08
#Fields: date time s-ip cs-method cs-uri-stem cs-uri-query s-port cs-username c-ip cs(User-Agent) cs(Referer) sc-status sc-substatus sc-win32-status time-taken
2019-01-09 19:38:08 ::1 DEBUG / - 52380 - ::1 - - 200 0 64 8334
2019-01-09 19:38:08 ::1 GET / - 44365 - ::1 Mozilla/5.0+(Windows+NT+10.0;+Win64;+x64)+AppleWebKit/537.36+(KHTML,+like+Gecko)+Chrome/71.0.3578.98+Safari/537.36 - 200 0 0 5387
2019-01-09 19:42:50 ::1 GET /Projects - 44365 - ::1 Mozilla/5.0+(Windows+NT+10.0;+Win64;+x64)+AppleWebKit/537.36+(KHTML,+like+Gecko)+Chrome/71.0.3578.98+Safari/537.36 https://localhost:44365/ 200 0 0 1732
2019-01-09 19:44:41 ::1 GET / - 44365 - ::1 Mozilla/5.0+(Windows+NT+10.0;+Win64;+x64)+AppleWebKit/537.36+(KHTML,+like+Gecko)+Chrome/71.0.3578.98+Safari/537.36 https://localhost:44365/Projects 200 0 0 73
2019-01-09 19:44:41 ::1 GET /images/banner3.svg - 44365 - ::1 Mozilla/5.0+(Windows+NT+10.0;+Win64;+x64)+AppleWebKit/537.36+(KHTML,+like+Gecko)+Chrome/71.0.3578.98+Safari/537.36 https://localhost:44365/ 304 0 0 131
2019-01-09 19:44:41 ::1 GET /images/banner1.svg - 44365 - ::1 Mozilla/5.0+(Windows+NT+10.0;+Win64;+x64)+AppleWebKit/537.36+(KHTML,+like+Gecko)+Chrome/71.0.3578.98+Safari/537.36 https://localhost:44365/ 304 0 0 131
2019-01-09 19:44:41 ::1 GET /css/site.css - 44365 - ::1 Mozilla/5.0+(Windows+NT+10.0;+Win64;+x64)+AppleWebKit/537.36+(KHTML,+like+Gecko)+Chrome/71.0.3578.98+Safari/537.36 https://localhost:44365/ 304 0 0 156
2019-01-09 19:44:41 ::1 GET /lib/bootstrap/dist/css/bootstrap.css - 44365 - ::1 Mozilla/5.0+(Windows+NT+10.0;+Win64;+x64)+AppleWebKit/537.36+(KHTML,+like+Gecko)+Chrome/71.0.3578.98+Safari/537.36 https://localhost:44365/ 304 0 0 166
2019-01-09 19:44:41 ::1 GET /lib/bootstrap/dist/js/bootstrap.js - 44365 - ::1 Mozilla/5.0+(Windows+NT+10.0;+Win64;+x64)+AppleWebKit/537.36+(KHTML,+like+Gecko)+Chrome/71.0.3578.98+Safari/537.36 https://localhost:44365/ 304 0 0 166
2019-01-09 19:44:41 ::1 GET /lib/jquery/dist/jquery.js - 44365 - ::1 Mozilla/5.0+(Windows+NT+10.0;+Win64;+x64)+AppleWebKit/537.36+(KHTML,+like+Gecko)+Chrome/71.0.3578.98+Safari/537.36 https://localhost:44365/ 304 0 0 166
2019-01-09 19:44:41 ::1 GET /js/site.js v=4q1jwFhaPaZgr8WAUSrux6hAuh0XDg9kPS3xIVq36I0 44365 - ::1 Mozilla/5.0+(Windows+NT+10.0;+Win64;+x64)+AppleWebKit/537.36+(KHTML,+like+Gecko)+Chrome/71.0.3578.98+Safari/537.36 https://localhost:44365/ 304 0 0 166
2019-01-09 19:44:41 ::1 GET /images/banner2.svg - 44365 - ::1 Mozilla/5.0+(Windows+NT+10.0;+Win64;+x64)+AppleWebKit/537.36+(KHTML,+like+Gecko)+Chrome/71.0.3578.98+Safari/537.36 https://localhost:44365/ 304 0 0 173
2019-01-09 19:44:41 ::1 GET /lib/bootstrap/dist/fonts/glyphicons-halflings-regular.woff2 - 44365 - ::1 Mozilla/5.0+(Windows+NT+10.0;+Win64;+x64)+AppleWebKit/537.36+(KHTML,+like+Gecko)+Chrome/71.0.3578.98+Safari/537.36 https://localhost:44365/lib/bootstrap/dist/css/bootstrap.css 304 0 0 55
#Software: Microsoft Internet Information Services 10.0
#Version: 1.0
#Date: 2019-01-09 19:45:36
#Fields: date time s-ip cs-method cs-uri-stem cs-uri-query s-port cs-username c-ip cs(User-Agent) cs(Referer) sc-status sc-substatus sc-win32-status time-taken
2019-01-09 19:45:36 ::1 DEBUG / - 52380 - ::1 - - 200 0 64 8272
2019-01-09 19:45:36 ::1 GET / - 44365 - ::1 Mozilla/5.0+(Windows+NT+10.0;+Win64;+x64)+AppleWebKit/537.36+(KHTML,+like+Gecko)+Chrome/71.0.3578.98+Safari/537.36 - 200 0 0 6075
#Software: Microsoft Internet Information Services 10.0
#Version: 1.0
#Date: 2019-01-09 19:54:48
#Fields: date time s-ip cs-method cs-uri-stem cs-uri-query s-port cs-username c-ip cs(User-Agent) cs(Referer) sc-status sc-substatus sc-win32-status time-taken
2019-01-09 19:54:48 ::1 DEBUG / - 52380 - ::1 - - 200 0 64 8067
2019-01-09 19:54:49 ::1 GET / - 44365 - ::1 Mozilla/5.0+(Windows+NT+10.0;+Win64;+x64)+AppleWebKit/537.36+(KHTML,+like+Gecko)+Chrome/71.0.3578.98+Safari/537.36 - 200 0 0 6059
#Software: Microsoft Internet Information Services 10.0
#Version: 1.0
#Date: 2019-01-09 20:04:14
#Fields: date time s-ip cs-method cs-uri-stem cs-uri-query s-port cs-username c-ip cs(User-Agent) cs(Referer) sc-status sc-substatus sc-win32-status time-taken
2019-01-09 20:04:14 ::1 DEBUG / - 52380 - ::1 - - 200 0 64 8741
2019-01-09 20:04:14 ::1 GET / - 44365 - ::1 Mozilla/5.0+(Windows+NT+10.0;+Win64;+x64)+AppleWebKit/537.36+(KHTML,+like+Gecko)+Chrome/71.0.3578.98+Safari/537.36 - 200 0 0 5862
2019-01-09 20:05:11 ::1 GET / - 44365 - ::1 Mozilla/5.0+(Windows+NT+10.0;+Win64;+x64)+AppleWebKit/537.36+(KHTML,+like+Gecko)+Chrome/71.0.3578.98+Safari/537.36 https://localhost:44365/ 200 0 0 87
2019-01-09 20:05:15 ::1 GET /Customers - 44365 - ::1 Mozilla/5.0+(Windows+NT+10.0;+Win64;+x64)+AppleWebKit/537.36+(KHTML,+like+Gecko)+Chrome/71.0.3578.98+Safari/537.36 https://localhost:44365/ 200 0 0 1670
#Software: Microsoft Internet Information Services 10.0
#Version: 1.0
#Date: 2019-01-09 20:29:07
#Fields: date time s-ip cs-method cs-uri-stem cs-uri-query s-port cs-username c-ip cs(User-Agent) cs(Referer) sc-status sc-substatus sc-win32-status time-taken
2019-01-09 20:29:07 ::1 DEBUG / - 52380 - ::1 - - 200 0 64 8620
2019-01-09 20:29:07 ::1 GET / - 44365 - ::1 Mozilla/5.0+(Windows+NT+10.0;+Win64;+x64)+AppleWebKit/537.36+(KHTML,+like+Gecko)+Chrome/71.0.3578.98+Safari/537.36 - 200 0 0 5757
2019-01-09 20:29:07 ::1 GET /lib/jquery/dist/jquery.js - 44365 - ::1 Mozilla/5.0+(Windows+NT+10.0;+Win64;+x64)+AppleWebKit/537.36+(KHTML,+like+Gecko)+Chrome/71.0.3578.98+Safari/537.36 https://localhost:44365/ 304 0 0 95
2019-01-09 20:29:07 ::1 GET /css/site.css - 44365 - ::1 Mozilla/5.0+(Windows+NT+10.0;+Win64;+x64)+AppleWebKit/537.36+(KHTML,+like+Gecko)+Chrome/71.0.3578.98+Safari/537.36 https://localhost:44365/ 304 0 0 103
2019-01-09 20:29:07 ::1 GET /lib/bootstrap/dist/css/bootstrap.css - 44365 - ::1 Mozilla/5.0+(Windows+NT+10.0;+Win64;+x64)+AppleWebKit/537.36+(KHTML,+like+Gecko)+Chrome/71.0.3578.98+Safari/537.36 https://localhost:44365/ 304 0 0 117
2019-01-09 20:29:08 ::1 GET /images/banner2.svg - 44365 - ::1 Mozilla/5.0+(Windows+NT+10.0;+Win64;+x64)+AppleWebKit/537.36+(KHTML,+like+Gecko)+Chrome/71.0.3578.98+Safari/537.36 https://localhost:44365/ 304 0 0 121
2019-01-09 20:29:08 ::1 GET /images/banner1.svg - 44365 - ::1 Mozilla/5.0+(Windows+NT+10.0;+Win64;+x64)+AppleWebKit/537.36+(KHTML,+like+Gecko)+Chrome/71.0.3578.98+Safari/537.36 https://localhost:44365/ 304 0 0 124
2019-01-09 20:29:08 ::1 GET /lib/bootstrap/dist/js/bootstrap.js - 44365 - ::1 Mozilla/5.0+(Windows+NT+10.0;+Win64;+x64)+AppleWebKit/537.36+(KHTML,+like+Gecko)+Chrome/71.0.3578.98+Safari/537.36 https://localhost:44365/ 304 0 0 132
2019-01-09 20:29:08 ::1 GET /images/banner3.svg - 44365 - ::1 Mozilla/5.0+(Windows+NT+10.0;+Win64;+x64)+AppleWebKit/537.36+(KHTML,+like+Gecko)+Chrome/71.0.3578.98+Safari/537.36 https://localhost:44365/ 304 0 0 141
2019-01-09 20:29:08 ::1 GET /js/site.js v=4q1jwFhaPaZgr8WAUSrux6hAuh0XDg9kPS3xIVq36I0 44365 - ::1 Mozilla/5.0+(Windows+NT+10.0;+Win64;+x64)+AppleWebKit/537.36+(KHTML,+like+Gecko)+Chrome/71.0.3578.98+Safari/537.36 https://localhost:44365/ 304 0 0 175
2019-01-09 20:29:08 ::1 GET /lib/bootstrap/dist/fonts/glyphicons-halflings-regular.woff2 - 44365 - ::1 Mozilla/5.0+(Windows+NT+10.0;+Win64;+x64)+AppleWebKit/537.36+(KHTML,+like+Gecko)+Chrome/71.0.3578.98+Safari/537.36 https://localhost:44365/lib/bootstrap/dist/css/bootstrap.css 304 0 0 28
2019-01-09 20:29:20 ::1 GET /Projects - 44365 - ::1 Mozilla/5.0+(Windows+NT+10.0;+Win64;+x64)+AppleWebKit/537.36+(KHTML,+like+Gecko)+Chrome/71.0.3578.98+Safari/537.36 https://localhost:44365/ 200 0 0 1907
2019-01-09 20:29:21 ::1 GET /Projects/Create - 44365 - ::1 Mozilla/5.0+(Windows+NT+10.0;+Win64;+x64)+AppleWebKit/537.36+(KHTML,+like+Gecko)+Chrome/71.0.3578.98+Safari/537.36 https://localhost:44365/Projects 200 0 0 425
2019-01-09 20:29:21 ::1 GET /lib/jquery-validation-unobtrusive/jquery.validate.unobtrusive.js - 44365 - ::1 Mozilla/5.0+(Windows+NT+10.0;+Win64;+x64)+AppleWebKit/537.36+(KHTML,+like+Gecko)+Chrome/71.0.3578.98+Safari/537.36 https://localhost:44365/Projects/Create 304 0 0 29
2019-01-09 20:29:21 ::1 GET /lib/jquery-validation/dist/jquery.validate.js - 44365 - ::1 Mozilla/5.0+(Windows+NT+10.0;+Win64;+x64)+AppleWebKit/537.36+(KHTML,+like+Gecko)+Chrome/71.0.3578.98+Safari/537.36 https://localhost:44365/Projects/Create 304 0 0 41
2019-01-09 20:29:24 ::1 GET /Customers - 44365 - ::1 Mozilla/5.0+(Windows+NT+10.0;+Win64;+x64)+AppleWebKit/537.36+(KHTML,+like+Gecko)+Chrome/71.0.3578.98+Safari/537.36 https://localhost:44365/Projects/Create 200 0 0 242
2019-01-09 20:29:26 ::1 GET /Customers/Create - 44365 - ::1 Mozilla/5.0+(Windows+NT+10.0;+Win64;+x64)+AppleWebKit/537.36+(KHTML,+like+Gecko)+Chrome/71.0.3578.98+Safari/537.36 https://localhost:44365/Customers 200 0 0 98
2019-01-09 20:29:31 ::1 GET /Customers - 44365 - ::1 Mozilla/5.0+(Windows+NT+10.0;+Win64;+x64)+AppleWebKit/537.36+(KHTML,+like+Gecko)+Chrome/71.0.3578.98+Safari/537.36 https://localhost:44365/Customers/Create 200 0 0 194
2019-01-09 20:29:40 ::1 GET /Projects - 44365 - ::1 Mozilla/5.0+(Windows+NT+10.0;+Win64;+x64)+AppleWebKit/537.36+(KHTML,+like+Gecko)+Chrome/71.0.3578.98+Safari/537.36 https://localhost:44365/Customers 200 0 0 189
2019-01-09 20:29:42 ::1 GET /Projects/Create - 44365 - ::1 Mozilla/5.0+(Windows+NT+10.0;+Win64;+x64)+AppleWebKit/537.36+(KHTML,+like+Gecko)+Chrome/71.0.3578.98+Safari/537.36 https://localhost:44365/Projects 200 0 0 213
#Software: Microsoft Internet Information Services 10.0
#Version: 1.0
#Date: 2019-01-09 20:33:23
#Fields: date time s-ip cs-method cs-uri-stem cs-uri-query s-port cs-username c-ip cs(User-Agent) cs(Referer) sc-status sc-substatus sc-win32-status time-taken
2019-01-09 20:33:23 ::1 DEBUG / - 52380 - ::1 - - 200 0 64 8783
2019-01-09 20:33:24 ::1 GET / - 44365 - ::1 Mozilla/5.0+(Windows+NT+10.0;+Win64;+x64)+AppleWebKit/537.36+(KHTML,+like+Gecko)+Chrome/71.0.3578.98+Safari/537.36 - 200 0 0 6728
2019-01-09 20:33:31 ::1 GET / - 44365 - ::1 Mozilla/5.0+(Windows+NT+10.0;+Win64;+x64)+AppleWebKit/537.36+(KHTML,+like+Gecko)+Chrome/71.0.3578.98+Safari/537.36 https://localhost:44365/ 200 0 0 139
2019-01-09 20:33:32 ::1 GET /Home/About - 44365 - ::1 Mozilla/5.0+(Windows+NT+10.0;+Win64;+x64)+AppleWebKit/537.36+(KHTML,+like+Gecko)+Chrome/71.0.3578.98+Safari/537.36 https://localhost:44365/ 200 0 0 71
2019-01-09 20:33:34 ::1 GET /Home/Contact - 44365 - ::1 Mozilla/5.0+(Windows+NT+10.0;+Win64;+x64)+AppleWebKit/537.36+(KHTML,+like+Gecko)+Chrome/71.0.3578.98+Safari/537.36 https://localhost:44365/Home/About 200 0 0 51
2019-01-09 20:33:37 ::1 GET /Customers - 44365 - ::1 Mozilla/5.0+(Windows+NT+10.0;+Win64;+x64)+AppleWebKit/537.36+(KHTML,+like+Gecko)+Chrome/71.0.3578.98+Safari/537.36 https://localhost:44365/Home/Contact 200 0 0 1949
2019-01-09 20:33:38 ::1 GET /Projects - 44365 - ::1 Mozilla/5.0+(Windows+NT+10.0;+Win64;+x64)+AppleWebKit/537.36+(KHTML,+like+Gecko)+Chrome/71.0.3578.98+Safari/537.36 https://localhost:44365/Customers 200 0 0 417
2019-01-09 20:33:40 ::1 GET / - 44365 - ::1 Mozilla/5.0+(Windows+NT+10.0;+Win64;+x64)+AppleWebKit/537.36+(KHTML,+like+Gecko)+Chrome/71.0.3578.98+Safari/537.36 https://localhost:44365/Projects 200 0 0 56
#Software: Microsoft Internet Information Services 10.0
#Version: 1.0
#Date: 2019-01-09 20:35:05
#Fields: date time s-ip cs-method cs-uri-stem cs-uri-query s-port cs-username c-ip cs(User-Agent) cs(Referer) sc-status sc-substatus sc-win32-status time-taken
2019-01-09 20:35:05 ::1 DEBUG / - 52380 - ::1 - - 200 0 64 7903
2019-01-09 20:35:05 ::1 GET / - 44365 - ::1 Mozilla/5.0+(Windows+NT+10.0;+Win64;+x64)+AppleWebKit/537.36+(KHTML,+like+Gecko)+Chrome/71.0.3578.98+Safari/537.36 - 200 0 0 5601
2019-01-09 20:35:10 ::1 GET /EmployeeTimes - 44365 - ::1 Mozilla/5.0+(Windows+NT+10.0;+Win64;+x64)+AppleWebKit/537.36+(KHTML,+like+Gecko)+Chrome/71.0.3578.98+Safari/537.36 https://localhost:44365/ 200 0 0 2011
2019-01-09 20:35:15 ::1 GET /EmployeeTimes/Create - 44365 - ::1 Mozilla/5.0+(Windows+NT+10.0;+Win64;+x64)+AppleWebKit/537.36+(KHTML,+like+Gecko)+Chrome/71.0.3578.98+Safari/537.36 https://localhost:44365/EmployeeTimes 500 0 0 1737
2019-01-09 20:36:43 ::1 GET /Customers - 44365 - ::1 Mozilla/5.0+(Windows+NT+10.0;+Win64;+x64)+AppleWebKit/537.36+(KHTML,+like+Gecko)+Chrome/71.0.3578.98+Safari/537.36 https://localhost:44365/EmployeeTimes 200 0 0 297
2019-01-09 20:36:44 ::1 GET /EmployeeTimes - 44365 - ::1 Mozilla/5.0+(Windows+NT+10.0;+Win64;+x64)+AppleWebKit/537.36+(KHTML,+like+Gecko)+Chrome/71.0.3578.98+Safari/537.36 https://localhost:44365/Customers 200 0 0 211
#Software: Microsoft Internet Information Services 10.0
#Version: 1.0
#Date: 2019-01-09 20:39:14
#Fields: date time s-ip cs-method cs-uri-stem cs-uri-query s-port cs-username c-ip cs(User-Agent) cs(Referer) sc-status sc-substatus sc-win32-status time-taken
2019-01-09 20:39:14 ::1 DEBUG / - 52380 - ::1 - - 200 0 64 7989
2019-01-09 20:39:14 ::1 GET / - 44365 - ::1 Mozilla/5.0+(Windows+NT+10.0;+Win64;+x64)+AppleWebKit/537.36+(KHTML,+like+Gecko)+Chrome/71.0.3578.98+Safari/537.36 - 200 0 0 5710
2019-01-09 20:39:20 ::1 GET /EmployeeTimes - 44365 - ::1 Mozilla/5.0+(Windows+NT+10.0;+Win64;+x64)+AppleWebKit/537.36+(KHTML,+like+Gecko)+Chrome/71.0.3578.98+Safari/537.36 https://localhost:44365/ 400 0 64 2119
2019-01-09 20:39:20 ::1 GET /EmployeeTimes - 44365 - ::1 Mozilla/5.0+(Windows+NT+10.0;+Win64;+x64)+AppleWebKit/537.36+(KHTML,+like+Gecko)+Chrome/71.0.3578.98+Safari/537.36 https://localhost:44365/ 200 0 0 662
2019-01-09 20:39:29 ::1 GET /Projects - 44365 - ::1 Mozilla/5.0+(Windows+NT+10.0;+Win64;+x64)+AppleWebKit/537.36+(KHTML,+like+Gecko)+Chrome/71.0.3578.98+Safari/537.36 https://localhost:44365/EmployeeTimes 200 0 0 386
2019-01-09 20:39:32 ::1 GET /EmployeeTimes - 44365 - ::1 Mozilla/5.0+(Windows+NT+10.0;+Win64;+x64)+AppleWebKit/537.36+(KHTML,+like+Gecko)+Chrome/71.0.3578.98+Safari/537.36 https://localhost:44365/Projects 200 0 0 193
2019-01-09 20:39:33 ::1 GET /EmployeeTimes/Create - 44365 - ::1 Mozilla/5.0+(Windows+NT+10.0;+Win64;+x64)+AppleWebKit/537.36+(KHTML,+like+Gecko)+Chrome/71.0.3578.98+Safari/537.36 https://localhost:44365/EmployeeTimes 200 0 0 835
#Software: Microsoft Internet Information Services 10.0
#Version: 1.0
#Date: 2019-01-09 20:40:57
#Fields: date time s-ip cs-method cs-uri-stem cs-uri-query s-port cs-username c-ip cs(User-Agent) cs(Referer) sc-status sc-substatus sc-win32-status time-taken
2019-01-09 20:40:57 ::1 DEBUG / - 52380 - ::1 - - 200 0 64 8570
2019-01-09 20:40:57 ::1 GET / - 44365 - ::1 Mozilla/5.0+(Windows+NT+10.0;+Win64;+x64)+AppleWebKit/537.36+(KHTML,+like+Gecko)+Chrome/71.0.3578.98+Safari/537.36 - 200 0 0 5840
2019-01-09 20:41:01 ::1 GET /EmployeeTimes - 44365 - ::1 Mozilla/5.0+(Windows+NT+10.0;+Win64;+x64)+AppleWebKit/537.36+(KHTML,+like+Gecko)+Chrome/71.0.3578.98+Safari/537.36 https://localhost:44365/ 200 0 0 1883
2019-01-09 20:41:04 ::1 GET /EmployeeTimes/Create - 44365 - ::1 Mozilla/5.0+(Windows+NT+10.0;+Win64;+x64)+AppleWebKit/537.36+(KHTML,+like+Gecko)+Chrome/71.0.3578.98+Safari/537.36 https://localhost:44365/EmployeeTimes 500 0 0 1133
#Software: Microsoft Internet Information Services 10.0
#Version: 1.0
#Date: 2019-01-09 20:41:35
#Fields: date time s-ip cs-method cs-uri-stem cs-uri-query s-port cs-username c-ip cs(User-Agent) cs(Referer) sc-status sc-substatus sc-win32-status time-taken
2019-01-09 20:41:35 ::1 DEBUG / - 52380 - ::1 - - 200 0 64 8211
2019-01-09 20:41:35 ::1 GET / - 44365 - ::1 Mozilla/5.0+(Windows+NT+10.0;+Win64;+x64)+AppleWebKit/537.36+(KHTML,+like+Gecko)+Chrome/71.0.3578.98+Safari/537.36 - 200 0 0 5527
2019-01-09 20:41:39 ::1 GET /EmployeeTimes - 44365 - ::1 Mozilla/5.0+(Windows+NT+10.0;+Win64;+x64)+AppleWebKit/537.36+(KHTML,+like+Gecko)+Chrome/71.0.3578.98+Safari/537.36 https://localhost:44365/ 200 0 0 1809
2019-01-09 20:41:42 ::1 GET /EmployeeTimes/Create - 44365 - ::1 Mozilla/5.0+(Windows+NT+10.0;+Win64;+x64)+AppleWebKit/537.36+(KHTML,+like+Gecko)+Chrome/71.0.3578.98+Safari/537.36 https://localhost:44365/EmployeeTimes 500 0 0 1097
#Software: Microsoft Internet Information Services 10.0
#Version: 1.0
#Date: 2019-01-09 20:42:32
#Fields: date time s-ip cs-method cs-uri-stem cs-uri-query s-port cs-username c-ip cs(User-Agent) cs(Referer) sc-status sc-substatus sc-win32-status time-taken
2019-01-09 20:42:32 ::1 DEBUG / - 52380 - ::1 - - 200 0 64 7096
2019-01-09 20:42:32 ::1 GET / - 44365 - ::1 Mozilla/5.0+(Windows+NT+10.0;+Win64;+x64)+AppleWebKit/537.36+(KHTML,+like+Gecko)+Chrome/71.0.3578.98+Safari/537.36 - 200 0 0 3652
2019-01-09 20:42:41 ::1 GET /EmployeeTimes - 44365 - ::1 Mozilla/5.0+(Windows+NT+10.0;+Win64;+x64)+AppleWebKit/537.36+(KHTML,+like+Gecko)+Chrome/71.0.3578.98+Safari/537.36 https://localhost:44365/ 200 0 0 2014
2019-01-09 20:42:43 ::1 GET /EmployeeTimes/Create - 44365 - ::1 Mozilla/5.0+(Windows+NT+10.0;+Win64;+x64)+AppleWebKit/537.36+(KHTML,+like+Gecko)+Chrome/71.0.3578.98+Safari/537.36 https://localhost:44365/EmployeeTimes 500 0 0 1136
#Software: Microsoft Internet Information Services 10.0
#Version: 1.0
#Date: 2019-01-09 20:43:15
#Fields: date time s-ip cs-method cs-uri-stem cs-uri-query s-port cs-username c-ip cs(User-Agent) cs(Referer) sc-status sc-substatus sc-win32-status time-taken
2019-01-09 20:43:15 ::1 DEBUG / - 52380 - ::1 - - 200 0 64 8046
2019-01-09 20:43:15 ::1 GET / - 44365 - ::1 Mozilla/5.0+(Windows+NT+10.0;+Win64;+x64)+AppleWebKit/537.36+(KHTML,+like+Gecko)+Chrome/71.0.3578.98+Safari/537.36 - 200 0 0 5362
2019-01-09 20:43:19 ::1 GET /EmployeeTimes - 44365 - ::1 Mozilla/5.0+(Windows+NT+10.0;+Win64;+x64)+AppleWebKit/537.36+(KHTML,+like+Gecko)+Chrome/71.0.3578.98+Safari/537.36 https://localhost:44365/ 200 0 0 2055
2019-01-09 20:43:19 ::1 GET /Projects - 44365 - ::1 Mozilla/5.0+(Windows+NT+10.0;+Win64;+x64)+AppleWebKit/537.36+(KHTML,+like+Gecko)+Chrome/71.0.3578.98+Safari/537.36 https://localhost:44365/EmployeeTimes 200 0 0 517
2019-01-09 20:43:22 ::1 GET /EmployeeTimes - 44365 - ::1 Mozilla/5.0+(Windows+NT+10.0;+Win64;+x64)+AppleWebKit/537.36+(KHTML,+like+Gecko)+Chrome/71.0.3578.98+Safari/537.36 https://localhost:44365/Projects 200 0 0 224
2019-01-09 20:43:24 ::1 GET /EmployeeTimes/Create - 44365 - ::1 Mozilla/5.0+(Windows+NT+10.0;+Win64;+x64)+AppleWebKit/537.36+(KHTML,+like+Gecko)+Chrome/71.0.3578.98+Safari/537.36 https://localhost:44365/EmployeeTimes 200 0 0 870
#Software: Microsoft Internet Information Services 10.0
#Version: 1.0
#Date: 2019-01-09 20:46:18
#Fields: date time s-ip cs-method cs-uri-stem cs-uri-query s-port cs-username c-ip cs(User-Agent) cs(Referer) sc-status sc-substatus sc-win32-status time-taken
2019-01-09 20:46:18 ::1 DEBUG / - 52380 - ::1 - - 200 0 64 8279
2019-01-09 20:46:18 ::1 GET / - 44365 - ::1 Mozilla/5.0+(Windows+NT+10.0;+Win64;+x64)+AppleWebKit/537.36+(KHTML,+like+Gecko)+Chrome/71.0.3578.98+Safari/537.36 - 200 0 0 5660
2019-01-09 20:46:23 ::1 GET /EmployeeTimes - 44365 - ::1 Mozilla/5.0+(Windows+NT+10.0;+Win64;+x64)+AppleWebKit/537.36+(KHTML,+like+Gecko)+Chrome/71.0.3578.98+Safari/537.36 https://localhost:44365/ 200 0 0 1915
2019-01-09 20:46:27 ::1 GET /EmployeeTimes/Create - 44365 - ::1 Mozilla/5.0+(Windows+NT+10.0;+Win64;+x64)+AppleWebKit/537.36+(KHTML,+like+Gecko)+Chrome/71.0.3578.98+Safari/537.36 https://localhost:44365/EmployeeTimes 200 0 0 1087
