#Software: Microsoft Internet Information Services 10.0
#Version: 1.0
#Date: 2019-01-11 16:58:35
#Fields: date time s-ip cs-method cs-uri-stem cs-uri-query s-port cs-username c-ip cs(User-Agent) cs(Referer) sc-status sc-substatus sc-win32-status time-taken
2019-01-11 16:58:35 ::1 GET / - 44365 - ::1 Mozilla/5.0+(Windows+NT+10.0;+Win64;+x64)+AppleWebKit/537.36+(KHTML,+like+Gecko)+Chrome/71.0.3578.98+Safari/537.36 - 200 0 0 1972
2019-01-11 16:58:35 ::1 GET /images/Redpointe+Blk+Bkgd.jpg - 44365 - ::1 Mozilla/5.0+(Windows+NT+10.0;+Win64;+x64)+AppleWebKit/537.36+(KHTML,+like+Gecko)+Chrome/71.0.3578.98+Safari/537.36 https://localhost:44365/ 304 0 0 48
2019-01-11 16:58:35 ::1 GET /css/site.css - 44365 - ::1 Mozilla/5.0+(Windows+NT+10.0;+Win64;+x64)+AppleWebKit/537.36+(KHTML,+like+Gecko)+Chrome/71.0.3578.98+Safari/537.36 https://localhost:44365/ 304 0 0 48
2019-01-11 16:58:35 ::1 GET /lib/bootstrap/dist/css/bootstrap.css - 44365 - ::1 Mozilla/5.0+(Windows+NT+10.0;+Win64;+x64)+AppleWebKit/537.36+(KHTML,+like+Gecko)+Chrome/71.0.3578.98+Safari/537.36 https://localhost:44365/ 304 0 0 48
2019-01-11 16:58:35 ::1 GET /lib/jquery/dist/jquery.js - 44365 - ::1 Mozilla/5.0+(Windows+NT+10.0;+Win64;+x64)+AppleWebKit/537.36+(KHTML,+like+Gecko)+Chrome/71.0.3578.98+Safari/537.36 https://localhost:44365/ 304 0 0 48
2019-01-11 16:58:35 ::1 GET /js/site.js v=4q1jwFhaPaZgr8WAUSrux6hAuh0XDg9kPS3xIVq36I0 44365 - ::1 Mozilla/5.0+(Windows+NT+10.0;+Win64;+x64)+AppleWebKit/537.36+(KHTML,+like+Gecko)+Chrome/71.0.3578.98+Safari/537.36 https://localhost:44365/ 304 0 0 48
2019-01-11 16:58:35 ::1 GET /lib/bootstrap/dist/js/bootstrap.js - 44365 - ::1 Mozilla/5.0+(Windows+NT+10.0;+Win64;+x64)+AppleWebKit/537.36+(KHTML,+like+Gecko)+Chrome/71.0.3578.98+Safari/537.36 https://localhost:44365/ 304 0 0 48
2019-01-11 16:58:40 ::1 GET /EmployeeTimes - 44365 - ::1 Mozilla/5.0+(Windows+NT+10.0;+Win64;+x64)+AppleWebKit/537.36+(KHTML,+like+Gecko)+Chrome/71.0.3578.98+Safari/537.36 https://localhost:44365/ 200 0 0 1769
#Software: Microsoft Internet Information Services 10.0
#Version: 1.0
#Date: 2019-01-11 17:45:22
#Fields: date time s-ip cs-method cs-uri-stem cs-uri-query s-port cs-username c-ip cs(User-Agent) cs(Referer) sc-status sc-substatus sc-win32-status time-taken
2019-01-11 17:45:22 ::1 GET / - 44365 - ::1 Mozilla/5.0+(Windows+NT+10.0;+Win64;+x64)+AppleWebKit/537.36+(KHTML,+like+Gecko)+Chrome/71.0.3578.98+Safari/537.36 - 200 0 0 3184
2019-01-11 17:45:52 ::1 GET /Home/Admin - 44365 - ::1 Mozilla/5.0+(Windows+NT+10.0;+Win64;+x64)+AppleWebKit/537.36+(KHTML,+like+Gecko)+Chrome/71.0.3578.98+Safari/537.36 - 200 0 0 90
2019-01-11 17:46:03 ::1 GET /Home/ViewEmployees Name=BEn 44365 - ::1 Mozilla/5.0+(Windows+NT+10.0;+Win64;+x64)+AppleWebKit/537.36+(KHTML,+like+Gecko)+Chrome/71.0.3578.98+Safari/537.36 https://localhost:44365/Home/Admin 500 0 0 168
#Software: Microsoft Internet Information Services 10.0
#Version: 1.0
#Date: 2019-01-11 17:46:49
#Fields: date time s-ip cs-method cs-uri-stem cs-uri-query s-port cs-username c-ip cs(User-Agent) cs(Referer) sc-status sc-substatus sc-win32-status time-taken
2019-01-11 17:46:49 ::1 DEBUG / - 52380 - ::1 - - 200 0 64 8473
2019-01-11 17:46:50 ::1 GET / - 44365 - ::1 Mozilla/5.0+(Windows+NT+10.0;+Win64;+x64)+AppleWebKit/537.36+(KHTML,+like+Gecko)+Chrome/71.0.3578.98+Safari/537.36 - 200 0 0 6573
2019-01-11 17:46:56 ::1 GET /ViewEmployees Name=BEn 44365 - ::1 Mozilla/5.0+(Windows+NT+10.0;+Win64;+x64)+AppleWebKit/537.36+(KHTML,+like+Gecko)+Chrome/71.0.3578.98+Safari/537.36 https://localhost:44365/ 404 0 0 21
#Software: Microsoft Internet Information Services 10.0
#Version: 1.0
#Date: 2019-01-11 17:47:43
#Fields: date time s-ip cs-method cs-uri-stem cs-uri-query s-port cs-username c-ip cs(User-Agent) cs(Referer) sc-status sc-substatus sc-win32-status time-taken
2019-01-11 17:47:43 ::1 GET / - 44365 - ::1 Mozilla/5.0+(Windows+NT+10.0;+Win64;+x64)+AppleWebKit/537.36+(KHTML,+like+Gecko)+Chrome/71.0.3578.98+Safari/537.36 - 404 0 0 1300
#Software: Microsoft Internet Information Services 10.0
#Version: 1.0
#Date: 2019-01-11 17:48:03
#Fields: date time s-ip cs-method cs-uri-stem cs-uri-query s-port cs-username c-ip cs(User-Agent) cs(Referer) sc-status sc-substatus sc-win32-status time-taken
2019-01-11 17:48:03 ::1 DEBUG / - 52380 - ::1 - - 200 0 64 6620
2019-01-11 17:48:03 ::1 GET / - 44365 - ::1 Mozilla/5.0+(Windows+NT+10.0;+Win64;+x64)+AppleWebKit/537.36+(KHTML,+like+Gecko)+Chrome/71.0.3578.98+Safari/537.36 - 404 0 0 5576
#Software: Microsoft Internet Information Services 10.0
#Version: 1.0
#Date: 2019-01-11 17:48:31
#Fields: date time s-ip cs-method cs-uri-stem cs-uri-query s-port cs-username c-ip cs(User-Agent) cs(Referer) sc-status sc-substatus sc-win32-status time-taken
2019-01-11 17:48:31 ::1 DEBUG / - 52380 - ::1 - - 200 0 64 6373
2019-01-11 17:48:31 ::1 GET / - 44365 - ::1 Mozilla/5.0+(Windows+NT+10.0;+Win64;+x64)+AppleWebKit/537.36+(KHTML,+like+Gecko)+Chrome/71.0.3578.98+Safari/537.36 - 200 0 0 5896
2019-01-11 17:48:41 ::1 GET /Home/Admin - 44365 - ::1 Mozilla/5.0+(Windows+NT+10.0;+Win64;+x64)+AppleWebKit/537.36+(KHTML,+like+Gecko)+Chrome/71.0.3578.98+Safari/537.36 - 200 0 0 188
2019-01-11 17:49:45 ::1 GET /Home/ViewEmployees Name=colby 44365 - ::1 Mozilla/5.0+(Windows+NT+10.0;+Win64;+x64)+AppleWebKit/537.36+(KHTML,+like+Gecko)+Chrome/71.0.3578.98+Safari/537.36 https://localhost:44365/Home/Admin 500 0 0 194
2019-01-11 17:49:55 ::1 GET /EmployeeTimes - 44365 - ::1 Mozilla/5.0+(Windows+NT+10.0;+Win64;+x64)+AppleWebKit/537.36+(KHTML,+like+Gecko)+Chrome/71.0.3578.98+Safari/537.36 https://localhost:44365/Home/Admin 200 0 0 2872
2019-01-11 17:50:01 ::1 GET / - 44365 - ::1 Mozilla/5.0+(Windows+NT+10.0;+Win64;+x64)+AppleWebKit/537.36+(KHTML,+like+Gecko)+Chrome/71.0.3578.98+Safari/537.36 https://localhost:44365/EmployeeTimes 200 0 0 53
2019-01-11 17:50:06 ::1 GET /Customers - 44365 - ::1 Mozilla/5.0+(Windows+NT+10.0;+Win64;+x64)+AppleWebKit/537.36+(KHTML,+like+Gecko)+Chrome/71.0.3578.98+Safari/537.36 https://localhost:44365/ 200 0 0 1061
2019-01-11 17:50:07 ::1 GET /EmployeeTimes - 44365 - ::1 Mozilla/5.0+(Windows+NT+10.0;+Win64;+x64)+AppleWebKit/537.36+(KHTML,+like+Gecko)+Chrome/71.0.3578.98+Safari/537.36 https://localhost:44365/Customers 200 0 0 1000
2019-01-11 17:51:04 ::1 GET /Home/ViewEmployees Name=colby 44365 - ::1 Mozilla/5.0+(Windows+NT+10.0;+Win64;+x64)+AppleWebKit/537.36+(KHTML,+like+Gecko)+Chrome/71.0.3578.98+Safari/537.36 https://localhost:44365/Home/Admin 500 0 0 96
2019-01-11 17:51:16 ::1 GET /Home/ViewEmployees Name=colby 44365 - ::1 Mozilla/5.0+(Windows+NT+10.0;+Win64;+x64)+AppleWebKit/537.36+(KHTML,+like+Gecko)+Chrome/71.0.3578.98+Safari/537.36 https://localhost:44365/Home/Admin 500 0 0 76
#Software: Microsoft Internet Information Services 10.0
#Version: 1.0
#Date: 2019-01-11 18:28:50
#Fields: date time s-ip cs-method cs-uri-stem cs-uri-query s-port cs-username c-ip cs(User-Agent) cs(Referer) sc-status sc-substatus sc-win32-status time-taken
2019-01-11 18:28:50 ::1 GET / - 44365 - ::1 Mozilla/5.0+(Windows+NT+10.0;+Win64;+x64)+AppleWebKit/537.36+(KHTML,+like+Gecko)+Chrome/71.0.3578.98+Safari/537.36 - 200 0 0 6630
2019-01-11 18:28:54 ::1 GET / - 44365 - ::1 Mozilla/5.0+(Windows+NT+10.0;+Win64;+x64)+AppleWebKit/537.36+(KHTML,+like+Gecko)+Chrome/71.0.3578.98+Safari/537.36 https://localhost:44365/ 200 0 0 49
2019-01-11 18:29:42 ::1 GET / - 44365 - ::1 Mozilla/5.0+(Windows+NT+10.0;+Win64;+x64)+AppleWebKit/537.36+(KHTML,+like+Gecko)+Chrome/71.0.3578.98+Safari/537.36 https://localhost:44365/ 200 0 0 9
2019-01-11 18:29:43 ::1 GET / - 44365 - ::1 Mozilla/5.0+(Windows+NT+10.0;+Win64;+x64)+AppleWebKit/537.36+(KHTML,+like+Gecko)+Chrome/71.0.3578.98+Safari/537.36 https://localhost:44365/ 200 0 0 14
2019-01-11 18:29:46 ::1 GET /Customers - 44365 - ::1 Mozilla/5.0+(Windows+NT+10.0;+Win64;+x64)+AppleWebKit/537.36+(KHTML,+like+Gecko)+Chrome/71.0.3578.98+Safari/537.36 https://localhost:44365/ 400 0 64 2275
2019-01-11 18:29:46 ::1 GET /Projects - 44365 - ::1 Mozilla/5.0+(Windows+NT+10.0;+Win64;+x64)+AppleWebKit/537.36+(KHTML,+like+Gecko)+Chrome/71.0.3578.98+Safari/537.36 https://localhost:44365/ 200 0 0 989
2019-01-11 18:29:48 ::1 GET / - 44365 - ::1 Mozilla/5.0+(Windows+NT+10.0;+Win64;+x64)+AppleWebKit/537.36+(KHTML,+like+Gecko)+Chrome/71.0.3578.98+Safari/537.36 https://localhost:44365/Projects 200 0 0 14
2019-01-11 18:29:48 ::1 GET / - 44365 - ::1 Mozilla/5.0+(Windows+NT+10.0;+Win64;+x64)+AppleWebKit/537.36+(KHTML,+like+Gecko)+Chrome/71.0.3578.98+Safari/537.36 https://localhost:44365/ 200 0 0 5
2019-01-11 18:29:50 ::1 GET /Projects - 44365 - ::1 Mozilla/5.0+(Windows+NT+10.0;+Win64;+x64)+AppleWebKit/537.36+(KHTML,+like+Gecko)+Chrome/71.0.3578.98+Safari/537.36 https://localhost:44365/ 200 0 0 370
2019-01-11 18:29:51 ::1 GET / - 44365 - ::1 Mozilla/5.0+(Windows+NT+10.0;+Win64;+x64)+AppleWebKit/537.36+(KHTML,+like+Gecko)+Chrome/71.0.3578.98+Safari/537.36 https://localhost:44365/Projects 200 0 0 7
2019-01-11 18:29:53 ::1 GET /EmployeeTimes - 44365 - ::1 Mozilla/5.0+(Windows+NT+10.0;+Win64;+x64)+AppleWebKit/537.36+(KHTML,+like+Gecko)+Chrome/71.0.3578.98+Safari/537.36 https://localhost:44365/ 200 0 0 437
2019-01-11 18:29:54 ::1 GET / - 44365 - ::1 Mozilla/5.0+(Windows+NT+10.0;+Win64;+x64)+AppleWebKit/537.36+(KHTML,+like+Gecko)+Chrome/71.0.3578.98+Safari/537.36 https://localhost:44365/EmployeeTimes 200 0 0 5
#Software: Microsoft Internet Information Services 10.0
#Version: 1.0
#Date: 2019-01-11 18:33:32
#Fields: date time s-ip cs-method cs-uri-stem cs-uri-query s-port cs-username c-ip cs(User-Agent) cs(Referer) sc-status sc-substatus sc-win32-status time-taken
2019-01-11 18:33:32 ::1 GET / - 44365 - ::1 Mozilla/5.0+(Windows+NT+10.0;+Win64;+x64)+AppleWebKit/537.36+(KHTML,+like+Gecko)+Chrome/71.0.3578.98+Safari/537.36 - 200 0 0 1843
2019-01-11 18:33:34 ::1 GET /Admin - 44365 - ::1 Mozilla/5.0+(Windows+NT+10.0;+Win64;+x64)+AppleWebKit/537.36+(KHTML,+like+Gecko)+Chrome/71.0.3578.98+Safari/537.36 https://localhost:44365/ 404 0 0 8
#Software: Microsoft Internet Information Services 10.0
#Version: 1.0
#Date: 2019-01-11 18:45:15
#Fields: date time s-ip cs-method cs-uri-stem cs-uri-query s-port cs-username c-ip cs(User-Agent) cs(Referer) sc-status sc-substatus sc-win32-status time-taken
2019-01-11 18:45:15 ::1 DEBUG / - 52380 - ::1 - - 200 0 64 8510
2019-01-11 18:45:15 ::1 GET / - 44365 - ::1 Mozilla/5.0+(Windows+NT+10.0;+Win64;+x64)+AppleWebKit/537.36+(KHTML,+like+Gecko)+Chrome/71.0.3578.98+Safari/537.36 - 200 0 0 7037
2019-01-11 18:45:18 ::1 GET /Admin - 44365 - ::1 Mozilla/5.0+(Windows+NT+10.0;+Win64;+x64)+AppleWebKit/537.36+(KHTML,+like+Gecko)+Chrome/71.0.3578.98+Safari/537.36 https://localhost:44365/ 404 0 0 18
#Software: Microsoft Internet Information Services 10.0
#Version: 1.0
#Date: 2019-01-11 19:10:53
#Fields: date time s-ip cs-method cs-uri-stem cs-uri-query s-port cs-username c-ip cs(User-Agent) cs(Referer) sc-status sc-substatus sc-win32-status time-taken
2019-01-11 19:10:53 ::1 GET / - 44365 - ::1 Mozilla/5.0+(Windows+NT+10.0;+Win64;+x64)+AppleWebKit/537.36+(KHTML,+like+Gecko)+Chrome/71.0.3578.98+Safari/537.36 - 200 0 0 2698
2019-01-11 19:10:55 ::1 GET /Admin - 44365 - ::1 Mozilla/5.0+(Windows+NT+10.0;+Win64;+x64)+AppleWebKit/537.36+(KHTML,+like+Gecko)+Chrome/71.0.3578.98+Safari/537.36 https://localhost:44365/ 404 0 0 16
2019-01-11 19:11:31 ::1 GET /Admin - 44365 - ::1 Mozilla/5.0+(Windows+NT+10.0;+Win64;+x64)+AppleWebKit/537.36+(KHTML,+like+Gecko)+Chrome/71.0.3578.98+Safari/537.36 https://localhost:44365/ 404 0 0 32
#Software: Microsoft Internet Information Services 10.0
#Version: 1.0
#Date: 2019-01-11 19:11:43
#Fields: date time s-ip cs-method cs-uri-stem cs-uri-query s-port cs-username c-ip cs(User-Agent) cs(Referer) sc-status sc-substatus sc-win32-status time-taken
2019-01-11 19:11:43 ::1 GET / - 44365 - ::1 Mozilla/5.0+(Windows+NT+10.0;+Win64;+x64)+AppleWebKit/537.36+(KHTML,+like+Gecko)+Chrome/71.0.3578.98+Safari/537.36 - 200 0 0 2497
#Software: Microsoft Internet Information Services 10.0
#Version: 1.0
#Date: 2019-01-11 19:24:43
#Fields: date time s-ip cs-method cs-uri-stem cs-uri-query s-port cs-username c-ip cs(User-Agent) cs(Referer) sc-status sc-substatus sc-win32-status time-taken
2019-01-11 19:24:43 ::1 GET / - 44365 - ::1 Mozilla/5.0+(Windows+NT+10.0;+Win64;+x64)+AppleWebKit/537.36+(KHTML,+like+Gecko)+Chrome/71.0.3578.98+Safari/537.36 - 200 0 0 2600
2019-01-11 19:24:43 ::1 GET /images/Redpointe+Blk+Bkgd.jpg - 44365 - ::1 Mozilla/5.0+(Windows+NT+10.0;+Win64;+x64)+AppleWebKit/537.36+(KHTML,+like+Gecko)+Chrome/71.0.3578.98+Safari/537.36 https://localhost:44365/ 304 0 0 35
2019-01-11 19:24:45 ::1 GET /Admin - 44365 - ::1 Mozilla/5.0+(Windows+NT+10.0;+Win64;+x64)+AppleWebKit/537.36+(KHTML,+like+Gecko)+Chrome/71.0.3578.98+Safari/537.36 https://localhost:44365/ 404 0 0 14
2019-01-11 19:24:55 ::1 GET /home/admin - 44365 - ::1 Mozilla/5.0+(Windows+NT+10.0;+Win64;+x64)+AppleWebKit/537.36+(KHTML,+like+Gecko)+Chrome/71.0.3578.98+Safari/537.36 - 500 0 0 107
2019-01-11 19:25:03 ::1 GET /Home/Admin - 44365 - ::1 Mozilla/5.0+(Windows+NT+10.0;+Win64;+x64)+AppleWebKit/537.36+(KHTML,+like+Gecko)+Chrome/71.0.3578.98+Safari/537.36 - 500 0 0 41
2019-01-11 19:25:39 ::1 GET /Admin - 44365 - ::1 Mozilla/5.0+(Windows+NT+10.0;+Win64;+x64)+AppleWebKit/537.36+(KHTML,+like+Gecko)+Chrome/71.0.3578.98+Safari/537.36 https://localhost:44365/ 404 0 0 10
#Software: Microsoft Internet Information Services 10.0
#Version: 1.0
#Date: 2019-01-11 19:29:43
#Fields: date time s-ip cs-method cs-uri-stem cs-uri-query s-port cs-username c-ip cs(User-Agent) cs(Referer) sc-status sc-substatus sc-win32-status time-taken
2019-01-11 19:29:43 ::1 GET / - 44365 - ::1 Mozilla/5.0+(Windows+NT+10.0;+Win64;+x64)+AppleWebKit/537.36+(KHTML,+like+Gecko)+Chrome/71.0.3578.98+Safari/537.36 - 200 0 0 2711
#Software: Microsoft Internet Information Services 10.0
#Version: 1.0
#Date: 2019-01-11 19:32:14
#Fields: date time s-ip cs-method cs-uri-stem cs-uri-query s-port cs-username c-ip cs(User-Agent) cs(Referer) sc-status sc-substatus sc-win32-status time-taken
2019-01-11 19:32:14 ::1 GET / - 44365 - ::1 Mozilla/5.0+(Windows+NT+10.0;+Win64;+x64)+AppleWebKit/537.36+(KHTML,+like+Gecko)+Chrome/71.0.3578.98+Safari/537.36 - 200 0 0 2770
#Software: Microsoft Internet Information Services 10.0
#Version: 1.0
#Date: 2019-01-11 19:33:19
#Fields: date time s-ip cs-method cs-uri-stem cs-uri-query s-port cs-username c-ip cs(User-Agent) cs(Referer) sc-status sc-substatus sc-win32-status time-taken
2019-01-11 19:33:19 ::1 GET / - 44365 - ::1 Mozilla/5.0+(Windows+NT+10.0;+Win64;+x64)+AppleWebKit/537.36+(KHTML,+like+Gecko)+Chrome/71.0.3578.98+Safari/537.36 - 200 0 0 2618
2019-01-11 19:35:04 ::1 GET /Admin/Index - 44365 - ::1 Mozilla/5.0+(Windows+NT+10.0;+Win64;+x64)+AppleWebKit/537.36+(KHTML,+like+Gecko)+Chrome/71.0.3578.98+Safari/537.36 https://localhost:44365/ 404 0 0 50
#Software: Microsoft Internet Information Services 10.0
#Version: 1.0
#Date: 2019-01-11 19:35:22
#Fields: date time s-ip cs-method cs-uri-stem cs-uri-query s-port cs-username c-ip cs(User-Agent) cs(Referer) sc-status sc-substatus sc-win32-status time-taken
2019-01-11 19:35:22 ::1 GET / - 44365 - ::1 Mozilla/5.0+(Windows+NT+10.0;+Win64;+x64)+AppleWebKit/537.36+(KHTML,+like+Gecko)+Chrome/71.0.3578.98+Safari/537.36 - 200 0 0 2403
2019-01-11 19:36:00 ::1 GET /Home/Index - 44365 - ::1 Mozilla/5.0+(Windows+NT+10.0;+Win64;+x64)+AppleWebKit/537.36+(KHTML,+like+Gecko)+Chrome/71.0.3578.98+Safari/537.36 https://localhost:44365/ 200 0 0 44
2019-01-11 19:36:30 ::1 GET /Home/Index - 44365 - ::1 Mozilla/5.0+(Windows+NT+10.0;+Win64;+x64)+AppleWebKit/537.36+(KHTML,+like+Gecko)+Chrome/71.0.3578.98+Safari/537.36 https://localhost:44365/ 200 0 0 17
2019-01-11 19:36:30 ::1 GET /favicon.ico - 44365 - ::1 Mozilla/5.0+(Windows+NT+10.0;+Win64;+x64)+AppleWebKit/537.36+(KHTML,+like+Gecko)+Chrome/71.0.3578.98+Safari/537.36 https://localhost:44365/Home/Index 200 0 0 24
2019-01-11 19:36:33 ::1 GET /Home/Index - 44365 - ::1 Mozilla/5.0+(Windows+NT+10.0;+Win64;+x64)+AppleWebKit/537.36+(KHTML,+like+Gecko)+Chrome/71.0.3578.98+Safari/537.36 https://localhost:44365/ 200 0 0 4
2019-01-11 19:36:33 ::1 GET /favicon.ico - 44365 - ::1 Mozilla/5.0+(Windows+NT+10.0;+Win64;+x64)+AppleWebKit/537.36+(KHTML,+like+Gecko)+Chrome/71.0.3578.98+Safari/537.36 https://localhost:44365/Home/Index 200 0 0 39
2019-01-11 19:36:39 ::1 GET /Home/Index - 44365 - ::1 Mozilla/5.0+(Windows+NT+10.0;+Win64;+x64)+AppleWebKit/537.36+(KHTML,+like+Gecko)+Chrome/71.0.3578.98+Safari/537.36 https://localhost:44365/ 200 0 0 1700
2019-01-11 19:36:39 ::1 GET /favicon.ico - 44365 - ::1 Mozilla/5.0+(Windows+NT+10.0;+Win64;+x64)+AppleWebKit/537.36+(KHTML,+like+Gecko)+Chrome/71.0.3578.98+Safari/537.36 https://localhost:44365/Home/Index 200 0 0 12
2019-01-11 19:37:29 ::1 GET /Home/Index - 44365 - ::1 Mozilla/5.0+(Windows+NT+10.0;+Win64;+x64)+AppleWebKit/537.36+(KHTML,+like+Gecko)+Chrome/71.0.3578.98+Safari/537.36 https://localhost:44365/ 200 0 0 41
2019-01-11 19:37:29 ::1 GET /favicon.ico - 44365 - ::1 Mozilla/5.0+(Windows+NT+10.0;+Win64;+x64)+AppleWebKit/537.36+(KHTML,+like+Gecko)+Chrome/71.0.3578.98+Safari/537.36 https://localhost:44365/Home/Index 200 0 0 32
2019-01-11 19:37:31 ::1 GET /Home/Index - 44365 - ::1 Mozilla/5.0+(Windows+NT+10.0;+Win64;+x64)+AppleWebKit/537.36+(KHTML,+like+Gecko)+Chrome/71.0.3578.98+Safari/537.36 https://localhost:44365/ 200 0 0 9
2019-01-11 19:37:31 ::1 GET /favicon.ico - 44365 - ::1 Mozilla/5.0+(Windows+NT+10.0;+Win64;+x64)+AppleWebKit/537.36+(KHTML,+like+Gecko)+Chrome/71.0.3578.98+Safari/537.36 https://localhost:44365/Home/Index 200 0 0 6
2019-01-11 19:37:32 ::1 GET /Home/Index - 44365 - ::1 Mozilla/5.0+(Windows+NT+10.0;+Win64;+x64)+AppleWebKit/537.36+(KHTML,+like+Gecko)+Chrome/71.0.3578.98+Safari/537.36 https://localhost:44365/ 200 0 0 16
2019-01-11 19:37:32 ::1 GET /favicon.ico - 44365 - ::1 Mozilla/5.0+(Windows+NT+10.0;+Win64;+x64)+AppleWebKit/537.36+(KHTML,+like+Gecko)+Chrome/71.0.3578.98+Safari/537.36 https://localhost:44365/Home/Index 200 0 0 25
2019-01-11 19:37:38 ::1 GET /Home/Index - 44365 - ::1 Mozilla/5.0+(Windows+NT+10.0;+Win64;+x64)+AppleWebKit/537.36+(KHTML,+like+Gecko)+Chrome/71.0.3578.98+Safari/537.36 https://localhost:44365/ 200 0 0 12
2019-01-11 19:37:38 ::1 GET /favicon.ico - 44365 - ::1 Mozilla/5.0+(Windows+NT+10.0;+Win64;+x64)+AppleWebKit/537.36+(KHTML,+like+Gecko)+Chrome/71.0.3578.98+Safari/537.36 https://localhost:44365/Home/Index 200 0 0 32
2019-01-11 19:37:38 ::1 GET /Home/Index - 44365 - ::1 Mozilla/5.0+(Windows+NT+10.0;+Win64;+x64)+AppleWebKit/537.36+(KHTML,+like+Gecko)+Chrome/71.0.3578.98+Safari/537.36 https://localhost:44365/ 200 0 0 4
2019-01-11 19:37:38 ::1 GET /favicon.ico - 44365 - ::1 Mozilla/5.0+(Windows+NT+10.0;+Win64;+x64)+AppleWebKit/537.36+(KHTML,+like+Gecko)+Chrome/71.0.3578.98+Safari/537.36 https://localhost:44365/Home/Index 200 0 0 6
2019-01-11 19:38:13 ::1 GET /Home/Index - 44365 - ::1 Mozilla/5.0+(Windows+NT+10.0;+Win64;+x64)+AppleWebKit/537.36+(KHTML,+like+Gecko)+Chrome/71.0.3578.98+Safari/537.36 https://localhost:44365/Home/Index 200 0 0 47
2019-01-11 19:38:29 ::1 GET /Customers/Index - 44365 - ::1 Mozilla/5.0+(Windows+NT+10.0;+Win64;+x64)+AppleWebKit/537.36+(KHTML,+like+Gecko)+Chrome/71.0.3578.98+Safari/537.36 https://localhost:44365/Home/Index 200 0 0 1599
#Software: Microsoft Internet Information Services 10.0
#Version: 1.0
#Date: 2019-01-11 19:58:16
#Fields: date time s-ip cs-method cs-uri-stem cs-uri-query s-port cs-username c-ip cs(User-Agent) cs(Referer) sc-status sc-substatus sc-win32-status time-taken
2019-01-11 19:58:16 ::1 DEBUG / - 52380 - ::1 - - 200 0 64 9288
2019-01-11 19:58:18 ::1 GET / - 44365 - ::1 Mozilla/5.0+(Windows+NT+10.0;+Win64;+x64)+AppleWebKit/537.36+(KHTML,+like+Gecko)+Chrome/71.0.3578.98+Safari/537.36 - 200 0 0 8352
2019-01-11 19:58:20 ::1 GET /Admin/Index - 44365 - ::1 Mozilla/5.0+(Windows+NT+10.0;+Win64;+x64)+AppleWebKit/537.36+(KHTML,+like+Gecko)+Chrome/71.0.3578.98+Safari/537.36 https://localhost:44365/ 500 0 0 293
2019-01-11 19:58:43 ::1 GET /ViewEmployees Name=Benedict 44365 - ::1 Mozilla/5.0+(Windows+NT+10.0;+Win64;+x64)+AppleWebKit/537.36+(KHTML,+like+Gecko)+Chrome/71.0.3578.98+Safari/537.36 https://localhost:44365/ 404 0 0 10
#Software: Microsoft Internet Information Services 10.0
#Version: 1.0
#Date: 2019-01-11 20:27:03
#Fields: date time s-ip cs-method cs-uri-stem cs-uri-query s-port cs-username c-ip cs(User-Agent) cs(Referer) sc-status sc-substatus sc-win32-status time-taken
2019-01-11 20:27:03 ::1 GET / - 44365 - ::1 Mozilla/5.0+(Windows+NT+10.0;+Win64;+x64)+AppleWebKit/537.36+(KHTML,+like+Gecko)+Chrome/71.0.3578.98+Safari/537.36 - 200 0 0 2751
2019-01-11 20:27:06 ::1 GET /Admin/Index - 44365 - ::1 Mozilla/5.0+(Windows+NT+10.0;+Win64;+x64)+AppleWebKit/537.36+(KHTML,+like+Gecko)+Chrome/71.0.3578.98+Safari/537.36 https://localhost:44365/ 404 0 0 14
2019-01-11 20:27:14 ::1 GET /ViewEmployees Name=Benedict 44365 - ::1 Mozilla/5.0+(Windows+NT+10.0;+Win64;+x64)+AppleWebKit/537.36+(KHTML,+like+Gecko)+Chrome/71.0.3578.98+Safari/537.36 https://localhost:44365/ 404 0 0 5
#Software: Microsoft Internet Information Services 10.0
#Version: 1.0
#Date: 2019-01-11 20:28:53
#Fields: date time s-ip cs-method cs-uri-stem cs-uri-query s-port cs-username c-ip cs(User-Agent) cs(Referer) sc-status sc-substatus sc-win32-status time-taken
2019-01-11 20:28:53 ::1 DEBUG / - 52380 - ::1 - - 200 0 64 8843
2019-01-11 20:28:55 ::1 GET / - 44365 - ::1 Mozilla/5.0+(Windows+NT+10.0;+Win64;+x64)+AppleWebKit/537.36+(KHTML,+like+Gecko)+Chrome/71.0.3578.98+Safari/537.36 - 200 0 0 8075
2019-01-11 20:28:58 ::1 GET /Customers/Index - 44365 - ::1 Mozilla/5.0+(Windows+NT+10.0;+Win64;+x64)+AppleWebKit/537.36+(KHTML,+like+Gecko)+Chrome/71.0.3578.98+Safari/537.36 https://localhost:44365/ 200 0 0 1686
2019-01-11 20:29:36 ::1 GET /EmployeeTimes/Index - 44365 - ::1 Mozilla/5.0+(Windows+NT+10.0;+Win64;+x64)+AppleWebKit/537.36+(KHTML,+like+Gecko)+Chrome/71.0.3578.98+Safari/537.36 https://localhost:44365/Customers/Index 200 0 0 614
#Software: Microsoft Internet Information Services 10.0
#Version: 1.0
#Date: 2019-01-11 22:14:09
#Fields: date time s-ip cs-method cs-uri-stem cs-uri-query s-port cs-username c-ip cs(User-Agent) cs(Referer) sc-status sc-substatus sc-win32-status time-taken
2019-01-11 22:14:09 ::1 DEBUG / - 52380 - ::1 - - 200 0 64 8150
2019-01-11 22:14:09 ::1 GET / - 44365 - ::1 Mozilla/5.0+(Windows+NT+10.0;+Win64;+x64)+AppleWebKit/537.36+(KHTML,+like+Gecko)+Chrome/71.0.3578.98+Safari/537.36 - 200 0 0 6983
2019-01-11 22:14:09 ::1 GET /lib/jquery/dist/jquery.js - 44365 - ::1 Mozilla/5.0+(Windows+NT+10.0;+Win64;+x64)+AppleWebKit/537.36+(KHTML,+like+Gecko)+Chrome/71.0.3578.98+Safari/537.36 https://localhost:44365/ 304 0 0 88
2019-01-11 22:14:09 ::1 GET /lib/bootstrap/dist/css/bootstrap.css - 44365 - ::1 Mozilla/5.0+(Windows+NT+10.0;+Win64;+x64)+AppleWebKit/537.36+(KHTML,+like+Gecko)+Chrome/71.0.3578.98+Safari/537.36 https://localhost:44365/ 304 0 0 91
2019-01-11 22:14:09 ::1 GET /lib/bootstrap/dist/js/bootstrap.js - 44365 - ::1 Mozilla/5.0+(Windows+NT+10.0;+Win64;+x64)+AppleWebKit/537.36+(KHTML,+like+Gecko)+Chrome/71.0.3578.98+Safari/537.36 https://localhost:44365/ 304 0 0 89
2019-01-11 22:14:09 ::1 GET /css/site.css - 44365 - ::1 Mozilla/5.0+(Windows+NT+10.0;+Win64;+x64)+AppleWebKit/537.36+(KHTML,+like+Gecko)+Chrome/71.0.3578.98+Safari/537.36 https://localhost:44365/ 304 0 0 119
2019-01-11 22:14:09 ::1 GET /js/site.js v=4q1jwFhaPaZgr8WAUSrux6hAuh0XDg9kPS3xIVq36I0 44365 - ::1 Mozilla/5.0+(Windows+NT+10.0;+Win64;+x64)+AppleWebKit/537.36+(KHTML,+like+Gecko)+Chrome/71.0.3578.98+Safari/537.36 https://localhost:44365/ 304 0 0 105
2019-01-11 22:18:24 ::1 GET /Admin/Index - 44365 - ::1 Mozilla/5.0+(Windows+NT+10.0;+Win64;+x64)+AppleWebKit/537.36+(KHTML,+like+Gecko)+Chrome/71.0.3578.98+Safari/537.36 https://localhost:44365/ 404 0 0 47
2019-01-11 22:18:25 ::1 GET /Admin/Index - 44365 - ::1 Mozilla/5.0+(Windows+NT+10.0;+Win64;+x64)+AppleWebKit/537.36+(KHTML,+like+Gecko)+Chrome/71.0.3578.98+Safari/537.36 https://localhost:44365/ 404 0 0 21
