#Software: Microsoft Internet Information Services 10.0
#Version: 1.0
#Date: 2019-01-17 14:07:58
#Fields: date time s-ip cs-method cs-uri-stem cs-uri-query s-port cs-username c-ip cs(User-Agent) cs(Referer) sc-status sc-substatus sc-win32-status time-taken
2019-01-17 14:07:58 ::1 POST /Admin/Create - 44365 - ::1 Mozilla/5.0+(Windows+NT+10.0;+Win64;+x64)+AppleWebKit/537.36+(KHTML,+like+Gecko)+Chrome/71.0.3578.98+Safari/537.36 https://localhost:44365/Admin/Create 500 0 0 10594
2019-01-17 14:08:37 ::1 POST /Admin/Create - 44365 - ::1 Mozilla/5.0+(Windows+NT+10.0;+Win64;+x64)+AppleWebKit/537.36+(KHTML,+like+Gecko)+Chrome/71.0.3578.98+Safari/537.36 https://localhost:44365/Admin/Create 500 0 0 243
2019-01-17 14:10:24 ::1 POST /Admin/Create - 44365 - ::1 Mozilla/5.0+(Windows+NT+10.0;+Win64;+x64)+AppleWebKit/537.36+(KHTML,+like+Gecko)+Chrome/71.0.3578.98+Safari/537.36 https://localhost:44365/Admin/Create 500 0 0 447
#Software: Microsoft Internet Information Services 10.0
#Version: 1.0
#Date: 2019-01-17 14:12:45
#Fields: date time s-ip cs-method cs-uri-stem cs-uri-query s-port cs-username c-ip cs(User-Agent) cs(Referer) sc-status sc-substatus sc-win32-status time-taken
2019-01-17 14:12:45 ::1 DEBUG / - 52380 - ::1 - - 502 5 64 8715
2019-01-17 14:12:47 ::1 GET / - 44365 - ::1 Mozilla/5.0+(Windows+NT+10.0;+Win64;+x64)+AppleWebKit/537.36+(KHTML,+like+Gecko)+Chrome/71.0.3578.98+Safari/537.36 - 502 3 64 8331
2019-01-17 14:13:14 ::1 GET / - 44365 - ::1 Mozilla/5.0+(Windows+NT+10.0;+Win64;+x64)+AppleWebKit/537.36+(KHTML,+like+Gecko)+Chrome/71.0.3578.98+Safari/537.36 - 200 0 0 2216
2019-01-17 14:13:19 ::1 GET /Admin/Index - 44365 - ::1 Mozilla/5.0+(Windows+NT+10.0;+Win64;+x64)+AppleWebKit/537.36+(KHTML,+like+Gecko)+Chrome/71.0.3578.98+Safari/537.36 https://localhost:44365/ 200 0 0 1705
2019-01-17 14:13:21 ::1 GET /Admin/Create - 44365 - ::1 Mozilla/5.0+(Windows+NT+10.0;+Win64;+x64)+AppleWebKit/537.36+(KHTML,+like+Gecko)+Chrome/71.0.3578.98+Safari/537.36 https://localhost:44365/Admin/Index 200 0 0 111
2019-01-17 14:13:25 ::1 POST /Admin/Create - 44365 - ::1 Mozilla/5.0+(Windows+NT+10.0;+Win64;+x64)+AppleWebKit/537.36+(KHTML,+like+Gecko)+Chrome/71.0.3578.98+Safari/537.36 https://localhost:44365/Admin/Create 500 0 0 895
2019-01-17 14:13:27 ::1 GET /Admin/Create - 44365 - ::1 Mozilla/5.0+(Windows+NT+10.0;+Win64;+x64)+AppleWebKit/537.36+(KHTML,+like+Gecko)+Chrome/71.0.3578.98+Safari/537.36 https://localhost:44365/Admin/Index 200 0 0 37
2019-01-17 14:13:28 ::1 GET /Admin/Index - 44365 - ::1 Mozilla/5.0+(Windows+NT+10.0;+Win64;+x64)+AppleWebKit/537.36+(KHTML,+like+Gecko)+Chrome/71.0.3578.98+Safari/537.36 https://localhost:44365/ 200 0 0 186
2019-01-17 14:13:30 ::1 GET /Admin/Delete/19b3cc26-3b2c-4b4c-9cc5-40a456b3e27c - 44365 - ::1 Mozilla/5.0+(Windows+NT+10.0;+Win64;+x64)+AppleWebKit/537.36+(KHTML,+like+Gecko)+Chrome/71.0.3578.98+Safari/537.36 https://localhost:44365/Admin/Index 302 0 0 558
2019-01-17 14:13:30 ::1 GET /Admin/Index - 44365 - ::1 Mozilla/5.0+(Windows+NT+10.0;+Win64;+x64)+AppleWebKit/537.36+(KHTML,+like+Gecko)+Chrome/71.0.3578.98+Safari/537.36 https://localhost:44365/Admin/Index 200 0 0 205
2019-01-17 14:13:32 ::1 GET /Admin/Create - 44365 - ::1 Mozilla/5.0+(Windows+NT+10.0;+Win64;+x64)+AppleWebKit/537.36+(KHTML,+like+Gecko)+Chrome/71.0.3578.98+Safari/537.36 https://localhost:44365/Admin/Index 200 0 0 74
2019-01-17 14:13:37 ::1 GET /Admin/Index - 44365 - ::1 Mozilla/5.0+(Windows+NT+10.0;+Win64;+x64)+AppleWebKit/537.36+(KHTML,+like+Gecko)+Chrome/71.0.3578.98+Safari/537.36 https://localhost:44365/Admin/Index 200 0 0 187
2019-01-17 14:13:39 ::1 GET /Admin/Edit/59f5a53e-7641-4ea5-8997-34ad5dc248fc - 44365 - ::1 Mozilla/5.0+(Windows+NT+10.0;+Win64;+x64)+AppleWebKit/537.36+(KHTML,+like+Gecko)+Chrome/71.0.3578.98+Safari/537.36 https://localhost:44365/Admin/Index 200 0 0 217
2019-01-17 14:13:44 ::1 POST /Admin/Edit/59f5a53e-7641-4ea5-8997-34ad5dc248fc - 44365 - ::1 Mozilla/5.0+(Windows+NT+10.0;+Win64;+x64)+AppleWebKit/537.36+(KHTML,+like+Gecko)+Chrome/71.0.3578.98+Safari/537.36 https://localhost:44365/Admin/Edit/59f5a53e-7641-4ea5-8997-34ad5dc248fc 302 0 0 613
2019-01-17 14:13:44 ::1 GET /Admin/Index - 44365 - ::1 Mozilla/5.0+(Windows+NT+10.0;+Win64;+x64)+AppleWebKit/537.36+(KHTML,+like+Gecko)+Chrome/71.0.3578.98+Safari/537.36 https://localhost:44365/Admin/Edit/59f5a53e-7641-4ea5-8997-34ad5dc248fc 200 0 0 194
2019-01-17 14:13:47 ::1 GET /Admin/Index - 44365 - ::1 Mozilla/5.0+(Windows+NT+10.0;+Win64;+x64)+AppleWebKit/537.36+(KHTML,+like+Gecko)+Chrome/71.0.3578.98+Safari/537.36 https://localhost:44365/Admin/Index 200 0 0 198
2019-01-17 14:13:50 ::1 GET /Admin/Create - 44365 - ::1 Mozilla/5.0+(Windows+NT+10.0;+Win64;+x64)+AppleWebKit/537.36+(KHTML,+like+Gecko)+Chrome/71.0.3578.98+Safari/537.36 https://localhost:44365/Admin/Index 200 0 0 59
2019-01-17 14:14:15 ::1 POST /Admin/Create - 44365 - ::1 Mozilla/5.0+(Windows+NT+10.0;+Win64;+x64)+AppleWebKit/537.36+(KHTML,+like+Gecko)+Chrome/71.0.3578.98+Safari/537.36 https://localhost:44365/Admin/Create 500 0 0 391
2019-01-17 14:20:02 ::1 DEBUG / - 52380 - ::1 - - 200 0 64 6403
2019-01-17 14:20:02 ::1 GET / - 44365 - ::1 Mozilla/5.0+(Windows+NT+10.0;+Win64;+x64)+AppleWebKit/537.36+(KHTML,+like+Gecko)+Chrome/71.0.3578.98+Safari/537.36 - 200 0 0 5835
2019-01-17 14:20:13 ::1 GET /Admin/Index - 44365 - ::1 Mozilla/5.0+(Windows+NT+10.0;+Win64;+x64)+AppleWebKit/537.36+(KHTML,+like+Gecko)+Chrome/71.0.3578.98+Safari/537.36 https://localhost:44365/ 200 0 0 1615
2019-01-17 14:20:15 ::1 GET /Admin/Create - 44365 - ::1 Mozilla/5.0+(Windows+NT+10.0;+Win64;+x64)+AppleWebKit/537.36+(KHTML,+like+Gecko)+Chrome/71.0.3578.98+Safari/537.36 https://localhost:44365/Admin/Index 200 0 0 108
2019-01-17 14:20:19 ::1 POST /Admin/Create - 44365 - ::1 Mozilla/5.0+(Windows+NT+10.0;+Win64;+x64)+AppleWebKit/537.36+(KHTML,+like+Gecko)+Chrome/71.0.3578.98+Safari/537.36 https://localhost:44365/Admin/Create 302 0 0 467
2019-01-17 14:20:19 ::1 GET /Admin/Index - 44365 - ::1 Mozilla/5.0+(Windows+NT+10.0;+Win64;+x64)+AppleWebKit/537.36+(KHTML,+like+Gecko)+Chrome/71.0.3578.98+Safari/537.36 https://localhost:44365/Admin/Create 200 0 0 204
2019-01-17 14:20:22 ::1 GET /Admin/Create - 44365 - ::1 Mozilla/5.0+(Windows+NT+10.0;+Win64;+x64)+AppleWebKit/537.36+(KHTML,+like+Gecko)+Chrome/71.0.3578.98+Safari/537.36 https://localhost:44365/Admin/Index 200 0 0 52
2019-01-17 14:20:51 ::1 POST /Admin/Create - 44365 - ::1 Mozilla/5.0+(Windows+NT+10.0;+Win64;+x64)+AppleWebKit/537.36+(KHTML,+like+Gecko)+Chrome/71.0.3578.98+Safari/537.36 https://localhost:44365/Admin/Create 302 0 0 593
2019-01-17 14:20:51 ::1 GET /Admin/Index - 44365 - ::1 Mozilla/5.0+(Windows+NT+10.0;+Win64;+x64)+AppleWebKit/537.36+(KHTML,+like+Gecko)+Chrome/71.0.3578.98+Safari/537.36 https://localhost:44365/Admin/Create 200 0 0 192
#Software: Microsoft Internet Information Services 10.0
#Version: 1.0
#Date: 2019-01-17 16:28:30
#Fields: date time s-ip cs-method cs-uri-stem cs-uri-query s-port cs-username c-ip cs(User-Agent) cs(Referer) sc-status sc-substatus sc-win32-status time-taken
2019-01-17 16:28:30 ::1 DEBUG / - 52380 - ::1 - - 200 0 64 6348
2019-01-17 16:28:32 ::1 GET / - 44365 - ::1 Mozilla/5.0+(Windows+NT+10.0;+Win64;+x64)+AppleWebKit/537.36+(KHTML,+like+Gecko)+Chrome/71.0.3578.98+Safari/537.36 - 200 0 0 7785
2019-01-17 16:28:40 ::1 GET /Home/Index - 44365 - ::1 Mozilla/5.0+(Windows+NT+10.0;+Win64;+x64)+AppleWebKit/537.36+(KHTML,+like+Gecko)+Chrome/71.0.3578.98+Safari/537.36 https://localhost:44365/ 200 0 0 104
2019-01-17 16:28:40 ::1 GET /images/Redpointe+Blk+Bkgd.jpg - 44365 - ::1 Mozilla/5.0+(Windows+NT+10.0;+Win64;+x64)+AppleWebKit/537.36+(KHTML,+like+Gecko)+Chrome/71.0.3578.98+Safari/537.36 https://localhost:44365/Home/Index 304 0 0 70
2019-01-17 16:28:49 ::1 GET /Home/Index - 44365 - ::1 Mozilla/5.0+(Windows+NT+10.0;+Win64;+x64)+AppleWebKit/537.36+(KHTML,+like+Gecko)+Chrome/71.0.3578.98+Safari/537.36 https://localhost:44365/Home/Index 200 0 0 54
2019-01-17 16:28:49 ::1 GET /Customers/Index - 44365 - ::1 Mozilla/5.0+(Windows+NT+10.0;+Win64;+x64)+AppleWebKit/537.36+(KHTML,+like+Gecko)+Chrome/71.0.3578.98+Safari/537.36 https://localhost:44365/Home/Index 200 0 0 341
2019-01-17 16:28:53 ::1 GET /Admin/Index - 44365 - ::1 Mozilla/5.0+(Windows+NT+10.0;+Win64;+x64)+AppleWebKit/537.36+(KHTML,+like+Gecko)+Chrome/71.0.3578.98+Safari/537.36 https://localhost:44365/Customers/Index 200 0 0 282
2019-01-17 16:28:58 ::1 GET /Admin/Delete/59f5a53e-7641-4ea5-8997-34ad5dc248fc - 44365 - ::1 Mozilla/5.0+(Windows+NT+10.0;+Win64;+x64)+AppleWebKit/537.36+(KHTML,+like+Gecko)+Chrome/71.0.3578.98+Safari/537.36 https://localhost:44365/Admin/Index 302 0 0 596
2019-01-17 16:28:58 ::1 GET /Admin/Index - 44365 - ::1 Mozilla/5.0+(Windows+NT+10.0;+Win64;+x64)+AppleWebKit/537.36+(KHTML,+like+Gecko)+Chrome/71.0.3578.98+Safari/537.36 https://localhost:44365/Admin/Index 200 0 0 200
2019-01-17 16:29:02 ::1 GET /Admin/Delete/73144a4a-745e-4be0-99bb-06ff8b26b779 - 44365 - ::1 Mozilla/5.0+(Windows+NT+10.0;+Win64;+x64)+AppleWebKit/537.36+(KHTML,+like+Gecko)+Chrome/71.0.3578.98+Safari/537.36 https://localhost:44365/Admin/Index 400 0 64 2284
2019-01-17 16:29:04 ::1 GET /Admin/Delete/73144a4a-745e-4be0-99bb-06ff8b26b779 - 44365 - ::1 Mozilla/5.0+(Windows+NT+10.0;+Win64;+x64)+AppleWebKit/537.36+(KHTML,+like+Gecko)+Chrome/71.0.3578.98+Safari/537.36 https://localhost:44365/Admin/Index 500 0 0 2236
2019-01-17 16:29:09 ::1 GET /Admin/Create - 44365 - ::1 Mozilla/5.0+(Windows+NT+10.0;+Win64;+x64)+AppleWebKit/537.36+(KHTML,+like+Gecko)+Chrome/71.0.3578.98+Safari/537.36 https://localhost:44365/Admin/Index 200 0 0 143
2019-01-17 16:29:18 ::1 POST /Admin/Create - 44365 - ::1 Mozilla/5.0+(Windows+NT+10.0;+Win64;+x64)+AppleWebKit/537.36+(KHTML,+like+Gecko)+Chrome/71.0.3578.98+Safari/537.36 https://localhost:44365/Admin/Create 302 0 0 590
2019-01-17 16:29:18 ::1 GET /Admin/Index - 44365 - ::1 Mozilla/5.0+(Windows+NT+10.0;+Win64;+x64)+AppleWebKit/537.36+(KHTML,+like+Gecko)+Chrome/71.0.3578.98+Safari/537.36 https://localhost:44365/Admin/Create 200 0 0 190
2019-01-17 16:29:23 ::1 GET /Admin/Edit/f130b797-a795-44d7-9885-d4441d9a264d - 44365 - ::1 Mozilla/5.0+(Windows+NT+10.0;+Win64;+x64)+AppleWebKit/537.36+(KHTML,+like+Gecko)+Chrome/71.0.3578.98+Safari/537.36 https://localhost:44365/Admin/Index 200 0 0 215
2019-01-17 16:29:39 ::1 POST /Admin/Edit/f130b797-a795-44d7-9885-d4441d9a264d - 44365 - ::1 Mozilla/5.0+(Windows+NT+10.0;+Win64;+x64)+AppleWebKit/537.36+(KHTML,+like+Gecko)+Chrome/71.0.3578.98+Safari/537.36 https://localhost:44365/Admin/Edit/f130b797-a795-44d7-9885-d4441d9a264d 302 0 0 623
2019-01-17 16:29:39 ::1 GET /Admin/Index - 44365 - ::1 Mozilla/5.0+(Windows+NT+10.0;+Win64;+x64)+AppleWebKit/537.36+(KHTML,+like+Gecko)+Chrome/71.0.3578.98+Safari/537.36 https://localhost:44365/Admin/Edit/f130b797-a795-44d7-9885-d4441d9a264d 200 0 0 181
#Software: Microsoft Internet Information Services 10.0
#Version: 1.0
#Date: 2019-01-17 18:09:17
#Fields: date time s-ip cs-method cs-uri-stem cs-uri-query s-port cs-username c-ip cs(User-Agent) cs(Referer) sc-status sc-substatus sc-win32-status time-taken
2019-01-17 18:09:17 ::1 GET / - 44365 - ::1 Mozilla/5.0+(Windows+NT+10.0;+Win64;+x64)+AppleWebKit/537.36+(KHTML,+like+Gecko)+Chrome/71.0.3578.98+Safari/537.36 - 200 0 0 2754
2019-01-17 18:09:20 ::1 GET /Admin/Index - 44365 - ::1 Mozilla/5.0+(Windows+NT+10.0;+Win64;+x64)+AppleWebKit/537.36+(KHTML,+like+Gecko)+Chrome/71.0.3578.98+Safari/537.36 https://localhost:44365/ 200 0 0 1339
2019-01-17 18:09:54 ::1 GET /Admin/Edit/73144a4a-745e-4be0-99bb-06ff8b26b779 - 44365 - ::1 Mozilla/5.0+(Windows+NT+10.0;+Win64;+x64)+AppleWebKit/537.36+(KHTML,+like+Gecko)+Chrome/71.0.3578.98+Safari/537.36 https://localhost:44365/Admin/Index 200 0 0 367
2019-01-17 18:10:53 ::1 GET /Admin/Edit/73144a4a-745e-4be0-99bb-06ff8b26b779 - 44365 - ::1 Mozilla/5.0+(Windows+NT+10.0;+Win64;+x64)+AppleWebKit/537.36+(KHTML,+like+Gecko)+Chrome/71.0.3578.98+Safari/537.36 https://localhost:44365/Admin/Index 200 0 0 166
#Software: Microsoft Internet Information Services 10.0
#Version: 1.0
#Date: 2019-01-17 19:10:41
#Fields: date time s-ip cs-method cs-uri-stem cs-uri-query s-port cs-username c-ip cs(User-Agent) cs(Referer) sc-status sc-substatus sc-win32-status time-taken
2019-01-17 19:10:41 ::1 DEBUG / - 52380 - ::1 - - 200 0 64 8244
2019-01-17 19:10:41 ::1 GET / - 44365 - ::1 Mozilla/5.0+(Windows+NT+10.0;+Win64;+x64)+AppleWebKit/537.36+(KHTML,+like+Gecko)+Chrome/71.0.3578.98+Safari/537.36 - 200 0 0 7182
2019-01-17 19:10:46 ::1 GET /Admin/Index - 44365 - ::1 Mozilla/5.0+(Windows+NT+10.0;+Win64;+x64)+AppleWebKit/537.36+(KHTML,+like+Gecko)+Chrome/71.0.3578.98+Safari/537.36 https://localhost:44365/ 200 0 0 1654
2019-01-17 19:10:50 ::1 GET /Admin/Edit/f130b797-a795-44d7-9885-d4441d9a264d - 44365 - ::1 Mozilla/5.0+(Windows+NT+10.0;+Win64;+x64)+AppleWebKit/537.36+(KHTML,+like+Gecko)+Chrome/71.0.3578.98+Safari/537.36 https://localhost:44365/Admin/Index 200 0 0 521
2019-01-17 19:11:07 ::1 POST /Admin/Edit/f130b797-a795-44d7-9885-d4441d9a264d - 44365 - ::1 Mozilla/5.0+(Windows+NT+10.0;+Win64;+x64)+AppleWebKit/537.36+(KHTML,+like+Gecko)+Chrome/71.0.3578.98+Safari/537.36 https://localhost:44365/Admin/Edit/f130b797-a795-44d7-9885-d4441d9a264d 302 0 0 1085
2019-01-17 19:11:07 ::1 GET /Admin/Index - 44365 - ::1 Mozilla/5.0+(Windows+NT+10.0;+Win64;+x64)+AppleWebKit/537.36+(KHTML,+like+Gecko)+Chrome/71.0.3578.98+Safari/537.36 https://localhost:44365/Admin/Edit/f130b797-a795-44d7-9885-d4441d9a264d 200 0 0 267
2019-01-17 19:11:51 ::1 POST /Admin/Edit/f130b797-a795-44d7-9885-d4441d9a264d - 44365 - ::1 Mozilla/5.0+(Windows+NT+10.0;+Win64;+x64)+AppleWebKit/537.36+(KHTML,+like+Gecko)+Chrome/71.0.3578.98+Safari/537.36 https://localhost:44365/Admin/Edit/f130b797-a795-44d7-9885-d4441d9a264d 302 0 0 30721
2019-01-17 19:11:51 ::1 GET /Admin/Index - 44365 - ::1 Mozilla/5.0+(Windows+NT+10.0;+Win64;+x64)+AppleWebKit/537.36+(KHTML,+like+Gecko)+Chrome/71.0.3578.98+Safari/537.36 https://localhost:44365/Admin/Edit/f130b797-a795-44d7-9885-d4441d9a264d 200 0 0 189
2019-01-17 19:11:54 ::1 GET /Admin/Edit/f130b797-a795-44d7-9885-d4441d9a264d - 44365 - ::1 Mozilla/5.0+(Windows+NT+10.0;+Win64;+x64)+AppleWebKit/537.36+(KHTML,+like+Gecko)+Chrome/71.0.3578.98+Safari/537.36 https://localhost:44365/Admin/Index 200 0 0 216
2019-01-17 19:11:59 ::1 GET /Identity/Account/Login - 44365 - ::1 Mozilla/5.0+(Windows+NT+10.0;+Win64;+x64)+AppleWebKit/537.36+(KHTML,+like+Gecko)+Chrome/71.0.3578.98+Safari/537.36 https://localhost:44365/Admin/Edit/f130b797-a795-44d7-9885-d4441d9a264d 200 0 0 319
2019-01-17 19:11:59 ::1 GET /Identity/lib/jquery-validation/dist/jquery.validate.js - 44365 - ::1 Mozilla/5.0+(Windows+NT+10.0;+Win64;+x64)+AppleWebKit/537.36+(KHTML,+like+Gecko)+Chrome/71.0.3578.98+Safari/537.36 https://localhost:44365/Identity/Account/Login 304 0 0 65
2019-01-17 19:11:59 ::1 GET /Identity/lib/jquery-validation-unobtrusive/jquery.validate.unobtrusive.js - 44365 - ::1 Mozilla/5.0+(Windows+NT+10.0;+Win64;+x64)+AppleWebKit/537.36+(KHTML,+like+Gecko)+Chrome/71.0.3578.98+Safari/537.36 https://localhost:44365/Identity/Account/Login 304 0 0 90
2019-01-17 19:12:12 ::1 POST /Identity/Account/Login - 44365 - ::1 Mozilla/5.0+(Windows+NT+10.0;+Win64;+x64)+AppleWebKit/537.36+(KHTML,+like+Gecko)+Chrome/71.0.3578.98+Safari/537.36 https://localhost:44365/Identity/Account/Login 200 0 0 239
2019-01-17 19:12:25 ::1 POST /Identity/Account/Login - 44365 - ::1 Mozilla/5.0+(Windows+NT+10.0;+Win64;+x64)+AppleWebKit/537.36+(KHTML,+like+Gecko)+Chrome/71.0.3578.98+Safari/537.36 https://localhost:44365/Identity/Account/Login 200 0 0 194
2019-01-17 19:13:22 ::1 GET /Admin/Index - 44365 - ::1 Mozilla/5.0+(Windows+NT+10.0;+Win64;+x64)+AppleWebKit/537.36+(KHTML,+like+Gecko)+Chrome/71.0.3578.98+Safari/537.36 https://localhost:44365/Identity/Account/Login 200 0 0 256
2019-01-17 19:13:24 ::1 GET /Admin/Edit/f130b797-a795-44d7-9885-d4441d9a264d - 44365 - ::1 Mozilla/5.0+(Windows+NT+10.0;+Win64;+x64)+AppleWebKit/537.36+(KHTML,+like+Gecko)+Chrome/71.0.3578.98+Safari/537.36 https://localhost:44365/Admin/Index 200 0 0 197
2019-01-17 19:14:29 ::1 POST /Admin/Edit/f130b797-a795-44d7-9885-d4441d9a264d - 44365 - ::1 Mozilla/5.0+(Windows+NT+10.0;+Win64;+x64)+AppleWebKit/537.36+(KHTML,+like+Gecko)+Chrome/71.0.3578.98+Safari/537.36 https://localhost:44365/Admin/Edit/f130b797-a795-44d7-9885-d4441d9a264d 302 0 0 19158
2019-01-17 19:14:29 ::1 GET /Admin/Index - 44365 - ::1 Mozilla/5.0+(Windows+NT+10.0;+Win64;+x64)+AppleWebKit/537.36+(KHTML,+like+Gecko)+Chrome/71.0.3578.98+Safari/537.36 https://localhost:44365/Admin/Edit/f130b797-a795-44d7-9885-d4441d9a264d 200 0 0 279
2019-01-17 19:14:35 ::1 GET /Admin/Edit/f130b797-a795-44d7-9885-d4441d9a264d - 44365 - ::1 Mozilla/5.0+(Windows+NT+10.0;+Win64;+x64)+AppleWebKit/537.36+(KHTML,+like+Gecko)+Chrome/71.0.3578.98+Safari/537.36 https://localhost:44365/Admin/Index 200 0 0 240
#Software: Microsoft Internet Information Services 10.0
#Version: 1.0
#Date: 2019-01-17 19:16:44
#Fields: date time s-ip cs-method cs-uri-stem cs-uri-query s-port cs-username c-ip cs(User-Agent) cs(Referer) sc-status sc-substatus sc-win32-status time-taken
2019-01-17 19:16:44 ::1 DEBUG / - 52380 - ::1 - - 200 0 64 7976
2019-01-17 19:16:45 ::1 GET / - 44365 - ::1 Mozilla/5.0+(Windows+NT+10.0;+Win64;+x64)+AppleWebKit/537.36+(KHTML,+like+Gecko)+Chrome/71.0.3578.98+Safari/537.36 - 200 0 0 7182
2019-01-17 19:16:48 ::1 GET /Admin/Index - 44365 - ::1 Mozilla/5.0+(Windows+NT+10.0;+Win64;+x64)+AppleWebKit/537.36+(KHTML,+like+Gecko)+Chrome/71.0.3578.98+Safari/537.36 https://localhost:44365/ 200 0 0 1722
2019-01-17 19:16:51 ::1 GET /Admin/Edit/f130b797-a795-44d7-9885-d4441d9a264d - 44365 - ::1 Mozilla/5.0+(Windows+NT+10.0;+Win64;+x64)+AppleWebKit/537.36+(KHTML,+like+Gecko)+Chrome/71.0.3578.98+Safari/537.36 https://localhost:44365/Admin/Index 200 0 0 447
2019-01-17 19:18:50 ::1 POST /Admin/Edit/f130b797-a795-44d7-9885-d4441d9a264d - 44365 - ::1 Mozilla/5.0+(Windows+NT+10.0;+Win64;+x64)+AppleWebKit/537.36+(KHTML,+like+Gecko)+Chrome/71.0.3578.98+Safari/537.36 https://localhost:44365/Admin/Edit/f130b797-a795-44d7-9885-d4441d9a264d 502 3 12030 108541
#Software: Microsoft Internet Information Services 10.0
#Version: 1.0
#Date: 2019-01-17 19:19:18
#Fields: date time s-ip cs-method cs-uri-stem cs-uri-query s-port cs-username c-ip cs(User-Agent) cs(Referer) sc-status sc-substatus sc-win32-status time-taken
2019-01-17 19:19:18 ::1 DEBUG / - 52380 - ::1 - - 200 0 64 7432
2019-01-17 19:19:18 ::1 GET / - 44365 - ::1 Mozilla/5.0+(Windows+NT+10.0;+Win64;+x64)+AppleWebKit/537.36+(KHTML,+like+Gecko)+Chrome/71.0.3578.98+Safari/537.36 - 200 0 0 6357
#Software: Microsoft Internet Information Services 10.0
#Version: 1.0
#Date: 2019-01-17 19:19:54
#Fields: date time s-ip cs-method cs-uri-stem cs-uri-query s-port cs-username c-ip cs(User-Agent) cs(Referer) sc-status sc-substatus sc-win32-status time-taken
2019-01-17 19:19:54 ::1 DEBUG / - 52380 - ::1 - - 200 0 64 7252
2019-01-17 19:19:54 ::1 GET / - 44365 - ::1 Mozilla/5.0+(Windows+NT+10.0;+Win64;+x64)+AppleWebKit/537.36+(KHTML,+like+Gecko)+Chrome/71.0.3578.98+Safari/537.36 - 200 0 0 5987
2019-01-17 19:19:59 ::1 GET /Admin/Index - 44365 - ::1 Mozilla/5.0+(Windows+NT+10.0;+Win64;+x64)+AppleWebKit/537.36+(KHTML,+like+Gecko)+Chrome/71.0.3578.98+Safari/537.36 https://localhost:44365/ 200 0 0 1861
2019-01-17 19:20:02 ::1 GET /Admin/Edit/f130b797-a795-44d7-9885-d4441d9a264d - 44365 - ::1 Mozilla/5.0+(Windows+NT+10.0;+Win64;+x64)+AppleWebKit/537.36+(KHTML,+like+Gecko)+Chrome/71.0.3578.98+Safari/537.36 https://localhost:44365/Admin/Index 200 0 0 595
2019-01-17 19:20:32 ::1 POST /Admin/Edit/f130b797-a795-44d7-9885-d4441d9a264d - 44365 - ::1 Mozilla/5.0+(Windows+NT+10.0;+Win64;+x64)+AppleWebKit/537.36+(KHTML,+like+Gecko)+Chrome/71.0.3578.98+Safari/537.36 https://localhost:44365/Admin/Edit/f130b797-a795-44d7-9885-d4441d9a264d 302 0 0 16529
2019-01-17 19:20:32 ::1 GET /Admin/Index - 44365 - ::1 Mozilla/5.0+(Windows+NT+10.0;+Win64;+x64)+AppleWebKit/537.36+(KHTML,+like+Gecko)+Chrome/71.0.3578.98+Safari/537.36 https://localhost:44365/Admin/Edit/f130b797-a795-44d7-9885-d4441d9a264d 200 0 0 224
2019-01-17 19:20:34 ::1 GET /Admin/Edit/f130b797-a795-44d7-9885-d4441d9a264d - 44365 - ::1 Mozilla/5.0+(Windows+NT+10.0;+Win64;+x64)+AppleWebKit/537.36+(KHTML,+like+Gecko)+Chrome/71.0.3578.98+Safari/537.36 https://localhost:44365/Admin/Index 200 0 0 222
#Software: Microsoft Internet Information Services 10.0
#Version: 1.0
#Date: 2019-01-17 19:28:42
#Fields: date time s-ip cs-method cs-uri-stem cs-uri-query s-port cs-username c-ip cs(User-Agent) cs(Referer) sc-status sc-substatus sc-win32-status time-taken
2019-01-17 19:28:42 ::1 DEBUG / - 52380 - ::1 - - 200 0 64 8351
2019-01-17 19:28:43 ::1 GET / - 44365 - ::1 Mozilla/5.0+(Windows+NT+10.0;+Win64;+x64)+AppleWebKit/537.36+(KHTML,+like+Gecko)+Chrome/71.0.3578.98+Safari/537.36 - 200 0 0 7419
2019-01-17 19:28:52 ::1 GET /Admin/Index - 44365 - ::1 Mozilla/5.0+(Windows+NT+10.0;+Win64;+x64)+AppleWebKit/537.36+(KHTML,+like+Gecko)+Chrome/71.0.3578.98+Safari/537.36 https://localhost:44365/ 200 0 0 2096
2019-01-17 19:28:55 ::1 GET /Admin/Edit/f130b797-a795-44d7-9885-d4441d9a264d - 44365 - ::1 Mozilla/5.0+(Windows+NT+10.0;+Win64;+x64)+AppleWebKit/537.36+(KHTML,+like+Gecko)+Chrome/71.0.3578.98+Safari/537.36 https://localhost:44365/Admin/Index 200 0 0 454
2019-01-17 19:29:31 ::1 POST /Admin/Edit/f130b797-a795-44d7-9885-d4441d9a264d - 44365 - ::1 Mozilla/5.0+(Windows+NT+10.0;+Win64;+x64)+AppleWebKit/537.36+(KHTML,+like+Gecko)+Chrome/71.0.3578.98+Safari/537.36 https://localhost:44365/Admin/Edit/f130b797-a795-44d7-9885-d4441d9a264d 302 0 0 21414
2019-01-17 19:29:31 ::1 GET /Admin/Index - 44365 - ::1 Mozilla/5.0+(Windows+NT+10.0;+Win64;+x64)+AppleWebKit/537.36+(KHTML,+like+Gecko)+Chrome/71.0.3578.98+Safari/537.36 https://localhost:44365/Admin/Edit/f130b797-a795-44d7-9885-d4441d9a264d 200 0 0 240
2019-01-17 19:29:33 ::1 GET /Admin/Edit/f130b797-a795-44d7-9885-d4441d9a264d - 44365 - ::1 Mozilla/5.0+(Windows+NT+10.0;+Win64;+x64)+AppleWebKit/537.36+(KHTML,+like+Gecko)+Chrome/71.0.3578.98+Safari/537.36 https://localhost:44365/Admin/Index 200 0 0 214
#Software: Microsoft Internet Information Services 10.0
#Version: 1.0
#Date: 2019-01-17 19:35:15
#Fields: date time s-ip cs-method cs-uri-stem cs-uri-query s-port cs-username c-ip cs(User-Agent) cs(Referer) sc-status sc-substatus sc-win32-status time-taken
2019-01-17 19:35:15 ::1 DEBUG / - 52380 - ::1 - - 200 0 64 7710
2019-01-17 19:35:16 ::1 GET / - 44365 - ::1 Mozilla/5.0+(Windows+NT+10.0;+Win64;+x64)+AppleWebKit/537.36+(KHTML,+like+Gecko)+Chrome/71.0.3578.98+Safari/537.36 - 200 0 0 6879
2019-01-17 19:37:58 ::1 GET / - 44365 - ::1 Mozilla/5.0+(Windows+NT+10.0;+Win64;+x64)+AppleWebKit/537.36+(KHTML,+like+Gecko)+Chrome/71.0.3578.98+Safari/537.36 - 200 0 0 87
2019-01-17 19:37:58 ::1 GET /favicon.ico - 44365 - ::1 Mozilla/5.0+(Windows+NT+10.0;+Win64;+x64)+AppleWebKit/537.36+(KHTML,+like+Gecko)+Chrome/71.0.3578.98+Safari/537.36 https://localhost:44365/ 200 0 0 68
2019-01-17 19:38:05 ::1 GET /Admin/Index - 44365 - ::1 Mozilla/5.0+(Windows+NT+10.0;+Win64;+x64)+AppleWebKit/537.36+(KHTML,+like+Gecko)+Chrome/71.0.3578.98+Safari/537.36 https://localhost:44365/ 200 0 0 1695
2019-01-17 19:38:15 ::1 GET /Admin/EditPassword/f130b797-a795-44d7-9885-d4441d9a264d - 44365 - ::1 Mozilla/5.0+(Windows+NT+10.0;+Win64;+x64)+AppleWebKit/537.36+(KHTML,+like+Gecko)+Chrome/71.0.3578.98+Safari/537.36 https://localhost:44365/Admin/Index 200 0 0 6562
2019-01-17 19:39:08 ::1 POST /Admin/Edit - 44365 - ::1 Mozilla/5.0+(Windows+NT+10.0;+Win64;+x64)+AppleWebKit/537.36+(KHTML,+like+Gecko)+Chrome/71.0.3578.98+Safari/537.36 https://localhost:44365/Admin/EditPassword/f130b797-a795-44d7-9885-d4441d9a264d 302 0 0 275
2019-01-17 19:39:08 ::1 GET /Admin/Index - 44365 - ::1 Mozilla/5.0+(Windows+NT+10.0;+Win64;+x64)+AppleWebKit/537.36+(KHTML,+like+Gecko)+Chrome/71.0.3578.98+Safari/537.36 https://localhost:44365/Admin/EditPassword/f130b797-a795-44d7-9885-d4441d9a264d 200 0 0 224
2019-01-17 19:39:29 ::1 GET /Admin/Index - 44365 - ::1 Mozilla/5.0+(Windows+NT+10.0;+Win64;+x64)+AppleWebKit/537.36+(KHTML,+like+Gecko)+Chrome/71.0.3578.98+Safari/537.36 https://localhost:44365/Admin/EditPassword/f130b797-a795-44d7-9885-d4441d9a264d 200 0 0 185
2019-01-17 19:39:29 ::1 GET /favicon.ico - 44365 - ::1 Mozilla/5.0+(Windows+NT+10.0;+Win64;+x64)+AppleWebKit/537.36+(KHTML,+like+Gecko)+Chrome/71.0.3578.98+Safari/537.36 https://localhost:44365/Admin/Index 200 0 0 25
2019-01-17 19:39:42 ::1 GET /Admin/EditPassword/f130b797-a795-44d7-9885-d4441d9a264d - 44365 - ::1 Mozilla/5.0+(Windows+NT+10.0;+Win64;+x64)+AppleWebKit/537.36+(KHTML,+like+Gecko)+Chrome/71.0.3578.98+Safari/537.36 https://localhost:44365/Admin/Index 200 0 0 8049
2019-01-17 19:39:47 ::1 POST /Admin/Edit - 44365 - ::1 Mozilla/5.0+(Windows+NT+10.0;+Win64;+x64)+AppleWebKit/537.36+(KHTML,+like+Gecko)+Chrome/71.0.3578.98+Safari/537.36 https://localhost:44365/Admin/EditPassword/f130b797-a795-44d7-9885-d4441d9a264d 302 0 0 212
2019-01-17 19:39:47 ::1 GET /Admin/Index - 44365 - ::1 Mozilla/5.0+(Windows+NT+10.0;+Win64;+x64)+AppleWebKit/537.36+(KHTML,+like+Gecko)+Chrome/71.0.3578.98+Safari/537.36 https://localhost:44365/Admin/EditPassword/f130b797-a795-44d7-9885-d4441d9a264d 200 0 0 204
2019-01-17 19:40:18 ::1 GET /Admin/Index - 44365 - ::1 Mozilla/5.0+(Windows+NT+10.0;+Win64;+x64)+AppleWebKit/537.36+(KHTML,+like+Gecko)+Chrome/71.0.3578.98+Safari/537.36 https://localhost:44365/Admin/EditPassword/f130b797-a795-44d7-9885-d4441d9a264d 200 0 0 209
2019-01-17 19:40:18 ::1 GET /favicon.ico - 44365 - ::1 Mozilla/5.0+(Windows+NT+10.0;+Win64;+x64)+AppleWebKit/537.36+(KHTML,+like+Gecko)+Chrome/71.0.3578.98+Safari/537.36 https://localhost:44365/Admin/Index 200 0 0 55
2019-01-17 19:40:20 ::1 GET /Admin/Index - 44365 - ::1 Mozilla/5.0+(Windows+NT+10.0;+Win64;+x64)+AppleWebKit/537.36+(KHTML,+like+Gecko)+Chrome/71.0.3578.98+Safari/537.36 https://localhost:44365/Admin/EditPassword/f130b797-a795-44d7-9885-d4441d9a264d 200 0 0 207
2019-01-17 19:40:20 ::1 GET /favicon.ico - 44365 - ::1 Mozilla/5.0+(Windows+NT+10.0;+Win64;+x64)+AppleWebKit/537.36+(KHTML,+like+Gecko)+Chrome/71.0.3578.98+Safari/537.36 https://localhost:44365/Admin/Index 200 0 0 14
2019-01-17 19:40:24 ::1 GET /Admin/EditPassword/f130b797-a795-44d7-9885-d4441d9a264d - 44365 - ::1 Mozilla/5.0+(Windows+NT+10.0;+Win64;+x64)+AppleWebKit/537.36+(KHTML,+like+Gecko)+Chrome/71.0.3578.98+Safari/537.36 https://localhost:44365/Admin/Index 200 0 0 707
2019-01-17 19:42:05 ::1 POST /Admin/EditPassword/f130b797-a795-44d7-9885-d4441d9a264d - 44365 - ::1 Mozilla/5.0+(Windows+NT+10.0;+Win64;+x64)+AppleWebKit/537.36+(KHTML,+like+Gecko)+Chrome/71.0.3578.98+Safari/537.36 https://localhost:44365/Admin/EditPassword/f130b797-a795-44d7-9885-d4441d9a264d 502 3 12030 96245
#Software: Microsoft Internet Information Services 10.0
#Version: 1.0
#Date: 2019-01-17 19:45:28
#Fields: date time s-ip cs-method cs-uri-stem cs-uri-query s-port cs-username c-ip cs(User-Agent) cs(Referer) sc-status sc-substatus sc-win32-status time-taken
2019-01-17 19:45:28 ::1 DEBUG / - 52380 - ::1 - - 200 0 64 8590
2019-01-17 19:45:28 ::1 GET / - 44365 - ::1 Mozilla/5.0+(Windows+NT+10.0;+Win64;+x64)+AppleWebKit/537.36+(KHTML,+like+Gecko)+Chrome/71.0.3578.98+Safari/537.36 - 200 0 0 7030
2019-01-17 19:45:34 ::1 GET /Admin/Index - 44365 - ::1 Mozilla/5.0+(Windows+NT+10.0;+Win64;+x64)+AppleWebKit/537.36+(KHTML,+like+Gecko)+Chrome/71.0.3578.98+Safari/537.36 https://localhost:44365/ 400 0 64 3191
2019-01-17 19:45:34 ::1 GET /Admin/Index - 44365 - ::1 Mozilla/5.0+(Windows+NT+10.0;+Win64;+x64)+AppleWebKit/537.36+(KHTML,+like+Gecko)+Chrome/71.0.3578.98+Safari/537.36 https://localhost:44365/ 200 0 0 1418
2019-01-17 19:45:37 ::1 GET /Admin/EditPassword/f130b797-a795-44d7-9885-d4441d9a264d - 44365 - ::1 Mozilla/5.0+(Windows+NT+10.0;+Win64;+x64)+AppleWebKit/537.36+(KHTML,+like+Gecko)+Chrome/71.0.3578.98+Safari/537.36 https://localhost:44365/Admin/Index 200 0 0 539
2019-01-17 19:46:30 ::1 POST /Admin/EditPassword/f130b797-a795-44d7-9885-d4441d9a264d - 44365 - ::1 Mozilla/5.0+(Windows+NT+10.0;+Win64;+x64)+AppleWebKit/537.36+(KHTML,+like+Gecko)+Chrome/71.0.3578.98+Safari/537.36 https://localhost:44365/Admin/EditPassword/f130b797-a795-44d7-9885-d4441d9a264d 302 0 0 39284
2019-01-17 19:46:30 ::1 GET /Admin/Index - 44365 - ::1 Mozilla/5.0+(Windows+NT+10.0;+Win64;+x64)+AppleWebKit/537.36+(KHTML,+like+Gecko)+Chrome/71.0.3578.98+Safari/537.36 https://localhost:44365/Admin/EditPassword/f130b797-a795-44d7-9885-d4441d9a264d 200 0 0 221
#Software: Microsoft Internet Information Services 10.0
#Version: 1.0
#Date: 2019-01-17 19:48:38
#Fields: date time s-ip cs-method cs-uri-stem cs-uri-query s-port cs-username c-ip cs(User-Agent) cs(Referer) sc-status sc-substatus sc-win32-status time-taken
2019-01-17 19:48:38 ::1 DEBUG / - 52380 - ::1 - - 200 0 64 8432
2019-01-17 19:48:40 ::1 GET / - 44365 - ::1 Mozilla/5.0+(Windows+NT+10.0;+Win64;+x64)+AppleWebKit/537.36+(KHTML,+like+Gecko)+Chrome/71.0.3578.98+Safari/537.36 - 200 0 0 7496
2019-01-17 19:48:43 ::1 GET /Admin/Index - 44365 - ::1 Mozilla/5.0+(Windows+NT+10.0;+Win64;+x64)+AppleWebKit/537.36+(KHTML,+like+Gecko)+Chrome/71.0.3578.98+Safari/537.36 https://localhost:44365/ 200 0 0 1883
2019-01-17 19:48:47 ::1 GET /Admin/EditPassword/f130b797-a795-44d7-9885-d4441d9a264d - 44365 - ::1 Mozilla/5.0+(Windows+NT+10.0;+Win64;+x64)+AppleWebKit/537.36+(KHTML,+like+Gecko)+Chrome/71.0.3578.98+Safari/537.36 https://localhost:44365/Admin/Index 200 0 0 498
2019-01-17 19:49:52 ::1 POST /Admin/EditPassword/f130b797-a795-44d7-9885-d4441d9a264d - 44365 - ::1 Mozilla/5.0+(Windows+NT+10.0;+Win64;+x64)+AppleWebKit/537.36+(KHTML,+like+Gecko)+Chrome/71.0.3578.98+Safari/537.36 https://localhost:44365/Admin/EditPassword/f130b797-a795-44d7-9885-d4441d9a264d 302 0 0 43992
2019-01-17 19:49:52 ::1 GET /Admin/Index - 44365 - ::1 Mozilla/5.0+(Windows+NT+10.0;+Win64;+x64)+AppleWebKit/537.36+(KHTML,+like+Gecko)+Chrome/71.0.3578.98+Safari/537.36 https://localhost:44365/Admin/EditPassword/f130b797-a795-44d7-9885-d4441d9a264d 200 0 0 223
2019-01-17 19:49:55 ::1 GET /Identity/Account/Login - 44365 - ::1 Mozilla/5.0+(Windows+NT+10.0;+Win64;+x64)+AppleWebKit/537.36+(KHTML,+like+Gecko)+Chrome/71.0.3578.98+Safari/537.36 https://localhost:44365/Admin/Index 200 0 0 353
2019-01-17 19:50:09 ::1 POST /Identity/Account/Login - 44365 - ::1 Mozilla/5.0+(Windows+NT+10.0;+Win64;+x64)+AppleWebKit/537.36+(KHTML,+like+Gecko)+Chrome/71.0.3578.98+Safari/537.36 https://localhost:44365/Identity/Account/Login 302 0 0 435
2019-01-17 19:50:09 ::1 GET / - 44365 - ::1 Mozilla/5.0+(Windows+NT+10.0;+Win64;+x64)+AppleWebKit/537.36+(KHTML,+like+Gecko)+Chrome/71.0.3578.98+Safari/537.36 https://localhost:44365/Identity/Account/Login 200 0 0 46
2019-01-17 19:50:14 ::1 GET /Admin/Index - 44365 - ::1 Mozilla/5.0+(Windows+NT+10.0;+Win64;+x64)+AppleWebKit/537.36+(KHTML,+like+Gecko)+Chrome/71.0.3578.98+Safari/537.36 https://localhost:44365/ 200 0 0 224
2019-01-17 19:50:16 ::1 GET /Admin/EditPassword/f130b797-a795-44d7-9885-d4441d9a264d - 44365 - ::1 Mozilla/5.0+(Windows+NT+10.0;+Win64;+x64)+AppleWebKit/537.36+(KHTML,+like+Gecko)+Chrome/71.0.3578.98+Safari/537.36 https://localhost:44365/Admin/Index 200 0 0 302
2019-01-17 19:50:26 ::1 POST /Admin/EditPassword/f130b797-a795-44d7-9885-d4441d9a264d - 44365 - ::1 Mozilla/5.0+(Windows+NT+10.0;+Win64;+x64)+AppleWebKit/537.36+(KHTML,+like+Gecko)+Chrome/71.0.3578.98+Safari/537.36 https://localhost:44365/Admin/EditPassword/f130b797-a795-44d7-9885-d4441d9a264d 302 0 0 3423
2019-01-17 19:50:26 ::1 GET /Admin/Index - 44365 - ::1 Mozilla/5.0+(Windows+NT+10.0;+Win64;+x64)+AppleWebKit/537.36+(KHTML,+like+Gecko)+Chrome/71.0.3578.98+Safari/537.36 https://localhost:44365/Admin/EditPassword/f130b797-a795-44d7-9885-d4441d9a264d 200 0 0 205
2019-01-17 19:50:28 ::1 POST /Identity/Account/Logout returnUrl=%2FHome%2FIndex 44365 - ::1 Mozilla/5.0+(Windows+NT+10.0;+Win64;+x64)+AppleWebKit/537.36+(KHTML,+like+Gecko)+Chrome/71.0.3578.98+Safari/537.36 https://localhost:44365/Admin/Index 302 0 0 133
2019-01-17 19:50:28 ::1 GET /Home/Index - 44365 - ::1 Mozilla/5.0+(Windows+NT+10.0;+Win64;+x64)+AppleWebKit/537.36+(KHTML,+like+Gecko)+Chrome/71.0.3578.98+Safari/537.36 https://localhost:44365/Admin/Index 200 0 0 104
2019-01-17 19:50:29 ::1 GET /Identity/Account/Login - 44365 - ::1 Mozilla/5.0+(Windows+NT+10.0;+Win64;+x64)+AppleWebKit/537.36+(KHTML,+like+Gecko)+Chrome/71.0.3578.98+Safari/537.36 https://localhost:44365/Home/Index 200 0 0 54
2019-01-17 19:50:41 ::1 POST /Identity/Account/Login - 44365 - ::1 Mozilla/5.0+(Windows+NT+10.0;+Win64;+x64)+AppleWebKit/537.36+(KHTML,+like+Gecko)+Chrome/71.0.3578.98+Safari/537.36 https://localhost:44365/Identity/Account/Login 200 0 0 228
2019-01-17 19:50:49 ::1 POST /Identity/Account/Login - 44365 - ::1 Mozilla/5.0+(Windows+NT+10.0;+Win64;+x64)+AppleWebKit/537.36+(KHTML,+like+Gecko)+Chrome/71.0.3578.98+Safari/537.36 https://localhost:44365/Identity/Account/Login 302 0 0 405
2019-01-17 19:50:49 ::1 GET / - 44365 - ::1 Mozilla/5.0+(Windows+NT+10.0;+Win64;+x64)+AppleWebKit/537.36+(KHTML,+like+Gecko)+Chrome/71.0.3578.98+Safari/537.36 https://localhost:44365/Identity/Account/Login 200 0 0 94
2019-01-17 19:50:53 ::1 GET /Admin/Index - 44365 - ::1 Mozilla/5.0+(Windows+NT+10.0;+Win64;+x64)+AppleWebKit/537.36+(KHTML,+like+Gecko)+Chrome/71.0.3578.98+Safari/537.36 https://localhost:44365/ 200 0 0 189
#Software: Microsoft Internet Information Services 10.0
#Version: 1.0
#Date: 2019-01-17 20:40:40
#Fields: date time s-ip cs-method cs-uri-stem cs-uri-query s-port cs-username c-ip cs(User-Agent) cs(Referer) sc-status sc-substatus sc-win32-status time-taken
2019-01-17 20:40:40 ::1 GET /Admin/Details/73144a4a-745e-4be0-99bb-06ff8b26b779 - 44365 - ::1 Mozilla/5.0+(Windows+NT+10.0;+Win64;+x64)+AppleWebKit/537.36+(KHTML,+like+Gecko)+Chrome/71.0.3578.98+Safari/537.36 https://localhost:44365/Admin/Index 500 0 0 1097
2019-01-17 20:40:42 ::1 GET /Admin/Index - 44365 - ::1 Mozilla/5.0+(Windows+NT+10.0;+Win64;+x64)+AppleWebKit/537.36+(KHTML,+like+Gecko)+Chrome/71.0.3578.98+Safari/537.36 https://localhost:44365/ 200 0 0 200
2019-01-17 20:40:44 ::1 GET /Admin/Details/ca588080-caa0-48fb-9bac-f341f9c2f591 - 44365 - ::1 Mozilla/5.0+(Windows+NT+10.0;+Win64;+x64)+AppleWebKit/537.36+(KHTML,+like+Gecko)+Chrome/71.0.3578.98+Safari/537.36 https://localhost:44365/Admin/Index 500 0 0 121
2019-01-17 20:40:46 ::1 GET /Admin/Index - 44365 - ::1 Mozilla/5.0+(Windows+NT+10.0;+Win64;+x64)+AppleWebKit/537.36+(KHTML,+like+Gecko)+Chrome/71.0.3578.98+Safari/537.36 https://localhost:44365/ 200 0 0 266
2019-01-17 20:40:47 ::1 GET /Admin/Details/f130b797-a795-44d7-9885-d4441d9a264d - 44365 - ::1 Mozilla/5.0+(Windows+NT+10.0;+Win64;+x64)+AppleWebKit/537.36+(KHTML,+like+Gecko)+Chrome/71.0.3578.98+Safari/537.36 https://localhost:44365/Admin/Index 500 0 0 134
2019-01-17 20:40:50 ::1 GET /Admin/Index - 44365 - ::1 Mozilla/5.0+(Windows+NT+10.0;+Win64;+x64)+AppleWebKit/537.36+(KHTML,+like+Gecko)+Chrome/71.0.3578.98+Safari/537.36 https://localhost:44365/ 200 0 0 203
#Software: Microsoft Internet Information Services 10.0
#Version: 1.0
#Date: 2019-01-17 21:19:09
#Fields: date time s-ip cs-method cs-uri-stem cs-uri-query s-port cs-username c-ip cs(User-Agent) cs(Referer) sc-status sc-substatus sc-win32-status time-taken
2019-01-17 21:19:09 ::1 DEBUG / - 52380 - ::1 - - 200 0 64 7979
2019-01-17 21:19:12 ::1 GET / - 44365 - ::1 Mozilla/5.0+(Windows+NT+10.0;+Win64;+x64)+AppleWebKit/537.36+(KHTML,+like+Gecko)+Chrome/71.0.3578.98+Safari/537.36 - 200 0 0 8670
2019-01-17 21:19:14 ::1 GET /Admin/Index - 44365 - ::1 Mozilla/5.0+(Windows+NT+10.0;+Win64;+x64)+AppleWebKit/537.36+(KHTML,+like+Gecko)+Chrome/71.0.3578.98+Safari/537.36 https://localhost:44365/ 200 0 0 304
2019-01-17 21:19:17 ::1 GET /Admin/Details/73144a4a-745e-4be0-99bb-06ff8b26b779 - 44365 - ::1 Mozilla/5.0+(Windows+NT+10.0;+Win64;+x64)+AppleWebKit/537.36+(KHTML,+like+Gecko)+Chrome/71.0.3578.98+Safari/537.36 https://localhost:44365/Admin/Index 500 0 0 291
2019-01-17 21:19:19 ::1 GET /Admin/Index - 44365 - ::1 Mozilla/5.0+(Windows+NT+10.0;+Win64;+x64)+AppleWebKit/537.36+(KHTML,+like+Gecko)+Chrome/71.0.3578.98+Safari/537.36 https://localhost:44365/ 200 0 0 238
2019-01-17 21:20:58 ::1 GET /Admin/Index - 44365 - ::1 Mozilla/5.0+(Windows+NT+10.0;+Win64;+x64)+AppleWebKit/537.36+(KHTML,+like+Gecko)+Chrome/71.0.3578.98+Safari/537.36 https://localhost:44365/ 200 0 0 3252
2019-01-17 21:20:58 ::1 GET /favicon.ico - 44365 - ::1 Mozilla/5.0+(Windows+NT+10.0;+Win64;+x64)+AppleWebKit/537.36+(KHTML,+like+Gecko)+Chrome/71.0.3578.98+Safari/537.36 https://localhost:44365/Admin/Index 200 0 0 31
2019-01-17 21:21:32 ::1 GET /Home/Index - 44365 - ::1 Mozilla/5.0+(Windows+NT+10.0;+Win64;+x64)+AppleWebKit/537.36+(KHTML,+like+Gecko)+Chrome/71.0.3578.98+Safari/537.36 https://localhost:44365/Admin/Index 200 0 0 99
2019-01-17 21:21:32 ::1 GET /Customers/Index - 44365 - ::1 Mozilla/5.0+(Windows+NT+10.0;+Win64;+x64)+AppleWebKit/537.36+(KHTML,+like+Gecko)+Chrome/71.0.3578.98+Safari/537.36 https://localhost:44365/Home/Index 200 0 0 299
2019-01-17 21:21:34 ::1 GET /Admin/Index - 44365 - ::1 Mozilla/5.0+(Windows+NT+10.0;+Win64;+x64)+AppleWebKit/537.36+(KHTML,+like+Gecko)+Chrome/71.0.3578.98+Safari/537.36 https://localhost:44365/Customers/Index 200 0 0 187
2019-01-17 21:21:39 ::1 GET /Admin/Edit/f130b797-a795-44d7-9885-d4441d9a264d - 44365 - ::1 Mozilla/5.0+(Windows+NT+10.0;+Win64;+x64)+AppleWebKit/537.36+(KHTML,+like+Gecko)+Chrome/71.0.3578.98+Safari/537.36 https://localhost:44365/Admin/Index 200 0 0 300
2019-01-17 21:22:49 ::1 GET /Admin/Index - 44365 - ::1 Mozilla/5.0+(Windows+NT+10.0;+Win64;+x64)+AppleWebKit/537.36+(KHTML,+like+Gecko)+Chrome/71.0.3578.98+Safari/537.36 https://localhost:44365/Admin/Edit/f130b797-a795-44d7-9885-d4441d9a264d 200 0 0 220
2019-01-17 21:22:55 ::1 GET /Admin/EditPassword/73144a4a-745e-4be0-99bb-06ff8b26b779 - 44365 - ::1 Mozilla/5.0+(Windows+NT+10.0;+Win64;+x64)+AppleWebKit/537.36+(KHTML,+like+Gecko)+Chrome/71.0.3578.98+Safari/537.36 https://localhost:44365/Admin/Index 200 0 0 233
2019-01-17 21:24:47 ::1 GET /Admin/Index - 44365 - ::1 Mozilla/5.0+(Windows+NT+10.0;+Win64;+x64)+AppleWebKit/537.36+(KHTML,+like+Gecko)+Chrome/71.0.3578.98+Safari/537.36 https://localhost:44365/Admin/EditPassword/73144a4a-745e-4be0-99bb-06ff8b26b779 200 0 0 400
2019-01-17 21:24:51 ::1 GET /Admin/EditPassword/73144a4a-745e-4be0-99bb-06ff8b26b779 - 44365 - ::1 Mozilla/5.0+(Windows+NT+10.0;+Win64;+x64)+AppleWebKit/537.36+(KHTML,+like+Gecko)+Chrome/71.0.3578.98+Safari/537.36 https://localhost:44365/Admin/Index 200 0 0 464
2019-01-17 21:26:30 ::1 GET /Admin/EditPassword/73144a4a-745e-4be0-99bb-06ff8b26b779 - 44365 - ::1 Mozilla/5.0+(Windows+NT+10.0;+Win64;+x64)+AppleWebKit/537.36+(KHTML,+like+Gecko)+Chrome/71.0.3578.98+Safari/537.36 https://localhost:44365/Admin/Index 500 0 0 465
2019-01-17 21:26:30 ::1 GET /favicon.ico - 44365 - ::1 Mozilla/5.0+(Windows+NT+10.0;+Win64;+x64)+AppleWebKit/537.36+(KHTML,+like+Gecko)+Chrome/71.0.3578.98+Safari/537.36 https://localhost:44365/Admin/EditPassword/73144a4a-745e-4be0-99bb-06ff8b26b779 200 0 0 18
2019-01-17 21:26:32 ::1 GET /Admin/Index - 44365 - ::1 Mozilla/5.0+(Windows+NT+10.0;+Win64;+x64)+AppleWebKit/537.36+(KHTML,+like+Gecko)+Chrome/71.0.3578.98+Safari/537.36 https://localhost:44365/Admin/EditPassword/73144a4a-745e-4be0-99bb-06ff8b26b779 200 0 0 253
2019-01-17 21:26:54 ::1 GET /Admin/EditPassword/73144a4a-745e-4be0-99bb-06ff8b26b779 - 44365 - ::1 Mozilla/5.0+(Windows+NT+10.0;+Win64;+x64)+AppleWebKit/537.36+(KHTML,+like+Gecko)+Chrome/71.0.3578.98+Safari/537.36 https://localhost:44365/Admin/Index 200 0 0 549
2019-01-17 21:29:41 ::1 GET /Admin/EditPassword/73144a4a-745e-4be0-99bb-06ff8b26b779 - 44365 - ::1 Mozilla/5.0+(Windows+NT+10.0;+Win64;+x64)+AppleWebKit/537.36+(KHTML,+like+Gecko)+Chrome/71.0.3578.98+Safari/537.36 https://localhost:44365/Admin/Index 200 0 0 454
2019-01-17 21:29:41 ::1 GET /favicon.ico - 44365 - ::1 Mozilla/5.0+(Windows+NT+10.0;+Win64;+x64)+AppleWebKit/537.36+(KHTML,+like+Gecko)+Chrome/71.0.3578.98+Safari/537.36 https://localhost:44365/Admin/EditPassword/73144a4a-745e-4be0-99bb-06ff8b26b779 200 0 0 10
2019-01-17 21:31:25 ::1 GET /Admin/EditPassword/73144a4a-745e-4be0-99bb-06ff8b26b779 - 44365 - ::1 Mozilla/5.0+(Windows+NT+10.0;+Win64;+x64)+AppleWebKit/537.36+(KHTML,+like+Gecko)+Chrome/71.0.3578.98+Safari/537.36 https://localhost:44365/Admin/Index 500 0 0 610
2019-01-17 21:31:25 ::1 GET /favicon.ico - 44365 - ::1 Mozilla/5.0+(Windows+NT+10.0;+Win64;+x64)+AppleWebKit/537.36+(KHTML,+like+Gecko)+Chrome/71.0.3578.98+Safari/537.36 https://localhost:44365/Admin/EditPassword/73144a4a-745e-4be0-99bb-06ff8b26b779 200 0 0 52
2019-01-17 21:31:41 ::1 GET /Admin/Index - 44365 - ::1 Mozilla/5.0+(Windows+NT+10.0;+Win64;+x64)+AppleWebKit/537.36+(KHTML,+like+Gecko)+Chrome/71.0.3578.98+Safari/537.36 https://localhost:44365/Admin/EditPassword/73144a4a-745e-4be0-99bb-06ff8b26b779 200 0 0 200
2019-01-17 21:31:44 ::1 GET /Admin/EditPassword/73144a4a-745e-4be0-99bb-06ff8b26b779 - 44365 - ::1 Mozilla/5.0+(Windows+NT+10.0;+Win64;+x64)+AppleWebKit/537.36+(KHTML,+like+Gecko)+Chrome/71.0.3578.98+Safari/537.36 https://localhost:44365/Admin/Index 500 0 0 390
2019-01-17 21:32:37 ::1 GET /Admin/Index - 44365 - ::1 Mozilla/5.0+(Windows+NT+10.0;+Win64;+x64)+AppleWebKit/537.36+(KHTML,+like+Gecko)+Chrome/71.0.3578.98+Safari/537.36 https://localhost:44365/Admin/EditPassword/73144a4a-745e-4be0-99bb-06ff8b26b779 200 0 0 241
2019-01-17 21:32:39 ::1 GET /Admin/EditPassword/73144a4a-745e-4be0-99bb-06ff8b26b779 - 44365 - ::1 Mozilla/5.0+(Windows+NT+10.0;+Win64;+x64)+AppleWebKit/537.36+(KHTML,+like+Gecko)+Chrome/71.0.3578.98+Safari/537.36 https://localhost:44365/Admin/Index 200 0 0 505
2019-01-17 21:34:30 ::1 GET /Admin/EditPassword/73144a4a-745e-4be0-99bb-06ff8b26b779 - 44365 - ::1 Mozilla/5.0+(Windows+NT+10.0;+Win64;+x64)+AppleWebKit/537.36+(KHTML,+like+Gecko)+Chrome/71.0.3578.98+Safari/537.36 https://localhost:44365/Admin/Index 200 0 0 521
2019-01-17 21:34:30 ::1 GET /favicon.ico - 44365 - ::1 Mozilla/5.0+(Windows+NT+10.0;+Win64;+x64)+AppleWebKit/537.36+(KHTML,+like+Gecko)+Chrome/71.0.3578.98+Safari/537.36 https://localhost:44365/Admin/EditPassword/73144a4a-745e-4be0-99bb-06ff8b26b779 200 0 0 9
2019-01-17 21:34:37 ::1 GET /Admin/Index - 44365 - ::1 Mozilla/5.0+(Windows+NT+10.0;+Win64;+x64)+AppleWebKit/537.36+(KHTML,+like+Gecko)+Chrome/71.0.3578.98+Safari/537.36 https://localhost:44365/Admin/EditPassword/73144a4a-745e-4be0-99bb-06ff8b26b779 200 0 0 211
2019-01-17 21:38:10 ::1 GET /Home/Index - 44365 - ::1 Mozilla/5.0+(Windows+NT+10.0;+Win64;+x64)+AppleWebKit/537.36+(KHTML,+like+Gecko)+Chrome/71.0.3578.98+Safari/537.36 https://localhost:44365/Admin/Index 200 0 0 59
2019-01-17 21:38:22 ::1 GET /Customers/Index - 44365 - ::1 Mozilla/5.0+(Windows+NT+10.0;+Win64;+x64)+AppleWebKit/537.36+(KHTML,+like+Gecko)+Chrome/71.0.3578.98+Safari/537.36 https://localhost:44365/Home/Index 200 0 0 443
2019-01-17 21:39:38 ::1 GET /Customers/Index - 44365 - ::1 Mozilla/5.0+(Windows+NT+10.0;+Win64;+x64)+AppleWebKit/537.36+(KHTML,+like+Gecko)+Chrome/71.0.3578.98+Safari/537.36 https://localhost:44365/Home/Index 200 0 0 506
2019-01-17 21:39:38 ::1 GET /favicon.ico - 44365 - ::1 Mozilla/5.0+(Windows+NT+10.0;+Win64;+x64)+AppleWebKit/537.36+(KHTML,+like+Gecko)+Chrome/71.0.3578.98+Safari/537.36 https://localhost:44365/Customers/Index 200 0 0 13
2019-01-17 21:39:54 ::1 GET /Customers/Index - 44365 - ::1 Mozilla/5.0+(Windows+NT+10.0;+Win64;+x64)+AppleWebKit/537.36+(KHTML,+like+Gecko)+Chrome/71.0.3578.98+Safari/537.36 https://localhost:44365/Home/Index 200 0 0 427
2019-01-17 21:39:54 ::1 GET /favicon.ico - 44365 - ::1 Mozilla/5.0+(Windows+NT+10.0;+Win64;+x64)+AppleWebKit/537.36+(KHTML,+like+Gecko)+Chrome/71.0.3578.98+Safari/537.36 https://localhost:44365/Customers/Index 200 0 0 19
2019-01-17 21:40:04 ::1 GET /Projects/Index - 44365 - ::1 Mozilla/5.0+(Windows+NT+10.0;+Win64;+x64)+AppleWebKit/537.36+(KHTML,+like+Gecko)+Chrome/71.0.3578.98+Safari/537.36 https://localhost:44365/Customers/Index 200 0 0 324
2019-01-17 21:40:32 ::1 GET /Projects/Index - 44365 - ::1 Mozilla/5.0+(Windows+NT+10.0;+Win64;+x64)+AppleWebKit/537.36+(KHTML,+like+Gecko)+Chrome/71.0.3578.98+Safari/537.36 https://localhost:44365/Customers/Index 200 0 0 458
2019-01-17 21:40:32 ::1 GET /favicon.ico - 44365 - ::1 Mozilla/5.0+(Windows+NT+10.0;+Win64;+x64)+AppleWebKit/537.36+(KHTML,+like+Gecko)+Chrome/71.0.3578.98+Safari/537.36 https://localhost:44365/Projects/Index 200 0 0 12
2019-01-17 21:41:27 ::1 GET /Projects/Index - 44365 - ::1 Mozilla/5.0+(Windows+NT+10.0;+Win64;+x64)+AppleWebKit/537.36+(KHTML,+like+Gecko)+Chrome/71.0.3578.98+Safari/537.36 https://localhost:44365/Customers/Index 500 0 0 483
2019-01-17 21:41:27 ::1 GET /favicon.ico - 44365 - ::1 Mozilla/5.0+(Windows+NT+10.0;+Win64;+x64)+AppleWebKit/537.36+(KHTML,+like+Gecko)+Chrome/71.0.3578.98+Safari/537.36 https://localhost:44365/Projects/Index 200 0 0 38
2019-01-17 21:41:29 ::1 GET /Customers/Index - 44365 - ::1 Mozilla/5.0+(Windows+NT+10.0;+Win64;+x64)+AppleWebKit/537.36+(KHTML,+like+Gecko)+Chrome/71.0.3578.98+Safari/537.36 https://localhost:44365/Home/Index 200 0 0 226
2019-01-17 21:42:05 ::1 GET /Customers/Index - 44365 - ::1 Mozilla/5.0+(Windows+NT+10.0;+Win64;+x64)+AppleWebKit/537.36+(KHTML,+like+Gecko)+Chrome/71.0.3578.98+Safari/537.36 https://localhost:44365/Home/Index 200 0 0 196
2019-01-17 21:42:05 ::1 GET /favicon.ico - 44365 - ::1 Mozilla/5.0+(Windows+NT+10.0;+Win64;+x64)+AppleWebKit/537.36+(KHTML,+like+Gecko)+Chrome/71.0.3578.98+Safari/537.36 https://localhost:44365/Customers/Index 200 0 0 15
2019-01-17 21:42:08 ::1 GET /Customers/Index - 44365 - ::1 Mozilla/5.0+(Windows+NT+10.0;+Win64;+x64)+AppleWebKit/537.36+(KHTML,+like+Gecko)+Chrome/71.0.3578.98+Safari/537.36 https://localhost:44365/Home/Index 200 0 0 243
2019-01-17 21:42:08 ::1 GET /favicon.ico - 44365 - ::1 Mozilla/5.0+(Windows+NT+10.0;+Win64;+x64)+AppleWebKit/537.36+(KHTML,+like+Gecko)+Chrome/71.0.3578.98+Safari/537.36 https://localhost:44365/Customers/Index 200 0 0 15
2019-01-17 21:42:16 ::1 GET /Customers/Index - 44365 - ::1 Mozilla/5.0+(Windows+NT+10.0;+Win64;+x64)+AppleWebKit/537.36+(KHTML,+like+Gecko)+Chrome/71.0.3578.98+Safari/537.36 https://localhost:44365/Home/Index 200 0 0 185
2019-01-17 21:42:16 ::1 GET /favicon.ico - 44365 - ::1 Mozilla/5.0+(Windows+NT+10.0;+Win64;+x64)+AppleWebKit/537.36+(KHTML,+like+Gecko)+Chrome/71.0.3578.98+Safari/537.36 https://localhost:44365/Customers/Index 200 0 0 12
2019-01-17 21:42:17 ::1 GET /Customers/Index - 44365 - ::1 Mozilla/5.0+(Windows+NT+10.0;+Win64;+x64)+AppleWebKit/537.36+(KHTML,+like+Gecko)+Chrome/71.0.3578.98+Safari/537.36 https://localhost:44365/Home/Index 200 0 0 187
2019-01-17 21:42:17 ::1 GET /favicon.ico - 44365 - ::1 Mozilla/5.0+(Windows+NT+10.0;+Win64;+x64)+AppleWebKit/537.36+(KHTML,+like+Gecko)+Chrome/71.0.3578.98+Safari/537.36 https://localhost:44365/Customers/Index 200 0 0 14
2019-01-17 21:42:18 ::1 GET /Customers/Index - 44365 - ::1 Mozilla/5.0+(Windows+NT+10.0;+Win64;+x64)+AppleWebKit/537.36+(KHTML,+like+Gecko)+Chrome/71.0.3578.98+Safari/537.36 https://localhost:44365/Home/Index 200 0 0 184
2019-01-17 21:42:18 ::1 GET /favicon.ico - 44365 - ::1 Mozilla/5.0+(Windows+NT+10.0;+Win64;+x64)+AppleWebKit/537.36+(KHTML,+like+Gecko)+Chrome/71.0.3578.98+Safari/537.36 https://localhost:44365/Customers/Index 200 0 0 15
2019-01-17 21:42:46 ::1 GET /Customers/Index - 44365 - ::1 Mozilla/5.0+(Windows+NT+10.0;+Win64;+x64)+AppleWebKit/537.36+(KHTML,+like+Gecko)+Chrome/71.0.3578.98+Safari/537.36 https://localhost:44365/Home/Index 200 0 0 192
2019-01-17 21:42:46 ::1 GET /favicon.ico - 44365 - ::1 Mozilla/5.0+(Windows+NT+10.0;+Win64;+x64)+AppleWebKit/537.36+(KHTML,+like+Gecko)+Chrome/71.0.3578.98+Safari/537.36 https://localhost:44365/Customers/Index 200 0 0 9
2019-01-17 21:43:07 ::1 GET /Customers/Create - 44365 - ::1 Mozilla/5.0+(Windows+NT+10.0;+Win64;+x64)+AppleWebKit/537.36+(KHTML,+like+Gecko)+Chrome/71.0.3578.98+Safari/537.36 https://localhost:44365/Customers/Index 200 0 0 75
2019-01-17 21:43:12 ::1 POST /Customers/Create - 44365 - ::1 Mozilla/5.0+(Windows+NT+10.0;+Win64;+x64)+AppleWebKit/537.36+(KHTML,+like+Gecko)+Chrome/71.0.3578.98+Safari/537.36 https://localhost:44365/Customers/Create 302 0 0 473
2019-01-17 21:43:12 ::1 GET /Customers/Index - 44365 - ::1 Mozilla/5.0+(Windows+NT+10.0;+Win64;+x64)+AppleWebKit/537.36+(KHTML,+like+Gecko)+Chrome/71.0.3578.98+Safari/537.36 https://localhost:44365/Customers/Create 200 0 0 184
2019-01-17 21:43:21 ::1 GET /Projects/Index - 44365 - ::1 Mozilla/5.0+(Windows+NT+10.0;+Win64;+x64)+AppleWebKit/537.36+(KHTML,+like+Gecko)+Chrome/71.0.3578.98+Safari/537.36 https://localhost:44365/Customers/Index 200 0 0 387
2019-01-17 21:43:27 ::1 GET /EmployeeTimes/Index - 44365 - ::1 Mozilla/5.0+(Windows+NT+10.0;+Win64;+x64)+AppleWebKit/537.36+(KHTML,+like+Gecko)+Chrome/71.0.3578.98+Safari/537.36 https://localhost:44365/Projects/Index 200 0 0 428
2019-01-17 21:43:59 ::1 GET /EmployeeTimes/Index - 44365 - ::1 Mozilla/5.0+(Windows+NT+10.0;+Win64;+x64)+AppleWebKit/537.36+(KHTML,+like+Gecko)+Chrome/71.0.3578.98+Safari/537.36 https://localhost:44365/Projects/Index 200 0 0 732
2019-01-17 21:43:59 ::1 GET /favicon.ico - 44365 - ::1 Mozilla/5.0+(Windows+NT+10.0;+Win64;+x64)+AppleWebKit/537.36+(KHTML,+like+Gecko)+Chrome/71.0.3578.98+Safari/537.36 https://localhost:44365/EmployeeTimes/Index 200 0 0 25
2019-01-17 21:44:24 ::1 GET /EmployeeTimes/Create - 44365 - ::1 Mozilla/5.0+(Windows+NT+10.0;+Win64;+x64)+AppleWebKit/537.36+(KHTML,+like+Gecko)+Chrome/71.0.3578.98+Safari/537.36 https://localhost:44365/EmployeeTimes/Index 200 0 0 809
2019-01-17 21:44:39 ::1 GET /EmployeeTimes/Index - 44365 - ::1 Mozilla/5.0+(Windows+NT+10.0;+Win64;+x64)+AppleWebKit/537.36+(KHTML,+like+Gecko)+Chrome/71.0.3578.98+Safari/537.36 https://localhost:44365/Projects/Index 200 0 0 204
2019-01-17 21:44:45 ::1 GET /Admin/Index - 44365 - ::1 Mozilla/5.0+(Windows+NT+10.0;+Win64;+x64)+AppleWebKit/537.36+(KHTML,+like+Gecko)+Chrome/71.0.3578.98+Safari/537.36 https://localhost:44365/EmployeeTimes/Index 200 0 0 224
2019-01-17 21:44:47 ::1 GET /EmployeeTimes/Index - 44365 - ::1 Mozilla/5.0+(Windows+NT+10.0;+Win64;+x64)+AppleWebKit/537.36+(KHTML,+like+Gecko)+Chrome/71.0.3578.98+Safari/537.36 https://localhost:44365/Admin/Index 200 0 0 197
2019-01-17 21:44:51 ::1 GET /Customers/Index - 44365 - ::1 Mozilla/5.0+(Windows+NT+10.0;+Win64;+x64)+AppleWebKit/537.36+(KHTML,+like+Gecko)+Chrome/71.0.3578.98+Safari/537.36 https://localhost:44365/EmployeeTimes/Index 200 0 0 198
2019-01-17 21:44:51 ::1 GET /Home/Index - 44365 - ::1 Mozilla/5.0+(Windows+NT+10.0;+Win64;+x64)+AppleWebKit/537.36+(KHTML,+like+Gecko)+Chrome/71.0.3578.98+Safari/537.36 https://localhost:44365/Customers/Index 200 0 0 35
#Software: Microsoft Internet Information Services 10.0
#Version: 1.0
#Date: 2019-01-17 22:32:47
#Fields: date time s-ip cs-method cs-uri-stem cs-uri-query s-port cs-username c-ip cs(User-Agent) cs(Referer) sc-status sc-substatus sc-win32-status time-taken
2019-01-17 22:32:47 ::1 GET /Home/Index - 44365 - ::1 Mozilla/5.0+(Windows+NT+10.0;+Win64;+x64)+AppleWebKit/537.36+(KHTML,+like+Gecko)+Chrome/71.0.3578.98+Safari/537.36 https://localhost:44365/Home/Index 200 0 0 738
2019-01-17 22:32:52 ::1 GET /Admin/Index - 44365 - ::1 Mozilla/5.0+(Windows+NT+10.0;+Win64;+x64)+AppleWebKit/537.36+(KHTML,+like+Gecko)+Chrome/71.0.3578.98+Safari/537.36 https://localhost:44365/Home/Index 200 0 0 205
2019-01-17 22:32:55 ::1 GET /EmployeeTimes/Index - 44365 - ::1 Mozilla/5.0+(Windows+NT+10.0;+Win64;+x64)+AppleWebKit/537.36+(KHTML,+like+Gecko)+Chrome/71.0.3578.98+Safari/537.36 https://localhost:44365/Admin/Index 200 0 0 232
2019-01-17 22:33:13 ::1 GET /EmployeeTimes/Index - 44365 - ::1 Mozilla/5.0+(Windows+NT+10.0;+Win64;+x64)+AppleWebKit/537.36+(KHTML,+like+Gecko)+Chrome/71.0.3578.98+Safari/537.36 https://localhost:44365/Admin/Index 200 0 0 502
2019-01-17 22:33:13 ::1 GET /favicon.ico - 44365 - ::1 Mozilla/5.0+(Windows+NT+10.0;+Win64;+x64)+AppleWebKit/537.36+(KHTML,+like+Gecko)+Chrome/71.0.3578.98+Safari/537.36 https://localhost:44365/EmployeeTimes/Index 200 0 0 25
2019-01-17 22:33:15 ::1 GET /Projects/Index - 44365 - ::1 Mozilla/5.0+(Windows+NT+10.0;+Win64;+x64)+AppleWebKit/537.36+(KHTML,+like+Gecko)+Chrome/71.0.3578.98+Safari/537.36 https://localhost:44365/EmployeeTimes/Index 200 0 0 206
2019-01-17 22:34:14 ::1 GET /Projects/Index - 44365 - ::1 Mozilla/5.0+(Windows+NT+10.0;+Win64;+x64)+AppleWebKit/537.36+(KHTML,+like+Gecko)+Chrome/71.0.3578.98+Safari/537.36 https://localhost:44365/EmployeeTimes/Index 200 0 0 419
2019-01-17 22:34:14 ::1 GET /favicon.ico - 44365 - ::1 Mozilla/5.0+(Windows+NT+10.0;+Win64;+x64)+AppleWebKit/537.36+(KHTML,+like+Gecko)+Chrome/71.0.3578.98+Safari/537.36 https://localhost:44365/Projects/Index 200 0 0 14
2019-01-17 22:34:16 ::1 GET /Customers/Index - 44365 - ::1 Mozilla/5.0+(Windows+NT+10.0;+Win64;+x64)+AppleWebKit/537.36+(KHTML,+like+Gecko)+Chrome/71.0.3578.98+Safari/537.36 https://localhost:44365/Projects/Index 200 0 0 447
2019-01-17 22:34:17 ::1 GET /Projects/Index - 44365 - ::1 Mozilla/5.0+(Windows+NT+10.0;+Win64;+x64)+AppleWebKit/537.36+(KHTML,+like+Gecko)+Chrome/71.0.3578.98+Safari/537.36 https://localhost:44365/Customers/Index 200 0 0 230
2019-01-17 22:34:18 ::1 GET /EmployeeTimes/Index - 44365 - ::1 Mozilla/5.0+(Windows+NT+10.0;+Win64;+x64)+AppleWebKit/537.36+(KHTML,+like+Gecko)+Chrome/71.0.3578.98+Safari/537.36 https://localhost:44365/Projects/Index 200 0 0 216
2019-01-17 22:34:20 ::1 GET /Admin/Index - 44365 - ::1 Mozilla/5.0+(Windows+NT+10.0;+Win64;+x64)+AppleWebKit/537.36+(KHTML,+like+Gecko)+Chrome/71.0.3578.98+Safari/537.36 https://localhost:44365/EmployeeTimes/Index 200 0 0 220
2019-01-17 22:34:21 ::1 GET /Home/Index - 44365 - ::1 Mozilla/5.0+(Windows+NT+10.0;+Win64;+x64)+AppleWebKit/537.36+(KHTML,+like+Gecko)+Chrome/71.0.3578.98+Safari/537.36 https://localhost:44365/Admin/Index 200 0 0 44
2019-01-17 22:34:22 ::1 GET /Customers/Index - 44365 - ::1 Mozilla/5.0+(Windows+NT+10.0;+Win64;+x64)+AppleWebKit/537.36+(KHTML,+like+Gecko)+Chrome/71.0.3578.98+Safari/537.36 https://localhost:44365/Home/Index 200 0 0 255
2019-01-17 22:34:29 ::1 GET /Customers/Index - 44365 - ::1 Mozilla/5.0+(Windows+NT+10.0;+Win64;+x64)+AppleWebKit/537.36+(KHTML,+like+Gecko)+Chrome/71.0.3578.98+Safari/537.36 https://localhost:44365/Customers/Index 200 0 0 239
2019-01-17 22:34:32 ::1 GET /Projects/Index - 44365 - ::1 Mozilla/5.0+(Windows+NT+10.0;+Win64;+x64)+AppleWebKit/537.36+(KHTML,+like+Gecko)+Chrome/71.0.3578.98+Safari/537.36 https://localhost:44365/Customers/Index 200 0 0 216
2019-01-17 22:35:27 ::1 GET /Admin/Index - 44365 - ::1 Mozilla/5.0+(Windows+NT+10.0;+Win64;+x64)+AppleWebKit/537.36+(KHTML,+like+Gecko)+Chrome/71.0.3578.98+Safari/537.36 https://localhost:44365/Projects/Index 200 0 0 252
2019-01-17 22:35:32 ::1 GET /Identity/Account/Manage - 44365 - ::1 Mozilla/5.0+(Windows+NT+10.0;+Win64;+x64)+AppleWebKit/537.36+(KHTML,+like+Gecko)+Chrome/71.0.3578.98+Safari/537.36 https://localhost:44365/Admin/Index 200 0 0 440
2019-01-17 22:35:41 ::1 POST /Identity/Account/Logout returnUrl=%2FHome%2FIndex 44365 - ::1 Mozilla/5.0+(Windows+NT+10.0;+Win64;+x64)+AppleWebKit/537.36+(KHTML,+like+Gecko)+Chrome/71.0.3578.98+Safari/537.36 https://localhost:44365/Identity/Account/Manage 302 0 0 75
2019-01-17 22:35:41 ::1 GET /Home/Index - 44365 - ::1 Mozilla/5.0+(Windows+NT+10.0;+Win64;+x64)+AppleWebKit/537.36+(KHTML,+like+Gecko)+Chrome/71.0.3578.98+Safari/537.36 https://localhost:44365/Identity/Account/Manage 200 0 0 54
2019-01-17 22:35:43 ::1 GET /Identity/Account/Login - 44365 - ::1 Mozilla/5.0+(Windows+NT+10.0;+Win64;+x64)+AppleWebKit/537.36+(KHTML,+like+Gecko)+Chrome/71.0.3578.98+Safari/537.36 https://localhost:44365/Home/Index 200 0 0 112
2019-01-17 22:35:52 ::1 POST /Identity/Account/Login - 44365 - ::1 Mozilla/5.0+(Windows+NT+10.0;+Win64;+x64)+AppleWebKit/537.36+(KHTML,+like+Gecko)+Chrome/71.0.3578.98+Safari/537.36 https://localhost:44365/Identity/Account/Login 200 0 0 290
2019-01-17 22:35:55 ::1 GET /Identity/Account/Login - 44365 - ::1 Mozilla/5.0+(Windows+NT+10.0;+Win64;+x64)+AppleWebKit/537.36+(KHTML,+like+Gecko)+Chrome/71.0.3578.98+Safari/537.36 https://localhost:44365/Identity/Account/Login 200 0 0 49
#Software: Microsoft Internet Information Services 10.0
#Version: 1.0
#Date: 2019-01-17 22:36:28
#Fields: date time s-ip cs-method cs-uri-stem cs-uri-query s-port cs-username c-ip cs(User-Agent) cs(Referer) sc-status sc-substatus sc-win32-status time-taken
2019-01-17 22:36:28 ::1 GET / - 44365 - ::1 Mozilla/5.0+(Windows+NT+10.0;+Win64;+x64)+AppleWebKit/537.36+(KHTML,+like+Gecko)+Chrome/71.0.3578.98+Safari/537.36 - 200 0 0 2954
2019-01-17 22:36:44 ::1 GET /Admin/Index - 44365 - ::1 Mozilla/5.0+(Windows+NT+10.0;+Win64;+x64)+AppleWebKit/537.36+(KHTML,+like+Gecko)+Chrome/71.0.3578.98+Safari/537.36 https://localhost:44365/ 200 0 0 1471
2019-01-17 22:36:45 ::1 GET /Home/Index - 44365 - ::1 Mozilla/5.0+(Windows+NT+10.0;+Win64;+x64)+AppleWebKit/537.36+(KHTML,+like+Gecko)+Chrome/71.0.3578.98+Safari/537.36 https://localhost:44365/Admin/Index 200 0 0 19
2019-01-17 22:37:04 ::1 GET /Customers/Index - 44365 - ::1 Mozilla/5.0+(Windows+NT+10.0;+Win64;+x64)+AppleWebKit/537.36+(KHTML,+like+Gecko)+Chrome/71.0.3578.98+Safari/537.36 https://localhost:44365/Home/Index 200 0 0 298
2019-01-17 22:37:18 ::1 GET /Customers/Index - 44365 - ::1 Mozilla/5.0+(Windows+NT+10.0;+Win64;+x64)+AppleWebKit/537.36+(KHTML,+like+Gecko)+Chrome/71.0.3578.98+Safari/537.36 https://localhost:44365/Customers/Index 200 0 0 180
2019-01-17 22:37:20 ::1 GET /Projects/Index - 44365 - ::1 Mozilla/5.0+(Windows+NT+10.0;+Win64;+x64)+AppleWebKit/537.36+(KHTML,+like+Gecko)+Chrome/71.0.3578.98+Safari/537.36 https://localhost:44365/Customers/Index 200 0 0 338
2019-01-17 22:37:20 ::1 GET /Customers/Index - 44365 - ::1 Mozilla/5.0+(Windows+NT+10.0;+Win64;+x64)+AppleWebKit/537.36+(KHTML,+like+Gecko)+Chrome/71.0.3578.98+Safari/537.36 https://localhost:44365/Projects/Index 200 0 0 167
2019-01-17 22:37:22 ::1 GET /Projects/Index - 44365 - ::1 Mozilla/5.0+(Windows+NT+10.0;+Win64;+x64)+AppleWebKit/537.36+(KHTML,+like+Gecko)+Chrome/71.0.3578.98+Safari/537.36 https://localhost:44365/Customers/Index 200 0 0 146
2019-01-17 22:37:22 ::1 GET /EmployeeTimes/Index - 44365 - ::1 Mozilla/5.0+(Windows+NT+10.0;+Win64;+x64)+AppleWebKit/537.36+(KHTML,+like+Gecko)+Chrome/71.0.3578.98+Safari/537.36 https://localhost:44365/Projects/Index 200 0 0 337
2019-01-17 22:37:23 ::1 GET /Admin/Index - 44365 - ::1 Mozilla/5.0+(Windows+NT+10.0;+Win64;+x64)+AppleWebKit/537.36+(KHTML,+like+Gecko)+Chrome/71.0.3578.98+Safari/537.36 https://localhost:44365/EmployeeTimes/Index 200 0 0 150
2019-01-17 22:37:26 ::1 GET /EmployeeTimes/Index - 44365 - ::1 Mozilla/5.0+(Windows+NT+10.0;+Win64;+x64)+AppleWebKit/537.36+(KHTML,+like+Gecko)+Chrome/71.0.3578.98+Safari/537.36 https://localhost:44365/Admin/Index 200 0 0 175
2019-01-17 22:37:28 ::1 GET /Projects/Index - 44365 - ::1 Mozilla/5.0+(Windows+NT+10.0;+Win64;+x64)+AppleWebKit/537.36+(KHTML,+like+Gecko)+Chrome/71.0.3578.98+Safari/537.36 https://localhost:44365/EmployeeTimes/Index 200 0 0 147
2019-01-17 22:37:38 ::1 GET /Home/Index - 44365 - ::1 Mozilla/5.0+(Windows+NT+10.0;+Win64;+x64)+AppleWebKit/537.36+(KHTML,+like+Gecko)+Chrome/71.0.3578.98+Safari/537.36 https://localhost:44365/Projects/Index 200 0 0 4
2019-01-17 22:37:39 ::1 GET /Customers/Index - 44365 - ::1 Mozilla/5.0+(Windows+NT+10.0;+Win64;+x64)+AppleWebKit/537.36+(KHTML,+like+Gecko)+Chrome/71.0.3578.98+Safari/537.36 https://localhost:44365/Home/Index 200 0 0 146
2019-01-17 22:38:19 ::1 GET /Customers/Index - 44365 - ::1 Mozilla/5.0+(Windows+NT+10.0;+Win64;+x64)+AppleWebKit/537.36+(KHTML,+like+Gecko)+Chrome/71.0.3578.98+Safari/537.36 https://localhost:44365/Home/Index 200 0 0 1847
2019-01-17 22:38:19 ::1 GET /favicon.ico - 44365 - ::1 Mozilla/5.0+(Windows+NT+10.0;+Win64;+x64)+AppleWebKit/537.36+(KHTML,+like+Gecko)+Chrome/71.0.3578.98+Safari/537.36 https://localhost:44365/Customers/Index 200 0 0 19
2019-01-17 22:38:39 ::1 GET /Customers/Index - 44365 - ::1 Mozilla/5.0+(Windows+NT+10.0;+Win64;+x64)+AppleWebKit/537.36+(KHTML,+like+Gecko)+Chrome/71.0.3578.98+Safari/537.36 https://localhost:44365/Customers/Index 200 0 0 148
2019-01-17 22:38:39 ::1 GET /Projects/Index - 44365 - ::1 Mozilla/5.0+(Windows+NT+10.0;+Win64;+x64)+AppleWebKit/537.36+(KHTML,+like+Gecko)+Chrome/71.0.3578.98+Safari/537.36 https://localhost:44365/Customers/Index 200 0 0 146
2019-01-17 22:38:43 ::1 GET /Projects/Details/3 - 44365 - ::1 Mozilla/5.0+(Windows+NT+10.0;+Win64;+x64)+AppleWebKit/537.36+(KHTML,+like+Gecko)+Chrome/71.0.3578.98+Safari/537.36 https://localhost:44365/Projects/Index 200 0 0 272
2019-01-17 22:38:58 ::1 GET /Customers/Index - 44365 - ::1 Mozilla/5.0+(Windows+NT+10.0;+Win64;+x64)+AppleWebKit/537.36+(KHTML,+like+Gecko)+Chrome/71.0.3578.98+Safari/537.36 https://localhost:44365/Projects/Index 200 0 0 149
2019-01-17 22:39:04 ::1 GET /Projects/Index - 44365 - ::1 Mozilla/5.0+(Windows+NT+10.0;+Win64;+x64)+AppleWebKit/537.36+(KHTML,+like+Gecko)+Chrome/71.0.3578.98+Safari/537.36 https://localhost:44365/Customers/Index 200 0 0 147
2019-01-17 22:39:06 ::1 GET /Admin/Index - 44365 - ::1 Mozilla/5.0+(Windows+NT+10.0;+Win64;+x64)+AppleWebKit/537.36+(KHTML,+like+Gecko)+Chrome/71.0.3578.98+Safari/537.36 https://localhost:44365/Projects/Index 200 0 0 150
2019-01-17 22:39:09 ::1 GET /EmployeeTimes/Index - 44365 - ::1 Mozilla/5.0+(Windows+NT+10.0;+Win64;+x64)+AppleWebKit/537.36+(KHTML,+like+Gecko)+Chrome/71.0.3578.98+Safari/537.36 https://localhost:44365/Admin/Index 200 0 0 152
2019-01-17 22:39:18 ::1 GET /EmployeeTimes/Details/2 - 44365 - ::1 Mozilla/5.0+(Windows+NT+10.0;+Win64;+x64)+AppleWebKit/537.36+(KHTML,+like+Gecko)+Chrome/71.0.3578.98+Safari/537.36 https://localhost:44365/EmployeeTimes/Index 200 0 0 221
2019-01-17 22:39:23 ::1 GET /Home/Index - 44365 - ::1 Mozilla/5.0+(Windows+NT+10.0;+Win64;+x64)+AppleWebKit/537.36+(KHTML,+like+Gecko)+Chrome/71.0.3578.98+Safari/537.36 https://localhost:44365/EmployeeTimes/Details/2 200 0 0 5
2019-01-17 22:39:26 ::1 GET /Home/Index - 44365 - ::1 Mozilla/5.0+(Windows+NT+10.0;+Win64;+x64)+AppleWebKit/537.36+(KHTML,+like+Gecko)+Chrome/71.0.3578.98+Safari/537.36 https://localhost:44365/Home/Index 200 0 0 18
2019-01-17 22:39:28 ::1 GET /Home/Index - 44365 - ::1 Mozilla/5.0+(Windows+NT+10.0;+Win64;+x64)+AppleWebKit/537.36+(KHTML,+like+Gecko)+Chrome/71.0.3578.98+Safari/537.36 https://localhost:44365/Home/Index 200 0 0 4
2019-01-17 22:39:32 ::1 GET /Customers/Index - 44365 - ::1 Mozilla/5.0+(Windows+NT+10.0;+Win64;+x64)+AppleWebKit/537.36+(KHTML,+like+Gecko)+Chrome/71.0.3578.98+Safari/537.36 https://localhost:44365/Home/Index 200 0 0 147
2019-01-17 22:39:39 ::1 GET /Projects/Index - 44365 - ::1 Mozilla/5.0+(Windows+NT+10.0;+Win64;+x64)+AppleWebKit/537.36+(KHTML,+like+Gecko)+Chrome/71.0.3578.98+Safari/537.36 https://localhost:44365/Customers/Index 200 0 0 154
2019-01-17 22:39:45 ::1 GET /EmployeeTimes/Index - 44365 - ::1 Mozilla/5.0+(Windows+NT+10.0;+Win64;+x64)+AppleWebKit/537.36+(KHTML,+like+Gecko)+Chrome/71.0.3578.98+Safari/537.36 https://localhost:44365/Projects/Index 200 0 0 155
2019-01-17 22:39:48 ::1 GET /Admin/Index - 44365 - ::1 Mozilla/5.0+(Windows+NT+10.0;+Win64;+x64)+AppleWebKit/537.36+(KHTML,+like+Gecko)+Chrome/71.0.3578.98+Safari/537.36 https://localhost:44365/EmployeeTimes/Index 200 0 0 147
2019-01-17 22:48:53 ::1 GET /Admin/Index - 44365 - ::1 Mozilla/5.0+(Windows+NT+10.0;+Win64;+x64)+AppleWebKit/537.36+(KHTML,+like+Gecko)+Chrome/71.0.3578.98+Safari/537.36 https://localhost:44365/Admin/Index 200 0 0 444
2019-01-17 22:48:55 ::1 GET /EmployeeTimes/Index - 44365 - ::1 Mozilla/5.0+(Windows+NT+10.0;+Win64;+x64)+AppleWebKit/537.36+(KHTML,+like+Gecko)+Chrome/71.0.3578.98+Safari/537.36 https://localhost:44365/Admin/Index 200 0 0 156
2019-01-17 22:51:23 ::1 GET /EmployeeTimes/Index - 44365 - ::1 Mozilla/5.0+(Windows+NT+10.0;+Win64;+x64)+AppleWebKit/537.36+(KHTML,+like+Gecko)+Chrome/71.0.3578.98+Safari/537.36 https://localhost:44365/Admin/Index 200 0 0 200
2019-01-17 22:51:23 ::1 GET /favicon.ico - 44365 - ::1 Mozilla/5.0+(Windows+NT+10.0;+Win64;+x64)+AppleWebKit/537.36+(KHTML,+like+Gecko)+Chrome/71.0.3578.98+Safari/537.36 https://localhost:44365/EmployeeTimes/Index 200 0 0 9
2019-01-17 22:51:24 ::1 GET /EmployeeTimes/Index - 44365 - ::1 Mozilla/5.0+(Windows+NT+10.0;+Win64;+x64)+AppleWebKit/537.36+(KHTML,+like+Gecko)+Chrome/71.0.3578.98+Safari/537.36 https://localhost:44365/Admin/Index 200 0 0 169
2019-01-17 22:51:24 ::1 GET /favicon.ico - 44365 - ::1 Mozilla/5.0+(Windows+NT+10.0;+Win64;+x64)+AppleWebKit/537.36+(KHTML,+like+Gecko)+Chrome/71.0.3578.98+Safari/537.36 https://localhost:44365/EmployeeTimes/Index 200 0 0 17
2019-01-17 22:51:24 ::1 GET /EmployeeTimes/Index - 44365 - ::1 Mozilla/5.0+(Windows+NT+10.0;+Win64;+x64)+AppleWebKit/537.36+(KHTML,+like+Gecko)+Chrome/71.0.3578.98+Safari/537.36 https://localhost:44365/Admin/Index 200 0 0 153
2019-01-17 22:51:24 ::1 GET /favicon.ico - 44365 - ::1 Mozilla/5.0+(Windows+NT+10.0;+Win64;+x64)+AppleWebKit/537.36+(KHTML,+like+Gecko)+Chrome/71.0.3578.98+Safari/537.36 https://localhost:44365/EmployeeTimes/Index 200 0 0 7
2019-01-17 22:51:36 ::1 GET /EmployeeTimes/Index - 44365 - ::1 Mozilla/5.0+(Windows+NT+10.0;+Win64;+x64)+AppleWebKit/537.36+(KHTML,+like+Gecko)+Chrome/71.0.3578.98+Safari/537.36 https://localhost:44365/Admin/Index 200 0 0 152
2019-01-17 22:51:36 ::1 GET /favicon.ico - 44365 - ::1 Mozilla/5.0+(Windows+NT+10.0;+Win64;+x64)+AppleWebKit/537.36+(KHTML,+like+Gecko)+Chrome/71.0.3578.98+Safari/537.36 https://localhost:44365/EmployeeTimes/Index 200 0 0 6
2019-01-17 22:51:38 ::1 GET /EmployeeTimes/Index - 44365 - ::1 Mozilla/5.0+(Windows+NT+10.0;+Win64;+x64)+AppleWebKit/537.36+(KHTML,+like+Gecko)+Chrome/71.0.3578.98+Safari/537.36 https://localhost:44365/Admin/Index 200 0 0 155
2019-01-17 22:51:38 ::1 GET /favicon.ico - 44365 - ::1 Mozilla/5.0+(Windows+NT+10.0;+Win64;+x64)+AppleWebKit/537.36+(KHTML,+like+Gecko)+Chrome/71.0.3578.98+Safari/537.36 https://localhost:44365/EmployeeTimes/Index 200 0 0 10
2019-01-17 22:51:51 ::1 GET /Admin/Index - 44365 - ::1 Mozilla/5.0+(Windows+NT+10.0;+Win64;+x64)+AppleWebKit/537.36+(KHTML,+like+Gecko)+Chrome/71.0.3578.98+Safari/537.36 https://localhost:44365/EmployeeTimes/Index 200 0 0 162
2019-01-17 22:51:54 ::1 GET /EmployeeTimes/Index - 44365 - ::1 Mozilla/5.0+(Windows+NT+10.0;+Win64;+x64)+AppleWebKit/537.36+(KHTML,+like+Gecko)+Chrome/71.0.3578.98+Safari/537.36 https://localhost:44365/Admin/Index 200 0 0 157
2019-01-17 22:51:56 ::1 GET /Home/Index - 44365 - ::1 Mozilla/5.0+(Windows+NT+10.0;+Win64;+x64)+AppleWebKit/537.36+(KHTML,+like+Gecko)+Chrome/71.0.3578.98+Safari/537.36 https://localhost:44365/EmployeeTimes/Index 200 0 0 13
2019-01-17 22:51:56 ::1 GET /Customers/Index - 44365 - ::1 Mozilla/5.0+(Windows+NT+10.0;+Win64;+x64)+AppleWebKit/537.36+(KHTML,+like+Gecko)+Chrome/71.0.3578.98+Safari/537.36 https://localhost:44365/Home/Index 200 0 0 152
2019-01-17 22:51:57 ::1 GET /Admin/Index - 44365 - ::1 Mozilla/5.0+(Windows+NT+10.0;+Win64;+x64)+AppleWebKit/537.36+(KHTML,+like+Gecko)+Chrome/71.0.3578.98+Safari/537.36 https://localhost:44365/Customers/Index 200 0 0 148
2019-01-17 22:52:06 ::1 GET /EmployeeTimes/Index - 44365 - ::1 Mozilla/5.0+(Windows+NT+10.0;+Win64;+x64)+AppleWebKit/537.36+(KHTML,+like+Gecko)+Chrome/71.0.3578.98+Safari/537.36 https://localhost:44365/Admin/Index 200 0 0 189
2019-01-17 22:52:08 ::1 GET /Projects/Index - 44365 - ::1 Mozilla/5.0+(Windows+NT+10.0;+Win64;+x64)+AppleWebKit/537.36+(KHTML,+like+Gecko)+Chrome/71.0.3578.98+Safari/537.36 https://localhost:44365/EmployeeTimes/Index 200 0 0 147
2019-01-17 22:52:15 ::1 GET /Customers/Index - 44365 - ::1 Mozilla/5.0+(Windows+NT+10.0;+Win64;+x64)+AppleWebKit/537.36+(KHTML,+like+Gecko)+Chrome/71.0.3578.98+Safari/537.36 https://localhost:44365/Projects/Index 200 0 0 149
2019-01-17 22:52:22 ::1 GET /Admin/Index - 44365 - ::1 Mozilla/5.0+(Windows+NT+10.0;+Win64;+x64)+AppleWebKit/537.36+(KHTML,+like+Gecko)+Chrome/71.0.3578.98+Safari/537.36 https://localhost:44365/Customers/Index 200 0 0 154
2019-01-17 22:52:24 ::1 GET /EmployeeTimes/Index - 44365 - ::1 Mozilla/5.0+(Windows+NT+10.0;+Win64;+x64)+AppleWebKit/537.36+(KHTML,+like+Gecko)+Chrome/71.0.3578.98+Safari/537.36 https://localhost:44365/Admin/Index 200 0 0 152
2019-01-17 22:52:26 ::1 GET /Projects/Index - 44365 - ::1 Mozilla/5.0+(Windows+NT+10.0;+Win64;+x64)+AppleWebKit/537.36+(KHTML,+like+Gecko)+Chrome/71.0.3578.98+Safari/537.36 https://localhost:44365/EmployeeTimes/Index 200 0 0 145
2019-01-17 22:53:41 ::1 GET /Admin/Index - 44365 - ::1 Mozilla/5.0+(Windows+NT+10.0;+Win64;+x64)+AppleWebKit/537.36+(KHTML,+like+Gecko)+Chrome/71.0.3578.98+Safari/537.36 https://localhost:44365/Projects/Index 200 0 0 154
2019-01-17 22:53:56 ::1 GET /Admin/EditPassword/73144a4a-745e-4be0-99bb-06ff8b26b779 - 44365 - ::1 Mozilla/5.0+(Windows+NT+10.0;+Win64;+x64)+AppleWebKit/537.36+(KHTML,+like+Gecko)+Chrome/71.0.3578.98+Safari/537.36 https://localhost:44365/Admin/Index 200 0 0 257
2019-01-17 22:54:50 ::1 GET /Admin/Index - 44365 - ::1 Mozilla/5.0+(Windows+NT+10.0;+Win64;+x64)+AppleWebKit/537.36+(KHTML,+like+Gecko)+Chrome/71.0.3578.98+Safari/537.36 https://localhost:44365/Admin/EditPassword/73144a4a-745e-4be0-99bb-06ff8b26b779 200 0 0 149
2019-01-17 22:55:24 ::1 GET /Admin/Index - 44365 - ::1 Mozilla/5.0+(Windows+NT+10.0;+Win64;+x64)+AppleWebKit/537.36+(KHTML,+like+Gecko)+Chrome/71.0.3578.98+Safari/537.36 https://localhost:44365/Admin/EditPassword/73144a4a-745e-4be0-99bb-06ff8b26b779 200 0 0 153
2019-01-17 22:55:24 ::1 GET /favicon.ico - 44365 - ::1 Mozilla/5.0+(Windows+NT+10.0;+Win64;+x64)+AppleWebKit/537.36+(KHTML,+like+Gecko)+Chrome/71.0.3578.98+Safari/537.36 https://localhost:44365/Admin/Index 200 0 0 10
2019-01-17 22:55:26 ::1 GET /Admin/Index - 44365 - ::1 Mozilla/5.0+(Windows+NT+10.0;+Win64;+x64)+AppleWebKit/537.36+(KHTML,+like+Gecko)+Chrome/71.0.3578.98+Safari/537.36 https://localhost:44365/Admin/EditPassword/73144a4a-745e-4be0-99bb-06ff8b26b779 200 0 0 172
2019-01-17 22:55:26 ::1 GET /favicon.ico - 44365 - ::1 Mozilla/5.0+(Windows+NT+10.0;+Win64;+x64)+AppleWebKit/537.36+(KHTML,+like+Gecko)+Chrome/71.0.3578.98+Safari/537.36 https://localhost:44365/Admin/Index 200 0 0 8
#Software: Microsoft Internet Information Services 10.0
#Version: 1.0
#Date: 2019-01-17 22:55:51
#Fields: date time s-ip cs-method cs-uri-stem cs-uri-query s-port cs-username c-ip cs(User-Agent) cs(Referer) sc-status sc-substatus sc-win32-status time-taken
2019-01-17 22:55:51 ::1 DEBUG / - 52380 - ::1 - - 200 0 64 8879
2019-01-17 22:55:52 ::1 GET / - 44365 - ::1 Mozilla/5.0+(Windows+NT+10.0;+Win64;+x64)+AppleWebKit/537.36+(KHTML,+like+Gecko)+Chrome/71.0.3578.98+Safari/537.36 - 200 0 0 8199
2019-01-17 22:55:55 ::1 GET /Admin/Index - 44365 - ::1 Mozilla/5.0+(Windows+NT+10.0;+Win64;+x64)+AppleWebKit/537.36+(KHTML,+like+Gecko)+Chrome/71.0.3578.98+Safari/537.36 https://localhost:44365/ 200 0 0 1731
2019-01-17 22:55:55 ::1 GET /Admin/Index - 44365 - ::1 Mozilla/5.0+(Windows+NT+10.0;+Win64;+x64)+AppleWebKit/537.36+(KHTML,+like+Gecko)+Chrome/71.0.3578.98+Safari/537.36 https://localhost:44365/Admin/Index 200 0 0 255
2019-01-17 22:56:00 ::1 GET /Admin/EditPassword/73144a4a-745e-4be0-99bb-06ff8b26b779 - 44365 - ::1 Mozilla/5.0+(Windows+NT+10.0;+Win64;+x64)+AppleWebKit/537.36+(KHTML,+like+Gecko)+Chrome/71.0.3578.98+Safari/537.36 https://localhost:44365/Admin/Index 200 0 0 405
2019-01-17 22:56:03 ::1 GET /Admin/Index - 44365 - ::1 Mozilla/5.0+(Windows+NT+10.0;+Win64;+x64)+AppleWebKit/537.36+(KHTML,+like+Gecko)+Chrome/71.0.3578.98+Safari/537.36 https://localhost:44365/Admin/EditPassword/73144a4a-745e-4be0-99bb-06ff8b26b779 200 0 0 280
2019-01-17 22:56:58 ::1 GET /Admin/Index - 44365 - ::1 Mozilla/5.0+(Windows+NT+10.0;+Win64;+x64)+AppleWebKit/537.36+(KHTML,+like+Gecko)+Chrome/71.0.3578.98+Safari/537.36 https://localhost:44365/Admin/EditPassword/73144a4a-745e-4be0-99bb-06ff8b26b779 200 0 0 202
2019-01-17 22:56:58 ::1 GET /favicon.ico - 44365 - ::1 Mozilla/5.0+(Windows+NT+10.0;+Win64;+x64)+AppleWebKit/537.36+(KHTML,+like+Gecko)+Chrome/71.0.3578.98+Safari/537.36 https://localhost:44365/Admin/Index 200 0 0 25
2019-01-17 22:56:59 ::1 GET /Admin/Index - 44365 - ::1 Mozilla/5.0+(Windows+NT+10.0;+Win64;+x64)+AppleWebKit/537.36+(KHTML,+like+Gecko)+Chrome/71.0.3578.98+Safari/537.36 https://localhost:44365/Admin/EditPassword/73144a4a-745e-4be0-99bb-06ff8b26b779 200 0 0 189
2019-01-17 22:56:59 ::1 GET /favicon.ico - 44365 - ::1 Mozilla/5.0+(Windows+NT+10.0;+Win64;+x64)+AppleWebKit/537.36+(KHTML,+like+Gecko)+Chrome/71.0.3578.98+Safari/537.36 https://localhost:44365/Admin/Index 200 0 0 32
#Software: Microsoft Internet Information Services 10.0
#Version: 1.0
#Date: 2019-01-17 22:57:24
#Fields: date time s-ip cs-method cs-uri-stem cs-uri-query s-port cs-username c-ip cs(User-Agent) cs(Referer) sc-status sc-substatus sc-win32-status time-taken
2019-01-17 22:57:24 ::1 GET / - 44365 - ::1 Mozilla/5.0+(Windows+NT+10.0;+Win64;+x64)+AppleWebKit/537.36+(KHTML,+like+Gecko)+Chrome/71.0.3578.98+Safari/537.36 - 200 0 0 2206
2019-01-17 22:57:27 ::1 GET /Admin/Index - 44365 - ::1 Mozilla/5.0+(Windows+NT+10.0;+Win64;+x64)+AppleWebKit/537.36+(KHTML,+like+Gecko)+Chrome/71.0.3578.98+Safari/537.36 https://localhost:44365/ 200 0 0 1602
2019-01-17 22:57:31 ::1 GET /Admin/Index - 44365 - ::1 Mozilla/5.0+(Windows+NT+10.0;+Win64;+x64)+AppleWebKit/537.36+(KHTML,+like+Gecko)+Chrome/71.0.3578.98+Safari/537.36 https://localhost:44365/Admin/Index 200 0 0 204
2019-01-17 22:57:32 ::1 GET /Admin/Index - 44365 - ::1 Mozilla/5.0+(Windows+NT+10.0;+Win64;+x64)+AppleWebKit/537.36+(KHTML,+like+Gecko)+Chrome/71.0.3578.98+Safari/537.36 https://localhost:44365/Admin/Index 200 0 0 150
2019-01-17 22:59:41 ::1 GET /Admin/Index - 44365 - ::1 Mozilla/5.0+(Windows+NT+10.0;+Win64;+x64)+AppleWebKit/537.36+(KHTML,+like+Gecko)+Chrome/71.0.3578.98+Safari/537.36 https://localhost:44365/Admin/Index 200 0 0 152
2019-01-17 23:01:54 ::1 GET /Admin/Index - 44365 - ::1 Mozilla/5.0+(Windows+NT+10.0;+Win64;+x64)+AppleWebKit/537.36+(KHTML,+like+Gecko)+Chrome/71.0.3578.98+Safari/537.36 https://localhost:44365/Admin/Index 200 0 0 159
2019-01-17 23:01:54 ::1 GET /favicon.ico - 44365 - ::1 Mozilla/5.0+(Windows+NT+10.0;+Win64;+x64)+AppleWebKit/537.36+(KHTML,+like+Gecko)+Chrome/71.0.3578.98+Safari/537.36 https://localhost:44365/Admin/Index 200 0 0 26
2019-01-17 23:01:55 ::1 GET /Admin/Index - 44365 - ::1 Mozilla/5.0+(Windows+NT+10.0;+Win64;+x64)+AppleWebKit/537.36+(KHTML,+like+Gecko)+Chrome/71.0.3578.98+Safari/537.36 https://localhost:44365/Admin/Index 200 0 0 150
2019-01-17 23:01:55 ::1 GET /favicon.ico - 44365 - ::1 Mozilla/5.0+(Windows+NT+10.0;+Win64;+x64)+AppleWebKit/537.36+(KHTML,+like+Gecko)+Chrome/71.0.3578.98+Safari/537.36 https://localhost:44365/Admin/Index 200 0 0 15
2019-01-17 23:02:04 ::1 GET /Admin/Create - 44365 - ::1 Mozilla/5.0+(Windows+NT+10.0;+Win64;+x64)+AppleWebKit/537.36+(KHTML,+like+Gecko)+Chrome/71.0.3578.98+Safari/537.36 https://localhost:44365/Admin/Index 200 0 0 1580
2019-01-17 23:02:18 ::1 GET /Admin/Create - 44365 - ::1 Mozilla/5.0+(Windows+NT+10.0;+Win64;+x64)+AppleWebKit/537.36+(KHTML,+like+Gecko)+Chrome/71.0.3578.98+Safari/537.36 https://localhost:44365/Admin/Index 200 0 0 239
2019-01-17 23:02:18 ::1 GET /favicon.ico - 44365 - ::1 Mozilla/5.0+(Windows+NT+10.0;+Win64;+x64)+AppleWebKit/537.36+(KHTML,+like+Gecko)+Chrome/71.0.3578.98+Safari/537.36 https://localhost:44365/Admin/Create 200 0 0 8
2019-01-17 23:02:20 ::1 GET /Admin/Index - 44365 - ::1 Mozilla/5.0+(Windows+NT+10.0;+Win64;+x64)+AppleWebKit/537.36+(KHTML,+like+Gecko)+Chrome/71.0.3578.98+Safari/537.36 https://localhost:44365/Admin/Create 200 0 0 183
2019-01-17 23:02:41 ::1 GET /EmployeeTimes/Index - 44365 - ::1 Mozilla/5.0+(Windows+NT+10.0;+Win64;+x64)+AppleWebKit/537.36+(KHTML,+like+Gecko)+Chrome/71.0.3578.98+Safari/537.36 https://localhost:44365/Admin/Index 200 0 0 439
2019-01-17 23:02:53 ::1 GET /Projects/Index - 44365 - ::1 Mozilla/5.0+(Windows+NT+10.0;+Win64;+x64)+AppleWebKit/537.36+(KHTML,+like+Gecko)+Chrome/71.0.3578.98+Safari/537.36 https://localhost:44365/EmployeeTimes/Index 200 0 0 234
2019-01-17 23:02:58 ::1 GET /Customers/Index - 44365 - ::1 Mozilla/5.0+(Windows+NT+10.0;+Win64;+x64)+AppleWebKit/537.36+(KHTML,+like+Gecko)+Chrome/71.0.3578.98+Safari/537.36 https://localhost:44365/Projects/Index 200 0 0 179
2019-01-17 23:03:01 ::1 GET /Home/Index - 44365 - ::1 Mozilla/5.0+(Windows+NT+10.0;+Win64;+x64)+AppleWebKit/537.36+(KHTML,+like+Gecko)+Chrome/71.0.3578.98+Safari/537.36 https://localhost:44365/Customers/Index 200 0 0 12
