#Software: Microsoft Internet Information Services 10.0
#Version: 1.0
#Date: 2019-01-15 16:38:10
#Fields: date time s-ip cs-method cs-uri-stem cs-uri-query s-port cs-username c-ip cs(User-Agent) cs(Referer) sc-status sc-substatus sc-win32-status time-taken
2019-01-15 16:38:09 ::1 GET / - 44365 - ::1 Mozilla/5.0+(Windows+NT+10.0;+Win64;+x64)+AppleWebKit/537.36+(KHTML,+like+Gecko)+Chrome/71.0.3578.98+Safari/537.36 - 200 0 0 5929
2019-01-15 16:38:09 ::1 GET /lib/bootstrap/dist/js/bootstrap.js - 44365 - ::1 Mozilla/5.0+(Windows+NT+10.0;+Win64;+x64)+AppleWebKit/537.36+(KHTML,+like+Gecko)+Chrome/71.0.3578.98+Safari/537.36 https://localhost:44365/ 304 0 0 44
2019-01-15 16:38:09 ::1 GET /lib/bootstrap/dist/css/bootstrap.css - 44365 - ::1 Mozilla/5.0+(Windows+NT+10.0;+Win64;+x64)+AppleWebKit/537.36+(KHTML,+like+Gecko)+Chrome/71.0.3578.98+Safari/537.36 https://localhost:44365/ 304 0 0 44
2019-01-15 16:38:09 ::1 GET /lib/jquery/dist/jquery.js - 44365 - ::1 Mozilla/5.0+(Windows+NT+10.0;+Win64;+x64)+AppleWebKit/537.36+(KHTML,+like+Gecko)+Chrome/71.0.3578.98+Safari/537.36 https://localhost:44365/ 304 0 0 46
2019-01-15 16:38:09 ::1 GET /css/site.css - 44365 - ::1 Mozilla/5.0+(Windows+NT+10.0;+Win64;+x64)+AppleWebKit/537.36+(KHTML,+like+Gecko)+Chrome/71.0.3578.98+Safari/537.36 https://localhost:44365/ 304 0 0 45
2019-01-15 16:38:09 ::1 GET /js/site.js v=4q1jwFhaPaZgr8WAUSrux6hAuh0XDg9kPS3xIVq36I0 44365 - ::1 Mozilla/5.0+(Windows+NT+10.0;+Win64;+x64)+AppleWebKit/537.36+(KHTML,+like+Gecko)+Chrome/71.0.3578.98+Safari/537.36 https://localhost:44365/ 304 0 0 45
#Software: Microsoft Internet Information Services 10.0
#Version: 1.0
#Date: 2019-01-15 17:10:07
#Fields: date time s-ip cs-method cs-uri-stem cs-uri-query s-port cs-username c-ip cs(User-Agent) cs(Referer) sc-status sc-substatus sc-win32-status time-taken
2019-01-15 17:10:07 ::1 DEBUG / - 52380 - ::1 - - 200 0 64 9450
2019-01-15 17:10:07 ::1 GET / - 44365 - ::1 Mozilla/5.0+(Windows+NT+10.0;+Win64;+x64)+AppleWebKit/537.36+(KHTML,+like+Gecko)+Chrome/71.0.3578.98+Safari/537.36 - 200 0 0 7478
2019-01-15 17:10:09 ::1 GET /Home/Index - 44365 - ::1 Mozilla/5.0+(Windows+NT+10.0;+Win64;+x64)+AppleWebKit/537.36+(KHTML,+like+Gecko)+Chrome/71.0.3578.98+Safari/537.36 https://localhost:44365/ 200 0 0 71
2019-01-15 17:10:09 ::1 GET /images/Redpointe+Blk+Bkgd.jpg - 44365 - ::1 Mozilla/5.0+(Windows+NT+10.0;+Win64;+x64)+AppleWebKit/537.36+(KHTML,+like+Gecko)+Chrome/71.0.3578.98+Safari/537.36 https://localhost:44365/Home/Index 304 0 0 60
2019-01-15 17:10:10 ::1 GET /Home/Index - 44365 - ::1 Mozilla/5.0+(Windows+NT+10.0;+Win64;+x64)+AppleWebKit/537.36+(KHTML,+like+Gecko)+Chrome/71.0.3578.98+Safari/537.36 https://localhost:44365/Home/Index 200 0 0 48
2019-01-15 17:10:13 ::1 GET /Customers/Index - 44365 - ::1 Mozilla/5.0+(Windows+NT+10.0;+Win64;+x64)+AppleWebKit/537.36+(KHTML,+like+Gecko)+Chrome/71.0.3578.98+Safari/537.36 https://localhost:44365/Home/Index 500 0 0 530
2019-01-15 17:10:26 ::1 GET /EmployeeTimes/Index - 44365 - ::1 Mozilla/5.0+(Windows+NT+10.0;+Win64;+x64)+AppleWebKit/537.36+(KHTML,+like+Gecko)+Chrome/71.0.3578.98+Safari/537.36 https://localhost:44365/Home/Index 500 0 0 152
2019-01-15 17:10:29 ::1 GET /Projects/Index - 44365 - ::1 Mozilla/5.0+(Windows+NT+10.0;+Win64;+x64)+AppleWebKit/537.36+(KHTML,+like+Gecko)+Chrome/71.0.3578.98+Safari/537.36 https://localhost:44365/Home/Index 500 0 0 135
2019-01-15 17:10:46 ::1 GET /Customers/Index - 44365 - ::1 Mozilla/5.0+(Windows+NT+10.0;+Win64;+x64)+AppleWebKit/537.36+(KHTML,+like+Gecko)+Chrome/71.0.3578.98+Safari/537.36 https://localhost:44365/Home/Index 500 0 0 137
2019-01-15 17:10:53 ::1 GET /Admin/Index - 44365 - ::1 Mozilla/5.0+(Windows+NT+10.0;+Win64;+x64)+AppleWebKit/537.36+(KHTML,+like+Gecko)+Chrome/71.0.3578.98+Safari/537.36 https://localhost:44365/Home/Index 404 0 0 10
2019-01-15 17:10:56 ::1 GET /EmployeeTimes/Index - 44365 - ::1 Mozilla/5.0+(Windows+NT+10.0;+Win64;+x64)+AppleWebKit/537.36+(KHTML,+like+Gecko)+Chrome/71.0.3578.98+Safari/537.36 https://localhost:44365/Home/Index 500 0 0 133
2019-01-15 17:15:43 ::1 GET /Projects/Index - 44365 - ::1 Mozilla/5.0+(Windows+NT+10.0;+Win64;+x64)+AppleWebKit/537.36+(KHTML,+like+Gecko)+Chrome/71.0.3578.98+Safari/537.36 https://localhost:44365/Home/Index 500 0 0 145
2019-01-15 17:15:45 ::1 GET /EmployeeTimes/Index - 44365 - ::1 Mozilla/5.0+(Windows+NT+10.0;+Win64;+x64)+AppleWebKit/537.36+(KHTML,+like+Gecko)+Chrome/71.0.3578.98+Safari/537.36 https://localhost:44365/Home/Index 500 0 0 156
2019-01-15 17:15:48 ::1 GET /Identity/Account/Register - 44365 - ::1 Mozilla/5.0+(Windows+NT+10.0;+Win64;+x64)+AppleWebKit/537.36+(KHTML,+like+Gecko)+Chrome/71.0.3578.98+Safari/537.36 https://localhost:44365/Home/Index 200 0 0 230
2019-01-15 17:15:49 ::1 GET /Identity/Account/Login - 44365 - ::1 Mozilla/5.0+(Windows+NT+10.0;+Win64;+x64)+AppleWebKit/537.36+(KHTML,+like+Gecko)+Chrome/71.0.3578.98+Safari/537.36 https://localhost:44365/Identity/Account/Register 200 0 0 136
2019-01-15 17:15:51 ::1 GET /Identity/Account/Register - 44365 - ::1 Mozilla/5.0+(Windows+NT+10.0;+Win64;+x64)+AppleWebKit/537.36+(KHTML,+like+Gecko)+Chrome/71.0.3578.98+Safari/537.36 https://localhost:44365/Identity/Account/Login 200 0 0 36
2019-01-15 17:15:53 ::1 GET /Identity/Account/Login - 44365 - ::1 Mozilla/5.0+(Windows+NT+10.0;+Win64;+x64)+AppleWebKit/537.36+(KHTML,+like+Gecko)+Chrome/71.0.3578.98+Safari/537.36 https://localhost:44365/Identity/Account/Register 200 0 0 41
2019-01-15 17:16:01 ::1 POST /Identity/Account/Login - 44365 - ::1 Mozilla/5.0+(Windows+NT+10.0;+Win64;+x64)+AppleWebKit/537.36+(KHTML,+like+Gecko)+Chrome/71.0.3578.98+Safari/537.36 https://localhost:44365/Identity/Account/Login 500 0 0 150
2019-01-15 17:16:04 ::1 GET /Identity/Account/Login - 44365 - ::1 Mozilla/5.0+(Windows+NT+10.0;+Win64;+x64)+AppleWebKit/537.36+(KHTML,+like+Gecko)+Chrome/71.0.3578.98+Safari/537.36 https://localhost:44365/Identity/Account/Register 200 0 0 47
2019-01-15 17:16:04 ::1 GET /Identity/Account/Register - 44365 - ::1 Mozilla/5.0+(Windows+NT+10.0;+Win64;+x64)+AppleWebKit/537.36+(KHTML,+like+Gecko)+Chrome/71.0.3578.98+Safari/537.36 https://localhost:44365/Identity/Account/Login 200 0 0 50
2019-01-15 17:16:06 ::1 GET /Identity/Account/Login - 44365 - ::1 Mozilla/5.0+(Windows+NT+10.0;+Win64;+x64)+AppleWebKit/537.36+(KHTML,+like+Gecko)+Chrome/71.0.3578.98+Safari/537.36 https://localhost:44365/Identity/Account/Register 200 0 0 29
2019-01-15 17:16:28 ::1 GET /Identity/Account/Login - 44365 - ::1 Mozilla/5.0+(Windows+NT+10.0;+Win64;+x64)+AppleWebKit/537.36+(KHTML,+like+Gecko)+Chrome/71.0.3578.98+Safari/537.36 https://localhost:44365/Identity/Account/Login 200 0 0 31
2019-01-15 17:16:28 ::1 GET /Identity/Account/Register - 44365 - ::1 Mozilla/5.0+(Windows+NT+10.0;+Win64;+x64)+AppleWebKit/537.36+(KHTML,+like+Gecko)+Chrome/71.0.3578.98+Safari/537.36 https://localhost:44365/Identity/Account/Login 200 0 0 21
2019-01-15 17:16:30 ::1 GET /Identity/Account/Login - 44365 - ::1 Mozilla/5.0+(Windows+NT+10.0;+Win64;+x64)+AppleWebKit/537.36+(KHTML,+like+Gecko)+Chrome/71.0.3578.98+Safari/537.36 https://localhost:44365/Identity/Account/Register 200 0 0 57
2019-01-15 17:16:31 ::1 GET /Home/Index - 44365 - ::1 Mozilla/5.0+(Windows+NT+10.0;+Win64;+x64)+AppleWebKit/537.36+(KHTML,+like+Gecko)+Chrome/71.0.3578.98+Safari/537.36 https://localhost:44365/Identity/Account/Login 200 0 0 50
2019-01-15 17:16:33 ::1 GET /Home/Index - 44365 - ::1 Mozilla/5.0+(Windows+NT+10.0;+Win64;+x64)+AppleWebKit/537.36+(KHTML,+like+Gecko)+Chrome/71.0.3578.98+Safari/537.36 https://localhost:44365/Home/Index 200 0 0 49
2019-01-15 17:16:35 ::1 GET /Customers/Index - 44365 - ::1 Mozilla/5.0+(Windows+NT+10.0;+Win64;+x64)+AppleWebKit/537.36+(KHTML,+like+Gecko)+Chrome/71.0.3578.98+Safari/537.36 https://localhost:44365/Home/Index 500 0 0 114
2019-01-15 17:16:43 ::1 GET /EmployeeTimes/Index - 44365 - ::1 Mozilla/5.0+(Windows+NT+10.0;+Win64;+x64)+AppleWebKit/537.36+(KHTML,+like+Gecko)+Chrome/71.0.3578.98+Safari/537.36 https://localhost:44365/Home/Index 500 0 0 118
2019-01-15 17:16:45 ::1 GET /Identity/Account/Login - 44365 - ::1 Mozilla/5.0+(Windows+NT+10.0;+Win64;+x64)+AppleWebKit/537.36+(KHTML,+like+Gecko)+Chrome/71.0.3578.98+Safari/537.36 https://localhost:44365/Home/Index 200 0 0 38
2019-01-15 17:16:48 ::1 POST /Identity/Account/Login - 44365 - ::1 Mozilla/5.0+(Windows+NT+10.0;+Win64;+x64)+AppleWebKit/537.36+(KHTML,+like+Gecko)+Chrome/71.0.3578.98+Safari/537.36 https://localhost:44365/Identity/Account/Login 500 0 0 198
2019-01-15 17:16:52 ::1 GET /Identity/Account/Login - 44365 - ::1 Mozilla/5.0+(Windows+NT+10.0;+Win64;+x64)+AppleWebKit/537.36+(KHTML,+like+Gecko)+Chrome/71.0.3578.98+Safari/537.36 https://localhost:44365/Home/Index 200 0 0 54
2019-01-15 17:16:52 ::1 GET /Home/Index - 44365 - ::1 Mozilla/5.0+(Windows+NT+10.0;+Win64;+x64)+AppleWebKit/537.36+(KHTML,+like+Gecko)+Chrome/71.0.3578.98+Safari/537.36 https://localhost:44365/Identity/Account/Login 200 0 0 33
2019-01-15 17:16:53 ::1 GET /Customers/Index - 44365 - ::1 Mozilla/5.0+(Windows+NT+10.0;+Win64;+x64)+AppleWebKit/537.36+(KHTML,+like+Gecko)+Chrome/71.0.3578.98+Safari/537.36 https://localhost:44365/Home/Index 500 0 0 172
#Software: Microsoft Internet Information Services 10.0
#Version: 1.0
#Date: 2019-01-15 17:17:56
#Fields: date time s-ip cs-method cs-uri-stem cs-uri-query s-port cs-username c-ip cs(User-Agent) cs(Referer) sc-status sc-substatus sc-win32-status time-taken
2019-01-15 17:17:56 ::1 DEBUG / - 52380 - ::1 - - 200 0 64 6851
2019-01-15 17:17:58 ::1 GET / - 44365 - ::1 Mozilla/5.0+(Windows+NT+10.0;+Win64;+x64)+AppleWebKit/537.36+(KHTML,+like+Gecko)+Chrome/71.0.3578.98+Safari/537.36 - 200 0 0 6436
2019-01-15 17:18:00 ::1 GET /Projects/Index - 44365 - ::1 Mozilla/5.0+(Windows+NT+10.0;+Win64;+x64)+AppleWebKit/537.36+(KHTML,+like+Gecko)+Chrome/71.0.3578.98+Safari/537.36 https://localhost:44365/ 500 0 0 534
#Software: Microsoft Internet Information Services 10.0
#Version: 1.0
#Date: 2019-01-15 17:18:53
#Fields: date time s-ip cs-method cs-uri-stem cs-uri-query s-port cs-username c-ip cs(User-Agent) cs(Referer) sc-status sc-substatus sc-win32-status time-taken
2019-01-15 17:18:53 ::1 DEBUG / - 52380 - ::1 - - 200 0 64 7435
2019-01-15 17:18:53 ::1 GET / - 44365 - ::1 Mozilla/5.0+(Windows+NT+10.0;+Win64;+x64)+AppleWebKit/537.36+(KHTML,+like+Gecko)+Chrome/71.0.3578.98+Safari/537.36 - 200 0 0 6436
2019-01-15 17:18:57 ::1 GET /Customers/Index - 44365 - ::1 Mozilla/5.0+(Windows+NT+10.0;+Win64;+x64)+AppleWebKit/537.36+(KHTML,+like+Gecko)+Chrome/71.0.3578.98+Safari/537.36 https://localhost:44365/ 500 0 0 515
2019-01-15 17:19:00 ::1 GET /Projects/Index - 44365 - ::1 Mozilla/5.0+(Windows+NT+10.0;+Win64;+x64)+AppleWebKit/537.36+(KHTML,+like+Gecko)+Chrome/71.0.3578.98+Safari/537.36 https://localhost:44365/ 500 0 0 346
2019-01-15 17:19:07 ::1 GET /Projects/Index - 44365 - ::1 Mozilla/5.0+(Windows+NT+10.0;+Win64;+x64)+AppleWebKit/537.36+(KHTML,+like+Gecko)+Chrome/71.0.3578.98+Safari/537.36 https://localhost:44365/ 500 0 0 165
#Software: Microsoft Internet Information Services 10.0
#Version: 1.0
#Date: 2019-01-15 17:24:42
#Fields: date time s-ip cs-method cs-uri-stem cs-uri-query s-port cs-username c-ip cs(User-Agent) cs(Referer) sc-status sc-substatus sc-win32-status time-taken
2019-01-15 17:24:42 ::1 DEBUG / - 52380 - ::1 - - 200 0 64 8212
2019-01-15 17:24:42 ::1 GET / - 44365 - ::1 Mozilla/5.0+(Windows+NT+10.0;+Win64;+x64)+AppleWebKit/537.36+(KHTML,+like+Gecko)+Chrome/71.0.3578.98+Safari/537.36 - 200 0 0 6960
2019-01-15 17:24:46 ::1 GET /Customers/Index - 44365 - ::1 Mozilla/5.0+(Windows+NT+10.0;+Win64;+x64)+AppleWebKit/537.36+(KHTML,+like+Gecko)+Chrome/71.0.3578.98+Safari/537.36 https://localhost:44365/ 200 0 0 2196
2019-01-15 17:24:48 ::1 GET /Projects/Index - 44365 - ::1 Mozilla/5.0+(Windows+NT+10.0;+Win64;+x64)+AppleWebKit/537.36+(KHTML,+like+Gecko)+Chrome/71.0.3578.98+Safari/537.36 https://localhost:44365/Customers/Index 200 0 0 447
2019-01-15 17:24:50 ::1 GET /EmployeeTimes/Index - 44365 - ::1 Mozilla/5.0+(Windows+NT+10.0;+Win64;+x64)+AppleWebKit/537.36+(KHTML,+like+Gecko)+Chrome/71.0.3578.98+Safari/537.36 https://localhost:44365/Projects/Index 200 0 0 499
2019-01-15 17:25:00 ::1 GET /EmployeeTimes/Index - 44365 - ::1 Mozilla/5.0+(Windows+NT+10.0;+Win64;+x64)+AppleWebKit/537.36+(KHTML,+like+Gecko)+Chrome/71.0.3578.98+Safari/537.36 https://localhost:44365/EmployeeTimes/Index 200 0 0 207
2019-01-15 17:25:01 ::1 GET /EmployeeTimes/Index - 44365 - ::1 Mozilla/5.0+(Windows+NT+10.0;+Win64;+x64)+AppleWebKit/537.36+(KHTML,+like+Gecko)+Chrome/71.0.3578.98+Safari/537.36 https://localhost:44365/EmployeeTimes/Index 200 0 0 283
2019-01-15 17:25:01 ::1 GET /Admin/Index - 44365 - ::1 Mozilla/5.0+(Windows+NT+10.0;+Win64;+x64)+AppleWebKit/537.36+(KHTML,+like+Gecko)+Chrome/71.0.3578.98+Safari/537.36 https://localhost:44365/EmployeeTimes/Index 404 0 0 13
2019-01-15 17:25:09 ::1 GET /Admin/Index - 44365 - ::1 Mozilla/5.0+(Windows+NT+10.0;+Win64;+x64)+AppleWebKit/537.36+(KHTML,+like+Gecko)+Chrome/71.0.3578.98+Safari/537.36 https://localhost:44365/EmployeeTimes/Index 404 0 0 17
#Software: Microsoft Internet Information Services 10.0
#Version: 1.0
#Date: 2019-01-15 17:41:04
#Fields: date time s-ip cs-method cs-uri-stem cs-uri-query s-port cs-username c-ip cs(User-Agent) cs(Referer) sc-status sc-substatus sc-win32-status time-taken
2019-01-15 17:41:04 ::1 GET /Admin/Index - 44365 - ::1 Mozilla/5.0+(Windows+NT+10.0;+Win64;+x64)+AppleWebKit/537.36+(KHTML,+like+Gecko)+Chrome/71.0.3578.98+Safari/537.36 https://localhost:44365/EmployeeTimes/Index 404 0 0 31
2019-01-15 17:41:08 ::1 GET /EmployeeTimes/Index - 44365 - ::1 Mozilla/5.0+(Windows+NT+10.0;+Win64;+x64)+AppleWebKit/537.36+(KHTML,+like+Gecko)+Chrome/71.0.3578.98+Safari/537.36 https://localhost:44365/EmployeeTimes/Index 200 0 0 656
2019-01-15 17:42:09 ::1 GET /Admin/Index - 44365 - ::1 Mozilla/5.0+(Windows+NT+10.0;+Win64;+x64)+AppleWebKit/537.36+(KHTML,+like+Gecko)+Chrome/71.0.3578.98+Safari/537.36 https://localhost:44365/EmployeeTimes/Index 404 0 0 58
#Software: Microsoft Internet Information Services 10.0
#Version: 1.0
#Date: 2019-01-15 17:43:53
#Fields: date time s-ip cs-method cs-uri-stem cs-uri-query s-port cs-username c-ip cs(User-Agent) cs(Referer) sc-status sc-substatus sc-win32-status time-taken
2019-01-15 17:43:53 ::1 DEBUG / - 52380 - ::1 - - 200 0 64 7851
2019-01-15 17:43:54 ::1 GET / - 44365 - ::1 Mozilla/5.0+(Windows+NT+10.0;+Win64;+x64)+AppleWebKit/537.36+(KHTML,+like+Gecko)+Chrome/71.0.3578.98+Safari/537.36 - 200 0 0 6431
2019-01-15 17:43:56 ::1 GET /Admin/Index - 44365 - ::1 Mozilla/5.0+(Windows+NT+10.0;+Win64;+x64)+AppleWebKit/537.36+(KHTML,+like+Gecko)+Chrome/71.0.3578.98+Safari/537.36 https://localhost:44365/ 500 0 0 162
2019-01-15 17:45:31 ::1 GET /Admin/Index - 44365 - ::1 Mozilla/5.0+(Windows+NT+10.0;+Win64;+x64)+AppleWebKit/537.36+(KHTML,+like+Gecko)+Chrome/71.0.3578.98+Safari/537.36 https://localhost:44365/ 500 0 0 89
2019-01-15 17:45:37 ::1 GET /ViewEmployees Name=Benedict 44365 - ::1 Mozilla/5.0+(Windows+NT+10.0;+Win64;+x64)+AppleWebKit/537.36+(KHTML,+like+Gecko)+Chrome/71.0.3578.98+Safari/537.36 https://localhost:44365/ 404 0 0 16
2019-01-15 17:52:33 ::1 GET /Admin/Index - 44365 - ::1 Mozilla/5.0+(Windows+NT+10.0;+Win64;+x64)+AppleWebKit/537.36+(KHTML,+like+Gecko)+Chrome/71.0.3578.98+Safari/537.36 https://localhost:44365/ 500 0 0 91
#Software: Microsoft Internet Information Services 10.0
#Version: 1.0
#Date: 2019-01-15 17:56:09
#Fields: date time s-ip cs-method cs-uri-stem cs-uri-query s-port cs-username c-ip cs(User-Agent) cs(Referer) sc-status sc-substatus sc-win32-status time-taken
2019-01-15 17:56:09 ::1 DEBUG / - 52380 - ::1 - - 200 0 64 8101
2019-01-15 17:56:09 ::1 GET / - 44365 - ::1 Mozilla/5.0+(Windows+NT+10.0;+Win64;+x64)+AppleWebKit/537.36+(KHTML,+like+Gecko)+Chrome/71.0.3578.98+Safari/537.36 - 200 0 0 7087
2019-01-15 17:56:11 ::1 GET /Admin/Index - 44365 - ::1 Mozilla/5.0+(Windows+NT+10.0;+Win64;+x64)+AppleWebKit/537.36+(KHTML,+like+Gecko)+Chrome/71.0.3578.98+Safari/537.36 https://localhost:44365/ 200 0 0 102
#Software: Microsoft Internet Information Services 10.0
#Version: 1.0
#Date: 2019-01-15 18:26:01
#Fields: date time s-ip cs-method cs-uri-stem cs-uri-query s-port cs-username c-ip cs(User-Agent) cs(Referer) sc-status sc-substatus sc-win32-status time-taken
2019-01-15 18:26:01 ::1 DEBUG / - 52380 - ::1 - - 200 0 64 8524
2019-01-15 18:26:01 ::1 GET / - 44365 - ::1 Mozilla/5.0+(Windows+NT+10.0;+Win64;+x64)+AppleWebKit/537.36+(KHTML,+like+Gecko)+Chrome/71.0.3578.98+Safari/537.36 - 200 0 0 7865
2019-01-15 18:28:57 ::1 GET /ViewEmployees Name=Benedict 44365 - ::1 Mozilla/5.0+(Windows+NT+10.0;+Win64;+x64)+AppleWebKit/537.36+(KHTML,+like+Gecko)+Chrome/71.0.3578.98+Safari/537.36 https://localhost:44365/ 404 0 0 40
2019-01-15 18:29:00 ::1 GET /Admin/Index - 44365 - ::1 Mozilla/5.0+(Windows+NT+10.0;+Win64;+x64)+AppleWebKit/537.36+(KHTML,+like+Gecko)+Chrome/71.0.3578.98+Safari/537.36 https://localhost:44365/ 500 0 0 236
#Software: Microsoft Internet Information Services 10.0
#Version: 1.0
#Date: 2019-01-15 18:29:45
#Fields: date time s-ip cs-method cs-uri-stem cs-uri-query s-port cs-username c-ip cs(User-Agent) cs(Referer) sc-status sc-substatus sc-win32-status time-taken
2019-01-15 18:29:45 ::1 DEBUG / - 52380 - ::1 - - 200 0 64 7459
2019-01-15 18:29:45 ::1 GET / - 44365 - ::1 Mozilla/5.0+(Windows+NT+10.0;+Win64;+x64)+AppleWebKit/537.36+(KHTML,+like+Gecko)+Chrome/71.0.3578.98+Safari/537.36 - 200 0 0 6235
2019-01-15 18:29:48 ::1 GET /Admin/Index - 44365 - ::1 Mozilla/5.0+(Windows+NT+10.0;+Win64;+x64)+AppleWebKit/537.36+(KHTML,+like+Gecko)+Chrome/71.0.3578.98+Safari/537.36 https://localhost:44365/ 404 0 0 18
#Software: Microsoft Internet Information Services 10.0
#Version: 1.0
#Date: 2019-01-15 18:40:46
#Fields: date time s-ip cs-method cs-uri-stem cs-uri-query s-port cs-username c-ip cs(User-Agent) cs(Referer) sc-status sc-substatus sc-win32-status time-taken
2019-01-15 18:40:46 ::1 GET / - 44365 - ::1 Mozilla/5.0+(Windows+NT+10.0;+Win64;+x64)+AppleWebKit/537.36+(KHTML,+like+Gecko)+Chrome/71.0.3578.98+Safari/537.36 - 200 0 0 1913
2019-01-15 18:40:47 ::1 GET /Home/Index - 44365 - ::1 Mozilla/5.0+(Windows+NT+10.0;+Win64;+x64)+AppleWebKit/537.36+(KHTML,+like+Gecko)+Chrome/71.0.3578.98+Safari/537.36 https://localhost:44365/ 200 0 0 64
2019-01-15 18:40:49 ::1 GET /Customers/Index - 44365 - ::1 Mozilla/5.0+(Windows+NT+10.0;+Win64;+x64)+AppleWebKit/537.36+(KHTML,+like+Gecko)+Chrome/71.0.3578.98+Safari/537.36 https://localhost:44365/Home/Index 200 0 0 1429
2019-01-15 18:41:34 ::1 GET /Admin/Index - 44365 - ::1 Mozilla/5.0+(Windows+NT+10.0;+Win64;+x64)+AppleWebKit/537.36+(KHTML,+like+Gecko)+Chrome/71.0.3578.98+Safari/537.36 https://localhost:44365/Customers/Index 404 0 0 16
#Software: Microsoft Internet Information Services 10.0
#Version: 1.0
#Date: 2019-01-15 18:55:56
#Fields: date time s-ip cs-method cs-uri-stem cs-uri-query s-port cs-username c-ip cs(User-Agent) cs(Referer) sc-status sc-substatus sc-win32-status time-taken
2019-01-15 18:55:56 ::1 GET / - 44365 - ::1 Mozilla/5.0+(Windows+NT+10.0;+Win64;+x64)+AppleWebKit/537.36+(KHTML,+like+Gecko)+Chrome/71.0.3578.98+Safari/537.36 - 200 0 0 2502
2019-01-15 18:55:59 ::1 GET /Admin/Index - 44365 - ::1 Mozilla/5.0+(Windows+NT+10.0;+Win64;+x64)+AppleWebKit/537.36+(KHTML,+like+Gecko)+Chrome/71.0.3578.98+Safari/537.36 https://localhost:44365/ 404 0 0 8
#Software: Microsoft Internet Information Services 10.0
#Version: 1.0
#Date: 2019-01-15 18:57:58
#Fields: date time s-ip cs-method cs-uri-stem cs-uri-query s-port cs-username c-ip cs(User-Agent) cs(Referer) sc-status sc-substatus sc-win32-status time-taken
2019-01-15 18:57:58 ::1 GET / - 44365 - ::1 Mozilla/5.0+(Windows+NT+10.0;+Win64;+x64)+AppleWebKit/537.36+(KHTML,+like+Gecko)+Chrome/71.0.3578.98+Safari/537.36 - 200 0 0 5238
2019-01-15 18:57:58 ::1 GET /favicon.ico - 44365 - ::1 Mozilla/5.0+(Windows+NT+10.0;+Win64;+x64)+AppleWebKit/537.36+(KHTML,+like+Gecko)+Chrome/71.0.3578.98+Safari/537.36 https://localhost:44365/ 200 0 0 47
2019-01-15 18:58:00 ::1 GET /Admin/Index - 44365 - ::1 Mozilla/5.0+(Windows+NT+10.0;+Win64;+x64)+AppleWebKit/537.36+(KHTML,+like+Gecko)+Chrome/71.0.3578.98+Safari/537.36 https://localhost:44365/ 200 0 0 29
2019-01-15 19:01:36 ::1 GET /Admin/Index - 44365 - ::1 Mozilla/5.0+(Windows+NT+10.0;+Win64;+x64)+AppleWebKit/537.36+(KHTML,+like+Gecko)+Chrome/71.0.3578.98+Safari/537.36 https://localhost:44365/ 200 0 0 1447
2019-01-15 19:01:36 ::1 GET /favicon.ico - 44365 - ::1 Mozilla/5.0+(Windows+NT+10.0;+Win64;+x64)+AppleWebKit/537.36+(KHTML,+like+Gecko)+Chrome/71.0.3578.98+Safari/537.36 https://localhost:44365/Admin/Index 200 0 0 10
2019-01-15 19:02:58 ::1 GET /Admin/Index - 44365 - ::1 Mozilla/5.0+(Windows+NT+10.0;+Win64;+x64)+AppleWebKit/537.36+(KHTML,+like+Gecko)+Chrome/71.0.3578.98+Safari/537.36 https://localhost:44365/ 200 0 0 21
2019-01-15 19:02:58 ::1 GET /favicon.ico - 44365 - ::1 Mozilla/5.0+(Windows+NT+10.0;+Win64;+x64)+AppleWebKit/537.36+(KHTML,+like+Gecko)+Chrome/71.0.3578.98+Safari/537.36 https://localhost:44365/Admin/Index 200 0 0 4
2019-01-15 19:03:01 ::1 GET /Admin/Index - 44365 - ::1 Mozilla/5.0+(Windows+NT+10.0;+Win64;+x64)+AppleWebKit/537.36+(KHTML,+like+Gecko)+Chrome/71.0.3578.98+Safari/537.36 https://localhost:44365/ 200 0 0 4
2019-01-15 19:03:01 ::1 GET /favicon.ico - 44365 - ::1 Mozilla/5.0+(Windows+NT+10.0;+Win64;+x64)+AppleWebKit/537.36+(KHTML,+like+Gecko)+Chrome/71.0.3578.98+Safari/537.36 https://localhost:44365/Admin/Index 200 0 0 14
2019-01-15 19:03:37 ::1 GET /Admin/Index - 44365 - ::1 Mozilla/5.0+(Windows+NT+10.0;+Win64;+x64)+AppleWebKit/537.36+(KHTML,+like+Gecko)+Chrome/71.0.3578.98+Safari/537.36 https://localhost:44365/ 200 0 0 48
2019-01-15 19:03:37 ::1 GET /favicon.ico - 44365 - ::1 Mozilla/5.0+(Windows+NT+10.0;+Win64;+x64)+AppleWebKit/537.36+(KHTML,+like+Gecko)+Chrome/71.0.3578.98+Safari/537.36 https://localhost:44365/Admin/Index 200 0 0 10
2019-01-15 19:03:42 ::1 GET /Admin/Index - 44365 - ::1 Mozilla/5.0+(Windows+NT+10.0;+Win64;+x64)+AppleWebKit/537.36+(KHTML,+like+Gecko)+Chrome/71.0.3578.98+Safari/537.36 https://localhost:44365/ 200 0 0 161
2019-01-15 19:03:42 ::1 GET /favicon.ico - 44365 - ::1 Mozilla/5.0+(Windows+NT+10.0;+Win64;+x64)+AppleWebKit/537.36+(KHTML,+like+Gecko)+Chrome/71.0.3578.98+Safari/537.36 https://localhost:44365/Admin/Index 200 0 0 5
2019-01-15 19:04:04 ::1 GET /Admin/Index - 44365 - ::1 Mozilla/5.0+(Windows+NT+10.0;+Win64;+x64)+AppleWebKit/537.36+(KHTML,+like+Gecko)+Chrome/71.0.3578.98+Safari/537.36 https://localhost:44365/ 500 0 0 513
2019-01-15 19:04:04 ::1 GET /favicon.ico - 44365 - ::1 Mozilla/5.0+(Windows+NT+10.0;+Win64;+x64)+AppleWebKit/537.36+(KHTML,+like+Gecko)+Chrome/71.0.3578.98+Safari/537.36 https://localhost:44365/Admin/Index 200 0 0 11
2019-01-15 19:07:13 ::1 GET /Admin/Index - 44365 - ::1 Mozilla/5.0+(Windows+NT+10.0;+Win64;+x64)+AppleWebKit/537.36+(KHTML,+like+Gecko)+Chrome/71.0.3578.98+Safari/537.36 https://localhost:44365/ 502 5 2147500037 4554
2019-01-15 19:07:15 ::1 GET /favicon.ico - 44365 - ::1 Mozilla/5.0+(Windows+NT+10.0;+Win64;+x64)+AppleWebKit/537.36+(KHTML,+like+Gecko)+Chrome/71.0.3578.98+Safari/537.36 https://localhost:44365/Admin/Index 200 0 0 1437
2019-01-15 19:07:18 ::1 GET /Admin/Index - 44365 - ::1 Mozilla/5.0+(Windows+NT+10.0;+Win64;+x64)+AppleWebKit/537.36+(KHTML,+like+Gecko)+Chrome/71.0.3578.98+Safari/537.36 https://localhost:44365/ 200 0 0 577
2019-01-15 19:09:03 ::1 GET /Admin/Index - 44365 - ::1 Mozilla/5.0+(Windows+NT+10.0;+Win64;+x64)+AppleWebKit/537.36+(KHTML,+like+Gecko)+Chrome/71.0.3578.98+Safari/537.36 https://localhost:44365/ 200 0 0 1275
2019-01-15 19:09:03 ::1 GET /favicon.ico - 44365 - ::1 Mozilla/5.0+(Windows+NT+10.0;+Win64;+x64)+AppleWebKit/537.36+(KHTML,+like+Gecko)+Chrome/71.0.3578.98+Safari/537.36 https://localhost:44365/Admin/Index 200 0 0 27
2019-01-15 19:09:06 ::1 GET /Admin/Index - 44365 - ::1 Mozilla/5.0+(Windows+NT+10.0;+Win64;+x64)+AppleWebKit/537.36+(KHTML,+like+Gecko)+Chrome/71.0.3578.98+Safari/537.36 https://localhost:44365/ 200 0 0 47
2019-01-15 19:09:06 ::1 GET /favicon.ico - 44365 - ::1 Mozilla/5.0+(Windows+NT+10.0;+Win64;+x64)+AppleWebKit/537.36+(KHTML,+like+Gecko)+Chrome/71.0.3578.98+Safari/537.36 https://localhost:44365/Admin/Index 200 0 0 29
2019-01-15 19:09:13 ::1 GET /Admin - 44365 - ::1 Mozilla/5.0+(Windows+NT+10.0;+Win64;+x64)+AppleWebKit/537.36+(KHTML,+like+Gecko)+Chrome/71.0.3578.98+Safari/537.36 - 404 0 0 10
2019-01-15 19:09:26 ::1 GET / - 44365 - ::1 Mozilla/5.0+(Windows+NT+10.0;+Win64;+x64)+AppleWebKit/537.36+(KHTML,+like+Gecko)+Chrome/71.0.3578.98+Safari/537.36 - 200 0 0 2294
2019-01-15 19:09:32 ::1 GET /Admin/Index - 44365 - ::1 Mozilla/5.0+(Windows+NT+10.0;+Win64;+x64)+AppleWebKit/537.36+(KHTML,+like+Gecko)+Chrome/71.0.3578.98+Safari/537.36 https://localhost:44365/ 200 0 0 33
2019-01-15 19:09:47 ::1 GET /Customers/Index - 44365 - ::1 Mozilla/5.0+(Windows+NT+10.0;+Win64;+x64)+AppleWebKit/537.36+(KHTML,+like+Gecko)+Chrome/71.0.3578.98+Safari/537.36 https://localhost:44365/Admin/Index 200 0 0 1436
2019-01-15 19:09:49 ::1 GET /Admin/Index - 44365 - ::1 Mozilla/5.0+(Windows+NT+10.0;+Win64;+x64)+AppleWebKit/537.36+(KHTML,+like+Gecko)+Chrome/71.0.3578.98+Safari/537.36 https://localhost:44365/Customers/Index 200 0 0 17
#Software: Microsoft Internet Information Services 10.0
#Version: 1.0
#Date: 2019-01-15 19:14:33
#Fields: date time s-ip cs-method cs-uri-stem cs-uri-query s-port cs-username c-ip cs(User-Agent) cs(Referer) sc-status sc-substatus sc-win32-status time-taken
2019-01-15 19:14:33 ::1 GET /Admin/Index - 44365 - ::1 Mozilla/5.0+(Windows+NT+10.0;+Win64;+x64)+AppleWebKit/537.36+(KHTML,+like+Gecko)+Chrome/71.0.3578.98+Safari/537.36 https://localhost:44365/Customers/Index 200 0 0 3860
2019-01-15 19:14:33 ::1 GET /favicon.ico - 44365 - ::1 Mozilla/5.0+(Windows+NT+10.0;+Win64;+x64)+AppleWebKit/537.36+(KHTML,+like+Gecko)+Chrome/71.0.3578.98+Safari/537.36 https://localhost:44365/Admin/Index 200 0 0 45
#Software: Microsoft Internet Information Services 10.0
#Version: 1.0
#Date: 2019-01-15 19:41:40
#Fields: date time s-ip cs-method cs-uri-stem cs-uri-query s-port cs-username c-ip cs(User-Agent) cs(Referer) sc-status sc-substatus sc-win32-status time-taken
2019-01-15 19:41:40 ::1 GET /Customers/Index - 44365 - ::1 Mozilla/5.0+(Windows+NT+10.0;+Win64;+x64)+AppleWebKit/537.36+(KHTML,+like+Gecko)+Chrome/71.0.3578.98+Safari/537.36 https://localhost:44365/Home/Index 200 0 0 3161
2019-01-15 19:41:40 ::1 GET /favicon.ico - 44365 - ::1 Mozilla/5.0+(Windows+NT+10.0;+Win64;+x64)+AppleWebKit/537.36+(KHTML,+like+Gecko)+Chrome/71.0.3578.98+Safari/537.36 https://localhost:44365/Customers/Index 200 0 0 29
2019-01-15 19:41:44 ::1 GET /Admin/Index - 44365 - ::1 Mozilla/5.0+(Windows+NT+10.0;+Win64;+x64)+AppleWebKit/537.36+(KHTML,+like+Gecko)+Chrome/71.0.3578.98+Safari/537.36 https://localhost:44365/Customers/Index 500 0 0 1580
#Software: Microsoft Internet Information Services 10.0
#Version: 1.0
#Date: 2019-01-15 19:47:46
#Fields: date time s-ip cs-method cs-uri-stem cs-uri-query s-port cs-username c-ip cs(User-Agent) cs(Referer) sc-status sc-substatus sc-win32-status time-taken
2019-01-15 19:47:46 ::1 DEBUG / - 52380 - ::1 - - 200 0 64 8128
2019-01-15 19:47:46 ::1 GET / - 44365 - ::1 Mozilla/5.0+(Windows+NT+10.0;+Win64;+x64)+AppleWebKit/537.36+(KHTML,+like+Gecko)+Chrome/71.0.3578.98+Safari/537.36 - 200 0 0 7057
2019-01-15 19:47:56 ::1 GET /Admin/Index - 44365 - ::1 Mozilla/5.0+(Windows+NT+10.0;+Win64;+x64)+AppleWebKit/537.36+(KHTML,+like+Gecko)+Chrome/71.0.3578.98+Safari/537.36 https://localhost:44365/ 404 0 0 20
#Software: Microsoft Internet Information Services 10.0
#Version: 1.0
#Date: 2019-01-15 19:48:26
#Fields: date time s-ip cs-method cs-uri-stem cs-uri-query s-port cs-username c-ip cs(User-Agent) cs(Referer) sc-status sc-substatus sc-win32-status time-taken
2019-01-15 19:48:26 ::1 GET / - 44365 - ::1 Mozilla/5.0+(Windows+NT+10.0;+Win64;+x64)+AppleWebKit/537.36+(KHTML,+like+Gecko)+Chrome/71.0.3578.98+Safari/537.36 - 200 0 0 2054
2019-01-15 19:48:27 ::1 GET /Admin/Index - 44365 - ::1 Mozilla/5.0+(Windows+NT+10.0;+Win64;+x64)+AppleWebKit/537.36+(KHTML,+like+Gecko)+Chrome/71.0.3578.98+Safari/537.36 https://localhost:44365/ 404 0 0 7
#Software: Microsoft Internet Information Services 10.0
#Version: 1.0
#Date: 2019-01-15 19:49:09
#Fields: date time s-ip cs-method cs-uri-stem cs-uri-query s-port cs-username c-ip cs(User-Agent) cs(Referer) sc-status sc-substatus sc-win32-status time-taken
2019-01-15 19:49:09 ::1 GET /Admin/Index - 44365 - ::1 Mozilla/5.0+(Windows+NT+10.0;+Win64;+x64)+AppleWebKit/537.36+(KHTML,+like+Gecko)+Chrome/71.0.3578.98+Safari/537.36 https://localhost:44365/ 200 0 0 3877
2019-01-15 19:49:53 ::1 GET /Admin/Index - 44365 - ::1 Mozilla/5.0+(Windows+NT+10.0;+Win64;+x64)+AppleWebKit/537.36+(KHTML,+like+Gecko)+Chrome/71.0.3578.98+Safari/537.36 https://localhost:44365/ 200 0 0 1437
2019-01-15 19:49:53 ::1 GET /favicon.ico - 44365 - ::1 Mozilla/5.0+(Windows+NT+10.0;+Win64;+x64)+AppleWebKit/537.36+(KHTML,+like+Gecko)+Chrome/71.0.3578.98+Safari/537.36 https://localhost:44365/Admin/Index 200 0 0 33
2019-01-15 19:49:57 ::1 GET /Admin/Create - 44365 - ::1 Mozilla/5.0+(Windows+NT+10.0;+Win64;+x64)+AppleWebKit/537.36+(KHTML,+like+Gecko)+Chrome/71.0.3578.98+Safari/537.36 https://localhost:44365/Admin/Index 200 0 0 66
2019-01-15 19:49:57 ::1 GET /lib/jquery-validation-unobtrusive/jquery.validate.unobtrusive.js - 44365 - ::1 Mozilla/5.0+(Windows+NT+10.0;+Win64;+x64)+AppleWebKit/537.36+(KHTML,+like+Gecko)+Chrome/71.0.3578.98+Safari/537.36 https://localhost:44365/Admin/Create 304 0 0 19
2019-01-15 19:49:57 ::1 GET /lib/jquery-validation/dist/jquery.validate.js - 44365 - ::1 Mozilla/5.0+(Windows+NT+10.0;+Win64;+x64)+AppleWebKit/537.36+(KHTML,+like+Gecko)+Chrome/71.0.3578.98+Safari/537.36 https://localhost:44365/Admin/Create 304 0 0 21
2019-01-15 19:51:33 ::1 GET /Admin/Index - 44365 - ::1 Mozilla/5.0+(Windows+NT+10.0;+Win64;+x64)+AppleWebKit/537.36+(KHTML,+like+Gecko)+Chrome/71.0.3578.98+Safari/537.36 https://localhost:44365/ 200 0 0 199
2019-01-15 19:51:33 ::1 GET /favicon.ico - 44365 - ::1 Mozilla/5.0+(Windows+NT+10.0;+Win64;+x64)+AppleWebKit/537.36+(KHTML,+like+Gecko)+Chrome/71.0.3578.98+Safari/537.36 https://localhost:44365/Admin/Index 200 0 0 35
2019-01-15 19:51:53 ::1 GET /Admin/Create - 44365 - ::1 Mozilla/5.0+(Windows+NT+10.0;+Win64;+x64)+AppleWebKit/537.36+(KHTML,+like+Gecko)+Chrome/71.0.3578.98+Safari/537.36 https://localhost:44365/Admin/Index 200 0 0 16
2019-01-15 19:52:00 ::1 POST /Admin/View - 44365 - ::1 Mozilla/5.0+(Windows+NT+10.0;+Win64;+x64)+AppleWebKit/537.36+(KHTML,+like+Gecko)+Chrome/71.0.3578.98+Safari/537.36 https://localhost:44365/Admin/Create 404 0 0 5
2019-01-15 19:52:02 ::1 GET /Admin/Create - 44365 - ::1 Mozilla/5.0+(Windows+NT+10.0;+Win64;+x64)+AppleWebKit/537.36+(KHTML,+like+Gecko)+Chrome/71.0.3578.98+Safari/537.36 https://localhost:44365/Admin/Index 200 0 0 5
2019-01-15 19:55:20 ::1 GET /Admin/Create - 44365 - ::1 Mozilla/5.0+(Windows+NT+10.0;+Win64;+x64)+AppleWebKit/537.36+(KHTML,+like+Gecko)+Chrome/71.0.3578.98+Safari/537.36 https://localhost:44365/Admin/Index 200 0 0 33
2019-01-15 19:55:23 ::1 GET /Admin/Index - 44365 - ::1 Mozilla/5.0+(Windows+NT+10.0;+Win64;+x64)+AppleWebKit/537.36+(KHTML,+like+Gecko)+Chrome/71.0.3578.98+Safari/537.36 https://localhost:44365/Admin/Create 200 0 0 5
2019-01-15 19:55:25 ::1 GET /Admin/Create - 44365 - ::1 Mozilla/5.0+(Windows+NT+10.0;+Win64;+x64)+AppleWebKit/537.36+(KHTML,+like+Gecko)+Chrome/71.0.3578.98+Safari/537.36 https://localhost:44365/Admin/Index 200 0 0 5
2019-01-15 19:58:28 ::1 GET /Admin/Index - 44365 - ::1 Mozilla/5.0+(Windows+NT+10.0;+Win64;+x64)+AppleWebKit/537.36+(KHTML,+like+Gecko)+Chrome/71.0.3578.98+Safari/537.36 https://localhost:44365/Admin/Create 200 0 0 25
2019-01-15 19:58:29 ::1 GET /Admin/Create - 44365 - ::1 Mozilla/5.0+(Windows+NT+10.0;+Win64;+x64)+AppleWebKit/537.36+(KHTML,+like+Gecko)+Chrome/71.0.3578.98+Safari/537.36 https://localhost:44365/Admin/Index 200 0 0 6
2019-01-15 19:58:32 ::1 POST /Admin/View - 44365 - ::1 Mozilla/5.0+(Windows+NT+10.0;+Win64;+x64)+AppleWebKit/537.36+(KHTML,+like+Gecko)+Chrome/71.0.3578.98+Safari/537.36 https://localhost:44365/Admin/Create 404 0 0 6
2019-01-15 19:58:35 ::1 GET /Admin/Create - 44365 - ::1 Mozilla/5.0+(Windows+NT+10.0;+Win64;+x64)+AppleWebKit/537.36+(KHTML,+like+Gecko)+Chrome/71.0.3578.98+Safari/537.36 https://localhost:44365/Admin/Index 200 0 0 6
2019-01-15 20:00:28 ::1 GET /Admin/Create - 44365 - ::1 Mozilla/5.0+(Windows+NT+10.0;+Win64;+x64)+AppleWebKit/537.36+(KHTML,+like+Gecko)+Chrome/71.0.3578.98+Safari/537.36 https://localhost:44365/Admin/Index 200 0 0 8213
2019-01-15 20:00:28 ::1 GET /favicon.ico - 44365 - ::1 Mozilla/5.0+(Windows+NT+10.0;+Win64;+x64)+AppleWebKit/537.36+(KHTML,+like+Gecko)+Chrome/71.0.3578.98+Safari/537.36 https://localhost:44365/Admin/Create 200 0 0 32
2019-01-15 20:00:33 ::1 POST /Admin/View - 44365 - ::1 Mozilla/5.0+(Windows+NT+10.0;+Win64;+x64)+AppleWebKit/537.36+(KHTML,+like+Gecko)+Chrome/71.0.3578.98+Safari/537.36 https://localhost:44365/Admin/Create 404 0 0 7
2019-01-15 20:00:35 ::1 GET /Admin/Create - 44365 - ::1 Mozilla/5.0+(Windows+NT+10.0;+Win64;+x64)+AppleWebKit/537.36+(KHTML,+like+Gecko)+Chrome/71.0.3578.98+Safari/537.36 https://localhost:44365/Admin/Index 200 0 0 36
2019-01-15 20:06:12 ::1 POST /Admin/View - 44365 - ::1 Mozilla/5.0+(Windows+NT+10.0;+Win64;+x64)+AppleWebKit/537.36+(KHTML,+like+Gecko)+Chrome/71.0.3578.98+Safari/537.36 https://localhost:44365/Admin/Create 404 0 0 16
2019-01-15 20:06:14 ::1 GET /Admin/Create - 44365 - ::1 Mozilla/5.0+(Windows+NT+10.0;+Win64;+x64)+AppleWebKit/537.36+(KHTML,+like+Gecko)+Chrome/71.0.3578.98+Safari/537.36 https://localhost:44365/Admin/Index 200 0 0 7
2019-01-15 20:07:40 ::1 POST /Admin/View - 44365 - ::1 Mozilla/5.0+(Windows+NT+10.0;+Win64;+x64)+AppleWebKit/537.36+(KHTML,+like+Gecko)+Chrome/71.0.3578.98+Safari/537.36 https://localhost:44365/Admin/Create 404 0 0 13
2019-01-15 20:07:42 ::1 GET /Admin/Create - 44365 - ::1 Mozilla/5.0+(Windows+NT+10.0;+Win64;+x64)+AppleWebKit/537.36+(KHTML,+like+Gecko)+Chrome/71.0.3578.98+Safari/537.36 https://localhost:44365/Admin/Index 200 0 0 9
2019-01-15 20:08:05 ::1 GET /Admin/Index - 44365 - ::1 Mozilla/5.0+(Windows+NT+10.0;+Win64;+x64)+AppleWebKit/537.36+(KHTML,+like+Gecko)+Chrome/71.0.3578.98+Safari/537.36 https://localhost:44365/Admin/Create 200 0 0 22
2019-01-15 20:09:25 ::1 GET /EmployeeTimes/Index - 44365 - ::1 Mozilla/5.0+(Windows+NT+10.0;+Win64;+x64)+AppleWebKit/537.36+(KHTML,+like+Gecko)+Chrome/71.0.3578.98+Safari/537.36 https://localhost:44365/Admin/Index 200 0 0 1700
2019-01-15 20:09:28 ::1 GET /EmployeeTimes/Delete/1 - 44365 - ::1 Mozilla/5.0+(Windows+NT+10.0;+Win64;+x64)+AppleWebKit/537.36+(KHTML,+like+Gecko)+Chrome/71.0.3578.98+Safari/537.36 https://localhost:44365/EmployeeTimes/Index 200 0 0 486
2019-01-15 20:09:31 ::1 POST /EmployeeTimes/Delete/1 - 44365 - ::1 Mozilla/5.0+(Windows+NT+10.0;+Win64;+x64)+AppleWebKit/537.36+(KHTML,+like+Gecko)+Chrome/71.0.3578.98+Safari/537.36 https://localhost:44365/EmployeeTimes/Delete/1 302 0 0 692
2019-01-15 20:09:31 ::1 GET /EmployeeTimes/Index - 44365 - ::1 Mozilla/5.0+(Windows+NT+10.0;+Win64;+x64)+AppleWebKit/537.36+(KHTML,+like+Gecko)+Chrome/71.0.3578.98+Safari/537.36 https://localhost:44365/EmployeeTimes/Delete/1 200 0 0 207
2019-01-15 20:09:34 ::1 GET /Home/Index - 44365 - ::1 Mozilla/5.0+(Windows+NT+10.0;+Win64;+x64)+AppleWebKit/537.36+(KHTML,+like+Gecko)+Chrome/71.0.3578.98+Safari/537.36 https://localhost:44365/EmployeeTimes/Index 200 0 0 21
2019-01-15 20:09:35 ::1 GET /Customers/Index - 44365 - ::1 Mozilla/5.0+(Windows+NT+10.0;+Win64;+x64)+AppleWebKit/537.36+(KHTML,+like+Gecko)+Chrome/71.0.3578.98+Safari/537.36 https://localhost:44365/Home/Index 200 0 0 235
2019-01-15 20:09:38 ::1 GET /Projects/Index - 44365 - ::1 Mozilla/5.0+(Windows+NT+10.0;+Win64;+x64)+AppleWebKit/537.36+(KHTML,+like+Gecko)+Chrome/71.0.3578.98+Safari/537.36 https://localhost:44365/Customers/Index 200 0 0 259
2019-01-15 20:09:40 ::1 GET /EmployeeTimes/Index - 44365 - ::1 Mozilla/5.0+(Windows+NT+10.0;+Win64;+x64)+AppleWebKit/537.36+(KHTML,+like+Gecko)+Chrome/71.0.3578.98+Safari/537.36 https://localhost:44365/Projects/Index 200 0 0 152
2019-01-15 20:09:40 ::1 GET /Admin/Index - 44365 - ::1 Mozilla/5.0+(Windows+NT+10.0;+Win64;+x64)+AppleWebKit/537.36+(KHTML,+like+Gecko)+Chrome/71.0.3578.98+Safari/537.36 https://localhost:44365/EmployeeTimes/Index 200 0 0 8
2019-01-15 20:12:08 ::1 GET /Home/Index - 44365 - ::1 Mozilla/5.0+(Windows+NT+10.0;+Win64;+x64)+AppleWebKit/537.36+(KHTML,+like+Gecko)+Chrome/71.0.3578.98+Safari/537.36 https://localhost:44365/Admin/Index 200 0 0 23
2019-01-15 20:12:08 ::1 GET /Home/Index - 44365 - ::1 Mozilla/5.0+(Windows+NT+10.0;+Win64;+x64)+AppleWebKit/537.36+(KHTML,+like+Gecko)+Chrome/71.0.3578.98+Safari/537.36 https://localhost:44365/Home/Index 200 0 0 4
2019-01-15 20:12:11 ::1 GET /Customers/Index - 44365 - ::1 Mozilla/5.0+(Windows+NT+10.0;+Win64;+x64)+AppleWebKit/537.36+(KHTML,+like+Gecko)+Chrome/71.0.3578.98+Safari/537.36 https://localhost:44365/Home/Index 200 0 0 168
2019-01-15 20:12:13 ::1 GET /Projects/Index - 44365 - ::1 Mozilla/5.0+(Windows+NT+10.0;+Win64;+x64)+AppleWebKit/537.36+(KHTML,+like+Gecko)+Chrome/71.0.3578.98+Safari/537.36 https://localhost:44365/Customers/Index 200 0 0 192
2019-01-15 20:12:15 ::1 GET /EmployeeTimes/Index - 44365 - ::1 Mozilla/5.0+(Windows+NT+10.0;+Win64;+x64)+AppleWebKit/537.36+(KHTML,+like+Gecko)+Chrome/71.0.3578.98+Safari/537.36 https://localhost:44365/Projects/Index 200 0 0 161
2019-01-15 20:12:18 ::1 GET /EmployeeTimes/Create - 44365 - ::1 Mozilla/5.0+(Windows+NT+10.0;+Win64;+x64)+AppleWebKit/537.36+(KHTML,+like+Gecko)+Chrome/71.0.3578.98+Safari/537.36 https://localhost:44365/EmployeeTimes/Index 200 0 0 648
2019-01-15 20:12:21 ::1 GET /Admin/Index - 44365 - ::1 Mozilla/5.0+(Windows+NT+10.0;+Win64;+x64)+AppleWebKit/537.36+(KHTML,+like+Gecko)+Chrome/71.0.3578.98+Safari/537.36 https://localhost:44365/EmployeeTimes/Index 200 0 0 4
2019-01-15 20:12:22 ::1 GET /Admin/Create - 44365 - ::1 Mozilla/5.0+(Windows+NT+10.0;+Win64;+x64)+AppleWebKit/537.36+(KHTML,+like+Gecko)+Chrome/71.0.3578.98+Safari/537.36 https://localhost:44365/Admin/Index 200 0 0 6
2019-01-15 20:12:27 ::1 GET /Admin/Index - 44365 - ::1 Mozilla/5.0+(Windows+NT+10.0;+Win64;+x64)+AppleWebKit/537.36+(KHTML,+like+Gecko)+Chrome/71.0.3578.98+Safari/537.36 https://localhost:44365/Admin/Create 200 0 0 10
2019-01-15 20:12:28 ::1 GET /Admin/Index - 44365 - ::1 Mozilla/5.0+(Windows+NT+10.0;+Win64;+x64)+AppleWebKit/537.36+(KHTML,+like+Gecko)+Chrome/71.0.3578.98+Safari/537.36 https://localhost:44365/Admin/Index 200 0 0 12
2019-01-15 20:12:30 ::1 GET /Admin/Create - 44365 - ::1 Mozilla/5.0+(Windows+NT+10.0;+Win64;+x64)+AppleWebKit/537.36+(KHTML,+like+Gecko)+Chrome/71.0.3578.98+Safari/537.36 https://localhost:44365/Admin/Index 200 0 0 13
2019-01-15 20:12:33 ::1 POST /Admin/View - 44365 - ::1 Mozilla/5.0+(Windows+NT+10.0;+Win64;+x64)+AppleWebKit/537.36+(KHTML,+like+Gecko)+Chrome/71.0.3578.98+Safari/537.36 https://localhost:44365/Admin/Create 404 0 0 10
2019-01-15 20:12:36 ::1 GET /Admin/Create - 44365 - ::1 Mozilla/5.0+(Windows+NT+10.0;+Win64;+x64)+AppleWebKit/537.36+(KHTML,+like+Gecko)+Chrome/71.0.3578.98+Safari/537.36 https://localhost:44365/Admin/Index 200 0 0 11
2019-01-15 20:12:38 ::1 GET /Customers/Index - 44365 - ::1 Mozilla/5.0+(Windows+NT+10.0;+Win64;+x64)+AppleWebKit/537.36+(KHTML,+like+Gecko)+Chrome/71.0.3578.98+Safari/537.36 https://localhost:44365/Admin/Create 200 0 0 145
2019-01-15 20:12:40 ::1 GET /Customers/Create - 44365 - ::1 Mozilla/5.0+(Windows+NT+10.0;+Win64;+x64)+AppleWebKit/537.36+(KHTML,+like+Gecko)+Chrome/71.0.3578.98+Safari/537.36 https://localhost:44365/Customers/Index 200 0 0 35
2019-01-15 20:12:43 ::1 POST /Customers/Create - 44365 - ::1 Mozilla/5.0+(Windows+NT+10.0;+Win64;+x64)+AppleWebKit/537.36+(KHTML,+like+Gecko)+Chrome/71.0.3578.98+Safari/537.36 https://localhost:44365/Customers/Create 302 0 0 376
2019-01-15 20:12:43 ::1 GET /Customers/Index - 44365 - ::1 Mozilla/5.0+(Windows+NT+10.0;+Win64;+x64)+AppleWebKit/537.36+(KHTML,+like+Gecko)+Chrome/71.0.3578.98+Safari/537.36 https://localhost:44365/Customers/Create 200 0 0 158
2019-01-15 20:12:45 ::1 GET /Admin/Index - 44365 - ::1 Mozilla/5.0+(Windows+NT+10.0;+Win64;+x64)+AppleWebKit/537.36+(KHTML,+like+Gecko)+Chrome/71.0.3578.98+Safari/537.36 https://localhost:44365/Customers/Index 200 0 0 4
2019-01-15 20:12:45 ::1 GET /Admin/Create - 44365 - ::1 Mozilla/5.0+(Windows+NT+10.0;+Win64;+x64)+AppleWebKit/537.36+(KHTML,+like+Gecko)+Chrome/71.0.3578.98+Safari/537.36 https://localhost:44365/Admin/Index 200 0 0 5
2019-01-15 20:12:47 ::1 POST /Admin/View - 44365 - ::1 Mozilla/5.0+(Windows+NT+10.0;+Win64;+x64)+AppleWebKit/537.36+(KHTML,+like+Gecko)+Chrome/71.0.3578.98+Safari/537.36 https://localhost:44365/Admin/Create 404 0 0 2
2019-01-15 20:12:49 ::1 GET /Admin/Create - 44365 - ::1 Mozilla/5.0+(Windows+NT+10.0;+Win64;+x64)+AppleWebKit/537.36+(KHTML,+like+Gecko)+Chrome/71.0.3578.98+Safari/537.36 https://localhost:44365/Admin/Index 200 0 0 7
2019-01-15 20:12:52 ::1 GET /Customers/Index - 44365 - ::1 Mozilla/5.0+(Windows+NT+10.0;+Win64;+x64)+AppleWebKit/537.36+(KHTML,+like+Gecko)+Chrome/71.0.3578.98+Safari/537.36 https://localhost:44365/Admin/Index 200 0 0 156
2019-01-15 20:12:56 ::1 GET /Admin/Index - 44365 - ::1 Mozilla/5.0+(Windows+NT+10.0;+Win64;+x64)+AppleWebKit/537.36+(KHTML,+like+Gecko)+Chrome/71.0.3578.98+Safari/537.36 https://localhost:44365/Customers/Index 200 0 0 4
2019-01-15 20:12:57 ::1 GET /Admin/Create - 44365 - ::1 Mozilla/5.0+(Windows+NT+10.0;+Win64;+x64)+AppleWebKit/537.36+(KHTML,+like+Gecko)+Chrome/71.0.3578.98+Safari/537.36 https://localhost:44365/Admin/Index 200 0 0 16
2019-01-15 20:13:21 ::1 GET /EmployeeTimes/Index - 44365 - ::1 Mozilla/5.0+(Windows+NT+10.0;+Win64;+x64)+AppleWebKit/537.36+(KHTML,+like+Gecko)+Chrome/71.0.3578.98+Safari/537.36 https://localhost:44365/Admin/Create 200 0 0 151
2019-01-15 20:13:23 ::1 GET /Admin/Index - 44365 - ::1 Mozilla/5.0+(Windows+NT+10.0;+Win64;+x64)+AppleWebKit/537.36+(KHTML,+like+Gecko)+Chrome/71.0.3578.98+Safari/537.36 https://localhost:44365/EmployeeTimes/Index 200 0 0 4
#Software: Microsoft Internet Information Services 10.0
#Version: 1.0
#Date: 2019-01-15 21:26:23
#Fields: date time s-ip cs-method cs-uri-stem cs-uri-query s-port cs-username c-ip cs(User-Agent) cs(Referer) sc-status sc-substatus sc-win32-status time-taken
2019-01-15 21:26:23 ::1 GET / - 44365 - ::1 Mozilla/5.0+(Windows+NT+10.0;+Win64;+x64)+AppleWebKit/537.36+(KHTML,+like+Gecko)+Chrome/71.0.3578.98+Safari/537.36 - 200 0 0 2621
2019-01-15 21:26:33 ::1 GET /Admin/Index - 44365 - ::1 Mozilla/5.0+(Windows+NT+10.0;+Win64;+x64)+AppleWebKit/537.36+(KHTML,+like+Gecko)+Chrome/71.0.3578.98+Safari/537.36 https://localhost:44365/ 200 0 0 53
#Software: Microsoft Internet Information Services 10.0
#Version: 1.0
#Date: 2019-01-15 21:27:02
#Fields: date time s-ip cs-method cs-uri-stem cs-uri-query s-port cs-username c-ip cs(User-Agent) cs(Referer) sc-status sc-substatus sc-win32-status time-taken
2019-01-15 21:27:02 ::1 GET / - 44365 - ::1 Mozilla/5.0+(Windows+NT+10.0;+Win64;+x64)+AppleWebKit/537.36+(KHTML,+like+Gecko)+Chrome/71.0.3578.98+Safari/537.36 - 200 0 0 2672
2019-01-15 21:27:37 ::1 GET /ViewEmployees Name=Benedict 44365 - ::1 Mozilla/5.0+(Windows+NT+10.0;+Win64;+x64)+AppleWebKit/537.36+(KHTML,+like+Gecko)+Chrome/71.0.3578.98+Safari/537.36 https://localhost:44365/ 404 0 0 16
2019-01-15 21:27:41 ::1 GET /Admin/Create - 44365 - ::1 Mozilla/5.0+(Windows+NT+10.0;+Win64;+x64)+AppleWebKit/537.36+(KHTML,+like+Gecko)+Chrome/71.0.3578.98+Safari/537.36 https://localhost:44365/Admin/Index 200 0 0 79
2019-01-15 21:27:43 ::1 POST /Admin/View - 44365 - ::1 Mozilla/5.0+(Windows+NT+10.0;+Win64;+x64)+AppleWebKit/537.36+(KHTML,+like+Gecko)+Chrome/71.0.3578.98+Safari/537.36 https://localhost:44365/Admin/Create 404 0 0 10
2019-01-15 21:27:45 ::1 GET /Admin/Create - 44365 - ::1 Mozilla/5.0+(Windows+NT+10.0;+Win64;+x64)+AppleWebKit/537.36+(KHTML,+like+Gecko)+Chrome/71.0.3578.98+Safari/537.36 https://localhost:44365/Admin/Index 200 0 0 8
2019-01-15 21:27:49 ::1 GET /Customers/Index - 44365 - ::1 Mozilla/5.0+(Windows+NT+10.0;+Win64;+x64)+AppleWebKit/537.36+(KHTML,+like+Gecko)+Chrome/71.0.3578.98+Safari/537.36 https://localhost:44365/Admin/Create 200 0 0 1378
2019-01-15 21:27:51 ::1 GET /Customers/Create - 44365 - ::1 Mozilla/5.0+(Windows+NT+10.0;+Win64;+x64)+AppleWebKit/537.36+(KHTML,+like+Gecko)+Chrome/71.0.3578.98+Safari/537.36 https://localhost:44365/Customers/Index 200 0 0 39
2019-01-15 21:27:54 ::1 POST /Customers/Create - 44365 - ::1 Mozilla/5.0+(Windows+NT+10.0;+Win64;+x64)+AppleWebKit/537.36+(KHTML,+like+Gecko)+Chrome/71.0.3578.98+Safari/537.36 https://localhost:44365/Customers/Create 302 0 0 586
2019-01-15 21:27:54 ::1 GET /Customers/Index - 44365 - ::1 Mozilla/5.0+(Windows+NT+10.0;+Win64;+x64)+AppleWebKit/537.36+(KHTML,+like+Gecko)+Chrome/71.0.3578.98+Safari/537.36 https://localhost:44365/Customers/Create 200 0 0 163
#Software: Microsoft Internet Information Services 10.0
#Version: 1.0
#Date: 2019-01-15 21:30:04
#Fields: date time s-ip cs-method cs-uri-stem cs-uri-query s-port cs-username c-ip cs(User-Agent) cs(Referer) sc-status sc-substatus sc-win32-status time-taken
2019-01-15 21:30:04 ::1 GET / - 44365 - ::1 Mozilla/5.0+(Windows+NT+10.0;+Win64;+x64)+AppleWebKit/537.36+(KHTML,+like+Gecko)+Chrome/71.0.3578.98+Safari/537.36 - 200 0 0 2565
2019-01-15 21:30:09 ::1 GET /Admin/Index - 44365 - ::1 Mozilla/5.0+(Windows+NT+10.0;+Win64;+x64)+AppleWebKit/537.36+(KHTML,+like+Gecko)+Chrome/71.0.3578.98+Safari/537.36 https://localhost:44365/ 500 0 0 209
2019-01-15 21:30:14 ::1 GET /Admin/Index - 44365 - ::1 Mozilla/5.0+(Windows+NT+10.0;+Win64;+x64)+AppleWebKit/537.36+(KHTML,+like+Gecko)+Chrome/71.0.3578.98+Safari/537.36 https://localhost:44365/ 500 0 0 50
#Software: Microsoft Internet Information Services 10.0
#Version: 1.0
#Date: 2019-01-15 21:31:45
#Fields: date time s-ip cs-method cs-uri-stem cs-uri-query s-port cs-username c-ip cs(User-Agent) cs(Referer) sc-status sc-substatus sc-win32-status time-taken
2019-01-15 21:31:45 ::1 GET / - 44365 - ::1 Mozilla/5.0+(Windows+NT+10.0;+Win64;+x64)+AppleWebKit/537.36+(KHTML,+like+Gecko)+Chrome/71.0.3578.98+Safari/537.36 - 200 0 0 2990
2019-01-15 21:31:47 ::1 GET /Admin/Index - 44365 - ::1 Mozilla/5.0+(Windows+NT+10.0;+Win64;+x64)+AppleWebKit/537.36+(KHTML,+like+Gecko)+Chrome/71.0.3578.98+Safari/537.36 https://localhost:44365/ 200 0 0 63
2019-01-15 21:31:57 ::1 GET /Admin/Create - 44365 - ::1 Mozilla/5.0+(Windows+NT+10.0;+Win64;+x64)+AppleWebKit/537.36+(KHTML,+like+Gecko)+Chrome/71.0.3578.98+Safari/537.36 https://localhost:44365/Admin/Index 200 0 0 68
2019-01-15 21:32:00 ::1 POST /Admin/View - 44365 - ::1 Mozilla/5.0+(Windows+NT+10.0;+Win64;+x64)+AppleWebKit/537.36+(KHTML,+like+Gecko)+Chrome/71.0.3578.98+Safari/537.36 https://localhost:44365/Admin/Create 404 0 0 30
2019-01-15 21:32:02 ::1 GET /Admin/Create - 44365 - ::1 Mozilla/5.0+(Windows+NT+10.0;+Win64;+x64)+AppleWebKit/537.36+(KHTML,+like+Gecko)+Chrome/71.0.3578.98+Safari/537.36 https://localhost:44365/Admin/Index 200 0 0 14
2019-01-15 21:32:17 ::1 GET /Admin/Create - 44365 - ::1 Mozilla/5.0+(Windows+NT+10.0;+Win64;+x64)+AppleWebKit/537.36+(KHTML,+like+Gecko)+Chrome/71.0.3578.98+Safari/537.36 https://localhost:44365/Admin/Index 200 0 0 21
2019-01-15 21:32:39 ::1 GET /Admin/Index - 44365 - ::1 Mozilla/5.0+(Windows+NT+10.0;+Win64;+x64)+AppleWebKit/537.36+(KHTML,+like+Gecko)+Chrome/71.0.3578.98+Safari/537.36 https://localhost:44365/Admin/Index 200 0 0 25
2019-01-15 21:32:42 ::1 GET /Admin/Create - 44365 - ::1 Mozilla/5.0+(Windows+NT+10.0;+Win64;+x64)+AppleWebKit/537.36+(KHTML,+like+Gecko)+Chrome/71.0.3578.98+Safari/537.36 https://localhost:44365/Admin/Index 200 0 0 7
2019-01-15 21:32:52 ::1 POST /Admin/View - 44365 - ::1 Mozilla/5.0+(Windows+NT+10.0;+Win64;+x64)+AppleWebKit/537.36+(KHTML,+like+Gecko)+Chrome/71.0.3578.98+Safari/537.36 https://localhost:44365/Admin/Create 404 0 0 5
2019-01-15 21:32:54 ::1 GET /Admin/Create - 44365 - ::1 Mozilla/5.0+(Windows+NT+10.0;+Win64;+x64)+AppleWebKit/537.36+(KHTML,+like+Gecko)+Chrome/71.0.3578.98+Safari/537.36 https://localhost:44365/Admin/Index 200 0 0 10
2019-01-15 21:39:22 ::1 GET /Admin/Create - 44365 - ::1 Mozilla/5.0+(Windows+NT+10.0;+Win64;+x64)+AppleWebKit/537.36+(KHTML,+like+Gecko)+Chrome/71.0.3578.98+Safari/537.36 https://localhost:44365/Admin/Index 200 0 0 28
2019-01-15 21:39:22 ::1 GET /favicon.ico - 44365 - ::1 Mozilla/5.0+(Windows+NT+10.0;+Win64;+x64)+AppleWebKit/537.36+(KHTML,+like+Gecko)+Chrome/71.0.3578.98+Safari/537.36 https://localhost:44365/Admin/Create 200 0 0 48
2019-01-15 21:39:25 ::1 GET /Admin/Create - 44365 - ::1 Mozilla/5.0+(Windows+NT+10.0;+Win64;+x64)+AppleWebKit/537.36+(KHTML,+like+Gecko)+Chrome/71.0.3578.98+Safari/537.36 https://localhost:44365/Admin/Index 200 0 0 16
2019-01-15 21:39:25 ::1 GET /favicon.ico - 44365 - ::1 Mozilla/5.0+(Windows+NT+10.0;+Win64;+x64)+AppleWebKit/537.36+(KHTML,+like+Gecko)+Chrome/71.0.3578.98+Safari/537.36 https://localhost:44365/Admin/Create 200 0 0 8
2019-01-15 21:39:25 ::1 GET /Admin/Create - 44365 - ::1 Mozilla/5.0+(Windows+NT+10.0;+Win64;+x64)+AppleWebKit/537.36+(KHTML,+like+Gecko)+Chrome/71.0.3578.98+Safari/537.36 https://localhost:44365/Admin/Index 200 0 0 7
2019-01-15 21:39:25 ::1 GET /favicon.ico - 44365 - ::1 Mozilla/5.0+(Windows+NT+10.0;+Win64;+x64)+AppleWebKit/537.36+(KHTML,+like+Gecko)+Chrome/71.0.3578.98+Safari/537.36 https://localhost:44365/Admin/Create 200 0 0 8
2019-01-15 21:39:31 ::1 POST /Admin/View - 44365 - ::1 Mozilla/5.0+(Windows+NT+10.0;+Win64;+x64)+AppleWebKit/537.36+(KHTML,+like+Gecko)+Chrome/71.0.3578.98+Safari/537.36 https://localhost:44365/Admin/Create 404 0 0 2
2019-01-15 21:39:32 ::1 GET /Admin/Create - 44365 - ::1 Mozilla/5.0+(Windows+NT+10.0;+Win64;+x64)+AppleWebKit/537.36+(KHTML,+like+Gecko)+Chrome/71.0.3578.98+Safari/537.36 https://localhost:44365/Admin/Index 200 0 0 5
#Software: Microsoft Internet Information Services 10.0
#Version: 1.0
#Date: 2019-01-15 21:41:24
#Fields: date time s-ip cs-method cs-uri-stem cs-uri-query s-port cs-username c-ip cs(User-Agent) cs(Referer) sc-status sc-substatus sc-win32-status time-taken
2019-01-15 21:41:24 ::1 GET /Admin/Create - 44365 - ::1 Mozilla/5.0+(Windows+NT+10.0;+Win64;+x64)+AppleWebKit/537.36+(KHTML,+like+Gecko)+Chrome/71.0.3578.98+Safari/537.36 https://localhost:44365/Admin/Index 500 0 0 4809
2019-01-15 21:41:24 ::1 GET /favicon.ico - 44365 - ::1 Mozilla/5.0+(Windows+NT+10.0;+Win64;+x64)+AppleWebKit/537.36+(KHTML,+like+Gecko)+Chrome/71.0.3578.98+Safari/537.36 https://localhost:44365/Admin/Create 200 0 0 34
2019-01-15 21:42:12 ::1 GET /Admin/Create - 44365 - ::1 Mozilla/5.0+(Windows+NT+10.0;+Win64;+x64)+AppleWebKit/537.36+(KHTML,+like+Gecko)+Chrome/71.0.3578.98+Safari/537.36 https://localhost:44365/Admin/Index 200 0 0 4324
2019-01-15 21:42:12 ::1 GET /favicon.ico - 44365 - ::1 Mozilla/5.0+(Windows+NT+10.0;+Win64;+x64)+AppleWebKit/537.36+(KHTML,+like+Gecko)+Chrome/71.0.3578.98+Safari/537.36 https://localhost:44365/Admin/Create 200 0 0 31
2019-01-15 21:42:15 ::1 POST /Admin/View - 44365 - ::1 Mozilla/5.0+(Windows+NT+10.0;+Win64;+x64)+AppleWebKit/537.36+(KHTML,+like+Gecko)+Chrome/71.0.3578.98+Safari/537.36 https://localhost:44365/Admin/Create 404 0 0 17
2019-01-15 21:42:17 ::1 GET /Admin/Create - 44365 - ::1 Mozilla/5.0+(Windows+NT+10.0;+Win64;+x64)+AppleWebKit/537.36+(KHTML,+like+Gecko)+Chrome/71.0.3578.98+Safari/537.36 https://localhost:44365/Admin/Index 200 0 0 39
2019-01-15 21:42:25 ::1 POST /Admin/View - 44365 - ::1 Mozilla/5.0+(Windows+NT+10.0;+Win64;+x64)+AppleWebKit/537.36+(KHTML,+like+Gecko)+Chrome/71.0.3578.98+Safari/537.36 https://localhost:44365/Admin/Create 404 0 0 10
2019-01-15 21:42:28 ::1 GET /Admin/Create - 44365 - ::1 Mozilla/5.0+(Windows+NT+10.0;+Win64;+x64)+AppleWebKit/537.36+(KHTML,+like+Gecko)+Chrome/71.0.3578.98+Safari/537.36 https://localhost:44365/Admin/Index 200 0 0 7
#Software: Microsoft Internet Information Services 10.0
#Version: 1.0
#Date: 2019-01-15 21:59:20
#Fields: date time s-ip cs-method cs-uri-stem cs-uri-query s-port cs-username c-ip cs(User-Agent) cs(Referer) sc-status sc-substatus sc-win32-status time-taken
2019-01-15 21:59:20 ::1 GET /Admin/Create - 44365 - ::1 Mozilla/5.0+(Windows+NT+10.0;+Win64;+x64)+AppleWebKit/537.36+(KHTML,+like+Gecko)+Chrome/71.0.3578.98+Safari/537.36 https://localhost:44365/Admin/Index 200 0 0 7703
2019-01-15 21:59:20 ::1 GET /favicon.ico - 44365 - ::1 Mozilla/5.0+(Windows+NT+10.0;+Win64;+x64)+AppleWebKit/537.36+(KHTML,+like+Gecko)+Chrome/71.0.3578.98+Safari/537.36 https://localhost:44365/Admin/Create 200 0 0 39
2019-01-15 21:59:25 ::1 GET /Home/Index - 44365 - ::1 Mozilla/5.0+(Windows+NT+10.0;+Win64;+x64)+AppleWebKit/537.36+(KHTML,+like+Gecko)+Chrome/71.0.3578.98+Safari/537.36 https://localhost:44365/Admin/Create 200 0 0 57
2019-01-15 21:59:27 ::1 GET /Home/Index - 44365 - ::1 Mozilla/5.0+(Windows+NT+10.0;+Win64;+x64)+AppleWebKit/537.36+(KHTML,+like+Gecko)+Chrome/71.0.3578.98+Safari/537.36 https://localhost:44365/Home/Index 200 0 0 6
2019-01-15 21:59:29 ::1 GET /Customers/Index - 44365 - ::1 Mozilla/5.0+(Windows+NT+10.0;+Win64;+x64)+AppleWebKit/537.36+(KHTML,+like+Gecko)+Chrome/71.0.3578.98+Safari/537.36 https://localhost:44365/Home/Index 400 0 64 1412
2019-01-15 21:59:29 ::1 GET /Projects/Index - 44365 - ::1 Mozilla/5.0+(Windows+NT+10.0;+Win64;+x64)+AppleWebKit/537.36+(KHTML,+like+Gecko)+Chrome/71.0.3578.98+Safari/537.36 https://localhost:44365/Home/Index 200 0 0 575
2019-01-15 21:59:34 ::1 GET /Admin/Index - 44365 - ::1 Mozilla/5.0+(Windows+NT+10.0;+Win64;+x64)+AppleWebKit/537.36+(KHTML,+like+Gecko)+Chrome/71.0.3578.98+Safari/537.36 https://localhost:44365/Projects/Index 500 0 0 119
2019-01-15 21:59:46 ::1 GET /Admin/Index - 44365 - ::1 Mozilla/5.0+(Windows+NT+10.0;+Win64;+x64)+AppleWebKit/537.36+(KHTML,+like+Gecko)+Chrome/71.0.3578.98+Safari/537.36 https://localhost:44365/Projects/Index 500 0 0 4470
2019-01-15 21:59:46 ::1 GET /favicon.ico - 44365 - ::1 Mozilla/5.0+(Windows+NT+10.0;+Win64;+x64)+AppleWebKit/537.36+(KHTML,+like+Gecko)+Chrome/71.0.3578.98+Safari/537.36 https://localhost:44365/Admin/Index 200 0 0 45
2019-01-15 22:00:09 ::1 GET /Admin/Index - 44365 - ::1 Mozilla/5.0+(Windows+NT+10.0;+Win64;+x64)+AppleWebKit/537.36+(KHTML,+like+Gecko)+Chrome/71.0.3578.98+Safari/537.36 https://localhost:44365/Projects/Index 200 0 0 2075
2019-01-15 22:00:09 ::1 GET /favicon.ico - 44365 - ::1 Mozilla/5.0+(Windows+NT+10.0;+Win64;+x64)+AppleWebKit/537.36+(KHTML,+like+Gecko)+Chrome/71.0.3578.98+Safari/537.36 https://localhost:44365/Admin/Index 200 0 0 17
2019-01-15 22:00:10 ::1 GET /Admin/Create - 44365 - ::1 Mozilla/5.0+(Windows+NT+10.0;+Win64;+x64)+AppleWebKit/537.36+(KHTML,+like+Gecko)+Chrome/71.0.3578.98+Safari/537.36 https://localhost:44365/Admin/Index 200 0 0 96
2019-01-15 22:00:14 ::1 POST /Admin/View - 44365 - ::1 Mozilla/5.0+(Windows+NT+10.0;+Win64;+x64)+AppleWebKit/537.36+(KHTML,+like+Gecko)+Chrome/71.0.3578.98+Safari/537.36 https://localhost:44365/Admin/Create 404 0 0 17
2019-01-15 22:00:16 ::1 GET /Admin/Create - 44365 - ::1 Mozilla/5.0+(Windows+NT+10.0;+Win64;+x64)+AppleWebKit/537.36+(KHTML,+like+Gecko)+Chrome/71.0.3578.98+Safari/537.36 https://localhost:44365/Admin/Index 200 0 0 18
2019-01-15 22:00:22 ::1 GET /Customers/Index - 44365 - ::1 Mozilla/5.0+(Windows+NT+10.0;+Win64;+x64)+AppleWebKit/537.36+(KHTML,+like+Gecko)+Chrome/71.0.3578.98+Safari/537.36 https://localhost:44365/Admin/Create 200 0 0 1458
2019-01-15 22:00:22 ::1 GET /Customers/Index - 44365 - ::1 Mozilla/5.0+(Windows+NT+10.0;+Win64;+x64)+AppleWebKit/537.36+(KHTML,+like+Gecko)+Chrome/71.0.3578.98+Safari/537.36 https://localhost:44365/Customers/Index 200 0 0 203
2019-01-15 22:00:24 ::1 GET /Customers/Create - 44365 - ::1 Mozilla/5.0+(Windows+NT+10.0;+Win64;+x64)+AppleWebKit/537.36+(KHTML,+like+Gecko)+Chrome/71.0.3578.98+Safari/537.36 https://localhost:44365/Customers/Index 200 0 0 48
2019-01-15 22:00:26 ::1 POST /Customers/Create - 44365 - ::1 Mozilla/5.0+(Windows+NT+10.0;+Win64;+x64)+AppleWebKit/537.36+(KHTML,+like+Gecko)+Chrome/71.0.3578.98+Safari/537.36 https://localhost:44365/Customers/Create 302 0 0 535
2019-01-15 22:00:26 ::1 GET /Customers/Index - 44365 - ::1 Mozilla/5.0+(Windows+NT+10.0;+Win64;+x64)+AppleWebKit/537.36+(KHTML,+like+Gecko)+Chrome/71.0.3578.98+Safari/537.36 https://localhost:44365/Customers/Create 200 0 0 176
2019-01-15 22:00:31 ::1 GET /Admin/Index - 44365 - ::1 Mozilla/5.0+(Windows+NT+10.0;+Win64;+x64)+AppleWebKit/537.36+(KHTML,+like+Gecko)+Chrome/71.0.3578.98+Safari/537.36 https://localhost:44365/Customers/Index 200 0 0 4
2019-01-15 22:00:37 ::1 GET /Admin/Create - 44365 - ::1 Mozilla/5.0+(Windows+NT+10.0;+Win64;+x64)+AppleWebKit/537.36+(KHTML,+like+Gecko)+Chrome/71.0.3578.98+Safari/537.36 https://localhost:44365/Admin/Index 200 0 0 5
2019-01-15 22:00:46 ::1 POST /Admin/View - 44365 - ::1 Mozilla/5.0+(Windows+NT+10.0;+Win64;+x64)+AppleWebKit/537.36+(KHTML,+like+Gecko)+Chrome/71.0.3578.98+Safari/537.36 https://localhost:44365/Admin/Create 404 0 0 3
2019-01-15 22:00:47 ::1 GET /Admin/Create - 44365 - ::1 Mozilla/5.0+(Windows+NT+10.0;+Win64;+x64)+AppleWebKit/537.36+(KHTML,+like+Gecko)+Chrome/71.0.3578.98+Safari/537.36 https://localhost:44365/Admin/Index 200 0 0 12
2019-01-15 22:00:49 ::1 GET /EmployeeTimes/Index - 44365 - ::1 Mozilla/5.0+(Windows+NT+10.0;+Win64;+x64)+AppleWebKit/537.36+(KHTML,+like+Gecko)+Chrome/71.0.3578.98+Safari/537.36 https://localhost:44365/Admin/Create 200 0 0 323
2019-01-15 22:00:50 ::1 GET /Admin/Index - 44365 - ::1 Mozilla/5.0+(Windows+NT+10.0;+Win64;+x64)+AppleWebKit/537.36+(KHTML,+like+Gecko)+Chrome/71.0.3578.98+Safari/537.36 https://localhost:44365/EmployeeTimes/Index 200 0 0 4
2019-01-15 22:01:28 ::1 GET /Admin/Create - 44365 - ::1 Mozilla/5.0+(Windows+NT+10.0;+Win64;+x64)+AppleWebKit/537.36+(KHTML,+like+Gecko)+Chrome/71.0.3578.98+Safari/537.36 https://localhost:44365/Admin/Index 200 0 0 18
2019-01-15 22:02:48 ::1 POST /Admin/View - 44365 - ::1 Mozilla/5.0+(Windows+NT+10.0;+Win64;+x64)+AppleWebKit/537.36+(KHTML,+like+Gecko)+Chrome/71.0.3578.98+Safari/537.36 https://localhost:44365/Admin/Create 404 0 0 2969
2019-01-15 22:02:48 ::1 GET /Admin/Create - 44365 - ::1 Mozilla/5.0+(Windows+NT+10.0;+Win64;+x64)+AppleWebKit/537.36+(KHTML,+like+Gecko)+Chrome/71.0.3578.98+Safari/537.36 https://localhost:44365/Admin/Index 502 3 64 6011
2019-01-15 22:02:50 ::1 GET /Admin/Create - 44365 - ::1 Mozilla/5.0+(Windows+NT+10.0;+Win64;+x64)+AppleWebKit/537.36+(KHTML,+like+Gecko)+Chrome/71.0.3578.98+Safari/537.36 https://localhost:44365/Admin/Index 200 0 0 67
2019-01-15 22:02:50 ::1 GET /favicon.ico - 44365 - ::1 Mozilla/5.0+(Windows+NT+10.0;+Win64;+x64)+AppleWebKit/537.36+(KHTML,+like+Gecko)+Chrome/71.0.3578.98+Safari/537.36 https://localhost:44365/Admin/Create 200 0 0 41
2019-01-15 22:03:22 ::1 GET /Customers/Index - 44365 - ::1 Mozilla/5.0+(Windows+NT+10.0;+Win64;+x64)+AppleWebKit/537.36+(KHTML,+like+Gecko)+Chrome/71.0.3578.98+Safari/537.36 https://localhost:44365/Admin/Create 200 0 0 5764
2019-01-15 22:04:04 ::1 GET /Identity/Account/Register - 44365 - ::1 Mozilla/5.0+(Windows+NT+10.0;+Win64;+x64)+AppleWebKit/537.36+(KHTML,+like+Gecko)+Chrome/71.0.3578.98+Safari/537.36 https://localhost:44365/Customers/Index 200 0 0 172
2019-01-15 22:04:19 ::1 GET /Identity/Account/Login - 44365 - ::1 Mozilla/5.0+(Windows+NT+10.0;+Win64;+x64)+AppleWebKit/537.36+(KHTML,+like+Gecko)+Chrome/71.0.3578.98+Safari/537.36 https://localhost:44365/Identity/Account/Register 200 0 0 108
2019-01-15 22:04:32 ::1 GET /Customers/Index - 44365 - ::1 Mozilla/5.0+(Windows+NT+10.0;+Win64;+x64)+AppleWebKit/537.36+(KHTML,+like+Gecko)+Chrome/71.0.3578.98+Safari/537.36 https://localhost:44365/Identity/Account/Login 200 0 0 237
2019-01-15 22:04:34 ::1 GET /Identity/Account/Login - 44365 - ::1 Mozilla/5.0+(Windows+NT+10.0;+Win64;+x64)+AppleWebKit/537.36+(KHTML,+like+Gecko)+Chrome/71.0.3578.98+Safari/537.36 https://localhost:44365/Customers/Index 200 0 0 20
2019-01-15 22:15:15 ::1 GET /Admin/Index - 44365 - ::1 Mozilla/5.0+(Windows+NT+10.0;+Win64;+x64)+AppleWebKit/537.36+(KHTML,+like+Gecko)+Chrome/71.0.3578.98+Safari/537.36 https://localhost:44365/Identity/Account/Login 200 0 0 31
2019-01-15 22:15:22 ::1 GET /Admin/Create - 44365 - ::1 Mozilla/5.0+(Windows+NT+10.0;+Win64;+x64)+AppleWebKit/537.36+(KHTML,+like+Gecko)+Chrome/71.0.3578.98+Safari/537.36 https://localhost:44365/Admin/Index 200 0 0 48
2019-01-15 22:15:29 ::1 GET /Identity/Account/Login - 44365 - ::1 Mozilla/5.0+(Windows+NT+10.0;+Win64;+x64)+AppleWebKit/537.36+(KHTML,+like+Gecko)+Chrome/71.0.3578.98+Safari/537.36 https://localhost:44365/Admin/Create 200 0 0 9
2019-01-15 22:15:34 ::1 GET /Admin/Index - 44365 - ::1 Mozilla/5.0+(Windows+NT+10.0;+Win64;+x64)+AppleWebKit/537.36+(KHTML,+like+Gecko)+Chrome/71.0.3578.98+Safari/537.36 https://localhost:44365/Identity/Account/Login 200 0 0 9
2019-01-15 22:30:25 ::1 GET /Admin/Create - 44365 - ::1 Mozilla/5.0+(Windows+NT+10.0;+Win64;+x64)+AppleWebKit/537.36+(KHTML,+like+Gecko)+Chrome/71.0.3578.98+Safari/537.36 https://localhost:44365/Admin/Index 200 0 0 23
#Software: Microsoft Internet Information Services 10.0
#Version: 1.0
#Date: 2019-01-15 22:43:26
#Fields: date time s-ip cs-method cs-uri-stem cs-uri-query s-port cs-username c-ip cs(User-Agent) cs(Referer) sc-status sc-substatus sc-win32-status time-taken
2019-01-15 22:43:26 ::1 DEBUG / - 52380 - ::1 - - 200 0 64 11823
2019-01-15 22:43:26 ::1 GET / - 44365 - ::1 Mozilla/5.0+(Windows+NT+10.0;+Win64;+x64)+AppleWebKit/537.36+(KHTML,+like+Gecko)+Chrome/71.0.3578.98+Safari/537.36 - 200 0 0 8600
2019-01-15 22:43:33 ::1 GET /Admin/Index - 44365 - ::1 Mozilla/5.0+(Windows+NT+10.0;+Win64;+x64)+AppleWebKit/537.36+(KHTML,+like+Gecko)+Chrome/71.0.3578.98+Safari/537.36 https://localhost:44365/ 500 0 0 324
2019-01-15 22:45:27 ::1 GET /Admin/Index - 44365 - ::1 Mozilla/5.0+(Windows+NT+10.0;+Win64;+x64)+AppleWebKit/537.36+(KHTML,+like+Gecko)+Chrome/71.0.3578.98+Safari/537.36 https://localhost:44365/ 500 0 0 2339
2019-01-15 22:45:27 ::1 GET /favicon.ico - 44365 - ::1 Mozilla/5.0+(Windows+NT+10.0;+Win64;+x64)+AppleWebKit/537.36+(KHTML,+like+Gecko)+Chrome/71.0.3578.98+Safari/537.36 https://localhost:44365/Admin/Index 200 0 0 23
#Software: Microsoft Internet Information Services 10.0
#Version: 1.0
#Date: 2019-01-15 22:54:10
#Fields: date time s-ip cs-method cs-uri-stem cs-uri-query s-port cs-username c-ip cs(User-Agent) cs(Referer) sc-status sc-substatus sc-win32-status time-taken
2019-01-15 22:54:10 ::1 GET / - 44365 - ::1 Mozilla/5.0+(Windows+NT+10.0;+Win64;+x64)+AppleWebKit/537.36+(KHTML,+like+Gecko)+Chrome/71.0.3578.98+Safari/537.36 - 200 0 0 2269
2019-01-15 22:54:12 ::1 GET /Admin/Index - 44365 - ::1 Mozilla/5.0+(Windows+NT+10.0;+Win64;+x64)+AppleWebKit/537.36+(KHTML,+like+Gecko)+Chrome/71.0.3578.98+Safari/537.36 https://localhost:44365/ 500 0 0 138
2019-01-15 22:55:11 ::1 GET /Admin/Index - 44365 - ::1 Mozilla/5.0+(Windows+NT+10.0;+Win64;+x64)+AppleWebKit/537.36+(KHTML,+like+Gecko)+Chrome/71.0.3578.98+Safari/537.36 https://localhost:44365/ 500 0 0 52
