#Software: Microsoft Internet Information Services 10.0
#Version: 1.0
#Date: 2019-03-15 19:39:03
#Fields: date time s-ip cs-method cs-uri-stem cs-uri-query s-port cs-username c-ip cs(User-Agent) cs(Referer) sc-status sc-substatus sc-win32-status time-taken
2019-03-15 19:39:03 ::1 GET / - 63520 - ::1 Mozilla/5.0+(Windows+NT+10.0;+Win64;+x64)+AppleWebKit/537.36+(KHTML,+like+Gecko)+Chrome/72.0.3626.119+Safari/537.36 - 200 0 0 21383
2019-03-15 19:39:03 ::1 GET /Content/site.css - 63520 - ::1 Mozilla/5.0+(Windows+NT+10.0;+Win64;+x64)+AppleWebKit/537.36+(KHTML,+like+Gecko)+Chrome/72.0.3626.119+Safari/537.36 http://localhost:63520/ 200 0 0 22
2019-03-15 19:39:03 ::1 GET /Scripts/modernizr-2.8.3.js - 63520 - ::1 Mozilla/5.0+(Windows+NT+10.0;+Win64;+x64)+AppleWebKit/537.36+(KHTML,+like+Gecko)+Chrome/72.0.3626.119+Safari/537.36 http://localhost:63520/ 200 0 0 25
2019-03-15 19:39:03 ::1 GET /Content/bootstrap.css - 63520 - ::1 Mozilla/5.0+(Windows+NT+10.0;+Win64;+x64)+AppleWebKit/537.36+(KHTML,+like+Gecko)+Chrome/72.0.3626.119+Safari/537.36 http://localhost:63520/ 200 0 0 34
2019-03-15 19:39:03 ::1 GET /Scripts/bootstrap.js - 63520 - ::1 Mozilla/5.0+(Windows+NT+10.0;+Win64;+x64)+AppleWebKit/537.36+(KHTML,+like+Gecko)+Chrome/72.0.3626.119+Safari/537.36 http://localhost:63520/ 200 0 0 33
2019-03-15 19:39:03 ::1 GET /Scripts/jquery-3.3.1.js - 63520 - ::1 Mozilla/5.0+(Windows+NT+10.0;+Win64;+x64)+AppleWebKit/537.36+(KHTML,+like+Gecko)+Chrome/72.0.3626.119+Safari/537.36 http://localhost:63520/ 200 0 0 42
2019-03-15 19:39:03 ::1 GET /favicon.ico - 63520 - ::1 Mozilla/5.0+(Windows+NT+10.0;+Win64;+x64)+AppleWebKit/537.36+(KHTML,+like+Gecko)+Chrome/72.0.3626.119+Safari/537.36 http://localhost:63520/ 200 0 0 6
2019-03-15 19:39:08 ::1 GET /Account/Register - 63520 - ::1 Mozilla/5.0+(Windows+NT+10.0;+Win64;+x64)+AppleWebKit/537.36+(KHTML,+like+Gecko)+Chrome/72.0.3626.119+Safari/537.36 http://localhost:63520/ 200 0 0 2493
2019-03-15 19:39:08 ::1 GET /Content/site.css - 63520 - ::1 Mozilla/5.0+(Windows+NT+10.0;+Win64;+x64)+AppleWebKit/537.36+(KHTML,+like+Gecko)+Chrome/72.0.3626.119+Safari/537.36 http://localhost:63520/Account/Register 304 0 0 14
2019-03-15 19:39:08 ::1 GET /Content/bootstrap.css - 63520 - ::1 Mozilla/5.0+(Windows+NT+10.0;+Win64;+x64)+AppleWebKit/537.36+(KHTML,+like+Gecko)+Chrome/72.0.3626.119+Safari/537.36 http://localhost:63520/Account/Register 304 0 0 15
2019-03-15 19:39:08 ::1 GET /Scripts/jquery.validate.js - 63520 - ::1 Mozilla/5.0+(Windows+NT+10.0;+Win64;+x64)+AppleWebKit/537.36+(KHTML,+like+Gecko)+Chrome/72.0.3626.119+Safari/537.36 http://localhost:63520/Account/Register 200 0 0 51
2019-03-15 19:39:08 ::1 GET /Scripts/jquery.validate.unobtrusive.js - 63520 - ::1 Mozilla/5.0+(Windows+NT+10.0;+Win64;+x64)+AppleWebKit/537.36+(KHTML,+like+Gecko)+Chrome/72.0.3626.119+Safari/537.36 http://localhost:63520/Account/Register 200 0 0 59
2019-03-15 19:39:08 ::1 GET /Scripts/modernizr-2.8.3.js - 63520 - ::1 Mozilla/5.0+(Windows+NT+10.0;+Win64;+x64)+AppleWebKit/537.36+(KHTML,+like+Gecko)+Chrome/72.0.3626.119+Safari/537.36 http://localhost:63520/Account/Register 304 0 0 70
2019-03-15 19:39:08 ::1 GET /Scripts/bootstrap.js - 63520 - ::1 Mozilla/5.0+(Windows+NT+10.0;+Win64;+x64)+AppleWebKit/537.36+(KHTML,+like+Gecko)+Chrome/72.0.3626.119+Safari/537.36 http://localhost:63520/Account/Register 304 0 0 99
2019-03-15 19:39:08 ::1 GET /Scripts/jquery-3.3.1.js - 63520 - ::1 Mozilla/5.0+(Windows+NT+10.0;+Win64;+x64)+AppleWebKit/537.36+(KHTML,+like+Gecko)+Chrome/72.0.3626.119+Safari/537.36 http://localhost:63520/Account/Register 304 0 0 214
2019-03-15 19:39:47 ::1 POST /Account/Register - 63520 - ::1 Mozilla/5.0+(Windows+NT+10.0;+Win64;+x64)+AppleWebKit/537.36+(KHTML,+like+Gecko)+Chrome/72.0.3626.119+Safari/537.36 http://localhost:63520/Account/Register 302 0 0 3937
2019-03-15 19:39:47 ::1 GET / - 63520 Chiluba@yahoo.com ::1 Mozilla/5.0+(Windows+NT+10.0;+Win64;+x64)+AppleWebKit/537.36+(KHTML,+like+Gecko)+Chrome/72.0.3626.119+Safari/537.36 http://localhost:63520/Account/Register 200 0 0 23
2019-03-15 19:39:47 ::1 GET /Content/site.css - 63520 - ::1 Mozilla/5.0+(Windows+NT+10.0;+Win64;+x64)+AppleWebKit/537.36+(KHTML,+like+Gecko)+Chrome/72.0.3626.119+Safari/537.36 http://localhost:63520/ 304 0 0 7
2019-03-15 19:39:47 ::1 GET /Content/bootstrap.css - 63520 - ::1 Mozilla/5.0+(Windows+NT+10.0;+Win64;+x64)+AppleWebKit/537.36+(KHTML,+like+Gecko)+Chrome/72.0.3626.119+Safari/537.36 http://localhost:63520/ 304 0 0 40
2019-03-15 19:39:47 ::1 GET /Scripts/modernizr-2.8.3.js - 63520 - ::1 Mozilla/5.0+(Windows+NT+10.0;+Win64;+x64)+AppleWebKit/537.36+(KHTML,+like+Gecko)+Chrome/72.0.3626.119+Safari/537.36 http://localhost:63520/ 304 0 0 53
2019-03-15 19:39:47 ::1 GET /Scripts/bootstrap.js - 63520 - ::1 Mozilla/5.0+(Windows+NT+10.0;+Win64;+x64)+AppleWebKit/537.36+(KHTML,+like+Gecko)+Chrome/72.0.3626.119+Safari/537.36 http://localhost:63520/ 304 0 0 136
2019-03-15 19:39:47 ::1 GET /Scripts/jquery-3.3.1.js - 63520 - ::1 Mozilla/5.0+(Windows+NT+10.0;+Win64;+x64)+AppleWebKit/537.36+(KHTML,+like+Gecko)+Chrome/72.0.3626.119+Safari/537.36 http://localhost:63520/ 304 0 0 160
2019-03-15 19:39:49 ::1 POST /Account/LogOff - 63520 Chiluba@yahoo.com ::1 Mozilla/5.0+(Windows+NT+10.0;+Win64;+x64)+AppleWebKit/537.36+(KHTML,+like+Gecko)+Chrome/72.0.3626.119+Safari/537.36 http://localhost:63520/ 302 0 0 18
2019-03-15 19:39:49 ::1 GET / - 63520 - ::1 Mozilla/5.0+(Windows+NT+10.0;+Win64;+x64)+AppleWebKit/537.36+(KHTML,+like+Gecko)+Chrome/72.0.3626.119+Safari/537.36 http://localhost:63520/ 200 0 0 8
2019-03-15 19:39:49 ::1 GET /Account/Login - 63520 - ::1 Mozilla/5.0+(Windows+NT+10.0;+Win64;+x64)+AppleWebKit/537.36+(KHTML,+like+Gecko)+Chrome/72.0.3626.119+Safari/537.36 http://localhost:63520/ 200 0 0 88
2019-03-15 19:39:50 ::1 GET /Scripts/jquery.validate.unobtrusive.js - 63520 - ::1 Mozilla/5.0+(Windows+NT+10.0;+Win64;+x64)+AppleWebKit/537.36+(KHTML,+like+Gecko)+Chrome/72.0.3626.119+Safari/537.36 http://localhost:63520/Account/Login 304 0 0 48
2019-03-15 19:39:50 ::1 GET /Scripts/jquery.validate.js - 63520 - ::1 Mozilla/5.0+(Windows+NT+10.0;+Win64;+x64)+AppleWebKit/537.36+(KHTML,+like+Gecko)+Chrome/72.0.3626.119+Safari/537.36 http://localhost:63520/Account/Login 304 0 0 81
2019-03-15 19:40:07 ::1 POST /Account/Login - 63520 - ::1 Mozilla/5.0+(Windows+NT+10.0;+Win64;+x64)+AppleWebKit/537.36+(KHTML,+like+Gecko)+Chrome/72.0.3626.119+Safari/537.36 http://localhost:63520/Account/Login 302 0 0 179
2019-03-15 19:40:07 ::1 GET / - 63520 Chiluba@yahoo.com ::1 Mozilla/5.0+(Windows+NT+10.0;+Win64;+x64)+AppleWebKit/537.36+(KHTML,+like+Gecko)+Chrome/72.0.3626.119+Safari/537.36 http://localhost:63520/Account/Login 200 0 0 5
2019-03-15 19:40:07 ::1 GET /Content/bootstrap.css - 63520 - ::1 Mozilla/5.0+(Windows+NT+10.0;+Win64;+x64)+AppleWebKit/537.36+(KHTML,+like+Gecko)+Chrome/72.0.3626.119+Safari/537.36 http://localhost:63520/ 304 0 0 15
2019-03-15 19:40:07 ::1 GET /Scripts/modernizr-2.8.3.js - 63520 - ::1 Mozilla/5.0+(Windows+NT+10.0;+Win64;+x64)+AppleWebKit/537.36+(KHTML,+like+Gecko)+Chrome/72.0.3626.119+Safari/537.36 http://localhost:63520/ 304 0 0 15
2019-03-15 19:40:07 ::1 GET /Content/site.css - 63520 - ::1 Mozilla/5.0+(Windows+NT+10.0;+Win64;+x64)+AppleWebKit/537.36+(KHTML,+like+Gecko)+Chrome/72.0.3626.119+Safari/537.36 http://localhost:63520/ 304 0 0 16
2019-03-15 19:40:07 ::1 GET /Scripts/jquery-3.3.1.js - 63520 - ::1 Mozilla/5.0+(Windows+NT+10.0;+Win64;+x64)+AppleWebKit/537.36+(KHTML,+like+Gecko)+Chrome/72.0.3626.119+Safari/537.36 http://localhost:63520/ 304 0 0 22
2019-03-15 19:40:07 ::1 GET /Scripts/bootstrap.js - 63520 - ::1 Mozilla/5.0+(Windows+NT+10.0;+Win64;+x64)+AppleWebKit/537.36+(KHTML,+like+Gecko)+Chrome/72.0.3626.119+Safari/537.36 http://localhost:63520/ 304 0 0 22
2019-03-15 19:40:10 ::1 POST /Account/LogOff - 63520 Chiluba@yahoo.com ::1 Mozilla/5.0+(Windows+NT+10.0;+Win64;+x64)+AppleWebKit/537.36+(KHTML,+like+Gecko)+Chrome/72.0.3626.119+Safari/537.36 http://localhost:63520/ 302 0 0 8
2019-03-15 19:40:10 ::1 GET / - 63520 - ::1 Mozilla/5.0+(Windows+NT+10.0;+Win64;+x64)+AppleWebKit/537.36+(KHTML,+like+Gecko)+Chrome/72.0.3626.119+Safari/537.36 http://localhost:63520/ 200 0 0 6
