#Software: Microsoft Internet Information Services 10.0
#Version: 1.0
#Date: 2019-01-11 16:17:44
#Fields: date time s-ip cs-method cs-uri-stem cs-uri-query s-port cs-username c-ip cs(User-Agent) cs(Referer) sc-status sc-substatus sc-win32-status time-taken
2019-01-11 16:17:44 ::1 DEBUG / - 62870 - ::1 - - 200 0 64 11805
2019-01-11 16:17:44 ::1 GET / - 44306 - ::1 Mozilla/5.0+(Windows+NT+10.0;+Win64;+x64)+AppleWebKit/537.36+(KHTML,+like+Gecko)+Chrome/71.0.3578.98+Safari/537.36 - 200 0 0 8059
2019-01-11 16:17:44 ::1 GET /css/site.css - 44306 - ::1 Mozilla/5.0+(Windows+NT+10.0;+Win64;+x64)+AppleWebKit/537.36+(KHTML,+like+Gecko)+Chrome/71.0.3578.98+Safari/537.36 https://localhost:44306/ 200 0 0 151
2019-01-11 16:17:44 ::1 GET /images/banner1.svg - 44306 - ::1 Mozilla/5.0+(Windows+NT+10.0;+Win64;+x64)+AppleWebKit/537.36+(KHTML,+like+Gecko)+Chrome/71.0.3578.98+Safari/537.36 https://localhost:44306/ 200 0 0 149
2019-01-11 16:17:44 ::1 GET /images/banner2.svg - 44306 - ::1 Mozilla/5.0+(Windows+NT+10.0;+Win64;+x64)+AppleWebKit/537.36+(KHTML,+like+Gecko)+Chrome/71.0.3578.98+Safari/537.36 https://localhost:44306/ 200 0 0 150
2019-01-11 16:17:44 ::1 GET /images/banner3.svg - 44306 - ::1 Mozilla/5.0+(Windows+NT+10.0;+Win64;+x64)+AppleWebKit/537.36+(KHTML,+like+Gecko)+Chrome/71.0.3578.98+Safari/537.36 https://localhost:44306/ 200 0 0 167
2019-01-11 16:17:44 ::1 GET /js/site.js v=4q1jwFhaPaZgr8WAUSrux6hAuh0XDg9kPS3xIVq36I0 44306 - ::1 Mozilla/5.0+(Windows+NT+10.0;+Win64;+x64)+AppleWebKit/537.36+(KHTML,+like+Gecko)+Chrome/71.0.3578.98+Safari/537.36 https://localhost:44306/ 200 0 0 186
2019-01-11 16:17:44 ::1 GET /lib/bootstrap/dist/js/bootstrap.js - 44306 - ::1 Mozilla/5.0+(Windows+NT+10.0;+Win64;+x64)+AppleWebKit/537.36+(KHTML,+like+Gecko)+Chrome/71.0.3578.98+Safari/537.36 https://localhost:44306/ 200 0 0 202
2019-01-11 16:17:44 ::1 GET /lib/bootstrap/dist/css/bootstrap.css - 44306 - ::1 Mozilla/5.0+(Windows+NT+10.0;+Win64;+x64)+AppleWebKit/537.36+(KHTML,+like+Gecko)+Chrome/71.0.3578.98+Safari/537.36 https://localhost:44306/ 200 0 0 222
2019-01-11 16:17:44 ::1 GET /lib/jquery/dist/jquery.js - 44306 - ::1 Mozilla/5.0+(Windows+NT+10.0;+Win64;+x64)+AppleWebKit/537.36+(KHTML,+like+Gecko)+Chrome/71.0.3578.98+Safari/537.36 https://localhost:44306/ 200 0 0 283
2019-01-11 16:17:44 ::1 GET /lib/bootstrap/dist/fonts/glyphicons-halflings-regular.woff2 - 44306 - ::1 Mozilla/5.0+(Windows+NT+10.0;+Win64;+x64)+AppleWebKit/537.36+(KHTML,+like+Gecko)+Chrome/71.0.3578.98+Safari/537.36 https://localhost:44306/lib/bootstrap/dist/css/bootstrap.css 200 0 0 62
2019-01-11 16:17:45 ::1 GET /favicon.ico - 44306 - ::1 Mozilla/5.0+(Windows+NT+10.0;+Win64;+x64)+AppleWebKit/537.36+(KHTML,+like+Gecko)+Chrome/71.0.3578.98+Safari/537.36 https://localhost:44306/ 200 0 0 11
2019-01-11 16:20:00 ::1 GET / - 44306 - ::1 Mozilla/5.0+(Windows+NT+10.0;+Win64;+x64)+AppleWebKit/537.36+(KHTML,+like+Gecko)+Chrome/71.0.3578.98+Safari/537.36 https://localhost:44306/ 200 0 0 118
#Software: Microsoft Internet Information Services 10.0
#Version: 1.0
#Date: 2019-01-11 16:21:50
#Fields: date time s-ip cs-method cs-uri-stem cs-uri-query s-port cs-username c-ip cs(User-Agent) cs(Referer) sc-status sc-substatus sc-win32-status time-taken
2019-01-11 16:21:50 ::1 GET / - 44306 - ::1 Mozilla/5.0+(Windows+NT+10.0;+Win64;+x64)+AppleWebKit/537.36+(KHTML,+like+Gecko)+Chrome/71.0.3578.98+Safari/537.36 - 200 0 0 2034
2019-01-11 16:21:53 ::1 GET / - 44306 - ::1 Mozilla/5.0+(Windows+NT+10.0;+Win64;+x64)+AppleWebKit/537.36+(KHTML,+like+Gecko)+Chrome/71.0.3578.98+Safari/537.36 https://localhost:44306/ 200 0 0 18
#Software: Microsoft Internet Information Services 10.0
#Version: 1.0
#Date: 2019-01-11 16:22:10
#Fields: date time s-ip cs-method cs-uri-stem cs-uri-query s-port cs-username c-ip cs(User-Agent) cs(Referer) sc-status sc-substatus sc-win32-status time-taken
2019-01-11 16:22:10 ::1 GET / - 44306 - ::1 Mozilla/5.0+(Windows+NT+10.0;+Win64;+x64)+AppleWebKit/537.36+(KHTML,+like+Gecko)+Chrome/71.0.3578.98+Safari/537.36 - 200 0 0 1547
#Software: Microsoft Internet Information Services 10.0
#Version: 1.0
#Date: 2019-01-11 16:23:36
#Fields: date time s-ip cs-method cs-uri-stem cs-uri-query s-port cs-username c-ip cs(User-Agent) cs(Referer) sc-status sc-substatus sc-win32-status time-taken
2019-01-11 16:23:36 ::1 GET / - 44306 - ::1 Mozilla/5.0+(Windows+NT+10.0;+Win64;+x64)+AppleWebKit/537.36+(KHTML,+like+Gecko)+Chrome/71.0.3578.98+Safari/537.36 - 200 0 0 1515
2019-01-11 16:23:39 ::1 GET / - 44306 - ::1 Mozilla/5.0+(Windows+NT+10.0;+Win64;+x64)+AppleWebKit/537.36+(KHTML,+like+Gecko)+Chrome/71.0.3578.98+Safari/537.36 https://localhost:44306/ 200 0 0 12
#Software: Microsoft Internet Information Services 10.0
#Version: 1.0
#Date: 2019-01-11 16:23:54
#Fields: date time s-ip cs-method cs-uri-stem cs-uri-query s-port cs-username c-ip cs(User-Agent) cs(Referer) sc-status sc-substatus sc-win32-status time-taken
2019-01-11 16:23:54 ::1 DEBUG / - 62870 - ::1 - - 200 0 64 7211
2019-01-11 16:23:54 ::1 GET / - 44306 - ::1 Mozilla/5.0+(Windows+NT+10.0;+Win64;+x64)+AppleWebKit/537.36+(KHTML,+like+Gecko)+Chrome/71.0.3578.98+Safari/537.36 - 200 0 0 4877
#Software: Microsoft Internet Information Services 10.0
#Version: 1.0
#Date: 2019-01-11 16:26:33
#Fields: date time s-ip cs-method cs-uri-stem cs-uri-query s-port cs-username c-ip cs(User-Agent) cs(Referer) sc-status sc-substatus sc-win32-status time-taken
2019-01-11 16:26:33 ::1 GET / - 44306 - ::1 Mozilla/5.0+(Windows+NT+10.0;+Win64;+x64)+AppleWebKit/537.36+(KHTML,+like+Gecko)+Chrome/71.0.3578.98+Safari/537.36 - 200 0 0 1473
#Software: Microsoft Internet Information Services 10.0
#Version: 1.0
#Date: 2019-01-11 16:27:11
#Fields: date time s-ip cs-method cs-uri-stem cs-uri-query s-port cs-username c-ip cs(User-Agent) cs(Referer) sc-status sc-substatus sc-win32-status time-taken
2019-01-11 16:27:11 ::1 GET / - 44306 - ::1 Mozilla/5.0+(Windows+NT+10.0;+Win64;+x64)+AppleWebKit/537.36+(KHTML,+like+Gecko)+Chrome/71.0.3578.98+Safari/537.36 - 200 0 0 1743
#Software: Microsoft Internet Information Services 10.0
#Version: 1.0
#Date: 2019-01-11 16:29:33
#Fields: date time s-ip cs-method cs-uri-stem cs-uri-query s-port cs-username c-ip cs(User-Agent) cs(Referer) sc-status sc-substatus sc-win32-status time-taken
2019-01-11 16:29:33 ::1 GET / - 44306 - ::1 Mozilla/5.0+(Windows+NT+10.0;+Win64;+x64)+AppleWebKit/537.36+(KHTML,+like+Gecko)+Chrome/71.0.3578.98+Safari/537.36 - 200 0 0 1146
2019-01-11 16:29:33 ::1 GET /lib/jquery/dist/jquery.js - 44306 - ::1 Mozilla/5.0+(Windows+NT+10.0;+Win64;+x64)+AppleWebKit/537.36+(KHTML,+like+Gecko)+Chrome/71.0.3578.98+Safari/537.36 https://localhost:44306/ 304 0 0 29
2019-01-11 16:29:33 ::1 GET /lib/bootstrap/dist/css/bootstrap.css - 44306 - ::1 Mozilla/5.0+(Windows+NT+10.0;+Win64;+x64)+AppleWebKit/537.36+(KHTML,+like+Gecko)+Chrome/71.0.3578.98+Safari/537.36 https://localhost:44306/ 304 0 0 48
2019-01-11 16:29:33 ::1 GET /images/banner2.svg - 44306 - ::1 Mozilla/5.0+(Windows+NT+10.0;+Win64;+x64)+AppleWebKit/537.36+(KHTML,+like+Gecko)+Chrome/71.0.3578.98+Safari/537.36 https://localhost:44306/ 304 0 0 34
2019-01-11 16:29:33 ::1 GET /css/site.css - 44306 - ::1 Mozilla/5.0+(Windows+NT+10.0;+Win64;+x64)+AppleWebKit/537.36+(KHTML,+like+Gecko)+Chrome/71.0.3578.98+Safari/537.36 https://localhost:44306/ 304 0 0 52
2019-01-11 16:29:33 ::1 GET /js/site.js v=4q1jwFhaPaZgr8WAUSrux6hAuh0XDg9kPS3xIVq36I0 44306 - ::1 Mozilla/5.0+(Windows+NT+10.0;+Win64;+x64)+AppleWebKit/537.36+(KHTML,+like+Gecko)+Chrome/71.0.3578.98+Safari/537.36 https://localhost:44306/ 304 0 0 38
2019-01-11 16:29:33 ::1 GET /lib/bootstrap/dist/js/bootstrap.js - 44306 - ::1 Mozilla/5.0+(Windows+NT+10.0;+Win64;+x64)+AppleWebKit/537.36+(KHTML,+like+Gecko)+Chrome/71.0.3578.98+Safari/537.36 https://localhost:44306/ 304 0 0 44
2019-01-11 16:29:33 ::1 GET /images/banner3.svg - 44306 - ::1 Mozilla/5.0+(Windows+NT+10.0;+Win64;+x64)+AppleWebKit/537.36+(KHTML,+like+Gecko)+Chrome/71.0.3578.98+Safari/537.36 https://localhost:44306/ 304 0 0 35
2019-01-11 16:29:33 ::1 GET /images/banner1.svg - 44306 - ::1 Mozilla/5.0+(Windows+NT+10.0;+Win64;+x64)+AppleWebKit/537.36+(KHTML,+like+Gecko)+Chrome/71.0.3578.98+Safari/537.36 https://localhost:44306/ 304 0 0 65
2019-01-11 16:29:33 ::1 GET /lib/bootstrap/dist/fonts/glyphicons-halflings-regular.woff2 - 44306 - ::1 Mozilla/5.0+(Windows+NT+10.0;+Win64;+x64)+AppleWebKit/537.36+(KHTML,+like+Gecko)+Chrome/71.0.3578.98+Safari/537.36 https://localhost:44306/lib/bootstrap/dist/css/bootstrap.css 304 0 0 12
2019-01-11 16:29:56 ::1 GET /Home/AddCustomer - 44306 - ::1 Mozilla/5.0+(Windows+NT+10.0;+Win64;+x64)+AppleWebKit/537.36+(KHTML,+like+Gecko)+Chrome/71.0.3578.98+Safari/537.36 - 200 0 0 85
#Software: Microsoft Internet Information Services 10.0
#Version: 1.0
#Date: 2019-01-11 16:30:23
#Fields: date time s-ip cs-method cs-uri-stem cs-uri-query s-port cs-username c-ip cs(User-Agent) cs(Referer) sc-status sc-substatus sc-win32-status time-taken
2019-01-11 16:30:23 ::1 GET / - 44306 - ::1 Mozilla/5.0+(Windows+NT+10.0;+Win64;+x64)+AppleWebKit/537.36+(KHTML,+like+Gecko)+Chrome/71.0.3578.98+Safari/537.36 - 200 0 0 1171
#Software: Microsoft Internet Information Services 10.0
#Version: 1.0
#Date: 2019-01-11 16:36:48
#Fields: date time s-ip cs-method cs-uri-stem cs-uri-query s-port cs-username c-ip cs(User-Agent) cs(Referer) sc-status sc-substatus sc-win32-status time-taken
2019-01-11 16:36:48 ::1 GET / - 44306 - ::1 Mozilla/5.0+(Windows+NT+10.0;+Win64;+x64)+AppleWebKit/537.36+(KHTML,+like+Gecko)+Chrome/71.0.3578.98+Safari/537.36 - 200 0 0 1795
2019-01-11 16:37:11 ::1 GET /Home/AddCustomer - 44306 - ::1 Mozilla/5.0+(Windows+NT+10.0;+Win64;+x64)+AppleWebKit/537.36+(KHTML,+like+Gecko)+Chrome/71.0.3578.98+Safari/537.36 - 200 0 0 102
#Software: Microsoft Internet Information Services 10.0
#Version: 1.0
#Date: 2019-01-11 16:37:30
#Fields: date time s-ip cs-method cs-uri-stem cs-uri-query s-port cs-username c-ip cs(User-Agent) cs(Referer) sc-status sc-substatus sc-win32-status time-taken
2019-01-11 16:37:30 ::1 DEBUG / - 62870 - ::1 - - 200 0 64 7544
2019-01-11 16:37:30 ::1 GET / - 44306 - ::1 Mozilla/5.0+(Windows+NT+10.0;+Win64;+x64)+AppleWebKit/537.36+(KHTML,+like+Gecko)+Chrome/71.0.3578.98+Safari/537.36 - 200 0 0 3867
#Software: Microsoft Internet Information Services 10.0
#Version: 1.0
#Date: 2019-01-11 16:40:13
#Fields: date time s-ip cs-method cs-uri-stem cs-uri-query s-port cs-username c-ip cs(User-Agent) cs(Referer) sc-status sc-substatus sc-win32-status time-taken
2019-01-11 16:40:13 ::1 DEBUG / - 62870 - ::1 - - 200 0 64 10521
2019-01-11 16:40:13 ::1 GET / - 44306 - ::1 Mozilla/5.0+(Windows+NT+10.0;+Win64;+x64)+AppleWebKit/537.36+(KHTML,+like+Gecko)+Chrome/71.0.3578.98+Safari/537.36 - 200 0 0 7320
2019-01-11 16:40:35 ::1 DEBUG / - 62870 - ::1 - - 200 0 64 6741
2019-01-11 16:40:35 ::1 GET / - 44306 - ::1 Mozilla/5.0+(Windows+NT+10.0;+Win64;+x64)+AppleWebKit/537.36+(KHTML,+like+Gecko)+Chrome/71.0.3578.98+Safari/537.36 - 200 0 0 4906
2019-01-11 16:40:35 ::1 GET /js/site.js v=4q1jwFhaPaZgr8WAUSrux6hAuh0XDg9kPS3xIVq36I0 44306 - ::1 Mozilla/5.0+(Windows+NT+10.0;+Win64;+x64)+AppleWebKit/537.36+(KHTML,+like+Gecko)+Chrome/71.0.3578.98+Safari/537.36 https://localhost:44306/ 304 0 0 118
2019-01-11 16:40:35 ::1 GET /lib/jquery/dist/jquery.js - 44306 - ::1 Mozilla/5.0+(Windows+NT+10.0;+Win64;+x64)+AppleWebKit/537.36+(KHTML,+like+Gecko)+Chrome/71.0.3578.98+Safari/537.36 https://localhost:44306/ 304 0 0 120
2019-01-11 16:40:35 ::1 GET /lib/bootstrap/dist/css/bootstrap.css - 44306 - ::1 Mozilla/5.0+(Windows+NT+10.0;+Win64;+x64)+AppleWebKit/537.36+(KHTML,+like+Gecko)+Chrome/71.0.3578.98+Safari/537.36 https://localhost:44306/ 304 0 0 133
2019-01-11 16:40:35 ::1 GET /css/site.css - 44306 - ::1 Mozilla/5.0+(Windows+NT+10.0;+Win64;+x64)+AppleWebKit/537.36+(KHTML,+like+Gecko)+Chrome/71.0.3578.98+Safari/537.36 https://localhost:44306/ 304 0 0 159
2019-01-11 16:40:35 ::1 GET /lib/bootstrap/dist/js/bootstrap.js - 44306 - ::1 Mozilla/5.0+(Windows+NT+10.0;+Win64;+x64)+AppleWebKit/537.36+(KHTML,+like+Gecko)+Chrome/71.0.3578.98+Safari/537.36 https://localhost:44306/ 304 0 0 166
2019-01-11 16:40:39 ::1 GET /Home/Index - 44306 - ::1 Mozilla/5.0+(Windows+NT+10.0;+Win64;+x64)+AppleWebKit/537.36+(KHTML,+like+Gecko)+Chrome/71.0.3578.98+Safari/537.36 https://localhost:44306/ 200 0 0 89
2019-01-11 16:40:39 ::1 GET /images/banner1.svg - 44306 - ::1 Mozilla/5.0+(Windows+NT+10.0;+Win64;+x64)+AppleWebKit/537.36+(KHTML,+like+Gecko)+Chrome/71.0.3578.98+Safari/537.36 https://localhost:44306/Home/Index 304 0 0 62
2019-01-11 16:40:39 ::1 GET /images/banner2.svg - 44306 - ::1 Mozilla/5.0+(Windows+NT+10.0;+Win64;+x64)+AppleWebKit/537.36+(KHTML,+like+Gecko)+Chrome/71.0.3578.98+Safari/537.36 https://localhost:44306/Home/Index 304 0 0 72
2019-01-11 16:40:39 ::1 GET /lib/bootstrap/dist/fonts/glyphicons-halflings-regular.woff2 - 44306 - ::1 Mozilla/5.0+(Windows+NT+10.0;+Win64;+x64)+AppleWebKit/537.36+(KHTML,+like+Gecko)+Chrome/71.0.3578.98+Safari/537.36 https://localhost:44306/lib/bootstrap/dist/css/bootstrap.css 304 0 0 73
2019-01-11 16:40:39 ::1 GET /images/banner3.svg - 44306 - ::1 Mozilla/5.0+(Windows+NT+10.0;+Win64;+x64)+AppleWebKit/537.36+(KHTML,+like+Gecko)+Chrome/71.0.3578.98+Safari/537.36 https://localhost:44306/Home/Index 304 0 0 210
2019-01-11 16:40:41 ::1 GET /Home/Index - 44306 - ::1 Mozilla/5.0+(Windows+NT+10.0;+Win64;+x64)+AppleWebKit/537.36+(KHTML,+like+Gecko)+Chrome/71.0.3578.98+Safari/537.36 https://localhost:44306/Home/Index 200 0 0 54
2019-01-11 16:40:42 ::1 GET /Home/About - 44306 - ::1 Mozilla/5.0+(Windows+NT+10.0;+Win64;+x64)+AppleWebKit/537.36+(KHTML,+like+Gecko)+Chrome/71.0.3578.98+Safari/537.36 https://localhost:44306/Home/Index 200 0 0 58
2019-01-11 16:40:42 ::1 GET /Home/Contact - 44306 - ::1 Mozilla/5.0+(Windows+NT+10.0;+Win64;+x64)+AppleWebKit/537.36+(KHTML,+like+Gecko)+Chrome/71.0.3578.98+Safari/537.36 https://localhost:44306/Home/About 200 0 0 53
2019-01-11 16:40:47 ::1 GET /Home/About - 44306 - ::1 Mozilla/5.0+(Windows+NT+10.0;+Win64;+x64)+AppleWebKit/537.36+(KHTML,+like+Gecko)+Chrome/71.0.3578.98+Safari/537.36 https://localhost:44306/Home/Contact 200 0 0 59
2019-01-11 16:40:47 ::1 GET /Home/Index - 44306 - ::1 Mozilla/5.0+(Windows+NT+10.0;+Win64;+x64)+AppleWebKit/537.36+(KHTML,+like+Gecko)+Chrome/71.0.3578.98+Safari/537.36 https://localhost:44306/Home/About 200 0 0 69
2019-01-11 16:40:50 ::1 GET /Home/Index - 44306 - ::1 Mozilla/5.0+(Windows+NT+10.0;+Win64;+x64)+AppleWebKit/537.36+(KHTML,+like+Gecko)+Chrome/71.0.3578.98+Safari/537.36 https://localhost:44306/Home/Index 200 0 0 120
2019-01-11 16:40:52 ::1 GET /Home/Index - 44306 - ::1 Mozilla/5.0+(Windows+NT+10.0;+Win64;+x64)+AppleWebKit/537.36+(KHTML,+like+Gecko)+Chrome/71.0.3578.98+Safari/537.36 https://localhost:44306/Home/Index 200 0 0 67
2019-01-11 16:40:52 ::1 GET /Home/Index - 44306 - ::1 Mozilla/5.0+(Windows+NT+10.0;+Win64;+x64)+AppleWebKit/537.36+(KHTML,+like+Gecko)+Chrome/71.0.3578.98+Safari/537.36 https://localhost:44306/Home/Index 200 0 0 53
2019-01-11 16:40:52 ::1 GET /Home/Index - 44306 - ::1 Mozilla/5.0+(Windows+NT+10.0;+Win64;+x64)+AppleWebKit/537.36+(KHTML,+like+Gecko)+Chrome/71.0.3578.98+Safari/537.36 https://localhost:44306/Home/Index 200 0 0 47
#Software: Microsoft Internet Information Services 10.0
#Version: 1.0
#Date: 2019-01-11 16:42:17
#Fields: date time s-ip cs-method cs-uri-stem cs-uri-query s-port cs-username c-ip cs(User-Agent) cs(Referer) sc-status sc-substatus sc-win32-status time-taken
2019-01-11 16:42:17 ::1 GET / - 44306 - ::1 Mozilla/5.0+(Windows+NT+10.0;+Win64;+x64)+AppleWebKit/537.36+(KHTML,+like+Gecko)+Chrome/71.0.3578.98+Safari/537.36 - 200 0 0 1809
2019-01-11 16:42:33 ::1 GET /ViewCustomer Name=Benedict&Telephone=Boaz 44306 - ::1 Mozilla/5.0+(Windows+NT+10.0;+Win64;+x64)+AppleWebKit/537.36+(KHTML,+like+Gecko)+Chrome/71.0.3578.98+Safari/537.36 https://localhost:44306/ 404 0 0 12
2019-01-11 16:42:35 ::1 GET /ViewCustomer Name=Benedict&Telephone=Boaz 44306 - ::1 Mozilla/5.0+(Windows+NT+10.0;+Win64;+x64)+AppleWebKit/537.36+(KHTML,+like+Gecko)+Chrome/71.0.3578.98+Safari/537.36 https://localhost:44306/ 404 0 0 3
2019-01-11 16:42:41 ::1 GET /ViewCustomer Name=Benedict&Telephone=01202 44306 - ::1 Mozilla/5.0+(Windows+NT+10.0;+Win64;+x64)+AppleWebKit/537.36+(KHTML,+like+Gecko)+Chrome/71.0.3578.98+Safari/537.36 https://localhost:44306/ 404 0 0 12
#Software: Microsoft Internet Information Services 10.0
#Version: 1.0
#Date: 2019-01-11 16:48:08
#Fields: date time s-ip cs-method cs-uri-stem cs-uri-query s-port cs-username c-ip cs(User-Agent) cs(Referer) sc-status sc-substatus sc-win32-status time-taken
2019-01-11 16:48:08 ::1 GET / - 44306 - ::1 Mozilla/5.0+(Windows+NT+10.0;+Win64;+x64)+AppleWebKit/537.36+(KHTML,+like+Gecko)+Chrome/71.0.3578.98+Safari/537.36 - 200 0 0 1585
2019-01-11 16:48:13 ::1 GET /ViewCustomer Name=Benedict&Telephone=01202 44306 - ::1 Mozilla/5.0+(Windows+NT+10.0;+Win64;+x64)+AppleWebKit/537.36+(KHTML,+like+Gecko)+Chrome/71.0.3578.98+Safari/537.36 https://localhost:44306/ 404 0 0 21
#Software: Microsoft Internet Information Services 10.0
#Version: 1.0
#Date: 2019-01-11 16:49:03
#Fields: date time s-ip cs-method cs-uri-stem cs-uri-query s-port cs-username c-ip cs(User-Agent) cs(Referer) sc-status sc-substatus sc-win32-status time-taken
2019-01-11 16:49:03 ::1 GET / - 44306 - ::1 Mozilla/5.0+(Windows+NT+10.0;+Win64;+x64)+AppleWebKit/537.36+(KHTML,+like+Gecko)+Chrome/71.0.3578.98+Safari/537.36 - 200 0 0 1984
2019-01-11 16:49:09 ::1 GET /ViewCustomer Name=Benedict&Telephone=01202 44306 - ::1 Mozilla/5.0+(Windows+NT+10.0;+Win64;+x64)+AppleWebKit/537.36+(KHTML,+like+Gecko)+Chrome/71.0.3578.98+Safari/537.36 https://localhost:44306/ 404 0 0 7
