#Software: Microsoft Internet Information Services 10.0
#Version: 1.0
#Date: 2019-03-15 19:04:52
#Fields: date time s-ip cs-method cs-uri-stem cs-uri-query s-port cs-username c-ip cs(User-Agent) cs(Referer) sc-status sc-substatus sc-win32-status time-taken
2019-03-15 19:04:52 ::1 GET / - 61666 - ::1 Mozilla/5.0+(Windows+NT+10.0;+Win64;+x64)+AppleWebKit/537.36+(KHTML,+like+Gecko)+Chrome/72.0.3626.119+Safari/537.36 - 200 0 0 26166
2019-03-15 19:04:52 ::1 GET /Scripts/modernizr-2.8.3.js - 61666 - ::1 Mozilla/5.0+(Windows+NT+10.0;+Win64;+x64)+AppleWebKit/537.36+(KHTML,+like+Gecko)+Chrome/72.0.3626.119+Safari/537.36 http://localhost:61666/ 200 0 0 22
2019-03-15 19:04:52 ::1 GET /Content/site.css - 61666 - ::1 Mozilla/5.0+(Windows+NT+10.0;+Win64;+x64)+AppleWebKit/537.36+(KHTML,+like+Gecko)+Chrome/72.0.3626.119+Safari/537.36 http://localhost:61666/ 200 0 0 32
2019-03-15 19:04:52 ::1 GET /Scripts/bootstrap.js - 61666 - ::1 Mozilla/5.0+(Windows+NT+10.0;+Win64;+x64)+AppleWebKit/537.36+(KHTML,+like+Gecko)+Chrome/72.0.3626.119+Safari/537.36 http://localhost:61666/ 200 0 0 31
2019-03-15 19:04:52 ::1 GET /Content/bootstrap.css - 61666 - ::1 Mozilla/5.0+(Windows+NT+10.0;+Win64;+x64)+AppleWebKit/537.36+(KHTML,+like+Gecko)+Chrome/72.0.3626.119+Safari/537.36 http://localhost:61666/ 200 0 0 33
2019-03-15 19:04:52 ::1 GET /Scripts/jquery-3.3.1.js - 61666 - ::1 Mozilla/5.0+(Windows+NT+10.0;+Win64;+x64)+AppleWebKit/537.36+(KHTML,+like+Gecko)+Chrome/72.0.3626.119+Safari/537.36 http://localhost:61666/ 200 0 0 38
2019-03-15 19:04:52 ::1 GET /favicon.ico - 61666 - ::1 Mozilla/5.0+(Windows+NT+10.0;+Win64;+x64)+AppleWebKit/537.36+(KHTML,+like+Gecko)+Chrome/72.0.3626.119+Safari/537.36 http://localhost:61666/ 200 0 0 42
#Software: Microsoft Internet Information Services 10.0
#Version: 1.0
#Date: 2019-03-15 19:15:39
#Fields: date time s-ip cs-method cs-uri-stem cs-uri-query s-port cs-username c-ip cs(User-Agent) cs(Referer) sc-status sc-substatus sc-win32-status time-taken
2019-03-15 19:15:39 ::1 GET /Home/Index - 61666 - ::1 Mozilla/5.0+(Windows+NT+10.0;+Win64;+x64)+AppleWebKit/537.36+(KHTML,+like+Gecko)+Chrome/72.0.3626.119+Safari/537.36 - 200 0 0 7867
2019-03-15 19:15:39 ::1 GET /Content/bootstrap.css - 61666 - ::1 Mozilla/5.0+(Windows+NT+10.0;+Win64;+x64)+AppleWebKit/537.36+(KHTML,+like+Gecko)+Chrome/72.0.3626.119+Safari/537.36 http://localhost:61666/Home/Index 304 0 0 10
2019-03-15 19:15:39 ::1 GET /Scripts/modernizr-2.8.3.js - 61666 - ::1 Mozilla/5.0+(Windows+NT+10.0;+Win64;+x64)+AppleWebKit/537.36+(KHTML,+like+Gecko)+Chrome/72.0.3626.119+Safari/537.36 http://localhost:61666/Home/Index 304 0 0 10
2019-03-15 19:15:39 ::1 GET /Content/site.css - 61666 - ::1 Mozilla/5.0+(Windows+NT+10.0;+Win64;+x64)+AppleWebKit/537.36+(KHTML,+like+Gecko)+Chrome/72.0.3626.119+Safari/537.36 http://localhost:61666/Home/Index 304 0 0 14
2019-03-15 19:15:39 ::1 GET /Scripts/jquery-3.3.1.js - 61666 - ::1 Mozilla/5.0+(Windows+NT+10.0;+Win64;+x64)+AppleWebKit/537.36+(KHTML,+like+Gecko)+Chrome/72.0.3626.119+Safari/537.36 http://localhost:61666/Home/Index 304 0 0 21
2019-03-15 19:15:39 ::1 GET /Scripts/bootstrap.js - 61666 - ::1 Mozilla/5.0+(Windows+NT+10.0;+Win64;+x64)+AppleWebKit/537.36+(KHTML,+like+Gecko)+Chrome/72.0.3626.119+Safari/537.36 http://localhost:61666/Home/Index 304 0 0 21
