#Software: Microsoft Internet Information Services 10.0
#Version: 1.0
#Date: 2019-01-25 14:30:24
#Fields: date time s-ip cs-method cs-uri-stem cs-uri-query s-port cs-username c-ip cs(User-Agent) cs(Referer) sc-status sc-substatus sc-win32-status time-taken
2019-01-25 14:30:24 ::1 DEBUG / - 60618 - ::1 - - 200 0 64 9085
2019-01-25 14:30:24 ::1 GET / - 44353 - ::1 Mozilla/5.0+(Windows+NT+10.0;+Win64;+x64)+AppleWebKit/537.36+(KHTML,+like+Gecko)+Chrome/71.0.3578.98+Safari/537.36 - 200 0 0 6666
2019-01-25 14:30:25 ::1 GET /css/site.css - 44353 - ::1 Mozilla/5.0+(Windows+NT+10.0;+Win64;+x64)+AppleWebKit/537.36+(KHTML,+like+Gecko)+Chrome/71.0.3578.98+Safari/537.36 https://localhost:44353/ 200 0 0 275
2019-01-25 14:30:25 ::1 GET /js/site.js v=4q1jwFhaPaZgr8WAUSrux6hAuh0XDg9kPS3xIVq36I0 44353 - ::1 Mozilla/5.0+(Windows+NT+10.0;+Win64;+x64)+AppleWebKit/537.36+(KHTML,+like+Gecko)+Chrome/71.0.3578.98+Safari/537.36 https://localhost:44353/ 200 0 0 262
2019-01-25 14:30:25 ::1 GET /lib/bootstrap/dist/js/bootstrap.js - 44353 - ::1 Mozilla/5.0+(Windows+NT+10.0;+Win64;+x64)+AppleWebKit/537.36+(KHTML,+like+Gecko)+Chrome/71.0.3578.98+Safari/537.36 https://localhost:44353/ 200 0 0 427
2019-01-25 14:30:25 ::1 GET /images/banner1.svg - 44353 - ::1 Mozilla/5.0+(Windows+NT+10.0;+Win64;+x64)+AppleWebKit/537.36+(KHTML,+like+Gecko)+Chrome/71.0.3578.98+Safari/537.36 https://localhost:44353/ 200 0 0 466
2019-01-25 14:30:25 ::1 GET /images/banner2.svg - 44353 - ::1 Mozilla/5.0+(Windows+NT+10.0;+Win64;+x64)+AppleWebKit/537.36+(KHTML,+like+Gecko)+Chrome/71.0.3578.98+Safari/537.36 https://localhost:44353/ 200 0 0 488
2019-01-25 14:30:25 ::1 GET /images/banner3.svg - 44353 - ::1 Mozilla/5.0+(Windows+NT+10.0;+Win64;+x64)+AppleWebKit/537.36+(KHTML,+like+Gecko)+Chrome/71.0.3578.98+Safari/537.36 https://localhost:44353/ 200 0 0 661
2019-01-25 14:30:25 ::1 GET /lib/jquery/dist/jquery.js - 44353 - ::1 Mozilla/5.0+(Windows+NT+10.0;+Win64;+x64)+AppleWebKit/537.36+(KHTML,+like+Gecko)+Chrome/71.0.3578.98+Safari/537.36 https://localhost:44353/ 200 0 0 665
2019-01-25 14:30:25 ::1 GET /lib/bootstrap/dist/css/bootstrap.css - 44353 - ::1 Mozilla/5.0+(Windows+NT+10.0;+Win64;+x64)+AppleWebKit/537.36+(KHTML,+like+Gecko)+Chrome/71.0.3578.98+Safari/537.36 https://localhost:44353/ 200 0 0 747
2019-01-25 14:30:25 ::1 GET /lib/bootstrap/dist/fonts/glyphicons-halflings-regular.woff2 - 44353 - ::1 Mozilla/5.0+(Windows+NT+10.0;+Win64;+x64)+AppleWebKit/537.36+(KHTML,+like+Gecko)+Chrome/71.0.3578.98+Safari/537.36 https://localhost:44353/lib/bootstrap/dist/css/bootstrap.css 200 0 0 23
2019-01-25 14:30:25 ::1 GET /favicon.ico - 44353 - ::1 Mozilla/5.0+(Windows+NT+10.0;+Win64;+x64)+AppleWebKit/537.36+(KHTML,+like+Gecko)+Chrome/71.0.3578.98+Safari/537.36 https://localhost:44353/ 200 0 0 14
#Software: Microsoft Internet Information Services 10.0
#Version: 1.0
#Date: 2019-01-25 14:38:16
#Fields: date time s-ip cs-method cs-uri-stem cs-uri-query s-port cs-username c-ip cs(User-Agent) cs(Referer) sc-status sc-substatus sc-win32-status time-taken
2019-01-25 14:38:16 ::1 DEBUG / - 60618 - ::1 - - 200 0 64 8746
2019-01-25 14:38:16 ::1 GET / - 44353 - ::1 Mozilla/5.0+(Windows+NT+10.0;+Win64;+x64)+AppleWebKit/537.36+(KHTML,+like+Gecko)+Chrome/71.0.3578.98+Safari/537.36 - 200 0 0 8298
2019-01-25 14:38:17 ::1 GET /js/site.js v=4q1jwFhaPaZgr8WAUSrux6hAuh0XDg9kPS3xIVq36I0 44353 - ::1 Mozilla/5.0+(Windows+NT+10.0;+Win64;+x64)+AppleWebKit/537.36+(KHTML,+like+Gecko)+Chrome/71.0.3578.98+Safari/537.36 https://localhost:44353/ 304 0 0 167
2019-01-25 14:38:17 ::1 GET /lib/jquery/dist/jquery.js - 44353 - ::1 Mozilla/5.0+(Windows+NT+10.0;+Win64;+x64)+AppleWebKit/537.36+(KHTML,+like+Gecko)+Chrome/71.0.3578.98+Safari/537.36 https://localhost:44353/ 304 0 0 167
2019-01-25 14:38:17 ::1 GET /lib/bootstrap/dist/js/bootstrap.js - 44353 - ::1 Mozilla/5.0+(Windows+NT+10.0;+Win64;+x64)+AppleWebKit/537.36+(KHTML,+like+Gecko)+Chrome/71.0.3578.98+Safari/537.36 https://localhost:44353/ 304 0 0 186
2019-01-25 14:38:17 ::1 GET /images/banner1.svg - 44353 - ::1 Mozilla/5.0+(Windows+NT+10.0;+Win64;+x64)+AppleWebKit/537.36+(KHTML,+like+Gecko)+Chrome/71.0.3578.98+Safari/537.36 https://localhost:44353/ 304 0 0 201
2019-01-25 14:38:17 ::1 GET /css/site.css - 44353 - ::1 Mozilla/5.0+(Windows+NT+10.0;+Win64;+x64)+AppleWebKit/537.36+(KHTML,+like+Gecko)+Chrome/71.0.3578.98+Safari/537.36 https://localhost:44353/ 304 0 0 203
2019-01-25 14:38:17 ::1 GET /lib/bootstrap/dist/css/bootstrap.css - 44353 - ::1 Mozilla/5.0+(Windows+NT+10.0;+Win64;+x64)+AppleWebKit/537.36+(KHTML,+like+Gecko)+Chrome/71.0.3578.98+Safari/537.36 https://localhost:44353/ 304 0 0 209
2019-01-25 14:38:17 ::1 GET /images/banner2.svg - 44353 - ::1 Mozilla/5.0+(Windows+NT+10.0;+Win64;+x64)+AppleWebKit/537.36+(KHTML,+like+Gecko)+Chrome/71.0.3578.98+Safari/537.36 https://localhost:44353/ 304 0 0 219
2019-01-25 14:38:17 ::1 GET /images/banner3.svg - 44353 - ::1 Mozilla/5.0+(Windows+NT+10.0;+Win64;+x64)+AppleWebKit/537.36+(KHTML,+like+Gecko)+Chrome/71.0.3578.98+Safari/537.36 https://localhost:44353/ 304 0 0 268
2019-01-25 14:38:17 ::1 GET /lib/bootstrap/dist/fonts/glyphicons-halflings-regular.woff2 - 44353 - ::1 Mozilla/5.0+(Windows+NT+10.0;+Win64;+x64)+AppleWebKit/537.36+(KHTML,+like+Gecko)+Chrome/71.0.3578.98+Safari/537.36 https://localhost:44353/lib/bootstrap/dist/css/bootstrap.css 304 0 0 22
