#Software: Microsoft Internet Information Services 10.0
#Version: 1.0
#Date: 2019-02-01 14:39:20
#Fields: date time s-ip cs-method cs-uri-stem cs-uri-query s-port cs-username c-ip cs(User-Agent) cs(Referer) sc-status sc-substatus sc-win32-status time-taken
2019-02-01 14:39:20 ::1 GET / - 63040 - ::1 Mozilla/5.0+(Windows+NT+10.0;+Win64;+x64)+AppleWebKit/537.36+(KHTML,+like+Gecko)+Chrome/71.0.3578.98+Safari/537.36 - 200 0 0 14034
2019-02-01 14:39:20 ::1 GET /Content/bootstrap.css - 63040 - ::1 Mozilla/5.0+(Windows+NT+10.0;+Win64;+x64)+AppleWebKit/537.36+(KHTML,+like+Gecko)+Chrome/71.0.3578.98+Safari/537.36 http://localhost:63040/ 304 0 0 16
2019-02-01 14:39:20 ::1 GET /Content/site.css - 63040 - ::1 Mozilla/5.0+(Windows+NT+10.0;+Win64;+x64)+AppleWebKit/537.36+(KHTML,+like+Gecko)+Chrome/71.0.3578.98+Safari/537.36 http://localhost:63040/ 304 0 0 11
2019-02-01 14:39:20 ::1 GET /Scripts/modernizr-2.8.3.js - 63040 - ::1 Mozilla/5.0+(Windows+NT+10.0;+Win64;+x64)+AppleWebKit/537.36+(KHTML,+like+Gecko)+Chrome/71.0.3578.98+Safari/537.36 http://localhost:63040/ 304 0 0 16
2019-02-01 14:39:20 ::1 GET /Scripts/AdminMenu.js - 63040 - ::1 Mozilla/5.0+(Windows+NT+10.0;+Win64;+x64)+AppleWebKit/537.36+(KHTML,+like+Gecko)+Chrome/71.0.3578.98+Safari/537.36 http://localhost:63040/ 304 0 0 24
2019-02-01 14:39:20 ::1 GET /Scripts/bootstrap.js - 63040 - ::1 Mozilla/5.0+(Windows+NT+10.0;+Win64;+x64)+AppleWebKit/537.36+(KHTML,+like+Gecko)+Chrome/71.0.3578.98+Safari/537.36 http://localhost:63040/ 304 0 0 25
2019-02-01 14:39:20 ::1 GET /Scripts/jquery-3.3.1.js - 63040 - ::1 Mozilla/5.0+(Windows+NT+10.0;+Win64;+x64)+AppleWebKit/537.36+(KHTML,+like+Gecko)+Chrome/71.0.3578.98+Safari/537.36 http://localhost:63040/ 304 0 0 25
2019-02-01 14:39:20 ::1 GET /fonts/glyphicons-halflings-regular.woff2 - 63040 - ::1 Mozilla/5.0+(Windows+NT+10.0;+Win64;+x64)+AppleWebKit/537.36+(KHTML,+like+Gecko)+Chrome/71.0.3578.98+Safari/537.36 http://localhost:63040/Content/bootstrap.css 304 0 0 9
2019-02-01 14:39:31 ::1 GET /Admin/Account - 63040 - ::1 Mozilla/5.0+(Windows+NT+10.0;+Win64;+x64)+AppleWebKit/537.36+(KHTML,+like+Gecko)+Chrome/71.0.3578.98+Safari/537.36 http://localhost:63040/ 404 0 0 34
2019-02-01 14:39:35 ::1 GET /Admin/Account - 63040 - ::1 Mozilla/5.0+(Windows+NT+10.0;+Win64;+x64)+AppleWebKit/537.36+(KHTML,+like+Gecko)+Chrome/71.0.3578.98+Safari/537.36 http://localhost:63040/ 404 0 0 5
2019-02-01 14:39:45 ::1 GET /Admin/Section - 63040 - ::1 Mozilla/5.0+(Windows+NT+10.0;+Win64;+x64)+AppleWebKit/537.36+(KHTML,+like+Gecko)+Chrome/71.0.3578.98+Safari/537.36 http://localhost:63040/ 302 0 0 29
2019-02-01 14:39:46 ::1 GET /Account/Login ReturnUrl=%2FAdmin%2FSection 63040 - ::1 Mozilla/5.0+(Windows+NT+10.0;+Win64;+x64)+AppleWebKit/537.36+(KHTML,+like+Gecko)+Chrome/71.0.3578.98+Safari/537.36 http://localhost:63040/ 200 0 0 1348
2019-02-01 14:39:49 ::1 GET /Account/Admin/Account - 63040 - ::1 Mozilla/5.0+(Windows+NT+10.0;+Win64;+x64)+AppleWebKit/537.36+(KHTML,+like+Gecko)+Chrome/71.0.3578.98+Safari/537.36 http://localhost:63040/Account/Login?ReturnUrl=%2FAdmin%2FSection 404 0 0 10
#Software: Microsoft Internet Information Services 10.0
#Version: 1.0
#Date: 2019-02-01 14:43:37
#Fields: date time s-ip cs-method cs-uri-stem cs-uri-query s-port cs-username c-ip cs(User-Agent) cs(Referer) sc-status sc-substatus sc-win32-status time-taken
2019-02-01 14:43:37 ::1 GET /Account/Index - 63040 - ::1 Mozilla/5.0+(Windows+NT+10.0;+Win64;+x64)+AppleWebKit/537.36+(KHTML,+like+Gecko)+Chrome/71.0.3578.98+Safari/537.36 - 302 0 0 4955
2019-02-01 14:43:40 ::1 GET /Account/Login ReturnUrl=%2FAccount%2FIndex 63040 - ::1 Mozilla/5.0+(Windows+NT+10.0;+Win64;+x64)+AppleWebKit/537.36+(KHTML,+like+Gecko)+Chrome/71.0.3578.98+Safari/537.36 - 200 0 0 3051
2019-02-01 14:44:06 ::1 GET /Account/Register - 63040 - ::1 Mozilla/5.0+(Windows+NT+10.0;+Win64;+x64)+AppleWebKit/537.36+(KHTML,+like+Gecko)+Chrome/71.0.3578.98+Safari/537.36 http://localhost:63040/Account/Login?ReturnUrl=%2FAccount%2FIndex 200 0 0 30
2019-02-01 14:44:24 ::1 GET /Account/Admin/Account - 63040 - ::1 Mozilla/5.0+(Windows+NT+10.0;+Win64;+x64)+AppleWebKit/537.36+(KHTML,+like+Gecko)+Chrome/71.0.3578.98+Safari/537.36 http://localhost:63040/Account/Login?ReturnUrl=%2FAccount%2FIndex 404 0 0 15
2019-02-01 14:44:51 ::1 GET /Account/Index - 63040 - ::1 Mozilla/5.0+(Windows+NT+10.0;+Win64;+x64)+AppleWebKit/537.36+(KHTML,+like+Gecko)+Chrome/71.0.3578.98+Safari/537.36 - 302 0 0 8
2019-02-01 14:44:51 ::1 GET /Account/Login ReturnUrl=%2FAccount%2FIndex 63040 - ::1 Mozilla/5.0+(Windows+NT+10.0;+Win64;+x64)+AppleWebKit/537.36+(KHTML,+like+Gecko)+Chrome/71.0.3578.98+Safari/537.36 - 200 0 0 59
2019-02-01 14:44:55 ::1 GET /Account/Login - 63040 - ::1 Mozilla/5.0+(Windows+NT+10.0;+Win64;+x64)+AppleWebKit/537.36+(KHTML,+like+Gecko)+Chrome/71.0.3578.98+Safari/537.36 - 200 0 0 20
2019-02-01 14:45:01 ::1 GET /Account/ResetPasswordConfirmation - 63040 - ::1 Mozilla/5.0+(Windows+NT+10.0;+Win64;+x64)+AppleWebKit/537.36+(KHTML,+like+Gecko)+Chrome/71.0.3578.98+Safari/537.36 - 200 0 0 27
#Software: Microsoft Internet Information Services 10.0
#Version: 1.0
#Date: 2019-02-01 14:46:23
#Fields: date time s-ip cs-method cs-uri-stem cs-uri-query s-port cs-username c-ip cs(User-Agent) cs(Referer) sc-status sc-substatus sc-win32-status time-taken
2019-02-01 14:46:23 ::1 GET /Account/Index - 63040 - ::1 Mozilla/5.0+(Windows+NT+10.0;+Win64;+x64)+AppleWebKit/537.36+(KHTML,+like+Gecko)+Chrome/71.0.3578.98+Safari/537.36 - 302 0 0 3925
2019-02-01 14:46:24 ::1 GET /Account/Login ReturnUrl=%2FAccount%2FIndex 63040 - ::1 Mozilla/5.0+(Windows+NT+10.0;+Win64;+x64)+AppleWebKit/537.36+(KHTML,+like+Gecko)+Chrome/71.0.3578.98+Safari/537.36 - 200 0 0 1319
2019-02-01 14:46:30 ::1 GET /Account/Admin/Account - 63040 - ::1 Mozilla/5.0+(Windows+NT+10.0;+Win64;+x64)+AppleWebKit/537.36+(KHTML,+like+Gecko)+Chrome/71.0.3578.98+Safari/537.36 http://localhost:63040/Account/Login?ReturnUrl=%2FAccount%2FIndex 404 0 0 11
2019-02-01 14:46:41 ::1 GET /Account/Admin/Section - 63040 - ::1 Mozilla/5.0+(Windows+NT+10.0;+Win64;+x64)+AppleWebKit/537.36+(KHTML,+like+Gecko)+Chrome/71.0.3578.98+Safari/537.36 http://localhost:63040/Account/Login?ReturnUrl=%2FAccount%2FIndex 404 0 0 6
2019-02-01 14:46:44 ::1 GET /Account/Admin/ItemType - 63040 - ::1 Mozilla/5.0+(Windows+NT+10.0;+Win64;+x64)+AppleWebKit/537.36+(KHTML,+like+Gecko)+Chrome/71.0.3578.98+Safari/537.36 http://localhost:63040/Account/Login?ReturnUrl=%2FAccount%2FIndex 404 0 0 6
2019-02-01 14:46:49 ::1 GET /Account/Admin/ProductType - 63040 - ::1 Mozilla/5.0+(Windows+NT+10.0;+Win64;+x64)+AppleWebKit/537.36+(KHTML,+like+Gecko)+Chrome/71.0.3578.98+Safari/537.36 http://localhost:63040/Account/Login?ReturnUrl=%2FAccount%2FIndex 404 0 0 5
2019-02-01 14:46:52 ::1 GET /Account/Admin/Item - 63040 - ::1 Mozilla/5.0+(Windows+NT+10.0;+Win64;+x64)+AppleWebKit/537.36+(KHTML,+like+Gecko)+Chrome/71.0.3578.98+Safari/537.36 http://localhost:63040/Account/Login?ReturnUrl=%2FAccount%2FIndex 404 0 0 5
2019-02-01 14:47:11 ::1 GET /Account/Admin/ProductItem - 63040 - ::1 Mozilla/5.0+(Windows+NT+10.0;+Win64;+x64)+AppleWebKit/537.36+(KHTML,+like+Gecko)+Chrome/71.0.3578.98+Safari/537.36 http://localhost:63040/Account/Login?ReturnUrl=%2FAccount%2FIndex 404 0 0 5
#Software: Microsoft Internet Information Services 10.0
#Version: 1.0
#Date: 2019-02-01 14:47:46
#Fields: date time s-ip cs-method cs-uri-stem cs-uri-query s-port cs-username c-ip cs(User-Agent) cs(Referer) sc-status sc-substatus sc-win32-status time-taken
2019-02-01 14:47:46 ::1 GET /Account/Index - 63040 - ::1 Mozilla/5.0+(Windows+NT+10.0;+Win64;+x64)+AppleWebKit/537.36+(KHTML,+like+Gecko)+Chrome/71.0.3578.98+Safari/537.36 - 302 0 0 2822
2019-02-01 14:47:47 ::1 GET /Account/Login ReturnUrl=%2FAccount%2FIndex 63040 - ::1 Mozilla/5.0+(Windows+NT+10.0;+Win64;+x64)+AppleWebKit/537.36+(KHTML,+like+Gecko)+Chrome/71.0.3578.98+Safari/537.36 - 200 0 0 1758
#Software: Microsoft Internet Information Services 10.0
#Version: 1.0
#Date: 2019-02-01 14:59:43
#Fields: date time s-ip cs-method cs-uri-stem cs-uri-query s-port cs-username c-ip cs(User-Agent) cs(Referer) sc-status sc-substatus sc-win32-status time-taken
2019-02-01 14:59:43 ::1 GET / - 63040 - ::1 Mozilla/5.0+(Windows+NT+10.0;+Win64;+x64)+AppleWebKit/537.36+(KHTML,+like+Gecko)+Chrome/71.0.3578.98+Safari/537.36 - 200 0 0 13990
2019-02-01 14:59:48 ::1 GET /Admin/Account - 63040 - ::1 Mozilla/5.0+(Windows+NT+10.0;+Win64;+x64)+AppleWebKit/537.36+(KHTML,+like+Gecko)+Chrome/71.0.3578.98+Safari/537.36 http://localhost:63040/ 404 0 0 21
2019-02-01 15:00:03 ::1 GET /Admin/Section - 63040 - ::1 Mozilla/5.0+(Windows+NT+10.0;+Win64;+x64)+AppleWebKit/537.36+(KHTML,+like+Gecko)+Chrome/71.0.3578.98+Safari/537.36 http://localhost:63040/ 302 0 0 25
2019-02-01 15:00:05 ::1 GET /Account/Login ReturnUrl=%2FAdmin%2FSection 63040 - ::1 Mozilla/5.0+(Windows+NT+10.0;+Win64;+x64)+AppleWebKit/537.36+(KHTML,+like+Gecko)+Chrome/71.0.3578.98+Safari/537.36 http://localhost:63040/ 200 0 0 1281
2019-02-01 15:00:06 ::1 GET /Account/Admin/Part - 63040 - ::1 Mozilla/5.0+(Windows+NT+10.0;+Win64;+x64)+AppleWebKit/537.36+(KHTML,+like+Gecko)+Chrome/71.0.3578.98+Safari/537.36 http://localhost:63040/Account/Login?ReturnUrl=%2FAdmin%2FSection 404 0 0 16
2019-02-01 15:00:09 ::1 GET /Account/Admin/ItemType - 63040 - ::1 Mozilla/5.0+(Windows+NT+10.0;+Win64;+x64)+AppleWebKit/537.36+(KHTML,+like+Gecko)+Chrome/71.0.3578.98+Safari/537.36 http://localhost:63040/Account/Login?ReturnUrl=%2FAdmin%2FSection 404 0 0 7
2019-02-01 15:00:14 ::1 GET /Account/Admin/Section - 63040 - ::1 Mozilla/5.0+(Windows+NT+10.0;+Win64;+x64)+AppleWebKit/537.36+(KHTML,+like+Gecko)+Chrome/71.0.3578.98+Safari/537.36 http://localhost:63040/Account/Login?ReturnUrl=%2FAdmin%2FSection 404 0 0 5
#Software: Microsoft Internet Information Services 10.0
#Version: 1.0
#Date: 2019-02-01 16:28:22
#Fields: date time s-ip cs-method cs-uri-stem cs-uri-query s-port cs-username c-ip cs(User-Agent) cs(Referer) sc-status sc-substatus sc-win32-status time-taken
2019-02-01 16:28:22 ::1 GET /Account/Login ReturnUrl=%2FAdmin%2FSection 63040 - ::1 Mozilla/5.0+(Windows+NT+10.0;+Win64;+x64)+AppleWebKit/537.36+(KHTML,+like+Gecko)+Chrome/71.0.3578.98+Safari/537.36 http://localhost:63040/ 200 0 0 17
2019-02-01 16:28:22 ::1 GET /Scripts/jquery.validate.unobtrusive.js - 63040 - ::1 Mozilla/5.0+(Windows+NT+10.0;+Win64;+x64)+AppleWebKit/537.36+(KHTML,+like+Gecko)+Chrome/71.0.3578.98+Safari/537.36 http://localhost:63040/Account/Login?ReturnUrl=%2FAdmin%2FSection 304 0 0 12
2019-02-01 16:28:22 ::1 GET /Scripts/jquery.validate.js - 63040 - ::1 Mozilla/5.0+(Windows+NT+10.0;+Win64;+x64)+AppleWebKit/537.36+(KHTML,+like+Gecko)+Chrome/71.0.3578.98+Safari/537.36 http://localhost:63040/Account/Login?ReturnUrl=%2FAdmin%2FSection 304 0 0 12
2019-02-01 16:28:22 ::1 GET /favicon.ico - 63040 - ::1 Mozilla/5.0+(Windows+NT+10.0;+Win64;+x64)+AppleWebKit/537.36+(KHTML,+like+Gecko)+Chrome/71.0.3578.98+Safari/537.36 http://localhost:63040/Account/Login?ReturnUrl=%2FAdmin%2FSection 200 0 0 12
2019-02-01 16:28:27 ::1 GET /Account/Admin/Account - 63040 - ::1 Mozilla/5.0+(Windows+NT+10.0;+Win64;+x64)+AppleWebKit/537.36+(KHTML,+like+Gecko)+Chrome/71.0.3578.98+Safari/537.36 http://localhost:63040/Account/Login?ReturnUrl=%2FAdmin%2FSection 404 0 0 8
2019-02-01 16:29:34 ::1 GET /Account/Admin/Account - 63040 - ::1 Mozilla/5.0+(Windows+NT+10.0;+Win64;+x64)+AppleWebKit/537.36+(KHTML,+like+Gecko)+Chrome/71.0.3578.98+Safari/537.36 http://localhost:63040/Account/Login?ReturnUrl=%2FAdmin%2FSection 404 0 0 7
2019-02-01 16:29:34 ::1 GET /favicon.ico - 63040 - ::1 Mozilla/5.0+(Windows+NT+10.0;+Win64;+x64)+AppleWebKit/537.36+(KHTML,+like+Gecko)+Chrome/71.0.3578.98+Safari/537.36 http://localhost:63040/Account/Admin/Account 200 0 0 2
2019-02-01 16:29:37 ::1 GET /Account/Admin/Section - 63040 - ::1 Mozilla/5.0+(Windows+NT+10.0;+Win64;+x64)+AppleWebKit/537.36+(KHTML,+like+Gecko)+Chrome/71.0.3578.98+Safari/537.36 http://localhost:63040/Account/Login?ReturnUrl=%2FAdmin%2FSection 404 0 0 4
2019-02-01 16:29:39 ::1 GET /Account/Admin/Part - 63040 - ::1 Mozilla/5.0+(Windows+NT+10.0;+Win64;+x64)+AppleWebKit/537.36+(KHTML,+like+Gecko)+Chrome/71.0.3578.98+Safari/537.36 http://localhost:63040/Account/Login?ReturnUrl=%2FAdmin%2FSection 404 0 0 4
2019-02-01 16:29:43 ::1 GET / - 63040 - ::1 Mozilla/5.0+(Windows+NT+10.0;+Win64;+x64)+AppleWebKit/537.36+(KHTML,+like+Gecko)+Chrome/71.0.3578.98+Safari/537.36 http://localhost:63040/Account/Login?ReturnUrl=%2FAdmin%2FSection 200 0 0 11
2019-02-01 16:29:44 ::1 GET /Admin/Section - 63040 - ::1 Mozilla/5.0+(Windows+NT+10.0;+Win64;+x64)+AppleWebKit/537.36+(KHTML,+like+Gecko)+Chrome/71.0.3578.98+Safari/537.36 http://localhost:63040/ 302 0 0 11
2019-02-01 16:29:44 ::1 GET /Account/Login ReturnUrl=%2FAdmin%2FSection 63040 - ::1 Mozilla/5.0+(Windows+NT+10.0;+Win64;+x64)+AppleWebKit/537.36+(KHTML,+like+Gecko)+Chrome/71.0.3578.98+Safari/537.36 http://localhost:63040/ 200 0 0 20
2019-02-01 16:29:46 ::1 GET / - 63040 - ::1 Mozilla/5.0+(Windows+NT+10.0;+Win64;+x64)+AppleWebKit/537.36+(KHTML,+like+Gecko)+Chrome/71.0.3578.98+Safari/537.36 http://localhost:63040/Account/Login?ReturnUrl=%2FAdmin%2FSection 200 0 0 3
2019-02-01 16:29:46 ::1 GET / - 63040 - ::1 Mozilla/5.0+(Windows+NT+10.0;+Win64;+x64)+AppleWebKit/537.36+(KHTML,+like+Gecko)+Chrome/71.0.3578.98+Safari/537.36 http://localhost:63040/ 200 0 0 7
2019-02-01 16:29:48 ::1 GET /Admin/Account - 63040 - ::1 Mozilla/5.0+(Windows+NT+10.0;+Win64;+x64)+AppleWebKit/537.36+(KHTML,+like+Gecko)+Chrome/71.0.3578.98+Safari/537.36 http://localhost:63040/ 404 0 0 4
2019-02-01 16:29:50 ::1 GET / - 63040 - ::1 Mozilla/5.0+(Windows+NT+10.0;+Win64;+x64)+AppleWebKit/537.36+(KHTML,+like+Gecko)+Chrome/71.0.3578.98+Safari/537.36 http://localhost:63040/ 200 0 0 6
2019-02-01 16:29:51 ::1 GET /Admin/Section - 63040 - ::1 Mozilla/5.0+(Windows+NT+10.0;+Win64;+x64)+AppleWebKit/537.36+(KHTML,+like+Gecko)+Chrome/71.0.3578.98+Safari/537.36 http://localhost:63040/ 302 0 0 10
2019-02-01 16:29:51 ::1 GET /Account/Login ReturnUrl=%2FAdmin%2FSection 63040 - ::1 Mozilla/5.0+(Windows+NT+10.0;+Win64;+x64)+AppleWebKit/537.36+(KHTML,+like+Gecko)+Chrome/71.0.3578.98+Safari/537.36 http://localhost:63040/ 200 0 0 11
2019-02-01 16:29:51 ::1 GET / - 63040 - ::1 Mozilla/5.0+(Windows+NT+10.0;+Win64;+x64)+AppleWebKit/537.36+(KHTML,+like+Gecko)+Chrome/71.0.3578.98+Safari/537.36 http://localhost:63040/Account/Login?ReturnUrl=%2FAdmin%2FSection 200 0 0 3
2019-02-01 16:29:53 ::1 GET /Admin/ItemType - 63040 - ::1 Mozilla/5.0+(Windows+NT+10.0;+Win64;+x64)+AppleWebKit/537.36+(KHTML,+like+Gecko)+Chrome/71.0.3578.98+Safari/537.36 http://localhost:63040/ 302 0 0 8
2019-02-01 16:29:53 ::1 GET /Account/Login ReturnUrl=%2FAdmin%2FItemType 63040 - ::1 Mozilla/5.0+(Windows+NT+10.0;+Win64;+x64)+AppleWebKit/537.36+(KHTML,+like+Gecko)+Chrome/71.0.3578.98+Safari/537.36 http://localhost:63040/ 200 0 0 13
2019-02-01 16:29:53 ::1 GET / - 63040 - ::1 Mozilla/5.0+(Windows+NT+10.0;+Win64;+x64)+AppleWebKit/537.36+(KHTML,+like+Gecko)+Chrome/71.0.3578.98+Safari/537.36 http://localhost:63040/Account/Login?ReturnUrl=%2FAdmin%2FItemType 200 0 0 3
2019-02-01 16:29:56 ::1 GET /Admin/Product - 63040 - ::1 Mozilla/5.0+(Windows+NT+10.0;+Win64;+x64)+AppleWebKit/537.36+(KHTML,+like+Gecko)+Chrome/71.0.3578.98+Safari/537.36 http://localhost:63040/ 302 0 0 13
2019-02-01 16:29:56 ::1 GET /Account/Login ReturnUrl=%2FAdmin%2FProduct 63040 - ::1 Mozilla/5.0+(Windows+NT+10.0;+Win64;+x64)+AppleWebKit/537.36+(KHTML,+like+Gecko)+Chrome/71.0.3578.98+Safari/537.36 http://localhost:63040/ 200 0 0 9
2019-02-01 16:29:58 ::1 GET / - 63040 - ::1 Mozilla/5.0+(Windows+NT+10.0;+Win64;+x64)+AppleWebKit/537.36+(KHTML,+like+Gecko)+Chrome/71.0.3578.98+Safari/537.36 http://localhost:63040/Account/Login?ReturnUrl=%2FAdmin%2FProduct 200 0 0 3
2019-02-01 16:29:59 ::1 GET /Admin/ProductItem - 63040 - ::1 Mozilla/5.0+(Windows+NT+10.0;+Win64;+x64)+AppleWebKit/537.36+(KHTML,+like+Gecko)+Chrome/71.0.3578.98+Safari/537.36 http://localhost:63040/ 302 0 0 11
2019-02-01 16:29:59 ::1 GET /Account/Login ReturnUrl=%2FAdmin%2FProductItem 63040 - ::1 Mozilla/5.0+(Windows+NT+10.0;+Win64;+x64)+AppleWebKit/537.36+(KHTML,+like+Gecko)+Chrome/71.0.3578.98+Safari/537.36 http://localhost:63040/ 200 0 0 7
#Software: Microsoft Internet Information Services 10.0
#Version: 1.0
#Date: 2019-02-01 16:30:16
#Fields: date time s-ip cs-method cs-uri-stem cs-uri-query s-port cs-username c-ip cs(User-Agent) cs(Referer) sc-status sc-substatus sc-win32-status time-taken
2019-02-01 16:30:16 ::1 GET / - 63040 - ::1 Mozilla/5.0+(Windows+NT+10.0;+Win64;+x64)+AppleWebKit/537.36+(KHTML,+like+Gecko)+Chrome/71.0.3578.98+Safari/537.36 - 200 0 0 4600
2019-02-01 16:30:19 ::1 GET /Admin/Section - 63040 - ::1 Mozilla/5.0+(Windows+NT+10.0;+Win64;+x64)+AppleWebKit/537.36+(KHTML,+like+Gecko)+Chrome/71.0.3578.98+Safari/537.36 http://localhost:63040/ 302 0 0 34
2019-02-01 16:30:19 ::1 GET /Account/Login ReturnUrl=%2FAdmin%2FSection 63040 - ::1 Mozilla/5.0+(Windows+NT+10.0;+Win64;+x64)+AppleWebKit/537.36+(KHTML,+like+Gecko)+Chrome/71.0.3578.98+Safari/537.36 http://localhost:63040/ 200 0 0 221
2019-02-01 16:30:47 ::1 GET /Account/Register - 63040 - ::1 Mozilla/5.0+(Windows+NT+10.0;+Win64;+x64)+AppleWebKit/537.36+(KHTML,+like+Gecko)+Chrome/71.0.3578.98+Safari/537.36 http://localhost:63040/Account/Login?ReturnUrl=%2FAdmin%2FSection 200 0 0 35
2019-02-01 16:31:03 ::1 POST /Account/Register - 63040 - ::1 Mozilla/5.0+(Windows+NT+10.0;+Win64;+x64)+AppleWebKit/537.36+(KHTML,+like+Gecko)+Chrome/71.0.3578.98+Safari/537.36 http://localhost:63040/Account/Register 302 0 0 4577
2019-02-01 16:31:03 ::1 GET / - 63040 ben@redpointegroup.com ::1 Mozilla/5.0+(Windows+NT+10.0;+Win64;+x64)+AppleWebKit/537.36+(KHTML,+like+Gecko)+Chrome/71.0.3578.98+Safari/537.36 http://localhost:63040/Account/Register 200 0 0 20
2019-02-01 16:31:11 ::1 GET /Admin/Account - 63040 ben@redpointegroup.com ::1 Mozilla/5.0+(Windows+NT+10.0;+Win64;+x64)+AppleWebKit/537.36+(KHTML,+like+Gecko)+Chrome/71.0.3578.98+Safari/537.36 http://localhost:63040/ 404 0 0 22
2019-02-01 16:31:15 ::1 GET /Admin/SubscriptionProduct - 63040 ben@redpointegroup.com ::1 Mozilla/5.0+(Windows+NT+10.0;+Win64;+x64)+AppleWebKit/537.36+(KHTML,+like+Gecko)+Chrome/71.0.3578.98+Safari/537.36 http://localhost:63040/ 302 0 0 5
2019-02-01 16:31:15 ::1 GET /Account/Login ReturnUrl=%2FAdmin%2FSubscriptionProduct 63040 ben@redpointegroup.com ::1 Mozilla/5.0+(Windows+NT+10.0;+Win64;+x64)+AppleWebKit/537.36+(KHTML,+like+Gecko)+Chrome/71.0.3578.98+Safari/537.36 http://localhost:63040/ 200 0 0 17
2019-02-01 16:31:20 ::1 GET /Account/Admin/ProductItem - 63040 ben@redpointegroup.com ::1 Mozilla/5.0+(Windows+NT+10.0;+Win64;+x64)+AppleWebKit/537.36+(KHTML,+like+Gecko)+Chrome/71.0.3578.98+Safari/537.36 http://localhost:63040/Account/Login?ReturnUrl=%2FAdmin%2FSubscriptionProduct 404 0 0 8
2019-02-01 16:31:23 ::1 GET /Account/Admin/Section - 63040 ben@redpointegroup.com ::1 Mozilla/5.0+(Windows+NT+10.0;+Win64;+x64)+AppleWebKit/537.36+(KHTML,+like+Gecko)+Chrome/71.0.3578.98+Safari/537.36 http://localhost:63040/Account/Login?ReturnUrl=%2FAdmin%2FSubscriptionProduct 404 0 0 4
2019-02-01 16:31:26 ::1 GET /Account/Admin/ItemType - 63040 ben@redpointegroup.com ::1 Mozilla/5.0+(Windows+NT+10.0;+Win64;+x64)+AppleWebKit/537.36+(KHTML,+like+Gecko)+Chrome/71.0.3578.98+Safari/537.36 http://localhost:63040/Account/Login?ReturnUrl=%2FAdmin%2FSubscriptionProduct 404 0 0 5
2019-02-01 16:31:35 ::1 GET /Account/Admin/Section - 63040 ben@redpointegroup.com ::1 Mozilla/5.0+(Windows+NT+10.0;+Win64;+x64)+AppleWebKit/537.36+(KHTML,+like+Gecko)+Chrome/71.0.3578.98+Safari/537.36 http://localhost:63040/Account/Login?ReturnUrl=%2FAdmin%2FSubscriptionProduct 404 0 0 4
2019-02-01 16:31:38 ::1 GET /Account/Admin/ItemType - 63040 ben@redpointegroup.com ::1 Mozilla/5.0+(Windows+NT+10.0;+Win64;+x64)+AppleWebKit/537.36+(KHTML,+like+Gecko)+Chrome/71.0.3578.98+Safari/537.36 http://localhost:63040/Account/Login?ReturnUrl=%2FAdmin%2FSubscriptionProduct 404 0 0 5
2019-02-01 16:31:42 ::1 GET /Account/Admin/Part - 63040 ben@redpointegroup.com ::1 Mozilla/5.0+(Windows+NT+10.0;+Win64;+x64)+AppleWebKit/537.36+(KHTML,+like+Gecko)+Chrome/71.0.3578.98+Safari/537.36 http://localhost:63040/Account/Login?ReturnUrl=%2FAdmin%2FSubscriptionProduct 404 0 0 6
2019-02-01 16:31:44 ::1 GET / - 63040 ben@redpointegroup.com ::1 Mozilla/5.0+(Windows+NT+10.0;+Win64;+x64)+AppleWebKit/537.36+(KHTML,+like+Gecko)+Chrome/71.0.3578.98+Safari/537.36 http://localhost:63040/Account/Login?ReturnUrl=%2FAdmin%2FSubscriptionProduct 200 0 0 6
2019-02-01 16:31:46 ::1 GET /Admin/Section - 63040 ben@redpointegroup.com ::1 Mozilla/5.0+(Windows+NT+10.0;+Win64;+x64)+AppleWebKit/537.36+(KHTML,+like+Gecko)+Chrome/71.0.3578.98+Safari/537.36 http://localhost:63040/ 302 0 0 9
2019-02-01 16:31:46 ::1 GET /Account/Login ReturnUrl=%2FAdmin%2FSection 63040 ben@redpointegroup.com ::1 Mozilla/5.0+(Windows+NT+10.0;+Win64;+x64)+AppleWebKit/537.36+(KHTML,+like+Gecko)+Chrome/71.0.3578.98+Safari/537.36 http://localhost:63040/ 200 0 0 8
2019-02-01 16:31:58 ::1 POST /Account/Login ReturnUrl=%2FAdmin%2FSection 63040 ben@redpointegroup.com ::1 Mozilla/5.0+(Windows+NT+10.0;+Win64;+x64)+AppleWebKit/537.36+(KHTML,+like+Gecko)+Chrome/71.0.3578.98+Safari/537.36 http://localhost:63040/Account/Login?ReturnUrl=%2FAdmin%2FSection 302 0 0 111
2019-02-01 16:32:06 ::1 GET /Admin/Section - 63040 admin@company.com ::1 Mozilla/5.0+(Windows+NT+10.0;+Win64;+x64)+AppleWebKit/537.36+(KHTML,+like+Gecko)+Chrome/71.0.3578.98+Safari/537.36 http://localhost:63040/Account/Login?ReturnUrl=%2FAdmin%2FSection 200 0 0 7600
2019-02-01 16:32:13 ::1 GET /Admin/Admin/Account - 63040 admin@company.com ::1 Mozilla/5.0+(Windows+NT+10.0;+Win64;+x64)+AppleWebKit/537.36+(KHTML,+like+Gecko)+Chrome/71.0.3578.98+Safari/537.36 http://localhost:63040/Admin/Section 404 0 0 5
2019-02-01 16:32:16 ::1 GET /Admin/Admin/Section - 63040 admin@company.com ::1 Mozilla/5.0+(Windows+NT+10.0;+Win64;+x64)+AppleWebKit/537.36+(KHTML,+like+Gecko)+Chrome/71.0.3578.98+Safari/537.36 http://localhost:63040/Admin/Section 404 0 0 5
2019-02-01 16:32:20 ::1 GET /Admin/Admin/Item - 63040 admin@company.com ::1 Mozilla/5.0+(Windows+NT+10.0;+Win64;+x64)+AppleWebKit/537.36+(KHTML,+like+Gecko)+Chrome/71.0.3578.98+Safari/537.36 http://localhost:63040/Admin/Section 404 0 0 9
2019-02-01 16:32:22 ::1 GET /Admin/Admin/ItemType - 63040 admin@company.com ::1 Mozilla/5.0+(Windows+NT+10.0;+Win64;+x64)+AppleWebKit/537.36+(KHTML,+like+Gecko)+Chrome/71.0.3578.98+Safari/537.36 http://localhost:63040/Admin/Section 404 0 0 5
2019-02-01 16:32:26 ::1 GET /Admin/Admin/Product - 63040 admin@company.com ::1 Mozilla/5.0+(Windows+NT+10.0;+Win64;+x64)+AppleWebKit/537.36+(KHTML,+like+Gecko)+Chrome/71.0.3578.98+Safari/537.36 http://localhost:63040/Admin/Section 404 0 0 5
2019-02-01 16:32:55 ::1 GET / - 63040 admin@company.com ::1 Mozilla/5.0+(Windows+NT+10.0;+Win64;+x64)+AppleWebKit/537.36+(KHTML,+like+Gecko)+Chrome/71.0.3578.98+Safari/537.36 http://localhost:63040/Admin/Section 200 0 0 10
2019-02-01 16:32:55 ::1 GET / - 63040 admin@company.com ::1 Mozilla/5.0+(Windows+NT+10.0;+Win64;+x64)+AppleWebKit/537.36+(KHTML,+like+Gecko)+Chrome/71.0.3578.98+Safari/537.36 http://localhost:63040/ 200 0 0 5
2019-02-01 16:32:57 ::1 GET /Admin/Section - 63040 admin@company.com ::1 Mozilla/5.0+(Windows+NT+10.0;+Win64;+x64)+AppleWebKit/537.36+(KHTML,+like+Gecko)+Chrome/71.0.3578.98+Safari/537.36 http://localhost:63040/ 200 0 0 25
2019-02-01 16:32:59 ::1 GET / - 63040 admin@company.com ::1 Mozilla/5.0+(Windows+NT+10.0;+Win64;+x64)+AppleWebKit/537.36+(KHTML,+like+Gecko)+Chrome/71.0.3578.98+Safari/537.36 http://localhost:63040/Admin/Section 200 0 0 5
2019-02-01 16:33:01 ::1 GET / - 63040 admin@company.com ::1 Mozilla/5.0+(Windows+NT+10.0;+Win64;+x64)+AppleWebKit/537.36+(KHTML,+like+Gecko)+Chrome/71.0.3578.98+Safari/537.36 http://localhost:63040/ 200 0 0 10
2019-02-01 16:33:03 ::1 GET /Admin/Section - 63040 admin@company.com ::1 Mozilla/5.0+(Windows+NT+10.0;+Win64;+x64)+AppleWebKit/537.36+(KHTML,+like+Gecko)+Chrome/71.0.3578.98+Safari/537.36 http://localhost:63040/ 200 0 0 18
2019-02-01 16:33:03 ::1 GET / - 63040 admin@company.com ::1 Mozilla/5.0+(Windows+NT+10.0;+Win64;+x64)+AppleWebKit/537.36+(KHTML,+like+Gecko)+Chrome/71.0.3578.98+Safari/537.36 http://localhost:63040/Admin/Section 200 0 0 11
2019-02-01 16:33:06 ::1 GET /Admin/Part - 63040 admin@company.com ::1 Mozilla/5.0+(Windows+NT+10.0;+Win64;+x64)+AppleWebKit/537.36+(KHTML,+like+Gecko)+Chrome/71.0.3578.98+Safari/537.36 http://localhost:63040/ 200 0 0 589
2019-02-01 16:33:07 ::1 GET / - 63040 admin@company.com ::1 Mozilla/5.0+(Windows+NT+10.0;+Win64;+x64)+AppleWebKit/537.36+(KHTML,+like+Gecko)+Chrome/71.0.3578.98+Safari/537.36 http://localhost:63040/Admin/Part 200 0 0 8
2019-02-01 16:33:11 ::1 GET /Admin/Section - 63040 admin@company.com ::1 Mozilla/5.0+(Windows+NT+10.0;+Win64;+x64)+AppleWebKit/537.36+(KHTML,+like+Gecko)+Chrome/71.0.3578.98+Safari/537.36 http://localhost:63040/ 200 0 0 332
2019-02-01 16:33:14 ::1 GET /Admin/Part - 63040 admin@company.com ::1 Mozilla/5.0+(Windows+NT+10.0;+Win64;+x64)+AppleWebKit/537.36+(KHTML,+like+Gecko)+Chrome/71.0.3578.98+Safari/537.36 http://localhost:63040/ 200 0 0 302
2019-02-01 16:33:16 ::1 GET /Admin/Admin/ProductItem - 63040 admin@company.com ::1 Mozilla/5.0+(Windows+NT+10.0;+Win64;+x64)+AppleWebKit/537.36+(KHTML,+like+Gecko)+Chrome/71.0.3578.98+Safari/537.36 http://localhost:63040/Admin/Part 404 0 0 5
2019-02-01 16:33:20 ::1 GET / - 63040 admin@company.com ::1 Mozilla/5.0+(Windows+NT+10.0;+Win64;+x64)+AppleWebKit/537.36+(KHTML,+like+Gecko)+Chrome/71.0.3578.98+Safari/537.36 http://localhost:63040/Admin/Part 200 0 0 7
2019-02-01 16:33:26 ::1 GET /Admin/Section - 63040 admin@company.com ::1 Mozilla/5.0+(Windows+NT+10.0;+Win64;+x64)+AppleWebKit/537.36+(KHTML,+like+Gecko)+Chrome/71.0.3578.98+Safari/537.36 http://localhost:63040/ 200 0 0 24
2019-02-01 16:33:31 ::1 GET /Admin/Admin/Account - 63040 admin@company.com ::1 Mozilla/5.0+(Windows+NT+10.0;+Win64;+x64)+AppleWebKit/537.36+(KHTML,+like+Gecko)+Chrome/71.0.3578.98+Safari/537.36 http://localhost:63040/Admin/Section 404 0 0 8
2019-02-01 16:35:13 ::1 GET /Admin/Admin/Section - 63040 admin@company.com ::1 Mozilla/5.0+(Windows+NT+10.0;+Win64;+x64)+AppleWebKit/537.36+(KHTML,+like+Gecko)+Chrome/71.0.3578.98+Safari/537.36 http://localhost:63040/Admin/Section 404 0 0 14
2019-02-01 16:35:15 ::1 GET / - 63040 admin@company.com ::1 Mozilla/5.0+(Windows+NT+10.0;+Win64;+x64)+AppleWebKit/537.36+(KHTML,+like+Gecko)+Chrome/71.0.3578.98+Safari/537.36 http://localhost:63040/Admin/Section 200 0 0 10
2019-02-01 16:35:39 ::1 GET /Admin/Section - 63040 admin@company.com ::1 Mozilla/5.0+(Windows+NT+10.0;+Win64;+x64)+AppleWebKit/537.36+(KHTML,+like+Gecko)+Chrome/71.0.3578.98+Safari/537.36 http://localhost:63040/ 200 0 0 49
2019-02-01 16:35:43 ::1 GET / - 63040 admin@company.com ::1 Mozilla/5.0+(Windows+NT+10.0;+Win64;+x64)+AppleWebKit/537.36+(KHTML,+like+Gecko)+Chrome/71.0.3578.98+Safari/537.36 http://localhost:63040/Admin/Section 200 0 0 4
#Software: Microsoft Internet Information Services 10.0
#Version: 1.0
#Date: 2019-02-01 16:37:08
#Fields: date time s-ip cs-method cs-uri-stem cs-uri-query s-port cs-username c-ip cs(User-Agent) cs(Referer) sc-status sc-substatus sc-win32-status time-taken
2019-02-01 16:37:08 ::1 GET / - 63040 admin@company.com ::1 Mozilla/5.0+(Windows+NT+10.0;+Win64;+x64)+AppleWebKit/537.36+(KHTML,+like+Gecko)+Chrome/71.0.3578.98+Safari/537.36 - 200 0 0 4798
2019-02-01 16:37:12 ::1 GET /Admin/Section - 63040 admin@company.com ::1 Mozilla/5.0+(Windows+NT+10.0;+Win64;+x64)+AppleWebKit/537.36+(KHTML,+like+Gecko)+Chrome/71.0.3578.98+Safari/537.36 http://localhost:63040/ 200 0 0 715
2019-02-01 16:37:14 ::1 GET /Admin/Section - 63040 admin@company.com ::1 Mozilla/5.0+(Windows+NT+10.0;+Win64;+x64)+AppleWebKit/537.36+(KHTML,+like+Gecko)+Chrome/71.0.3578.98+Safari/537.36 http://localhost:63040/Admin/Section 200 0 0 16
2019-02-01 16:37:46 ::1 GET /Admin/Section - 63040 admin@company.com ::1 Mozilla/5.0+(Windows+NT+10.0;+Win64;+x64)+AppleWebKit/537.36+(KHTML,+like+Gecko)+Chrome/71.0.3578.98+Safari/537.36 http://localhost:63040/Admin/Section 200 0 0 19
2019-02-01 16:37:46 ::1 GET /favicon.ico - 63040 - ::1 Mozilla/5.0+(Windows+NT+10.0;+Win64;+x64)+AppleWebKit/537.36+(KHTML,+like+Gecko)+Chrome/71.0.3578.98+Safari/537.36 http://localhost:63040/Admin/Section 200 0 0 10
2019-02-01 16:37:46 ::1 GET / - 63040 admin@company.com ::1 Mozilla/5.0+(Windows+NT+10.0;+Win64;+x64)+AppleWebKit/537.36+(KHTML,+like+Gecko)+Chrome/71.0.3578.98+Safari/537.36 http://localhost:63040/Admin/Section 200 0 0 22
2019-02-01 16:37:48 ::1 GET /Admin/Section - 63040 admin@company.com ::1 Mozilla/5.0+(Windows+NT+10.0;+Win64;+x64)+AppleWebKit/537.36+(KHTML,+like+Gecko)+Chrome/71.0.3578.98+Safari/537.36 http://localhost:63040/ 200 0 0 17
2019-02-01 16:37:50 ::1 GET /Admin/Admin/Item - 63040 admin@company.com ::1 Mozilla/5.0+(Windows+NT+10.0;+Win64;+x64)+AppleWebKit/537.36+(KHTML,+like+Gecko)+Chrome/71.0.3578.98+Safari/537.36 http://localhost:63040/Admin/Section 404 0 0 13
2019-02-01 16:38:05 ::1 GET /Admin/Section - 63040 admin@company.com ::1 Mozilla/5.0+(Windows+NT+10.0;+Win64;+x64)+AppleWebKit/537.36+(KHTML,+like+Gecko)+Chrome/71.0.3578.98+Safari/537.36 http://localhost:63040/ 200 0 0 506
2019-02-01 16:38:05 ::1 GET /favicon.ico - 63040 - ::1 Mozilla/5.0+(Windows+NT+10.0;+Win64;+x64)+AppleWebKit/537.36+(KHTML,+like+Gecko)+Chrome/71.0.3578.98+Safari/537.36 http://localhost:63040/Admin/Section 200 0 0 4
2019-02-01 16:38:08 ::1 GET /Admin/Item - 63040 admin@company.com ::1 Mozilla/5.0+(Windows+NT+10.0;+Win64;+x64)+AppleWebKit/537.36+(KHTML,+like+Gecko)+Chrome/71.0.3578.98+Safari/537.36 http://localhost:63040/Admin/Section 500 0 0 576
2019-02-01 16:38:24 ::1 GET /Admin/Section - 63040 admin@company.com ::1 Mozilla/5.0+(Windows+NT+10.0;+Win64;+x64)+AppleWebKit/537.36+(KHTML,+like+Gecko)+Chrome/71.0.3578.98+Safari/537.36 http://localhost:63040/Admin/Section 200 0 0 10
2019-02-01 16:38:26 ::1 GET /Admin/Part - 63040 admin@company.com ::1 Mozilla/5.0+(Windows+NT+10.0;+Win64;+x64)+AppleWebKit/537.36+(KHTML,+like+Gecko)+Chrome/71.0.3578.98+Safari/537.36 http://localhost:63040/Admin/Section 200 0 0 51
2019-02-01 16:38:28 ::1 GET /Admin/ProductType - 63040 admin@company.com ::1 Mozilla/5.0+(Windows+NT+10.0;+Win64;+x64)+AppleWebKit/537.36+(KHTML,+like+Gecko)+Chrome/71.0.3578.98+Safari/537.36 http://localhost:63040/Admin/Part 200 0 0 513
2019-02-01 16:38:31 ::1 GET /Admin/ProductLinkText - 63040 admin@company.com ::1 Mozilla/5.0+(Windows+NT+10.0;+Win64;+x64)+AppleWebKit/537.36+(KHTML,+like+Gecko)+Chrome/71.0.3578.98+Safari/537.36 http://localhost:63040/Admin/ProductType 200 0 0 500
2019-02-01 16:38:32 ::1 GET /Admin/Item - 63040 admin@company.com ::1 Mozilla/5.0+(Windows+NT+10.0;+Win64;+x64)+AppleWebKit/537.36+(KHTML,+like+Gecko)+Chrome/71.0.3578.98+Safari/537.36 http://localhost:63040/Admin/ProductLinkText 500 0 0 11
2019-02-01 16:38:36 ::1 GET /Admin/Product - 63040 admin@company.com ::1 Mozilla/5.0+(Windows+NT+10.0;+Win64;+x64)+AppleWebKit/537.36+(KHTML,+like+Gecko)+Chrome/71.0.3578.98+Safari/537.36 http://localhost:63040/Admin/ProductLinkText 200 0 0 654
2019-02-01 16:38:40 ::1 GET /Admin/Item - 63040 admin@company.com ::1 Mozilla/5.0+(Windows+NT+10.0;+Win64;+x64)+AppleWebKit/537.36+(KHTML,+like+Gecko)+Chrome/71.0.3578.98+Safari/537.36 http://localhost:63040/Admin/ProductLinkText 500 0 0 330
2019-02-01 16:40:49 ::1 GET /Admin/Item - 63040 admin@company.com ::1 Mozilla/5.0+(Windows+NT+10.0;+Win64;+x64)+AppleWebKit/537.36+(KHTML,+like+Gecko)+Chrome/71.0.3578.98+Safari/537.36 http://localhost:63040/Admin/ProductLinkText 200 0 0 673
2019-02-01 16:41:29 ::1 GET /Admin/Product - 63040 admin@company.com ::1 Mozilla/5.0+(Windows+NT+10.0;+Win64;+x64)+AppleWebKit/537.36+(KHTML,+like+Gecko)+Chrome/71.0.3578.98+Safari/537.36 http://localhost:63040/Admin/Item 200 0 0 57
2019-02-01 16:41:31 ::1 GET /Admin/Subscription - 63040 admin@company.com ::1 Mozilla/5.0+(Windows+NT+10.0;+Win64;+x64)+AppleWebKit/537.36+(KHTML,+like+Gecko)+Chrome/71.0.3578.98+Safari/537.36 http://localhost:63040/Admin/Product 200 0 0 537
2019-02-01 16:41:33 ::1 GET /Admin/Item - 63040 admin@company.com ::1 Mozilla/5.0+(Windows+NT+10.0;+Win64;+x64)+AppleWebKit/537.36+(KHTML,+like+Gecko)+Chrome/71.0.3578.98+Safari/537.36 http://localhost:63040/Admin/Subscription 200 0 0 20
2019-02-01 16:41:36 ::1 GET /Admin/ProductItem - 63040 admin@company.com ::1 Mozilla/5.0+(Windows+NT+10.0;+Win64;+x64)+AppleWebKit/537.36+(KHTML,+like+Gecko)+Chrome/71.0.3578.98+Safari/537.36 http://localhost:63040/Admin/Item 500 0 0 489
2019-02-01 16:42:22 ::1 GET /Admin/ProductItem - 63040 admin@company.com ::1 Mozilla/5.0+(Windows+NT+10.0;+Win64;+x64)+AppleWebKit/537.36+(KHTML,+like+Gecko)+Chrome/71.0.3578.98+Safari/537.36 http://localhost:63040/Admin/Item 500 0 0 665
2019-02-01 16:42:34 ::1 GET /Admin/ProductItem - 63040 admin@company.com ::1 Mozilla/5.0+(Windows+NT+10.0;+Win64;+x64)+AppleWebKit/537.36+(KHTML,+like+Gecko)+Chrome/71.0.3578.98+Safari/537.36 http://localhost:63040/Admin/Item 500 0 0 529
2019-02-01 16:42:34 ::1 GET /favicon.ico - 63040 - ::1 Mozilla/5.0+(Windows+NT+10.0;+Win64;+x64)+AppleWebKit/537.36+(KHTML,+like+Gecko)+Chrome/71.0.3578.98+Safari/537.36 http://localhost:63040/Admin/ProductItem 200 0 0 14
2019-02-01 16:42:54 ::1 GET /Admin/ProductItem - 63040 admin@company.com ::1 Mozilla/5.0+(Windows+NT+10.0;+Win64;+x64)+AppleWebKit/537.36+(KHTML,+like+Gecko)+Chrome/71.0.3578.98+Safari/537.36 http://localhost:63040/Admin/Item 500 0 0 802
2019-02-01 16:42:54 ::1 GET /favicon.ico - 63040 - ::1 Mozilla/5.0+(Windows+NT+10.0;+Win64;+x64)+AppleWebKit/537.36+(KHTML,+like+Gecko)+Chrome/71.0.3578.98+Safari/537.36 http://localhost:63040/Admin/ProductItem 200 0 0 5
2019-02-01 16:46:08 ::1 GET /Admin/ProductItem - 63040 admin@company.com ::1 Mozilla/5.0+(Windows+NT+10.0;+Win64;+x64)+AppleWebKit/537.36+(KHTML,+like+Gecko)+Chrome/71.0.3578.98+Safari/537.36 http://localhost:63040/Admin/Item 500 0 0 734
2019-02-01 16:46:08 ::1 GET /favicon.ico - 63040 - ::1 Mozilla/5.0+(Windows+NT+10.0;+Win64;+x64)+AppleWebKit/537.36+(KHTML,+like+Gecko)+Chrome/71.0.3578.98+Safari/537.36 http://localhost:63040/Admin/ProductItem 200 0 0 12
#Software: Microsoft Internet Information Services 10.0
#Version: 1.0
#Date: 2019-02-01 16:50:40
#Fields: date time s-ip cs-method cs-uri-stem cs-uri-query s-port cs-username c-ip cs(User-Agent) cs(Referer) sc-status sc-substatus sc-win32-status time-taken
2019-02-01 16:50:40 ::1 GET /Admin/ProductItem/Index - 63040 admin@company.com ::1 Mozilla/5.0+(Windows+NT+10.0;+Win64;+x64)+AppleWebKit/537.36+(KHTML,+like+Gecko)+Chrome/71.0.3578.98+Safari/537.36 - 500 0 0 5420
#Software: Microsoft Internet Information Services 10.0
#Version: 1.0
#Date: 2019-02-01 16:54:49
#Fields: date time s-ip cs-method cs-uri-stem cs-uri-query s-port cs-username c-ip cs(User-Agent) cs(Referer) sc-status sc-substatus sc-win32-status time-taken
2019-02-01 16:54:49 ::1 GET /Admin/ProductItem/Index - 63040 admin@company.com ::1 Mozilla/5.0+(Windows+NT+10.0;+Win64;+x64)+AppleWebKit/537.36+(KHTML,+like+Gecko)+Chrome/71.0.3578.98+Safari/537.36 - 500 0 0 6263
2019-02-01 16:54:58 ::1 GET /Admin/ProductItem - 63040 admin@company.com ::1 Mozilla/5.0+(Windows+NT+10.0;+Win64;+x64)+AppleWebKit/537.36+(KHTML,+like+Gecko)+Chrome/71.0.3578.98+Safari/537.36 - 500 0 0 116
#Software: Microsoft Internet Information Services 10.0
#Version: 1.0
#Date: 2019-02-01 16:55:50
#Fields: date time s-ip cs-method cs-uri-stem cs-uri-query s-port cs-username c-ip cs(User-Agent) cs(Referer) sc-status sc-substatus sc-win32-status time-taken
2019-02-01 16:55:50 ::1 GET / - 63040 admin@company.com ::1 Mozilla/5.0+(Windows+NT+10.0;+Win64;+x64)+AppleWebKit/537.36+(KHTML,+like+Gecko)+Chrome/71.0.3578.98+Safari/537.36 - 200 0 0 6813
2019-02-01 16:55:55 ::1 GET /Admin/Section - 63040 admin@company.com ::1 Mozilla/5.0+(Windows+NT+10.0;+Win64;+x64)+AppleWebKit/537.36+(KHTML,+like+Gecko)+Chrome/71.0.3578.98+Safari/537.36 http://localhost:63040/ 200 0 0 1836
2019-02-01 16:56:10 ::1 GET /Admin/ProductItem - 63040 admin@company.com ::1 Mozilla/5.0+(Windows+NT+10.0;+Win64;+x64)+AppleWebKit/537.36+(KHTML,+like+Gecko)+Chrome/71.0.3578.98+Safari/537.36 http://localhost:63040/Admin/Section 500 0 0 476
2019-02-01 16:56:15 ::1 GET /Admin/SubscriptionProduct - 63040 admin@company.com ::1 Mozilla/5.0+(Windows+NT+10.0;+Win64;+x64)+AppleWebKit/537.36+(KHTML,+like+Gecko)+Chrome/71.0.3578.98+Safari/537.36 http://localhost:63040/Admin/Section 200 0 0 972
2019-02-01 16:56:22 ::1 GET /Admin/ProductItem - 63040 admin@company.com ::1 Mozilla/5.0+(Windows+NT+10.0;+Win64;+x64)+AppleWebKit/537.36+(KHTML,+like+Gecko)+Chrome/71.0.3578.98+Safari/537.36 http://localhost:63040/Admin/SubscriptionProduct 500 0 0 11
2019-02-01 16:56:28 ::1 GET /Admin/Account - 63040 admin@company.com ::1 Mozilla/5.0+(Windows+NT+10.0;+Win64;+x64)+AppleWebKit/537.36+(KHTML,+like+Gecko)+Chrome/71.0.3578.98+Safari/537.36 http://localhost:63040/Admin/SubscriptionProduct 404 0 0 6
2019-02-01 16:58:36 ::1 GET /Admin/ProductItem - 63040 admin@company.com ::1 Mozilla/5.0+(Windows+NT+10.0;+Win64;+x64)+AppleWebKit/537.36+(KHTML,+like+Gecko)+Chrome/71.0.3578.98+Safari/537.36 http://localhost:63040/Admin/SubscriptionProduct 500 0 0 572
2019-02-01 17:00:02 ::1 GET /Admin/Account - 63040 admin@company.com ::1 Mozilla/5.0+(Windows+NT+10.0;+Win64;+x64)+AppleWebKit/537.36+(KHTML,+like+Gecko)+Chrome/71.0.3578.98+Safari/537.36 http://localhost:63040/Admin/SubscriptionProduct 404 0 0 6
2019-02-01 17:00:15 ::1 GET / - 63040 admin@company.com ::1 Mozilla/5.0+(Windows+NT+10.0;+Win64;+x64)+AppleWebKit/537.36+(KHTML,+like+Gecko)+Chrome/71.0.3578.98+Safari/537.36 http://localhost:63040/Admin/SubscriptionProduct 200 0 0 13
2019-02-01 17:00:17 ::1 GET /Admin/Account - 63040 admin@company.com ::1 Mozilla/5.0+(Windows+NT+10.0;+Win64;+x64)+AppleWebKit/537.36+(KHTML,+like+Gecko)+Chrome/71.0.3578.98+Safari/537.36 http://localhost:63040/ 404 0 0 4
2019-02-01 17:00:22 ::1 GET /Admin/SubscriptionProduct - 63040 admin@company.com ::1 Mozilla/5.0+(Windows+NT+10.0;+Win64;+x64)+AppleWebKit/537.36+(KHTML,+like+Gecko)+Chrome/71.0.3578.98+Safari/537.36 http://localhost:63040/ 200 0 0 49
2019-02-01 17:00:56 ::1 GET /Admin/Account - 63040 admin@company.com ::1 Mozilla/5.0+(Windows+NT+10.0;+Win64;+x64)+AppleWebKit/537.36+(KHTML,+like+Gecko)+Chrome/71.0.3578.98+Safari/537.36 http://localhost:63040/ 404 0 0 14
2019-02-01 17:01:51 ::1 GET /Admin/Section - 63040 admin@company.com ::1 Mozilla/5.0+(Windows+NT+10.0;+Win64;+x64)+AppleWebKit/537.36+(KHTML,+like+Gecko)+Chrome/71.0.3578.98+Safari/537.36 http://localhost:63040/ 200 0 0 491
2019-02-01 17:02:06 ::1 GET /Admin/Account - 63040 admin@company.com ::1 Mozilla/5.0+(Windows+NT+10.0;+Win64;+x64)+AppleWebKit/537.36+(KHTML,+like+Gecko)+Chrome/71.0.3578.98+Safari/537.36 http://localhost:63040/ 404 0 0 231
2019-02-01 17:02:14 ::1 GET /Admin/Account - 63040 admin@company.com ::1 Mozilla/5.0+(Windows+NT+10.0;+Win64;+x64)+AppleWebKit/537.36+(KHTML,+like+Gecko)+Chrome/71.0.3578.98+Safari/537.36 http://localhost:63040/ 404 0 0 4
2019-02-01 17:02:14 ::1 GET /favicon.ico - 63040 - ::1 Mozilla/5.0+(Windows+NT+10.0;+Win64;+x64)+AppleWebKit/537.36+(KHTML,+like+Gecko)+Chrome/71.0.3578.98+Safari/537.36 http://localhost:63040/Admin/Account 200 0 0 3
2019-02-01 17:03:19 ::1 GET /Admin/Account - 63040 admin@company.com ::1 Mozilla/5.0+(Windows+NT+10.0;+Win64;+x64)+AppleWebKit/537.36+(KHTML,+like+Gecko)+Chrome/71.0.3578.98+Safari/537.36 http://localhost:63040/ 404 0 0 13
2019-02-01 17:03:19 ::1 GET /favicon.ico - 63040 - ::1 Mozilla/5.0+(Windows+NT+10.0;+Win64;+x64)+AppleWebKit/537.36+(KHTML,+like+Gecko)+Chrome/71.0.3578.98+Safari/537.36 http://localhost:63040/Admin/Account 200 0 0 11
2019-02-01 17:03:19 ::1 GET /Admin/Account - 63040 admin@company.com ::1 Mozilla/5.0+(Windows+NT+10.0;+Win64;+x64)+AppleWebKit/537.36+(KHTML,+like+Gecko)+Chrome/71.0.3578.98+Safari/537.36 http://localhost:63040/ 404 0 0 4
2019-02-01 17:03:19 ::1 GET /favicon.ico - 63040 - ::1 Mozilla/5.0+(Windows+NT+10.0;+Win64;+x64)+AppleWebKit/537.36+(KHTML,+like+Gecko)+Chrome/71.0.3578.98+Safari/537.36 http://localhost:63040/Admin/Account 200 0 0 5
2019-02-01 17:03:23 ::1 GET /Admin/Account - 63040 admin@company.com ::1 Mozilla/5.0+(Windows+NT+10.0;+Win64;+x64)+AppleWebKit/537.36+(KHTML,+like+Gecko)+Chrome/71.0.3578.98+Safari/537.36 http://localhost:63040/ 404 0 0 14
2019-02-01 17:05:25 ::1 GET /Admin/Section - 63040 admin@company.com ::1 Mozilla/5.0+(Windows+NT+10.0;+Win64;+x64)+AppleWebKit/537.36+(KHTML,+like+Gecko)+Chrome/71.0.3578.98+Safari/537.36 http://localhost:63040/ 200 0 0 549
2019-02-01 17:05:27 ::1 GET /Admin/Account - 63040 admin@company.com ::1 Mozilla/5.0+(Windows+NT+10.0;+Win64;+x64)+AppleWebKit/537.36+(KHTML,+like+Gecko)+Chrome/71.0.3578.98+Safari/537.36 http://localhost:63040/Admin/Section 404 0 0 7
2019-02-01 17:06:08 ::1 GET /Admin/Section - 63040 admin@company.com ::1 Mozilla/5.0+(Windows+NT+10.0;+Win64;+x64)+AppleWebKit/537.36+(KHTML,+like+Gecko)+Chrome/71.0.3578.98+Safari/537.36 http://localhost:63040/Admin/Section 200 0 0 17
2019-02-01 17:06:10 ::1 GET /Admin/Part - 63040 admin@company.com ::1 Mozilla/5.0+(Windows+NT+10.0;+Win64;+x64)+AppleWebKit/537.36+(KHTML,+like+Gecko)+Chrome/71.0.3578.98+Safari/537.36 http://localhost:63040/Admin/Section 200 0 0 507
2019-02-01 17:06:10 ::1 GET / - 63040 admin@company.com ::1 Mozilla/5.0+(Windows+NT+10.0;+Win64;+x64)+AppleWebKit/537.36+(KHTML,+like+Gecko)+Chrome/71.0.3578.98+Safari/537.36 http://localhost:63040/Admin/Part 200 0 0 21
2019-02-01 17:06:12 ::1 GET /Admin/ProductLinkText - 63040 admin@company.com ::1 Mozilla/5.0+(Windows+NT+10.0;+Win64;+x64)+AppleWebKit/537.36+(KHTML,+like+Gecko)+Chrome/71.0.3578.98+Safari/537.36 http://localhost:63040/ 200 0 0 496
2019-02-01 17:06:14 ::1 GET / - 63040 admin@company.com ::1 Mozilla/5.0+(Windows+NT+10.0;+Win64;+x64)+AppleWebKit/537.36+(KHTML,+like+Gecko)+Chrome/71.0.3578.98+Safari/537.36 http://localhost:63040/Admin/ProductLinkText 200 0 0 7
2019-02-01 17:06:17 ::1 GET /Admin/Account - 63040 admin@company.com ::1 Mozilla/5.0+(Windows+NT+10.0;+Win64;+x64)+AppleWebKit/537.36+(KHTML,+like+Gecko)+Chrome/71.0.3578.98+Safari/537.36 http://localhost:63040/ 404 0 0 9
2019-02-01 17:10:13 ::1 GET /Admin/Account - 63040 admin@company.com ::1 Mozilla/5.0+(Windows+NT+10.0;+Win64;+x64)+AppleWebKit/537.36+(KHTML,+like+Gecko)+Chrome/71.0.3578.98+Safari/537.36 http://localhost:63040/ 404 0 0 15
2019-02-01 17:10:15 ::1 GET /Admin/Account - 63040 admin@company.com ::1 Mozilla/5.0+(Windows+NT+10.0;+Win64;+x64)+AppleWebKit/537.36+(KHTML,+like+Gecko)+Chrome/71.0.3578.98+Safari/537.36 http://localhost:63040/ 404 0 0 4
2019-02-01 17:10:15 ::1 GET /favicon.ico - 63040 - ::1 Mozilla/5.0+(Windows+NT+10.0;+Win64;+x64)+AppleWebKit/537.36+(KHTML,+like+Gecko)+Chrome/71.0.3578.98+Safari/537.36 http://localhost:63040/Admin/Account 200 0 0 10
2019-02-01 17:10:19 ::1 GET / - 63040 admin@company.com ::1 Mozilla/5.0+(Windows+NT+10.0;+Win64;+x64)+AppleWebKit/537.36+(KHTML,+like+Gecko)+Chrome/71.0.3578.98+Safari/537.36 http://localhost:63040/Admin/ProductLinkText 200 0 0 492
2019-02-01 17:10:19 ::1 GET /favicon.ico - 63040 - ::1 Mozilla/5.0+(Windows+NT+10.0;+Win64;+x64)+AppleWebKit/537.36+(KHTML,+like+Gecko)+Chrome/71.0.3578.98+Safari/537.36 http://localhost:63040/ 200 0 0 3
2019-02-01 17:10:21 ::1 GET /Account - 63040 admin@company.com ::1 Mozilla/5.0+(Windows+NT+10.0;+Win64;+x64)+AppleWebKit/537.36+(KHTML,+like+Gecko)+Chrome/71.0.3578.98+Safari/537.36 http://localhost:63040/ 200 0 0 832
#Software: Microsoft Internet Information Services 10.0
#Version: 1.0
#Date: 2019-02-01 17:43:57
#Fields: date time s-ip cs-method cs-uri-stem cs-uri-query s-port cs-username c-ip cs(User-Agent) cs(Referer) sc-status sc-substatus sc-win32-status time-taken
2019-02-01 17:43:57 ::1 GET /Account/Create - 63040 admin@company.com ::1 Mozilla/5.0+(Windows+NT+10.0;+Win64;+x64)+AppleWebKit/537.36+(KHTML,+like+Gecko)+Chrome/71.0.3578.98+Safari/537.36 - 404 0 0 11947
#Software: Microsoft Internet Information Services 10.0
#Version: 1.0
#Date: 2019-02-01 18:50:28
#Fields: date time s-ip cs-method cs-uri-stem cs-uri-query s-port cs-username c-ip cs(User-Agent) cs(Referer) sc-status sc-substatus sc-win32-status time-taken
2019-02-01 18:50:28 ::1 GET / - 63040 admin@company.com ::1 Mozilla/5.0+(Windows+NT+10.0;+Win64;+x64)+AppleWebKit/537.36+(KHTML,+like+Gecko)+Chrome/71.0.3578.98+Safari/537.36 - 200 0 0 16609
2019-02-01 18:50:46 ::1 GET /Account - 63040 admin@company.com ::1 Mozilla/5.0+(Windows+NT+10.0;+Win64;+x64)+AppleWebKit/537.36+(KHTML,+like+Gecko)+Chrome/71.0.3578.98+Safari/537.36 http://localhost:63040/ 200 0 0 1424
2019-02-01 18:50:57 ::1 GET /Account/Create - 63040 admin@company.com ::1 Mozilla/5.0+(Windows+NT+10.0;+Win64;+x64)+AppleWebKit/537.36+(KHTML,+like+Gecko)+Chrome/71.0.3578.98+Safari/537.36 http://localhost:63040/Account 200 0 0 74
2019-02-01 18:51:36 ::1 POST /Account/Create - 63040 admin@company.com ::1 Mozilla/5.0+(Windows+NT+10.0;+Win64;+x64)+AppleWebKit/537.36+(KHTML,+like+Gecko)+Chrome/71.0.3578.98+Safari/537.36 http://localhost:63040/Account/Create 200 0 0 173
2019-02-01 18:51:58 ::1 POST /Account/Create - 63040 admin@company.com ::1 Mozilla/5.0+(Windows+NT+10.0;+Win64;+x64)+AppleWebKit/537.36+(KHTML,+like+Gecko)+Chrome/71.0.3578.98+Safari/537.36 http://localhost:63040/Account/Create 302 0 0 93
2019-02-01 18:51:58 ::1 GET /Account - 63040 admin@company.com ::1 Mozilla/5.0+(Windows+NT+10.0;+Win64;+x64)+AppleWebKit/537.36+(KHTML,+like+Gecko)+Chrome/71.0.3578.98+Safari/537.36 http://localhost:63040/Account/Create 200 0 0 19
