#Software: Microsoft Internet Information Services 10.0
#Version: 1.0
#Date: 2019-01-28 13:57:30
#Fields: date time s-ip cs-method cs-uri-stem cs-uri-query s-port cs-username c-ip cs(User-Agent) cs(Referer) sc-status sc-substatus sc-win32-status time-taken
2019-01-28 13:57:30 ::1 GET / - 63040 - ::1 Mozilla/5.0+(Windows+NT+10.0;+Win64;+x64)+AppleWebKit/537.36+(KHTML,+like+Gecko)+Chrome/71.0.3578.98+Safari/537.36 - 200 0 0 13735
2019-01-28 13:57:30 ::1 GET /Scripts/modernizr-2.8.3.js - 63040 - ::1 Mozilla/5.0+(Windows+NT+10.0;+Win64;+x64)+AppleWebKit/537.36+(KHTML,+like+Gecko)+Chrome/71.0.3578.98+Safari/537.36 http://localhost:63040/ 304 0 0 18
2019-01-28 13:57:30 ::1 GET /Content/bootstrap.css - 63040 - ::1 Mozilla/5.0+(Windows+NT+10.0;+Win64;+x64)+AppleWebKit/537.36+(KHTML,+like+Gecko)+Chrome/71.0.3578.98+Safari/537.36 http://localhost:63040/ 304 0 0 24
2019-01-28 13:57:30 ::1 GET /Content/site.css - 63040 - ::1 Mozilla/5.0+(Windows+NT+10.0;+Win64;+x64)+AppleWebKit/537.36+(KHTML,+like+Gecko)+Chrome/71.0.3578.98+Safari/537.36 http://localhost:63040/ 304 0 0 28
2019-01-28 13:57:30 ::1 GET /Scripts/jquery-3.3.1.js - 63040 - ::1 Mozilla/5.0+(Windows+NT+10.0;+Win64;+x64)+AppleWebKit/537.36+(KHTML,+like+Gecko)+Chrome/71.0.3578.98+Safari/537.36 http://localhost:63040/ 304 0 0 34
2019-01-28 13:57:30 ::1 GET /Scripts/bootstrap.js - 63040 - ::1 Mozilla/5.0+(Windows+NT+10.0;+Win64;+x64)+AppleWebKit/537.36+(KHTML,+like+Gecko)+Chrome/71.0.3578.98+Safari/537.36 http://localhost:63040/ 304 0 0 38
2019-01-28 13:57:30 ::1 GET /Scripts/AdminMenu.js - 63040 - ::1 Mozilla/5.0+(Windows+NT+10.0;+Win64;+x64)+AppleWebKit/537.36+(KHTML,+like+Gecko)+Chrome/71.0.3578.98+Safari/537.36 http://localhost:63040/ 304 0 0 41
2019-01-28 13:57:30 ::1 GET /fonts/glyphicons-halflings-regular.woff2 - 63040 - ::1 Mozilla/5.0+(Windows+NT+10.0;+Win64;+x64)+AppleWebKit/537.36+(KHTML,+like+Gecko)+Chrome/71.0.3578.98+Safari/537.36 http://localhost:63040/Content/bootstrap.css 304 0 0 13
2019-01-28 13:58:35 ::1 GET /Admin/Section - 63040 - ::1 Mozilla/5.0+(Windows+NT+10.0;+Win64;+x64)+AppleWebKit/537.36+(KHTML,+like+Gecko)+Chrome/71.0.3578.98+Safari/537.36 http://localhost:63040/ 200 0 0 1166
2019-01-28 13:58:37 ::1 GET /Admin/Section/Edit/3 - 63040 - ::1 Mozilla/5.0+(Windows+NT+10.0;+Win64;+x64)+AppleWebKit/537.36+(KHTML,+like+Gecko)+Chrome/71.0.3578.98+Safari/537.36 http://localhost:63040/Admin/Section 200 0 0 152
2019-01-28 13:58:44 ::1 POST /Admin/Section/Edit/3 - 63040 - ::1 Mozilla/5.0+(Windows+NT+10.0;+Win64;+x64)+AppleWebKit/537.36+(KHTML,+like+Gecko)+Chrome/71.0.3578.98+Safari/537.36 http://localhost:63040/Admin/Section/Edit/3 302 0 0 75
2019-01-28 13:58:44 ::1 GET /Admin/Section - 63040 - ::1 Mozilla/5.0+(Windows+NT+10.0;+Win64;+x64)+AppleWebKit/537.36+(KHTML,+like+Gecko)+Chrome/71.0.3578.98+Safari/537.36 http://localhost:63040/Admin/Section/Edit/3 200 0 0 13
2019-01-28 13:58:46 ::1 GET /Admin/Section/Details/3 - 63040 - ::1 Mozilla/5.0+(Windows+NT+10.0;+Win64;+x64)+AppleWebKit/537.36+(KHTML,+like+Gecko)+Chrome/71.0.3578.98+Safari/537.36 http://localhost:63040/Admin/Section 200 0 0 26
2019-01-28 13:58:48 ::1 GET /Admin/Section/Edit/3 - 63040 - ::1 Mozilla/5.0+(Windows+NT+10.0;+Win64;+x64)+AppleWebKit/537.36+(KHTML,+like+Gecko)+Chrome/71.0.3578.98+Safari/537.36 http://localhost:63040/Admin/Section/Details/3 200 0 0 9
2019-01-28 13:58:53 ::1 GET / - 63040 - ::1 Mozilla/5.0+(Windows+NT+10.0;+Win64;+x64)+AppleWebKit/537.36+(KHTML,+like+Gecko)+Chrome/71.0.3578.98+Safari/537.36 http://localhost:63040/Admin/Section/Details/3 200 0 0 8
2019-01-28 13:59:04 ::1 GET /Admin/Section - 63040 - ::1 Mozilla/5.0+(Windows+NT+10.0;+Win64;+x64)+AppleWebKit/537.36+(KHTML,+like+Gecko)+Chrome/71.0.3578.98+Safari/537.36 http://localhost:63040/ 200 0 0 13
2019-01-28 13:59:05 ::1 GET /Admin/Section/Details/3 - 63040 - ::1 Mozilla/5.0+(Windows+NT+10.0;+Win64;+x64)+AppleWebKit/537.36+(KHTML,+like+Gecko)+Chrome/71.0.3578.98+Safari/537.36 http://localhost:63040/Admin/Section 200 0 0 8
2019-01-28 13:59:13 ::1 GET /Admin/Section - 63040 - ::1 Mozilla/5.0+(Windows+NT+10.0;+Win64;+x64)+AppleWebKit/537.36+(KHTML,+like+Gecko)+Chrome/71.0.3578.98+Safari/537.36 http://localhost:63040/Admin/Section/Details/3 200 0 0 19
2019-01-28 13:59:33 ::1 GET /Admin/Section - 63040 - ::1 Mozilla/5.0+(Windows+NT+10.0;+Win64;+x64)+AppleWebKit/537.36+(KHTML,+like+Gecko)+Chrome/71.0.3578.98+Safari/537.36 http://localhost:63040/Admin/Section/Details/3 200 0 0 12
2019-01-28 13:59:34 ::1 GET /Admin/Section/Details/3 - 63040 - ::1 Mozilla/5.0+(Windows+NT+10.0;+Win64;+x64)+AppleWebKit/537.36+(KHTML,+like+Gecko)+Chrome/71.0.3578.98+Safari/537.36 http://localhost:63040/Admin/Section 200 0 0 11
2019-01-28 13:59:37 ::1 GET /Admin/Section - 63040 - ::1 Mozilla/5.0+(Windows+NT+10.0;+Win64;+x64)+AppleWebKit/537.36+(KHTML,+like+Gecko)+Chrome/71.0.3578.98+Safari/537.36 http://localhost:63040/Admin/Section/Details/3 200 0 0 10
2019-01-28 14:02:41 ::1 GET /Admin/Section/Delete/3 - 63040 - ::1 Mozilla/5.0+(Windows+NT+10.0;+Win64;+x64)+AppleWebKit/537.36+(KHTML,+like+Gecko)+Chrome/71.0.3578.98+Safari/537.36 http://localhost:63040/Admin/Section 200 0 0 56
2019-01-28 14:02:43 ::1 POST /Admin/Section/Delete/3 - 63040 - ::1 Mozilla/5.0+(Windows+NT+10.0;+Win64;+x64)+AppleWebKit/537.36+(KHTML,+like+Gecko)+Chrome/71.0.3578.98+Safari/537.36 http://localhost:63040/Admin/Section/Delete/3 302 0 0 29
2019-01-28 14:02:43 ::1 GET /Admin/Section - 63040 - ::1 Mozilla/5.0+(Windows+NT+10.0;+Win64;+x64)+AppleWebKit/537.36+(KHTML,+like+Gecko)+Chrome/71.0.3578.98+Safari/537.36 http://localhost:63040/Admin/Section/Delete/3 200 0 0 18
#Software: Microsoft Internet Information Services 10.0
#Version: 1.0
#Date: 2019-01-28 14:22:44
#Fields: date time s-ip cs-method cs-uri-stem cs-uri-query s-port cs-username c-ip cs(User-Agent) cs(Referer) sc-status sc-substatus sc-win32-status time-taken
2019-01-28 14:22:44 ::1 GET /Admin/Section/Create - 63040 - ::1 Mozilla/5.0+(Windows+NT+10.0;+Win64;+x64)+AppleWebKit/537.36+(KHTML,+like+Gecko)+Chrome/71.0.3578.98+Safari/537.36 - 200 0 0 15208
2019-01-28 14:22:58 ::1 GET / - 63040 - ::1 Mozilla/5.0+(Windows+NT+10.0;+Win64;+x64)+AppleWebKit/537.36+(KHTML,+like+Gecko)+Chrome/71.0.3578.98+Safari/537.36 http://localhost:63040/Admin/Section/Create 200 0 0 691
2019-01-28 14:23:01 ::1 GET /Admin/Part - 63040 - ::1 Mozilla/5.0+(Windows+NT+10.0;+Win64;+x64)+AppleWebKit/537.36+(KHTML,+like+Gecko)+Chrome/71.0.3578.98+Safari/537.36 http://localhost:63040/ 404 0 0 19
2019-01-28 14:23:10 ::1 GET /Admin/Section - 63040 - ::1 Mozilla/5.0+(Windows+NT+10.0;+Win64;+x64)+AppleWebKit/537.36+(KHTML,+like+Gecko)+Chrome/71.0.3578.98+Safari/537.36 http://localhost:63040/ 200 0 0 2710
2019-01-28 14:23:15 ::1 GET /Admin/Section/Create - 63040 - ::1 Mozilla/5.0+(Windows+NT+10.0;+Win64;+x64)+AppleWebKit/537.36+(KHTML,+like+Gecko)+Chrome/71.0.3578.98+Safari/537.36 http://localhost:63040/Admin/Section 200 0 0 14
#Software: Microsoft Internet Information Services 10.0
#Version: 1.0
#Date: 2019-01-28 14:24:22
#Fields: date time s-ip cs-method cs-uri-stem cs-uri-query s-port cs-username c-ip cs(User-Agent) cs(Referer) sc-status sc-substatus sc-win32-status time-taken
2019-01-28 14:24:22 ::1 GET / - 63040 - ::1 Mozilla/5.0+(Windows+NT+10.0;+Win64;+x64)+AppleWebKit/537.36+(KHTML,+like+Gecko)+Chrome/71.0.3578.98+Safari/537.36 - 200 0 0 4946
2019-01-28 14:26:07 ::1 GET /Admin/Section - 63040 - ::1 Mozilla/5.0+(Windows+NT+10.0;+Win64;+x64)+AppleWebKit/537.36+(KHTML,+like+Gecko)+Chrome/71.0.3578.98+Safari/537.36 http://localhost:63040/ 200 0 0 680
2019-01-28 14:26:10 ::1 GET /Admin/Section/Create - 63040 - ::1 Mozilla/5.0+(Windows+NT+10.0;+Win64;+x64)+AppleWebKit/537.36+(KHTML,+like+Gecko)+Chrome/71.0.3578.98+Safari/537.36 http://localhost:63040/Admin/Section 200 0 0 717
2019-01-28 14:26:12 ::1 GET /Admin/Section - 63040 - ::1 Mozilla/5.0+(Windows+NT+10.0;+Win64;+x64)+AppleWebKit/537.36+(KHTML,+like+Gecko)+Chrome/71.0.3578.98+Safari/537.36 http://localhost:63040/Admin/Section/Create 200 0 0 13
#Software: Microsoft Internet Information Services 10.0
#Version: 1.0
#Date: 2019-01-28 14:28:39
#Fields: date time s-ip cs-method cs-uri-stem cs-uri-query s-port cs-username c-ip cs(User-Agent) cs(Referer) sc-status sc-substatus sc-win32-status time-taken
2019-01-28 14:28:39 ::1 GET /Admin/Section/Edit - 63040 - ::1 Mozilla/5.0+(Windows+NT+10.0;+Win64;+x64)+AppleWebKit/537.36+(KHTML,+like+Gecko)+Chrome/71.0.3578.98+Safari/537.36 - 400 0 0 4879
#Software: Microsoft Internet Information Services 10.0
#Version: 1.0
#Date: 2019-01-28 14:29:38
#Fields: date time s-ip cs-method cs-uri-stem cs-uri-query s-port cs-username c-ip cs(User-Agent) cs(Referer) sc-status sc-substatus sc-win32-status time-taken
2019-01-28 14:29:38 ::1 GET /Admin/Section/Edit - 63040 - ::1 Mozilla/5.0+(Windows+NT+10.0;+Win64;+x64)+AppleWebKit/537.36+(KHTML,+like+Gecko)+Chrome/71.0.3578.98+Safari/537.36 - 400 0 0 4007
#Software: Microsoft Internet Information Services 10.0
#Version: 1.0
#Date: 2019-01-28 14:33:01
#Fields: date time s-ip cs-method cs-uri-stem cs-uri-query s-port cs-username c-ip cs(User-Agent) cs(Referer) sc-status sc-substatus sc-win32-status time-taken
2019-01-28 14:33:01 ::1 GET /Admin/Section/Edit - 63040 - ::1 Mozilla/5.0+(Windows+NT+10.0;+Win64;+x64)+AppleWebKit/537.36+(KHTML,+like+Gecko)+Chrome/71.0.3578.98+Safari/537.36 - 400 0 0 4451
#Software: Microsoft Internet Information Services 10.0
#Version: 1.0
#Date: 2019-01-28 14:35:30
#Fields: date time s-ip cs-method cs-uri-stem cs-uri-query s-port cs-username c-ip cs(User-Agent) cs(Referer) sc-status sc-substatus sc-win32-status time-taken
2019-01-28 14:35:30 ::1 GET / - 63040 - ::1 Mozilla/5.0+(Windows+NT+10.0;+Win64;+x64)+AppleWebKit/537.36+(KHTML,+like+Gecko)+Chrome/71.0.3578.98+Safari/537.36 - 200 0 0 4436
2019-01-28 14:35:36 ::1 GET /Admin/Section - 63040 - ::1 Mozilla/5.0+(Windows+NT+10.0;+Win64;+x64)+AppleWebKit/537.36+(KHTML,+like+Gecko)+Chrome/71.0.3578.98+Safari/537.36 http://localhost:63040/ 200 0 0 717
2019-01-28 14:35:46 ::1 GET /Admin/Section/Create - 63040 - ::1 Mozilla/5.0+(Windows+NT+10.0;+Win64;+x64)+AppleWebKit/537.36+(KHTML,+like+Gecko)+Chrome/71.0.3578.98+Safari/537.36 http://localhost:63040/Admin/Section 200 0 0 114
2019-01-28 14:35:48 ::1 POST /Admin/Section/Create - 63040 - ::1 Mozilla/5.0+(Windows+NT+10.0;+Win64;+x64)+AppleWebKit/537.36+(KHTML,+like+Gecko)+Chrome/71.0.3578.98+Safari/537.36 http://localhost:63040/Admin/Section/Create 302 0 0 114
2019-01-28 14:35:48 ::1 GET /Admin/Section - 63040 - ::1 Mozilla/5.0+(Windows+NT+10.0;+Win64;+x64)+AppleWebKit/537.36+(KHTML,+like+Gecko)+Chrome/71.0.3578.98+Safari/537.36 http://localhost:63040/Admin/Section/Create 200 0 0 22
2019-01-28 14:35:50 ::1 GET /Admin/Section/Edit/4 - 63040 - ::1 Mozilla/5.0+(Windows+NT+10.0;+Win64;+x64)+AppleWebKit/537.36+(KHTML,+like+Gecko)+Chrome/71.0.3578.98+Safari/537.36 http://localhost:63040/Admin/Section 200 0 0 750
2019-01-28 14:36:27 ::1 POST /Admin/Section/Edit/4 - 63040 - ::1 Mozilla/5.0+(Windows+NT+10.0;+Win64;+x64)+AppleWebKit/537.36+(KHTML,+like+Gecko)+Chrome/71.0.3578.98+Safari/537.36 http://localhost:63040/Admin/Section/Edit/4 302 0 0 26
2019-01-28 14:36:27 ::1 GET /Admin/Section - 63040 - ::1 Mozilla/5.0+(Windows+NT+10.0;+Win64;+x64)+AppleWebKit/537.36+(KHTML,+like+Gecko)+Chrome/71.0.3578.98+Safari/537.36 http://localhost:63040/Admin/Section/Edit/4 200 0 0 18
#Software: Microsoft Internet Information Services 10.0
#Version: 1.0
#Date: 2019-01-28 14:47:56
#Fields: date time s-ip cs-method cs-uri-stem cs-uri-query s-port cs-username c-ip cs(User-Agent) cs(Referer) sc-status sc-substatus sc-win32-status time-taken
2019-01-28 14:47:56 ::1 GET /Admin/Section/Details - 63040 - ::1 Mozilla/5.0+(Windows+NT+10.0;+Win64;+x64)+AppleWebKit/537.36+(KHTML,+like+Gecko)+Chrome/71.0.3578.98+Safari/537.36 - 400 0 0 3786
#Software: Microsoft Internet Information Services 10.0
#Version: 1.0
#Date: 2019-01-28 14:48:22
#Fields: date time s-ip cs-method cs-uri-stem cs-uri-query s-port cs-username c-ip cs(User-Agent) cs(Referer) sc-status sc-substatus sc-win32-status time-taken
2019-01-28 14:48:22 ::1 GET /Admin/Section/Index - 63040 - ::1 Mozilla/5.0+(Windows+NT+10.0;+Win64;+x64)+AppleWebKit/537.36+(KHTML,+like+Gecko)+Chrome/71.0.3578.98+Safari/537.36 - 200 0 0 6909
2019-01-28 14:48:29 ::1 GET /Admin/Section/Admin/Section - 63040 - ::1 Mozilla/5.0+(Windows+NT+10.0;+Win64;+x64)+AppleWebKit/537.36+(KHTML,+like+Gecko)+Chrome/71.0.3578.98+Safari/537.36 http://localhost:63040/Admin/Section/Index 404 0 0 23
2019-01-28 14:48:34 ::1 GET / - 63040 - ::1 Mozilla/5.0+(Windows+NT+10.0;+Win64;+x64)+AppleWebKit/537.36+(KHTML,+like+Gecko)+Chrome/71.0.3578.98+Safari/537.36 http://localhost:63040/Admin/Section/Index 200 0 0 52
2019-01-28 14:48:37 ::1 GET /Admin/Section - 63040 - ::1 Mozilla/5.0+(Windows+NT+10.0;+Win64;+x64)+AppleWebKit/537.36+(KHTML,+like+Gecko)+Chrome/71.0.3578.98+Safari/537.36 http://localhost:63040/ 200 0 0 12
2019-01-28 14:48:40 ::1 GET /Admin/Section/Details/4 - 63040 - ::1 Mozilla/5.0+(Windows+NT+10.0;+Win64;+x64)+AppleWebKit/537.36+(KHTML,+like+Gecko)+Chrome/71.0.3578.98+Safari/537.36 http://localhost:63040/Admin/Section 200 0 0 79
2019-01-28 14:48:56 ::1 GET /Admin/Section/Edit/4 - 63040 - ::1 Mozilla/5.0+(Windows+NT+10.0;+Win64;+x64)+AppleWebKit/537.36+(KHTML,+like+Gecko)+Chrome/71.0.3578.98+Safari/537.36 http://localhost:63040/Admin/Section/Details/4 200 0 0 99
#Software: Microsoft Internet Information Services 10.0
#Version: 1.0
#Date: 2019-01-28 14:58:49
#Fields: date time s-ip cs-method cs-uri-stem cs-uri-query s-port cs-username c-ip cs(User-Agent) cs(Referer) sc-status sc-substatus sc-win32-status time-taken
2019-01-28 14:58:49 ::1 GET / - 63040 - ::1 Mozilla/5.0+(Windows+NT+10.0;+Win64;+x64)+AppleWebKit/537.36+(KHTML,+like+Gecko)+Chrome/71.0.3578.98+Safari/537.36 - 200 0 0 13475
2019-01-28 14:58:59 ::1 GET /Admin/Section - 63040 - ::1 Mozilla/5.0+(Windows+NT+10.0;+Win64;+x64)+AppleWebKit/537.36+(KHTML,+like+Gecko)+Chrome/71.0.3578.98+Safari/537.36 http://localhost:63040/ 200 0 0 2164
#Software: Microsoft Internet Information Services 10.0
#Version: 1.0
#Date: 2019-01-28 15:01:41
#Fields: date time s-ip cs-method cs-uri-stem cs-uri-query s-port cs-username c-ip cs(User-Agent) cs(Referer) sc-status sc-substatus sc-win32-status time-taken
2019-01-28 15:01:41 ::1 GET /Admin/Section/Details - 63040 - ::1 Mozilla/5.0+(Windows+NT+10.0;+Win64;+x64)+AppleWebKit/537.36+(KHTML,+like+Gecko)+Chrome/71.0.3578.98+Safari/537.36 - 400 0 0 3561
#Software: Microsoft Internet Information Services 10.0
#Version: 1.0
#Date: 2019-01-28 15:02:44
#Fields: date time s-ip cs-method cs-uri-stem cs-uri-query s-port cs-username c-ip cs(User-Agent) cs(Referer) sc-status sc-substatus sc-win32-status time-taken
2019-01-28 15:02:44 ::1 GET /Admin/Section/Create - 63040 - ::1 Mozilla/5.0+(Windows+NT+10.0;+Win64;+x64)+AppleWebKit/537.36+(KHTML,+like+Gecko)+Chrome/71.0.3578.98+Safari/537.36 - 200 0 0 5453
2019-01-28 15:02:52 ::1 GET /Admin/Section/Admin/Section - 63040 - ::1 Mozilla/5.0+(Windows+NT+10.0;+Win64;+x64)+AppleWebKit/537.36+(KHTML,+like+Gecko)+Chrome/71.0.3578.98+Safari/537.36 http://localhost:63040/Admin/Section/Create 404 0 0 21
2019-01-28 15:02:59 ::1 GET / - 63040 - ::1 Mozilla/5.0+(Windows+NT+10.0;+Win64;+x64)+AppleWebKit/537.36+(KHTML,+like+Gecko)+Chrome/71.0.3578.98+Safari/537.36 http://localhost:63040/Admin/Section/Create 200 0 0 61
2019-01-28 15:03:01 ::1 GET /Admin/Section - 63040 - ::1 Mozilla/5.0+(Windows+NT+10.0;+Win64;+x64)+AppleWebKit/537.36+(KHTML,+like+Gecko)+Chrome/71.0.3578.98+Safari/537.36 http://localhost:63040/ 200 0 0 561
2019-01-28 15:03:22 ::1 GET /Admin/Section/Details/4 - 63040 - ::1 Mozilla/5.0+(Windows+NT+10.0;+Win64;+x64)+AppleWebKit/537.36+(KHTML,+like+Gecko)+Chrome/71.0.3578.98+Safari/537.36 http://localhost:63040/Admin/Section 200 0 0 648
2019-01-28 15:03:33 ::1 GET /Admin/Section/Edit/4 - 63040 - ::1 Mozilla/5.0+(Windows+NT+10.0;+Win64;+x64)+AppleWebKit/537.36+(KHTML,+like+Gecko)+Chrome/71.0.3578.98+Safari/537.36 http://localhost:63040/Admin/Section/Details/4 200 0 0 38
2019-01-28 15:03:34 ::1 GET /Admin/Section - 63040 - ::1 Mozilla/5.0+(Windows+NT+10.0;+Win64;+x64)+AppleWebKit/537.36+(KHTML,+like+Gecko)+Chrome/71.0.3578.98+Safari/537.36 http://localhost:63040/Admin/Section/Edit/4 200 0 0 26
2019-01-28 15:03:37 ::1 GET /Admin/Section/Edit/4 - 63040 - ::1 Mozilla/5.0+(Windows+NT+10.0;+Win64;+x64)+AppleWebKit/537.36+(KHTML,+like+Gecko)+Chrome/71.0.3578.98+Safari/537.36 http://localhost:63040/Admin/Section 200 0 0 15
2019-01-28 15:03:44 ::1 GET /Admin/Section/Details/4 - 63040 - ::1 Mozilla/5.0+(Windows+NT+10.0;+Win64;+x64)+AppleWebKit/537.36+(KHTML,+like+Gecko)+Chrome/71.0.3578.98+Safari/537.36 http://localhost:63040/Admin/Section 200 0 0 16
2019-01-28 15:03:46 ::1 GET /Admin/Section/Edit/4 - 63040 - ::1 Mozilla/5.0+(Windows+NT+10.0;+Win64;+x64)+AppleWebKit/537.36+(KHTML,+like+Gecko)+Chrome/71.0.3578.98+Safari/537.36 http://localhost:63040/Admin/Section/Details/4 200 0 0 18
#Software: Microsoft Internet Information Services 10.0
#Version: 1.0
#Date: 2019-01-28 15:06:31
#Fields: date time s-ip cs-method cs-uri-stem cs-uri-query s-port cs-username c-ip cs(User-Agent) cs(Referer) sc-status sc-substatus sc-win32-status time-taken
2019-01-28 15:06:31 ::1 GET /Admin/Section/Create - 63040 - ::1 Mozilla/5.0+(Windows+NT+10.0;+Win64;+x64)+AppleWebKit/537.36+(KHTML,+like+Gecko)+Chrome/71.0.3578.98+Safari/537.36 - 200 0 0 5095
2019-01-28 15:06:53 ::1 POST /Admin/Section/Create - 63040 - ::1 Mozilla/5.0+(Windows+NT+10.0;+Win64;+x64)+AppleWebKit/537.36+(KHTML,+like+Gecko)+Chrome/71.0.3578.98+Safari/537.36 http://localhost:63040/Admin/Section/Create 302 0 0 660
2019-01-28 15:06:53 ::1 GET /Admin/Section - 63040 - ::1 Mozilla/5.0+(Windows+NT+10.0;+Win64;+x64)+AppleWebKit/537.36+(KHTML,+like+Gecko)+Chrome/71.0.3578.98+Safari/537.36 http://localhost:63040/Admin/Section/Create 200 0 0 71
2019-01-28 15:06:56 ::1 GET /Admin/Section/Delete/4 - 63040 - ::1 Mozilla/5.0+(Windows+NT+10.0;+Win64;+x64)+AppleWebKit/537.36+(KHTML,+like+Gecko)+Chrome/71.0.3578.98+Safari/537.36 http://localhost:63040/Admin/Section 200 0 0 870
2019-01-28 15:07:11 ::1 POST /Admin/Section/Delete/4 - 63040 - ::1 Mozilla/5.0+(Windows+NT+10.0;+Win64;+x64)+AppleWebKit/537.36+(KHTML,+like+Gecko)+Chrome/71.0.3578.98+Safari/537.36 http://localhost:63040/Admin/Section/Delete/4 302 0 0 23
2019-01-28 15:07:11 ::1 GET /Admin/Section - 63040 - ::1 Mozilla/5.0+(Windows+NT+10.0;+Win64;+x64)+AppleWebKit/537.36+(KHTML,+like+Gecko)+Chrome/71.0.3578.98+Safari/537.36 http://localhost:63040/Admin/Section/Delete/4 200 0 0 17
2019-01-28 15:07:22 ::1 GET /Admin/Section/Details/5 - 63040 - ::1 Mozilla/5.0+(Windows+NT+10.0;+Win64;+x64)+AppleWebKit/537.36+(KHTML,+like+Gecko)+Chrome/71.0.3578.98+Safari/537.36 http://localhost:63040/Admin/Section 200 0 0 32
2019-01-28 15:07:26 ::1 GET /Admin/Section - 63040 - ::1 Mozilla/5.0+(Windows+NT+10.0;+Win64;+x64)+AppleWebKit/537.36+(KHTML,+like+Gecko)+Chrome/71.0.3578.98+Safari/537.36 http://localhost:63040/Admin/Section/Details/5 200 0 0 7
2019-01-28 15:07:29 ::1 GET /Admin/Section/Create - 63040 - ::1 Mozilla/5.0+(Windows+NT+10.0;+Win64;+x64)+AppleWebKit/537.36+(KHTML,+like+Gecko)+Chrome/71.0.3578.98+Safari/537.36 http://localhost:63040/Admin/Section 200 0 0 15
2019-01-28 15:07:31 ::1 POST /Admin/Section/Create - 63040 - ::1 Mozilla/5.0+(Windows+NT+10.0;+Win64;+x64)+AppleWebKit/537.36+(KHTML,+like+Gecko)+Chrome/71.0.3578.98+Safari/537.36 http://localhost:63040/Admin/Section/Create 302 0 0 18
2019-01-28 15:07:31 ::1 GET /Admin/Section - 63040 - ::1 Mozilla/5.0+(Windows+NT+10.0;+Win64;+x64)+AppleWebKit/537.36+(KHTML,+like+Gecko)+Chrome/71.0.3578.98+Safari/537.36 http://localhost:63040/Admin/Section/Create 200 0 0 12
2019-01-28 15:07:35 ::1 GET /Admin/Section/Delete/6 - 63040 - ::1 Mozilla/5.0+(Windows+NT+10.0;+Win64;+x64)+AppleWebKit/537.36+(KHTML,+like+Gecko)+Chrome/71.0.3578.98+Safari/537.36 http://localhost:63040/Admin/Section 200 0 0 15
2019-01-28 15:07:35 ::1 POST /Admin/Section/Delete/6 - 63040 - ::1 Mozilla/5.0+(Windows+NT+10.0;+Win64;+x64)+AppleWebKit/537.36+(KHTML,+like+Gecko)+Chrome/71.0.3578.98+Safari/537.36 http://localhost:63040/Admin/Section/Delete/6 302 0 0 13
2019-01-28 15:07:35 ::1 GET /Admin/Section - 63040 - ::1 Mozilla/5.0+(Windows+NT+10.0;+Win64;+x64)+AppleWebKit/537.36+(KHTML,+like+Gecko)+Chrome/71.0.3578.98+Safari/537.36 http://localhost:63040/Admin/Section/Delete/6 200 0 0 8
#Software: Microsoft Internet Information Services 10.0
#Version: 1.0
#Date: 2019-01-28 15:19:47
#Fields: date time s-ip cs-method cs-uri-stem cs-uri-query s-port cs-username c-ip cs(User-Agent) cs(Referer) sc-status sc-substatus sc-win32-status time-taken
2019-01-28 15:19:47 ::1 GET /Admin/Section/Index - 63040 - ::1 Mozilla/5.0+(Windows+NT+10.0;+Win64;+x64)+AppleWebKit/537.36+(KHTML,+like+Gecko)+Chrome/71.0.3578.98+Safari/537.36 - 200 0 0 10600
2019-01-28 15:19:55 ::1 GET / - 63040 - ::1 Mozilla/5.0+(Windows+NT+10.0;+Win64;+x64)+AppleWebKit/537.36+(KHTML,+like+Gecko)+Chrome/71.0.3578.98+Safari/537.36 http://localhost:63040/Admin/Section/Index 200 0 0 757
2019-01-28 15:19:56 ::1 GET / - 63040 - ::1 Mozilla/5.0+(Windows+NT+10.0;+Win64;+x64)+AppleWebKit/537.36+(KHTML,+like+Gecko)+Chrome/71.0.3578.98+Safari/537.36 http://localhost:63040/ 200 0 0 4
2019-01-28 15:20:00 ::1 GET /Admin/Section - 63040 - ::1 Mozilla/5.0+(Windows+NT+10.0;+Win64;+x64)+AppleWebKit/537.36+(KHTML,+like+Gecko)+Chrome/71.0.3578.98+Safari/537.36 http://localhost:63040/ 200 0 0 35
#Software: Microsoft Internet Information Services 10.0
#Version: 1.0
#Date: 2019-01-28 16:55:44
#Fields: date time s-ip cs-method cs-uri-stem cs-uri-query s-port cs-username c-ip cs(User-Agent) cs(Referer) sc-status sc-substatus sc-win32-status time-taken
2019-01-28 16:55:44 ::1 GET / - 63040 - ::1 Mozilla/5.0+(Windows+NT+10.0;+Win64;+x64)+AppleWebKit/537.36+(KHTML,+like+Gecko)+Chrome/71.0.3578.98+Safari/537.36 - 200 0 0 15245
2019-01-28 16:55:51 ::1 GET /Admin/Section - 63040 - ::1 Mozilla/5.0+(Windows+NT+10.0;+Win64;+x64)+AppleWebKit/537.36+(KHTML,+like+Gecko)+Chrome/71.0.3578.98+Safari/537.36 http://localhost:63040/ 200 0 0 2603
#Software: Microsoft Internet Information Services 10.0
#Version: 1.0
#Date: 2019-01-28 17:19:06
#Fields: date time s-ip cs-method cs-uri-stem cs-uri-query s-port cs-username c-ip cs(User-Agent) cs(Referer) sc-status sc-substatus sc-win32-status time-taken
2019-01-28 17:19:06 ::1 GET /Admin/Parts/Delete - 63040 - ::1 Mozilla/5.0+(Windows+NT+10.0;+Win64;+x64)+AppleWebKit/537.36+(KHTML,+like+Gecko)+Chrome/71.0.3578.98+Safari/537.36 - 400 0 0 11066
#Software: Microsoft Internet Information Services 10.0
#Version: 1.0
#Date: 2019-01-28 17:19:31
#Fields: date time s-ip cs-method cs-uri-stem cs-uri-query s-port cs-username c-ip cs(User-Agent) cs(Referer) sc-status sc-substatus sc-win32-status time-taken
2019-01-28 17:19:31 ::1 GET /Admin/Section/Create - 63040 - ::1 Mozilla/5.0+(Windows+NT+10.0;+Win64;+x64)+AppleWebKit/537.36+(KHTML,+like+Gecko)+Chrome/71.0.3578.98+Safari/537.36 - 200 0 0 9569
2019-01-28 17:19:35 ::1 GET /Admin/Section/Admin/Part - 63040 - ::1 Mozilla/5.0+(Windows+NT+10.0;+Win64;+x64)+AppleWebKit/537.36+(KHTML,+like+Gecko)+Chrome/71.0.3578.98+Safari/537.36 http://localhost:63040/Admin/Section/Create 404 0 0 19
#Software: Microsoft Internet Information Services 10.0
#Version: 1.0
#Date: 2019-01-28 17:21:38
#Fields: date time s-ip cs-method cs-uri-stem cs-uri-query s-port cs-username c-ip cs(User-Agent) cs(Referer) sc-status sc-substatus sc-win32-status time-taken
2019-01-28 17:21:38 ::1 GET / - 63040 - ::1 Mozilla/5.0+(Windows+NT+10.0;+Win64;+x64)+AppleWebKit/537.36+(KHTML,+like+Gecko)+Chrome/71.0.3578.98+Safari/537.36 - 200 0 0 8999
2019-01-28 17:21:41 ::1 GET /Admin/Part - 63040 - ::1 Mozilla/5.0+(Windows+NT+10.0;+Win64;+x64)+AppleWebKit/537.36+(KHTML,+like+Gecko)+Chrome/71.0.3578.98+Safari/537.36 http://localhost:63040/ 500 0 0 1224
#Software: Microsoft Internet Information Services 10.0
#Version: 1.0
#Date: 2019-01-28 17:26:59
#Fields: date time s-ip cs-method cs-uri-stem cs-uri-query s-port cs-username c-ip cs(User-Agent) cs(Referer) sc-status sc-substatus sc-win32-status time-taken
2019-01-28 17:26:59 ::1 GET /Admin/Part/Edit - 63040 - ::1 Mozilla/5.0+(Windows+NT+10.0;+Win64;+x64)+AppleWebKit/537.36+(KHTML,+like+Gecko)+Chrome/71.0.3578.98+Safari/537.36 - 500 0 0 6341
#Software: Microsoft Internet Information Services 10.0
#Version: 1.0
#Date: 2019-01-28 17:27:44
#Fields: date time s-ip cs-method cs-uri-stem cs-uri-query s-port cs-username c-ip cs(User-Agent) cs(Referer) sc-status sc-substatus sc-win32-status time-taken
2019-01-28 17:27:44 ::1 GET / - 63040 - ::1 Mozilla/5.0+(Windows+NT+10.0;+Win64;+x64)+AppleWebKit/537.36+(KHTML,+like+Gecko)+Chrome/71.0.3578.98+Safari/537.36 - 200 0 0 8227
2019-01-28 17:27:48 ::1 GET /Admin/Part - 63040 - ::1 Mozilla/5.0+(Windows+NT+10.0;+Win64;+x64)+AppleWebKit/537.36+(KHTML,+like+Gecko)+Chrome/71.0.3578.98+Safari/537.36 http://localhost:63040/ 200 0 0 2097
#Software: Microsoft Internet Information Services 10.0
#Version: 1.0
#Date: 2019-01-28 17:35:21
#Fields: date time s-ip cs-method cs-uri-stem cs-uri-query s-port cs-username c-ip cs(User-Agent) cs(Referer) sc-status sc-substatus sc-win32-status time-taken
2019-01-28 17:35:21 ::1 GET /Admin/ItemType/Index - 63040 - ::1 Mozilla/5.0+(Windows+NT+10.0;+Win64;+x64)+AppleWebKit/537.36+(KHTML,+like+Gecko)+Chrome/71.0.3578.98+Safari/537.36 - 200 0 0 9545
#Software: Microsoft Internet Information Services 10.0
#Version: 1.0
#Date: 2019-01-28 17:40:03
#Fields: date time s-ip cs-method cs-uri-stem cs-uri-query s-port cs-username c-ip cs(User-Agent) cs(Referer) sc-status sc-substatus sc-win32-status time-taken
2019-01-28 17:40:03 ::1 GET /Admin/ProductType/Index - 63040 - ::1 Mozilla/5.0+(Windows+NT+10.0;+Win64;+x64)+AppleWebKit/537.36+(KHTML,+like+Gecko)+Chrome/71.0.3578.98+Safari/537.36 - 200 0 0 10093
2019-01-28 17:47:49 ::1 GET /Admin/ProductType/Admin/ItemType - 63040 - ::1 Mozilla/5.0+(Windows+NT+10.0;+Win64;+x64)+AppleWebKit/537.36+(KHTML,+like+Gecko)+Chrome/71.0.3578.98+Safari/537.36 http://localhost:63040/Admin/ProductType/Index 404 0 0 21
2019-01-28 17:47:53 ::1 GET /Admin/ProductType/Admin/ItemType - 63040 - ::1 Mozilla/5.0+(Windows+NT+10.0;+Win64;+x64)+AppleWebKit/537.36+(KHTML,+like+Gecko)+Chrome/71.0.3578.98+Safari/537.36 http://localhost:63040/Admin/ProductType/Index 404 0 0 6
#Software: Microsoft Internet Information Services 10.0
#Version: 1.0
#Date: 2019-01-28 17:48:48
#Fields: date time s-ip cs-method cs-uri-stem cs-uri-query s-port cs-username c-ip cs(User-Agent) cs(Referer) sc-status sc-substatus sc-win32-status time-taken
2019-01-28 17:48:48 ::1 GET / - 63040 - ::1 Mozilla/5.0+(Windows+NT+10.0;+Win64;+x64)+AppleWebKit/537.36+(KHTML,+like+Gecko)+Chrome/71.0.3578.98+Safari/537.36 - 200 0 0 7586
2019-01-28 17:48:54 ::1 GET /Admin/ItemType - 63040 - ::1 Mozilla/5.0+(Windows+NT+10.0;+Win64;+x64)+AppleWebKit/537.36+(KHTML,+like+Gecko)+Chrome/71.0.3578.98+Safari/537.36 http://localhost:63040/ 200 0 0 1777
#Software: Microsoft Internet Information Services 10.0
#Version: 1.0
#Date: 2019-01-28 17:49:39
#Fields: date time s-ip cs-method cs-uri-stem cs-uri-query s-port cs-username c-ip cs(User-Agent) cs(Referer) sc-status sc-substatus sc-win32-status time-taken
2019-01-28 17:49:39 ::1 GET /Admin/ProductType/Index - 63040 - ::1 Mozilla/5.0+(Windows+NT+10.0;+Win64;+x64)+AppleWebKit/537.36+(KHTML,+like+Gecko)+Chrome/71.0.3578.98+Safari/537.36 - 200 0 0 5945
#Software: Microsoft Internet Information Services 10.0
#Version: 1.0
#Date: 2019-01-28 17:53:24
#Fields: date time s-ip cs-method cs-uri-stem cs-uri-query s-port cs-username c-ip cs(User-Agent) cs(Referer) sc-status sc-substatus sc-win32-status time-taken
2019-01-28 17:53:24 ::1 GET / - 63040 - ::1 Mozilla/5.0+(Windows+NT+10.0;+Win64;+x64)+AppleWebKit/537.36+(KHTML,+like+Gecko)+Chrome/71.0.3578.98+Safari/537.36 - 200 0 0 8587
2019-01-28 17:53:30 ::1 GET /Admin/ProductLinkText - 63040 - ::1 Mozilla/5.0+(Windows+NT+10.0;+Win64;+x64)+AppleWebKit/537.36+(KHTML,+like+Gecko)+Chrome/71.0.3578.98+Safari/537.36 http://localhost:63040/ 200 0 0 2129
#Software: Microsoft Internet Information Services 10.0
#Version: 1.0
#Date: 2019-01-28 21:08:40
#Fields: date time s-ip cs-method cs-uri-stem cs-uri-query s-port cs-username c-ip cs(User-Agent) cs(Referer) sc-status sc-substatus sc-win32-status time-taken
2019-01-28 21:08:40 ::1 GET /Admin/Item/Create - 63040 - ::1 Mozilla/5.0+(Windows+NT+10.0;+Win64;+x64)+AppleWebKit/537.36+(KHTML,+like+Gecko)+Chrome/71.0.3578.98+Safari/537.36 - 200 0 0 17196
2019-01-28 21:08:40 ::1 GET /Scripts/AdminMenu.js - 63040 - ::1 Mozilla/5.0+(Windows+NT+10.0;+Win64;+x64)+AppleWebKit/537.36+(KHTML,+like+Gecko)+Chrome/71.0.3578.98+Safari/537.36 http://localhost:63040/Admin/Item/Create 304 0 0 7
#Software: Microsoft Internet Information Services 10.0
#Version: 1.0
#Date: 2019-01-28 21:21:09
#Fields: date time s-ip cs-method cs-uri-stem cs-uri-query s-port cs-username c-ip cs(User-Agent) cs(Referer) sc-status sc-substatus sc-win32-status time-taken
2019-01-28 21:21:09 ::1 GET /Admin/Item/Edit - 63040 - ::1 Mozilla/5.0+(Windows+NT+10.0;+Win64;+x64)+AppleWebKit/537.36+(KHTML,+like+Gecko)+Chrome/71.0.3578.98+Safari/537.36 - 400 0 0 5649
#Software: Microsoft Internet Information Services 10.0
#Version: 1.0
#Date: 2019-01-28 21:21:29
#Fields: date time s-ip cs-method cs-uri-stem cs-uri-query s-port cs-username c-ip cs(User-Agent) cs(Referer) sc-status sc-substatus sc-win32-status time-taken
2019-01-28 21:21:29 ::1 GET / - 63040 - ::1 Mozilla/5.0+(Windows+NT+10.0;+Win64;+x64)+AppleWebKit/537.36+(KHTML,+like+Gecko)+Chrome/71.0.3578.98+Safari/537.36 - 200 0 0 7206
2019-01-28 21:21:52 ::1 GET /Admin/Item - 63040 - ::1 Mozilla/5.0+(Windows+NT+10.0;+Win64;+x64)+AppleWebKit/537.36+(KHTML,+like+Gecko)+Chrome/71.0.3578.98+Safari/537.36 http://localhost:63040/ 200 0 0 2164
2019-01-28 21:21:59 ::1 GET /Admin/Item/Create - 63040 - ::1 Mozilla/5.0+(Windows+NT+10.0;+Win64;+x64)+AppleWebKit/537.36+(KHTML,+like+Gecko)+Chrome/71.0.3578.98+Safari/537.36 http://localhost:63040/Admin/Item 200 0 0 174
2019-01-28 21:22:04 ::1 GET /Admin/Item - 63040 - ::1 Mozilla/5.0+(Windows+NT+10.0;+Win64;+x64)+AppleWebKit/537.36+(KHTML,+like+Gecko)+Chrome/71.0.3578.98+Safari/537.36 http://localhost:63040/Admin/Item/Create 200 0 0 12
2019-01-28 21:22:11 ::1 GET /Admin/Item/Create - 63040 - ::1 Mozilla/5.0+(Windows+NT+10.0;+Win64;+x64)+AppleWebKit/537.36+(KHTML,+like+Gecko)+Chrome/71.0.3578.98+Safari/537.36 http://localhost:63040/Admin/Item 200 0 0 17
2019-01-28 21:22:37 ::1 POST /Admin/Item/Create - 63040 - ::1 Mozilla/5.0+(Windows+NT+10.0;+Win64;+x64)+AppleWebKit/537.36+(KHTML,+like+Gecko)+Chrome/71.0.3578.98+Safari/537.36 http://localhost:63040/Admin/Item/Create 302 0 0 142
2019-01-28 21:22:37 ::1 GET /Admin/Item - 63040 - ::1 Mozilla/5.0+(Windows+NT+10.0;+Win64;+x64)+AppleWebKit/537.36+(KHTML,+like+Gecko)+Chrome/71.0.3578.98+Safari/537.36 http://localhost:63040/Admin/Item/Create 200 0 0 61
2019-01-28 21:22:39 ::1 GET /Admin/Item/Edit/1 - 63040 - ::1 Mozilla/5.0+(Windows+NT+10.0;+Win64;+x64)+AppleWebKit/537.36+(KHTML,+like+Gecko)+Chrome/71.0.3578.98+Safari/537.36 http://localhost:63040/Admin/Item 200 0 0 83
#Software: Microsoft Internet Information Services 10.0
#Version: 1.0
#Date: 2019-01-28 22:49:11
#Fields: date time s-ip cs-method cs-uri-stem cs-uri-query s-port cs-username c-ip cs(User-Agent) cs(Referer) sc-status sc-substatus sc-win32-status time-taken
2019-01-28 22:49:11 ::1 GET /Admin/Product/Index - 63040 - ::1 Mozilla/5.0+(Windows+NT+10.0;+Win64;+x64)+AppleWebKit/537.36+(KHTML,+like+Gecko)+Chrome/71.0.3578.98+Safari/537.36 - 500 0 0 15065
#Software: Microsoft Internet Information Services 10.0
#Version: 1.0
#Date: 2019-01-28 22:50:13
#Fields: date time s-ip cs-method cs-uri-stem cs-uri-query s-port cs-username c-ip cs(User-Agent) cs(Referer) sc-status sc-substatus sc-win32-status time-taken
2019-01-28 22:50:13 ::1 GET /Admin/Product/Create - 63040 - ::1 Mozilla/5.0+(Windows+NT+10.0;+Win64;+x64)+AppleWebKit/537.36+(KHTML,+like+Gecko)+Chrome/71.0.3578.98+Safari/537.36 - 500 0 0 5447
#Software: Microsoft Internet Information Services 10.0
#Version: 1.0
#Date: 2019-01-28 22:51:41
#Fields: date time s-ip cs-method cs-uri-stem cs-uri-query s-port cs-username c-ip cs(User-Agent) cs(Referer) sc-status sc-substatus sc-win32-status time-taken
2019-01-28 22:51:41 ::1 GET /Admin/Product/Create - 63040 - ::1 Mozilla/5.0+(Windows+NT+10.0;+Win64;+x64)+AppleWebKit/537.36+(KHTML,+like+Gecko)+Chrome/71.0.3578.98+Safari/537.36 - 500 0 0 5453
