#Software: Microsoft Internet Information Services 10.0
#Version: 1.0
#Date: 2019-01-29 16:08:11
#Fields: date time s-ip cs-method cs-uri-stem cs-uri-query s-port cs-username c-ip cs(User-Agent) cs(Referer) sc-status sc-substatus sc-win32-status time-taken
2019-01-29 16:08:11 ::1 GET /Admin/Product/Index - 63040 - ::1 Mozilla/5.0+(Windows+NT+10.0;+Win64;+x64)+AppleWebKit/537.36+(KHTML,+like+Gecko)+Chrome/71.0.3578.98+Safari/537.36 - 404 0 0 11302
#Software: Microsoft Internet Information Services 10.0
#Version: 1.0
#Date: 2019-01-29 16:16:35
#Fields: date time s-ip cs-method cs-uri-stem cs-uri-query s-port cs-username c-ip cs(User-Agent) cs(Referer) sc-status sc-substatus sc-win32-status time-taken
2019-01-29 16:16:35 ::1 GET /Admin/Product/Index - 63040 - ::1 Mozilla/5.0+(Windows+NT+10.0;+Win64;+x64)+AppleWebKit/537.36+(KHTML,+like+Gecko)+Chrome/71.0.3578.98+Safari/537.36 - 404 0 0 3521
#Software: Microsoft Internet Information Services 10.0
#Version: 1.0
#Date: 2019-01-29 16:17:38
#Fields: date time s-ip cs-method cs-uri-stem cs-uri-query s-port cs-username c-ip cs(User-Agent) cs(Referer) sc-status sc-substatus sc-win32-status time-taken
2019-01-29 16:17:38 ::1 GET /Admin/Item/Delete - 63040 - ::1 Mozilla/5.0+(Windows+NT+10.0;+Win64;+x64)+AppleWebKit/537.36+(KHTML,+like+Gecko)+Chrome/71.0.3578.98+Safari/537.36 - 400 0 0 4693
2019-01-29 16:17:54 ::1 GET /Admin/ - 63040 - ::1 Mozilla/5.0+(Windows+NT+10.0;+Win64;+x64)+AppleWebKit/537.36+(KHTML,+like+Gecko)+Chrome/71.0.3578.98+Safari/537.36 - 404 0 0 50
2019-01-29 16:18:00 ::1 GET / - 63040 - ::1 Mozilla/5.0+(Windows+NT+10.0;+Win64;+x64)+AppleWebKit/537.36+(KHTML,+like+Gecko)+Chrome/71.0.3578.98+Safari/537.36 - 200 0 0 2998
2019-01-29 16:18:00 ::1 GET /Content/bootstrap.css - 63040 - ::1 Mozilla/5.0+(Windows+NT+10.0;+Win64;+x64)+AppleWebKit/537.36+(KHTML,+like+Gecko)+Chrome/71.0.3578.98+Safari/537.36 http://localhost:63040/ 304 0 0 30
2019-01-29 16:18:00 ::1 GET /Content/site.css - 63040 - ::1 Mozilla/5.0+(Windows+NT+10.0;+Win64;+x64)+AppleWebKit/537.36+(KHTML,+like+Gecko)+Chrome/71.0.3578.98+Safari/537.36 http://localhost:63040/ 304 0 0 30
2019-01-29 16:18:00 ::1 GET /Scripts/modernizr-2.8.3.js - 63040 - ::1 Mozilla/5.0+(Windows+NT+10.0;+Win64;+x64)+AppleWebKit/537.36+(KHTML,+like+Gecko)+Chrome/71.0.3578.98+Safari/537.36 http://localhost:63040/ 304 0 0 31
2019-01-29 16:18:00 ::1 GET /Scripts/jquery-3.3.1.js - 63040 - ::1 Mozilla/5.0+(Windows+NT+10.0;+Win64;+x64)+AppleWebKit/537.36+(KHTML,+like+Gecko)+Chrome/71.0.3578.98+Safari/537.36 http://localhost:63040/ 304 0 0 37
2019-01-29 16:18:00 ::1 GET /Scripts/AdminMenu.js - 63040 - ::1 Mozilla/5.0+(Windows+NT+10.0;+Win64;+x64)+AppleWebKit/537.36+(KHTML,+like+Gecko)+Chrome/71.0.3578.98+Safari/537.36 http://localhost:63040/ 304 0 0 48
2019-01-29 16:18:00 ::1 GET /Scripts/bootstrap.js - 63040 - ::1 Mozilla/5.0+(Windows+NT+10.0;+Win64;+x64)+AppleWebKit/537.36+(KHTML,+like+Gecko)+Chrome/71.0.3578.98+Safari/537.36 http://localhost:63040/ 304 0 0 48
2019-01-29 16:18:00 ::1 GET /fonts/glyphicons-halflings-regular.woff2 - 63040 - ::1 Mozilla/5.0+(Windows+NT+10.0;+Win64;+x64)+AppleWebKit/537.36+(KHTML,+like+Gecko)+Chrome/71.0.3578.98+Safari/537.36 http://localhost:63040/Content/bootstrap.css 304 0 0 13
2019-01-29 16:18:08 ::1 GET /Admin/Product - 63040 - ::1 Mozilla/5.0+(Windows+NT+10.0;+Win64;+x64)+AppleWebKit/537.36+(KHTML,+like+Gecko)+Chrome/71.0.3578.98+Safari/537.36 http://localhost:63040/ 404 0 0 7
#Software: Microsoft Internet Information Services 10.0
#Version: 1.0
#Date: 2019-01-29 16:20:59
#Fields: date time s-ip cs-method cs-uri-stem cs-uri-query s-port cs-username c-ip cs(User-Agent) cs(Referer) sc-status sc-substatus sc-win32-status time-taken
2019-01-29 16:20:59 ::1 GET / - 63040 - ::1 Mozilla/5.0+(Windows+NT+10.0;+Win64;+x64)+AppleWebKit/537.36+(KHTML,+like+Gecko)+Chrome/71.0.3578.98+Safari/537.36 - 200 0 0 7157
2019-01-29 16:21:05 ::1 GET /Admin/Item - 63040 - ::1 Mozilla/5.0+(Windows+NT+10.0;+Win64;+x64)+AppleWebKit/537.36+(KHTML,+like+Gecko)+Chrome/71.0.3578.98+Safari/537.36 http://localhost:63040/ 200 0 0 2402
2019-01-29 16:21:09 ::1 GET /Admin/Admin/Product - 63040 - ::1 Mozilla/5.0+(Windows+NT+10.0;+Win64;+x64)+AppleWebKit/537.36+(KHTML,+like+Gecko)+Chrome/71.0.3578.98+Safari/537.36 http://localhost:63040/Admin/Item 404 0 0 12
2019-01-29 16:24:58 ::1 GET /Admin/ProductLinkText - 63040 - ::1 Mozilla/5.0+(Windows+NT+10.0;+Win64;+x64)+AppleWebKit/537.36+(KHTML,+like+Gecko)+Chrome/71.0.3578.98+Safari/537.36 http://localhost:63040/ 200 0 0 605
2019-01-29 16:25:05 ::1 GET /Admin/Subscription - 63040 - ::1 Mozilla/5.0+(Windows+NT+10.0;+Win64;+x64)+AppleWebKit/537.36+(KHTML,+like+Gecko)+Chrome/71.0.3578.98+Safari/537.36 http://localhost:63040/ 404 0 0 8
2019-01-29 16:25:08 ::1 GET /Admin/Product - 63040 - ::1 Mozilla/5.0+(Windows+NT+10.0;+Win64;+x64)+AppleWebKit/537.36+(KHTML,+like+Gecko)+Chrome/71.0.3578.98+Safari/537.36 http://localhost:63040/ 404 0 0 7
2019-01-29 16:25:11 ::1 GET /Admin/Item - 63040 - ::1 Mozilla/5.0+(Windows+NT+10.0;+Win64;+x64)+AppleWebKit/537.36+(KHTML,+like+Gecko)+Chrome/71.0.3578.98+Safari/537.36 http://localhost:63040/ 200 0 0 20
#Software: Microsoft Internet Information Services 10.0
#Version: 1.0
#Date: 2019-01-29 17:04:35
#Fields: date time s-ip cs-method cs-uri-stem cs-uri-query s-port cs-username c-ip cs(User-Agent) cs(Referer) sc-status sc-substatus sc-win32-status time-taken
2019-01-29 17:04:35 ::1 GET /Admin/Product/Create - 63040 - ::1 Mozilla/5.0+(Windows+NT+10.0;+Win64;+x64)+AppleWebKit/537.36+(KHTML,+like+Gecko)+Chrome/71.0.3578.98+Safari/537.36 - 500 0 0 12192
#Software: Microsoft Internet Information Services 10.0
#Version: 1.0
#Date: 2019-01-29 17:06:00
#Fields: date time s-ip cs-method cs-uri-stem cs-uri-query s-port cs-username c-ip cs(User-Agent) cs(Referer) sc-status sc-substatus sc-win32-status time-taken
2019-01-29 17:06:00 ::1 GET /Admin/Product/Create - 63040 - ::1 Mozilla/5.0+(Windows+NT+10.0;+Win64;+x64)+AppleWebKit/537.36+(KHTML,+like+Gecko)+Chrome/71.0.3578.98+Safari/537.36 - 200 0 0 7466
#Software: Microsoft Internet Information Services 10.0
#Version: 1.0
#Date: 2019-01-29 17:12:24
#Fields: date time s-ip cs-method cs-uri-stem cs-uri-query s-port cs-username c-ip cs(User-Agent) cs(Referer) sc-status sc-substatus sc-win32-status time-taken
2019-01-29 17:12:24 ::1 GET /Admin/Product/Create - 63040 - ::1 Mozilla/5.0+(Windows+NT+10.0;+Win64;+x64)+AppleWebKit/537.36+(KHTML,+like+Gecko)+Chrome/71.0.3578.98+Safari/537.36 - 200 0 0 4599
2019-01-29 17:12:33 ::1 POST /Admin/Product/Create - 63040 - ::1 Mozilla/5.0+(Windows+NT+10.0;+Win64;+x64)+AppleWebKit/537.36+(KHTML,+like+Gecko)+Chrome/71.0.3578.98+Safari/537.36 http://localhost:63040/Admin/Product/Create 302 0 0 4152
2019-01-29 17:12:34 ::1 GET /Admin/Product - 63040 - ::1 Mozilla/5.0+(Windows+NT+10.0;+Win64;+x64)+AppleWebKit/537.36+(KHTML,+like+Gecko)+Chrome/71.0.3578.98+Safari/537.36 http://localhost:63040/Admin/Product/Create 500 0 0 1203
#Software: Microsoft Internet Information Services 10.0
#Version: 1.0
#Date: 2019-01-29 17:14:06
#Fields: date time s-ip cs-method cs-uri-stem cs-uri-query s-port cs-username c-ip cs(User-Agent) cs(Referer) sc-status sc-substatus sc-win32-status time-taken
2019-01-29 17:14:06 ::1 GET /Admin/Product/Index - 63040 - ::1 Mozilla/5.0+(Windows+NT+10.0;+Win64;+x64)+AppleWebKit/537.36+(KHTML,+like+Gecko)+Chrome/71.0.3578.98+Safari/537.36 - 500 0 0 5102
#Software: Microsoft Internet Information Services 10.0
#Version: 1.0
#Date: 2019-01-29 17:14:26
#Fields: date time s-ip cs-method cs-uri-stem cs-uri-query s-port cs-username c-ip cs(User-Agent) cs(Referer) sc-status sc-substatus sc-win32-status time-taken
2019-01-29 17:14:26 ::1 GET /Admin/Product/Index - 63040 - ::1 Mozilla/5.0+(Windows+NT+10.0;+Win64;+x64)+AppleWebKit/537.36+(KHTML,+like+Gecko)+Chrome/71.0.3578.98+Safari/537.36 - 500 0 0 4983
#Software: Microsoft Internet Information Services 10.0
#Version: 1.0
#Date: 2019-01-29 17:15:11
#Fields: date time s-ip cs-method cs-uri-stem cs-uri-query s-port cs-username c-ip cs(User-Agent) cs(Referer) sc-status sc-substatus sc-win32-status time-taken
2019-01-29 17:15:11 ::1 GET /Admin/Product/Create - 63040 - ::1 Mozilla/5.0+(Windows+NT+10.0;+Win64;+x64)+AppleWebKit/537.36+(KHTML,+like+Gecko)+Chrome/71.0.3578.98+Safari/537.36 - 200 0 0 3971
2019-01-29 17:15:16 ::1 POST /Admin/Product/Create - 63040 - ::1 Mozilla/5.0+(Windows+NT+10.0;+Win64;+x64)+AppleWebKit/537.36+(KHTML,+like+Gecko)+Chrome/71.0.3578.98+Safari/537.36 http://localhost:63040/Admin/Product/Create 302 0 0 703
2019-01-29 17:15:16 ::1 GET /Admin/Product - 63040 - ::1 Mozilla/5.0+(Windows+NT+10.0;+Win64;+x64)+AppleWebKit/537.36+(KHTML,+like+Gecko)+Chrome/71.0.3578.98+Safari/537.36 http://localhost:63040/Admin/Product/Create 500 0 0 50
#Software: Microsoft Internet Information Services 10.0
#Version: 1.0
#Date: 2019-01-29 20:45:34
#Fields: date time s-ip cs-method cs-uri-stem cs-uri-query s-port cs-username c-ip cs(User-Agent) cs(Referer) sc-status sc-substatus sc-win32-status time-taken
2019-01-29 20:45:34 ::1 GET / - 63040 - ::1 Mozilla/5.0+(Windows+NT+10.0;+Win64;+x64)+AppleWebKit/537.36+(KHTML,+like+Gecko)+Chrome/71.0.3578.98+Safari/537.36 - 200 0 0 13558
2019-01-29 20:45:41 ::1 GET /Admin/Product - 63040 - ::1 Mozilla/5.0+(Windows+NT+10.0;+Win64;+x64)+AppleWebKit/537.36+(KHTML,+like+Gecko)+Chrome/71.0.3578.98+Safari/537.36 http://localhost:63040/ 200 0 0 2538
2019-01-29 20:45:51 ::1 GET /Admin/Product/Delete - 63040 - ::1 Mozilla/5.0+(Windows+NT+10.0;+Win64;+x64)+AppleWebKit/537.36+(KHTML,+like+Gecko)+Chrome/71.0.3578.98+Safari/537.36 http://localhost:63040/Admin/Product 400 0 0 37
2019-01-29 20:46:11 ::1 GET /Admin/Product/Delete - 63040 - ::1 Mozilla/5.0+(Windows+NT+10.0;+Win64;+x64)+AppleWebKit/537.36+(KHTML,+like+Gecko)+Chrome/71.0.3578.98+Safari/537.36 http://localhost:63040/Admin/Product 400 0 0 4
2019-01-29 20:46:17 ::1 GET /Admin/Product/Delete - 63040 - ::1 Mozilla/5.0+(Windows+NT+10.0;+Win64;+x64)+AppleWebKit/537.36+(KHTML,+like+Gecko)+Chrome/71.0.3578.98+Safari/537.36 http://localhost:63040/Admin/Product 400 0 0 11
#Software: Microsoft Internet Information Services 10.0
#Version: 1.0
#Date: 2019-01-29 20:46:46
#Fields: date time s-ip cs-method cs-uri-stem cs-uri-query s-port cs-username c-ip cs(User-Agent) cs(Referer) sc-status sc-substatus sc-win32-status time-taken
2019-01-29 20:46:46 ::1 GET / - 63040 - ::1 Mozilla/5.0+(Windows+NT+10.0;+Win64;+x64)+AppleWebKit/537.36+(KHTML,+like+Gecko)+Chrome/71.0.3578.98+Safari/537.36 - 200 0 0 7650
2019-01-29 20:46:52 ::1 GET /Admin/Product - 63040 - ::1 Mozilla/5.0+(Windows+NT+10.0;+Win64;+x64)+AppleWebKit/537.36+(KHTML,+like+Gecko)+Chrome/71.0.3578.98+Safari/537.36 http://localhost:63040/ 200 0 0 2158
2019-01-29 20:46:54 ::1 GET /Admin/Product/Delete - 63040 - ::1 Mozilla/5.0+(Windows+NT+10.0;+Win64;+x64)+AppleWebKit/537.36+(KHTML,+like+Gecko)+Chrome/71.0.3578.98+Safari/537.36 http://localhost:63040/Admin/Product 400 0 0 45
#Software: Microsoft Internet Information Services 10.0
#Version: 1.0
#Date: 2019-01-29 20:51:17
#Fields: date time s-ip cs-method cs-uri-stem cs-uri-query s-port cs-username c-ip cs(User-Agent) cs(Referer) sc-status sc-substatus sc-win32-status time-taken
2019-01-29 20:51:17 ::1 GET / - 63040 - ::1 Mozilla/5.0+(Windows+NT+10.0;+Win64;+x64)+AppleWebKit/537.36+(KHTML,+like+Gecko)+Chrome/71.0.3578.98+Safari/537.36 - 200 0 0 4343
2019-01-29 20:51:20 ::1 GET /Admin/Product - 63040 - ::1 Mozilla/5.0+(Windows+NT+10.0;+Win64;+x64)+AppleWebKit/537.36+(KHTML,+like+Gecko)+Chrome/71.0.3578.98+Safari/537.36 http://localhost:63040/ 200 0 0 843
2019-01-29 20:51:21 ::1 GET /Admin/Product/Delete - 63040 - ::1 Mozilla/5.0+(Windows+NT+10.0;+Win64;+x64)+AppleWebKit/537.36+(KHTML,+like+Gecko)+Chrome/71.0.3578.98+Safari/537.36 http://localhost:63040/Admin/Product 400 0 0 53
#Software: Microsoft Internet Information Services 10.0
#Version: 1.0
#Date: 2019-01-29 20:55:54
#Fields: date time s-ip cs-method cs-uri-stem cs-uri-query s-port cs-username c-ip cs(User-Agent) cs(Referer) sc-status sc-substatus sc-win32-status time-taken
2019-01-29 20:55:54 ::1 GET / - 63040 - ::1 Mozilla/5.0+(Windows+NT+10.0;+Win64;+x64)+AppleWebKit/537.36+(KHTML,+like+Gecko)+Chrome/71.0.3578.98+Safari/537.36 - 200 0 0 7607
2019-01-29 20:55:59 ::1 GET /Admin/Product - 63040 - ::1 Mozilla/5.0+(Windows+NT+10.0;+Win64;+x64)+AppleWebKit/537.36+(KHTML,+like+Gecko)+Chrome/71.0.3578.98+Safari/537.36 http://localhost:63040/ 200 0 0 1942
2019-01-29 20:56:01 ::1 GET /Admin/Product/Delete - 63040 - ::1 Mozilla/5.0+(Windows+NT+10.0;+Win64;+x64)+AppleWebKit/537.36+(KHTML,+like+Gecko)+Chrome/71.0.3578.98+Safari/537.36 http://localhost:63040/Admin/Product 404 0 0 43
#Software: Microsoft Internet Information Services 10.0
#Version: 1.0
#Date: 2019-01-29 21:13:02
#Fields: date time s-ip cs-method cs-uri-stem cs-uri-query s-port cs-username c-ip cs(User-Agent) cs(Referer) sc-status sc-substatus sc-win32-status time-taken
2019-01-29 21:13:02 ::1 GET / - 63040 - ::1 Mozilla/5.0+(Windows+NT+10.0;+Win64;+x64)+AppleWebKit/537.36+(KHTML,+like+Gecko)+Chrome/71.0.3578.98+Safari/537.36 - 200 0 0 7601
2019-01-29 21:16:00 ::1 GET /Admin/Product - 63040 - ::1 Mozilla/5.0+(Windows+NT+10.0;+Win64;+x64)+AppleWebKit/537.36+(KHTML,+like+Gecko)+Chrome/71.0.3578.98+Safari/537.36 http://localhost:63040/ 200 0 0 1918
2019-01-29 21:16:04 ::1 GET /Admin/Product/Edit - 63040 - ::1 Mozilla/5.0+(Windows+NT+10.0;+Win64;+x64)+AppleWebKit/537.36+(KHTML,+like+Gecko)+Chrome/71.0.3578.98+Safari/537.36 http://localhost:63040/Admin/Product 400 0 0 36
2019-01-29 21:16:07 ::1 GET /Admin/Product/Details - 63040 - ::1 Mozilla/5.0+(Windows+NT+10.0;+Win64;+x64)+AppleWebKit/537.36+(KHTML,+like+Gecko)+Chrome/71.0.3578.98+Safari/537.36 http://localhost:63040/Admin/Product 400 0 0 6
2019-01-29 21:16:11 ::1 GET /Admin/Product/Create - 63040 - ::1 Mozilla/5.0+(Windows+NT+10.0;+Win64;+x64)+AppleWebKit/537.36+(KHTML,+like+Gecko)+Chrome/71.0.3578.98+Safari/537.36 http://localhost:63040/Admin/Product 200 0 0 97
2019-01-29 21:16:15 ::1 POST /Admin/Product/Create - 63040 - ::1 Mozilla/5.0+(Windows+NT+10.0;+Win64;+x64)+AppleWebKit/537.36+(KHTML,+like+Gecko)+Chrome/71.0.3578.98+Safari/537.36 http://localhost:63040/Admin/Product/Create 302 0 0 68
2019-01-29 21:16:15 ::1 GET /Admin/Product - 63040 - ::1 Mozilla/5.0+(Windows+NT+10.0;+Win64;+x64)+AppleWebKit/537.36+(KHTML,+like+Gecko)+Chrome/71.0.3578.98+Safari/537.36 http://localhost:63040/Admin/Product/Create 200 0 0 19
2019-01-29 21:16:17 ::1 GET /Admin/Product/Delete - 63040 - ::1 Mozilla/5.0+(Windows+NT+10.0;+Win64;+x64)+AppleWebKit/537.36+(KHTML,+like+Gecko)+Chrome/71.0.3578.98+Safari/537.36 http://localhost:63040/Admin/Product 400 0 0 13
2019-01-29 21:16:21 ::1 GET /Admin/Product/Delete - 63040 - ::1 Mozilla/5.0+(Windows+NT+10.0;+Win64;+x64)+AppleWebKit/537.36+(KHTML,+like+Gecko)+Chrome/71.0.3578.98+Safari/537.36 http://localhost:63040/Admin/Product 400 0 0 4
2019-01-29 21:16:23 ::1 GET /Admin/Product/Details - 63040 - ::1 Mozilla/5.0+(Windows+NT+10.0;+Win64;+x64)+AppleWebKit/537.36+(KHTML,+like+Gecko)+Chrome/71.0.3578.98+Safari/537.36 http://localhost:63040/Admin/Product 400 0 0 5
#Software: Microsoft Internet Information Services 10.0
#Version: 1.0
#Date: 2019-01-29 22:05:21
#Fields: date time s-ip cs-method cs-uri-stem cs-uri-query s-port cs-username c-ip cs(User-Agent) cs(Referer) sc-status sc-substatus sc-win32-status time-taken
2019-01-29 22:05:21 ::1 GET /Admin/Subscriptions/Delete - 63040 - ::1 Mozilla/5.0+(Windows+NT+10.0;+Win64;+x64)+AppleWebKit/537.36+(KHTML,+like+Gecko)+Chrome/71.0.3578.98+Safari/537.36 - 400 0 0 10954
#Software: Microsoft Internet Information Services 10.0
#Version: 1.0
#Date: 2019-01-29 22:05:46
#Fields: date time s-ip cs-method cs-uri-stem cs-uri-query s-port cs-username c-ip cs(User-Agent) cs(Referer) sc-status sc-substatus sc-win32-status time-taken
2019-01-29 22:05:46 ::1 GET /Admin/Section/Create - 63040 - ::1 Mozilla/5.0+(Windows+NT+10.0;+Win64;+x64)+AppleWebKit/537.36+(KHTML,+like+Gecko)+Chrome/71.0.3578.98+Safari/537.36 - 200 0 0 8782
2019-01-29 22:05:52 ::1 GET /Admin/Section/Admin/Subscription - 63040 - ::1 Mozilla/5.0+(Windows+NT+10.0;+Win64;+x64)+AppleWebKit/537.36+(KHTML,+like+Gecko)+Chrome/71.0.3578.98+Safari/537.36 http://localhost:63040/Admin/Section/Create 404 0 0 20
2019-01-29 22:05:57 ::1 GET /Admin/Section/Admin/Product - 63040 - ::1 Mozilla/5.0+(Windows+NT+10.0;+Win64;+x64)+AppleWebKit/537.36+(KHTML,+like+Gecko)+Chrome/71.0.3578.98+Safari/537.36 http://localhost:63040/Admin/Section/Create 404 0 0 8
2019-01-29 22:06:02 ::1 GET /Admin/Section/Admin/Item - 63040 - ::1 Mozilla/5.0+(Windows+NT+10.0;+Win64;+x64)+AppleWebKit/537.36+(KHTML,+like+Gecko)+Chrome/71.0.3578.98+Safari/537.36 http://localhost:63040/Admin/Section/Create 404 0 0 8
#Software: Microsoft Internet Information Services 10.0
#Version: 1.0
#Date: 2019-01-29 22:06:36
#Fields: date time s-ip cs-method cs-uri-stem cs-uri-query s-port cs-username c-ip cs(User-Agent) cs(Referer) sc-status sc-substatus sc-win32-status time-taken
2019-01-29 22:06:36 ::1 GET / - 63040 - ::1 Mozilla/5.0+(Windows+NT+10.0;+Win64;+x64)+AppleWebKit/537.36+(KHTML,+like+Gecko)+Chrome/71.0.3578.98+Safari/537.36 - 200 0 0 5660
2019-01-29 22:06:39 ::1 GET /Admin/Subscription - 63040 - ::1 Mozilla/5.0+(Windows+NT+10.0;+Win64;+x64)+AppleWebKit/537.36+(KHTML,+like+Gecko)+Chrome/71.0.3578.98+Safari/537.36 http://localhost:63040/ 404 0 0 20
2019-01-29 22:06:44 ::1 GET /Admin/Product - 63040 - ::1 Mozilla/5.0+(Windows+NT+10.0;+Win64;+x64)+AppleWebKit/537.36+(KHTML,+like+Gecko)+Chrome/71.0.3578.98+Safari/537.36 http://localhost:63040/ 200 0 0 1325
2019-01-29 22:06:47 ::1 GET /Admin/Item - 63040 - ::1 Mozilla/5.0+(Windows+NT+10.0;+Win64;+x64)+AppleWebKit/537.36+(KHTML,+like+Gecko)+Chrome/71.0.3578.98+Safari/537.36 http://localhost:63040/ 200 0 0 641
2019-01-29 22:06:52 ::1 GET /Admin/Subscription - 63040 - ::1 Mozilla/5.0+(Windows+NT+10.0;+Win64;+x64)+AppleWebKit/537.36+(KHTML,+like+Gecko)+Chrome/71.0.3578.98+Safari/537.36 http://localhost:63040/ 404 0 0 10
2019-01-29 22:07:01 ::1 GET /Admin/ProductLinkText - 63040 - ::1 Mozilla/5.0+(Windows+NT+10.0;+Win64;+x64)+AppleWebKit/537.36+(KHTML,+like+Gecko)+Chrome/71.0.3578.98+Safari/537.36 http://localhost:63040/ 200 0 0 565
2019-01-29 22:07:03 ::1 GET /Admin/Admin/ProductType - 63040 - ::1 Mozilla/5.0+(Windows+NT+10.0;+Win64;+x64)+AppleWebKit/537.36+(KHTML,+like+Gecko)+Chrome/71.0.3578.98+Safari/537.36 http://localhost:63040/Admin/ProductLinkText 404 0 0 5
2019-01-29 22:07:07 ::1 GET /Admin/Admin/ProductType - 63040 - ::1 Mozilla/5.0+(Windows+NT+10.0;+Win64;+x64)+AppleWebKit/537.36+(KHTML,+like+Gecko)+Chrome/71.0.3578.98+Safari/537.36 http://localhost:63040/Admin/ProductLinkText 404 0 0 5
2019-01-29 22:07:10 ::1 GET /Admin/Admin/ItemType - 63040 - ::1 Mozilla/5.0+(Windows+NT+10.0;+Win64;+x64)+AppleWebKit/537.36+(KHTML,+like+Gecko)+Chrome/71.0.3578.98+Safari/537.36 http://localhost:63040/Admin/ProductLinkText 404 0 0 4
2019-01-29 22:07:13 ::1 GET /Admin/Admin/Part - 63040 - ::1 Mozilla/5.0+(Windows+NT+10.0;+Win64;+x64)+AppleWebKit/537.36+(KHTML,+like+Gecko)+Chrome/71.0.3578.98+Safari/537.36 http://localhost:63040/Admin/ProductLinkText 404 0 0 6
2019-01-29 22:07:16 ::1 GET /Admin/Admin/Subscription - 63040 - ::1 Mozilla/5.0+(Windows+NT+10.0;+Win64;+x64)+AppleWebKit/537.36+(KHTML,+like+Gecko)+Chrome/71.0.3578.98+Safari/537.36 http://localhost:63040/Admin/ProductLinkText 404 0 0 5
2019-01-29 22:07:21 ::1 GET /Admin/Section - 63040 - ::1 Mozilla/5.0+(Windows+NT+10.0;+Win64;+x64)+AppleWebKit/537.36+(KHTML,+like+Gecko)+Chrome/71.0.3578.98+Safari/537.36 http://localhost:63040/ 200 0 0 54
2019-01-29 22:07:25 ::1 GET /Admin/Part - 63040 - ::1 Mozilla/5.0+(Windows+NT+10.0;+Win64;+x64)+AppleWebKit/537.36+(KHTML,+like+Gecko)+Chrome/71.0.3578.98+Safari/537.36 http://localhost:63040/ 200 0 0 498
2019-01-29 22:07:29 ::1 GET /Admin/Subscription - 63040 - ::1 Mozilla/5.0+(Windows+NT+10.0;+Win64;+x64)+AppleWebKit/537.36+(KHTML,+like+Gecko)+Chrome/71.0.3578.98+Safari/537.36 http://localhost:63040/ 404 0 0 7
2019-01-29 22:07:33 ::1 GET /Admin/Product - 63040 - ::1 Mozilla/5.0+(Windows+NT+10.0;+Win64;+x64)+AppleWebKit/537.36+(KHTML,+like+Gecko)+Chrome/71.0.3578.98+Safari/537.36 http://localhost:63040/ 200 0 0 24
2019-01-29 22:07:36 ::1 GET /Admin/Item - 63040 - ::1 Mozilla/5.0+(Windows+NT+10.0;+Win64;+x64)+AppleWebKit/537.36+(KHTML,+like+Gecko)+Chrome/71.0.3578.98+Safari/537.36 http://localhost:63040/ 200 0 0 14
2019-01-29 22:07:40 ::1 GET /Admin/ProductLinkText - 63040 - ::1 Mozilla/5.0+(Windows+NT+10.0;+Win64;+x64)+AppleWebKit/537.36+(KHTML,+like+Gecko)+Chrome/71.0.3578.98+Safari/537.36 http://localhost:63040/ 200 0 0 12
2019-01-29 22:07:44 ::1 GET /Admin/ProductType - 63040 - ::1 Mozilla/5.0+(Windows+NT+10.0;+Win64;+x64)+AppleWebKit/537.36+(KHTML,+like+Gecko)+Chrome/71.0.3578.98+Safari/537.36 http://localhost:63040/ 200 0 0 471
2019-01-29 22:07:55 ::1 GET /Admin/Subscription - 63040 - ::1 Mozilla/5.0+(Windows+NT+10.0;+Win64;+x64)+AppleWebKit/537.36+(KHTML,+like+Gecko)+Chrome/71.0.3578.98+Safari/537.36 http://localhost:63040/ 404 0 0 5
#Software: Microsoft Internet Information Services 10.0
#Version: 1.0
#Date: 2019-01-29 22:10:18
#Fields: date time s-ip cs-method cs-uri-stem cs-uri-query s-port cs-username c-ip cs(User-Agent) cs(Referer) sc-status sc-substatus sc-win32-status time-taken
2019-01-29 22:10:18 ::1 GET / - 63040 - ::1 Mozilla/5.0+(Windows+NT+10.0;+Win64;+x64)+AppleWebKit/537.36+(KHTML,+like+Gecko)+Chrome/71.0.3578.98+Safari/537.36 - 200 0 0 6824
2019-01-29 22:10:22 ::1 GET /Admin/Subscription - 63040 - ::1 Mozilla/5.0+(Windows+NT+10.0;+Win64;+x64)+AppleWebKit/537.36+(KHTML,+like+Gecko)+Chrome/71.0.3578.98+Safari/537.36 http://localhost:63040/ 500 0 0 568
#Software: Microsoft Internet Information Services 10.0
#Version: 1.0
#Date: 2019-01-29 22:21:33
#Fields: date time s-ip cs-method cs-uri-stem cs-uri-query s-port cs-username c-ip cs(User-Agent) cs(Referer) sc-status sc-substatus sc-win32-status time-taken
2019-01-29 22:21:33 ::1 GET /Admin/Subscription/Delete - 63040 - ::1 Mozilla/5.0+(Windows+NT+10.0;+Win64;+x64)+AppleWebKit/537.36+(KHTML,+like+Gecko)+Chrome/71.0.3578.98+Safari/537.36 - 400 0 0 6557
#Software: Microsoft Internet Information Services 10.0
#Version: 1.0
#Date: 2019-01-29 22:22:12
#Fields: date time s-ip cs-method cs-uri-stem cs-uri-query s-port cs-username c-ip cs(User-Agent) cs(Referer) sc-status sc-substatus sc-win32-status time-taken
2019-01-29 22:22:12 ::1 GET /Admin/Section/Create - 63040 - ::1 Mozilla/5.0+(Windows+NT+10.0;+Win64;+x64)+AppleWebKit/537.36+(KHTML,+like+Gecko)+Chrome/71.0.3578.98+Safari/537.36 - 200 0 0 7607
2019-01-29 22:22:15 ::1 GET / - 63040 - ::1 Mozilla/5.0+(Windows+NT+10.0;+Win64;+x64)+AppleWebKit/537.36+(KHTML,+like+Gecko)+Chrome/71.0.3578.98+Safari/537.36 http://localhost:63040/Admin/Section/Create 200 0 0 679
2019-01-29 22:22:18 ::1 GET /Admin/Subscription - 63040 - ::1 Mozilla/5.0+(Windows+NT+10.0;+Win64;+x64)+AppleWebKit/537.36+(KHTML,+like+Gecko)+Chrome/71.0.3578.98+Safari/537.36 http://localhost:63040/ 200 0 0 1049
2019-01-29 22:22:20 ::1 GET /Admin/Subscription/Create - 63040 - ::1 Mozilla/5.0+(Windows+NT+10.0;+Win64;+x64)+AppleWebKit/537.36+(KHTML,+like+Gecko)+Chrome/71.0.3578.98+Safari/537.36 http://localhost:63040/Admin/Subscription 200 0 0 31
#Software: Microsoft Internet Information Services 10.0
#Version: 1.0
#Date: 2019-01-29 22:46:47
#Fields: date time s-ip cs-method cs-uri-stem cs-uri-query s-port cs-username c-ip cs(User-Agent) cs(Referer) sc-status sc-substatus sc-win32-status time-taken
2019-01-29 22:46:47 ::1 GET /Admin/Subscription/Admin/Product - 63040 - ::1 Mozilla/5.0+(Windows+NT+10.0;+Win64;+x64)+AppleWebKit/537.36+(KHTML,+like+Gecko)+Chrome/71.0.3578.98+Safari/537.36 http://localhost:63040/Admin/Subscription/Create 404 0 0 24
2019-01-29 22:46:50 ::1 GET / - 63040 - ::1 Mozilla/5.0+(Windows+NT+10.0;+Win64;+x64)+AppleWebKit/537.36+(KHTML,+like+Gecko)+Chrome/71.0.3578.98+Safari/537.36 http://localhost:63040/Admin/Subscription/Create 200 0 0 11
2019-01-29 22:46:51 ::1 GET /Admin/Subscription - 63040 - ::1 Mozilla/5.0+(Windows+NT+10.0;+Win64;+x64)+AppleWebKit/537.36+(KHTML,+like+Gecko)+Chrome/71.0.3578.98+Safari/537.36 http://localhost:63040/ 200 0 0 52
2019-01-29 22:46:53 ::1 GET / - 63040 - ::1 Mozilla/5.0+(Windows+NT+10.0;+Win64;+x64)+AppleWebKit/537.36+(KHTML,+like+Gecko)+Chrome/71.0.3578.98+Safari/537.36 http://localhost:63040/Admin/Subscription 200 0 0 7
2019-01-29 22:47:01 ::1 GET /Admin/Product - 63040 - ::1 Mozilla/5.0+(Windows+NT+10.0;+Win64;+x64)+AppleWebKit/537.36+(KHTML,+like+Gecko)+Chrome/71.0.3578.98+Safari/537.36 http://localhost:63040/ 200 0 0 3776
2019-01-29 22:47:01 ::1 GET /Admin/Product - 63040 - ::1 Mozilla/5.0+(Windows+NT+10.0;+Win64;+x64)+AppleWebKit/537.36+(KHTML,+like+Gecko)+Chrome/71.0.3578.98+Safari/537.36 http://localhost:63040/ 200 0 64 6458
2019-01-29 22:47:16 ::1 GET /Admin/Admin/Item - 63040 - ::1 Mozilla/5.0+(Windows+NT+10.0;+Win64;+x64)+AppleWebKit/537.36+(KHTML,+like+Gecko)+Chrome/71.0.3578.98+Safari/537.36 http://localhost:63040/Admin/Product 404 0 0 5
2019-01-29 22:47:19 ::1 GET / - 63040 - ::1 Mozilla/5.0+(Windows+NT+10.0;+Win64;+x64)+AppleWebKit/537.36+(KHTML,+like+Gecko)+Chrome/71.0.3578.98+Safari/537.36 http://localhost:63040/Admin/Product 200 0 0 6
2019-01-29 22:48:37 ::1 GET /Admin/Section - 63040 - ::1 Mozilla/5.0+(Windows+NT+10.0;+Win64;+x64)+AppleWebKit/537.36+(KHTML,+like+Gecko)+Chrome/71.0.3578.98+Safari/537.36 http://localhost:63040/ 200 0 0 70
2019-01-29 22:48:49 ::1 GET /Admin/Admin/Part - 63040 - ::1 Mozilla/5.0+(Windows+NT+10.0;+Win64;+x64)+AppleWebKit/537.36+(KHTML,+like+Gecko)+Chrome/71.0.3578.98+Safari/537.36 http://localhost:63040/Admin/Section 404 0 0 5
2019-01-29 22:48:53 ::1 GET /Admin/Section/Create - 63040 - ::1 Mozilla/5.0+(Windows+NT+10.0;+Win64;+x64)+AppleWebKit/537.36+(KHTML,+like+Gecko)+Chrome/71.0.3578.98+Safari/537.36 http://localhost:63040/Admin/Section 200 0 0 16
2019-01-29 22:48:56 ::1 GET / - 63040 - ::1 Mozilla/5.0+(Windows+NT+10.0;+Win64;+x64)+AppleWebKit/537.36+(KHTML,+like+Gecko)+Chrome/71.0.3578.98+Safari/537.36 http://localhost:63040/Admin/Section/Create 200 0 0 8
2019-01-29 22:49:06 ::1 GET /Admin/Section - 63040 - ::1 Mozilla/5.0+(Windows+NT+10.0;+Win64;+x64)+AppleWebKit/537.36+(KHTML,+like+Gecko)+Chrome/71.0.3578.98+Safari/537.36 http://localhost:63040/ 200 0 0 16
2019-01-29 22:49:07 ::1 GET /Admin/Section/Create - 63040 - ::1 Mozilla/5.0+(Windows+NT+10.0;+Win64;+x64)+AppleWebKit/537.36+(KHTML,+like+Gecko)+Chrome/71.0.3578.98+Safari/537.36 http://localhost:63040/Admin/Section 200 0 0 6
2019-01-29 22:49:10 ::1 POST /Admin/Section/Create - 63040 - ::1 Mozilla/5.0+(Windows+NT+10.0;+Win64;+x64)+AppleWebKit/537.36+(KHTML,+like+Gecko)+Chrome/71.0.3578.98+Safari/537.36 http://localhost:63040/Admin/Section/Create 302 0 0 131
2019-01-29 22:49:10 ::1 GET /Admin/Section - 63040 - ::1 Mozilla/5.0+(Windows+NT+10.0;+Win64;+x64)+AppleWebKit/537.36+(KHTML,+like+Gecko)+Chrome/71.0.3578.98+Safari/537.36 http://localhost:63040/Admin/Section/Create 200 0 0 12
2019-01-29 22:49:24 ::1 GET /Admin/Section/Edit - 63040 - ::1 Mozilla/5.0+(Windows+NT+10.0;+Win64;+x64)+AppleWebKit/537.36+(KHTML,+like+Gecko)+Chrome/71.0.3578.98+Safari/537.36 http://localhost:63040/Admin/Section 400 0 0 6
2019-01-29 22:50:01 ::1 GET /Admin/Admin/Part - 63040 - ::1 Mozilla/5.0+(Windows+NT+10.0;+Win64;+x64)+AppleWebKit/537.36+(KHTML,+like+Gecko)+Chrome/71.0.3578.98+Safari/537.36 http://localhost:63040/Admin/Section 404 0 0 5
2019-01-29 22:50:03 ::1 GET / - 63040 - ::1 Mozilla/5.0+(Windows+NT+10.0;+Win64;+x64)+AppleWebKit/537.36+(KHTML,+like+Gecko)+Chrome/71.0.3578.98+Safari/537.36 http://localhost:63040/Admin/Section 200 0 0 12
2019-01-29 22:50:05 ::1 GET /Admin/Part - 63040 - ::1 Mozilla/5.0+(Windows+NT+10.0;+Win64;+x64)+AppleWebKit/537.36+(KHTML,+like+Gecko)+Chrome/71.0.3578.98+Safari/537.36 http://localhost:63040/ 200 0 0 506
2019-01-29 22:50:06 ::1 GET / - 63040 - ::1 Mozilla/5.0+(Windows+NT+10.0;+Win64;+x64)+AppleWebKit/537.36+(KHTML,+like+Gecko)+Chrome/71.0.3578.98+Safari/537.36 http://localhost:63040/Admin/Part 200 0 0 5
2019-01-29 22:50:49 ::1 GET /Admin/Part - 63040 - ::1 Mozilla/5.0+(Windows+NT+10.0;+Win64;+x64)+AppleWebKit/537.36+(KHTML,+like+Gecko)+Chrome/71.0.3578.98+Safari/537.36 http://localhost:63040/ 200 0 0 7
2019-01-29 22:50:50 ::1 GET / - 63040 - ::1 Mozilla/5.0+(Windows+NT+10.0;+Win64;+x64)+AppleWebKit/537.36+(KHTML,+like+Gecko)+Chrome/71.0.3578.98+Safari/537.36 http://localhost:63040/Admin/Part 200 0 0 6
2019-01-29 22:50:52 ::1 GET /Admin/ProductType - 63040 - ::1 Mozilla/5.0+(Windows+NT+10.0;+Win64;+x64)+AppleWebKit/537.36+(KHTML,+like+Gecko)+Chrome/71.0.3578.98+Safari/537.36 http://localhost:63040/ 200 0 0 551
2019-01-29 22:50:53 ::1 GET / - 63040 - ::1 Mozilla/5.0+(Windows+NT+10.0;+Win64;+x64)+AppleWebKit/537.36+(KHTML,+like+Gecko)+Chrome/71.0.3578.98+Safari/537.36 http://localhost:63040/Admin/ProductType 200 0 0 4
2019-01-29 22:50:55 ::1 GET /Admin/ProductLinkText - 63040 - ::1 Mozilla/5.0+(Windows+NT+10.0;+Win64;+x64)+AppleWebKit/537.36+(KHTML,+like+Gecko)+Chrome/71.0.3578.98+Safari/537.36 http://localhost:63040/ 200 0 0 495
2019-01-29 22:50:56 ::1 GET / - 63040 - ::1 Mozilla/5.0+(Windows+NT+10.0;+Win64;+x64)+AppleWebKit/537.36+(KHTML,+like+Gecko)+Chrome/71.0.3578.98+Safari/537.36 http://localhost:63040/Admin/ProductLinkText 200 0 0 4
2019-01-29 22:51:00 ::1 GET /Admin/ProductLinkText - 63040 - ::1 Mozilla/5.0+(Windows+NT+10.0;+Win64;+x64)+AppleWebKit/537.36+(KHTML,+like+Gecko)+Chrome/71.0.3578.98+Safari/537.36 http://localhost:63040/ 200 0 0 18
2019-01-29 22:51:02 ::1 GET /Admin/ProductLinkText/Create - 63040 - ::1 Mozilla/5.0+(Windows+NT+10.0;+Win64;+x64)+AppleWebKit/537.36+(KHTML,+like+Gecko)+Chrome/71.0.3578.98+Safari/537.36 http://localhost:63040/Admin/ProductLinkText 200 0 0 36
2019-01-29 22:51:05 ::1 POST /Admin/ProductLinkText/Create - 63040 - ::1 Mozilla/5.0+(Windows+NT+10.0;+Win64;+x64)+AppleWebKit/537.36+(KHTML,+like+Gecko)+Chrome/71.0.3578.98+Safari/537.36 http://localhost:63040/Admin/ProductLinkText/Create 302 0 0 28
2019-01-29 22:51:05 ::1 GET /Admin/ProductLinkText - 63040 - ::1 Mozilla/5.0+(Windows+NT+10.0;+Win64;+x64)+AppleWebKit/537.36+(KHTML,+like+Gecko)+Chrome/71.0.3578.98+Safari/537.36 http://localhost:63040/Admin/ProductLinkText/Create 200 0 0 22
2019-01-29 22:51:07 ::1 GET /Admin/ProductLinkText/Details - 63040 - ::1 Mozilla/5.0+(Windows+NT+10.0;+Win64;+x64)+AppleWebKit/537.36+(KHTML,+like+Gecko)+Chrome/71.0.3578.98+Safari/537.36 http://localhost:63040/Admin/ProductLinkText 400 0 0 9
2019-01-29 22:51:10 ::1 GET /Admin/ProductLinkText/Edit - 63040 - ::1 Mozilla/5.0+(Windows+NT+10.0;+Win64;+x64)+AppleWebKit/537.36+(KHTML,+like+Gecko)+Chrome/71.0.3578.98+Safari/537.36 http://localhost:63040/Admin/ProductLinkText 400 0 0 7
2019-01-29 22:51:12 ::1 GET /Admin/ProductLinkText/Create - 63040 - ::1 Mozilla/5.0+(Windows+NT+10.0;+Win64;+x64)+AppleWebKit/537.36+(KHTML,+like+Gecko)+Chrome/71.0.3578.98+Safari/537.36 http://localhost:63040/Admin/ProductLinkText 200 0 0 5
2019-01-29 22:51:14 ::1 GET / - 63040 - ::1 Mozilla/5.0+(Windows+NT+10.0;+Win64;+x64)+AppleWebKit/537.36+(KHTML,+like+Gecko)+Chrome/71.0.3578.98+Safari/537.36 http://localhost:63040/Admin/ProductLinkText 200 0 0 5
2019-01-29 22:51:50 ::1 GET /Admin/Item - 63040 - ::1 Mozilla/5.0+(Windows+NT+10.0;+Win64;+x64)+AppleWebKit/537.36+(KHTML,+like+Gecko)+Chrome/71.0.3578.98+Safari/537.36 http://localhost:63040/ 200 0 0 565
2019-01-29 22:51:51 ::1 GET /Admin/Item/Create - 63040 - ::1 Mozilla/5.0+(Windows+NT+10.0;+Win64;+x64)+AppleWebKit/537.36+(KHTML,+like+Gecko)+Chrome/71.0.3578.98+Safari/537.36 http://localhost:63040/Admin/Item 200 0 0 77
2019-01-29 22:51:59 ::1 POST /Admin/Item/Create - 63040 - ::1 Mozilla/5.0+(Windows+NT+10.0;+Win64;+x64)+AppleWebKit/537.36+(KHTML,+like+Gecko)+Chrome/71.0.3578.98+Safari/537.36 http://localhost:63040/Admin/Item/Create 302 0 0 44
2019-01-29 22:51:59 ::1 GET /Admin/Item - 63040 - ::1 Mozilla/5.0+(Windows+NT+10.0;+Win64;+x64)+AppleWebKit/537.36+(KHTML,+like+Gecko)+Chrome/71.0.3578.98+Safari/537.36 http://localhost:63040/Admin/Item/Create 200 0 0 13
2019-01-29 22:52:04 ::1 GET /Admin/Item/Create - 63040 - ::1 Mozilla/5.0+(Windows+NT+10.0;+Win64;+x64)+AppleWebKit/537.36+(KHTML,+like+Gecko)+Chrome/71.0.3578.98+Safari/537.36 http://localhost:63040/Admin/Item 200 0 0 229
2019-01-29 22:52:07 ::1 GET / - 63040 - ::1 Mozilla/5.0+(Windows+NT+10.0;+Win64;+x64)+AppleWebKit/537.36+(KHTML,+like+Gecko)+Chrome/71.0.3578.98+Safari/537.36 http://localhost:63040/Admin/Item 200 0 0 14
2019-01-29 22:52:10 ::1 GET /Admin/Subscription - 63040 - ::1 Mozilla/5.0+(Windows+NT+10.0;+Win64;+x64)+AppleWebKit/537.36+(KHTML,+like+Gecko)+Chrome/71.0.3578.98+Safari/537.36 http://localhost:63040/ 200 0 0 31
2019-01-29 22:52:12 ::1 GET /Admin/Subscription/Create - 63040 - ::1 Mozilla/5.0+(Windows+NT+10.0;+Win64;+x64)+AppleWebKit/537.36+(KHTML,+like+Gecko)+Chrome/71.0.3578.98+Safari/537.36 http://localhost:63040/Admin/Subscription 200 0 0 21
2019-01-29 22:52:18 ::1 POST /Admin/Subscription/Create - 63040 - ::1 Mozilla/5.0+(Windows+NT+10.0;+Win64;+x64)+AppleWebKit/537.36+(KHTML,+like+Gecko)+Chrome/71.0.3578.98+Safari/537.36 http://localhost:63040/Admin/Subscription/Create 302 0 0 32
2019-01-29 22:52:18 ::1 GET /Admin/Subscription - 63040 - ::1 Mozilla/5.0+(Windows+NT+10.0;+Win64;+x64)+AppleWebKit/537.36+(KHTML,+like+Gecko)+Chrome/71.0.3578.98+Safari/537.36 http://localhost:63040/Admin/Subscription/Create 200 0 0 28
2019-01-29 22:52:20 ::1 GET /Admin/Subscription/Delete - 63040 - ::1 Mozilla/5.0+(Windows+NT+10.0;+Win64;+x64)+AppleWebKit/537.36+(KHTML,+like+Gecko)+Chrome/71.0.3578.98+Safari/537.36 http://localhost:63040/Admin/Subscription 400 0 0 6
2019-01-29 22:52:24 ::1 GET /Admin/Subscription/Details - 63040 - ::1 Mozilla/5.0+(Windows+NT+10.0;+Win64;+x64)+AppleWebKit/537.36+(KHTML,+like+Gecko)+Chrome/71.0.3578.98+Safari/537.36 http://localhost:63040/Admin/Subscription 400 0 0 5
