#Software: Microsoft Internet Information Services 10.0
#Version: 1.0
#Date: 2019-01-25 20:37:50
#Fields: date time s-ip cs-method cs-uri-stem cs-uri-query s-port cs-username c-ip cs(User-Agent) cs(Referer) sc-status sc-substatus sc-win32-status time-taken
2019-01-25 20:37:50 ::1 GET / - 63040 - ::1 Mozilla/5.0+(Windows+NT+10.0;+Win64;+x64)+AppleWebKit/537.36+(KHTML,+like+Gecko)+Chrome/71.0.3578.98+Safari/537.36 - 200 0 0 13814
2019-01-25 20:37:50 ::1 GET /Content/site.css - 63040 - ::1 Mozilla/5.0+(Windows+NT+10.0;+Win64;+x64)+AppleWebKit/537.36+(KHTML,+like+Gecko)+Chrome/71.0.3578.98+Safari/537.36 http://localhost:63040/ 200 0 0 8
2019-01-25 20:37:50 ::1 GET /Scripts/modernizr-2.8.3.js - 63040 - ::1 Mozilla/5.0+(Windows+NT+10.0;+Win64;+x64)+AppleWebKit/537.36+(KHTML,+like+Gecko)+Chrome/71.0.3578.98+Safari/537.36 http://localhost:63040/ 200 0 0 22
2019-01-25 20:37:50 ::1 GET /Content/bootstrap.css - 63040 - ::1 Mozilla/5.0+(Windows+NT+10.0;+Win64;+x64)+AppleWebKit/537.36+(KHTML,+like+Gecko)+Chrome/71.0.3578.98+Safari/537.36 http://localhost:63040/ 200 0 0 39
2019-01-25 20:37:50 ::1 GET /Scripts/bootstrap.js - 63040 - ::1 Mozilla/5.0+(Windows+NT+10.0;+Win64;+x64)+AppleWebKit/537.36+(KHTML,+like+Gecko)+Chrome/71.0.3578.98+Safari/537.36 http://localhost:63040/ 200 0 0 32
2019-01-25 20:37:50 ::1 GET /Scripts/jquery-3.3.1.js - 63040 - ::1 Mozilla/5.0+(Windows+NT+10.0;+Win64;+x64)+AppleWebKit/537.36+(KHTML,+like+Gecko)+Chrome/71.0.3578.98+Safari/537.36 http://localhost:63040/ 200 0 0 43
2019-01-25 20:37:50 ::1 GET /favicon.ico - 63040 - ::1 Mozilla/5.0+(Windows+NT+10.0;+Win64;+x64)+AppleWebKit/537.36+(KHTML,+like+Gecko)+Chrome/71.0.3578.98+Safari/537.36 http://localhost:63040/ 200 0 0 2
#Software: Microsoft Internet Information Services 10.0
#Version: 1.0
#Date: 2019-01-25 20:46:07
#Fields: date time s-ip cs-method cs-uri-stem cs-uri-query s-port cs-username c-ip cs(User-Agent) cs(Referer) sc-status sc-substatus sc-win32-status time-taken
2019-01-25 20:46:07 ::1 GET /Shared/Error - 63040 - ::1 Mozilla/5.0+(Windows+NT+10.0;+Win64;+x64)+AppleWebKit/537.36+(KHTML,+like+Gecko)+Chrome/71.0.3578.98+Safari/537.36 - 404 0 0 3511
#Software: Microsoft Internet Information Services 10.0
#Version: 1.0
#Date: 2019-01-25 20:48:23
#Fields: date time s-ip cs-method cs-uri-stem cs-uri-query s-port cs-username c-ip cs(User-Agent) cs(Referer) sc-status sc-substatus sc-win32-status time-taken
2019-01-25 20:48:23 ::1 GET / - 63040 - ::1 Mozilla/5.0+(Windows+NT+10.0;+Win64;+x64)+AppleWebKit/537.36+(KHTML,+like+Gecko)+Chrome/71.0.3578.98+Safari/537.36 - 200 0 0 5228
2019-01-25 20:48:26 ::1 GET /fonts/glyphicons-halflings-regular.woff2 - 63040 - ::1 Mozilla/5.0+(Windows+NT+10.0;+Win64;+x64)+AppleWebKit/537.36+(KHTML,+like+Gecko)+Chrome/71.0.3578.98+Safari/537.36 http://localhost:63040/Content/bootstrap.css 200 0 0 21
#Software: Microsoft Internet Information Services 10.0
#Version: 1.0
#Date: 2019-01-25 20:49:02
#Fields: date time s-ip cs-method cs-uri-stem cs-uri-query s-port cs-username c-ip cs(User-Agent) cs(Referer) sc-status sc-substatus sc-win32-status time-taken
2019-01-25 20:49:02 ::1 GET / - 63040 - ::1 Mozilla/5.0+(Windows+NT+10.0;+Win64;+x64)+AppleWebKit/537.36+(KHTML,+like+Gecko)+Chrome/71.0.3578.98+Safari/537.36 - 200 0 0 4933
#Software: Microsoft Internet Information Services 10.0
#Version: 1.0
#Date: 2019-01-25 21:54:35
#Fields: date time s-ip cs-method cs-uri-stem cs-uri-query s-port cs-username c-ip cs(User-Agent) cs(Referer) sc-status sc-substatus sc-win32-status time-taken
2019-01-25 21:54:35 ::1 GET / - 63040 - ::1 Mozilla/5.0+(Windows+NT+10.0;+Win64;+x64)+AppleWebKit/537.36+(KHTML,+like+Gecko)+Chrome/71.0.3578.98+Safari/537.36 - 200 0 0 14232
2019-01-25 21:54:35 ::1 GET /Scripts/Adminmenu.js - 63040 - ::1 Mozilla/5.0+(Windows+NT+10.0;+Win64;+x64)+AppleWebKit/537.36+(KHTML,+like+Gecko)+Chrome/71.0.3578.98+Safari/537.36 http://localhost:63040/ 200 0 0 9
#Software: Microsoft Internet Information Services 10.0
#Version: 1.0
#Date: 2019-01-25 21:55:24
#Fields: date time s-ip cs-method cs-uri-stem cs-uri-query s-port cs-username c-ip cs(User-Agent) cs(Referer) sc-status sc-substatus sc-win32-status time-taken
2019-01-25 21:55:24 ::1 GET / - 63040 - ::1 Mozilla/5.0+(Windows+NT+10.0;+Win64;+x64)+AppleWebKit/537.36+(KHTML,+like+Gecko)+Chrome/71.0.3578.98+Safari/537.36 - 200 0 0 5696
#Software: Microsoft Internet Information Services 10.0
#Version: 1.0
#Date: 2019-01-25 22:00:52
#Fields: date time s-ip cs-method cs-uri-stem cs-uri-query s-port cs-username c-ip cs(User-Agent) cs(Referer) sc-status sc-substatus sc-win32-status time-taken
2019-01-25 22:00:52 ::1 GET / - 63040 - ::1 Mozilla/5.0+(Windows+NT+10.0;+Win64;+x64)+AppleWebKit/537.36+(KHTML,+like+Gecko)+Chrome/71.0.3578.98+Safari/537.36 - 200 0 0 8089
2019-01-25 22:00:52 ::1 GET /Scripts/AdminMenu.js - 63040 - ::1 Mozilla/5.0+(Windows+NT+10.0;+Win64;+x64)+AppleWebKit/537.36+(KHTML,+like+Gecko)+Chrome/71.0.3578.98+Safari/537.36 http://localhost:63040/ 200 0 0 5
2019-01-25 22:01:22 ::1 GET /Home/Contact - 63040 - ::1 Mozilla/5.0+(Windows+NT+10.0;+Win64;+x64)+AppleWebKit/537.36+(KHTML,+like+Gecko)+Chrome/71.0.3578.98+Safari/537.36 http://localhost:63040/ 200 0 0 39
2019-01-25 22:01:22 ::1 GET /Scripts/AdminMenu.js - 63040 - ::1 Mozilla/5.0+(Windows+NT+10.0;+Win64;+x64)+AppleWebKit/537.36+(KHTML,+like+Gecko)+Chrome/71.0.3578.98+Safari/537.36 http://localhost:63040/Home/Contact 304 0 0 10
2019-01-25 22:01:23 ::1 GET /Home/About - 63040 - ::1 Mozilla/5.0+(Windows+NT+10.0;+Win64;+x64)+AppleWebKit/537.36+(KHTML,+like+Gecko)+Chrome/71.0.3578.98+Safari/537.36 http://localhost:63040/Home/Contact 200 0 0 22
2019-01-25 22:01:28 ::1 GET / - 63040 - ::1 Mozilla/5.0+(Windows+NT+10.0;+Win64;+x64)+AppleWebKit/537.36+(KHTML,+like+Gecko)+Chrome/71.0.3578.98+Safari/537.36 http://localhost:63040/Home/About 200 0 0 6
2019-01-25 22:01:28 ::1 GET / - 63040 - ::1 Mozilla/5.0+(Windows+NT+10.0;+Win64;+x64)+AppleWebKit/537.36+(KHTML,+like+Gecko)+Chrome/71.0.3578.98+Safari/537.36 http://localhost:63040/ 200 0 0 4
#Software: Microsoft Internet Information Services 10.0
#Version: 1.0
#Date: 2019-01-25 22:05:48
#Fields: date time s-ip cs-method cs-uri-stem cs-uri-query s-port cs-username c-ip cs(User-Agent) cs(Referer) sc-status sc-substatus sc-win32-status time-taken
2019-01-25 22:05:48 ::1 GET / - 63040 - ::1 Mozilla/5.0+(Windows+NT+10.0;+Win64;+x64)+AppleWebKit/537.36+(KHTML,+like+Gecko)+Chrome/71.0.3578.98+Safari/537.36 - 200 0 0 8851
2019-01-25 22:05:48 ::1 GET /Scripts/AdminMenu.js - 63040 - ::1 Mozilla/5.0+(Windows+NT+10.0;+Win64;+x64)+AppleWebKit/537.36+(KHTML,+like+Gecko)+Chrome/71.0.3578.98+Safari/537.36 http://localhost:63040/ 304 0 0 14
#Software: Microsoft Internet Information Services 10.0
#Version: 1.0
#Date: 2019-01-25 22:18:55
#Fields: date time s-ip cs-method cs-uri-stem cs-uri-query s-port cs-username c-ip cs(User-Agent) cs(Referer) sc-status sc-substatus sc-win32-status time-taken
2019-01-25 22:18:55 ::1 GET / - 63040 - ::1 Mozilla/5.0+(Windows+NT+10.0;+Win64;+x64)+AppleWebKit/537.36+(KHTML,+like+Gecko)+Chrome/71.0.3578.98+Safari/537.36 - 200 0 0 5368
2019-01-25 22:18:55 ::1 GET /Scripts/AdminMenu.js - 63040 - ::1 Mozilla/5.0+(Windows+NT+10.0;+Win64;+x64)+AppleWebKit/537.36+(KHTML,+like+Gecko)+Chrome/71.0.3578.98+Safari/537.36 http://localhost:63040/ 304 0 0 5
