#Software: Microsoft Internet Information Services 10.0
#Version: 1.0
#Date: 2019-02-12 16:02:39
#Fields: date time s-ip cs-method cs-uri-stem cs-uri-query s-port cs-username c-ip cs(User-Agent) cs(Referer) sc-status sc-substatus sc-win32-status time-taken
2019-02-12 16:02:39 ::1 GET / - 63040 - ::1 Mozilla/5.0+(Windows+NT+10.0;+Win64;+x64)+AppleWebKit/537.36+(KHTML,+like+Gecko)+Chrome/71.0.3578.98+Safari/537.36 - 200 0 0 16625
2019-02-12 16:02:39 ::1 GET /Content/bootstrap.css - 63040 - ::1 Mozilla/5.0+(Windows+NT+10.0;+Win64;+x64)+AppleWebKit/537.36+(KHTML,+like+Gecko)+Chrome/71.0.3578.98+Safari/537.36 http://localhost:63040/ 304 0 0 17
2019-02-12 16:02:39 ::1 GET /Content/site.css - 63040 - ::1 Mozilla/5.0+(Windows+NT+10.0;+Win64;+x64)+AppleWebKit/537.36+(KHTML,+like+Gecko)+Chrome/71.0.3578.98+Safari/537.36 http://localhost:63040/ 304 0 0 21
2019-02-12 16:02:39 ::1 GET /Content/navbar.css - 63040 - ::1 Mozilla/5.0+(Windows+NT+10.0;+Win64;+x64)+AppleWebKit/537.36+(KHTML,+like+Gecko)+Chrome/71.0.3578.98+Safari/537.36 http://localhost:63040/ 200 0 0 17
2019-02-12 16:02:39 ::1 GET /Scripts/modernizr-2.8.3.js - 63040 - ::1 Mozilla/5.0+(Windows+NT+10.0;+Win64;+x64)+AppleWebKit/537.36+(KHTML,+like+Gecko)+Chrome/71.0.3578.98+Safari/537.36 http://localhost:63040/ 304 0 0 30
2019-02-12 16:02:39 ::1 GET /Content/Logos/Redpointe+Circle+Blk+Bkgd.jpg - 63040 - ::1 Mozilla/5.0+(Windows+NT+10.0;+Win64;+x64)+AppleWebKit/537.36+(KHTML,+like+Gecko)+Chrome/71.0.3578.98+Safari/537.36 http://localhost:63040/ 200 0 0 82
2019-02-12 16:02:39 ::1 GET /Content/Logos/Redpointe+Circle+Wht+Bkgd.jpg - 63040 - ::1 Mozilla/5.0+(Windows+NT+10.0;+Win64;+x64)+AppleWebKit/537.36+(KHTML,+like+Gecko)+Chrome/71.0.3578.98+Safari/537.36 http://localhost:63040/ 200 0 0 98
2019-02-12 16:02:39 ::1 GET /Scripts/jquery-3.3.1.js - 63040 - ::1 Mozilla/5.0+(Windows+NT+10.0;+Win64;+x64)+AppleWebKit/537.36+(KHTML,+like+Gecko)+Chrome/71.0.3578.98+Safari/537.36 http://localhost:63040/ 304 0 0 15
2019-02-12 16:02:39 ::1 GET /Scripts/AdminMenu.js - 63040 - ::1 Mozilla/5.0+(Windows+NT+10.0;+Win64;+x64)+AppleWebKit/537.36+(KHTML,+like+Gecko)+Chrome/71.0.3578.98+Safari/537.36 http://localhost:63040/ 304 0 0 19
2019-02-12 16:02:39 ::1 GET /Scripts/bootstrap.js - 63040 - ::1 Mozilla/5.0+(Windows+NT+10.0;+Win64;+x64)+AppleWebKit/537.36+(KHTML,+like+Gecko)+Chrome/71.0.3578.98+Safari/537.36 http://localhost:63040/ 304 0 0 19
2019-02-12 16:02:39 ::1 GET /fonts/glyphicons-halflings-regular.woff2 - 63040 - ::1 Mozilla/5.0+(Windows+NT+10.0;+Win64;+x64)+AppleWebKit/537.36+(KHTML,+like+Gecko)+Chrome/71.0.3578.98+Safari/537.36 http://localhost:63040/Content/bootstrap.css 304 0 0 24
2019-02-12 16:02:39 ::1 GET /favicon.ico - 63040 - ::1 Mozilla/5.0+(Windows+NT+10.0;+Win64;+x64)+AppleWebKit/537.36+(KHTML,+like+Gecko)+Chrome/71.0.3578.98+Safari/537.36 http://localhost:63040/ 200 0 0 26
2019-02-12 16:03:03 ::1 GET / - 63040 - ::1 Mozilla/5.0+(Windows+NT+10.0;+Win64;+x64)+AppleWebKit/537.36+(KHTML,+like+Gecko)+Chrome/71.0.3578.98+Safari/537.36 http://localhost:63040/ 200 0 0 9
2019-02-12 16:03:06 ::1 GET /Home/Contact - 63040 - ::1 Mozilla/5.0+(Windows+NT+10.0;+Win64;+x64)+AppleWebKit/537.36+(KHTML,+like+Gecko)+Chrome/71.0.3578.98+Safari/537.36 http://localhost:63040/ 200 0 0 33
2019-02-12 16:03:09 ::1 GET /Home/About - 63040 - ::1 Mozilla/5.0+(Windows+NT+10.0;+Win64;+x64)+AppleWebKit/537.36+(KHTML,+like+Gecko)+Chrome/71.0.3578.98+Safari/537.36 http://localhost:63040/Home/Contact 200 0 0 30
2019-02-12 16:03:10 ::1 GET / - 63040 - ::1 Mozilla/5.0+(Windows+NT+10.0;+Win64;+x64)+AppleWebKit/537.36+(KHTML,+like+Gecko)+Chrome/71.0.3578.98+Safari/537.36 http://localhost:63040/Home/About 200 0 0 9
2019-02-12 16:03:15 ::1 GET /Account/Login - 63040 - ::1 Mozilla/5.0+(Windows+NT+10.0;+Win64;+x64)+AppleWebKit/537.36+(KHTML,+like+Gecko)+Chrome/71.0.3578.98+Safari/537.36 http://localhost:63040/ 200 0 0 1325
2019-02-12 16:03:15 ::1 GET /Scripts/jquery.validate.js - 63040 - ::1 Mozilla/5.0+(Windows+NT+10.0;+Win64;+x64)+AppleWebKit/537.36+(KHTML,+like+Gecko)+Chrome/71.0.3578.98+Safari/537.36 http://localhost:63040/Account/Login 304 0 0 6
2019-02-12 16:03:15 ::1 GET /Scripts/jquery.validate.unobtrusive.js - 63040 - ::1 Mozilla/5.0+(Windows+NT+10.0;+Win64;+x64)+AppleWebKit/537.36+(KHTML,+like+Gecko)+Chrome/71.0.3578.98+Safari/537.36 http://localhost:63040/Account/Login 304 0 0 6
2019-02-12 16:03:16 ::1 GET /Account/Register - 63040 - ::1 Mozilla/5.0+(Windows+NT+10.0;+Win64;+x64)+AppleWebKit/537.36+(KHTML,+like+Gecko)+Chrome/71.0.3578.98+Safari/537.36 http://localhost:63040/Account/Login 200 0 0 39
2019-02-12 16:03:23 ::1 GET / - 63040 - ::1 Mozilla/5.0+(Windows+NT+10.0;+Win64;+x64)+AppleWebKit/537.36+(KHTML,+like+Gecko)+Chrome/71.0.3578.98+Safari/537.36 http://localhost:63040/Account/Register 200 0 0 9
2019-02-12 16:10:51 ::1 GET /Account - 63040 - ::1 Mozilla/5.0+(Windows+NT+10.0;+Win64;+x64)+AppleWebKit/537.36+(KHTML,+like+Gecko)+Chrome/71.0.3578.98+Safari/537.36 http://localhost:63040/ 302 0 0 41
2019-02-12 16:10:51 ::1 GET /Account/Login ReturnUrl=%2FAccount 63040 - ::1 Mozilla/5.0+(Windows+NT+10.0;+Win64;+x64)+AppleWebKit/537.36+(KHTML,+like+Gecko)+Chrome/71.0.3578.98+Safari/537.36 http://localhost:63040/ 200 0 0 23
2019-02-12 16:11:06 ::1 POST /Account/Login ReturnUrl=%2FAccount 63040 - ::1 Mozilla/5.0+(Windows+NT+10.0;+Win64;+x64)+AppleWebKit/537.36+(KHTML,+like+Gecko)+Chrome/71.0.3578.98+Safari/537.36 http://localhost:63040/Account/Login?ReturnUrl=%2FAccount 200 0 0 2293
2019-02-12 16:11:12 ::1 GET /Admin/SubscriptionProduct - 63040 - ::1 Mozilla/5.0+(Windows+NT+10.0;+Win64;+x64)+AppleWebKit/537.36+(KHTML,+like+Gecko)+Chrome/71.0.3578.98+Safari/537.36 http://localhost:63040/Account/Login?ReturnUrl=%2FAccount 302 0 0 11
2019-02-12 16:11:12 ::1 GET /Account/Login ReturnUrl=%2FAdmin%2FSubscriptionProduct 63040 - ::1 Mozilla/5.0+(Windows+NT+10.0;+Win64;+x64)+AppleWebKit/537.36+(KHTML,+like+Gecko)+Chrome/71.0.3578.98+Safari/537.36 http://localhost:63040/Account/Login?ReturnUrl=%2FAccount 200 0 0 7
2019-02-12 16:11:13 ::1 GET /Account/Login - 63040 - ::1 Mozilla/5.0+(Windows+NT+10.0;+Win64;+x64)+AppleWebKit/537.36+(KHTML,+like+Gecko)+Chrome/71.0.3578.98+Safari/537.36 http://localhost:63040/Account/Login?ReturnUrl=%2FAdmin%2FSubscriptionProduct 200 0 0 15
2019-02-12 16:11:17 ::1 GET /Account/Login - 63040 - ::1 Mozilla/5.0+(Windows+NT+10.0;+Win64;+x64)+AppleWebKit/537.36+(KHTML,+like+Gecko)+Chrome/71.0.3578.98+Safari/537.36 http://localhost:63040/Account/Login 200 0 0 11
2019-02-12 16:11:24 ::1 POST /Account/Login - 63040 - ::1 Mozilla/5.0+(Windows+NT+10.0;+Win64;+x64)+AppleWebKit/537.36+(KHTML,+like+Gecko)+Chrome/71.0.3578.98+Safari/537.36 http://localhost:63040/Account/Login 200 0 0 154
2019-02-12 16:11:30 ::1 GET /Account/Register - 63040 - ::1 Mozilla/5.0+(Windows+NT+10.0;+Win64;+x64)+AppleWebKit/537.36+(KHTML,+like+Gecko)+Chrome/71.0.3578.98+Safari/537.36 http://localhost:63040/Account/Login 200 0 0 14
2019-02-12 16:11:53 ::1 POST /Account/Register - 63040 - ::1 Mozilla/5.0+(Windows+NT+10.0;+Win64;+x64)+AppleWebKit/537.36+(KHTML,+like+Gecko)+Chrome/71.0.3578.98+Safari/537.36 http://localhost:63040/Account/Register 200 0 0 38
2019-02-12 16:12:09 ::1 POST /Account/Register - 63040 - ::1 Mozilla/5.0+(Windows+NT+10.0;+Win64;+x64)+AppleWebKit/537.36+(KHTML,+like+Gecko)+Chrome/71.0.3578.98+Safari/537.36 http://localhost:63040/Account/Register 200 0 0 113
2019-02-12 16:14:39 ::1 POST /Account/Register - 63040 - ::1 Mozilla/5.0+(Windows+NT+10.0;+Win64;+x64)+AppleWebKit/537.36+(KHTML,+like+Gecko)+Chrome/71.0.3578.98+Safari/537.36 http://localhost:63040/Account/Register 302 0 0 231
2019-02-12 16:14:39 ::1 GET / - 63040 benedictboaz@gmail.coim ::1 Mozilla/5.0+(Windows+NT+10.0;+Win64;+x64)+AppleWebKit/537.36+(KHTML,+like+Gecko)+Chrome/71.0.3578.98+Safari/537.36 http://localhost:63040/Account/Register 200 0 0 28
2019-02-12 16:15:49 ::1 GET /Account - 63040 benedictboaz@gmail.coim ::1 Mozilla/5.0+(Windows+NT+10.0;+Win64;+x64)+AppleWebKit/537.36+(KHTML,+like+Gecko)+Chrome/71.0.3578.98+Safari/537.36 http://localhost:63040/ 302 0 0 10
2019-02-12 16:15:49 ::1 GET /Account/Login ReturnUrl=%2FAccount 63040 benedictboaz@gmail.coim ::1 Mozilla/5.0+(Windows+NT+10.0;+Win64;+x64)+AppleWebKit/537.36+(KHTML,+like+Gecko)+Chrome/71.0.3578.98+Safari/537.36 http://localhost:63040/ 200 0 0 32
2019-02-12 16:16:09 ::1 POST /Account/Login ReturnUrl=%2FAccount 63040 benedictboaz@gmail.coim ::1 Mozilla/5.0+(Windows+NT+10.0;+Win64;+x64)+AppleWebKit/537.36+(KHTML,+like+Gecko)+Chrome/71.0.3578.98+Safari/537.36 http://localhost:63040/Account/Login?ReturnUrl=%2FAccount 200 0 0 26
2019-02-12 16:16:17 ::1 POST /Account/Login - 63040 benedictboaz@gmail.coim ::1 Mozilla/5.0+(Windows+NT+10.0;+Win64;+x64)+AppleWebKit/537.36+(KHTML,+like+Gecko)+Chrome/71.0.3578.98+Safari/537.36 http://localhost:63040/Account/Login?ReturnUrl=%2FAccount 200 0 0 17
2019-02-12 16:16:37 ::1 POST /Account/Login - 63040 benedictboaz@gmail.coim ::1 Mozilla/5.0+(Windows+NT+10.0;+Win64;+x64)+AppleWebKit/537.36+(KHTML,+like+Gecko)+Chrome/71.0.3578.98+Safari/537.36 http://localhost:63040/Account/Login 200 0 0 59
2019-02-12 16:16:40 ::1 GET /Admin/Section - 63040 benedictboaz@gmail.coim ::1 Mozilla/5.0+(Windows+NT+10.0;+Win64;+x64)+AppleWebKit/537.36+(KHTML,+like+Gecko)+Chrome/71.0.3578.98+Safari/537.36 http://localhost:63040/Account/Login 302 0 0 10
2019-02-12 16:16:40 ::1 GET /Account/Login ReturnUrl=%2FAdmin%2FSection 63040 benedictboaz@gmail.coim ::1 Mozilla/5.0+(Windows+NT+10.0;+Win64;+x64)+AppleWebKit/537.36+(KHTML,+like+Gecko)+Chrome/71.0.3578.98+Safari/537.36 http://localhost:63040/Account/Login 200 0 0 9
2019-02-12 16:16:42 ::1 GET /Admin/Part - 63040 benedictboaz@gmail.coim ::1 Mozilla/5.0+(Windows+NT+10.0;+Win64;+x64)+AppleWebKit/537.36+(KHTML,+like+Gecko)+Chrome/71.0.3578.98+Safari/537.36 http://localhost:63040/Account/Login?ReturnUrl=%2FAdmin%2FSection 302 0 0 8
2019-02-12 16:16:42 ::1 GET /Account/Login ReturnUrl=%2FAdmin%2FPart 63040 benedictboaz@gmail.coim ::1 Mozilla/5.0+(Windows+NT+10.0;+Win64;+x64)+AppleWebKit/537.36+(KHTML,+like+Gecko)+Chrome/71.0.3578.98+Safari/537.36 http://localhost:63040/Account/Login?ReturnUrl=%2FAdmin%2FSection 200 0 0 11
2019-02-12 16:16:43 ::1 GET /Admin/ItemType - 63040 benedictboaz@gmail.coim ::1 Mozilla/5.0+(Windows+NT+10.0;+Win64;+x64)+AppleWebKit/537.36+(KHTML,+like+Gecko)+Chrome/71.0.3578.98+Safari/537.36 http://localhost:63040/Account/Login?ReturnUrl=%2FAdmin%2FPart 302 0 0 8
2019-02-12 16:16:43 ::1 GET /Account/Login ReturnUrl=%2FAdmin%2FItemType 63040 benedictboaz@gmail.coim ::1 Mozilla/5.0+(Windows+NT+10.0;+Win64;+x64)+AppleWebKit/537.36+(KHTML,+like+Gecko)+Chrome/71.0.3578.98+Safari/537.36 http://localhost:63040/Account/Login?ReturnUrl=%2FAdmin%2FPart 200 0 0 11
2019-02-12 16:16:47 ::1 GET /Manage - 63040 benedictboaz@gmail.coim ::1 Mozilla/5.0+(Windows+NT+10.0;+Win64;+x64)+AppleWebKit/537.36+(KHTML,+like+Gecko)+Chrome/71.0.3578.98+Safari/537.36 http://localhost:63040/Account/Login?ReturnUrl=%2FAdmin%2FItemType 200 0 0 714
2019-02-12 16:16:53 ::1 GET /Manage/ManageLogins - 63040 benedictboaz@gmail.coim ::1 Mozilla/5.0+(Windows+NT+10.0;+Win64;+x64)+AppleWebKit/537.36+(KHTML,+like+Gecko)+Chrome/71.0.3578.98+Safari/537.36 http://localhost:63040/Manage 200 0 0 61
2019-02-12 16:16:55 ::1 GET /Manage - 63040 benedictboaz@gmail.coim ::1 Mozilla/5.0+(Windows+NT+10.0;+Win64;+x64)+AppleWebKit/537.36+(KHTML,+like+Gecko)+Chrome/71.0.3578.98+Safari/537.36 http://localhost:63040/Manage/ManageLogins 200 0 0 37
2019-02-12 16:16:58 ::1 POST /Account/LogOff - 63040 benedictboaz@gmail.coim ::1 Mozilla/5.0+(Windows+NT+10.0;+Win64;+x64)+AppleWebKit/537.36+(KHTML,+like+Gecko)+Chrome/71.0.3578.98+Safari/537.36 http://localhost:63040/Manage 302 0 0 14
2019-02-12 16:16:58 ::1 GET / - 63040 - ::1 Mozilla/5.0+(Windows+NT+10.0;+Win64;+x64)+AppleWebKit/537.36+(KHTML,+like+Gecko)+Chrome/71.0.3578.98+Safari/537.36 http://localhost:63040/Manage 200 0 0 9
2019-02-12 16:17:01 ::1 GET /Account/Login - 63040 - ::1 Mozilla/5.0+(Windows+NT+10.0;+Win64;+x64)+AppleWebKit/537.36+(KHTML,+like+Gecko)+Chrome/71.0.3578.98+Safari/537.36 http://localhost:63040/ 200 0 0 13
2019-02-12 16:17:12 ::1 POST /Account/Login - 63040 - ::1 Mozilla/5.0+(Windows+NT+10.0;+Win64;+x64)+AppleWebKit/537.36+(KHTML,+like+Gecko)+Chrome/71.0.3578.98+Safari/537.36 http://localhost:63040/Account/Login 200 0 0 14
2019-02-12 16:17:25 ::1 POST /Account/Login - 63040 - ::1 Mozilla/5.0+(Windows+NT+10.0;+Win64;+x64)+AppleWebKit/537.36+(KHTML,+like+Gecko)+Chrome/71.0.3578.98+Safari/537.36 http://localhost:63040/Account/Login 302 0 0 109
2019-02-12 16:17:25 ::1 GET / - 63040 benedictboaz@gmail.coim ::1 Mozilla/5.0+(Windows+NT+10.0;+Win64;+x64)+AppleWebKit/537.36+(KHTML,+like+Gecko)+Chrome/71.0.3578.98+Safari/537.36 http://localhost:63040/Account/Login 200 0 0 8
2019-02-12 16:17:58 ::1 GET /Account - 63040 benedictboaz@gmail.coim ::1 Mozilla/5.0+(Windows+NT+10.0;+Win64;+x64)+AppleWebKit/537.36+(KHTML,+like+Gecko)+Chrome/71.0.3578.98+Safari/537.36 http://localhost:63040/ 302 0 0 6
2019-02-12 16:17:58 ::1 GET /Account/Login ReturnUrl=%2FAccount 63040 benedictboaz@gmail.coim ::1 Mozilla/5.0+(Windows+NT+10.0;+Win64;+x64)+AppleWebKit/537.36+(KHTML,+like+Gecko)+Chrome/71.0.3578.98+Safari/537.36 http://localhost:63040/ 200 0 0 15
2019-02-12 16:18:19 ::1 POST /Account/Login ReturnUrl=%2FAccount 63040 benedictboaz@gmail.coim ::1 Mozilla/5.0+(Windows+NT+10.0;+Win64;+x64)+AppleWebKit/537.36+(KHTML,+like+Gecko)+Chrome/71.0.3578.98+Safari/537.36 http://localhost:63040/Account/Login?ReturnUrl=%2FAccount 302 0 0 81
2019-02-12 16:18:19 ::1 GET /Account - 63040 benedictboaz@gmail.coim ::1 Mozilla/5.0+(Windows+NT+10.0;+Win64;+x64)+AppleWebKit/537.36+(KHTML,+like+Gecko)+Chrome/71.0.3578.98+Safari/537.36 http://localhost:63040/Account/Login?ReturnUrl=%2FAccount 302 0 0 4
2019-02-12 16:18:19 ::1 GET /Account/Login ReturnUrl=%2FAccount 63040 benedictboaz@gmail.coim ::1 Mozilla/5.0+(Windows+NT+10.0;+Win64;+x64)+AppleWebKit/537.36+(KHTML,+like+Gecko)+Chrome/71.0.3578.98+Safari/537.36 http://localhost:63040/Account/Login?ReturnUrl=%2FAccount 200 0 0 9
2019-02-12 16:18:25 ::1 GET /Account - 63040 benedictboaz@gmail.coim ::1 Mozilla/5.0+(Windows+NT+10.0;+Win64;+x64)+AppleWebKit/537.36+(KHTML,+like+Gecko)+Chrome/71.0.3578.98+Safari/537.36 http://localhost:63040/Account/Login?ReturnUrl=%2FAccount 302 0 0 6
2019-02-12 16:18:25 ::1 GET /Account/Login ReturnUrl=%2FAccount 63040 benedictboaz@gmail.coim ::1 Mozilla/5.0+(Windows+NT+10.0;+Win64;+x64)+AppleWebKit/537.36+(KHTML,+like+Gecko)+Chrome/71.0.3578.98+Safari/537.36 http://localhost:63040/Account/Login?ReturnUrl=%2FAccount 200 0 0 12
2019-02-12 16:18:26 ::1 GET /Account/Register - 63040 benedictboaz@gmail.coim ::1 Mozilla/5.0+(Windows+NT+10.0;+Win64;+x64)+AppleWebKit/537.36+(KHTML,+like+Gecko)+Chrome/71.0.3578.98+Safari/537.36 http://localhost:63040/Account/Login?ReturnUrl=%2FAccount 200 0 0 14
2019-02-12 16:19:05 ::1 POST /Account/Register - 63040 benedictboaz@gmail.coim ::1 Mozilla/5.0+(Windows+NT+10.0;+Win64;+x64)+AppleWebKit/537.36+(KHTML,+like+Gecko)+Chrome/71.0.3578.98+Safari/537.36 http://localhost:63040/Account/Register 200 0 0 66
2019-02-12 16:19:14 ::1 GET / - 63040 benedictboaz@gmail.coim ::1 Mozilla/5.0+(Windows+NT+10.0;+Win64;+x64)+AppleWebKit/537.36+(KHTML,+like+Gecko)+Chrome/71.0.3578.98+Safari/537.36 http://localhost:63040/Account/Register 200 0 0 14
2019-02-12 16:19:14 ::1 GET /Home/About - 63040 benedictboaz@gmail.coim ::1 Mozilla/5.0+(Windows+NT+10.0;+Win64;+x64)+AppleWebKit/537.36+(KHTML,+like+Gecko)+Chrome/71.0.3578.98+Safari/537.36 http://localhost:63040/ 200 0 0 16
2019-02-12 16:19:15 ::1 GET /Home/Contact - 63040 benedictboaz@gmail.coim ::1 Mozilla/5.0+(Windows+NT+10.0;+Win64;+x64)+AppleWebKit/537.36+(KHTML,+like+Gecko)+Chrome/71.0.3578.98+Safari/537.36 http://localhost:63040/Home/About 200 0 0 11
2019-02-12 16:19:17 ::1 GET /Admin/Section - 63040 benedictboaz@gmail.coim ::1 Mozilla/5.0+(Windows+NT+10.0;+Win64;+x64)+AppleWebKit/537.36+(KHTML,+like+Gecko)+Chrome/71.0.3578.98+Safari/537.36 http://localhost:63040/Home/Contact 302 0 0 10
2019-02-12 16:19:17 ::1 GET /Account/Login ReturnUrl=%2FAdmin%2FSection 63040 benedictboaz@gmail.coim ::1 Mozilla/5.0+(Windows+NT+10.0;+Win64;+x64)+AppleWebKit/537.36+(KHTML,+like+Gecko)+Chrome/71.0.3578.98+Safari/537.36 http://localhost:63040/Home/Contact 200 0 0 13
#Software: Microsoft Internet Information Services 10.0
#Version: 1.0
#Date: 2019-02-12 16:43:06
#Fields: date time s-ip cs-method cs-uri-stem cs-uri-query s-port cs-username c-ip cs(User-Agent) cs(Referer) sc-status sc-substatus sc-win32-status time-taken
2019-02-12 16:43:06 ::1 GET / - 63040 benedictboaz@gmail.coim ::1 Mozilla/5.0+(Windows+NT+10.0;+Win64;+x64)+AppleWebKit/537.36+(KHTML,+like+Gecko)+Chrome/71.0.3578.98+Safari/537.36 http://localhost:63040/Account/Login?ReturnUrl=%2FAdmin%2FSection 200 0 0 26
2019-02-12 16:43:07 ::1 GET /Home/About - 63040 benedictboaz@gmail.coim ::1 Mozilla/5.0+(Windows+NT+10.0;+Win64;+x64)+AppleWebKit/537.36+(KHTML,+like+Gecko)+Chrome/71.0.3578.98+Safari/537.36 http://localhost:63040/ 200 0 0 20
2019-02-12 16:44:08 ::1 GET / - 63040 benedictboaz@gmail.coim ::1 Mozilla/5.0+(Windows+NT+10.0;+Win64;+x64)+AppleWebKit/537.36+(KHTML,+like+Gecko)+Chrome/71.0.3578.98+Safari/537.36 http://localhost:63040/Home/About 200 0 0 13
2019-02-12 16:44:34 ::1 GET / - 63040 benedictboaz@gmail.coim ::1 Mozilla/5.0+(Windows+NT+10.0;+Win64;+x64)+AppleWebKit/537.36+(KHTML,+like+Gecko)+Chrome/71.0.3578.98+Safari/537.36 http://localhost:63040/ 200 0 0 12
#Software: Microsoft Internet Information Services 10.0
#Version: 1.0
#Date: 2019-02-12 16:56:22
#Fields: date time s-ip cs-method cs-uri-stem cs-uri-query s-port cs-username c-ip cs(User-Agent) cs(Referer) sc-status sc-substatus sc-win32-status time-taken
2019-02-12 16:56:22 ::1 GET /Home/Index - 63040 benedictboaz@gmail.coim ::1 Mozilla/5.0+(Windows+NT+10.0;+Win64;+x64)+AppleWebKit/537.36+(KHTML,+like+Gecko)+Chrome/71.0.3578.98+Safari/537.36 - 200 0 0 12027
2019-02-12 16:58:34 ::1 GET / - 63040 benedictboaz@gmail.coim ::1 Mozilla/5.0+(Windows+NT+10.0;+Win64;+x64)+AppleWebKit/537.36+(KHTML,+like+Gecko)+Chrome/71.0.3578.98+Safari/537.36 http://localhost:63040/Home/Index 200 0 0 16
2019-02-12 16:58:36 ::1 GET /Admin/Section - 63040 benedictboaz@gmail.coim ::1 Mozilla/5.0+(Windows+NT+10.0;+Win64;+x64)+AppleWebKit/537.36+(KHTML,+like+Gecko)+Chrome/71.0.3578.98+Safari/537.36 http://localhost:63040/ 302 0 0 25
2019-02-12 16:58:36 ::1 GET /Account/Login ReturnUrl=%2FAdmin%2FSection 63040 benedictboaz@gmail.coim ::1 Mozilla/5.0+(Windows+NT+10.0;+Win64;+x64)+AppleWebKit/537.36+(KHTML,+like+Gecko)+Chrome/71.0.3578.98+Safari/537.36 http://localhost:63040/ 200 0 0 227
2019-02-12 16:58:55 ::1 POST /Account/Login ReturnUrl=%2FAdmin%2FSection 63040 benedictboaz@gmail.coim ::1 Mozilla/5.0+(Windows+NT+10.0;+Win64;+x64)+AppleWebKit/537.36+(KHTML,+like+Gecko)+Chrome/71.0.3578.98+Safari/537.36 http://localhost:63040/Account/Login?ReturnUrl=%2FAdmin%2FSection 200 0 0 116
2019-02-12 16:59:00 ::1 GET /Account/Register - 63040 benedictboaz@gmail.coim ::1 Mozilla/5.0+(Windows+NT+10.0;+Win64;+x64)+AppleWebKit/537.36+(KHTML,+like+Gecko)+Chrome/71.0.3578.98+Safari/537.36 http://localhost:63040/Account/Login?ReturnUrl=%2FAdmin%2FSection 200 0 0 35
2019-02-12 16:59:15 ::1 POST /Account/Register - 63040 benedictboaz@gmail.coim ::1 Mozilla/5.0+(Windows+NT+10.0;+Win64;+x64)+AppleWebKit/537.36+(KHTML,+like+Gecko)+Chrome/71.0.3578.98+Safari/537.36 http://localhost:63040/Account/Register 302 0 0 158
2019-02-12 16:59:15 ::1 GET / - 63040 bboaz1@cub.uca.edu ::1 Mozilla/5.0+(Windows+NT+10.0;+Win64;+x64)+AppleWebKit/537.36+(KHTML,+like+Gecko)+Chrome/71.0.3578.98+Safari/537.36 http://localhost:63040/Account/Register 200 0 0 5
2019-02-12 16:59:18 ::1 GET /Admin/Section - 63040 bboaz1@cub.uca.edu ::1 Mozilla/5.0+(Windows+NT+10.0;+Win64;+x64)+AppleWebKit/537.36+(KHTML,+like+Gecko)+Chrome/71.0.3578.98+Safari/537.36 http://localhost:63040/ 302 0 0 6
2019-02-12 16:59:18 ::1 GET /Account/Login ReturnUrl=%2FAdmin%2FSection 63040 bboaz1@cub.uca.edu ::1 Mozilla/5.0+(Windows+NT+10.0;+Win64;+x64)+AppleWebKit/537.36+(KHTML,+like+Gecko)+Chrome/71.0.3578.98+Safari/537.36 http://localhost:63040/ 200 0 0 15
2019-02-12 16:59:20 ::1 GET /Admin/Subscription - 63040 bboaz1@cub.uca.edu ::1 Mozilla/5.0+(Windows+NT+10.0;+Win64;+x64)+AppleWebKit/537.36+(KHTML,+like+Gecko)+Chrome/71.0.3578.98+Safari/537.36 http://localhost:63040/Account/Login?ReturnUrl=%2FAdmin%2FSection 302 0 0 11
2019-02-12 16:59:20 ::1 GET /Account/Login ReturnUrl=%2FAdmin%2FSubscription 63040 bboaz1@cub.uca.edu ::1 Mozilla/5.0+(Windows+NT+10.0;+Win64;+x64)+AppleWebKit/537.36+(KHTML,+like+Gecko)+Chrome/71.0.3578.98+Safari/537.36 http://localhost:63040/Account/Login?ReturnUrl=%2FAdmin%2FSection 200 0 0 10
2019-02-12 16:59:22 ::1 GET /Admin/Part - 63040 bboaz1@cub.uca.edu ::1 Mozilla/5.0+(Windows+NT+10.0;+Win64;+x64)+AppleWebKit/537.36+(KHTML,+like+Gecko)+Chrome/71.0.3578.98+Safari/537.36 http://localhost:63040/Account/Login?ReturnUrl=%2FAdmin%2FSubscription 302 0 0 14
2019-02-12 16:59:22 ::1 GET /Account/Login ReturnUrl=%2FAdmin%2FPart 63040 bboaz1@cub.uca.edu ::1 Mozilla/5.0+(Windows+NT+10.0;+Win64;+x64)+AppleWebKit/537.36+(KHTML,+like+Gecko)+Chrome/71.0.3578.98+Safari/537.36 http://localhost:63040/Account/Login?ReturnUrl=%2FAdmin%2FSubscription 200 0 0 10
2019-02-12 17:08:24 ::1 GET /Manage - 63040 bboaz1@cub.uca.edu ::1 Mozilla/5.0+(Windows+NT+10.0;+Win64;+x64)+AppleWebKit/537.36+(KHTML,+like+Gecko)+Chrome/71.0.3578.98+Safari/537.36 http://localhost:63040/Account/Login?ReturnUrl=%2FAdmin%2FPart 200 0 0 184
2019-02-12 17:08:31 ::1 POST /Account/LogOff - 63040 bboaz1@cub.uca.edu ::1 Mozilla/5.0+(Windows+NT+10.0;+Win64;+x64)+AppleWebKit/537.36+(KHTML,+like+Gecko)+Chrome/71.0.3578.98+Safari/537.36 http://localhost:63040/Manage 302 0 0 12
2019-02-12 17:08:31 ::1 GET / - 63040 - ::1 Mozilla/5.0+(Windows+NT+10.0;+Win64;+x64)+AppleWebKit/537.36+(KHTML,+like+Gecko)+Chrome/71.0.3578.98+Safari/537.36 http://localhost:63040/Manage 200 0 0 10
2019-02-12 17:08:32 ::1 GET /Account/Login - 63040 - ::1 Mozilla/5.0+(Windows+NT+10.0;+Win64;+x64)+AppleWebKit/537.36+(KHTML,+like+Gecko)+Chrome/71.0.3578.98+Safari/537.36 http://localhost:63040/ 200 0 0 48
2019-02-12 17:09:31 ::1 GET /Admin/Section - 63040 - ::1 Mozilla/5.0+(Windows+NT+10.0;+Win64;+x64)+AppleWebKit/537.36+(KHTML,+like+Gecko)+Chrome/71.0.3578.98+Safari/537.36 http://localhost:63040/Account/Login 302 0 0 8
2019-02-12 17:09:31 ::1 GET /Account/Login ReturnUrl=%2FAdmin%2FSection 63040 - ::1 Mozilla/5.0+(Windows+NT+10.0;+Win64;+x64)+AppleWebKit/537.36+(KHTML,+like+Gecko)+Chrome/71.0.3578.98+Safari/537.36 http://localhost:63040/Account/Login 200 0 0 7
2019-02-12 17:09:40 ::1 POST /Account/Login ReturnUrl=%2FAdmin%2FSection 63040 - ::1 Mozilla/5.0+(Windows+NT+10.0;+Win64;+x64)+AppleWebKit/537.36+(KHTML,+like+Gecko)+Chrome/71.0.3578.98+Safari/537.36 http://localhost:63040/Account/Login?ReturnUrl=%2FAdmin%2FSection 302 0 0 84
2019-02-12 17:09:40 ::1 GET /Admin/Section - 63040 ben@redpointegroup.com ::1 Mozilla/5.0+(Windows+NT+10.0;+Win64;+x64)+AppleWebKit/537.36+(KHTML,+like+Gecko)+Chrome/71.0.3578.98+Safari/537.36 http://localhost:63040/Account/Login?ReturnUrl=%2FAdmin%2FSection 302 0 0 5
2019-02-12 17:09:40 ::1 GET /Account/Login ReturnUrl=%2FAdmin%2FSection 63040 ben@redpointegroup.com ::1 Mozilla/5.0+(Windows+NT+10.0;+Win64;+x64)+AppleWebKit/537.36+(KHTML,+like+Gecko)+Chrome/71.0.3578.98+Safari/537.36 http://localhost:63040/Account/Login?ReturnUrl=%2FAdmin%2FSection 200 0 0 7
2019-02-12 17:09:45 ::1 GET /Home/Contact - 63040 ben@redpointegroup.com ::1 Mozilla/5.0+(Windows+NT+10.0;+Win64;+x64)+AppleWebKit/537.36+(KHTML,+like+Gecko)+Chrome/71.0.3578.98+Safari/537.36 http://localhost:63040/Account/Login?ReturnUrl=%2FAdmin%2FSection 200 0 0 34
2019-02-12 17:09:45 ::1 GET /Home/About - 63040 ben@redpointegroup.com ::1 Mozilla/5.0+(Windows+NT+10.0;+Win64;+x64)+AppleWebKit/537.36+(KHTML,+like+Gecko)+Chrome/71.0.3578.98+Safari/537.36 http://localhost:63040/Home/Contact 200 0 0 21
2019-02-12 17:09:47 ::1 GET /Admin/Section - 63040 ben@redpointegroup.com ::1 Mozilla/5.0+(Windows+NT+10.0;+Win64;+x64)+AppleWebKit/537.36+(KHTML,+like+Gecko)+Chrome/71.0.3578.98+Safari/537.36 http://localhost:63040/Home/About 302 0 0 7
2019-02-12 17:09:47 ::1 GET /Account/Login ReturnUrl=%2FAdmin%2FSection 63040 ben@redpointegroup.com ::1 Mozilla/5.0+(Windows+NT+10.0;+Win64;+x64)+AppleWebKit/537.36+(KHTML,+like+Gecko)+Chrome/71.0.3578.98+Safari/537.36 http://localhost:63040/Home/About 200 0 0 15
2019-02-12 17:09:53 ::1 POST /Account/Login ReturnUrl=%2FAdmin%2FSection 63040 ben@redpointegroup.com ::1 Mozilla/5.0+(Windows+NT+10.0;+Win64;+x64)+AppleWebKit/537.36+(KHTML,+like+Gecko)+Chrome/71.0.3578.98+Safari/537.36 http://localhost:63040/Account/Login?ReturnUrl=%2FAdmin%2FSection 302 0 0 71
2019-02-12 17:09:53 ::1 GET /Admin/Section - 63040 ben@redpointegroup.com ::1 Mozilla/5.0+(Windows+NT+10.0;+Win64;+x64)+AppleWebKit/537.36+(KHTML,+like+Gecko)+Chrome/71.0.3578.98+Safari/537.36 http://localhost:63040/Account/Login?ReturnUrl=%2FAdmin%2FSection 302 0 0 8
2019-02-12 17:09:53 ::1 GET /Account/Login ReturnUrl=%2FAdmin%2FSection 63040 ben@redpointegroup.com ::1 Mozilla/5.0+(Windows+NT+10.0;+Win64;+x64)+AppleWebKit/537.36+(KHTML,+like+Gecko)+Chrome/71.0.3578.98+Safari/537.36 http://localhost:63040/Account/Login?ReturnUrl=%2FAdmin%2FSection 200 0 0 7
2019-02-12 17:09:57 ::1 GET /Admin/ItemType - 63040 ben@redpointegroup.com ::1 Mozilla/5.0+(Windows+NT+10.0;+Win64;+x64)+AppleWebKit/537.36+(KHTML,+like+Gecko)+Chrome/71.0.3578.98+Safari/537.36 http://localhost:63040/Account/Login?ReturnUrl=%2FAdmin%2FSection 302 0 0 8
2019-02-12 17:09:57 ::1 GET /Account/Login ReturnUrl=%2FAdmin%2FItemType 63040 ben@redpointegroup.com ::1 Mozilla/5.0+(Windows+NT+10.0;+Win64;+x64)+AppleWebKit/537.36+(KHTML,+like+Gecko)+Chrome/71.0.3578.98+Safari/537.36 http://localhost:63040/Account/Login?ReturnUrl=%2FAdmin%2FSection 200 0 0 8
2019-02-12 17:14:58 ::1 GET /Admin/Subscription - 63040 ben@redpointegroup.com ::1 Mozilla/5.0+(Windows+NT+10.0;+Win64;+x64)+AppleWebKit/537.36+(KHTML,+like+Gecko)+Chrome/71.0.3578.98+Safari/537.36 http://localhost:63040/Account/Login?ReturnUrl=%2FAdmin%2FItemType 302 0 0 21
2019-02-12 17:14:58 ::1 GET /Account/Login ReturnUrl=%2FAdmin%2FSubscription 63040 ben@redpointegroup.com ::1 Mozilla/5.0+(Windows+NT+10.0;+Win64;+x64)+AppleWebKit/537.36+(KHTML,+like+Gecko)+Chrome/71.0.3578.98+Safari/537.36 http://localhost:63040/Account/Login?ReturnUrl=%2FAdmin%2FItemType 200 0 0 35
2019-02-12 17:15:54 ::1 GET /Admin/Item - 63040 ben@redpointegroup.com ::1 Mozilla/5.0+(Windows+NT+10.0;+Win64;+x64)+AppleWebKit/537.36+(KHTML,+like+Gecko)+Chrome/71.0.3578.98+Safari/537.36 http://localhost:63040/Account/Login?ReturnUrl=%2FAdmin%2FSubscription 302 0 0 14
2019-02-12 17:15:54 ::1 GET /Account/Login ReturnUrl=%2FAdmin%2FItem 63040 ben@redpointegroup.com ::1 Mozilla/5.0+(Windows+NT+10.0;+Win64;+x64)+AppleWebKit/537.36+(KHTML,+like+Gecko)+Chrome/71.0.3578.98+Safari/537.36 http://localhost:63040/Account/Login?ReturnUrl=%2FAdmin%2FSubscription 200 0 0 33
2019-02-12 17:16:37 ::1 GET /Manage - 63040 ben@redpointegroup.com ::1 Mozilla/5.0+(Windows+NT+10.0;+Win64;+x64)+AppleWebKit/537.36+(KHTML,+like+Gecko)+Chrome/71.0.3578.98+Safari/537.36 http://localhost:63040/Account/Login?ReturnUrl=%2FAdmin%2FItem 200 0 0 125
2019-02-12 17:16:47 ::1 GET /Admin/Section - 63040 ben@redpointegroup.com ::1 Mozilla/5.0+(Windows+NT+10.0;+Win64;+x64)+AppleWebKit/537.36+(KHTML,+like+Gecko)+Chrome/71.0.3578.98+Safari/537.36 http://localhost:63040/Manage 302 0 0 9
2019-02-12 17:16:47 ::1 GET /Account/Login ReturnUrl=%2FAdmin%2FSection 63040 ben@redpointegroup.com ::1 Mozilla/5.0+(Windows+NT+10.0;+Win64;+x64)+AppleWebKit/537.36+(KHTML,+like+Gecko)+Chrome/71.0.3578.98+Safari/537.36 http://localhost:63040/Manage 200 0 0 9
2019-02-12 17:17:02 ::1 POST /Account/Login ReturnUrl=%2FAdmin%2FSection 63040 ben@redpointegroup.com ::1 Mozilla/5.0+(Windows+NT+10.0;+Win64;+x64)+AppleWebKit/537.36+(KHTML,+like+Gecko)+Chrome/71.0.3578.98+Safari/537.36 http://localhost:63040/Account/Login?ReturnUrl=%2FAdmin%2FSection 302 0 0 75
2019-02-12 17:17:09 ::1 GET /Admin/Section - 63040 admin@company.com ::1 Mozilla/5.0+(Windows+NT+10.0;+Win64;+x64)+AppleWebKit/537.36+(KHTML,+like+Gecko)+Chrome/71.0.3578.98+Safari/537.36 http://localhost:63040/Account/Login?ReturnUrl=%2FAdmin%2FSection 200 0 0 7078
2019-02-12 17:17:13 ::1 GET /Admin/Section - 63040 admin@company.com ::1 Mozilla/5.0+(Windows+NT+10.0;+Win64;+x64)+AppleWebKit/537.36+(KHTML,+like+Gecko)+Chrome/71.0.3578.98+Safari/537.36 http://localhost:63040/Admin/Section 200 0 0 12
2019-02-12 17:17:16 ::1 GET /Admin/Part - 63040 admin@company.com ::1 Mozilla/5.0+(Windows+NT+10.0;+Win64;+x64)+AppleWebKit/537.36+(KHTML,+like+Gecko)+Chrome/71.0.3578.98+Safari/537.36 http://localhost:63040/Admin/Section 200 0 0 508
2019-02-12 17:17:18 ::1 GET /Admin/ItemType - 63040 admin@company.com ::1 Mozilla/5.0+(Windows+NT+10.0;+Win64;+x64)+AppleWebKit/537.36+(KHTML,+like+Gecko)+Chrome/71.0.3578.98+Safari/537.36 http://localhost:63040/Admin/Part 200 0 0 529
2019-02-12 17:17:21 ::1 GET /Admin/ProductLinkText - 63040 admin@company.com ::1 Mozilla/5.0+(Windows+NT+10.0;+Win64;+x64)+AppleWebKit/537.36+(KHTML,+like+Gecko)+Chrome/71.0.3578.98+Safari/537.36 http://localhost:63040/Admin/ItemType 200 0 0 584
#Software: Microsoft Internet Information Services 10.0
#Version: 1.0
#Date: 2019-02-12 17:25:53
#Fields: date time s-ip cs-method cs-uri-stem cs-uri-query s-port cs-username c-ip cs(User-Agent) cs(Referer) sc-status sc-substatus sc-win32-status time-taken
2019-02-12 17:25:53 ::1 GET / - 63040 admin@company.com ::1 Mozilla/5.0+(Windows+NT+10.0;+Win64;+x64)+AppleWebKit/537.36+(KHTML,+like+Gecko)+Chrome/71.0.3578.98+Safari/537.36 - 200 0 0 4456
2019-02-12 17:26:01 ::1 GET /Admin/ProductLinkText - 63040 admin@company.com ::1 Mozilla/5.0+(Windows+NT+10.0;+Win64;+x64)+AppleWebKit/537.36+(KHTML,+like+Gecko)+Chrome/71.0.3578.98+Safari/537.36 http://localhost:63040/ 200 0 0 787
2019-02-12 17:26:03 ::1 GET /Admin/ProductLinkText/Create - 63040 admin@company.com ::1 Mozilla/5.0+(Windows+NT+10.0;+Win64;+x64)+AppleWebKit/537.36+(KHTML,+like+Gecko)+Chrome/71.0.3578.98+Safari/537.36 http://localhost:63040/Admin/ProductLinkText 200 0 0 86
2019-02-12 17:26:26 ::1 POST /Admin/ProductLinkText/Create - 63040 admin@company.com ::1 Mozilla/5.0+(Windows+NT+10.0;+Win64;+x64)+AppleWebKit/537.36+(KHTML,+like+Gecko)+Chrome/71.0.3578.98+Safari/537.36 http://localhost:63040/Admin/ProductLinkText/Create 302 0 0 134
2019-02-12 17:26:26 ::1 GET /Admin/ProductLinkText - 63040 admin@company.com ::1 Mozilla/5.0+(Windows+NT+10.0;+Win64;+x64)+AppleWebKit/537.36+(KHTML,+like+Gecko)+Chrome/71.0.3578.98+Safari/537.36 http://localhost:63040/Admin/ProductLinkText/Create 200 0 0 11
2019-02-12 17:26:27 ::1 GET /Admin/ProductLinkText/Delete - 63040 admin@company.com ::1 Mozilla/5.0+(Windows+NT+10.0;+Win64;+x64)+AppleWebKit/537.36+(KHTML,+like+Gecko)+Chrome/71.0.3578.98+Safari/537.36 http://localhost:63040/Admin/ProductLinkText 400 0 0 12
2019-02-12 17:26:30 ::1 GET /Admin/ProductLinkText/Delete - 63040 admin@company.com ::1 Mozilla/5.0+(Windows+NT+10.0;+Win64;+x64)+AppleWebKit/537.36+(KHTML,+like+Gecko)+Chrome/71.0.3578.98+Safari/537.36 http://localhost:63040/Admin/ProductLinkText 400 0 0 8
2019-02-12 17:26:33 ::1 GET /Admin/ProductLinkText/Delete - 63040 admin@company.com ::1 Mozilla/5.0+(Windows+NT+10.0;+Win64;+x64)+AppleWebKit/537.36+(KHTML,+like+Gecko)+Chrome/71.0.3578.98+Safari/537.36 http://localhost:63040/Admin/ProductLinkText 400 0 0 9
2019-02-12 17:26:38 ::1 GET /Admin/ProductLinkText/Delete - 63040 admin@company.com ::1 Mozilla/5.0+(Windows+NT+10.0;+Win64;+x64)+AppleWebKit/537.36+(KHTML,+like+Gecko)+Chrome/71.0.3578.98+Safari/537.36 http://localhost:63040/Admin/ProductLinkText 400 0 0 9
2019-02-12 17:27:16 ::1 GET /Admin/ProductType - 63040 admin@company.com ::1 Mozilla/5.0+(Windows+NT+10.0;+Win64;+x64)+AppleWebKit/537.36+(KHTML,+like+Gecko)+Chrome/71.0.3578.98+Safari/537.36 http://localhost:63040/Admin/ProductLinkText 200 0 0 768
2019-02-12 17:27:42 ::1 GET /Admin/Product - 63040 admin@company.com ::1 Mozilla/5.0+(Windows+NT+10.0;+Win64;+x64)+AppleWebKit/537.36+(KHTML,+like+Gecko)+Chrome/71.0.3578.98+Safari/537.36 http://localhost:63040/Admin/ProductType 200 0 0 598
2019-02-12 17:27:45 ::1 GET /Admin/Product/Delete - 63040 admin@company.com ::1 Mozilla/5.0+(Windows+NT+10.0;+Win64;+x64)+AppleWebKit/537.36+(KHTML,+like+Gecko)+Chrome/71.0.3578.98+Safari/537.36 http://localhost:63040/Admin/Product 400 0 0 14
2019-02-12 17:27:59 ::1 GET /Admin/Product/Create - 63040 admin@company.com ::1 Mozilla/5.0+(Windows+NT+10.0;+Win64;+x64)+AppleWebKit/537.36+(KHTML,+like+Gecko)+Chrome/71.0.3578.98+Safari/537.36 http://localhost:63040/Admin/Product 200 0 0 52
#Software: Microsoft Internet Information Services 10.0
#Version: 1.0
#Date: 2019-02-12 17:45:11
#Fields: date time s-ip cs-method cs-uri-stem cs-uri-query s-port cs-username c-ip cs(User-Agent) cs(Referer) sc-status sc-substatus sc-win32-status time-taken
2019-02-12 17:45:11 ::1 GET /Admin/Product/Create - 63040 admin@company.com ::1 Mozilla/5.0+(Windows+NT+10.0;+Win64;+x64)+AppleWebKit/537.36+(KHTML,+like+Gecko)+Chrome/71.0.3578.98+Safari/537.36 - 200 0 0 16051
2019-02-12 17:52:56 ::1 POST /Admin/Product/Create - 63040 admin@company.com ::1 Mozilla/5.0+(Windows+NT+10.0;+Win64;+x64)+AppleWebKit/537.36+(KHTML,+like+Gecko)+Chrome/71.0.3578.98+Safari/537.36 http://localhost:63040/Admin/Product/Create 302 0 0 456
2019-02-12 17:52:56 ::1 GET /Admin/Product - 63040 admin@company.com ::1 Mozilla/5.0+(Windows+NT+10.0;+Win64;+x64)+AppleWebKit/537.36+(KHTML,+like+Gecko)+Chrome/71.0.3578.98+Safari/537.36 http://localhost:63040/Admin/Product/Create 200 0 0 121
2019-02-12 17:53:18 ::1 GET /Admin/Product/Details - 63040 admin@company.com ::1 Mozilla/5.0+(Windows+NT+10.0;+Win64;+x64)+AppleWebKit/537.36+(KHTML,+like+Gecko)+Chrome/71.0.3578.98+Safari/537.36 http://localhost:63040/Admin/Product 400 0 0 18
2019-02-12 17:53:21 ::1 GET /Admin/Product/Subscription - 63040 admin@company.com ::1 Mozilla/5.0+(Windows+NT+10.0;+Win64;+x64)+AppleWebKit/537.36+(KHTML,+like+Gecko)+Chrome/71.0.3578.98+Safari/537.36 http://localhost:63040/Admin/Product 404 0 0 21
2019-02-12 17:54:30 ::1 GET /Admin/Product/Subscription - 63040 admin@company.com ::1 Mozilla/5.0+(Windows+NT+10.0;+Win64;+x64)+AppleWebKit/537.36+(KHTML,+like+Gecko)+Chrome/71.0.3578.98+Safari/537.36 http://localhost:63040/Admin/Product 404 0 0 11
2019-02-12 17:54:35 ::1 GET /Admin/Product/Delete - 63040 admin@company.com ::1 Mozilla/5.0+(Windows+NT+10.0;+Win64;+x64)+AppleWebKit/537.36+(KHTML,+like+Gecko)+Chrome/71.0.3578.98+Safari/537.36 http://localhost:63040/Admin/Product 400 0 0 16
2019-02-12 17:55:20 ::1 GET /Admin/Product/Edit - 63040 admin@company.com ::1 Mozilla/5.0+(Windows+NT+10.0;+Win64;+x64)+AppleWebKit/537.36+(KHTML,+like+Gecko)+Chrome/71.0.3578.98+Safari/537.36 http://localhost:63040/Admin/Product 400 0 0 16
2019-02-12 17:55:29 ::1 GET /Admin/Product/Edit - 63040 admin@company.com ::1 Mozilla/5.0+(Windows+NT+10.0;+Win64;+x64)+AppleWebKit/537.36+(KHTML,+like+Gecko)+Chrome/71.0.3578.98+Safari/537.36 http://localhost:63040/Admin/Product 400 0 0 8
2019-02-12 17:56:25 ::1 GET /Admin/Product/Edit - 63040 admin@company.com ::1 Mozilla/5.0+(Windows+NT+10.0;+Win64;+x64)+AppleWebKit/537.36+(KHTML,+like+Gecko)+Chrome/71.0.3578.98+Safari/537.36 http://localhost:63040/Admin/Product 400 0 0 9
#Software: Microsoft Internet Information Services 10.0
#Version: 1.0
#Date: 2019-02-12 18:15:58
#Fields: date time s-ip cs-method cs-uri-stem cs-uri-query s-port cs-username c-ip cs(User-Agent) cs(Referer) sc-status sc-substatus sc-win32-status time-taken
2019-02-12 18:15:58 ::1 GET / - 63040 admin@company.com ::1 Mozilla/5.0+(Windows+NT+10.0;+Win64;+x64)+AppleWebKit/537.36+(KHTML,+like+Gecko)+Chrome/71.0.3578.98+Safari/537.36 - 200 0 0 14152
2019-02-12 18:16:05 ::1 GET /Admin/Product - 63040 admin@company.com ::1 Mozilla/5.0+(Windows+NT+10.0;+Win64;+x64)+AppleWebKit/537.36+(KHTML,+like+Gecko)+Chrome/71.0.3578.98+Safari/537.36 http://localhost:63040/ 200 0 0 2977
2019-02-12 18:16:14 ::1 GET /Admin/Product/Details - 63040 admin@company.com ::1 Mozilla/5.0+(Windows+NT+10.0;+Win64;+x64)+AppleWebKit/537.36+(KHTML,+like+Gecko)+Chrome/71.0.3578.98+Safari/537.36 http://localhost:63040/Admin/Product 400 0 0 35
2019-02-12 18:16:18 ::1 GET /Admin/Product/Subscription - 63040 admin@company.com ::1 Mozilla/5.0+(Windows+NT+10.0;+Win64;+x64)+AppleWebKit/537.36+(KHTML,+like+Gecko)+Chrome/71.0.3578.98+Safari/537.36 http://localhost:63040/Admin/Product 404 0 0 20
2019-02-12 18:16:22 ::1 GET /Admin/Product/Delete - 63040 admin@company.com ::1 Mozilla/5.0+(Windows+NT+10.0;+Win64;+x64)+AppleWebKit/537.36+(KHTML,+like+Gecko)+Chrome/71.0.3578.98+Safari/537.36 http://localhost:63040/Admin/Product 400 0 0 22
#Software: Microsoft Internet Information Services 10.0
#Version: 1.0
#Date: 2019-02-12 19:17:02
#Fields: date time s-ip cs-method cs-uri-stem cs-uri-query s-port cs-username c-ip cs(User-Agent) cs(Referer) sc-status sc-substatus sc-win32-status time-taken
2019-02-12 19:17:02 ::1 GET / - 63040 admin@company.com ::1 Mozilla/5.0+(Windows+NT+10.0;+Win64;+x64)+AppleWebKit/537.36+(KHTML,+like+Gecko)+Chrome/71.0.3578.98+Safari/537.36 - 200 0 0 16709
2019-02-12 19:17:10 ::1 GET /Admin/Product - 63040 admin@company.com ::1 Mozilla/5.0+(Windows+NT+10.0;+Win64;+x64)+AppleWebKit/537.36+(KHTML,+like+Gecko)+Chrome/71.0.3578.98+Safari/537.36 http://localhost:63040/ 200 0 0 1399
2019-02-12 19:17:16 ::1 GET /Admin/Product/Details - 63040 admin@company.com ::1 Mozilla/5.0+(Windows+NT+10.0;+Win64;+x64)+AppleWebKit/537.36+(KHTML,+like+Gecko)+Chrome/71.0.3578.98+Safari/537.36 http://localhost:63040/Admin/Product 400 0 0 48
2019-02-12 19:17:19 ::1 GET /Admin/Product/Subscription - 63040 admin@company.com ::1 Mozilla/5.0+(Windows+NT+10.0;+Win64;+x64)+AppleWebKit/537.36+(KHTML,+like+Gecko)+Chrome/71.0.3578.98+Safari/537.36 http://localhost:63040/Admin/Product 404 0 0 26
2019-02-12 19:17:22 ::1 GET /Admin/Product/Delete - 63040 admin@company.com ::1 Mozilla/5.0+(Windows+NT+10.0;+Win64;+x64)+AppleWebKit/537.36+(KHTML,+like+Gecko)+Chrome/71.0.3578.98+Safari/537.36 http://localhost:63040/Admin/Product 400 0 0 15
#Software: Microsoft Internet Information Services 10.0
#Version: 1.0
#Date: 2019-02-12 20:05:29
#Fields: date time s-ip cs-method cs-uri-stem cs-uri-query s-port cs-username c-ip cs(User-Agent) cs(Referer) sc-status sc-substatus sc-win32-status time-taken
2019-02-12 20:05:29 ::1 GET / - 63040 admin@company.com ::1 Mozilla/5.0+(Windows+NT+10.0;+Win64;+x64)+AppleWebKit/537.36+(KHTML,+like+Gecko)+Chrome/71.0.3578.98+Safari/537.36 - 200 0 0 10886
2019-02-12 20:05:32 ::1 GET /Admin/Product - 63040 admin@company.com ::1 Mozilla/5.0+(Windows+NT+10.0;+Win64;+x64)+AppleWebKit/537.36+(KHTML,+like+Gecko)+Chrome/71.0.3578.98+Safari/537.36 http://localhost:63040/ 200 0 0 300
2019-02-12 20:05:35 ::1 GET /Admin/Product/Delete - 63040 admin@company.com ::1 Mozilla/5.0+(Windows+NT+10.0;+Win64;+x64)+AppleWebKit/537.36+(KHTML,+like+Gecko)+Chrome/71.0.3578.98+Safari/537.36 http://localhost:63040/Admin/Product 400 0 0 85
#Software: Microsoft Internet Information Services 10.0
#Version: 1.0
#Date: 2019-02-12 20:08:42
#Fields: date time s-ip cs-method cs-uri-stem cs-uri-query s-port cs-username c-ip cs(User-Agent) cs(Referer) sc-status sc-substatus sc-win32-status time-taken
2019-02-12 20:08:42 ::1 GET / - 63040 admin@company.com ::1 Mozilla/5.0+(Windows+NT+10.0;+Win64;+x64)+AppleWebKit/537.36+(KHTML,+like+Gecko)+Chrome/71.0.3578.98+Safari/537.36 - 200 0 0 20188
2019-02-12 20:08:48 ::1 GET /Admin/Product - 63040 admin@company.com ::1 Mozilla/5.0+(Windows+NT+10.0;+Win64;+x64)+AppleWebKit/537.36+(KHTML,+like+Gecko)+Chrome/71.0.3578.98+Safari/537.36 http://localhost:63040/ 200 0 0 3076
2019-02-12 20:08:57 ::1 GET /Admin/Product/Delete - 63040 admin@company.com ::1 Mozilla/5.0+(Windows+NT+10.0;+Win64;+x64)+AppleWebKit/537.36+(KHTML,+like+Gecko)+Chrome/71.0.3578.98+Safari/537.36 http://localhost:63040/Admin/Product 404 0 0 59
#Software: Microsoft Internet Information Services 10.0
#Version: 1.0
#Date: 2019-02-12 20:09:36
#Fields: date time s-ip cs-method cs-uri-stem cs-uri-query s-port cs-username c-ip cs(User-Agent) cs(Referer) sc-status sc-substatus sc-win32-status time-taken
2019-02-12 20:09:36 ::1 GET / - 63040 admin@company.com ::1 Mozilla/5.0+(Windows+NT+10.0;+Win64;+x64)+AppleWebKit/537.36+(KHTML,+like+Gecko)+Chrome/71.0.3578.98+Safari/537.36 - 200 0 0 10194
2019-02-12 20:12:32 ::1 GET /Admin/Product - 63040 admin@company.com ::1 Mozilla/5.0+(Windows+NT+10.0;+Win64;+x64)+AppleWebKit/537.36+(KHTML,+like+Gecko)+Chrome/71.0.3578.98+Safari/537.36 http://localhost:63040/ 200 0 0 2635
2019-02-12 20:12:45 ::1 GET /Admin/Product/Delete - 63040 admin@company.com ::1 Mozilla/5.0+(Windows+NT+10.0;+Win64;+x64)+AppleWebKit/537.36+(KHTML,+like+Gecko)+Chrome/71.0.3578.98+Safari/537.36 http://localhost:63040/Admin/Product 400 0 0 57
2019-02-12 20:12:48 ::1 GET /Admin/Product/Delete - 63040 admin@company.com ::1 Mozilla/5.0+(Windows+NT+10.0;+Win64;+x64)+AppleWebKit/537.36+(KHTML,+like+Gecko)+Chrome/71.0.3578.98+Safari/537.36 - 400 0 0 24
2019-02-12 20:12:57 ::1 GET /Admin/Product/Edit - 63040 admin@company.com ::1 Mozilla/5.0+(Windows+NT+10.0;+Win64;+x64)+AppleWebKit/537.36+(KHTML,+like+Gecko)+Chrome/71.0.3578.98+Safari/537.36 http://localhost:63040/Admin/Product 400 0 0 17
#Software: Microsoft Internet Information Services 10.0
#Version: 1.0
#Date: 2019-02-12 20:24:49
#Fields: date time s-ip cs-method cs-uri-stem cs-uri-query s-port cs-username c-ip cs(User-Agent) cs(Referer) sc-status sc-substatus sc-win32-status time-taken
2019-02-12 20:24:49 ::1 GET /Admin/Subscription/Index - 63040 admin@company.com ::1 Mozilla/5.0+(Windows+NT+10.0;+Win64;+x64)+AppleWebKit/537.36+(KHTML,+like+Gecko)+Chrome/71.0.3578.98+Safari/537.36 - 200 0 0 9854
2019-02-12 20:24:54 ::1 GET /Admin/Subscription - 63040 admin@company.com ::1 Mozilla/5.0+(Windows+NT+10.0;+Win64;+x64)+AppleWebKit/537.36+(KHTML,+like+Gecko)+Chrome/71.0.3578.98+Safari/537.36 http://localhost:63040/Admin/Subscription/Index 200 0 0 22
2019-02-12 20:24:58 ::1 GET /Admin/Subscription/Create - 63040 admin@company.com ::1 Mozilla/5.0+(Windows+NT+10.0;+Win64;+x64)+AppleWebKit/537.36+(KHTML,+like+Gecko)+Chrome/71.0.3578.98+Safari/537.36 http://localhost:63040/Admin/Subscription 500 0 0 56
#Software: Microsoft Internet Information Services 10.0
#Version: 1.0
#Date: 2019-02-12 20:26:52
#Fields: date time s-ip cs-method cs-uri-stem cs-uri-query s-port cs-username c-ip cs(User-Agent) cs(Referer) sc-status sc-substatus sc-win32-status time-taken
2019-02-12 20:26:52 ::1 GET /Admin/Subscription/Create - 63040 admin@company.com ::1 Mozilla/5.0+(Windows+NT+10.0;+Win64;+x64)+AppleWebKit/537.36+(KHTML,+like+Gecko)+Chrome/71.0.3578.98+Safari/537.36 - 500 0 0 6376
#Software: Microsoft Internet Information Services 10.0
#Version: 1.0
#Date: 2019-02-12 20:28:02
#Fields: date time s-ip cs-method cs-uri-stem cs-uri-query s-port cs-username c-ip cs(User-Agent) cs(Referer) sc-status sc-substatus sc-win32-status time-taken
2019-02-12 20:28:02 ::1 GET /Admin/Subscription/Create - 63040 admin@company.com ::1 Mozilla/5.0+(Windows+NT+10.0;+Win64;+x64)+AppleWebKit/537.36+(KHTML,+like+Gecko)+Chrome/71.0.3578.98+Safari/537.36 - 500 0 0 6464
2019-02-12 20:28:36 ::1 GET /Admin/Subscription - 63040 admin@company.com ::1 Mozilla/5.0+(Windows+NT+10.0;+Win64;+x64)+AppleWebKit/537.36+(KHTML,+like+Gecko)+Chrome/71.0.3578.98+Safari/537.36 - 200 0 0 996
2019-02-12 20:28:38 ::1 GET /Admin/Subscription/Create - 63040 admin@company.com ::1 Mozilla/5.0+(Windows+NT+10.0;+Win64;+x64)+AppleWebKit/537.36+(KHTML,+like+Gecko)+Chrome/71.0.3578.98+Safari/537.36 http://localhost:63040/Admin/Subscription 500 0 0 20
2019-02-12 20:28:41 ::1 GET /Admin/Subscription/Edit - 63040 admin@company.com ::1 Mozilla/5.0+(Windows+NT+10.0;+Win64;+x64)+AppleWebKit/537.36+(KHTML,+like+Gecko)+Chrome/71.0.3578.98+Safari/537.36 http://localhost:63040/Admin/Subscription 400 0 0 62
2019-02-12 20:28:44 ::1 GET /Admin/Subscription/Details - 63040 admin@company.com ::1 Mozilla/5.0+(Windows+NT+10.0;+Win64;+x64)+AppleWebKit/537.36+(KHTML,+like+Gecko)+Chrome/71.0.3578.98+Safari/537.36 http://localhost:63040/Admin/Subscription 400 0 0 16
2019-02-12 20:29:05 ::1 GET /Admin/Subscription/Create - 63040 admin@company.com ::1 Mozilla/5.0+(Windows+NT+10.0;+Win64;+x64)+AppleWebKit/537.36+(KHTML,+like+Gecko)+Chrome/71.0.3578.98+Safari/537.36 http://localhost:63040/Admin/Subscription 500 0 0 31
#Software: Microsoft Internet Information Services 10.0
#Version: 1.0
#Date: 2019-02-12 20:32:15
#Fields: date time s-ip cs-method cs-uri-stem cs-uri-query s-port cs-username c-ip cs(User-Agent) cs(Referer) sc-status sc-substatus sc-win32-status time-taken
2019-02-12 20:32:15 ::1 GET / - 63040 admin@company.com ::1 Mozilla/5.0+(Windows+NT+10.0;+Win64;+x64)+AppleWebKit/537.36+(KHTML,+like+Gecko)+Chrome/71.0.3578.98+Safari/537.36 - 200 0 0 5155
2019-02-12 20:32:20 ::1 GET /Admin/Section - 63040 admin@company.com ::1 Mozilla/5.0+(Windows+NT+10.0;+Win64;+x64)+AppleWebKit/537.36+(KHTML,+like+Gecko)+Chrome/71.0.3578.98+Safari/537.36 http://localhost:63040/ 200 0 0 1581
2019-02-12 20:32:24 ::1 GET /Admin/Subscription - 63040 admin@company.com ::1 Mozilla/5.0+(Windows+NT+10.0;+Win64;+x64)+AppleWebKit/537.36+(KHTML,+like+Gecko)+Chrome/71.0.3578.98+Safari/537.36 http://localhost:63040/Admin/Section 200 0 0 75
2019-02-12 20:32:26 ::1 GET /Admin/Subscription/Create - 63040 admin@company.com ::1 Mozilla/5.0+(Windows+NT+10.0;+Win64;+x64)+AppleWebKit/537.36+(KHTML,+like+Gecko)+Chrome/71.0.3578.98+Safari/537.36 http://localhost:63040/Admin/Subscription 500 0 0 51
2019-02-12 20:32:33 ::1 GET /Admin/Subscription/Delete - 63040 admin@company.com ::1 Mozilla/5.0+(Windows+NT+10.0;+Win64;+x64)+AppleWebKit/537.36+(KHTML,+like+Gecko)+Chrome/71.0.3578.98+Safari/537.36 http://localhost:63040/Admin/Subscription 400 0 0 84
2019-02-12 20:34:37 ::1 GET /Admin/Section - 63040 admin@company.com ::1 Mozilla/5.0+(Windows+NT+10.0;+Win64;+x64)+AppleWebKit/537.36+(KHTML,+like+Gecko)+Chrome/71.0.3578.98+Safari/537.36 http://localhost:63040/Admin/Subscription 200 0 0 45
2019-02-12 20:34:39 ::1 GET /Admin/Section/Delete - 63040 admin@company.com ::1 Mozilla/5.0+(Windows+NT+10.0;+Win64;+x64)+AppleWebKit/537.36+(KHTML,+like+Gecko)+Chrome/71.0.3578.98+Safari/537.36 http://localhost:63040/Admin/Section 400 0 0 11
2019-02-12 20:35:05 ::1 GET /Admin/Subscription - 63040 admin@company.com ::1 Mozilla/5.0+(Windows+NT+10.0;+Win64;+x64)+AppleWebKit/537.36+(KHTML,+like+Gecko)+Chrome/71.0.3578.98+Safari/537.36 http://localhost:63040/Admin/Section 200 0 0 54
2019-02-12 20:39:58 ::1 GET /Content/bootstrap.css.map - 63040 - ::1 Mozilla/5.0+(Windows+NT+10.0;+Win64;+x64)+AppleWebKit/537.36+(KHTML,+like+Gecko)+Chrome/71.0.3578.98+Safari/537.36 - 200 0 0 18
2019-02-12 20:40:16 ::1 GET /Admin/Subscription/Edit - 63040 admin@company.com ::1 Mozilla/5.0+(Windows+NT+10.0;+Win64;+x64)+AppleWebKit/537.36+(KHTML,+like+Gecko)+Chrome/71.0.3578.98+Safari/537.36 - 400 0 0 437
2019-02-12 20:41:58 ::1 GET /Admin/Subscription/Edit - 63040 admin@company.com ::1 Mozilla/5.0+(Windows+NT+10.0;+Win64;+x64)+AppleWebKit/537.36+(KHTML,+like+Gecko)+Chrome/71.0.3578.98+Safari/537.36 http://localhost:63040/Admin/Subscription 400 0 0 6561
2019-02-12 20:41:58 ::1 GET /favicon.ico - 63040 - ::1 Mozilla/5.0+(Windows+NT+10.0;+Win64;+x64)+AppleWebKit/537.36+(KHTML,+like+Gecko)+Chrome/71.0.3578.98+Safari/537.36 http://localhost:63040/Admin/Subscription/Edit? 200 0 0 23
2019-02-12 20:42:34 ::1 GET /Admin/Subscription - 63040 admin@company.com ::1 Mozilla/5.0+(Windows+NT+10.0;+Win64;+x64)+AppleWebKit/537.36+(KHTML,+like+Gecko)+Chrome/71.0.3578.98+Safari/537.36 http://localhost:63040/Admin/Section 200 0 64 120407
2019-02-12 20:42:54 ::1 GET /Admin/Subscription - 63040 admin@company.com ::1 Mozilla/5.0+(Windows+NT+10.0;+Win64;+x64)+AppleWebKit/537.36+(KHTML,+like+Gecko)+Chrome/71.0.3578.98+Safari/537.36 http://localhost:63040/Admin/Section 200 0 0 27122
2019-02-12 20:42:54 ::1 GET /favicon.ico - 63040 - ::1 Mozilla/5.0+(Windows+NT+10.0;+Win64;+x64)+AppleWebKit/537.36+(KHTML,+like+Gecko)+Chrome/71.0.3578.98+Safari/537.36 http://localhost:63040/Admin/Subscription 200 0 0 5
2019-02-12 20:43:08 ::1 GET /Admin/Subscription/Delete - 63040 admin@company.com ::1 Mozilla/5.0+(Windows+NT+10.0;+Win64;+x64)+AppleWebKit/537.36+(KHTML,+like+Gecko)+Chrome/71.0.3578.98+Safari/537.36 http://localhost:63040/Admin/Subscription 400 0 0 6881
2019-02-12 20:43:08 ::1 GET /Admin/Subscription - 63040 admin@company.com ::1 Mozilla/5.0+(Windows+NT+10.0;+Win64;+x64)+AppleWebKit/537.36+(KHTML,+like+Gecko)+Chrome/71.0.3578.98+Safari/537.36 http://localhost:63040/Admin/Section 200 0 64 10324
2019-02-12 20:43:08 ::1 GET /favicon.ico - 63040 - ::1 Mozilla/5.0+(Windows+NT+10.0;+Win64;+x64)+AppleWebKit/537.36+(KHTML,+like+Gecko)+Chrome/71.0.3578.98+Safari/537.36 http://localhost:63040/Admin/Subscription/Delete? 200 0 0 4
2019-02-12 20:43:09 ::1 GET /Admin/Subscription - 63040 admin@company.com ::1 Mozilla/5.0+(Windows+NT+10.0;+Win64;+x64)+AppleWebKit/537.36+(KHTML,+like+Gecko)+Chrome/71.0.3578.98+Safari/537.36 http://localhost:63040/Admin/Section 200 0 0 15
2019-02-12 20:43:09 ::1 GET /favicon.ico - 63040 - ::1 Mozilla/5.0+(Windows+NT+10.0;+Win64;+x64)+AppleWebKit/537.36+(KHTML,+like+Gecko)+Chrome/71.0.3578.98+Safari/537.36 http://localhost:63040/Admin/Subscription 200 0 0 3
2019-02-12 20:43:11 ::1 GET /Admin/Subscription/Edit - 63040 admin@company.com ::1 Mozilla/5.0+(Windows+NT+10.0;+Win64;+x64)+AppleWebKit/537.36+(KHTML,+like+Gecko)+Chrome/71.0.3578.98+Safari/537.36 http://localhost:63040/Admin/Subscription 400 0 0 7
2019-02-12 20:43:13 ::1 GET /Admin/Subscription/Edit - 63040 admin@company.com ::1 Mozilla/5.0+(Windows+NT+10.0;+Win64;+x64)+AppleWebKit/537.36+(KHTML,+like+Gecko)+Chrome/71.0.3578.98+Safari/537.36 http://localhost:63040/Admin/Subscription 400 0 0 6
2019-02-12 20:43:38 ::1 GET /Admin/Subscription - 63040 admin@company.com ::1 Mozilla/5.0+(Windows+NT+10.0;+Win64;+x64)+AppleWebKit/537.36+(KHTML,+like+Gecko)+Chrome/71.0.3578.98+Safari/537.36 http://localhost:63040/Admin/Section 200 0 0 127
2019-02-12 20:43:38 ::1 GET /favicon.ico - 63040 - ::1 Mozilla/5.0+(Windows+NT+10.0;+Win64;+x64)+AppleWebKit/537.36+(KHTML,+like+Gecko)+Chrome/71.0.3578.98+Safari/537.36 http://localhost:63040/Admin/Subscription 200 0 0 4
2019-02-12 20:49:10 ::1 GET /Admin/Subscription/Delete - 63040 admin@company.com ::1 Mozilla/5.0+(Windows+NT+10.0;+Win64;+x64)+AppleWebKit/537.36+(KHTML,+like+Gecko)+Chrome/71.0.3578.98+Safari/537.36 http://localhost:63040/Admin/Subscription 400 0 0 3534
2019-02-12 20:49:10 ::1 GET /Admin/Subscription - 63040 admin@company.com ::1 Mozilla/5.0+(Windows+NT+10.0;+Win64;+x64)+AppleWebKit/537.36+(KHTML,+like+Gecko)+Chrome/71.0.3578.98+Safari/537.36 http://localhost:63040/Admin/Section 200 0 64 291894
2019-02-12 20:49:10 ::1 GET /favicon.ico - 63040 - ::1 Mozilla/5.0+(Windows+NT+10.0;+Win64;+x64)+AppleWebKit/537.36+(KHTML,+like+Gecko)+Chrome/71.0.3578.98+Safari/537.36 http://localhost:63040/Admin/Subscription/Delete? 200 0 0 39
#Software: Microsoft Internet Information Services 10.0
#Version: 1.0
#Date: 2019-02-12 20:52:53
#Fields: date time s-ip cs-method cs-uri-stem cs-uri-query s-port cs-username c-ip cs(User-Agent) cs(Referer) sc-status sc-substatus sc-win32-status time-taken
2019-02-12 20:52:53 ::1 GET / - 63040 admin@company.com ::1 Mozilla/5.0+(Windows+NT+10.0;+Win64;+x64)+AppleWebKit/537.36+(KHTML,+like+Gecko)+Chrome/71.0.3578.98+Safari/537.36 - 200 0 0 5749
2019-02-12 20:52:58 ::1 GET /Admin/Product - 63040 admin@company.com ::1 Mozilla/5.0+(Windows+NT+10.0;+Win64;+x64)+AppleWebKit/537.36+(KHTML,+like+Gecko)+Chrome/71.0.3578.98+Safari/537.36 http://localhost:63040/ 200 0 0 1841
2019-02-12 20:53:07 ::1 GET /Admin/Product/Delete - 63040 admin@company.com ::1 Mozilla/5.0+(Windows+NT+10.0;+Win64;+x64)+AppleWebKit/537.36+(KHTML,+like+Gecko)+Chrome/71.0.3578.98+Safari/537.36 http://localhost:63040/Admin/Product 400 0 0 73
2019-02-12 20:53:17 ::1 GET /Admin/Product/Edit - 63040 admin@company.com ::1 Mozilla/5.0+(Windows+NT+10.0;+Win64;+x64)+AppleWebKit/537.36+(KHTML,+like+Gecko)+Chrome/71.0.3578.98+Safari/537.36 http://localhost:63040/Admin/Product 400 0 0 10
2019-02-12 20:53:20 ::1 GET /Admin/Product/Subscription - 63040 admin@company.com ::1 Mozilla/5.0+(Windows+NT+10.0;+Win64;+x64)+AppleWebKit/537.36+(KHTML,+like+Gecko)+Chrome/71.0.3578.98+Safari/537.36 http://localhost:63040/Admin/Product 404 0 0 16
2019-02-12 20:53:27 ::1 GET /Admin/Product/Subscription - 63040 admin@company.com ::1 Mozilla/5.0+(Windows+NT+10.0;+Win64;+x64)+AppleWebKit/537.36+(KHTML,+like+Gecko)+Chrome/71.0.3578.98+Safari/537.36 http://localhost:63040/Admin/Product 404 0 0 7
2019-02-12 20:53:30 ::1 GET /Admin/Product/Delete - 63040 admin@company.com ::1 Mozilla/5.0+(Windows+NT+10.0;+Win64;+x64)+AppleWebKit/537.36+(KHTML,+like+Gecko)+Chrome/71.0.3578.98+Safari/537.36 http://localhost:63040/Admin/Product 400 0 0 8
2019-02-12 20:55:11 ::1 GET /Admin/Product/Edit - 63040 admin@company.com ::1 Mozilla/5.0+(Windows+NT+10.0;+Win64;+x64)+AppleWebKit/537.36+(KHTML,+like+Gecko)+Chrome/71.0.3578.98+Safari/537.36 http://localhost:63040/Admin/Product 400 0 0 11
2019-02-12 20:55:15 ::1 GET /Admin/Product/Details - 63040 admin@company.com ::1 Mozilla/5.0+(Windows+NT+10.0;+Win64;+x64)+AppleWebKit/537.36+(KHTML,+like+Gecko)+Chrome/71.0.3578.98+Safari/537.36 http://localhost:63040/Admin/Product 400 0 0 10
2019-02-12 20:58:29 ::1 GET /Admin/Product/Delete - 63040 admin@company.com ::1 Mozilla/5.0+(Windows+NT+10.0;+Win64;+x64)+AppleWebKit/537.36+(KHTML,+like+Gecko)+Chrome/71.0.3578.98+Safari/537.36 http://localhost:63040/Admin/Product 400 0 0 75
#Software: Microsoft Internet Information Services 10.0
#Version: 1.0
#Date: 2019-02-12 21:05:30
#Fields: date time s-ip cs-method cs-uri-stem cs-uri-query s-port cs-username c-ip cs(User-Agent) cs(Referer) sc-status sc-substatus sc-win32-status time-taken
2019-02-12 21:05:30 ::1 GET / - 63040 admin@company.com ::1 Mozilla/5.0+(Windows+NT+10.0;+Win64;+x64)+AppleWebKit/537.36+(KHTML,+like+Gecko)+Chrome/71.0.3578.98+Safari/537.36 - 200 0 0 4943
2019-02-12 21:06:56 ::1 GET /Admin/Product - 63040 admin@company.com ::1 Mozilla/5.0+(Windows+NT+10.0;+Win64;+x64)+AppleWebKit/537.36+(KHTML,+like+Gecko)+Chrome/71.0.3578.98+Safari/537.36 http://localhost:63040/ 200 0 0 2951
2019-02-12 21:07:03 ::1 GET /Admin/Product/Details - 63040 admin@company.com ::1 Mozilla/5.0+(Windows+NT+10.0;+Win64;+x64)+AppleWebKit/537.36+(KHTML,+like+Gecko)+Chrome/71.0.3578.98+Safari/537.36 http://localhost:63040/Admin/Product 400 0 0 58
2019-02-12 21:07:14 ::1 GET /Admin/Product/Edit - 63040 admin@company.com ::1 Mozilla/5.0+(Windows+NT+10.0;+Win64;+x64)+AppleWebKit/537.36+(KHTML,+like+Gecko)+Chrome/71.0.3578.98+Safari/537.36 http://localhost:63040/Admin/Product 400 0 0 29
2019-02-12 21:08:22 ::1 GET /Admin/Product/Delete - 63040 admin@company.com ::1 Mozilla/5.0+(Windows+NT+10.0;+Win64;+x64)+AppleWebKit/537.36+(KHTML,+like+Gecko)+Chrome/71.0.3578.98+Safari/537.36 http://localhost:63040/Admin/Product 400 0 0 24
#Software: Microsoft Internet Information Services 10.0
#Version: 1.0
#Date: 2019-02-12 21:10:33
#Fields: date time s-ip cs-method cs-uri-stem cs-uri-query s-port cs-username c-ip cs(User-Agent) cs(Referer) sc-status sc-substatus sc-win32-status time-taken
2019-02-12 21:10:33 ::1 GET / - 63040 admin@company.com ::1 Mozilla/5.0+(Windows+NT+10.0;+Win64;+x64)+AppleWebKit/537.36+(KHTML,+like+Gecko)+Chrome/71.0.3578.98+Safari/537.36 - 200 0 0 9535
2019-02-12 21:10:41 ::1 GET /Admin/Product - 63040 admin@company.com ::1 Mozilla/5.0+(Windows+NT+10.0;+Win64;+x64)+AppleWebKit/537.36+(KHTML,+like+Gecko)+Chrome/71.0.3578.98+Safari/537.36 http://localhost:63040/ 200 0 0 1642
2019-02-12 21:12:49 ::1 GET /Admin/Product/Details - 63040 admin@company.com ::1 Mozilla/5.0+(Windows+NT+10.0;+Win64;+x64)+AppleWebKit/537.36+(KHTML,+like+Gecko)+Chrome/71.0.3578.98+Safari/537.36 http://localhost:63040/Admin/Product 400 0 64 111227
2019-02-12 21:12:49 ::1 GET /Admin/Section - 63040 admin@company.com ::1 Mozilla/5.0+(Windows+NT+10.0;+Win64;+x64)+AppleWebKit/537.36+(KHTML,+like+Gecko)+Chrome/71.0.3578.98+Safari/537.36 http://localhost:63040/Admin/Product 200 0 0 8934
2019-02-12 21:12:49 ::1 GET /Admin/Section - 63040 admin@company.com ::1 Mozilla/5.0+(Windows+NT+10.0;+Win64;+x64)+AppleWebKit/537.36+(KHTML,+like+Gecko)+Chrome/71.0.3578.98+Safari/537.36 http://localhost:63040/Admin/Product 200 0 64 13353
2019-02-12 21:12:52 ::1 GET /Admin/Section - 63040 admin@company.com ::1 Mozilla/5.0+(Windows+NT+10.0;+Win64;+x64)+AppleWebKit/537.36+(KHTML,+like+Gecko)+Chrome/71.0.3578.98+Safari/537.36 http://localhost:63040/Admin/Section 200 0 0 47
2019-02-12 21:12:56 ::1 GET /Admin/Section/Delete - 63040 admin@company.com ::1 Mozilla/5.0+(Windows+NT+10.0;+Win64;+x64)+AppleWebKit/537.36+(KHTML,+like+Gecko)+Chrome/71.0.3578.98+Safari/537.36 http://localhost:63040/Admin/Section 400 0 0 19
2019-02-12 21:12:58 ::1 GET /Admin/Section/Edit - 63040 admin@company.com ::1 Mozilla/5.0+(Windows+NT+10.0;+Win64;+x64)+AppleWebKit/537.36+(KHTML,+like+Gecko)+Chrome/71.0.3578.98+Safari/537.36 http://localhost:63040/Admin/Section 400 0 0 10
2019-02-12 21:13:43 ::1 GET /Admin/Section/Subscription - 63040 admin@company.com ::1 Mozilla/5.0+(Windows+NT+10.0;+Win64;+x64)+AppleWebKit/537.36+(KHTML,+like+Gecko)+Chrome/71.0.3578.98+Safari/537.36 http://localhost:63040/Admin/Section 404 0 0 18
2019-02-12 21:13:46 ::1 GET /Admin/Section/Delete - 63040 admin@company.com ::1 Mozilla/5.0+(Windows+NT+10.0;+Win64;+x64)+AppleWebKit/537.36+(KHTML,+like+Gecko)+Chrome/71.0.3578.98+Safari/537.36 http://localhost:63040/Admin/Section 400 0 0 9
2019-02-12 21:15:49 ::1 GET /Admin/Section - 63040 admin@company.com ::1 Mozilla/5.0+(Windows+NT+10.0;+Win64;+x64)+AppleWebKit/537.36+(KHTML,+like+Gecko)+Chrome/71.0.3578.98+Safari/537.36 http://localhost:63040/Admin/Section 200 0 0 46
2019-02-12 21:15:51 ::1 GET /Admin/Part - 63040 admin@company.com ::1 Mozilla/5.0+(Windows+NT+10.0;+Win64;+x64)+AppleWebKit/537.36+(KHTML,+like+Gecko)+Chrome/71.0.3578.98+Safari/537.36 http://localhost:63040/Admin/Section 200 0 0 632
2019-02-12 21:15:53 ::1 GET /Admin/Part/Create - 63040 admin@company.com ::1 Mozilla/5.0+(Windows+NT+10.0;+Win64;+x64)+AppleWebKit/537.36+(KHTML,+like+Gecko)+Chrome/71.0.3578.98+Safari/537.36 http://localhost:63040/Admin/Part 200 0 0 68
2019-02-12 21:16:03 ::1 POST /Admin/Part/Create - 63040 admin@company.com ::1 Mozilla/5.0+(Windows+NT+10.0;+Win64;+x64)+AppleWebKit/537.36+(KHTML,+like+Gecko)+Chrome/71.0.3578.98+Safari/537.36 http://localhost:63040/Admin/Part/Create 302 0 0 106
2019-02-12 21:16:03 ::1 GET /Admin/Part - 63040 admin@company.com ::1 Mozilla/5.0+(Windows+NT+10.0;+Win64;+x64)+AppleWebKit/537.36+(KHTML,+like+Gecko)+Chrome/71.0.3578.98+Safari/537.36 http://localhost:63040/Admin/Part/Create 200 0 0 46
2019-02-12 21:16:05 ::1 GET /Admin/Part/Delete - 63040 admin@company.com ::1 Mozilla/5.0+(Windows+NT+10.0;+Win64;+x64)+AppleWebKit/537.36+(KHTML,+like+Gecko)+Chrome/71.0.3578.98+Safari/537.36 http://localhost:63040/Admin/Part 400 0 0 13
2019-02-12 21:19:30 ::1 GET /Admin/Part/Details - 63040 admin@company.com ::1 Mozilla/5.0+(Windows+NT+10.0;+Win64;+x64)+AppleWebKit/537.36+(KHTML,+like+Gecko)+Chrome/71.0.3578.98+Safari/537.36 http://localhost:63040/Admin/Part 400 0 0 40
2019-02-12 21:19:33 ::1 GET /Admin/Part/Delete - 63040 admin@company.com ::1 Mozilla/5.0+(Windows+NT+10.0;+Win64;+x64)+AppleWebKit/537.36+(KHTML,+like+Gecko)+Chrome/71.0.3578.98+Safari/537.36 http://localhost:63040/Admin/Part 400 0 0 12
2019-02-12 21:19:36 ::1 GET /Admin/Part/Delete - 63040 admin@company.com ::1 Mozilla/5.0+(Windows+NT+10.0;+Win64;+x64)+AppleWebKit/537.36+(KHTML,+like+Gecko)+Chrome/71.0.3578.98+Safari/537.36 http://localhost:63040/Admin/Part 400 0 0 11
2019-02-12 21:21:46 ::1 GET /Admin/Section - 63040 admin@company.com ::1 Mozilla/5.0+(Windows+NT+10.0;+Win64;+x64)+AppleWebKit/537.36+(KHTML,+like+Gecko)+Chrome/71.0.3578.98+Safari/537.36 http://localhost:63040/Admin/Part 200 0 0 182
#Software: Microsoft Internet Information Services 10.0
#Version: 1.0
#Date: 2019-02-12 21:44:31
#Fields: date time s-ip cs-method cs-uri-stem cs-uri-query s-port cs-username c-ip cs(User-Agent) cs(Referer) sc-status sc-substatus sc-win32-status time-taken
2019-02-12 21:44:31 ::1 GET / - 63040 admin@company.com ::1 Mozilla/5.0+(Windows+NT+10.0;+Win64;+x64)+AppleWebKit/537.36+(KHTML,+like+Gecko)+Chrome/71.0.3578.98+Safari/537.36 - 200 0 0 17098
2019-02-12 21:45:10 ::1 GET /Admin/Section - 63040 admin@company.com ::1 Mozilla/5.0+(Windows+NT+10.0;+Win64;+x64)+AppleWebKit/537.36+(KHTML,+like+Gecko)+Chrome/71.0.3578.98+Safari/537.36 http://localhost:63040/ 200 0 0 1344
2019-02-12 21:45:11 ::1 GET /Admin/Section/Edit id=5 63040 admin@company.com ::1 Mozilla/5.0+(Windows+NT+10.0;+Win64;+x64)+AppleWebKit/537.36+(KHTML,+like+Gecko)+Chrome/71.0.3578.98+Safari/537.36 http://localhost:63040/Admin/Section 200 0 0 112
2019-02-12 21:45:15 ::1 GET /Admin/Section/Details id=5 63040 admin@company.com ::1 Mozilla/5.0+(Windows+NT+10.0;+Win64;+x64)+AppleWebKit/537.36+(KHTML,+like+Gecko)+Chrome/71.0.3578.98+Safari/537.36 http://localhost:63040/Admin/Section 200 0 0 31
2019-02-12 21:45:19 ::1 GET /Admin/Section/Delete id=5 63040 admin@company.com ::1 Mozilla/5.0+(Windows+NT+10.0;+Win64;+x64)+AppleWebKit/537.36+(KHTML,+like+Gecko)+Chrome/71.0.3578.98+Safari/537.36 http://localhost:63040/Admin/Section 200 0 0 32
2019-02-12 21:45:20 ::1 POST /Admin/Section/Delete id=5 63040 admin@company.com ::1 Mozilla/5.0+(Windows+NT+10.0;+Win64;+x64)+AppleWebKit/537.36+(KHTML,+like+Gecko)+Chrome/71.0.3578.98+Safari/537.36 http://localhost:63040/Admin/Section/Delete?id=5 302 0 0 73
2019-02-12 21:45:20 ::1 GET /Admin/Section - 63040 admin@company.com ::1 Mozilla/5.0+(Windows+NT+10.0;+Win64;+x64)+AppleWebKit/537.36+(KHTML,+like+Gecko)+Chrome/71.0.3578.98+Safari/537.36 http://localhost:63040/Admin/Section/Delete?id=5 200 0 0 10
2019-02-12 21:45:23 ::1 GET /Admin/Section/Delete id=7 63040 admin@company.com ::1 Mozilla/5.0+(Windows+NT+10.0;+Win64;+x64)+AppleWebKit/537.36+(KHTML,+like+Gecko)+Chrome/71.0.3578.98+Safari/537.36 http://localhost:63040/Admin/Section 200 0 0 17
2019-02-12 21:45:24 ::1 POST /Admin/Section/Delete id=7 63040 admin@company.com ::1 Mozilla/5.0+(Windows+NT+10.0;+Win64;+x64)+AppleWebKit/537.36+(KHTML,+like+Gecko)+Chrome/71.0.3578.98+Safari/537.36 http://localhost:63040/Admin/Section/Delete?id=7 302 0 0 34
2019-02-12 21:45:24 ::1 GET /Admin/Section - 63040 admin@company.com ::1 Mozilla/5.0+(Windows+NT+10.0;+Win64;+x64)+AppleWebKit/537.36+(KHTML,+like+Gecko)+Chrome/71.0.3578.98+Safari/537.36 http://localhost:63040/Admin/Section/Delete?id=7 200 0 0 13
2019-02-12 21:46:08 ::1 GET /Admin/Section/Delete id=7 63040 admin@company.com ::1 Mozilla/5.0+(Windows+NT+10.0;+Win64;+x64)+AppleWebKit/537.36+(KHTML,+like+Gecko)+Chrome/71.0.3578.98+Safari/537.36 http://localhost:63040/Admin/Section 404 0 0 12
2019-02-12 21:46:13 ::1 GET / - 63040 admin@company.com ::1 Mozilla/5.0+(Windows+NT+10.0;+Win64;+x64)+AppleWebKit/537.36+(KHTML,+like+Gecko)+Chrome/71.0.3578.98+Safari/537.36 http://localhost:63040/Admin/Section 200 0 0 12
2019-02-12 21:46:15 ::1 GET /Admin/ItemType - 63040 admin@company.com ::1 Mozilla/5.0+(Windows+NT+10.0;+Win64;+x64)+AppleWebKit/537.36+(KHTML,+like+Gecko)+Chrome/71.0.3578.98+Safari/537.36 http://localhost:63040/ 200 0 0 578
2019-02-12 21:46:18 ::1 GET /Admin/ItemType/Create - 63040 admin@company.com ::1 Mozilla/5.0+(Windows+NT+10.0;+Win64;+x64)+AppleWebKit/537.36+(KHTML,+like+Gecko)+Chrome/71.0.3578.98+Safari/537.36 http://localhost:63040/Admin/ItemType 200 0 0 29
2019-02-12 21:46:23 ::1 POST /Admin/ItemType/Create - 63040 admin@company.com ::1 Mozilla/5.0+(Windows+NT+10.0;+Win64;+x64)+AppleWebKit/537.36+(KHTML,+like+Gecko)+Chrome/71.0.3578.98+Safari/537.36 http://localhost:63040/Admin/ItemType/Create 302 0 0 62
2019-02-12 21:46:23 ::1 GET /Admin/ItemType - 63040 admin@company.com ::1 Mozilla/5.0+(Windows+NT+10.0;+Win64;+x64)+AppleWebKit/537.36+(KHTML,+like+Gecko)+Chrome/71.0.3578.98+Safari/537.36 http://localhost:63040/Admin/ItemType/Create 200 0 0 21
2019-02-12 21:46:25 ::1 GET /Admin/ItemType/Details id=1 63040 admin@company.com ::1 Mozilla/5.0+(Windows+NT+10.0;+Win64;+x64)+AppleWebKit/537.36+(KHTML,+like+Gecko)+Chrome/71.0.3578.98+Safari/537.36 http://localhost:63040/Admin/ItemType 200 0 0 25
2019-02-12 21:46:28 ::1 GET /Admin/ItemType/Create - 63040 admin@company.com ::1 Mozilla/5.0+(Windows+NT+10.0;+Win64;+x64)+AppleWebKit/537.36+(KHTML,+like+Gecko)+Chrome/71.0.3578.98+Safari/537.36 http://localhost:63040/Admin/ItemType 200 0 0 10
2019-02-12 21:50:54 ::1 GET /Admin/Item - 63040 admin@company.com ::1 Mozilla/5.0+(Windows+NT+10.0;+Win64;+x64)+AppleWebKit/537.36+(KHTML,+like+Gecko)+Chrome/71.0.3578.98+Safari/537.36 http://localhost:63040/Admin/ItemType 200 0 0 829
#Software: Microsoft Internet Information Services 10.0
#Version: 1.0
#Date: 2019-02-12 21:52:30
#Fields: date time s-ip cs-method cs-uri-stem cs-uri-query s-port cs-username c-ip cs(User-Agent) cs(Referer) sc-status sc-substatus sc-win32-status time-taken
2019-02-12 21:52:30 ::1 GET /Admin/Item/Create - 63040 admin@company.com ::1 Mozilla/5.0+(Windows+NT+10.0;+Win64;+x64)+AppleWebKit/537.36+(KHTML,+like+Gecko)+Chrome/71.0.3578.98+Safari/537.36 - 200 0 0 13238
2019-02-12 21:55:24 ::1 GET /Admin/ProductLinkText - 63040 admin@company.com ::1 Mozilla/5.0+(Windows+NT+10.0;+Win64;+x64)+AppleWebKit/537.36+(KHTML,+like+Gecko)+Chrome/71.0.3578.98+Safari/537.36 http://localhost:63040/Admin/Item/Create 200 0 0 633
2019-02-12 21:55:30 ::1 GET /Admin/ProductLinkText/Delete id=2 63040 admin@company.com ::1 Mozilla/5.0+(Windows+NT+10.0;+Win64;+x64)+AppleWebKit/537.36+(KHTML,+like+Gecko)+Chrome/71.0.3578.98+Safari/537.36 http://localhost:63040/Admin/ProductLinkText 200 0 0 63
2019-02-12 21:55:31 ::1 POST /Admin/ProductLinkText/Delete id=2 63040 admin@company.com ::1 Mozilla/5.0+(Windows+NT+10.0;+Win64;+x64)+AppleWebKit/537.36+(KHTML,+like+Gecko)+Chrome/71.0.3578.98+Safari/537.36 http://localhost:63040/Admin/ProductLinkText/Delete?id=2 302 0 0 65
2019-02-12 21:55:31 ::1 GET /Admin/ProductLinkText - 63040 admin@company.com ::1 Mozilla/5.0+(Windows+NT+10.0;+Win64;+x64)+AppleWebKit/537.36+(KHTML,+like+Gecko)+Chrome/71.0.3578.98+Safari/537.36 http://localhost:63040/Admin/ProductLinkText/Delete?id=2 200 0 0 12
2019-02-12 21:55:33 ::1 GET /Admin/ProductLinkText/Delete id=2 63040 admin@company.com ::1 Mozilla/5.0+(Windows+NT+10.0;+Win64;+x64)+AppleWebKit/537.36+(KHTML,+like+Gecko)+Chrome/71.0.3578.98+Safari/537.36 http://localhost:63040/Admin/ProductLinkText 200 0 0 19
2019-02-12 21:55:33 ::1 POST /Admin/ProductLinkText/Delete id=2 63040 admin@company.com ::1 Mozilla/5.0+(Windows+NT+10.0;+Win64;+x64)+AppleWebKit/537.36+(KHTML,+like+Gecko)+Chrome/71.0.3578.98+Safari/537.36 http://localhost:63040/Admin/ProductLinkText/Delete?id=2 302 0 0 25
2019-02-12 21:55:33 ::1 GET /Admin/ProductLinkText - 63040 admin@company.com ::1 Mozilla/5.0+(Windows+NT+10.0;+Win64;+x64)+AppleWebKit/537.36+(KHTML,+like+Gecko)+Chrome/71.0.3578.98+Safari/537.36 http://localhost:63040/Admin/ProductLinkText/Delete?id=2 200 0 0 20
2019-02-12 21:55:36 ::1 GET /Admin/ProductLinkText/Delete id=3 63040 admin@company.com ::1 Mozilla/5.0+(Windows+NT+10.0;+Win64;+x64)+AppleWebKit/537.36+(KHTML,+like+Gecko)+Chrome/71.0.3578.98+Safari/537.36 http://localhost:63040/Admin/ProductLinkText 200 0 0 18
2019-02-12 21:55:36 ::1 POST /Admin/ProductLinkText/Delete id=3 63040 admin@company.com ::1 Mozilla/5.0+(Windows+NT+10.0;+Win64;+x64)+AppleWebKit/537.36+(KHTML,+like+Gecko)+Chrome/71.0.3578.98+Safari/537.36 http://localhost:63040/Admin/ProductLinkText/Delete?id=3 302 0 0 34
2019-02-12 21:55:36 ::1 GET /Admin/ProductLinkText - 63040 admin@company.com ::1 Mozilla/5.0+(Windows+NT+10.0;+Win64;+x64)+AppleWebKit/537.36+(KHTML,+like+Gecko)+Chrome/71.0.3578.98+Safari/537.36 http://localhost:63040/Admin/ProductLinkText/Delete?id=3 200 0 0 14
2019-02-12 21:55:38 ::1 GET /Admin/ProductLinkText/Delete id=1 63040 admin@company.com ::1 Mozilla/5.0+(Windows+NT+10.0;+Win64;+x64)+AppleWebKit/537.36+(KHTML,+like+Gecko)+Chrome/71.0.3578.98+Safari/537.36 http://localhost:63040/Admin/ProductLinkText 200 0 0 27
2019-02-12 21:55:38 ::1 POST /Admin/ProductLinkText/Delete id=1 63040 admin@company.com ::1 Mozilla/5.0+(Windows+NT+10.0;+Win64;+x64)+AppleWebKit/537.36+(KHTML,+like+Gecko)+Chrome/71.0.3578.98+Safari/537.36 http://localhost:63040/Admin/ProductLinkText/Delete?id=1 302 0 0 16
2019-02-12 21:55:39 ::1 GET /Admin/ProductLinkText - 63040 admin@company.com ::1 Mozilla/5.0+(Windows+NT+10.0;+Win64;+x64)+AppleWebKit/537.36+(KHTML,+like+Gecko)+Chrome/71.0.3578.98+Safari/537.36 http://localhost:63040/Admin/ProductLinkText/Delete?id=1 200 0 0 22
2019-02-12 21:55:41 ::1 GET /Admin/ProductLinkText/Delete id=1 63040 admin@company.com ::1 Mozilla/5.0+(Windows+NT+10.0;+Win64;+x64)+AppleWebKit/537.36+(KHTML,+like+Gecko)+Chrome/71.0.3578.98+Safari/537.36 http://localhost:63040/Admin/ProductLinkText 200 0 0 36
2019-02-12 21:55:42 ::1 POST /Admin/ProductLinkText/Delete id=1 63040 admin@company.com ::1 Mozilla/5.0+(Windows+NT+10.0;+Win64;+x64)+AppleWebKit/537.36+(KHTML,+like+Gecko)+Chrome/71.0.3578.98+Safari/537.36 http://localhost:63040/Admin/ProductLinkText/Delete?id=1 302 0 0 20
2019-02-12 21:55:42 ::1 GET /Admin/ProductLinkText - 63040 admin@company.com ::1 Mozilla/5.0+(Windows+NT+10.0;+Win64;+x64)+AppleWebKit/537.36+(KHTML,+like+Gecko)+Chrome/71.0.3578.98+Safari/537.36 http://localhost:63040/Admin/ProductLinkText/Delete?id=1 200 0 0 15
2019-02-12 21:56:16 ::1 GET /Admin/ProductType - 63040 admin@company.com ::1 Mozilla/5.0+(Windows+NT+10.0;+Win64;+x64)+AppleWebKit/537.36+(KHTML,+like+Gecko)+Chrome/71.0.3578.98+Safari/537.36 http://localhost:63040/Admin/ProductLinkText 200 0 0 588
2019-02-12 21:56:24 ::1 GET /Admin/Product - 63040 admin@company.com ::1 Mozilla/5.0+(Windows+NT+10.0;+Win64;+x64)+AppleWebKit/537.36+(KHTML,+like+Gecko)+Chrome/71.0.3578.98+Safari/537.36 http://localhost:63040/Admin/ProductType 200 0 0 781
2019-02-12 21:56:27 ::1 GET /Admin/Product/Delete id=3 63040 admin@company.com ::1 Mozilla/5.0+(Windows+NT+10.0;+Win64;+x64)+AppleWebKit/537.36+(KHTML,+like+Gecko)+Chrome/71.0.3578.98+Safari/537.36 http://localhost:63040/Admin/Product 200 0 0 58
2019-02-12 21:56:28 ::1 POST /Admin/Product/Delete id=3 63040 admin@company.com ::1 Mozilla/5.0+(Windows+NT+10.0;+Win64;+x64)+AppleWebKit/537.36+(KHTML,+like+Gecko)+Chrome/71.0.3578.98+Safari/537.36 http://localhost:63040/Admin/Product/Delete?id=3 302 0 0 61
2019-02-12 21:56:28 ::1 GET /Admin/Product - 63040 admin@company.com ::1 Mozilla/5.0+(Windows+NT+10.0;+Win64;+x64)+AppleWebKit/537.36+(KHTML,+like+Gecko)+Chrome/71.0.3578.98+Safari/537.36 http://localhost:63040/Admin/Product/Delete?id=3 200 0 0 33
2019-02-12 21:56:30 ::1 GET /Admin/Product/Delete id=6 63040 admin@company.com ::1 Mozilla/5.0+(Windows+NT+10.0;+Win64;+x64)+AppleWebKit/537.36+(KHTML,+like+Gecko)+Chrome/71.0.3578.98+Safari/537.36 http://localhost:63040/Admin/Product 200 0 0 21
2019-02-12 21:56:31 ::1 POST /Admin/Product/Delete id=6 63040 admin@company.com ::1 Mozilla/5.0+(Windows+NT+10.0;+Win64;+x64)+AppleWebKit/537.36+(KHTML,+like+Gecko)+Chrome/71.0.3578.98+Safari/537.36 http://localhost:63040/Admin/Product/Delete?id=6 302 0 0 23
2019-02-12 21:56:31 ::1 GET /Admin/Product - 63040 admin@company.com ::1 Mozilla/5.0+(Windows+NT+10.0;+Win64;+x64)+AppleWebKit/537.36+(KHTML,+like+Gecko)+Chrome/71.0.3578.98+Safari/537.36 http://localhost:63040/Admin/Product/Delete?id=6 200 0 0 34
2019-02-12 21:56:33 ::1 GET /Admin/Product/Delete id=5 63040 admin@company.com ::1 Mozilla/5.0+(Windows+NT+10.0;+Win64;+x64)+AppleWebKit/537.36+(KHTML,+like+Gecko)+Chrome/71.0.3578.98+Safari/537.36 http://localhost:63040/Admin/Product 200 0 0 24
2019-02-12 21:56:34 ::1 POST /Admin/Product/Delete id=5 63040 admin@company.com ::1 Mozilla/5.0+(Windows+NT+10.0;+Win64;+x64)+AppleWebKit/537.36+(KHTML,+like+Gecko)+Chrome/71.0.3578.98+Safari/537.36 http://localhost:63040/Admin/Product/Delete?id=5 302 0 0 25
2019-02-12 21:56:34 ::1 GET /Admin/Product - 63040 admin@company.com ::1 Mozilla/5.0+(Windows+NT+10.0;+Win64;+x64)+AppleWebKit/537.36+(KHTML,+like+Gecko)+Chrome/71.0.3578.98+Safari/537.36 http://localhost:63040/Admin/Product/Delete?id=5 200 0 0 23
2019-02-12 21:56:35 ::1 GET /Admin/Product/Delete id=4 63040 admin@company.com ::1 Mozilla/5.0+(Windows+NT+10.0;+Win64;+x64)+AppleWebKit/537.36+(KHTML,+like+Gecko)+Chrome/71.0.3578.98+Safari/537.36 http://localhost:63040/Admin/Product 200 0 0 23
2019-02-12 21:56:37 ::1 POST /Admin/Product/Delete id=4 63040 admin@company.com ::1 Mozilla/5.0+(Windows+NT+10.0;+Win64;+x64)+AppleWebKit/537.36+(KHTML,+like+Gecko)+Chrome/71.0.3578.98+Safari/537.36 http://localhost:63040/Admin/Product/Delete?id=4 302 0 0 22
2019-02-12 21:56:37 ::1 GET /Admin/Product - 63040 admin@company.com ::1 Mozilla/5.0+(Windows+NT+10.0;+Win64;+x64)+AppleWebKit/537.36+(KHTML,+like+Gecko)+Chrome/71.0.3578.98+Safari/537.36 http://localhost:63040/Admin/Product/Delete?id=4 200 0 0 21
2019-02-12 21:56:38 ::1 GET /Admin/Product/Delete id=2 63040 admin@company.com ::1 Mozilla/5.0+(Windows+NT+10.0;+Win64;+x64)+AppleWebKit/537.36+(KHTML,+like+Gecko)+Chrome/71.0.3578.98+Safari/537.36 http://localhost:63040/Admin/Product 200 0 0 32
2019-02-12 21:56:38 ::1 POST /Admin/Product/Delete id=2 63040 admin@company.com ::1 Mozilla/5.0+(Windows+NT+10.0;+Win64;+x64)+AppleWebKit/537.36+(KHTML,+like+Gecko)+Chrome/71.0.3578.98+Safari/537.36 http://localhost:63040/Admin/Product/Delete?id=2 302 0 0 25
2019-02-12 21:56:38 ::1 GET /Admin/Product - 63040 admin@company.com ::1 Mozilla/5.0+(Windows+NT+10.0;+Win64;+x64)+AppleWebKit/537.36+(KHTML,+like+Gecko)+Chrome/71.0.3578.98+Safari/537.36 http://localhost:63040/Admin/Product/Delete?id=2 200 0 0 31
2019-02-12 21:56:40 ::1 GET /Admin/Product/Delete id=1 63040 admin@company.com ::1 Mozilla/5.0+(Windows+NT+10.0;+Win64;+x64)+AppleWebKit/537.36+(KHTML,+like+Gecko)+Chrome/71.0.3578.98+Safari/537.36 http://localhost:63040/Admin/Product 200 0 0 41
2019-02-12 21:56:40 ::1 POST /Admin/Product/Delete id=1 63040 admin@company.com ::1 Mozilla/5.0+(Windows+NT+10.0;+Win64;+x64)+AppleWebKit/537.36+(KHTML,+like+Gecko)+Chrome/71.0.3578.98+Safari/537.36 http://localhost:63040/Admin/Product/Delete?id=1 302 0 0 26
2019-02-12 21:56:41 ::1 GET /Admin/Product - 63040 admin@company.com ::1 Mozilla/5.0+(Windows+NT+10.0;+Win64;+x64)+AppleWebKit/537.36+(KHTML,+like+Gecko)+Chrome/71.0.3578.98+Safari/537.36 http://localhost:63040/Admin/Product/Delete?id=1 200 0 0 16
2019-02-12 21:56:43 ::1 GET /Admin/Product/Create - 63040 admin@company.com ::1 Mozilla/5.0+(Windows+NT+10.0;+Win64;+x64)+AppleWebKit/537.36+(KHTML,+like+Gecko)+Chrome/71.0.3578.98+Safari/537.36 http://localhost:63040/Admin/Product 200 0 0 38
2019-02-12 22:00:30 ::1 POST /Admin/Product/Create - 63040 admin@company.com ::1 Mozilla/5.0+(Windows+NT+10.0;+Win64;+x64)+AppleWebKit/537.36+(KHTML,+like+Gecko)+Chrome/71.0.3578.98+Safari/537.36 http://localhost:63040/Admin/Product/Create 302 0 0 80
2019-02-12 22:00:30 ::1 GET /Admin/Product - 63040 admin@company.com ::1 Mozilla/5.0+(Windows+NT+10.0;+Win64;+x64)+AppleWebKit/537.36+(KHTML,+like+Gecko)+Chrome/71.0.3578.98+Safari/537.36 http://localhost:63040/Admin/Product/Create 200 0 0 43
#Software: Microsoft Internet Information Services 10.0
#Version: 1.0
#Date: 2019-02-12 22:01:51
#Fields: date time s-ip cs-method cs-uri-stem cs-uri-query s-port cs-username c-ip cs(User-Agent) cs(Referer) sc-status sc-substatus sc-win32-status time-taken
2019-02-12 22:01:51 ::1 GET / - 63040 admin@company.com ::1 Mozilla/5.0+(Windows+NT+10.0;+Win64;+x64)+AppleWebKit/537.36+(KHTML,+like+Gecko)+Chrome/71.0.3578.98+Safari/537.36 - 200 0 0 6524
2019-02-12 22:11:47 ::1 GET /Admin/Product - 63040 admin@company.com ::1 Mozilla/5.0+(Windows+NT+10.0;+Win64;+x64)+AppleWebKit/537.36+(KHTML,+like+Gecko)+Chrome/71.0.3578.98+Safari/537.36 http://localhost:63040/ 200 0 0 1842
#Software: Microsoft Internet Information Services 10.0
#Version: 1.0
#Date: 2019-02-12 22:12:54
#Fields: date time s-ip cs-method cs-uri-stem cs-uri-query s-port cs-username c-ip cs(User-Agent) cs(Referer) sc-status sc-substatus sc-win32-status time-taken
2019-02-12 22:12:54 ::1 GET /Admin/Product/Details - 63040 admin@company.com ::1 Mozilla/5.0+(Windows+NT+10.0;+Win64;+x64)+AppleWebKit/537.36+(KHTML,+like+Gecko)+Chrome/71.0.3578.98+Safari/537.36 - 400 0 0 4956
#Software: Microsoft Internet Information Services 10.0
#Version: 1.0
#Date: 2019-02-12 22:13:14
#Fields: date time s-ip cs-method cs-uri-stem cs-uri-query s-port cs-username c-ip cs(User-Agent) cs(Referer) sc-status sc-substatus sc-win32-status time-taken
2019-02-12 22:13:14 ::1 GET / - 63040 admin@company.com ::1 Mozilla/5.0+(Windows+NT+10.0;+Win64;+x64)+AppleWebKit/537.36+(KHTML,+like+Gecko)+Chrome/71.0.3578.98+Safari/537.36 - 200 0 0 6345
2019-02-12 22:13:18 ::1 GET /Admin/Product - 63040 admin@company.com ::1 Mozilla/5.0+(Windows+NT+10.0;+Win64;+x64)+AppleWebKit/537.36+(KHTML,+like+Gecko)+Chrome/71.0.3578.98+Safari/537.36 http://localhost:63040/ 200 0 0 845
2019-02-12 22:13:21 ::1 GET /Admin/Product/Create - 63040 admin@company.com ::1 Mozilla/5.0+(Windows+NT+10.0;+Win64;+x64)+AppleWebKit/537.36+(KHTML,+like+Gecko)+Chrome/71.0.3578.98+Safari/537.36 http://localhost:63040/Admin/Product 200 0 0 95
2019-02-12 22:13:26 ::1 GET /Admin/Product/Subscription id=7 63040 admin@company.com ::1 Mozilla/5.0+(Windows+NT+10.0;+Win64;+x64)+AppleWebKit/537.36+(KHTML,+like+Gecko)+Chrome/71.0.3578.98+Safari/537.36 http://localhost:63040/Admin/Product 404 0 0 24
2019-02-12 22:13:29 ::1 GET /Admin/Product/Delete id=7 63040 admin@company.com ::1 Mozilla/5.0+(Windows+NT+10.0;+Win64;+x64)+AppleWebKit/537.36+(KHTML,+like+Gecko)+Chrome/71.0.3578.98+Safari/537.36 http://localhost:63040/Admin/Product 200 0 0 118
2019-02-12 22:13:31 ::1 POST /Admin/Product/Delete id=7 63040 admin@company.com ::1 Mozilla/5.0+(Windows+NT+10.0;+Win64;+x64)+AppleWebKit/537.36+(KHTML,+like+Gecko)+Chrome/71.0.3578.98+Safari/537.36 http://localhost:63040/Admin/Product/Delete?id=7 302 0 0 65
2019-02-12 22:13:31 ::1 GET /Admin/Product - 63040 admin@company.com ::1 Mozilla/5.0+(Windows+NT+10.0;+Win64;+x64)+AppleWebKit/537.36+(KHTML,+like+Gecko)+Chrome/71.0.3578.98+Safari/537.36 http://localhost:63040/Admin/Product/Delete?id=7 200 0 0 14
2019-02-12 22:13:35 ::1 GET /Admin/Product/Create - 63040 admin@company.com ::1 Mozilla/5.0+(Windows+NT+10.0;+Win64;+x64)+AppleWebKit/537.36+(KHTML,+like+Gecko)+Chrome/71.0.3578.98+Safari/537.36 http://localhost:63040/Admin/Product 200 0 0 25
2019-02-12 22:15:04 ::1 POST /Admin/Product/Create - 63040 admin@company.com ::1 Mozilla/5.0+(Windows+NT+10.0;+Win64;+x64)+AppleWebKit/537.36+(KHTML,+like+Gecko)+Chrome/71.0.3578.98+Safari/537.36 http://localhost:63040/Admin/Product/Create 302 0 0 277
2019-02-12 22:15:04 ::1 GET /Admin/Product - 63040 admin@company.com ::1 Mozilla/5.0+(Windows+NT+10.0;+Win64;+x64)+AppleWebKit/537.36+(KHTML,+like+Gecko)+Chrome/71.0.3578.98+Safari/537.36 http://localhost:63040/Admin/Product/Create 200 0 0 48
#Software: Microsoft Internet Information Services 10.0
#Version: 1.0
#Date: 2019-02-12 22:32:26
#Fields: date time s-ip cs-method cs-uri-stem cs-uri-query s-port cs-username c-ip cs(User-Agent) cs(Referer) sc-status sc-substatus sc-win32-status time-taken
2019-02-12 22:32:26 ::1 GET /Admin/Product/Create - 63040 admin@company.com ::1 Mozilla/5.0+(Windows+NT+10.0;+Win64;+x64)+AppleWebKit/537.36+(KHTML,+like+Gecko)+Chrome/71.0.3578.98+Safari/537.36 http://localhost:63040/Admin/Product 200 0 0 1075
2019-02-12 22:33:58 ::1 POST /Admin/Product/Create - 63040 admin@company.com ::1 Mozilla/5.0+(Windows+NT+10.0;+Win64;+x64)+AppleWebKit/537.36+(KHTML,+like+Gecko)+Chrome/71.0.3578.98+Safari/537.36 http://localhost:63040/Admin/Product/Create 302 0 0 32
2019-02-12 22:33:58 ::1 GET /Admin/Product - 63040 admin@company.com ::1 Mozilla/5.0+(Windows+NT+10.0;+Win64;+x64)+AppleWebKit/537.36+(KHTML,+like+Gecko)+Chrome/71.0.3578.98+Safari/537.36 http://localhost:63040/Admin/Product/Create 200 0 0 56
#Software: Microsoft Internet Information Services 10.0
#Version: 1.0
#Date: 2019-02-12 22:54:51
#Fields: date time s-ip cs-method cs-uri-stem cs-uri-query s-port cs-username c-ip cs(User-Agent) cs(Referer) sc-status sc-substatus sc-win32-status time-taken
2019-02-12 22:54:51 ::1 GET /Admin/Subscription - 63040 admin@company.com ::1 Mozilla/5.0+(Windows+NT+10.0;+Win64;+x64)+AppleWebKit/537.36+(KHTML,+like+Gecko)+Chrome/71.0.3578.98+Safari/537.36 http://localhost:63040/Admin/Product 200 0 64 1220428
2019-02-12 22:54:51 ::1 GET /Admin/Subscription - 63040 admin@company.com ::1 Mozilla/5.0+(Windows+NT+10.0;+Win64;+x64)+AppleWebKit/537.36+(KHTML,+like+Gecko)+Chrome/71.0.3578.98+Safari/537.36 http://localhost:63040/Admin/Product 200 0 64 24497
2019-02-12 22:54:51 ::1 GET /Admin/Subscription - 63040 admin@company.com ::1 Mozilla/5.0+(Windows+NT+10.0;+Win64;+x64)+AppleWebKit/537.36+(KHTML,+like+Gecko)+Chrome/71.0.3578.98+Safari/537.36 http://localhost:63040/Admin/Product 200 0 64 6069
2019-02-12 22:54:51 ::1 GET /Admin/Subscription - 63040 admin@company.com ::1 Mozilla/5.0+(Windows+NT+10.0;+Win64;+x64)+AppleWebKit/537.36+(KHTML,+like+Gecko)+Chrome/71.0.3578.98+Safari/537.36 http://localhost:63040/Admin/Product 200 0 64 18658
#Software: Microsoft Internet Information Services 10.0
#Version: 1.0
#Date: 2019-02-12 22:55:24
#Fields: date time s-ip cs-method cs-uri-stem cs-uri-query s-port cs-username c-ip cs(User-Agent) cs(Referer) sc-status sc-substatus sc-win32-status time-taken
2019-02-12 22:55:24 ::1 GET / - 63040 admin@company.com ::1 Mozilla/5.0+(Windows+NT+10.0;+Win64;+x64)+AppleWebKit/537.36+(KHTML,+like+Gecko)+Chrome/71.0.3578.98+Safari/537.36 - 200 0 0 9616
#Software: Microsoft Internet Information Services 10.0
#Version: 1.0
#Date: 2019-02-12 22:56:37
#Fields: date time s-ip cs-method cs-uri-stem cs-uri-query s-port cs-username c-ip cs(User-Agent) cs(Referer) sc-status sc-substatus sc-win32-status time-taken
2019-02-12 22:56:37 ::1 GET / - 63040 admin@company.com ::1 Mozilla/5.0+(Windows+NT+10.0;+Win64;+x64)+AppleWebKit/537.36+(KHTML,+like+Gecko)+Chrome/71.0.3578.98+Safari/537.36 - 200 0 0 11908
2019-02-12 22:56:37 ::1 GET /favicon.ico - 63040 - ::1 Mozilla/5.0+(Windows+NT+10.0;+Win64;+x64)+AppleWebKit/537.36+(KHTML,+like+Gecko)+Chrome/71.0.3578.98+Safari/537.36 http://localhost:63040/ 200 0 0 20
2019-02-12 22:56:41 ::1 GET /Admin/Subscription - 63040 admin@company.com ::1 Mozilla/5.0+(Windows+NT+10.0;+Win64;+x64)+AppleWebKit/537.36+(KHTML,+like+Gecko)+Chrome/71.0.3578.98+Safari/537.36 http://localhost:63040/ 200 0 0 876
2019-02-12 22:56:45 ::1 GET /Admin/Subscription/Delete id=1&%20SuscriptionId=1 63040 admin@company.com ::1 Mozilla/5.0+(Windows+NT+10.0;+Win64;+x64)+AppleWebKit/537.36+(KHTML,+like+Gecko)+Chrome/71.0.3578.98+Safari/537.36 http://localhost:63040/Admin/Subscription 200 0 0 187
2019-02-12 22:56:46 ::1 POST /Admin/Subscription/Delete id=1&%20SuscriptionId=1 63040 admin@company.com ::1 Mozilla/5.0+(Windows+NT+10.0;+Win64;+x64)+AppleWebKit/537.36+(KHTML,+like+Gecko)+Chrome/71.0.3578.98+Safari/537.36 http://localhost:63040/Admin/Subscription/Delete?id=1&%20SuscriptionId=1 302 0 0 71
2019-02-12 22:56:46 ::1 GET /Admin/Subscription - 63040 admin@company.com ::1 Mozilla/5.0+(Windows+NT+10.0;+Win64;+x64)+AppleWebKit/537.36+(KHTML,+like+Gecko)+Chrome/71.0.3578.98+Safari/537.36 http://localhost:63040/Admin/Subscription/Delete?id=1&%20SuscriptionId=1 200 0 0 18
2019-02-12 22:56:47 ::1 GET /Admin/Subscription/Create - 63040 admin@company.com ::1 Mozilla/5.0+(Windows+NT+10.0;+Win64;+x64)+AppleWebKit/537.36+(KHTML,+like+Gecko)+Chrome/71.0.3578.98+Safari/537.36 http://localhost:63040/Admin/Subscription 500 0 0 56
2019-02-12 22:57:59 ::1 GET /Admin/Subscription/Create - 63040 admin@company.com ::1 Mozilla/5.0+(Windows+NT+10.0;+Win64;+x64)+AppleWebKit/537.36+(KHTML,+like+Gecko)+Chrome/71.0.3578.98+Safari/537.36 http://localhost:63040/Admin/Subscription 500 0 0 122
